<?xml version="1.0" encoding="UTF-8"?>
<testsuites name="testSuiteForCOApproverNSTP" time="340.798" tests="16" failures="0" errors="0">
   <testsuite name="testSuiteForCOApproverNSTP" tests="16" failures="0" errors="0" time="340.798" skipped="0" timestamp="29-06-2024T18:34:42" hostname="Adarsh.Lohar - QKNBK2037.qkcorp.qualitykiosk.com" id="Test Suites/DigitalFlows/NSTPDigitalLowCashout/testSuiteForCOApproverNSTP">
      <properties>
         <property name="deviceName" value=""/>
         <property name="devicePlatform"/>
         <property name="logFolder" value="D:\\newRCBCProject\\RCBCLOS_Automation\\Reports\\20240629_181257\\DigitalFlows\\NSTPDigitalLowCashout\\testSuiteForCOApproverNSTP\\20240629_181310"/>
         <property name="logFiles" value="D:\\newRCBCProject\\RCBCLOS_Automation\\Reports\\20240629_181257\\DigitalFlows\\NSTPDigitalLowCashout\\testSuiteForCOApproverNSTP\\20240629_181310\\execution0.log"/>
         <property name="attachments" value="D:\\newRCBCProject\\RCBCLOS_Automation\\Reports\\20240629_181257\\DigitalFlows\\NSTPDigitalLowCashout\\testSuiteForCOApproverNSTP\\20240629_181310\\Screenshots/COApprover29_06_2406_35_03/Regression29_06_24_06_35_04.jpg, D:\\newRCBCProject\\RCBCLOS_Automation\\Reports\\20240629_181257\\DigitalFlows\\NSTPDigitalLowCashout\\testSuiteForCOApproverNSTP\\20240629_181310\\Screenshots/COApprover29_06_2406_35_03/Regression29_06_24_06_35_27.jpg, D:\\newRCBCProject\\RCBCLOS_Automation\\Reports\\20240629_181257\\DigitalFlows\\NSTPDigitalLowCashout\\testSuiteForCOApproverNSTP\\20240629_181310\\Screenshots/COApprover29_06_2406_35_03/Regression29_06_24_06_35_42.jpg, D:\\newRCBCProject\\RCBCLOS_Automation\\Reports\\20240629_181257\\DigitalFlows\\NSTPDigitalLowCashout\\testSuiteForCOApproverNSTP\\20240629_181310\\Screenshots/COApprover29_06_2406_35_03/Regression29_06_24_06_35_45.jpg, D:\\newRCBCProject\\RCBCLOS_Automation\\Reports\\20240629_181257\\DigitalFlows\\NSTPDigitalLowCashout\\testSuiteForCOApproverNSTP\\20240629_181310\\Screenshots/COApprover29_06_2406_35_03/Regression29_06_24_06_35_50.jpg, D:\\newRCBCProject\\RCBCLOS_Automation\\Reports\\20240629_181257\\DigitalFlows\\NSTPDigitalLowCashout\\testSuiteForCOApproverNSTP\\20240629_181310\\Screenshots/COApprover29_06_2406_35_03/Regression29_06_24_06_35_54.jpg, D:\\newRCBCProject\\RCBCLOS_Automation\\Reports\\20240629_181257\\DigitalFlows\\NSTPDigitalLowCashout\\testSuiteForCOApproverNSTP\\20240629_181310\\Screenshots/COApprover29_06_2406_35_03/Regression29_06_24_06_35_58.jpg, D:\\newRCBCProject\\RCBCLOS_Automation\\Reports\\20240629_181257\\DigitalFlows\\NSTPDigitalLowCashout\\testSuiteForCOApproverNSTP\\20240629_181310\\Screenshots/COApprover29_06_2406_35_03/Regression29_06_24_06_36_02.jpg, D:\\newRCBCProject\\RCBCLOS_Automation\\Reports\\20240629_181257\\DigitalFlows\\NSTPDigitalLowCashout\\testSuiteForCOApproverNSTP\\20240629_181310\\Screenshots/COApprover29_06_2406_35_03/Regression29_06_24_06_36_05.jpg, D:\\newRCBCProject\\RCBCLOS_Automation\\Reports\\20240629_181257\\DigitalFlows\\NSTPDigitalLowCashout\\testSuiteForCOApproverNSTP\\20240629_181310\\Screenshots/COApprover29_06_2406_35_03/Regression29_06_24_06_36_09.jpg, D:\\newRCBCProject\\RCBCLOS_Automation\\Reports\\20240629_181257\\DigitalFlows\\NSTPDigitalLowCashout\\testSuiteForCOApproverNSTP\\20240629_181310\\Screenshots/COApprover29_06_2406_35_03/Regression29_06_24_06_36_17.jpg, D:\\newRCBCProject\\RCBCLOS_Automation\\Reports\\20240629_181257\\DigitalFlows\\NSTPDigitalLowCashout\\testSuiteForCOApproverNSTP\\20240629_181310\\Screenshots/COApprover29_06_2406_35_03/Regression29_06_24_06_36_21.jpg, D:\\newRCBCProject\\RCBCLOS_Automation\\Reports\\20240629_181257\\DigitalFlows\\NSTPDigitalLowCashout\\testSuiteForCOApproverNSTP\\20240629_181310\\Screenshots/COApprover29_06_2406_35_03/Regression29_06_24_06_36_24.jpg, D:\\newRCBCProject\\RCBCLOS_Automation\\Reports\\20240629_181257\\DigitalFlows\\NSTPDigitalLowCashout\\testSuiteForCOApproverNSTP\\20240629_181310\\Screenshots/COApprover29_06_2406_35_03/Regression29_06_24_06_36_28.jpg, D:\\newRCBCProject\\RCBCLOS_Automation\\Reports\\20240629_181257\\DigitalFlows\\NSTPDigitalLowCashout\\testSuiteForCOApproverNSTP\\20240629_181310\\Screenshots/COApprover29_06_2406_35_03/Regression29_06_24_06_36_32.jpg, D:\\newRCBCProject\\RCBCLOS_Automation\\Reports\\20240629_181257\\DigitalFlows\\NSTPDigitalLowCashout\\testSuiteForCOApproverNSTP\\20240629_181310\\Screenshots/COApprover29_06_2406_35_03/Regression29_06_24_06_36_35.jpg, D:\\newRCBCProject\\RCBCLOS_Automation\\Reports\\20240629_181257\\DigitalFlows\\NSTPDigitalLowCashout\\testSuiteForCOApproverNSTP\\20240629_181310\\Screenshots/COApprover29_06_2406_35_03/Regression29_06_24_06_36_39.jpg, D:\\newRCBCProject\\RCBCLOS_Automation\\Reports\\20240629_181257\\DigitalFlows\\NSTPDigitalLowCashout\\testSuiteForCOApproverNSTP\\20240629_181310\\Screenshots/COApprover29_06_2406_35_03/Regression29_06_24_06_36_48.jpg, D:\\newRCBCProject\\RCBCLOS_Automation\\Reports\\20240629_181257\\DigitalFlows\\NSTPDigitalLowCashout\\testSuiteForCOApproverNSTP\\20240629_181310\\Screenshots/COApprover29_06_2406_35_03/Regression29_06_24_06_36_56.jpg, D:\\newRCBCProject\\RCBCLOS_Automation\\Reports\\20240629_181257\\DigitalFlows\\NSTPDigitalLowCashout\\testSuiteForCOApproverNSTP\\20240629_181310\\Screenshots/COApprover29_06_2406_35_03/Regression29_06_24_06_37_08.jpg, D:\\newRCBCProject\\RCBCLOS_Automation\\Reports\\20240629_181257\\DigitalFlows\\NSTPDigitalLowCashout\\testSuiteForCOApproverNSTP\\20240629_181310\\Screenshots/COApprover29_06_2406_35_03/Regression29_06_24_06_37_47.jpg, D:\\newRCBCProject\\RCBCLOS_Automation\\Reports\\20240629_181257\\DigitalFlows\\NSTPDigitalLowCashout\\testSuiteForCOApproverNSTP\\20240629_181310\\Screenshots/COApprover29_06_2406_35_03/Regression29_06_24_06_37_51.jpg, D:\\newRCBCProject\\RCBCLOS_Automation\\Reports\\20240629_181257\\DigitalFlows\\NSTPDigitalLowCashout\\testSuiteForCOApproverNSTP\\20240629_181310\\Screenshots/COApprover29_06_2406_35_03/Regression29_06_24_06_37_58.jpg, D:\\newRCBCProject\\RCBCLOS_Automation\\Reports\\20240629_181257\\DigitalFlows\\NSTPDigitalLowCashout\\testSuiteForCOApproverNSTP\\20240629_181310\\Screenshots/COApprover29_06_2406_35_03/Regression29_06_24_06_38_05.jpg, D:\\newRCBCProject\\RCBCLOS_Automation\\Reports\\20240629_181257\\DigitalFlows\\NSTPDigitalLowCashout\\testSuiteForCOApproverNSTP\\20240629_181310\\Screenshots/COApprover29_06_2406_35_03/Regression29_06_24_06_38_08.jpg, D:\\newRCBCProject\\RCBCLOS_Automation\\Reports\\20240629_181257\\DigitalFlows\\NSTPDigitalLowCashout\\testSuiteForCOApproverNSTP\\20240629_181310\\Screenshots/COApprover29_06_2406_35_03/Regression29_06_24_06_38_12.jpg, D:\\newRCBCProject\\RCBCLOS_Automation\\Reports\\20240629_181257\\DigitalFlows\\NSTPDigitalLowCashout\\testSuiteForCOApproverNSTP\\20240629_181310\\Screenshots/COApprover29_06_2406_35_03/Regression29_06_24_06_38_15.jpg, D:\\newRCBCProject\\RCBCLOS_Automation\\Reports\\20240629_181257\\DigitalFlows\\NSTPDigitalLowCashout\\testSuiteForCOApproverNSTP\\20240629_181310\\Screenshots/COApprover29_06_2406_35_03/Regression29_06_24_06_38_22.jpg, D:\\newRCBCProject\\RCBCLOS_Automation\\Reports\\20240629_181257\\DigitalFlows\\NSTPDigitalLowCashout\\testSuiteForCOApproverNSTP\\20240629_181310\\Screenshots/COApprover29_06_2406_35_03/Regression29_06_24_06_38_26.jpg, D:\\newRCBCProject\\RCBCLOS_Automation\\Reports\\20240629_181257\\DigitalFlows\\NSTPDigitalLowCashout\\testSuiteForCOApproverNSTP\\20240629_181310\\Screenshots/COApprover29_06_2406_35_03/Regression29_06_24_06_38_29.jpg, D:\\newRCBCProject\\RCBCLOS_Automation\\Reports\\20240629_181257\\DigitalFlows\\NSTPDigitalLowCashout\\testSuiteForCOApproverNSTP\\20240629_181310\\Screenshots/COApprover29_06_2406_35_03/Regression29_06_24_06_38_36.jpg, D:\\newRCBCProject\\RCBCLOS_Automation\\Reports\\20240629_181257\\DigitalFlows\\NSTPDigitalLowCashout\\testSuiteForCOApproverNSTP\\20240629_181310\\Screenshots/COApprover29_06_2406_35_03/Regression29_06_24_06_38_45.jpg, D:\\newRCBCProject\\RCBCLOS_Automation\\Reports\\20240629_181257\\DigitalFlows\\NSTPDigitalLowCashout\\testSuiteForCOApproverNSTP\\20240629_181310\\Screenshots/COApprover29_06_2406_35_03/Regression29_06_24_06_38_53.jpg, D:\\newRCBCProject\\RCBCLOS_Automation\\Reports\\20240629_181257\\DigitalFlows\\NSTPDigitalLowCashout\\testSuiteForCOApproverNSTP\\20240629_181310\\Screenshots/COApprover29_06_2406_35_03/Regression29_06_24_06_38_57.jpg, D:\\newRCBCProject\\RCBCLOS_Automation\\Reports\\20240629_181257\\DigitalFlows\\NSTPDigitalLowCashout\\testSuiteForCOApproverNSTP\\20240629_181310\\Screenshots/COApprover29_06_2406_35_03/Regression29_06_24_06_39_00.jpg, D:\\newRCBCProject\\RCBCLOS_Automation\\Reports\\20240629_181257\\DigitalFlows\\NSTPDigitalLowCashout\\testSuiteForCOApproverNSTP\\20240629_181310\\Screenshots/COApprover29_06_2406_35_03/Regression29_06_24_06_39_08.jpg, D:\\newRCBCProject\\RCBCLOS_Automation\\Reports\\20240629_181257\\DigitalFlows\\NSTPDigitalLowCashout\\testSuiteForCOApproverNSTP\\20240629_181310\\Screenshots/COApprover29_06_2406_35_03/Regression29_06_24_06_39_16.jpg, D:\\newRCBCProject\\RCBCLOS_Automation\\Reports\\20240629_181257\\DigitalFlows\\NSTPDigitalLowCashout\\testSuiteForCOApproverNSTP\\20240629_181310\\Screenshots/COApprover29_06_2406_35_03/Regression29_06_24_06_39_23.jpg, D:\\newRCBCProject\\RCBCLOS_Automation\\Reports\\20240629_181257\\DigitalFlows\\NSTPDigitalLowCashout\\testSuiteForCOApproverNSTP\\20240629_181310\\Screenshots/COApprover29_06_2406_35_03/Regression29_06_24_06_39_33.jpg, D:\\newRCBCProject\\RCBCLOS_Automation\\Reports\\20240629_181257\\DigitalFlows\\NSTPDigitalLowCashout\\testSuiteForCOApproverNSTP\\20240629_181310\\Screenshots/COApprover29_06_2406_35_03/Regression29_06_24_06_39_37.jpg, D:\\newRCBCProject\\RCBCLOS_Automation\\Reports\\20240629_181257\\DigitalFlows\\NSTPDigitalLowCashout\\testSuiteForCOApproverNSTP\\20240629_181310\\1719666586090.png, D:\\newRCBCProject\\RCBCLOS_Automation\\Reports\\20240629_181257\\DigitalFlows\\NSTPDigitalLowCashout\\testSuiteForCOApproverNSTP\\20240629_181310\\Screenshots/COApprover29_06_2406_35_03/Regression29_06_24_06_39_48.jpg, D:\\newRCBCProject\\RCBCLOS_Automation\\Reports\\20240629_181257\\DigitalFlows\\NSTPDigitalLowCashout\\testSuiteForCOApproverNSTP\\20240629_181310\\Screenshots/COApprover29_06_2406_35_03/Regression29_06_24_06_40_11.jpg, D:\\newRCBCProject\\RCBCLOS_Automation\\Reports\\20240629_181257\\DigitalFlows\\NSTPDigitalLowCashout\\testSuiteForCOApproverNSTP\\20240629_181310\\Screenshots/COApprover29_06_2406_35_03/Regression29_06_24_06_40_19.jpg"/>
         <property name="hostName" value="Adarsh.Lohar - QKNBK2037.qkcorp.qualitykiosk.com"/>
         <property name="os" value="Windows 10 64bit"/>
         <property name="katalonVersion" value="9.5.0.217"/>
         <property name="browser" value="Edge Chromium 126"/>
         <property name="hostAddress" value="192.168.0.103"/>
         <property name="sessionId" value="e9f41df6ce9f16dfa41d9c9471babef8"/>
         <property name="seleniumVersion" value="3.141.59"/>
         <property name="proxyInformation" value="ProxyInformation { proxyOption=NO_PROXY, proxyServerType=HTTP, username=, password=********, proxyServerAddress=, proxyServerPort=0, executionList=&quot;&quot;, isApplyToDesiredCapabilities=true }"/>
         <property name="platform" value="Windows 10"/>
      </properties>
      <testcase name="Test Cases/Digital_NSTP/testCaseForCOApprover/LoginPage" time="34.652" classname="Test Cases/Digital_NSTP/testCaseForCOApprover/LoginPage" status="PASSED">
         <system-out><![CDATA[29-06-2024T18:34:42 - [TEST_CASE][PASSED] - Test Cases/Digital_NSTP/testCaseForCOApprover/LoginPage: Test Cases/Digital_NSTP/testCaseForCOApprover/LoginPage

29-06-2024T18:34:44 - [TEST_STEP][PASSED] - coApprover.LoginForibpsCOApprover.login(): coApprover.LoginForibpsCOApprover.login is PASSED

29-06-2024T18:34:45 - [MESSAGE][INFO] - Starting 'Edge Chromium' driver

29-06-2024T18:34:47 - [MESSAGE][INFO] - Action delay is set to 0 milliseconds

29-06-2024T18:34:55 - [MESSAGE][PASSED] - Browser is opened with url: ''

29-06-2024T18:34:55 - [MESSAGE][PASSED] - Current window maximized

29-06-2024T18:34:59 - [MESSAGE][PASSED] - Navigate to 'https://rcbcuat.nonprodnmc.com/omniapp' successfully

29-06-2024T18:35:01 - [MESSAGE][PASSED] - Text 'QK_CO7' is set on object 'Object Repository/BackOffice/ibpsLogin/userName'

29-06-2024T18:35:02 - [MESSAGE][PASSED] - Text ****** has been set on object 'Object Repository/BackOffice/ibpsLogin/password'

29-06-2024T18:35:03 - [MESSAGE][PASSED] - Delayed 1 second(s)

29-06-2024T18:35:04 - [MESSAGE][PASSED] - Delayed 1 second(s)

29-06-2024T18:35:05 - [MESSAGE][PASSED] - Delayed 1 second(s)

29-06-2024T18:35:06 - [MESSAGE][PASSED] - Taking screenshot successfully
[[ATTACHMENT|D:\\newRCBCProject\\RCBCLOS_Automation\\Reports\\20240629_181257\\DigitalFlows\\NSTPDigitalLowCashout\\testSuiteForCOApproverNSTP\\20240629_181310\\Screenshots/COApprover29_06_2406_35_03/Regression29_06_24_06_35_04.jpg]]

29-06-2024T18:35:07 - [MESSAGE][PASSED] - Object: 'Object Repository/BackOffice/ibpsLogin/loginButton' is clicked on

29-06-2024T18:35:09 - [MESSAGE][PASSED] - Delayed 2 second(s)

29-06-2024T18:35:12 - [MESSAGE][INFO] - Unable to find the element located by 'By.xpath: //input[@id="oaloginform:contloginbtn"]'. Please recheck the objects properties to make sure the desired element is located. 

29-06-2024T18:35:12 - [MESSAGE][WARNING] - [SELF-HEALING] Failed to find element with id 'Object Repository/BackOffice/ibpsLogin/yesLogin'. Try using Self-healing.

29-06-2024T18:35:13 - [MESSAGE][INFO] - [SELF-HEALING] No working XPath is found.

29-06-2024T18:35:15 - [MESSAGE][WARNING] - [SELF-HEALING] javascript error: {"status":32,"value":"Unable to locate an element with the xpath expression  because of the following error:\nSyntaxError: Failed to execute 'evaluate' on 'Document': The string '' is not a valid XPath expression."}
  (Session info: MicrosoftEdge=126.0.2592.81)
Build info: version: '3.141.59', revision: 'unknown', time: 'unknown'
System info: host: 'QKNBK2037', ip: '192.168.0.103', os.name: 'Windows 10', os.arch: 'amd64', os.version: '10.0', java.version: '17.0.7'
Driver info: com.kms.katalon.selenium.driver.CEdgeDriver
Capabilities {acceptInsecureCerts: false, browserName: MicrosoftEdge, browserVersion: 126.0.2592.81, fedcm:accounts: true, javascriptEnabled: true, ms:edgeOptions: {debuggerAddress: localhost:55869}, msedge: {msedgedriverVersion: 125.0.2535.47 (b3ce6d15dc7f..., userDataDir: C:\Users\ADARSH~1.LOH\AppDa...}, networkConnectionEnabled: false, pageLoadStrategy: normal, platform: WINDOWS, platformName: WINDOWS, proxy: Proxy(), setWindowRect: true, strictFileInteractability: false, timeouts: {implicit: 0, pageLoad: 300000, script: 30000}, unhandledPromptBehavior: dismiss and notify, webauthn:extension:credBlob: true, webauthn:extension:largeBlob: true, webauthn:extension:minPinLength: true, webauthn:extension:prf: true, webauthn:virtualAuthenticators: true}
Session ID: e9f41df6ce9f16dfa41d9c9471babef8
*** Element info: {Using=xpath, value=}

29-06-2024T18:35:15 - [MESSAGE][WARNING] - [SELF-HEALING] Cannot find elements when the selector is null

29-06-2024T18:35:15 - [MESSAGE][WARNING] - Web element with id: 'Object Repository/BackOffice/ibpsLogin/yesLogin' located by '//input[@id="oaloginform:contloginbtn"]' not found

29-06-2024T18:35:15 - [MESSAGE][PASSED] - coApprover.LoginForibpsCOApprover.login is PASSED

29-06-2024T18:35:17 - [TEST_STEP][PASSED] - Video: Video recording for test case 'Test Cases/Digital_NSTP/testCaseForCOApprover/LoginPage' .

29-06-2024T18:35:17 - [MESSAGE][INFO] - Video recording for test case 'Test Cases/Digital_NSTP/testCaseForCOApprover/LoginPage' .]]></system-out>
         <system-err><![CDATA[]]></system-err>
      </testcase>
      <testcase name="Test Cases/Digital_NSTP/testCaseForCOApprover/HomePage" time="15.315" classname="Test Cases/Digital_NSTP/testCaseForCOApprover/HomePage" status="PASSED">
         <system-out><![CDATA[29-06-2024T18:35:17 - [TEST_CASE][PASSED] - Test Cases/Digital_NSTP/testCaseForCOApprover/HomePage: Test Cases/Digital_NSTP/testCaseForCOApprover/HomePage

29-06-2024T18:35:17 - [TEST_STEP][PASSED] - coApprover.HomePageForibpsCOApprover.selectResistration(): coApprover.HomePageForibpsCOApprover.selectResistration is PASSED

29-06-2024T18:35:18 - [MESSAGE][PASSED] - Wait for page load successfully

29-06-2024T18:35:19 - [MESSAGE][PASSED] - Delayed 1 second(s)

29-06-2024T18:35:19 - [MESSAGE][PASSED] - Object 'Object Repository/BackOffice/COApprover/ibpsHomePage/COApprover' is clickable

29-06-2024T18:35:22 - [MESSAGE][PASSED] - Object: 'Object Repository/BackOffice/COApprover/ibpsHomePage/COApprover' is clicked on

29-06-2024T18:35:23 - [MESSAGE][PASSED] - Object: 'Object Repository/BackOffice/COMaker/ibpsHomePage/resistrationNo' is clicked on

29-06-2024T18:35:25 - [MESSAGE][PASSED] - Delayed 2 second(s)

29-06-2024T18:35:25 - [MESSAGE][INFO] -  ******** LOS-3588

29-06-2024T18:35:26 - [MESSAGE][PASSED] - Delayed 1 second(s)

29-06-2024T18:35:27 - [MESSAGE][PASSED] - Delayed 1 second(s)

29-06-2024T18:35:28 - [MESSAGE][PASSED] - Delayed 1 second(s)

29-06-2024T18:35:29 - [MESSAGE][PASSED] - Taking screenshot successfully
[[ATTACHMENT|D:\\newRCBCProject\\RCBCLOS_Automation\\Reports\\20240629_181257\\DigitalFlows\\NSTPDigitalLowCashout\\testSuiteForCOApproverNSTP\\20240629_181310\\Screenshots/COApprover29_06_2406_35_03/Regression29_06_24_06_35_27.jpg]]

29-06-2024T18:35:30 - [MESSAGE][PASSED] - coApprover.HomePageForibpsCOApprover.selectResistration is PASSED

29-06-2024T18:35:32 - [TEST_STEP][PASSED] - Video: Video recording for test case 'Test Cases/Digital_NSTP/testCaseForCOApprover/HomePage' .

29-06-2024T18:35:32 - [MESSAGE][INFO] - Video recording for test case 'Test Cases/Digital_NSTP/testCaseForCOApprover/HomePage' .]]></system-out>
         <system-err><![CDATA[]]></system-err>
      </testcase>
      <testcase name="Test Cases/Digital_NSTP/testCaseForCOApprover/ClientInformation" time="40.332" classname="Test Cases/Digital_NSTP/testCaseForCOApprover/ClientInformation" status="PASSED">
         <system-out><![CDATA[29-06-2024T18:35:32 - [TEST_CASE][PASSED] - Test Cases/Digital_NSTP/testCaseForCOApprover/ClientInformation: Test Cases/Digital_NSTP/testCaseForCOApprover/ClientInformation

29-06-2024T18:35:33 - [TEST_STEP][PASSED] - tabSection.CustomerDetail.clientInformationForCOApproverForNSTP(): tabSection.CustomerDetail.clientInformationForCOApproverForNSTP is PASSED

29-06-2024T18:35:34 - [MESSAGE][PASSED] - Delayed 1 second(s)

29-06-2024T18:35:34 - [MESSAGE][PASSED] - Current window's index is: 0

29-06-2024T18:35:34 - [MESSAGE][PASSED] - Switched to window with index: '1'

29-06-2024T18:35:37 - [MESSAGE][PASSED] - Attribute 'title' of object 'Object Repository/ClientInformationPreRelease/creditProgram' is: ''

29-06-2024T18:35:40 - [MESSAGE][PASSED] - Text of object 'Object Repository/Action/referenceNumber' is: 'CO_Approver : LOS-3588'

29-06-2024T18:35:40 - [MESSAGE][INFO] - CO_Approver : LOS-3588 Contains LOS-3588

29-06-2024T18:35:40 - [MESSAGE][INFO] - Ready to go....

29-06-2024T18:35:41 - [MESSAGE][PASSED] - Delayed 1 second(s)

29-06-2024T18:35:43 - [MESSAGE][PASSED] - Delayed 1 second(s)

29-06-2024T18:35:43 - [MESSAGE][PASSED] - Taking screenshot successfully
[[ATTACHMENT|D:\\newRCBCProject\\RCBCLOS_Automation\\Reports\\20240629_181257\\DigitalFlows\\NSTPDigitalLowCashout\\testSuiteForCOApproverNSTP\\20240629_181310\\Screenshots/COApprover29_06_2406_35_03/Regression29_06_24_06_35_42.jpg]]

29-06-2024T18:35:44 - [MESSAGE][PASSED] - Object 'Object Repository/ClientInformationPreRelease/clientInformationCollapse' is present

29-06-2024T18:35:44 - [MESSAGE][PASSED] - Scroll to object 'Object Repository/ClientInformationPreRelease/clientInformationCollapse' successfully

29-06-2024T18:35:45 - [MESSAGE][PASSED] - Delayed 1 second(s)

29-06-2024T18:35:46 - [MESSAGE][PASSED] - Delayed 1 second(s)

29-06-2024T18:35:47 - [MESSAGE][PASSED] - Taking screenshot successfully
[[ATTACHMENT|D:\\newRCBCProject\\RCBCLOS_Automation\\Reports\\20240629_181257\\DigitalFlows\\NSTPDigitalLowCashout\\testSuiteForCOApproverNSTP\\20240629_181310\\Screenshots/COApprover29_06_2406_35_03/Regression29_06_24_06_35_45.jpg]]

29-06-2024T18:35:47 - [MESSAGE][PASSED] - Object 'Object Repository/ClientInformationPreRelease/borrowerDetailCollapse' is present

29-06-2024T18:35:49 - [MESSAGE][PASSED] - Scroll to object 'Object Repository/ClientInformationPreRelease/borrowerDetailCollapse' successfully

29-06-2024T18:35:50 - [MESSAGE][PASSED] - Delayed 1 second(s)

29-06-2024T18:35:51 - [MESSAGE][PASSED] - Delayed 1 second(s)

29-06-2024T18:35:52 - [MESSAGE][PASSED] - Taking screenshot successfully
[[ATTACHMENT|D:\\newRCBCProject\\RCBCLOS_Automation\\Reports\\20240629_181257\\DigitalFlows\\NSTPDigitalLowCashout\\testSuiteForCOApproverNSTP\\20240629_181310\\Screenshots/COApprover29_06_2406_35_03/Regression29_06_24_06_35_50.jpg]]

29-06-2024T18:35:53 - [MESSAGE][PASSED] - Object 'Object Repository/ClientInformationPreRelease/borrowerAddressDetailsCollapse' is present

29-06-2024T18:35:53 - [MESSAGE][PASSED] - Scroll to object 'Object Repository/ClientInformationPreRelease/borrowerAddressDetailsCollapse' successfully

29-06-2024T18:35:54 - [MESSAGE][PASSED] - Delayed 1 second(s)

29-06-2024T18:35:55 - [MESSAGE][PASSED] - Delayed 1 second(s)

29-06-2024T18:35:56 - [MESSAGE][PASSED] - Taking screenshot successfully
[[ATTACHMENT|D:\\newRCBCProject\\RCBCLOS_Automation\\Reports\\20240629_181257\\DigitalFlows\\NSTPDigitalLowCashout\\testSuiteForCOApproverNSTP\\20240629_181310\\Screenshots/COApprover29_06_2406_35_03/Regression29_06_24_06_35_54.jpg]]

29-06-2024T18:35:56 - [MESSAGE][PASSED] - Object 'Object Repository/ClientInformationPreRelease/borrowerSourceOfIncomeCollapse' is present

29-06-2024T18:35:57 - [MESSAGE][PASSED] - Scroll to object 'Object Repository/ClientInformationPreRelease/borrowerSourceOfIncomeCollapse' successfully

29-06-2024T18:35:58 - [MESSAGE][PASSED] - Delayed 1 second(s)

29-06-2024T18:35:59 - [MESSAGE][PASSED] - Delayed 1 second(s)

29-06-2024T18:35:59 - [MESSAGE][PASSED] - Taking screenshot successfully
[[ATTACHMENT|D:\\newRCBCProject\\RCBCLOS_Automation\\Reports\\20240629_181257\\DigitalFlows\\NSTPDigitalLowCashout\\testSuiteForCOApproverNSTP\\20240629_181310\\Screenshots/COApprover29_06_2406_35_03/Regression29_06_24_06_35_58.jpg]]

29-06-2024T18:36:00 - [MESSAGE][PASSED] - Object 'Object Repository/ClientInformationPreRelease/coBorrowerDetailsCollapse' is present

29-06-2024T18:36:01 - [MESSAGE][PASSED] - Scroll to object 'Object Repository/ClientInformationPreRelease/coBorrowerDetailsCollapse' successfully

29-06-2024T18:36:02 - [MESSAGE][PASSED] - Delayed 1 second(s)

29-06-2024T18:36:03 - [MESSAGE][PASSED] - Delayed 1 second(s)

29-06-2024T18:36:03 - [MESSAGE][PASSED] - Taking screenshot successfully
[[ATTACHMENT|D:\\newRCBCProject\\RCBCLOS_Automation\\Reports\\20240629_181257\\DigitalFlows\\NSTPDigitalLowCashout\\testSuiteForCOApproverNSTP\\20240629_181310\\Screenshots/COApprover29_06_2406_35_03/Regression29_06_24_06_36_02.jpg]]

29-06-2024T18:36:04 - [MESSAGE][PASSED] - Object 'Object Repository/ClientInformationPreRelease/coBorrowerSourceOfIncome' is present

29-06-2024T18:36:04 - [MESSAGE][PASSED] - Scroll to object 'Object Repository/ClientInformationPreRelease/coBorrowerSourceOfIncome' successfully

29-06-2024T18:36:05 - [MESSAGE][PASSED] - Delayed 1 second(s)

29-06-2024T18:36:06 - [MESSAGE][PASSED] - Delayed 1 second(s)

29-06-2024T18:36:07 - [MESSAGE][PASSED] - Taking screenshot successfully
[[ATTACHMENT|D:\\newRCBCProject\\RCBCLOS_Automation\\Reports\\20240629_181257\\DigitalFlows\\NSTPDigitalLowCashout\\testSuiteForCOApproverNSTP\\20240629_181310\\Screenshots/COApprover29_06_2406_35_03/Regression29_06_24_06_36_05.jpg]]

29-06-2024T18:36:08 - [MESSAGE][PASSED] - Object 'Object Repository/ClientInformationPreRelease/AIFDetailsCollapse' is present

29-06-2024T18:36:08 - [MESSAGE][PASSED] - Scroll to object 'Object Repository/ClientInformationPreRelease/AIFDetailsCollapse' successfully

29-06-2024T18:36:09 - [MESSAGE][PASSED] - Delayed 1 second(s)

29-06-2024T18:36:10 - [MESSAGE][PASSED] - Delayed 1 second(s)

29-06-2024T18:36:11 - [MESSAGE][PASSED] - Taking screenshot successfully
[[ATTACHMENT|D:\\newRCBCProject\\RCBCLOS_Automation\\Reports\\20240629_181257\\DigitalFlows\\NSTPDigitalLowCashout\\testSuiteForCOApproverNSTP\\20240629_181310\\Screenshots/COApprover29_06_2406_35_03/Regression29_06_24_06_36_09.jpg]]

29-06-2024T18:36:11 - [MESSAGE][PASSED] - tabSection.CustomerDetail.clientInformationForCOApproverForNSTP is PASSED

29-06-2024T18:36:13 - [TEST_STEP][PASSED] - Video: Video recording for test case 'Test Cases/Digital_NSTP/testCaseForCOApprover/ClientInformation' .

29-06-2024T18:36:13 - [MESSAGE][INFO] - Video recording for test case 'Test Cases/Digital_NSTP/testCaseForCOApprover/ClientInformation' .]]></system-out>
         <system-err><![CDATA[]]></system-err>
      </testcase>
      <testcase name="Test Cases/Digital_NSTP/testCaseForCOApprover/LoanInformation" time="29.937" classname="Test Cases/Digital_NSTP/testCaseForCOApprover/LoanInformation" status="PASSED">
         <system-out><![CDATA[29-06-2024T18:36:13 - [TEST_CASE][PASSED] - Test Cases/Digital_NSTP/testCaseForCOApprover/LoanInformation: Test Cases/Digital_NSTP/testCaseForCOApprover/LoanInformation

29-06-2024T18:36:13 - [TEST_STEP][PASSED] - tabSection.LoanInformation.loanInfoForCOApprover(): tabSection.LoanInformation.loanInfoForCOApprover is PASSED

29-06-2024T18:36:15 - [MESSAGE][PASSED] - Object: 'Object Repository/TabSection/LoanInformation' is clicked on

29-06-2024T18:36:16 - [MESSAGE][PASSED] - Delayed 1 second(s)

29-06-2024T18:36:17 - [MESSAGE][PASSED] - Delayed 1 second(s)

29-06-2024T18:36:18 - [MESSAGE][PASSED] - Delayed 1 second(s)

29-06-2024T18:36:18 - [MESSAGE][PASSED] - Taking screenshot successfully
[[ATTACHMENT|D:\\newRCBCProject\\RCBCLOS_Automation\\Reports\\20240629_181257\\DigitalFlows\\NSTPDigitalLowCashout\\testSuiteForCOApproverNSTP\\20240629_181310\\Screenshots/COApprover29_06_2406_35_03/Regression29_06_24_06_36_17.jpg]]

29-06-2024T18:36:19 - [MESSAGE][PASSED] - Object 'Object Repository/LoanInformationPreRelease/LoanInformation' is present

29-06-2024T18:36:19 - [MESSAGE][PASSED] - Scroll to object 'Object Repository/LoanInformationPreRelease/LoanInformation' successfully

29-06-2024T18:36:21 - [MESSAGE][PASSED] - Delayed 1 second(s)

29-06-2024T18:36:22 - [MESSAGE][PASSED] - Delayed 1 second(s)

29-06-2024T18:36:22 - [MESSAGE][PASSED] - Taking screenshot successfully
[[ATTACHMENT|D:\\newRCBCProject\\RCBCLOS_Automation\\Reports\\20240629_181257\\DigitalFlows\\NSTPDigitalLowCashout\\testSuiteForCOApproverNSTP\\20240629_181310\\Screenshots/COApprover29_06_2406_35_03/Regression29_06_24_06_36_21.jpg]]

29-06-2024T18:36:23 - [MESSAGE][PASSED] - Object 'Object Repository/LoanInformationPreRelease/LoanApproval' is present

29-06-2024T18:36:23 - [MESSAGE][PASSED] - Scroll to object 'Object Repository/LoanInformationPreRelease/LoanApproval' successfully

29-06-2024T18:36:24 - [MESSAGE][PASSED] - Delayed 1 second(s)

29-06-2024T18:36:25 - [MESSAGE][PASSED] - Delayed 1 second(s)

29-06-2024T18:36:26 - [MESSAGE][PASSED] - Taking screenshot successfully
[[ATTACHMENT|D:\\newRCBCProject\\RCBCLOS_Automation\\Reports\\20240629_181257\\DigitalFlows\\NSTPDigitalLowCashout\\testSuiteForCOApproverNSTP\\20240629_181310\\Screenshots/COApprover29_06_2406_35_03/Regression29_06_24_06_36_24.jpg]]

29-06-2024T18:36:26 - [MESSAGE][PASSED] - Object 'Object Repository/LoanInformationPreRelease/PromisaryNoteInformation' is present

29-06-2024T18:36:27 - [MESSAGE][PASSED] - Scroll to object 'Object Repository/LoanInformationPreRelease/PromisaryNoteInformation' successfully

29-06-2024T18:36:28 - [MESSAGE][PASSED] - Delayed 1 second(s)

29-06-2024T18:36:29 - [MESSAGE][PASSED] - Delayed 1 second(s)

29-06-2024T18:36:29 - [MESSAGE][PASSED] - Taking screenshot successfully
[[ATTACHMENT|D:\\newRCBCProject\\RCBCLOS_Automation\\Reports\\20240629_181257\\DigitalFlows\\NSTPDigitalLowCashout\\testSuiteForCOApproverNSTP\\20240629_181310\\Screenshots/COApprover29_06_2406_35_03/Regression29_06_24_06_36_28.jpg]]

29-06-2024T18:36:30 - [MESSAGE][PASSED] - Object 'Object Repository/LoanInformationPreRelease/RatesTab' is present

29-06-2024T18:36:31 - [MESSAGE][PASSED] - Scroll to object 'Object Repository/LoanInformationPreRelease/RatesTab' successfully

29-06-2024T18:36:32 - [MESSAGE][PASSED] - Delayed 1 second(s)

29-06-2024T18:36:33 - [MESSAGE][PASSED] - Delayed 1 second(s)

29-06-2024T18:36:33 - [MESSAGE][PASSED] - Taking screenshot successfully
[[ATTACHMENT|D:\\newRCBCProject\\RCBCLOS_Automation\\Reports\\20240629_181257\\DigitalFlows\\NSTPDigitalLowCashout\\testSuiteForCOApproverNSTP\\20240629_181310\\Screenshots/COApprover29_06_2406_35_03/Regression29_06_24_06_36_32.jpg]]

29-06-2024T18:36:34 - [MESSAGE][PASSED] - Object 'Object Repository/LoanInformationPreRelease/PromisaryNoteInformation' is present

29-06-2024T18:36:34 - [MESSAGE][PASSED] - Scroll to object 'Object Repository/LoanInformationPreRelease/PromisaryNoteInformation' successfully

29-06-2024T18:36:35 - [MESSAGE][PASSED] - Delayed 1 second(s)

29-06-2024T18:36:36 - [MESSAGE][PASSED] - Delayed 1 second(s)

29-06-2024T18:36:37 - [MESSAGE][PASSED] - Taking screenshot successfully
[[ATTACHMENT|D:\\newRCBCProject\\RCBCLOS_Automation\\Reports\\20240629_181257\\DigitalFlows\\NSTPDigitalLowCashout\\testSuiteForCOApproverNSTP\\20240629_181310\\Screenshots/COApprover29_06_2406_35_03/Regression29_06_24_06_36_35.jpg]]

29-06-2024T18:36:37 - [MESSAGE][PASSED] - Object 'Object Repository/LoanInformationPreRelease/modeOfPayment1' is present

29-06-2024T18:36:38 - [MESSAGE][PASSED] - Scroll to object 'Object Repository/LoanInformationPreRelease/modeOfPayment1' successfully

29-06-2024T18:36:39 - [MESSAGE][PASSED] - Delayed 1 second(s)

29-06-2024T18:36:40 - [MESSAGE][PASSED] - Delayed 1 second(s)

29-06-2024T18:36:41 - [MESSAGE][PASSED] - Taking screenshot successfully
[[ATTACHMENT|D:\\newRCBCProject\\RCBCLOS_Automation\\Reports\\20240629_181257\\DigitalFlows\\NSTPDigitalLowCashout\\testSuiteForCOApproverNSTP\\20240629_181310\\Screenshots/COApprover29_06_2406_35_03/Regression29_06_24_06_36_39.jpg]]

29-06-2024T18:36:41 - [MESSAGE][PASSED] - tabSection.LoanInformation.loanInfoForCOApprover is PASSED

29-06-2024T18:36:43 - [TEST_STEP][PASSED] - Video: Video recording for test case 'Test Cases/Digital_NSTP/testCaseForCOApprover/LoanInformation' .

29-06-2024T18:36:43 - [MESSAGE][INFO] - Video recording for test case 'Test Cases/Digital_NSTP/testCaseForCOApprover/LoanInformation' .]]></system-out>
         <system-err><![CDATA[]]></system-err>
      </testcase>
      <testcase name="Test Cases/Digital_NSTP/testCaseForCOApprover/DocumentChecklist" time="71.907" classname="Test Cases/Digital_NSTP/testCaseForCOApprover/DocumentChecklist" status="PASSED">
         <system-out><![CDATA[29-06-2024T18:36:43 - [TEST_CASE][PASSED] - Test Cases/Digital_NSTP/testCaseForCOApprover/DocumentChecklist: Test Cases/Digital_NSTP/testCaseForCOApprover/DocumentChecklist

29-06-2024T18:36:43 - [TEST_STEP][PASSED] - tabSection.DocumentCheckList.documentCheckListForCOApprover(): tabSection.DocumentCheckList.documentCheckListForCOApprover is PASSED

29-06-2024T18:36:46 - [MESSAGE][PASSED] - Object: 'Object Repository/TabSection/DocumentCheclist' is clicked on

29-06-2024T18:36:47 - [MESSAGE][PASSED] - Delayed 1 second(s)

29-06-2024T18:36:48 - [MESSAGE][PASSED] - Delayed 1 second(s)

29-06-2024T18:36:49 - [MESSAGE][PASSED] - Delayed 1 second(s)

29-06-2024T18:36:50 - [MESSAGE][PASSED] - Taking screenshot successfully
[[ATTACHMENT|D:\\newRCBCProject\\RCBCLOS_Automation\\Reports\\20240629_181257\\DigitalFlows\\NSTPDigitalLowCashout\\testSuiteForCOApproverNSTP\\20240629_181310\\Screenshots/COApprover29_06_2406_35_03/Regression29_06_24_06_36_48.jpg]]

29-06-2024T18:36:50 - [MESSAGE][PASSED] - Object 'Object Repository/DocumentCheckListForPreRelease/KycDocuments/viewIdTypeDocument' is present

29-06-2024T18:36:50 - [MESSAGE][PASSED] - Current window's index is: 1

29-06-2024T18:36:52 - [MESSAGE][PASSED] - Object: 'Object Repository/DocumentCheckListForPreRelease/KycDocuments/viewIdTypeDocument' is clicked on

29-06-2024T18:36:52 - [MESSAGE][PASSED] - Switched to window with index: '2'

29-06-2024T18:36:55 - [MESSAGE][PASSED] - Delayed 3 second(s)

29-06-2024T18:36:56 - [MESSAGE][PASSED] - Delayed 1 second(s)

29-06-2024T18:36:57 - [MESSAGE][PASSED] - Delayed 1 second(s)

29-06-2024T18:36:59 - [MESSAGE][PASSED] - Taking screenshot successfully
[[ATTACHMENT|D:\\newRCBCProject\\RCBCLOS_Automation\\Reports\\20240629_181257\\DigitalFlows\\NSTPDigitalLowCashout\\testSuiteForCOApproverNSTP\\20240629_181310\\Screenshots/COApprover29_06_2406_35_03/Regression29_06_24_06_36_56.jpg]]

29-06-2024T18:37:02 - [MESSAGE][PASSED] - Delayed 3 second(s)

29-06-2024T18:37:02 - [MESSAGE][PASSED] - Window with index 2 is closed

29-06-2024T18:37:02 - [MESSAGE][PASSED] - Switched to window with index: '1'

29-06-2024T18:37:03 - [MESSAGE][PASSED] - Object 'Object Repository/DocumentCheckListForPreRelease/FinancialDocument/viewIncomeDocument' is present

29-06-2024T18:37:03 - [MESSAGE][PASSED] - Current window's index is: 1

29-06-2024T18:37:04 - [MESSAGE][PASSED] - Object: 'Object Repository/DocumentCheckListForPreRelease/FinancialDocument/viewIncomeDocument' is clicked on

29-06-2024T18:37:04 - [MESSAGE][PASSED] - Switched to window with index: '2'

29-06-2024T18:37:07 - [MESSAGE][PASSED] - Delayed 3 second(s)

29-06-2024T18:37:08 - [MESSAGE][PASSED] - Delayed 1 second(s)

29-06-2024T18:37:09 - [MESSAGE][PASSED] - Delayed 1 second(s)

29-06-2024T18:37:10 - [MESSAGE][PASSED] - Taking screenshot successfully
[[ATTACHMENT|D:\\newRCBCProject\\RCBCLOS_Automation\\Reports\\20240629_181257\\DigitalFlows\\NSTPDigitalLowCashout\\testSuiteForCOApproverNSTP\\20240629_181310\\Screenshots/COApprover29_06_2406_35_03/Regression29_06_24_06_37_08.jpg]]

29-06-2024T18:37:13 - [MESSAGE][PASSED] - Delayed 3 second(s)

29-06-2024T18:37:13 - [MESSAGE][PASSED] - Window with index 2 is closed

29-06-2024T18:37:13 - [MESSAGE][PASSED] - Switched to window with index: '1'

29-06-2024T18:37:16 - [MESSAGE][INFO] - Unable to find the element located by 'By.xpath: //table[@id="LOS_GENERATE_DOCUMENT"]/tbody/tr[1]/td[12]/a'. Please recheck the objects properties to make sure the desired element is located. 

29-06-2024T18:37:16 - [MESSAGE][WARNING] - [SELF-HEALING] Failed to find element with id 'Object Repository/DocumentCheckListForPreRelease/OutwardDocument/viewBtn1'. Try using Self-healing.

29-06-2024T18:37:17 - [MESSAGE][INFO] - [SELF-HEALING] No working XPath is found.

29-06-2024T18:37:18 - [MESSAGE][WARNING] - [SELF-HEALING] javascript error: {"status":32,"value":"Unable to locate an element with the xpath expression  because of the following error:\nSyntaxError: Failed to execute 'evaluate' on 'Document': The string '' is not a valid XPath expression."}
  (Session info: MicrosoftEdge=126.0.2592.81)
Build info: version: '3.141.59', revision: 'unknown', time: 'unknown'
System info: host: 'QKNBK2037', ip: '192.168.0.103', os.name: 'Windows 10', os.arch: 'amd64', os.version: '10.0', java.version: '17.0.7'
Driver info: com.kms.katalon.selenium.driver.CEdgeDriver
Capabilities {acceptInsecureCerts: false, browserName: MicrosoftEdge, browserVersion: 126.0.2592.81, fedcm:accounts: true, javascriptEnabled: true, ms:edgeOptions: {debuggerAddress: localhost:55869}, msedge: {msedgedriverVersion: 125.0.2535.47 (b3ce6d15dc7f..., userDataDir: C:\Users\ADARSH~1.LOH\AppDa...}, networkConnectionEnabled: false, pageLoadStrategy: normal, platform: WINDOWS, platformName: WINDOWS, proxy: Proxy(), setWindowRect: true, strictFileInteractability: false, timeouts: {implicit: 0, pageLoad: 300000, script: 30000}, unhandledPromptBehavior: dismiss and notify, webauthn:extension:credBlob: true, webauthn:extension:largeBlob: true, webauthn:extension:minPinLength: true, webauthn:extension:prf: true, webauthn:virtualAuthenticators: true}
Session ID: e9f41df6ce9f16dfa41d9c9471babef8
*** Element info: {Using=xpath, value=}

29-06-2024T18:37:18 - [MESSAGE][WARNING] - [SELF-HEALING] Cannot find elements when the selector is null

29-06-2024T18:37:18 - [MESSAGE][WARNING] - Object 'Object Repository/DocumentCheckListForPreRelease/OutwardDocument/viewBtn1' is not present after 1 second(s)

29-06-2024T18:37:20 - [MESSAGE][INFO] - Unable to find the element located by 'By.xpath: //table[@id="LOS_GENERATE_DOCUMENT"]/tbody/tr[2]/td[12]/a'. Please recheck the objects properties to make sure the desired element is located. 

29-06-2024T18:37:20 - [MESSAGE][WARNING] - [SELF-HEALING] Failed to find element with id 'Object Repository/DocumentCheckListForPreRelease/OutwardDocument/viewBtn2'. Try using Self-healing.

29-06-2024T18:37:21 - [MESSAGE][INFO] - [SELF-HEALING] No working XPath is found.

29-06-2024T18:37:22 - [MESSAGE][WARNING] - [SELF-HEALING] javascript error: {"status":32,"value":"Unable to locate an element with the xpath expression  because of the following error:\nSyntaxError: Failed to execute 'evaluate' on 'Document': The string '' is not a valid XPath expression."}
  (Session info: MicrosoftEdge=126.0.2592.81)
Build info: version: '3.141.59', revision: 'unknown', time: 'unknown'
System info: host: 'QKNBK2037', ip: '192.168.0.103', os.name: 'Windows 10', os.arch: 'amd64', os.version: '10.0', java.version: '17.0.7'
Driver info: com.kms.katalon.selenium.driver.CEdgeDriver
Capabilities {acceptInsecureCerts: false, browserName: MicrosoftEdge, browserVersion: 126.0.2592.81, fedcm:accounts: true, javascriptEnabled: true, ms:edgeOptions: {debuggerAddress: localhost:55869}, msedge: {msedgedriverVersion: 125.0.2535.47 (b3ce6d15dc7f..., userDataDir: C:\Users\ADARSH~1.LOH\AppDa...}, networkConnectionEnabled: false, pageLoadStrategy: normal, platform: WINDOWS, platformName: WINDOWS, proxy: Proxy(), setWindowRect: true, strictFileInteractability: false, timeouts: {implicit: 0, pageLoad: 300000, script: 30000}, unhandledPromptBehavior: dismiss and notify, webauthn:extension:credBlob: true, webauthn:extension:largeBlob: true, webauthn:extension:minPinLength: true, webauthn:extension:prf: true, webauthn:virtualAuthenticators: true}
Session ID: e9f41df6ce9f16dfa41d9c9471babef8
*** Element info: {Using=xpath, value=}

29-06-2024T18:37:22 - [MESSAGE][WARNING] - [SELF-HEALING] Cannot find elements when the selector is null

29-06-2024T18:37:22 - [MESSAGE][WARNING] - Object 'Object Repository/DocumentCheckListForPreRelease/OutwardDocument/viewBtn2' is not present after 1 second(s)

29-06-2024T18:37:25 - [MESSAGE][INFO] - Unable to find the element located by 'By.xpath: //table[@id="LOS_GENERATE_DOCUMENT"]/tbody/tr[3]/td[12]/a'. Please recheck the objects properties to make sure the desired element is located. 

29-06-2024T18:37:25 - [MESSAGE][WARNING] - [SELF-HEALING] Failed to find element with id 'Object Repository/DocumentCheckListForPreRelease/OutwardDocument/viewBtn3'. Try using Self-healing.

29-06-2024T18:37:26 - [MESSAGE][INFO] - [SELF-HEALING] No working XPath is found.

29-06-2024T18:37:27 - [MESSAGE][WARNING] - [SELF-HEALING] javascript error: {"status":32,"value":"Unable to locate an element with the xpath expression  because of the following error:\nSyntaxError: Failed to execute 'evaluate' on 'Document': The string '' is not a valid XPath expression."}
  (Session info: MicrosoftEdge=126.0.2592.81)
Build info: version: '3.141.59', revision: 'unknown', time: 'unknown'
System info: host: 'QKNBK2037', ip: '192.168.0.103', os.name: 'Windows 10', os.arch: 'amd64', os.version: '10.0', java.version: '17.0.7'
Driver info: com.kms.katalon.selenium.driver.CEdgeDriver
Capabilities {acceptInsecureCerts: false, browserName: MicrosoftEdge, browserVersion: 126.0.2592.81, fedcm:accounts: true, javascriptEnabled: true, ms:edgeOptions: {debuggerAddress: localhost:55869}, msedge: {msedgedriverVersion: 125.0.2535.47 (b3ce6d15dc7f..., userDataDir: C:\Users\ADARSH~1.LOH\AppDa...}, networkConnectionEnabled: false, pageLoadStrategy: normal, platform: WINDOWS, platformName: WINDOWS, proxy: Proxy(), setWindowRect: true, strictFileInteractability: false, timeouts: {implicit: 0, pageLoad: 300000, script: 30000}, unhandledPromptBehavior: dismiss and notify, webauthn:extension:credBlob: true, webauthn:extension:largeBlob: true, webauthn:extension:minPinLength: true, webauthn:extension:prf: true, webauthn:virtualAuthenticators: true}
Session ID: e9f41df6ce9f16dfa41d9c9471babef8
*** Element info: {Using=xpath, value=}

29-06-2024T18:37:27 - [MESSAGE][WARNING] - [SELF-HEALING] Cannot find elements when the selector is null

29-06-2024T18:37:27 - [MESSAGE][WARNING] - Object 'Object Repository/DocumentCheckListForPreRelease/OutwardDocument/viewBtn3' is not present after 1 second(s)

29-06-2024T18:37:29 - [MESSAGE][INFO] - Unable to find the element located by 'By.xpath: //table[@id="LOS_GENERATE_DOCUMENT"]/tbody/tr[4]/td[12]/a'. Please recheck the objects properties to make sure the desired element is located. 

29-06-2024T18:37:29 - [MESSAGE][WARNING] - [SELF-HEALING] Failed to find element with id 'Object Repository/DocumentCheckListForPreRelease/OutwardDocument/viewBtn4'. Try using Self-healing.

29-06-2024T18:37:30 - [MESSAGE][INFO] - [SELF-HEALING] No working XPath is found.

29-06-2024T18:37:32 - [MESSAGE][WARNING] - [SELF-HEALING] javascript error: {"status":32,"value":"Unable to locate an element with the xpath expression  because of the following error:\nSyntaxError: Failed to execute 'evaluate' on 'Document': The string '' is not a valid XPath expression."}
  (Session info: MicrosoftEdge=126.0.2592.81)
Build info: version: '3.141.59', revision: 'unknown', time: 'unknown'
System info: host: 'QKNBK2037', ip: '192.168.0.103', os.name: 'Windows 10', os.arch: 'amd64', os.version: '10.0', java.version: '17.0.7'
Driver info: com.kms.katalon.selenium.driver.CEdgeDriver
Capabilities {acceptInsecureCerts: false, browserName: MicrosoftEdge, browserVersion: 126.0.2592.81, fedcm:accounts: true, javascriptEnabled: true, ms:edgeOptions: {debuggerAddress: localhost:55869}, msedge: {msedgedriverVersion: 125.0.2535.47 (b3ce6d15dc7f..., userDataDir: C:\Users\ADARSH~1.LOH\AppDa...}, networkConnectionEnabled: false, pageLoadStrategy: normal, platform: WINDOWS, platformName: WINDOWS, proxy: Proxy(), setWindowRect: true, strictFileInteractability: false, timeouts: {implicit: 0, pageLoad: 300000, script: 30000}, unhandledPromptBehavior: dismiss and notify, webauthn:extension:credBlob: true, webauthn:extension:largeBlob: true, webauthn:extension:minPinLength: true, webauthn:extension:prf: true, webauthn:virtualAuthenticators: true}
Session ID: e9f41df6ce9f16dfa41d9c9471babef8
*** Element info: {Using=xpath, value=}

29-06-2024T18:37:32 - [MESSAGE][WARNING] - [SELF-HEALING] Cannot find elements when the selector is null

29-06-2024T18:37:32 - [MESSAGE][WARNING] - Object 'Object Repository/DocumentCheckListForPreRelease/OutwardDocument/viewBtn4' is not present after 1 second(s)

29-06-2024T18:37:34 - [MESSAGE][INFO] - Unable to find the element located by 'By.xpath: //table[@id="LOS_GENERATE_DOCUMENT"]/tbody/tr[5]/td[12]/a'. Please recheck the objects properties to make sure the desired element is located. 

29-06-2024T18:37:34 - [MESSAGE][WARNING] - [SELF-HEALING] Failed to find element with id 'Object Repository/DocumentCheckListForPreRelease/OutwardDocument/viewBtn5'. Try using Self-healing.

29-06-2024T18:37:35 - [MESSAGE][INFO] - [SELF-HEALING] No working XPath is found.

29-06-2024T18:37:36 - [MESSAGE][WARNING] - [SELF-HEALING] javascript error: {"status":32,"value":"Unable to locate an element with the xpath expression  because of the following error:\nSyntaxError: Failed to execute 'evaluate' on 'Document': The string '' is not a valid XPath expression."}
  (Session info: MicrosoftEdge=126.0.2592.81)
Build info: version: '3.141.59', revision: 'unknown', time: 'unknown'
System info: host: 'QKNBK2037', ip: '192.168.0.103', os.name: 'Windows 10', os.arch: 'amd64', os.version: '10.0', java.version: '17.0.7'
Driver info: com.kms.katalon.selenium.driver.CEdgeDriver
Capabilities {acceptInsecureCerts: false, browserName: MicrosoftEdge, browserVersion: 126.0.2592.81, fedcm:accounts: true, javascriptEnabled: true, ms:edgeOptions: {debuggerAddress: localhost:55869}, msedge: {msedgedriverVersion: 125.0.2535.47 (b3ce6d15dc7f..., userDataDir: C:\Users\ADARSH~1.LOH\AppDa...}, networkConnectionEnabled: false, pageLoadStrategy: normal, platform: WINDOWS, platformName: WINDOWS, proxy: Proxy(), setWindowRect: true, strictFileInteractability: false, timeouts: {implicit: 0, pageLoad: 300000, script: 30000}, unhandledPromptBehavior: dismiss and notify, webauthn:extension:credBlob: true, webauthn:extension:largeBlob: true, webauthn:extension:minPinLength: true, webauthn:extension:prf: true, webauthn:virtualAuthenticators: true}
Session ID: e9f41df6ce9f16dfa41d9c9471babef8
*** Element info: {Using=xpath, value=}

29-06-2024T18:37:36 - [MESSAGE][WARNING] - [SELF-HEALING] Cannot find elements when the selector is null

29-06-2024T18:37:36 - [MESSAGE][WARNING] - Object 'Object Repository/DocumentCheckListForPreRelease/OutwardDocument/viewBtn5' is not present after 1 second(s)

29-06-2024T18:37:39 - [MESSAGE][INFO] - Unable to find the element located by 'By.xpath: //table[@id="LOS_GENERATE_DOCUMENT"]/tbody/tr[6]/td[12]/a'. Please recheck the objects properties to make sure the desired element is located. 

29-06-2024T18:37:39 - [MESSAGE][WARNING] - [SELF-HEALING] Failed to find element with id 'Object Repository/DocumentCheckListForPreRelease/OutwardDocument/viewBtn6'. Try using Self-healing.

29-06-2024T18:37:40 - [MESSAGE][INFO] - [SELF-HEALING] No working XPath is found.

29-06-2024T18:37:41 - [MESSAGE][WARNING] - [SELF-HEALING] javascript error: {"status":32,"value":"Unable to locate an element with the xpath expression  because of the following error:\nSyntaxError: Failed to execute 'evaluate' on 'Document': The string '' is not a valid XPath expression."}
  (Session info: MicrosoftEdge=126.0.2592.81)
Build info: version: '3.141.59', revision: 'unknown', time: 'unknown'
System info: host: 'QKNBK2037', ip: '192.168.0.103', os.name: 'Windows 10', os.arch: 'amd64', os.version: '10.0', java.version: '17.0.7'
Driver info: com.kms.katalon.selenium.driver.CEdgeDriver
Capabilities {acceptInsecureCerts: false, browserName: MicrosoftEdge, browserVersion: 126.0.2592.81, fedcm:accounts: true, javascriptEnabled: true, ms:edgeOptions: {debuggerAddress: localhost:55869}, msedge: {msedgedriverVersion: 125.0.2535.47 (b3ce6d15dc7f..., userDataDir: C:\Users\ADARSH~1.LOH\AppDa...}, networkConnectionEnabled: false, pageLoadStrategy: normal, platform: WINDOWS, platformName: WINDOWS, proxy: Proxy(), setWindowRect: true, strictFileInteractability: false, timeouts: {implicit: 0, pageLoad: 300000, script: 30000}, unhandledPromptBehavior: dismiss and notify, webauthn:extension:credBlob: true, webauthn:extension:largeBlob: true, webauthn:extension:minPinLength: true, webauthn:extension:prf: true, webauthn:virtualAuthenticators: true}
Session ID: e9f41df6ce9f16dfa41d9c9471babef8
*** Element info: {Using=xpath, value=}

29-06-2024T18:37:41 - [MESSAGE][WARNING] - [SELF-HEALING] Cannot find elements when the selector is null

29-06-2024T18:37:41 - [MESSAGE][WARNING] - Object 'Object Repository/DocumentCheckListForPreRelease/OutwardDocument/viewBtn6' is not present after 1 second(s)

29-06-2024T18:37:43 - [MESSAGE][INFO] - Unable to find the element located by 'By.xpath: //table[@id="LOS_GENERATE_DOCUMENT"]/tbody/tr[7]/td[12]/a'. Please recheck the objects properties to make sure the desired element is located. 

29-06-2024T18:37:43 - [MESSAGE][WARNING] - [SELF-HEALING] Failed to find element with id 'Object Repository/DocumentCheckListForPreRelease/OutwardDocument/viewBtn7'. Try using Self-healing.

29-06-2024T18:37:44 - [MESSAGE][INFO] - [SELF-HEALING] No working XPath is found.

29-06-2024T18:37:45 - [MESSAGE][WARNING] - [SELF-HEALING] javascript error: {"status":32,"value":"Unable to locate an element with the xpath expression  because of the following error:\nSyntaxError: Failed to execute 'evaluate' on 'Document': The string '' is not a valid XPath expression."}
  (Session info: MicrosoftEdge=126.0.2592.81)
Build info: version: '3.141.59', revision: 'unknown', time: 'unknown'
System info: host: 'QKNBK2037', ip: '192.168.0.103', os.name: 'Windows 10', os.arch: 'amd64', os.version: '10.0', java.version: '17.0.7'
Driver info: com.kms.katalon.selenium.driver.CEdgeDriver
Capabilities {acceptInsecureCerts: false, browserName: MicrosoftEdge, browserVersion: 126.0.2592.81, fedcm:accounts: true, javascriptEnabled: true, ms:edgeOptions: {debuggerAddress: localhost:55869}, msedge: {msedgedriverVersion: 125.0.2535.47 (b3ce6d15dc7f..., userDataDir: C:\Users\ADARSH~1.LOH\AppDa...}, networkConnectionEnabled: false, pageLoadStrategy: normal, platform: WINDOWS, platformName: WINDOWS, proxy: Proxy(), setWindowRect: true, strictFileInteractability: false, timeouts: {implicit: 0, pageLoad: 300000, script: 30000}, unhandledPromptBehavior: dismiss and notify, webauthn:extension:credBlob: true, webauthn:extension:largeBlob: true, webauthn:extension:minPinLength: true, webauthn:extension:prf: true, webauthn:virtualAuthenticators: true}
Session ID: e9f41df6ce9f16dfa41d9c9471babef8
*** Element info: {Using=xpath, value=}

29-06-2024T18:37:45 - [MESSAGE][WARNING] - [SELF-HEALING] Cannot find elements when the selector is null

29-06-2024T18:37:45 - [MESSAGE][WARNING] - Web element with id: 'Object Repository/DocumentCheckListForPreRelease/OutwardDocument/viewBtn7' located by '//table[@id="LOS_GENERATE_DOCUMENT"]/tbody/tr[7]/td[12]/a' not found

29-06-2024T18:37:46 - [MESSAGE][PASSED] - Object 'Object Repository/DocumentCheckListForPreRelease/kycDocument' is present

29-06-2024T18:37:46 - [MESSAGE][PASSED] - Scroll to object 'Object Repository/DocumentCheckListForPreRelease/kycDocument' successfully

29-06-2024T18:37:47 - [MESSAGE][PASSED] - Delayed 1 second(s)

29-06-2024T18:37:48 - [MESSAGE][PASSED] - Delayed 1 second(s)

29-06-2024T18:37:49 - [MESSAGE][PASSED] - Taking screenshot successfully
[[ATTACHMENT|D:\\newRCBCProject\\RCBCLOS_Automation\\Reports\\20240629_181257\\DigitalFlows\\NSTPDigitalLowCashout\\testSuiteForCOApproverNSTP\\20240629_181310\\Screenshots/COApprover29_06_2406_35_03/Regression29_06_24_06_37_47.jpg]]

29-06-2024T18:37:49 - [MESSAGE][PASSED] - Object 'Object Repository/DocumentCheckListForPreRelease/prereleaseDocument' is present

29-06-2024T18:37:50 - [MESSAGE][PASSED] - Scroll to object 'Object Repository/DocumentCheckListForPreRelease/prereleaseDocument' successfully

29-06-2024T18:37:51 - [MESSAGE][PASSED] - Delayed 1 second(s)

29-06-2024T18:37:52 - [MESSAGE][PASSED] - Delayed 1 second(s)

29-06-2024T18:37:53 - [MESSAGE][PASSED] - Taking screenshot successfully
[[ATTACHMENT|D:\\newRCBCProject\\RCBCLOS_Automation\\Reports\\20240629_181257\\DigitalFlows\\NSTPDigitalLowCashout\\testSuiteForCOApproverNSTP\\20240629_181310\\Screenshots/COApprover29_06_2406_35_03/Regression29_06_24_06_37_51.jpg]]

29-06-2024T18:37:53 - [MESSAGE][PASSED] - tabSection.DocumentCheckList.documentCheckListForCOApprover is PASSED

29-06-2024T18:37:55 - [TEST_STEP][PASSED] - Video: Video recording for test case 'Test Cases/Digital_NSTP/testCaseForCOApprover/DocumentChecklist' .

29-06-2024T18:37:55 - [MESSAGE][INFO] - Video recording for test case 'Test Cases/Digital_NSTP/testCaseForCOApprover/DocumentChecklist' .]]></system-out>
         <system-err><![CDATA[]]></system-err>
      </testcase>
      <testcase name="Test Cases/Digital_NSTP/testCaseForCOApprover/CollateralInformation" time="6.658" classname="Test Cases/Digital_NSTP/testCaseForCOApprover/CollateralInformation" status="PASSED">
         <system-out><![CDATA[29-06-2024T18:37:55 - [TEST_CASE][PASSED] - Test Cases/Digital_NSTP/testCaseForCOApprover/CollateralInformation: Test Cases/Digital_NSTP/testCaseForCOApprover/CollateralInformation

29-06-2024T18:37:55 - [TEST_STEP][PASSED] - tabSection.CollateralInformation.collateralInformationForCOApprover(): tabSection.CollateralInformation.collateralInformationForCOApprover is PASSED

29-06-2024T18:37:56 - [MESSAGE][PASSED] - Object: 'Object Repository/TabSection/CollateralInformation' is clicked on

29-06-2024T18:37:57 - [MESSAGE][PASSED] - Delayed 1 second(s)

29-06-2024T18:37:58 - [MESSAGE][PASSED] - Delayed 1 second(s)

29-06-2024T18:37:59 - [MESSAGE][PASSED] - Delayed 1 second(s)

29-06-2024T18:37:59 - [MESSAGE][PASSED] - Taking screenshot successfully
[[ATTACHMENT|D:\\newRCBCProject\\RCBCLOS_Automation\\Reports\\20240629_181257\\DigitalFlows\\NSTPDigitalLowCashout\\testSuiteForCOApproverNSTP\\20240629_181310\\Screenshots/COApprover29_06_2406_35_03/Regression29_06_24_06_37_58.jpg]]

29-06-2024T18:37:59 - [MESSAGE][PASSED] - tabSection.CollateralInformation.collateralInformationForCOApprover is PASSED

29-06-2024T18:38:01 - [TEST_STEP][PASSED] - Video: Video recording for test case 'Test Cases/Digital_NSTP/testCaseForCOApprover/CollateralInformation' .

29-06-2024T18:38:01 - [MESSAGE][INFO] - Video recording for test case 'Test Cases/Digital_NSTP/testCaseForCOApprover/CollateralInformation' .]]></system-out>
         <system-err><![CDATA[]]></system-err>
      </testcase>
      <testcase name="Test Cases/Digital_NSTP/testCaseForCOApprover/CheckEligibility" time="17.664" classname="Test Cases/Digital_NSTP/testCaseForCOApprover/CheckEligibility" status="PASSED">
         <system-out><![CDATA[29-06-2024T18:38:01 - [TEST_CASE][PASSED] - Test Cases/Digital_NSTP/testCaseForCOApprover/CheckEligibility: Test Cases/Digital_NSTP/testCaseForCOApprover/CheckEligibility

29-06-2024T18:38:02 - [TEST_STEP][PASSED] - tabSection.CheckEligibility.checkEligibilityForCOApprover(): tabSection.CheckEligibility.checkEligibilityForCOApprover is PASSED

29-06-2024T18:38:03 - [MESSAGE][PASSED] - Object: 'Object Repository/TabSection/checkEligibility' is clicked on

29-06-2024T18:38:04 - [MESSAGE][PASSED] - Delayed 1 second(s)

29-06-2024T18:38:05 - [MESSAGE][PASSED] - Delayed 1 second(s)

29-06-2024T18:38:06 - [MESSAGE][PASSED] - Delayed 1 second(s)

29-06-2024T18:38:06 - [MESSAGE][PASSED] - Taking screenshot successfully
[[ATTACHMENT|D:\\newRCBCProject\\RCBCLOS_Automation\\Reports\\20240629_181257\\DigitalFlows\\NSTPDigitalLowCashout\\testSuiteForCOApproverNSTP\\20240629_181310\\Screenshots/COApprover29_06_2406_35_03/Regression29_06_24_06_38_05.jpg]]

29-06-2024T18:38:07 - [MESSAGE][PASSED] - Object 'Object Repository/BackOffice/CheckEligibility/creditChecking' is present

29-06-2024T18:38:07 - [MESSAGE][PASSED] - Scroll to object 'Object Repository/BackOffice/CheckEligibility/creditChecking' successfully

29-06-2024T18:38:08 - [MESSAGE][PASSED] - Delayed 1 second(s)

29-06-2024T18:38:09 - [MESSAGE][PASSED] - Delayed 1 second(s)

29-06-2024T18:38:10 - [MESSAGE][PASSED] - Taking screenshot successfully
[[ATTACHMENT|D:\\newRCBCProject\\RCBCLOS_Automation\\Reports\\20240629_181257\\DigitalFlows\\NSTPDigitalLowCashout\\testSuiteForCOApproverNSTP\\20240629_181310\\Screenshots/COApprover29_06_2406_35_03/Regression29_06_24_06_38_08.jpg]]

29-06-2024T18:38:10 - [MESSAGE][PASSED] - Object 'Object Repository/BackOffice/CheckEligibility/NTBOrETBCheck' is present

29-06-2024T18:38:11 - [MESSAGE][PASSED] - Scroll to object 'Object Repository/BackOffice/CheckEligibility/NTBOrETBCheck' successfully

29-06-2024T18:38:12 - [MESSAGE][PASSED] - Delayed 1 second(s)

29-06-2024T18:38:13 - [MESSAGE][PASSED] - Delayed 1 second(s)

29-06-2024T18:38:13 - [MESSAGE][PASSED] - Taking screenshot successfully
[[ATTACHMENT|D:\\newRCBCProject\\RCBCLOS_Automation\\Reports\\20240629_181257\\DigitalFlows\\NSTPDigitalLowCashout\\testSuiteForCOApproverNSTP\\20240629_181310\\Screenshots/COApprover29_06_2406_35_03/Regression29_06_24_06_38_12.jpg]]

29-06-2024T18:38:14 - [MESSAGE][PASSED] - Object 'Object Repository/BackOffice/CheckEligibility/AMLRiskRating' is present

29-06-2024T18:38:14 - [MESSAGE][PASSED] - Scroll to object 'Object Repository/BackOffice/CheckEligibility/AMLRiskRating' successfully

29-06-2024T18:38:15 - [MESSAGE][PASSED] - Delayed 1 second(s)

29-06-2024T18:38:16 - [MESSAGE][PASSED] - Delayed 1 second(s)

29-06-2024T18:38:17 - [MESSAGE][PASSED] - Taking screenshot successfully
[[ATTACHMENT|D:\\newRCBCProject\\RCBCLOS_Automation\\Reports\\20240629_181257\\DigitalFlows\\NSTPDigitalLowCashout\\testSuiteForCOApproverNSTP\\20240629_181310\\Screenshots/COApprover29_06_2406_35_03/Regression29_06_24_06_38_15.jpg]]

29-06-2024T18:38:17 - [MESSAGE][PASSED] - tabSection.CheckEligibility.checkEligibilityForCOApprover is PASSED

29-06-2024T18:38:19 - [TEST_STEP][PASSED] - Video: Video recording for test case 'Test Cases/Digital_NSTP/testCaseForCOApprover/CheckEligibility' .

29-06-2024T18:38:19 - [MESSAGE][INFO] - Video recording for test case 'Test Cases/Digital_NSTP/testCaseForCOApprover/CheckEligibility' .]]></system-out>
         <system-err><![CDATA[]]></system-err>
      </testcase>
      <testcase name="Test Cases/Digital_NSTP/testCaseForCOApprover/CreditEvaluation" time="13.922" classname="Test Cases/Digital_NSTP/testCaseForCOApprover/CreditEvaluation" status="PASSED">
         <system-out><![CDATA[29-06-2024T18:38:19 - [TEST_CASE][PASSED] - Test Cases/Digital_NSTP/testCaseForCOApprover/CreditEvaluation: Test Cases/Digital_NSTP/testCaseForCOApprover/CreditEvaluation

29-06-2024T18:38:19 - [TEST_STEP][PASSED] - tabSection.CreditEvaluation.creditEvaluationForCOApproverNSTP(): tabSection.CreditEvaluation.creditEvaluationForCOApproverNSTP is PASSED

29-06-2024T18:38:20 - [MESSAGE][PASSED] - Object: 'Object Repository/TabSection/creditEvaluation' is clicked on

29-06-2024T18:38:21 - [MESSAGE][PASSED] - Delayed 1 second(s)

29-06-2024T18:38:22 - [MESSAGE][PASSED] - Delayed 1 second(s)

29-06-2024T18:38:23 - [MESSAGE][PASSED] - Delayed 1 second(s)

29-06-2024T18:38:24 - [MESSAGE][PASSED] - Taking screenshot successfully
[[ATTACHMENT|D:\\newRCBCProject\\RCBCLOS_Automation\\Reports\\20240629_181257\\DigitalFlows\\NSTPDigitalLowCashout\\testSuiteForCOApproverNSTP\\20240629_181310\\Screenshots/COApprover29_06_2406_35_03/Regression29_06_24_06_38_22.jpg]]

29-06-2024T18:38:24 - [MESSAGE][PASSED] - Object 'Object Repository/BackOffice/CreditEvaluation/otherCreditCheckings' is present

29-06-2024T18:38:25 - [MESSAGE][PASSED] - Scroll to object 'Object Repository/BackOffice/CreditEvaluation/otherCreditCheckings' successfully

29-06-2024T18:38:26 - [MESSAGE][PASSED] - Delayed 1 second(s)

29-06-2024T18:38:27 - [MESSAGE][PASSED] - Delayed 1 second(s)

29-06-2024T18:38:27 - [MESSAGE][PASSED] - Taking screenshot successfully
[[ATTACHMENT|D:\\newRCBCProject\\RCBCLOS_Automation\\Reports\\20240629_181257\\DigitalFlows\\NSTPDigitalLowCashout\\testSuiteForCOApproverNSTP\\20240629_181310\\Screenshots/COApprover29_06_2406_35_03/Regression29_06_24_06_38_26.jpg]]

29-06-2024T18:38:28 - [MESSAGE][PASSED] - Object 'Object Repository/BackOffice/CreditEvaluation/NTBBankCheck' is present

29-06-2024T18:38:28 - [MESSAGE][PASSED] - Scroll to object 'Object Repository/BackOffice/CreditEvaluation/NTBBankCheck' successfully

29-06-2024T18:38:29 - [MESSAGE][PASSED] - Delayed 1 second(s)

29-06-2024T18:38:30 - [MESSAGE][PASSED] - Delayed 1 second(s)

29-06-2024T18:38:31 - [MESSAGE][PASSED] - Taking screenshot successfully
[[ATTACHMENT|D:\\newRCBCProject\\RCBCLOS_Automation\\Reports\\20240629_181257\\DigitalFlows\\NSTPDigitalLowCashout\\testSuiteForCOApproverNSTP\\20240629_181310\\Screenshots/COApprover29_06_2406_35_03/Regression29_06_24_06_38_29.jpg]]

29-06-2024T18:38:31 - [MESSAGE][PASSED] - tabSection.CreditEvaluation.creditEvaluationForCOApproverNSTP is PASSED

29-06-2024T18:38:33 - [TEST_STEP][PASSED] - Video: Video recording for test case 'Test Cases/Digital_NSTP/testCaseForCOApprover/CreditEvaluation' .

29-06-2024T18:38:33 - [MESSAGE][INFO] - Video recording for test case 'Test Cases/Digital_NSTP/testCaseForCOApprover/CreditEvaluation' .]]></system-out>
         <system-err><![CDATA[]]></system-err>
      </testcase>
      <testcase name="Test Cases/Digital_NSTP/testCaseForCOApprover/Deviation" time="6.795" classname="Test Cases/Digital_NSTP/testCaseForCOApprover/Deviation" status="PASSED">
         <system-out><![CDATA[29-06-2024T18:38:33 - [TEST_CASE][PASSED] - Test Cases/Digital_NSTP/testCaseForCOApprover/Deviation: Test Cases/Digital_NSTP/testCaseForCOApprover/Deviation

29-06-2024T18:38:33 - [TEST_STEP][PASSED] - tabSection.Deviation.deviationForCOApprover(): tabSection.Deviation.deviationForCOApprover is PASSED

29-06-2024T18:38:34 - [MESSAGE][PASSED] - Object: 'Object Repository/TabSection/Devlations' is clicked on

29-06-2024T18:38:35 - [MESSAGE][PASSED] - Delayed 1 second(s)

29-06-2024T18:38:36 - [MESSAGE][PASSED] - Delayed 1 second(s)

29-06-2024T18:38:37 - [MESSAGE][PASSED] - Delayed 1 second(s)

29-06-2024T18:38:38 - [MESSAGE][PASSED] - Taking screenshot successfully
[[ATTACHMENT|D:\\newRCBCProject\\RCBCLOS_Automation\\Reports\\20240629_181257\\DigitalFlows\\NSTPDigitalLowCashout\\testSuiteForCOApproverNSTP\\20240629_181310\\Screenshots/COApprover29_06_2406_35_03/Regression29_06_24_06_38_36.jpg]]

29-06-2024T18:38:38 - [MESSAGE][PASSED] - tabSection.Deviation.deviationForCOApprover is PASSED

29-06-2024T18:38:40 - [TEST_STEP][PASSED] - Video: Video recording for test case 'Test Cases/Digital_NSTP/testCaseForCOApprover/Deviation' .

29-06-2024T18:38:40 - [MESSAGE][INFO] - Video recording for test case 'Test Cases/Digital_NSTP/testCaseForCOApprover/Deviation' .]]></system-out>
         <system-err><![CDATA[]]></system-err>
      </testcase>
      <testcase name="Test Cases/Digital_NSTP/testCaseForCOApprover/CreditInvestigation" time="10.015" classname="Test Cases/Digital_NSTP/testCaseForCOApprover/CreditInvestigation" status="PASSED">
         <system-out><![CDATA[29-06-2024T18:38:40 - [TEST_CASE][PASSED] - Test Cases/Digital_NSTP/testCaseForCOApprover/CreditInvestigation: Test Cases/Digital_NSTP/testCaseForCOApprover/CreditInvestigation

29-06-2024T18:38:40 - [TEST_STEP][PASSED] - tabSection.CreditInvestigation.creditInvestigationCOApprover(): tabSection.CreditInvestigation.creditInvestigationCOApprover is PASSED

29-06-2024T18:38:41 - [MESSAGE][PASSED] - Object: 'Object Repository/TabSection/creditInvestigation' is clicked on

29-06-2024T18:38:41 - [MESSAGE][PASSED] - Object 'Object Repository/BackOffice/AO/CI/CIRequestNumber' is clickable

29-06-2024T18:38:42 - [MESSAGE][PASSED] - Text of object 'Object Repository/BackOffice/AO/CI/CIRequestNumber' is: 'CI-00000002879'

29-06-2024T18:38:42 - [MESSAGE][INFO] - CI-2879

29-06-2024T18:38:42 - [MESSAGE][INFO] - CI is got......

29-06-2024T18:38:43 - [MESSAGE][PASSED] - Object 'Object Repository/BackOffice/AO/CI/CIRequestNumber2' is clickable

29-06-2024T18:38:43 - [MESSAGE][PASSED] - Text of object 'Object Repository/BackOffice/AO/CI/CIRequestNumber2' is: 'CI-00000002880'

29-06-2024T18:38:43 - [MESSAGE][INFO] - CI-2880

29-06-2024T18:38:43 - [MESSAGE][INFO] - CI is got......

29-06-2024T18:38:44 - [MESSAGE][PASSED] - Delayed 1 second(s)

29-06-2024T18:38:45 - [MESSAGE][PASSED] - Delayed 1 second(s)

29-06-2024T18:38:46 - [MESSAGE][PASSED] - Delayed 1 second(s)

29-06-2024T18:38:47 - [MESSAGE][PASSED] - Taking screenshot successfully
[[ATTACHMENT|D:\\newRCBCProject\\RCBCLOS_Automation\\Reports\\20240629_181257\\DigitalFlows\\NSTPDigitalLowCashout\\testSuiteForCOApproverNSTP\\20240629_181310\\Screenshots/COApprover29_06_2406_35_03/Regression29_06_24_06_38_45.jpg]]

29-06-2024T18:38:48 - [MESSAGE][PASSED] - Object: 'Object Repository/TabSection/nextArrowButton' is clicked on

29-06-2024T18:38:48 - [MESSAGE][PASSED] - tabSection.CreditInvestigation.creditInvestigationCOApprover is PASSED

29-06-2024T18:38:50 - [TEST_STEP][PASSED] - Video: Video recording for test case 'Test Cases/Digital_NSTP/testCaseForCOApprover/CreditInvestigation' .

29-06-2024T18:38:50 - [MESSAGE][INFO] - Video recording for test case 'Test Cases/Digital_NSTP/testCaseForCOApprover/CreditInvestigation' .]]></system-out>
         <system-err><![CDATA[]]></system-err>
      </testcase>
      <testcase name="Test Cases/Digital_NSTP/testCaseForCOApprover/InsuranceInformation" time="15.052" classname="Test Cases/Digital_NSTP/testCaseForCOApprover/InsuranceInformation" status="PASSED">
         <system-out><![CDATA[29-06-2024T18:38:50 - [TEST_CASE][PASSED] - Test Cases/Digital_NSTP/testCaseForCOApprover/InsuranceInformation: Test Cases/Digital_NSTP/testCaseForCOApprover/InsuranceInformation

29-06-2024T18:38:50 - [TEST_STEP][PASSED] - tabSection.InsuranceInformation.insuranceInformationForCOApprover(): tabSection.InsuranceInformation.insuranceInformationForCOApprover is PASSED

29-06-2024T18:38:51 - [MESSAGE][PASSED] - Object: 'Object Repository/TabSection/InsuranceInformation' is clicked on

29-06-2024T18:38:52 - [MESSAGE][PASSED] - Delayed 1 second(s)

29-06-2024T18:38:53 - [MESSAGE][PASSED] - Delayed 1 second(s)

29-06-2024T18:38:54 - [MESSAGE][PASSED] - Delayed 1 second(s)

29-06-2024T18:38:55 - [MESSAGE][PASSED] - Taking screenshot successfully
[[ATTACHMENT|D:\\newRCBCProject\\RCBCLOS_Automation\\Reports\\20240629_181257\\DigitalFlows\\NSTPDigitalLowCashout\\testSuiteForCOApproverNSTP\\20240629_181310\\Screenshots/COApprover29_06_2406_35_03/Regression29_06_24_06_38_53.jpg]]

29-06-2024T18:38:55 - [MESSAGE][PASSED] - Object 'Object Repository/BackOffice/InsuranceInformation/InsuranceInfo' is present

29-06-2024T18:38:56 - [MESSAGE][PASSED] - Scroll to object 'Object Repository/BackOffice/InsuranceInformation/InsuranceInfo' successfully

29-06-2024T18:38:57 - [MESSAGE][PASSED] - Delayed 1 second(s)

29-06-2024T18:38:58 - [MESSAGE][PASSED] - Delayed 1 second(s)

29-06-2024T18:38:58 - [MESSAGE][PASSED] - Taking screenshot successfully
[[ATTACHMENT|D:\\newRCBCProject\\RCBCLOS_Automation\\Reports\\20240629_181257\\DigitalFlows\\NSTPDigitalLowCashout\\testSuiteForCOApproverNSTP\\20240629_181310\\Screenshots/COApprover29_06_2406_35_03/Regression29_06_24_06_38_57.jpg]]

29-06-2024T18:38:59 - [MESSAGE][PASSED] - Object 'Object Repository/BackOffice/InsuranceInformation/coveragePremium' is present

29-06-2024T18:38:59 - [MESSAGE][PASSED] - Scroll to object 'Object Repository/BackOffice/InsuranceInformation/coveragePremium' successfully

29-06-2024T18:39:00 - [MESSAGE][PASSED] - Delayed 1 second(s)

29-06-2024T18:39:01 - [MESSAGE][PASSED] - Delayed 1 second(s)

29-06-2024T18:39:02 - [MESSAGE][PASSED] - Taking screenshot successfully
[[ATTACHMENT|D:\\newRCBCProject\\RCBCLOS_Automation\\Reports\\20240629_181257\\DigitalFlows\\NSTPDigitalLowCashout\\testSuiteForCOApproverNSTP\\20240629_181310\\Screenshots/COApprover29_06_2406_35_03/Regression29_06_24_06_39_00.jpg]]

29-06-2024T18:39:03 - [MESSAGE][PASSED] - Object: 'Object Repository/TabSection/nextArrowButton' is clicked on

29-06-2024T18:39:03 - [MESSAGE][PASSED] - tabSection.InsuranceInformation.insuranceInformationForCOApprover is PASSED

29-06-2024T18:39:05 - [TEST_STEP][PASSED] - Video: Video recording for test case 'Test Cases/Digital_NSTP/testCaseForCOApprover/InsuranceInformation' .

29-06-2024T18:39:05 - [MESSAGE][INFO] - Video recording for test case 'Test Cases/Digital_NSTP/testCaseForCOApprover/InsuranceInformation' .]]></system-out>
         <system-err><![CDATA[]]></system-err>
      </testcase>
      <testcase name="Test Cases/Digital_NSTP/testCaseForCOApprover/DisbursementInformation" time="7.505" classname="Test Cases/Digital_NSTP/testCaseForCOApprover/DisbursementInformation" status="PASSED">
         <system-out><![CDATA[29-06-2024T18:39:05 - [TEST_CASE][PASSED] - Test Cases/Digital_NSTP/testCaseForCOApprover/DisbursementInformation: Test Cases/Digital_NSTP/testCaseForCOApprover/DisbursementInformation

29-06-2024T18:39:05 - [TEST_STEP][PASSED] - tabSection.DisbursementInfo.disbursementInformationForCOApprover(): tabSection.DisbursementInfo.disbursementInformationForCOApprover is PASSED

29-06-2024T18:39:06 - [MESSAGE][PASSED] - Object: 'Object Repository/TabSection/DisbursementInformation' is clicked on

29-06-2024T18:39:07 - [MESSAGE][PASSED] - Delayed 1 second(s)

29-06-2024T18:39:08 - [MESSAGE][PASSED] - Delayed 1 second(s)

29-06-2024T18:39:09 - [MESSAGE][PASSED] - Delayed 1 second(s)

29-06-2024T18:39:09 - [MESSAGE][PASSED] - Taking screenshot successfully
[[ATTACHMENT|D:\\newRCBCProject\\RCBCLOS_Automation\\Reports\\20240629_181257\\DigitalFlows\\NSTPDigitalLowCashout\\testSuiteForCOApproverNSTP\\20240629_181310\\Screenshots/COApprover29_06_2406_35_03/Regression29_06_24_06_39_08.jpg]]

29-06-2024T18:39:10 - [MESSAGE][PASSED] - Object: 'Object Repository/TabSection/nextArrowButton' is clicked on

29-06-2024T18:39:10 - [MESSAGE][PASSED] - tabSection.DisbursementInfo.disbursementInformationForCOApprover is PASSED

29-06-2024T18:39:12 - [TEST_STEP][PASSED] - Video: Video recording for test case 'Test Cases/Digital_NSTP/testCaseForCOApprover/DisbursementInformation' .

29-06-2024T18:39:12 - [MESSAGE][INFO] - Video recording for test case 'Test Cases/Digital_NSTP/testCaseForCOApprover/DisbursementInformation' .]]></system-out>
         <system-err><![CDATA[]]></system-err>
      </testcase>
      <testcase name="Test Cases/Digital_NSTP/testCaseForCOApprover/SystemIntefaceStatus" time="7.641" classname="Test Cases/Digital_NSTP/testCaseForCOApprover/SystemIntefaceStatus" status="PASSED">
         <system-out><![CDATA[29-06-2024T18:39:12 - [TEST_CASE][PASSED] - Test Cases/Digital_NSTP/testCaseForCOApprover/SystemIntefaceStatus: Test Cases/Digital_NSTP/testCaseForCOApprover/SystemIntefaceStatus

29-06-2024T18:39:13 - [TEST_STEP][PASSED] - tabSection.SystemInterfaceStatus.systemInterfaceStatusForCOApprover(): tabSection.SystemInterfaceStatus.systemInterfaceStatusForCOApprover is PASSED

29-06-2024T18:39:13 - [MESSAGE][PASSED] - Object: 'Object Repository/TabSection/SystemInterfaceStatus' is clicked on

29-06-2024T18:39:15 - [MESSAGE][PASSED] - Delayed 1 second(s)

29-06-2024T18:39:16 - [MESSAGE][PASSED] - Delayed 1 second(s)

29-06-2024T18:39:17 - [MESSAGE][PASSED] - Delayed 1 second(s)

29-06-2024T18:39:17 - [MESSAGE][PASSED] - Taking screenshot successfully
[[ATTACHMENT|D:\\newRCBCProject\\RCBCLOS_Automation\\Reports\\20240629_181257\\DigitalFlows\\NSTPDigitalLowCashout\\testSuiteForCOApproverNSTP\\20240629_181310\\Screenshots/COApprover29_06_2406_35_03/Regression29_06_24_06_39_16.jpg]]

29-06-2024T18:39:18 - [MESSAGE][PASSED] - Object: 'Object Repository/TabSection/nextArrowButton' is clicked on

29-06-2024T18:39:18 - [MESSAGE][PASSED] - tabSection.SystemInterfaceStatus.systemInterfaceStatusForCOApprover is PASSED

29-06-2024T18:39:20 - [TEST_STEP][PASSED] - Video: Video recording for test case 'Test Cases/Digital_NSTP/testCaseForCOApprover/SystemIntefaceStatus' .

29-06-2024T18:39:20 - [MESSAGE][INFO] - Video recording for test case 'Test Cases/Digital_NSTP/testCaseForCOApprover/SystemIntefaceStatus' .]]></system-out>
         <system-err><![CDATA[]]></system-err>
      </testcase>
      <testcase name="Test Cases/Digital_NSTP/testCaseForCOApprover/AlertSummary" time="7.74" classname="Test Cases/Digital_NSTP/testCaseForCOApprover/AlertSummary" status="PASSED">
         <system-out><![CDATA[29-06-2024T18:39:20 - [TEST_CASE][PASSED] - Test Cases/Digital_NSTP/testCaseForCOApprover/AlertSummary: Test Cases/Digital_NSTP/testCaseForCOApprover/AlertSummary

29-06-2024T18:39:20 - [TEST_STEP][PASSED] - tabSection.AlertsSummary.alertsSummaryForCOApprover(): tabSection.AlertsSummary.alertsSummaryForCOApprover is PASSED

29-06-2024T18:39:21 - [MESSAGE][PASSED] - Object: 'Object Repository/TabSection/AlertSummary' is clicked on

29-06-2024T18:39:22 - [MESSAGE][PASSED] - Delayed 1 second(s)

29-06-2024T18:39:23 - [MESSAGE][PASSED] - Delayed 1 second(s)

29-06-2024T18:39:24 - [MESSAGE][PASSED] - Delayed 1 second(s)

29-06-2024T18:39:25 - [MESSAGE][PASSED] - Taking screenshot successfully
[[ATTACHMENT|D:\\newRCBCProject\\RCBCLOS_Automation\\Reports\\20240629_181257\\DigitalFlows\\NSTPDigitalLowCashout\\testSuiteForCOApproverNSTP\\20240629_181310\\Screenshots/COApprover29_06_2406_35_03/Regression29_06_24_06_39_23.jpg]]

29-06-2024T18:39:26 - [MESSAGE][PASSED] - Object: 'Object Repository/TabSection/nextArrowButton' is clicked on

29-06-2024T18:39:26 - [MESSAGE][PASSED] - tabSection.AlertsSummary.alertsSummaryForCOApprover is PASSED

29-06-2024T18:39:28 - [TEST_STEP][PASSED] - Video: Video recording for test case 'Test Cases/Digital_NSTP/testCaseForCOApprover/AlertSummary' .

29-06-2024T18:39:28 - [MESSAGE][INFO] - Video recording for test case 'Test Cases/Digital_NSTP/testCaseForCOApprover/AlertSummary' .]]></system-out>
         <system-err><![CDATA[]]></system-err>
      </testcase>
      <testcase name="Test Cases/Digital_NSTP/testCaseForCOApprover/Action" time="34.044" classname="Test Cases/Digital_NSTP/testCaseForCOApprover/Action" status="PASSED">
         <system-out><![CDATA[29-06-2024T18:39:28 - [TEST_CASE][PASSED] - Test Cases/Digital_NSTP/testCaseForCOApprover/Action: Test Cases/Digital_NSTP/testCaseForCOApprover/Action

29-06-2024T18:39:28 - [TEST_STEP][PASSED] - tabSection.Action.submitForAO(): tabSection.Action.submitForAO is PASSED

29-06-2024T18:39:32 - [MESSAGE][PASSED] - Object: 'Object Repository/TabSection/Action' is clicked on

29-06-2024T18:39:33 - [MESSAGE][PASSED] - Delayed 1 second(s)

29-06-2024T18:39:34 - [MESSAGE][PASSED] - Delayed 1 second(s)

29-06-2024T18:39:34 - [MESSAGE][PASSED] - Taking screenshot successfully
[[ATTACHMENT|D:\\newRCBCProject\\RCBCLOS_Automation\\Reports\\20240629_181257\\DigitalFlows\\NSTPDigitalLowCashout\\testSuiteForCOApproverNSTP\\20240629_181310\\Screenshots/COApprover29_06_2406_35_03/Regression29_06_24_06_39_33.jpg]]

29-06-2024T18:39:35 - [MESSAGE][PASSED] - Object 'Object Repository/Action/otherLoanDetail' is present

29-06-2024T18:39:36 - [MESSAGE][PASSED] - Scroll to object 'Object Repository/Action/otherLoanDetail' successfully

29-06-2024T18:39:37 - [MESSAGE][PASSED] - Delayed 1 second(s)

29-06-2024T18:39:38 - [MESSAGE][PASSED] - Delayed 1 second(s)

29-06-2024T18:39:38 - [MESSAGE][PASSED] - Taking screenshot successfully
[[ATTACHMENT|D:\\newRCBCProject\\RCBCLOS_Automation\\Reports\\20240629_181257\\DigitalFlows\\NSTPDigitalLowCashout\\testSuiteForCOApproverNSTP\\20240629_181310\\Screenshots/COApprover29_06_2406_35_03/Regression29_06_24_06_39_37.jpg]]

29-06-2024T18:39:39 - [MESSAGE][PASSED] - Object 'Object Repository/Action/Decision' is visible

29-06-2024T18:39:42 - [MESSAGE][PASSED] - All options with index in [1] are selected on object 'Object Repository/Action/Decision'

29-06-2024T18:39:43 - [MESSAGE][PASSED] - Text 'OK' is set on object 'Object Repository/Action/Remarks'

29-06-2024T18:39:43 - [MESSAGE][PASSED] - Current window's title is: 'CO_Approver : LOS-3588'

29-06-2024T18:39:44 - [MESSAGE][PASSED] - Text of object 'Object Repository/Action/referenceNumber' is: 'CO_Approver : LOS-3588'

29-06-2024T18:39:44 - [MESSAGE][INFO] - LOS-3588

29-06-2024T18:39:45 - [MESSAGE][PASSED] - Object: 'Object Repository/Action/SubmitButton' is clicked on

29-06-2024T18:39:46 - [MESSAGE][PASSED] - Taking screenshot successfully
[[ATTACHMENT|D:\\newRCBCProject\\RCBCLOS_Automation\\Reports\\20240629_181257\\DigitalFlows\\NSTPDigitalLowCashout\\testSuiteForCOApproverNSTP\\20240629_181310\\1719666586090.png]]

29-06-2024T18:39:47 - [MESSAGE][PASSED] - Delayed 1 second(s)

29-06-2024T18:39:48 - [MESSAGE][PASSED] - Delayed 1 second(s)

29-06-2024T18:39:49 - [MESSAGE][PASSED] - Delayed 1 second(s)

29-06-2024T18:39:49 - [MESSAGE][PASSED] - Taking screenshot successfully
[[ATTACHMENT|D:\\newRCBCProject\\RCBCLOS_Automation\\Reports\\20240629_181257\\DigitalFlows\\NSTPDigitalLowCashout\\testSuiteForCOApproverNSTP\\20240629_181310\\Screenshots/COApprover29_06_2406_35_03/Regression29_06_24_06_39_48.jpg]]

29-06-2024T18:39:58 - [MESSAGE][PASSED] - Object: 'Object Repository/Action/confirmYes' is clicked on

29-06-2024T18:40:00 - [MESSAGE][PASSED] - Delayed 2 second(s)

29-06-2024T18:40:00 - [MESSAGE][PASSED] - tabSection.Action.submitForAO is PASSED

29-06-2024T18:40:02 - [TEST_STEP][PASSED] - Video: Video recording for test case 'Test Cases/Digital_NSTP/testCaseForCOApprover/Action' .

29-06-2024T18:40:02 - [MESSAGE][INFO] - Video recording for test case 'Test Cases/Digital_NSTP/testCaseForCOApprover/Action' .]]></system-out>
         <system-err><![CDATA[]]></system-err>
      </testcase>
      <testcase name="Test Cases/LogOut/logout" time="20.812" classname="Test Cases/LogOut/logout" status="PASSED">
         <system-out><![CDATA[29-06-2024T18:40:02 - [TEST_CASE][PASSED] - Test Cases/LogOut/logout: Test Cases/LogOut/logout

29-06-2024T18:40:02 - [TEST_STEP][PASSED] - signOutibps.SignOut.logout(): signOutibps.SignOut.logout is PASSED

29-06-2024T18:40:02 - [MESSAGE][PASSED] - Switched to window with index: '0'

29-06-2024T18:40:03 - [MESSAGE][PASSED] - Delayed 1 second(s)

29-06-2024T18:40:04 - [MESSAGE][PASSED] - All options with index in [2] are selected on object 'Object Repository/ibpsLogOut/selectProcess'

29-06-2024T18:40:05 - [MESSAGE][PASSED] - Delayed 1 second(s)

29-06-2024T18:40:06 - [MESSAGE][PASSED] - Object: 'Object Repository/ibpsLogOut/searchBar' is double clicked on

29-06-2024T18:40:07 - [MESSAGE][PASSED] - Keys 'LOS-3588' sent to object: 'Object Repository/ibpsLogOut/searchBar'

29-06-2024T18:40:09 - [MESSAGE][PASSED] - Keys 'ENTER + ' sent to object: 'Object Repository/ibpsLogOut/searchBar'

29-06-2024T18:40:10 - [MESSAGE][PASSED] - Delayed 1 second(s)

29-06-2024T18:40:11 - [MESSAGE][PASSED] - Delayed 1 second(s)

29-06-2024T18:40:12 - [MESSAGE][PASSED] - Delayed 1 second(s)

29-06-2024T18:40:12 - [MESSAGE][PASSED] - Taking screenshot successfully
[[ATTACHMENT|D:\\newRCBCProject\\RCBCLOS_Automation\\Reports\\20240629_181257\\DigitalFlows\\NSTPDigitalLowCashout\\testSuiteForCOApproverNSTP\\20240629_181310\\Screenshots/COApprover29_06_2406_35_03/Regression29_06_24_06_40_11.jpg]]

29-06-2024T18:40:14 - [MESSAGE][PASSED] - Delayed 2 second(s)

29-06-2024T18:40:15 - [MESSAGE][PASSED] - Object: 'Object Repository/ibpsLogOut/label_QK_CO7' is clicked on

29-06-2024T18:40:17 - [MESSAGE][PASSED] - Delayed 2 second(s)

29-06-2024T18:40:17 - [MESSAGE][PASSED] - Object: 'Object Repository/ibpsLogOut/Logout' is clicked on

29-06-2024T18:40:18 - [MESSAGE][PASSED] - Delayed 1 second(s)

29-06-2024T18:40:19 - [MESSAGE][PASSED] - Delayed 1 second(s)

29-06-2024T18:40:20 - [MESSAGE][PASSED] - Delayed 1 second(s)

29-06-2024T18:40:21 - [MESSAGE][PASSED] - Taking screenshot successfully
[[ATTACHMENT|D:\\newRCBCProject\\RCBCLOS_Automation\\Reports\\20240629_181257\\DigitalFlows\\NSTPDigitalLowCashout\\testSuiteForCOApproverNSTP\\20240629_181310\\Screenshots/COApprover29_06_2406_35_03/Regression29_06_24_06_40_19.jpg]]

29-06-2024T18:40:21 - [MESSAGE][PASSED] - signOutibps.SignOut.logout is PASSED

29-06-2024T18:40:23 - [TEST_STEP][PASSED] - Video: Video recording for test case 'Test Cases/LogOut/logout' .

29-06-2024T18:40:23 - [MESSAGE][INFO] - Video recording for test case 'Test Cases/LogOut/logout' .]]></system-out>
         <system-err><![CDATA[]]></system-err>
      </testcase>
      <system-out><![CDATA[29-06-2024T18:34:42 - [TEST_SUITE][PASSED] - testSuiteForCOApproverNSTP: Test Cases/LogOut/logout]]></system-out>
      <system-err><![CDATA[]]></system-err>
   </testsuite>
</testsuites>
