<?xml version="1.0" encoding="UTF-8"?>
<testsuites name="testSuiteNSTPPreAndPost" time="581.397" tests="10" failures="0" errors="0">
   <testsuite name="testSuiteNSTPPreAndPost" tests="10" failures="0" errors="0" time="581.397" skipped="0" timestamp="29-06-2024T18:40:37" hostname="Adarsh.Lohar - QKNBK2037.qkcorp.qualitykiosk.com" id="Test Suites/DigitalFlows/NSTPDigitalLowCashout/testSuiteNSTPPreAndPost">
      <properties>
         <property name="deviceName" value=""/>
         <property name="devicePlatform"/>
         <property name="logFolder" value="D:\\newRCBCProject\\RCBCLOS_Automation\\Reports\\20240629_181257\\DigitalFlows\\NSTPDigitalLowCashout\\testSuiteNSTPPreAndPost\\20240629_181312"/>
         <property name="logFiles" value="D:\\newRCBCProject\\RCBCLOS_Automation\\Reports\\20240629_181257\\DigitalFlows\\NSTPDigitalLowCashout\\testSuiteNSTPPreAndPost\\20240629_181312\\execution0.log"/>
         <property name="attachments" value="D:\\newRCBCProject\\RCBCLOS_Automation\\Reports\\20240629_181257\\DigitalFlows\\NSTPDigitalLowCashout\\testSuiteNSTPPreAndPost\\20240629_181312\\Screenshots/Portal29_06_2406_40_58/Regression29_06_24_06_40_59.jpg, D:\\newRCBCProject\\RCBCLOS_Automation\\Reports\\20240629_181257\\DigitalFlows\\NSTPDigitalLowCashout\\testSuiteNSTPPreAndPost\\20240629_181312\\Screenshots/Portal29_06_2406_40_58/Regression29_06_24_06_41_09.jpg, D:\\newRCBCProject\\RCBCLOS_Automation\\Reports\\20240629_181257\\DigitalFlows\\NSTPDigitalLowCashout\\testSuiteNSTPPreAndPost\\20240629_181312\\Screenshots/PrePost29_06_2406_42_04/Regression29_06_24_06_42_05.jpg, D:\\newRCBCProject\\RCBCLOS_Automation\\Reports\\20240629_181257\\DigitalFlows\\NSTPDigitalLowCashout\\testSuiteNSTPPreAndPost\\20240629_181312\\Screenshots/PrePost29_06_2406_42_04/Regression29_06_24_06_43_05.jpg, D:\\newRCBCProject\\RCBCLOS_Automation\\Reports\\20240629_181257\\DigitalFlows\\NSTPDigitalLowCashout\\testSuiteNSTPPreAndPost\\20240629_181312\\Screenshots/PrePost29_06_2406_42_04/Regression29_06_24_06_43_09.jpg, D:\\newRCBCProject\\RCBCLOS_Automation\\Reports\\20240629_181257\\DigitalFlows\\NSTPDigitalLowCashout\\testSuiteNSTPPreAndPost\\20240629_181312\\Screenshots/PrePost29_06_2406_42_04/Regression29_06_24_06_43_12.jpg, D:\\newRCBCProject\\RCBCLOS_Automation\\Reports\\20240629_181257\\DigitalFlows\\NSTPDigitalLowCashout\\testSuiteNSTPPreAndPost\\20240629_181312\\Screenshots/PrePost29_06_2406_42_04/Regression29_06_24_06_43_16.jpg, D:\\newRCBCProject\\RCBCLOS_Automation\\Reports\\20240629_181257\\DigitalFlows\\NSTPDigitalLowCashout\\testSuiteNSTPPreAndPost\\20240629_181312\\Screenshots/PrePost29_06_2406_42_04/Regression29_06_24_06_43_20.jpg, D:\\newRCBCProject\\RCBCLOS_Automation\\Reports\\20240629_181257\\DigitalFlows\\NSTPDigitalLowCashout\\testSuiteNSTPPreAndPost\\20240629_181312\\Screenshots/PrePost29_06_2406_42_04/Regression29_06_24_06_43_23.jpg, D:\\newRCBCProject\\RCBCLOS_Automation\\Reports\\20240629_181257\\DigitalFlows\\NSTPDigitalLowCashout\\testSuiteNSTPPreAndPost\\20240629_181312\\Screenshots/PrePost29_06_2406_42_04/Regression29_06_24_06_43_27.jpg, D:\\newRCBCProject\\RCBCLOS_Automation\\Reports\\20240629_181257\\DigitalFlows\\NSTPDigitalLowCashout\\testSuiteNSTPPreAndPost\\20240629_181312\\Screenshots/PrePost29_06_2406_42_04/Regression29_06_24_06_43_30.jpg, D:\\newRCBCProject\\RCBCLOS_Automation\\Reports\\20240629_181257\\DigitalFlows\\NSTPDigitalLowCashout\\testSuiteNSTPPreAndPost\\20240629_181312\\Screenshots/PrePost29_06_2406_42_04/Regression29_06_24_06_43_42.jpg, D:\\newRCBCProject\\RCBCLOS_Automation\\Reports\\20240629_181257\\DigitalFlows\\NSTPDigitalLowCashout\\testSuiteNSTPPreAndPost\\20240629_181312\\Screenshots/PrePost29_06_2406_42_04/Regression29_06_24_06_43_47.jpg, D:\\newRCBCProject\\RCBCLOS_Automation\\Reports\\20240629_181257\\DigitalFlows\\NSTPDigitalLowCashout\\testSuiteNSTPPreAndPost\\20240629_181312\\Screenshots/PrePost29_06_2406_42_04/Regression29_06_24_06_43_55.jpg, D:\\newRCBCProject\\RCBCLOS_Automation\\Reports\\20240629_181257\\DigitalFlows\\NSTPDigitalLowCashout\\testSuiteNSTPPreAndPost\\20240629_181312\\Screenshots/PrePost29_06_2406_42_04/Regression29_06_24_06_44_03.jpg, D:\\newRCBCProject\\RCBCLOS_Automation\\Reports\\20240629_181257\\DigitalFlows\\NSTPDigitalLowCashout\\testSuiteNSTPPreAndPost\\20240629_181312\\Screenshots/PrePost29_06_2406_42_04/Regression29_06_24_06_44_23.jpg, D:\\newRCBCProject\\RCBCLOS_Automation\\Reports\\20240629_181257\\DigitalFlows\\NSTPDigitalLowCashout\\testSuiteNSTPPreAndPost\\20240629_181312\\Screenshots/PrePost29_06_2406_42_04/Regression29_06_24_06_44_26.jpg, D:\\newRCBCProject\\RCBCLOS_Automation\\Reports\\20240629_181257\\DigitalFlows\\NSTPDigitalLowCashout\\testSuiteNSTPPreAndPost\\20240629_181312\\Screenshots/PrePost29_06_2406_42_04/Regression29_06_24_06_44_34.jpg, D:\\newRCBCProject\\RCBCLOS_Automation\\Reports\\20240629_181257\\DigitalFlows\\NSTPDigitalLowCashout\\testSuiteNSTPPreAndPost\\20240629_181312\\Screenshots/PrePost29_06_2406_42_04/Regression29_06_24_06_44_39.jpg, D:\\newRCBCProject\\RCBCLOS_Automation\\Reports\\20240629_181257\\DigitalFlows\\NSTPDigitalLowCashout\\testSuiteNSTPPreAndPost\\20240629_181312\\Screenshots/PrePost29_06_2406_42_04/Regression29_06_24_06_44_45.jpg, D:\\newRCBCProject\\RCBCLOS_Automation\\Reports\\20240629_181257\\DigitalFlows\\NSTPDigitalLowCashout\\testSuiteNSTPPreAndPost\\20240629_181312\\Screenshots/PrePost29_06_2406_42_04/Regression29_06_24_06_44_55.jpg, D:\\newRCBCProject\\RCBCLOS_Automation\\Reports\\20240629_181257\\DigitalFlows\\NSTPDigitalLowCashout\\testSuiteNSTPPreAndPost\\20240629_181312\\Screenshots/PrePost29_06_2406_42_04/Regression29_06_24_06_45_04.jpg, D:\\newRCBCProject\\RCBCLOS_Automation\\Reports\\20240629_181257\\DigitalFlows\\NSTPDigitalLowCashout\\testSuiteNSTPPreAndPost\\20240629_181312\\Screenshots/PrePost29_06_2406_42_04/Regression29_06_24_06_45_08.jpg, D:\\newRCBCProject\\RCBCLOS_Automation\\Reports\\20240629_181257\\DigitalFlows\\NSTPDigitalLowCashout\\testSuiteNSTPPreAndPost\\20240629_181312\\Screenshots/PrePost29_06_2406_42_04/Regression29_06_24_06_45_11.jpg, D:\\newRCBCProject\\RCBCLOS_Automation\\Reports\\20240629_181257\\DigitalFlows\\NSTPDigitalLowCashout\\testSuiteNSTPPreAndPost\\20240629_181312\\Screenshots/PrePost29_06_2406_42_04/Regression29_06_24_06_45_15.jpg, D:\\newRCBCProject\\RCBCLOS_Automation\\Reports\\20240629_181257\\DigitalFlows\\NSTPDigitalLowCashout\\testSuiteNSTPPreAndPost\\20240629_181312\\Screenshots/PrePost29_06_2406_42_04/Regression29_06_24_06_45_18.jpg, D:\\newRCBCProject\\RCBCLOS_Automation\\Reports\\20240629_181257\\DigitalFlows\\NSTPDigitalLowCashout\\testSuiteNSTPPreAndPost\\20240629_181312\\Screenshots/PrePost29_06_2406_42_04/Regression29_06_24_06_45_22.jpg, D:\\newRCBCProject\\RCBCLOS_Automation\\Reports\\20240629_181257\\DigitalFlows\\NSTPDigitalLowCashout\\testSuiteNSTPPreAndPost\\20240629_181312\\Screenshots/PrePost29_06_2406_42_04/Regression29_06_24_06_46_04.jpg, D:\\newRCBCProject\\RCBCLOS_Automation\\Reports\\20240629_181257\\DigitalFlows\\NSTPDigitalLowCashout\\testSuiteNSTPPreAndPost\\20240629_181312\\Screenshots/PrePost29_06_2406_42_04/Regression29_06_24_06_46_13.jpg, D:\\newRCBCProject\\RCBCLOS_Automation\\Reports\\20240629_181257\\DigitalFlows\\NSTPDigitalLowCashout\\testSuiteNSTPPreAndPost\\20240629_181312\\Screenshots/PrePost29_06_2406_42_04/Regression29_06_24_06_46_24.jpg, D:\\newRCBCProject\\RCBCLOS_Automation\\Reports\\20240629_181257\\DigitalFlows\\NSTPDigitalLowCashout\\testSuiteNSTPPreAndPost\\20240629_181312\\Screenshots/PrePost29_06_2406_42_04/Regression29_06_24_06_46_35.jpg, D:\\newRCBCProject\\RCBCLOS_Automation\\Reports\\20240629_181257\\DigitalFlows\\NSTPDigitalLowCashout\\testSuiteNSTPPreAndPost\\20240629_181312\\Screenshots/PrePost29_06_2406_42_04/Regression29_06_24_06_46_45.jpg, D:\\newRCBCProject\\RCBCLOS_Automation\\Reports\\20240629_181257\\DigitalFlows\\NSTPDigitalLowCashout\\testSuiteNSTPPreAndPost\\20240629_181312\\Screenshots/PrePost29_06_2406_42_04/Regression29_06_24_06_46_56.jpg, D:\\newRCBCProject\\RCBCLOS_Automation\\Reports\\20240629_181257\\DigitalFlows\\NSTPDigitalLowCashout\\testSuiteNSTPPreAndPost\\20240629_181312\\Screenshots/PrePost29_06_2406_42_04/Regression29_06_24_06_47_07.jpg, D:\\newRCBCProject\\RCBCLOS_Automation\\Reports\\20240629_181257\\DigitalFlows\\NSTPDigitalLowCashout\\testSuiteNSTPPreAndPost\\20240629_181312\\Screenshots/PrePost29_06_2406_42_04/Regression29_06_24_06_47_17.jpg, D:\\newRCBCProject\\RCBCLOS_Automation\\Reports\\20240629_181257\\DigitalFlows\\NSTPDigitalLowCashout\\testSuiteNSTPPreAndPost\\20240629_181312\\Screenshots/PrePost29_06_2406_42_04/Regression29_06_24_06_47_29.jpg, D:\\newRCBCProject\\RCBCLOS_Automation\\Reports\\20240629_181257\\DigitalFlows\\NSTPDigitalLowCashout\\testSuiteNSTPPreAndPost\\20240629_181312\\Screenshots/PrePost29_06_2406_42_04/Regression29_06_24_06_47_41.jpg, D:\\newRCBCProject\\RCBCLOS_Automation\\Reports\\20240629_181257\\DigitalFlows\\NSTPDigitalLowCashout\\testSuiteNSTPPreAndPost\\20240629_181312\\Screenshots/PrePost29_06_2406_42_04/Regression29_06_24_06_47_48.jpg, D:\\newRCBCProject\\RCBCLOS_Automation\\Reports\\20240629_181257\\DigitalFlows\\NSTPDigitalLowCashout\\testSuiteNSTPPreAndPost\\20240629_181312\\Screenshots/PrePost29_06_2406_42_04/Regression29_06_24_06_47_52.jpg, D:\\newRCBCProject\\RCBCLOS_Automation\\Reports\\20240629_181257\\DigitalFlows\\NSTPDigitalLowCashout\\testSuiteNSTPPreAndPost\\20240629_181312\\Screenshots/PrePost29_06_2406_42_04/Regression29_06_24_06_48_01.jpg, D:\\newRCBCProject\\RCBCLOS_Automation\\Reports\\20240629_181257\\DigitalFlows\\NSTPDigitalLowCashout\\testSuiteNSTPPreAndPost\\20240629_181312\\Screenshots/PrePost29_06_2406_42_04/Regression29_06_24_06_48_10.jpg, D:\\newRCBCProject\\RCBCLOS_Automation\\Reports\\20240629_181257\\DigitalFlows\\NSTPDigitalLowCashout\\testSuiteNSTPPreAndPost\\20240629_181312\\Screenshots/PrePost29_06_2406_42_04/Regression29_06_24_06_48_19.jpg, D:\\newRCBCProject\\RCBCLOS_Automation\\Reports\\20240629_181257\\DigitalFlows\\NSTPDigitalLowCashout\\testSuiteNSTPPreAndPost\\20240629_181312\\Screenshots/PrePost29_06_2406_42_04/Regression29_06_24_06_48_26.jpg, D:\\newRCBCProject\\RCBCLOS_Automation\\Reports\\20240629_181257\\DigitalFlows\\NSTPDigitalLowCashout\\testSuiteNSTPPreAndPost\\20240629_181312\\Screenshots/PrePost29_06_2406_42_04/Regression29_06_24_06_48_34.jpg, D:\\newRCBCProject\\RCBCLOS_Automation\\Reports\\20240629_181257\\DigitalFlows\\NSTPDigitalLowCashout\\testSuiteNSTPPreAndPost\\20240629_181312\\1719667116655.png, D:\\newRCBCProject\\RCBCLOS_Automation\\Reports\\20240629_181257\\DigitalFlows\\NSTPDigitalLowCashout\\testSuiteNSTPPreAndPost\\20240629_181312\\Screenshots/PrePost29_06_2406_48_49/Regression29_06_24_06_48_50.jpg, D:\\newRCBCProject\\RCBCLOS_Automation\\Reports\\20240629_181257\\DigitalFlows\\NSTPDigitalLowCashout\\testSuiteNSTPPreAndPost\\20240629_181312\\Screenshots/PrePost29_06_2406_48_49/Regression29_06_24_06_49_23.jpg, D:\\newRCBCProject\\RCBCLOS_Automation\\Reports\\20240629_181257\\DigitalFlows\\NSTPDigitalLowCashout\\testSuiteNSTPPreAndPost\\20240629_181312\\Screenshots/PrePost29_06_2406_48_49/Regression29_06_24_06_49_28.jpg, D:\\newRCBCProject\\RCBCLOS_Automation\\Reports\\20240629_181257\\DigitalFlows\\NSTPDigitalLowCashout\\testSuiteNSTPPreAndPost\\20240629_181312\\Screenshots/PrePost29_06_2406_48_49/Regression29_06_24_06_49_36.jpg, D:\\newRCBCProject\\RCBCLOS_Automation\\Reports\\20240629_181257\\DigitalFlows\\NSTPDigitalLowCashout\\testSuiteNSTPPreAndPost\\20240629_181312\\Screenshots/PrePost29_06_2406_48_49/Regression29_06_24_06_49_42.jpg, D:\\newRCBCProject\\RCBCLOS_Automation\\Reports\\20240629_181257\\DigitalFlows\\NSTPDigitalLowCashout\\testSuiteNSTPPreAndPost\\20240629_181312\\Screenshots/PrePost29_06_2406_48_49/Regression29_06_24_06_49_48.jpg, D:\\newRCBCProject\\RCBCLOS_Automation\\Reports\\20240629_181257\\DigitalFlows\\NSTPDigitalLowCashout\\testSuiteNSTPPreAndPost\\20240629_181312\\Screenshots/PrePost29_06_2406_48_49/Regression29_06_24_06_49_55.jpg, D:\\newRCBCProject\\RCBCLOS_Automation\\Reports\\20240629_181257\\DigitalFlows\\NSTPDigitalLowCashout\\testSuiteNSTPPreAndPost\\20240629_181312\\1719667205817.png, D:\\newRCBCProject\\RCBCLOS_Automation\\Reports\\20240629_181257\\DigitalFlows\\NSTPDigitalLowCashout\\testSuiteNSTPPreAndPost\\20240629_181312\\Screenshots/PrePost29_06_2406_48_49/Regression29_06_24_06_50_07.jpg"/>
         <property name="hostName" value="Adarsh.Lohar - QKNBK2037.qkcorp.qualitykiosk.com"/>
         <property name="os" value="Windows 10 64bit"/>
         <property name="katalonVersion" value="9.5.0.217"/>
         <property name="browser" value="Edge Chromium 126"/>
         <property name="hostAddress" value="192.168.0.103"/>
         <property name="sessionId" value="e1cb50c85b413e0fc27b3d5a66863396"/>
         <property name="seleniumVersion" value="3.141.59"/>
         <property name="proxyInformation" value="ProxyInformation { proxyOption=NO_PROXY, proxyServerType=HTTP, username=, password=********, proxyServerAddress=, proxyServerPort=0, executionList=&quot;&quot;, isApplyToDesiredCapabilities=true }"/>
         <property name="platform" value="Windows 10"/>
      </properties>
      <testcase name="Test Cases/Digital_STPWithAndWithoutAPI/DigitalPotal/LoginPage" time="28.837" classname="Test Cases/Digital_STPWithAndWithoutAPI/DigitalPotal/LoginPage" status="PASSED">
         <system-out><![CDATA[29-06-2024T18:40:37 - [TEST_CASE][PASSED] - Test Cases/Digital_STPWithAndWithoutAPI/DigitalPotal/LoginPage: Test Cases/Digital_STPWithAndWithoutAPI/DigitalPotal/LoginPage

29-06-2024T18:40:39 - [TEST_STEP][PASSED] - loginPage.LoginPage.login_Page(): loginPage.LoginPage.login_Page is PASSED

29-06-2024T18:40:40 - [MESSAGE][INFO] - Starting 'Edge Chromium' driver

29-06-2024T18:40:42 - [MESSAGE][INFO] - Action delay is set to 0 milliseconds

29-06-2024T18:40:47 - [MESSAGE][PASSED] - Browser is opened with url: ''

29-06-2024T18:40:47 - [MESSAGE][PASSED] - Current window maximized

29-06-2024T18:40:50 - [MESSAGE][PASSED] - Navigate to 'https://rcbcuat.nonprodnmc.com/LoanPortal' successfully

29-06-2024T18:40:56 - [MESSAGE][PASSED] - Text 'QK_Dealer7' is set on object 'Object Repository/LoginPage/email'

29-06-2024T18:40:56 - [MESSAGE][PASSED] - Text ****** has been set on object 'Object Repository/LoginPage/password'

29-06-2024T18:40:58 - [MESSAGE][PASSED] - Delayed 1 second(s)

29-06-2024T18:40:59 - [MESSAGE][PASSED] - Delayed 1 second(s)

29-06-2024T18:41:00 - [MESSAGE][PASSED] - Delayed 1 second(s)

29-06-2024T18:41:01 - [MESSAGE][PASSED] - Taking screenshot successfully
[[ATTACHMENT|D:\\newRCBCProject\\RCBCLOS_Automation\\Reports\\20240629_181257\\DigitalFlows\\NSTPDigitalLowCashout\\testSuiteNSTPPreAndPost\\20240629_181312\\Screenshots/Portal29_06_2406_40_58/Regression29_06_24_06_40_59.jpg]]

29-06-2024T18:41:01 - [MESSAGE][PASSED] - Object: 'Object Repository/LoginPage/log_in' is clicked on

29-06-2024T18:41:04 - [MESSAGE][PASSED] - Object 'Object Repository/HomePage/Auto_Loan_Portal' is present

29-06-2024T18:41:04 - [MESSAGE][INFO] - We are in Home Page

29-06-2024T18:41:04 - [MESSAGE][PASSED] - loginPage.LoginPage.login_Page is PASSED

29-06-2024T18:41:06 - [TEST_STEP][PASSED] - Video: Video recording for test case 'Test Cases/Digital_STPWithAndWithoutAPI/DigitalPotal/LoginPage' .

29-06-2024T18:41:06 - [MESSAGE][INFO] - Video recording for test case 'Test Cases/Digital_STPWithAndWithoutAPI/DigitalPotal/LoginPage' .]]></system-out>
         <system-err><![CDATA[]]></system-err>
      </testcase>
      <testcase name="Test Cases/Base_Scripts/TestCaseForManageLoanPreAndPost/homepage" time="56.514" classname="Test Cases/Base_Scripts/TestCaseForManageLoanPreAndPost/homepage" status="PASSED">
         <system-out><![CDATA[29-06-2024T18:41:06 - [TEST_CASE][PASSED] - Test Cases/Base_Scripts/TestCaseForManageLoanPreAndPost/homepage: Test Cases/Base_Scripts/TestCaseForManageLoanPreAndPost/homepage

29-06-2024T18:41:07 - [TEST_STEP][PASSED] - autoLoanProtal.SelectManageLoans.selectToManageLoan(): autoLoanProtal.SelectManageLoans.selectToManageLoan is PASSED

29-06-2024T18:41:07 - [MESSAGE][PASSED] - Wait for page load successfully

29-06-2024T18:41:08 - [MESSAGE][PASSED] - Delayed 1 second(s)

29-06-2024T18:41:09 - [MESSAGE][PASSED] - Delayed 1 second(s)

29-06-2024T18:41:10 - [MESSAGE][PASSED] - Delayed 1 second(s)

29-06-2024T18:41:11 - [MESSAGE][PASSED] - Taking screenshot successfully
[[ATTACHMENT|D:\\newRCBCProject\\RCBCLOS_Automation\\Reports\\20240629_181257\\DigitalFlows\\NSTPDigitalLowCashout\\testSuiteNSTPPreAndPost\\20240629_181312\\Screenshots/Portal29_06_2406_40_58/Regression29_06_24_06_41_09.jpg]]

29-06-2024T18:42:01 - [MESSAGE][PASSED] - Object: 'Object Repository/HomePage/ManageLoans' is clicked on

29-06-2024T18:42:01 - [MESSAGE][PASSED] - autoLoanProtal.SelectManageLoans.selectToManageLoan is PASSED

29-06-2024T18:42:03 - [TEST_STEP][PASSED] - Video: Video recording for test case 'Test Cases/Base_Scripts/TestCaseForManageLoanPreAndPost/homepage' .

29-06-2024T18:42:03 - [MESSAGE][INFO] - Video recording for test case 'Test Cases/Base_Scripts/TestCaseForManageLoanPreAndPost/homepage' .]]></system-out>
         <system-err><![CDATA[]]></system-err>
      </testcase>
      <testcase name="Test Cases/Base_Scripts/TestCaseForPreAndPost/ApplicationPageForPreAndPost" time="51.256" classname="Test Cases/Base_Scripts/TestCaseForPreAndPost/ApplicationPageForPreAndPost" status="PASSED">
         <system-out><![CDATA[29-06-2024T18:42:03 - [TEST_CASE][PASSED] - Test Cases/Base_Scripts/TestCaseForPreAndPost/ApplicationPageForPreAndPost: Test Cases/Base_Scripts/TestCaseForPreAndPost/ApplicationPageForPreAndPost

29-06-2024T18:42:03 - [TEST_STEP][PASSED] - tabSection.ApplicationSection.applicationSectionTab(show, sortBy): tabSection.ApplicationSection.applicationSectionTab is PASSED

29-06-2024T18:42:03 - [MESSAGE][PASSED] - Wait for page load successfully

29-06-2024T18:42:04 - [MESSAGE][PASSED] - Delayed 1 second(s)

29-06-2024T18:42:05 - [MESSAGE][PASSED] - Delayed 1 second(s)

29-06-2024T18:42:06 - [MESSAGE][PASSED] - Delayed 1 second(s)

29-06-2024T18:42:07 - [MESSAGE][PASSED] - Taking screenshot successfully
[[ATTACHMENT|D:\\newRCBCProject\\RCBCLOS_Automation\\Reports\\20240629_181257\\DigitalFlows\\NSTPDigitalLowCashout\\testSuiteNSTPPreAndPost\\20240629_181312\\Screenshots/PrePost29_06_2406_42_04/Regression29_06_24_06_42_05.jpg]]

29-06-2024T18:42:07 - [MESSAGE][PASSED] - Object: 'Object Repository/AdditionalInformationWithoutAPI/ApplicationPage/show' is clicked on

29-06-2024T18:42:36 - [MESSAGE][PASSED] - All options with value '2' are selected in object 'Object Repository/AdditionalInformationWithoutAPI/ApplicationPage/show'  using regular expression

29-06-2024T18:42:41 - [MESSAGE][PASSED] - Delayed 5 second(s)

29-06-2024T18:42:42 - [MESSAGE][PASSED] - All options with value '1' are selected in object 'Object Repository/AdditionalInformationWithoutAPI/ApplicationPage/sortBy'  using regular expression

29-06-2024T18:42:43 - [MESSAGE][PASSED] - Object 'Object Repository/AdditionalInformationWithoutAPI/ApplicationPage/searchBy' is clickable

29-06-2024T18:42:43 - [MESSAGE][PASSED] - Object 'Object Repository/AdditionalInformationWithoutAPI/ApplicationPage/autoLoanPortal' is clickable

29-06-2024T18:42:44 - [MESSAGE][PASSED] - Object 'Object Repository/AdditionalInformationWithoutAPI/ApplicationPage/notification' is clickable

29-06-2024T18:42:44 - [MESSAGE][PASSED] - Object 'Object Repository/AdditionalInformationWithoutAPI/ApplicationPage/signOut' is clickable

29-06-2024T18:42:45 - [MESSAGE][PASSED] - Object 'Object Repository/AdditionalInformationWithoutAPI/ApplicationPage/search' is clickable

29-06-2024T18:42:45 - [MESSAGE][PASSED] - Object 'Object Repository/AdditionalInformationWithoutAPI/ApplicationPage/dashboard' is clickable

29-06-2024T18:42:45 - [MESSAGE][PASSED] - Object 'Object Repository/AdditionalInformationWithoutAPI/ApplicationPage/searchIcon' is clickable

29-06-2024T18:42:47 - [MESSAGE][PASSED] - Object: 'Object Repository/AdditionalInformationWithoutAPI/ApplicationPage/View' is clicked on

29-06-2024T18:42:52 - [MESSAGE][PASSED] - Delayed 5 second(s)

29-06-2024T18:42:52 - [MESSAGE][PASSED] - tabSection.ApplicationSection.applicationSectionTab is PASSED

29-06-2024T18:42:54 - [TEST_STEP][PASSED] - Video: Video recording for test case 'Test Cases/Base_Scripts/TestCaseForPreAndPost/ApplicationPageForPreAndPost' .

29-06-2024T18:42:54 - [MESSAGE][INFO] - Video recording for test case 'Test Cases/Base_Scripts/TestCaseForPreAndPost/ApplicationPageForPreAndPost' .]]></system-out>
         <system-err><![CDATA[]]></system-err>
      </testcase>
      <testcase name="Test Cases/Base_Scripts/TestCaseForPreAndPost/CustomerDetailForPreRelease" time="40.88" classname="Test Cases/Base_Scripts/TestCaseForPreAndPost/CustomerDetailForPreRelease" status="PASSED">
         <system-out><![CDATA[29-06-2024T18:42:54 - [TEST_CASE][PASSED] - Test Cases/Base_Scripts/TestCaseForPreAndPost/CustomerDetailForPreRelease: Test Cases/Base_Scripts/TestCaseForPreAndPost/CustomerDetailForPreRelease

29-06-2024T18:42:55 - [TEST_STEP][PASSED] - tabSection.CustomerDetail.clientInformationForPreRelease(): tabSection.CustomerDetail.clientInformationForPreRelease is PASSED

29-06-2024T18:42:55 - [MESSAGE][PASSED] - Wait for page load successfully

29-06-2024T18:42:56 - [MESSAGE][PASSED] - Delayed 1 second(s)

29-06-2024T18:43:02 - [MESSAGE][PASSED] - Current window's index is: 0

29-06-2024T18:43:02 - [MESSAGE][PASSED] - Switched to window with index: '1'

29-06-2024T18:43:03 - [MESSAGE][PASSED] - Attribute 'title' of object 'Object Repository/ClientInformationPreRelease/creditProgram' is: ''

29-06-2024T18:43:04 - [MESSAGE][PASSED] - Text of object 'Object Repository/Action/referenceNumber' is: 'Dealer Pre Release : LOS-3588'

29-06-2024T18:43:04 - [MESSAGE][INFO] - Dealer Pre Release : LOS-3588 Contains LOS-3588

29-06-2024T18:43:04 - [MESSAGE][INFO] - Ready to go....

29-06-2024T18:43:05 - [MESSAGE][PASSED] - Delayed 1 second(s)

29-06-2024T18:43:06 - [MESSAGE][PASSED] - Delayed 1 second(s)

29-06-2024T18:43:06 - [MESSAGE][PASSED] - Taking screenshot successfully
[[ATTACHMENT|D:\\newRCBCProject\\RCBCLOS_Automation\\Reports\\20240629_181257\\DigitalFlows\\NSTPDigitalLowCashout\\testSuiteNSTPPreAndPost\\20240629_181312\\Screenshots/PrePost29_06_2406_42_04/Regression29_06_24_06_43_05.jpg]]

29-06-2024T18:43:07 - [MESSAGE][PASSED] - Object 'Object Repository/ClientInformationPreRelease/clientInformationCollapse' is present

29-06-2024T18:43:07 - [MESSAGE][PASSED] - Scroll to object 'Object Repository/ClientInformationPreRelease/clientInformationCollapse' successfully

29-06-2024T18:43:09 - [MESSAGE][PASSED] - Delayed 1 second(s)

29-06-2024T18:43:10 - [MESSAGE][PASSED] - Delayed 1 second(s)

29-06-2024T18:43:10 - [MESSAGE][PASSED] - Taking screenshot successfully
[[ATTACHMENT|D:\\newRCBCProject\\RCBCLOS_Automation\\Reports\\20240629_181257\\DigitalFlows\\NSTPDigitalLowCashout\\testSuiteNSTPPreAndPost\\20240629_181312\\Screenshots/PrePost29_06_2406_42_04/Regression29_06_24_06_43_09.jpg]]

29-06-2024T18:43:11 - [MESSAGE][PASSED] - Object 'Object Repository/ClientInformationPreRelease/borrowerDetailCollapse' is present

29-06-2024T18:43:11 - [MESSAGE][PASSED] - Scroll to object 'Object Repository/ClientInformationPreRelease/borrowerDetailCollapse' successfully

29-06-2024T18:43:12 - [MESSAGE][PASSED] - Delayed 1 second(s)

29-06-2024T18:43:13 - [MESSAGE][PASSED] - Delayed 1 second(s)

29-06-2024T18:43:14 - [MESSAGE][PASSED] - Taking screenshot successfully
[[ATTACHMENT|D:\\newRCBCProject\\RCBCLOS_Automation\\Reports\\20240629_181257\\DigitalFlows\\NSTPDigitalLowCashout\\testSuiteNSTPPreAndPost\\20240629_181312\\Screenshots/PrePost29_06_2406_42_04/Regression29_06_24_06_43_12.jpg]]

29-06-2024T18:43:14 - [MESSAGE][PASSED] - Object 'Object Repository/ClientInformationPreRelease/borrowerAddressDetailsCollapse' is present

29-06-2024T18:43:15 - [MESSAGE][PASSED] - Scroll to object 'Object Repository/ClientInformationPreRelease/borrowerAddressDetailsCollapse' successfully

29-06-2024T18:43:16 - [MESSAGE][PASSED] - Delayed 1 second(s)

29-06-2024T18:43:17 - [MESSAGE][PASSED] - Delayed 1 second(s)

29-06-2024T18:43:17 - [MESSAGE][PASSED] - Taking screenshot successfully
[[ATTACHMENT|D:\\newRCBCProject\\RCBCLOS_Automation\\Reports\\20240629_181257\\DigitalFlows\\NSTPDigitalLowCashout\\testSuiteNSTPPreAndPost\\20240629_181312\\Screenshots/PrePost29_06_2406_42_04/Regression29_06_24_06_43_16.jpg]]

29-06-2024T18:43:18 - [MESSAGE][PASSED] - Object 'Object Repository/ClientInformationPreRelease/borrowerSourceOfIncomeCollapse' is present

29-06-2024T18:43:18 - [MESSAGE][PASSED] - Scroll to object 'Object Repository/ClientInformationPreRelease/borrowerSourceOfIncomeCollapse' successfully

29-06-2024T18:43:20 - [MESSAGE][PASSED] - Delayed 1 second(s)

29-06-2024T18:43:21 - [MESSAGE][PASSED] - Delayed 1 second(s)

29-06-2024T18:43:21 - [MESSAGE][PASSED] - Taking screenshot successfully
[[ATTACHMENT|D:\\newRCBCProject\\RCBCLOS_Automation\\Reports\\20240629_181257\\DigitalFlows\\NSTPDigitalLowCashout\\testSuiteNSTPPreAndPost\\20240629_181312\\Screenshots/PrePost29_06_2406_42_04/Regression29_06_24_06_43_20.jpg]]

29-06-2024T18:43:22 - [MESSAGE][PASSED] - Object 'Object Repository/ClientInformationPreRelease/coBorrowerDetailsCollapse' is present

29-06-2024T18:43:22 - [MESSAGE][PASSED] - Scroll to object 'Object Repository/ClientInformationPreRelease/coBorrowerDetailsCollapse' successfully

29-06-2024T18:43:23 - [MESSAGE][PASSED] - Delayed 1 second(s)

29-06-2024T18:43:24 - [MESSAGE][PASSED] - Delayed 1 second(s)

29-06-2024T18:43:25 - [MESSAGE][PASSED] - Taking screenshot successfully
[[ATTACHMENT|D:\\newRCBCProject\\RCBCLOS_Automation\\Reports\\20240629_181257\\DigitalFlows\\NSTPDigitalLowCashout\\testSuiteNSTPPreAndPost\\20240629_181312\\Screenshots/PrePost29_06_2406_42_04/Regression29_06_24_06_43_23.jpg]]

29-06-2024T18:43:25 - [MESSAGE][PASSED] - Object 'Object Repository/ClientInformationPreRelease/coBorrowerSourceOfIncome' is present

29-06-2024T18:43:26 - [MESSAGE][PASSED] - Scroll to object 'Object Repository/ClientInformationPreRelease/coBorrowerSourceOfIncome' successfully

29-06-2024T18:43:27 - [MESSAGE][PASSED] - Delayed 1 second(s)

29-06-2024T18:43:28 - [MESSAGE][PASSED] - Delayed 1 second(s)

29-06-2024T18:43:28 - [MESSAGE][PASSED] - Taking screenshot successfully
[[ATTACHMENT|D:\\newRCBCProject\\RCBCLOS_Automation\\Reports\\20240629_181257\\DigitalFlows\\NSTPDigitalLowCashout\\testSuiteNSTPPreAndPost\\20240629_181312\\Screenshots/PrePost29_06_2406_42_04/Regression29_06_24_06_43_27.jpg]]

29-06-2024T18:43:29 - [MESSAGE][PASSED] - Object 'Object Repository/ClientInformationPreRelease/AIFDetailsCollapse' is present

29-06-2024T18:43:29 - [MESSAGE][PASSED] - Scroll to object 'Object Repository/ClientInformationPreRelease/AIFDetailsCollapse' successfully

29-06-2024T18:43:30 - [MESSAGE][PASSED] - Delayed 1 second(s)

29-06-2024T18:43:31 - [MESSAGE][PASSED] - Delayed 1 second(s)

29-06-2024T18:43:32 - [MESSAGE][PASSED] - Taking screenshot successfully
[[ATTACHMENT|D:\\newRCBCProject\\RCBCLOS_Automation\\Reports\\20240629_181257\\DigitalFlows\\NSTPDigitalLowCashout\\testSuiteNSTPPreAndPost\\20240629_181312\\Screenshots/PrePost29_06_2406_42_04/Regression29_06_24_06_43_30.jpg]]

29-06-2024T18:43:33 - [MESSAGE][PASSED] - Delayed 1 second(s)

29-06-2024T18:43:33 - [MESSAGE][PASSED] - tabSection.CustomerDetail.clientInformationForPreRelease is PASSED

29-06-2024T18:43:35 - [TEST_STEP][PASSED] - Video: Video recording for test case 'Test Cases/Base_Scripts/TestCaseForPreAndPost/CustomerDetailForPreRelease' .

29-06-2024T18:43:35 - [MESSAGE][INFO] - Video recording for test case 'Test Cases/Base_Scripts/TestCaseForPreAndPost/CustomerDetailForPreRelease' .]]></system-out>
         <system-err><![CDATA[]]></system-err>
      </testcase>
      <testcase name="Test Cases/Base_Scripts/TestCaseForPreAndPost/LoanInformationForPreRelease" time="112.387" classname="Test Cases/Base_Scripts/TestCaseForPreAndPost/LoanInformationForPreRelease" status="PASSED">
         <system-out><![CDATA[29-06-2024T18:43:35 - [TEST_CASE][PASSED] - Test Cases/Base_Scripts/TestCaseForPreAndPost/LoanInformationForPreRelease: Test Cases/Base_Scripts/TestCaseForPreAndPost/LoanInformationForPreRelease

29-06-2024T18:43:36 - [TEST_STEP][PASSED] - tabSection.LoanInformation.loanInfoForPreRelease(marketingPromoCode, loanPurpose, modeOfRelease, scheduleUnitReleaseDate, actualUnitReleaseDate, paymentType, paymentFrequecy, modeOfPayment, effectiveDateOfAda, accountNumber, accountName): tabSection.LoanInformation.loanInfoForPreRelease is PASSED

29-06-2024T18:43:36 - [MESSAGE][PASSED] - Wait for page load successfully

29-06-2024T18:43:38 - [MESSAGE][PASSED] - Object: 'Object Repository/TabSection/LoanInformation' is clicked on

29-06-2024T18:43:39 - [MESSAGE][PASSED] - Object: 'Object Repository/LoanInformationPreRelease/marketingPromoCode' is clicked on

29-06-2024T18:43:41 - [MESSAGE][PASSED] - All options with value 'MKTGP001' are selected in object 'Object Repository/LoanInformationPreRelease/marketingPromoCode'  using regular expression

29-06-2024T18:43:42 - [MESSAGE][PASSED] - Delayed 1 second(s)

29-06-2024T18:43:43 - [MESSAGE][PASSED] - Delayed 1 second(s)

29-06-2024T18:43:43 - [MESSAGE][PASSED] - Taking screenshot successfully
[[ATTACHMENT|D:\\newRCBCProject\\RCBCLOS_Automation\\Reports\\20240629_181257\\DigitalFlows\\NSTPDigitalLowCashout\\testSuiteNSTPPreAndPost\\20240629_181312\\Screenshots/PrePost29_06_2406_42_04/Regression29_06_24_06_43_42.jpg]]

29-06-2024T18:43:45 - [MESSAGE][PASSED] - All options with value 'AB' are selected in object 'Object Repository/LoanInformationPreRelease/loanPurpose' 

29-06-2024T18:43:46 - [MESSAGE][PASSED] - Delayed 1 second(s)

29-06-2024T18:43:47 - [MESSAGE][PASSED] - Delayed 1 second(s)

29-06-2024T18:43:48 - [MESSAGE][PASSED] - Delayed 1 second(s)

29-06-2024T18:43:48 - [MESSAGE][PASSED] - Taking screenshot successfully
[[ATTACHMENT|D:\\newRCBCProject\\RCBCLOS_Automation\\Reports\\20240629_181257\\DigitalFlows\\NSTPDigitalLowCashout\\testSuiteNSTPPreAndPost\\20240629_181312\\Screenshots/PrePost29_06_2406_42_04/Regression29_06_24_06_43_47.jpg]]

29-06-2024T18:43:49 - [MESSAGE][PASSED] - All options with value 'MR1' are selected in object 'Object Repository/LoanInformationPreRelease/modeOfRelease' 

29-06-2024T18:43:50 - [MESSAGE][PASSED] - Text ''15/07/2024' is set on object 'Object Repository/LoanInformationPreRelease/scheduledUnitReleaseDate'

29-06-2024T18:43:52 - [MESSAGE][PASSED] - Delayed 1 second(s)

29-06-2024T18:43:54 - [MESSAGE][PASSED] - Text '20/07/2024' is set on object 'Object Repository/LoanInformationPreRelease/actualUnitReleaseDate'

29-06-2024T18:43:55 - [MESSAGE][PASSED] - Delayed 1 second(s)

29-06-2024T18:43:56 - [MESSAGE][PASSED] - Delayed 1 second(s)

29-06-2024T18:43:56 - [MESSAGE][PASSED] - Taking screenshot successfully
[[ATTACHMENT|D:\\newRCBCProject\\RCBCLOS_Automation\\Reports\\20240629_181257\\DigitalFlows\\NSTPDigitalLowCashout\\testSuiteNSTPPreAndPost\\20240629_181312\\Screenshots/PrePost29_06_2406_42_04/Regression29_06_24_06_43_55.jpg]]

29-06-2024T18:43:56 - [MESSAGE][PASSED] - Current window's index is: 1

29-06-2024T18:43:58 - [MESSAGE][PASSED] - Object: 'Object Repository/LoanInformationPreRelease/calculateBtn' is clicked on

29-06-2024T18:43:58 - [MESSAGE][PASSED] - Switched to window with index: '2'

29-06-2024T18:44:02 - [MESSAGE][PASSED] - Delayed 3 second(s)

29-06-2024T18:44:03 - [MESSAGE][PASSED] - Delayed 1 second(s)

29-06-2024T18:44:04 - [MESSAGE][PASSED] - Delayed 1 second(s)

29-06-2024T18:44:04 - [MESSAGE][PASSED] - Taking screenshot successfully
[[ATTACHMENT|D:\\newRCBCProject\\RCBCLOS_Automation\\Reports\\20240629_181257\\DigitalFlows\\NSTPDigitalLowCashout\\testSuiteNSTPPreAndPost\\20240629_181312\\Screenshots/PrePost29_06_2406_42_04/Regression29_06_24_06_44_03.jpg]]

29-06-2024T18:44:07 - [MESSAGE][PASSED] - Delayed 3 second(s)

29-06-2024T18:44:08 - [MESSAGE][PASSED] - Object: 'Object Repository/LoanInformationPreRelease/WebSpredingSaveBtn' is clicked on

29-06-2024T18:44:13 - [MESSAGE][PASSED] - Delayed 5 second(s)

29-06-2024T18:44:13 - [MESSAGE][PASSED] - Window with index 2 is closed

29-06-2024T18:44:13 - [MESSAGE][PASSED] - Switched to window with index: '1'

29-06-2024T18:44:15 - [MESSAGE][PASSED] - Delayed 2 second(s)

29-06-2024T18:44:17 - [MESSAGE][PASSED] - Object: 'Object Repository/LoanInformationPreRelease/updateBtn' is clicked on

29-06-2024T18:44:19 - [MESSAGE][PASSED] - Delayed 2 second(s)

29-06-2024T18:44:21 - [MESSAGE][PASSED] - All options with value 'PT01' are selected in object 'Object Repository/LoanInformationPreRelease/paymentType' 

29-06-2024T18:44:22 - [MESSAGE][PASSED] - All options with value 'PF002' are selected in object 'Object Repository/LoanInformationPreRelease/paymentFrequency' 

29-06-2024T18:44:23 - [MESSAGE][PASSED] - Delayed 1 second(s)

29-06-2024T18:44:24 - [MESSAGE][PASSED] - Delayed 1 second(s)

29-06-2024T18:44:25 - [MESSAGE][PASSED] - Taking screenshot successfully
[[ATTACHMENT|D:\\newRCBCProject\\RCBCLOS_Automation\\Reports\\20240629_181257\\DigitalFlows\\NSTPDigitalLowCashout\\testSuiteNSTPPreAndPost\\20240629_181312\\Screenshots/PrePost29_06_2406_42_04/Regression29_06_24_06_44_23.jpg]]

29-06-2024T18:44:25 - [MESSAGE][PASSED] - Attribute 'title' of object 'Object Repository/LoanInformationPreRelease/paymentScheme/totalCmf' is: '20,512.92'

29-06-2024T18:44:26 - [MESSAGE][PASSED] - Delayed 1 second(s)

29-06-2024T18:44:27 - [MESSAGE][PASSED] - Delayed 1 second(s)

29-06-2024T18:44:28 - [MESSAGE][PASSED] - Taking screenshot successfully
[[ATTACHMENT|D:\\newRCBCProject\\RCBCLOS_Automation\\Reports\\20240629_181257\\DigitalFlows\\NSTPDigitalLowCashout\\testSuiteNSTPPreAndPost\\20240629_181312\\Screenshots/PrePost29_06_2406_42_04/Regression29_06_24_06_44_26.jpg]]

29-06-2024T18:44:28 - [MESSAGE][PASSED] - Scroll to object 'Object Repository/LoanInformationPreRelease/billPayment' successfully

29-06-2024T18:44:29 - [MESSAGE][PASSED] - Object: 'Object Repository/LoanInformationPreRelease/billPayment' is double clicked on

29-06-2024T18:44:30 - [MESSAGE][PASSED] - Keys '20,512.92' sent to object: 'Object Repository/LoanInformationPreRelease/billPayment'

29-06-2024T18:44:30 - [MESSAGE][PASSED] - Attribute 'title' of object 'Object Repository/LoanInformationPreRelease/paymentScheme/totalCarInsurance' is: '0.00'

29-06-2024T18:44:33 - [MESSAGE][PASSED] - Object: 'Object Repository/BackOffice/PreReleasePaperbaseLoanInfo/motorCarInsurance4' is double clicked on

29-06-2024T18:44:33 - [MESSAGE][PASSED] - Keys '0.00' sent to object: 'Object Repository/BackOffice/PreReleasePaperbaseLoanInfo/motorCarInsurance4'

29-06-2024T18:44:34 - [MESSAGE][PASSED] - Delayed 1 second(s)

29-06-2024T18:44:35 - [MESSAGE][PASSED] - Delayed 1 second(s)

29-06-2024T18:44:36 - [MESSAGE][PASSED] - Taking screenshot successfully
[[ATTACHMENT|D:\\newRCBCProject\\RCBCLOS_Automation\\Reports\\20240629_181257\\DigitalFlows\\NSTPDigitalLowCashout\\testSuiteNSTPPreAndPost\\20240629_181312\\Screenshots/PrePost29_06_2406_42_04/Regression29_06_24_06_44_34.jpg]]

29-06-2024T18:44:36 - [MESSAGE][PASSED] - Attribute 'title' of object 'Object Repository/LoanInformationPreRelease/paymentScheme/totalAdvancePayment' is: '16,188.58'

29-06-2024T18:44:37 - [MESSAGE][PASSED] - Object: 'Object Repository/BackOffice/PreReleasePaperbaseLoanInfo/advancePayment4' is double clicked on

29-06-2024T18:44:38 - [MESSAGE][PASSED] - Keys '16,188.58' sent to object: 'Object Repository/BackOffice/PreReleasePaperbaseLoanInfo/advancePayment4'

29-06-2024T18:44:39 - [MESSAGE][PASSED] - Delayed 1 second(s)

29-06-2024T18:44:40 - [MESSAGE][PASSED] - Delayed 1 second(s)

29-06-2024T18:44:41 - [MESSAGE][PASSED] - Taking screenshot successfully
[[ATTACHMENT|D:\\newRCBCProject\\RCBCLOS_Automation\\Reports\\20240629_181257\\DigitalFlows\\NSTPDigitalLowCashout\\testSuiteNSTPPreAndPost\\20240629_181312\\Screenshots/PrePost29_06_2406_42_04/Regression29_06_24_06_44_39.jpg]]

29-06-2024T18:44:43 - [MESSAGE][PASSED] - Delayed 2 second(s)

29-06-2024T18:44:44 - [MESSAGE][PASSED] - Keys '20,512.92' sent to object: 'Object Repository/LoanInformationPreRelease/totalCMFCollectedByDealer'

29-06-2024T18:44:45 - [MESSAGE][PASSED] - Delayed 1 second(s)

29-06-2024T18:44:46 - [MESSAGE][PASSED] - Delayed 1 second(s)

29-06-2024T18:44:46 - [MESSAGE][PASSED] - Taking screenshot successfully
[[ATTACHMENT|D:\\newRCBCProject\\RCBCLOS_Automation\\Reports\\20240629_181257\\DigitalFlows\\NSTPDigitalLowCashout\\testSuiteNSTPPreAndPost\\20240629_181312\\Screenshots/PrePost29_06_2406_42_04/Regression29_06_24_06_44_45.jpg]]

29-06-2024T18:44:48 - [MESSAGE][PASSED] - Delayed 2 second(s)

29-06-2024T18:44:50 - [MESSAGE][PASSED] - All options with value 'ADA' are selected in object 'Object Repository/LoanInformationPreRelease/modeOfPayment'  using regular expression

29-06-2024T18:44:52 - [MESSAGE][PASSED] - Text '26/07/24' is set on object 'Object Repository/LoanInformationPreRelease/ModeOfPaymentADA/effectiveDateOfAda'

29-06-2024T18:44:53 - [MESSAGE][PASSED] - Text '9876876786' is set on object 'Object Repository/LoanInformationPreRelease/ModeOfPaymentADA/accountNumber'

29-06-2024T18:44:54 - [MESSAGE][PASSED] - Text 'Adarsh' is set on object 'Object Repository/LoanInformationPreRelease/ModeOfPaymentADA/accountName'

29-06-2024T18:44:55 - [MESSAGE][PASSED] - Delayed 1 second(s)

29-06-2024T18:44:56 - [MESSAGE][PASSED] - Delayed 1 second(s)

29-06-2024T18:44:57 - [MESSAGE][PASSED] - Taking screenshot successfully
[[ATTACHMENT|D:\\newRCBCProject\\RCBCLOS_Automation\\Reports\\20240629_181257\\DigitalFlows\\NSTPDigitalLowCashout\\testSuiteNSTPPreAndPost\\20240629_181312\\Screenshots/PrePost29_06_2406_42_04/Regression29_06_24_06_44_55.jpg]]

29-06-2024T18:44:59 - [MESSAGE][PASSED] - Object: 'Object Repository/LoanInformationPreRelease/Save' is clicked on

29-06-2024T18:45:01 - [MESSAGE][PASSED] - Delayed 2 second(s)

29-06-2024T18:45:02 - [MESSAGE][PASSED] - Object: 'Object Repository/LoanInformationPreRelease/updateBtn' is clicked on

29-06-2024T18:45:02 - [MESSAGE][PASSED] - Object 'Object Repository/LoanInformationPreRelease/LoanInformation' is present

29-06-2024T18:45:03 - [MESSAGE][PASSED] - Scroll to object 'Object Repository/LoanInformationPreRelease/LoanInformation' successfully

29-06-2024T18:45:04 - [MESSAGE][PASSED] - Delayed 1 second(s)

29-06-2024T18:45:05 - [MESSAGE][PASSED] - Delayed 1 second(s)

29-06-2024T18:45:06 - [MESSAGE][PASSED] - Taking screenshot successfully
[[ATTACHMENT|D:\\newRCBCProject\\RCBCLOS_Automation\\Reports\\20240629_181257\\DigitalFlows\\NSTPDigitalLowCashout\\testSuiteNSTPPreAndPost\\20240629_181312\\Screenshots/PrePost29_06_2406_42_04/Regression29_06_24_06_45_04.jpg]]

29-06-2024T18:45:06 - [MESSAGE][PASSED] - Object 'Object Repository/LoanInformationPreRelease/LoanApproval' is present

29-06-2024T18:45:07 - [MESSAGE][PASSED] - Scroll to object 'Object Repository/LoanInformationPreRelease/LoanApproval' successfully

29-06-2024T18:45:08 - [MESSAGE][PASSED] - Delayed 1 second(s)

29-06-2024T18:45:09 - [MESSAGE][PASSED] - Delayed 1 second(s)

29-06-2024T18:45:09 - [MESSAGE][PASSED] - Taking screenshot successfully
[[ATTACHMENT|D:\\newRCBCProject\\RCBCLOS_Automation\\Reports\\20240629_181257\\DigitalFlows\\NSTPDigitalLowCashout\\testSuiteNSTPPreAndPost\\20240629_181312\\Screenshots/PrePost29_06_2406_42_04/Regression29_06_24_06_45_08.jpg]]

29-06-2024T18:45:10 - [MESSAGE][PASSED] - Object 'Object Repository/LoanInformationPreRelease/PromisaryNoteInformation' is present

29-06-2024T18:45:10 - [MESSAGE][PASSED] - Scroll to object 'Object Repository/LoanInformationPreRelease/PromisaryNoteInformation' successfully

29-06-2024T18:45:11 - [MESSAGE][PASSED] - Delayed 1 second(s)

29-06-2024T18:45:12 - [MESSAGE][PASSED] - Delayed 1 second(s)

29-06-2024T18:45:13 - [MESSAGE][PASSED] - Taking screenshot successfully
[[ATTACHMENT|D:\\newRCBCProject\\RCBCLOS_Automation\\Reports\\20240629_181257\\DigitalFlows\\NSTPDigitalLowCashout\\testSuiteNSTPPreAndPost\\20240629_181312\\Screenshots/PrePost29_06_2406_42_04/Regression29_06_24_06_45_11.jpg]]

29-06-2024T18:45:13 - [MESSAGE][PASSED] - Object 'Object Repository/LoanInformationPreRelease/RatesTab' is present

29-06-2024T18:45:14 - [MESSAGE][PASSED] - Scroll to object 'Object Repository/LoanInformationPreRelease/RatesTab' successfully

29-06-2024T18:45:15 - [MESSAGE][PASSED] - Delayed 1 second(s)

29-06-2024T18:45:16 - [MESSAGE][PASSED] - Delayed 1 second(s)

29-06-2024T18:45:16 - [MESSAGE][PASSED] - Taking screenshot successfully
[[ATTACHMENT|D:\\newRCBCProject\\RCBCLOS_Automation\\Reports\\20240629_181257\\DigitalFlows\\NSTPDigitalLowCashout\\testSuiteNSTPPreAndPost\\20240629_181312\\Screenshots/PrePost29_06_2406_42_04/Regression29_06_24_06_45_15.jpg]]

29-06-2024T18:45:17 - [MESSAGE][PASSED] - Object 'Object Repository/LoanInformationPreRelease/PromisaryNoteInformation' is present

29-06-2024T18:45:17 - [MESSAGE][PASSED] - Scroll to object 'Object Repository/LoanInformationPreRelease/PromisaryNoteInformation' successfully

29-06-2024T18:45:18 - [MESSAGE][PASSED] - Delayed 1 second(s)

29-06-2024T18:45:19 - [MESSAGE][PASSED] - Delayed 1 second(s)

29-06-2024T18:45:20 - [MESSAGE][PASSED] - Taking screenshot successfully
[[ATTACHMENT|D:\\newRCBCProject\\RCBCLOS_Automation\\Reports\\20240629_181257\\DigitalFlows\\NSTPDigitalLowCashout\\testSuiteNSTPPreAndPost\\20240629_181312\\Screenshots/PrePost29_06_2406_42_04/Regression29_06_24_06_45_18.jpg]]

29-06-2024T18:45:20 - [MESSAGE][PASSED] - Object 'Object Repository/LoanInformationPreRelease/modeOfPayment1' is present

29-06-2024T18:45:21 - [MESSAGE][PASSED] - Scroll to object 'Object Repository/LoanInformationPreRelease/modeOfPayment1' successfully

29-06-2024T18:45:22 - [MESSAGE][PASSED] - Delayed 1 second(s)

29-06-2024T18:45:23 - [MESSAGE][PASSED] - Delayed 1 second(s)

29-06-2024T18:45:24 - [MESSAGE][PASSED] - Taking screenshot successfully
[[ATTACHMENT|D:\\newRCBCProject\\RCBCLOS_Automation\\Reports\\20240629_181257\\DigitalFlows\\NSTPDigitalLowCashout\\testSuiteNSTPPreAndPost\\20240629_181312\\Screenshots/PrePost29_06_2406_42_04/Regression29_06_24_06_45_22.jpg]]

29-06-2024T18:45:26 - [MESSAGE][PASSED] - Delayed 2 second(s)

29-06-2024T18:45:26 - [MESSAGE][PASSED] - tabSection.LoanInformation.loanInfoForPreRelease is PASSED

29-06-2024T18:45:28 - [TEST_STEP][PASSED] - Video: Video recording for test case 'Test Cases/Base_Scripts/TestCaseForPreAndPost/LoanInformationForPreRelease' .

29-06-2024T18:45:28 - [MESSAGE][INFO] - Video recording for test case 'Test Cases/Base_Scripts/TestCaseForPreAndPost/LoanInformationForPreRelease' .]]></system-out>
         <system-err><![CDATA[]]></system-err>
      </testcase>
      <testcase name="Test Cases/Base_Scripts/TestCaseForPreAndPost/DocumentChecklistForPreReleasePaperbasedNSTP" time="149.205" classname="Test Cases/Base_Scripts/TestCaseForPreAndPost/DocumentChecklistForPreReleasePaperbasedNSTP" status="PASSED">
         <system-out><![CDATA[29-06-2024T18:45:28 - [TEST_CASE][PASSED] - Test Cases/Base_Scripts/TestCaseForPreAndPost/DocumentChecklistForPreReleasePaperbasedNSTP: Test Cases/Base_Scripts/TestCaseForPreAndPost/DocumentChecklistForPreReleasePaperbasedNSTP

29-06-2024T18:45:28 - [TEST_STEP][PASSED] - tabSection.DocumentCheckList.documentCheckListForPreReleaseNSTP(): tabSection.DocumentCheckList.documentCheckListForPreReleaseNSTP is PASSED

29-06-2024T18:45:32 - [MESSAGE][PASSED] - Object: 'Object Repository/TabSection/DocumentCheclist' is clicked on

29-06-2024T18:45:33 - [MESSAGE][PASSED] - Delayed 1 second(s)

29-06-2024T18:45:58 - [MESSAGE][PASSED] - Object: 'Object Repository/DocumentCheckListForPreRelease/OutwardDocument/generateAll' is clicked on

29-06-2024T18:45:59 - [MESSAGE][PASSED] - Delayed 1 second(s)

29-06-2024T18:45:59 - [MESSAGE][PASSED] - Switched to window with index: '2'

29-06-2024T18:46:02 - [MESSAGE][PASSED] - Delayed 3 second(s)

29-06-2024T18:46:02 - [MESSAGE][PASSED] - Window with index 2 is closed

29-06-2024T18:46:02 - [MESSAGE][PASSED] - Switched to window with index: '1'

29-06-2024T18:46:03 - [MESSAGE][PASSED] - Delayed 1 second(s)

29-06-2024T18:46:04 - [MESSAGE][PASSED] - Delayed 1 second(s)

29-06-2024T18:46:05 - [MESSAGE][PASSED] - Delayed 1 second(s)

29-06-2024T18:46:06 - [MESSAGE][PASSED] - Taking screenshot successfully
[[ATTACHMENT|D:\\newRCBCProject\\RCBCLOS_Automation\\Reports\\20240629_181257\\DigitalFlows\\NSTPDigitalLowCashout\\testSuiteNSTPPreAndPost\\20240629_181312\\Screenshots/PrePost29_06_2406_42_04/Regression29_06_24_06_46_04.jpg]]

29-06-2024T18:46:07 - [MESSAGE][PASSED] - Object 'Object Repository/DocumentCheckListForPreRelease/KycDocuments/viewIdTypeDocument' is present

29-06-2024T18:46:07 - [MESSAGE][PASSED] - Current window's index is: 1

29-06-2024T18:46:09 - [MESSAGE][PASSED] - Object: 'Object Repository/DocumentCheckListForPreRelease/KycDocuments/viewIdTypeDocument' is clicked on

29-06-2024T18:46:09 - [MESSAGE][PASSED] - Switched to window with index: '2'

29-06-2024T18:46:12 - [MESSAGE][PASSED] - Delayed 3 second(s)

29-06-2024T18:46:13 - [MESSAGE][PASSED] - Delayed 1 second(s)

29-06-2024T18:46:14 - [MESSAGE][PASSED] - Delayed 1 second(s)

29-06-2024T18:46:15 - [MESSAGE][PASSED] - Taking screenshot successfully
[[ATTACHMENT|D:\\newRCBCProject\\RCBCLOS_Automation\\Reports\\20240629_181257\\DigitalFlows\\NSTPDigitalLowCashout\\testSuiteNSTPPreAndPost\\20240629_181312\\Screenshots/PrePost29_06_2406_42_04/Regression29_06_24_06_46_13.jpg]]

29-06-2024T18:46:18 - [MESSAGE][PASSED] - Delayed 3 second(s)

29-06-2024T18:46:18 - [MESSAGE][PASSED] - Window with index 2 is closed

29-06-2024T18:46:18 - [MESSAGE][PASSED] - Switched to window with index: '1'

29-06-2024T18:46:19 - [MESSAGE][PASSED] - Object 'Object Repository/DocumentCheckListForPreRelease/FinancialDocument/viewIncomeDocument' is present

29-06-2024T18:46:19 - [MESSAGE][PASSED] - Current window's index is: 1

29-06-2024T18:46:20 - [MESSAGE][PASSED] - Object: 'Object Repository/DocumentCheckListForPreRelease/FinancialDocument/viewIncomeDocument' is clicked on

29-06-2024T18:46:20 - [MESSAGE][PASSED] - Switched to window with index: '2'

29-06-2024T18:46:23 - [MESSAGE][PASSED] - Delayed 3 second(s)

29-06-2024T18:46:24 - [MESSAGE][PASSED] - Delayed 1 second(s)

29-06-2024T18:46:25 - [MESSAGE][PASSED] - Delayed 1 second(s)

29-06-2024T18:46:25 - [MESSAGE][PASSED] - Taking screenshot successfully
[[ATTACHMENT|D:\\newRCBCProject\\RCBCLOS_Automation\\Reports\\20240629_181257\\DigitalFlows\\NSTPDigitalLowCashout\\testSuiteNSTPPreAndPost\\20240629_181312\\Screenshots/PrePost29_06_2406_42_04/Regression29_06_24_06_46_24.jpg]]

29-06-2024T18:46:28 - [MESSAGE][PASSED] - Delayed 3 second(s)

29-06-2024T18:46:29 - [MESSAGE][PASSED] - Window with index 2 is closed

29-06-2024T18:46:29 - [MESSAGE][PASSED] - Switched to window with index: '1'

29-06-2024T18:46:29 - [MESSAGE][PASSED] - Current window's index is: 1

29-06-2024T18:46:30 - [MESSAGE][PASSED] - Object: 'Object Repository/DocumentCheckListForPreRelease/OutwardDocument/viewBtn1' is clicked on

29-06-2024T18:46:30 - [MESSAGE][PASSED] - Switched to window with index: '2'

29-06-2024T18:46:33 - [MESSAGE][PASSED] - Delayed 3 second(s)

29-06-2024T18:46:35 - [MESSAGE][PASSED] - Delayed 1 second(s)

29-06-2024T18:46:36 - [MESSAGE][PASSED] - Delayed 1 second(s)

29-06-2024T18:46:36 - [MESSAGE][PASSED] - Taking screenshot successfully
[[ATTACHMENT|D:\\newRCBCProject\\RCBCLOS_Automation\\Reports\\20240629_181257\\DigitalFlows\\NSTPDigitalLowCashout\\testSuiteNSTPPreAndPost\\20240629_181312\\Screenshots/PrePost29_06_2406_42_04/Regression29_06_24_06_46_35.jpg]]

29-06-2024T18:46:39 - [MESSAGE][PASSED] - Delayed 3 second(s)

29-06-2024T18:46:39 - [MESSAGE][PASSED] - Window with index 2 is closed

29-06-2024T18:46:39 - [MESSAGE][PASSED] - Switched to window with index: '1'

29-06-2024T18:46:39 - [MESSAGE][PASSED] - Current window's index is: 1

29-06-2024T18:46:40 - [MESSAGE][PASSED] - Object: 'Object Repository/DocumentCheckListForPreRelease/OutwardDocument/viewBtn2' is clicked on

29-06-2024T18:46:41 - [MESSAGE][PASSED] - Switched to window with index: '2'

29-06-2024T18:46:44 - [MESSAGE][PASSED] - Delayed 3 second(s)

29-06-2024T18:46:45 - [MESSAGE][PASSED] - Delayed 1 second(s)

29-06-2024T18:46:46 - [MESSAGE][PASSED] - Delayed 1 second(s)

29-06-2024T18:46:46 - [MESSAGE][PASSED] - Taking screenshot successfully
[[ATTACHMENT|D:\\newRCBCProject\\RCBCLOS_Automation\\Reports\\20240629_181257\\DigitalFlows\\NSTPDigitalLowCashout\\testSuiteNSTPPreAndPost\\20240629_181312\\Screenshots/PrePost29_06_2406_42_04/Regression29_06_24_06_46_45.jpg]]

29-06-2024T18:46:49 - [MESSAGE][PASSED] - Delayed 3 second(s)

29-06-2024T18:46:50 - [MESSAGE][PASSED] - Window with index 2 is closed

29-06-2024T18:46:50 - [MESSAGE][PASSED] - Switched to window with index: '1'

29-06-2024T18:46:50 - [MESSAGE][PASSED] - Current window's index is: 1

29-06-2024T18:46:52 - [MESSAGE][PASSED] - Object: 'Object Repository/DocumentCheckListForPreRelease/OutwardDocument/viewBtn3' is clicked on

29-06-2024T18:46:52 - [MESSAGE][PASSED] - Switched to window with index: '2'

29-06-2024T18:46:55 - [MESSAGE][PASSED] - Delayed 3 second(s)

29-06-2024T18:46:56 - [MESSAGE][PASSED] - Delayed 1 second(s)

29-06-2024T18:46:57 - [MESSAGE][PASSED] - Delayed 1 second(s)

29-06-2024T18:46:57 - [MESSAGE][PASSED] - Taking screenshot successfully
[[ATTACHMENT|D:\\newRCBCProject\\RCBCLOS_Automation\\Reports\\20240629_181257\\DigitalFlows\\NSTPDigitalLowCashout\\testSuiteNSTPPreAndPost\\20240629_181312\\Screenshots/PrePost29_06_2406_42_04/Regression29_06_24_06_46_56.jpg]]

29-06-2024T18:47:00 - [MESSAGE][PASSED] - Delayed 3 second(s)

29-06-2024T18:47:01 - [MESSAGE][PASSED] - Window with index 2 is closed

29-06-2024T18:47:01 - [MESSAGE][PASSED] - Switched to window with index: '1'

29-06-2024T18:47:01 - [MESSAGE][PASSED] - Current window's index is: 1

29-06-2024T18:47:02 - [MESSAGE][PASSED] - Object: 'Object Repository/DocumentCheckListForPreRelease/OutwardDocument/viewBtn4' is clicked on

29-06-2024T18:47:03 - [MESSAGE][PASSED] - Switched to window with index: '2'

29-06-2024T18:47:06 - [MESSAGE][PASSED] - Delayed 3 second(s)

29-06-2024T18:47:07 - [MESSAGE][PASSED] - Delayed 1 second(s)

29-06-2024T18:47:08 - [MESSAGE][PASSED] - Delayed 1 second(s)

29-06-2024T18:47:08 - [MESSAGE][PASSED] - Taking screenshot successfully
[[ATTACHMENT|D:\\newRCBCProject\\RCBCLOS_Automation\\Reports\\20240629_181257\\DigitalFlows\\NSTPDigitalLowCashout\\testSuiteNSTPPreAndPost\\20240629_181312\\Screenshots/PrePost29_06_2406_42_04/Regression29_06_24_06_47_07.jpg]]

29-06-2024T18:47:11 - [MESSAGE][PASSED] - Delayed 3 second(s)

29-06-2024T18:47:11 - [MESSAGE][PASSED] - Window with index 2 is closed

29-06-2024T18:47:11 - [MESSAGE][PASSED] - Switched to window with index: '1'

29-06-2024T18:47:11 - [MESSAGE][PASSED] - Current window's index is: 1

29-06-2024T18:47:13 - [MESSAGE][PASSED] - Object: 'Object Repository/DocumentCheckListForPreRelease/OutwardDocument/viewBtn5' is clicked on

29-06-2024T18:47:13 - [MESSAGE][PASSED] - Switched to window with index: '2'

29-06-2024T18:47:16 - [MESSAGE][PASSED] - Delayed 3 second(s)

29-06-2024T18:47:17 - [MESSAGE][PASSED] - Delayed 1 second(s)

29-06-2024T18:47:18 - [MESSAGE][PASSED] - Delayed 1 second(s)

29-06-2024T18:47:19 - [MESSAGE][PASSED] - Taking screenshot successfully
[[ATTACHMENT|D:\\newRCBCProject\\RCBCLOS_Automation\\Reports\\20240629_181257\\DigitalFlows\\NSTPDigitalLowCashout\\testSuiteNSTPPreAndPost\\20240629_181312\\Screenshots/PrePost29_06_2406_42_04/Regression29_06_24_06_47_17.jpg]]

29-06-2024T18:47:22 - [MESSAGE][PASSED] - Delayed 3 second(s)

29-06-2024T18:47:22 - [MESSAGE][PASSED] - Window with index 2 is closed

29-06-2024T18:47:22 - [MESSAGE][PASSED] - Switched to window with index: '1'

29-06-2024T18:47:22 - [MESSAGE][PASSED] - Current window's index is: 1

29-06-2024T18:47:25 - [MESSAGE][PASSED] - Object: 'Object Repository/DocumentCheckListForPreRelease/OutwardDocument/viewBtn6' is clicked on

29-06-2024T18:47:25 - [MESSAGE][PASSED] - Switched to window with index: '2'

29-06-2024T18:47:28 - [MESSAGE][PASSED] - Delayed 3 second(s)

29-06-2024T18:47:29 - [MESSAGE][PASSED] - Delayed 1 second(s)

29-06-2024T18:47:30 - [MESSAGE][PASSED] - Delayed 1 second(s)

29-06-2024T18:47:30 - [MESSAGE][PASSED] - Taking screenshot successfully
[[ATTACHMENT|D:\\newRCBCProject\\RCBCLOS_Automation\\Reports\\20240629_181257\\DigitalFlows\\NSTPDigitalLowCashout\\testSuiteNSTPPreAndPost\\20240629_181312\\Screenshots/PrePost29_06_2406_42_04/Regression29_06_24_06_47_29.jpg]]

29-06-2024T18:47:34 - [MESSAGE][PASSED] - Delayed 3 second(s)

29-06-2024T18:47:34 - [MESSAGE][PASSED] - Window with index 2 is closed

29-06-2024T18:47:34 - [MESSAGE][PASSED] - Switched to window with index: '1'

29-06-2024T18:47:34 - [MESSAGE][PASSED] - Object 'Object Repository/DocumentCheckListForPreRelease/OutwardDocument/viewBtn7' is clickable

29-06-2024T18:47:35 - [MESSAGE][PASSED] - Current window's index is: 1

29-06-2024T18:47:37 - [MESSAGE][PASSED] - Object: 'Object Repository/DocumentCheckListForPreRelease/OutwardDocument/viewBtn7' is clicked on

29-06-2024T18:47:37 - [MESSAGE][PASSED] - Switched to window with index: '2'

29-06-2024T18:47:40 - [MESSAGE][PASSED] - Delayed 3 second(s)

29-06-2024T18:47:41 - [MESSAGE][PASSED] - Delayed 1 second(s)

29-06-2024T18:47:42 - [MESSAGE][PASSED] - Delayed 1 second(s)

29-06-2024T18:47:42 - [MESSAGE][PASSED] - Taking screenshot successfully
[[ATTACHMENT|D:\\newRCBCProject\\RCBCLOS_Automation\\Reports\\20240629_181257\\DigitalFlows\\NSTPDigitalLowCashout\\testSuiteNSTPPreAndPost\\20240629_181312\\Screenshots/PrePost29_06_2406_42_04/Regression29_06_24_06_47_41.jpg]]

29-06-2024T18:47:45 - [MESSAGE][PASSED] - Delayed 3 second(s)

29-06-2024T18:47:45 - [MESSAGE][PASSED] - Window with index 2 is closed

29-06-2024T18:47:45 - [MESSAGE][PASSED] - Switched to window with index: '1'

29-06-2024T18:47:46 - [MESSAGE][PASSED] - Delayed 1 second(s)

29-06-2024T18:47:47 - [MESSAGE][PASSED] - Object 'Object Repository/DocumentCheckListForPreRelease/kycDocument' is present

29-06-2024T18:47:47 - [MESSAGE][PASSED] - Scroll to object 'Object Repository/DocumentCheckListForPreRelease/kycDocument' successfully

29-06-2024T18:47:48 - [MESSAGE][PASSED] - Delayed 1 second(s)

29-06-2024T18:47:49 - [MESSAGE][PASSED] - Delayed 1 second(s)

29-06-2024T18:47:50 - [MESSAGE][PASSED] - Taking screenshot successfully
[[ATTACHMENT|D:\\newRCBCProject\\RCBCLOS_Automation\\Reports\\20240629_181257\\DigitalFlows\\NSTPDigitalLowCashout\\testSuiteNSTPPreAndPost\\20240629_181312\\Screenshots/PrePost29_06_2406_42_04/Regression29_06_24_06_47_48.jpg]]

29-06-2024T18:47:50 - [MESSAGE][PASSED] - Object 'Object Repository/DocumentCheckListForPreRelease/prereleaseDocument' is present

29-06-2024T18:47:51 - [MESSAGE][PASSED] - Scroll to object 'Object Repository/DocumentCheckListForPreRelease/prereleaseDocument' successfully

29-06-2024T18:47:52 - [MESSAGE][PASSED] - Delayed 1 second(s)

29-06-2024T18:47:53 - [MESSAGE][PASSED] - Delayed 1 second(s)

29-06-2024T18:47:54 - [MESSAGE][PASSED] - Taking screenshot successfully
[[ATTACHMENT|D:\\newRCBCProject\\RCBCLOS_Automation\\Reports\\20240629_181257\\DigitalFlows\\NSTPDigitalLowCashout\\testSuiteNSTPPreAndPost\\20240629_181312\\Screenshots/PrePost29_06_2406_42_04/Regression29_06_24_06_47_52.jpg]]

29-06-2024T18:47:55 - [MESSAGE][PASSED] - Delayed 1 second(s)

29-06-2024T18:47:55 - [MESSAGE][PASSED] - tabSection.DocumentCheckList.documentCheckListForPreReleaseNSTP is PASSED

29-06-2024T18:47:57 - [TEST_STEP][PASSED] - Video: Video recording for test case 'Test Cases/Base_Scripts/TestCaseForPreAndPost/DocumentChecklistForPreReleasePaperbasedNSTP' .

29-06-2024T18:47:57 - [MESSAGE][INFO] - Video recording for test case 'Test Cases/Base_Scripts/TestCaseForPreAndPost/DocumentChecklistForPreReleasePaperbasedNSTP' .]]></system-out>
         <system-err><![CDATA[]]></system-err>
      </testcase>
      <testcase name="Test Cases/Base_Scripts/TestCaseForPreAndPost/CollateralInformationForPreRelease" time="10.964" classname="Test Cases/Base_Scripts/TestCaseForPreAndPost/CollateralInformationForPreRelease" status="PASSED">
         <system-out><![CDATA[29-06-2024T18:47:57 - [TEST_CASE][PASSED] - Test Cases/Base_Scripts/TestCaseForPreAndPost/CollateralInformationForPreRelease: Test Cases/Base_Scripts/TestCaseForPreAndPost/CollateralInformationForPreRelease

29-06-2024T18:47:57 - [TEST_STEP][PASSED] - tabSection.CollateralInformation.collateralInformationForPreRelease(serialOrChessisNum, motorOrEngineNum, conductionSticker): tabSection.CollateralInformation.collateralInformationForPreRelease is PASSED

29-06-2024T18:47:58 - [MESSAGE][PASSED] - Object: 'Object Repository/TabSection/CollateralInformation' is clicked on

29-06-2024T18:47:59 - [MESSAGE][PASSED] - Delayed 1 second(s)

29-06-2024T18:48:01 - [MESSAGE][PASSED] - Delayed 1 second(s)

29-06-2024T18:48:02 - [MESSAGE][PASSED] - Delayed 1 second(s)

29-06-2024T18:48:02 - [MESSAGE][PASSED] - Taking screenshot successfully
[[ATTACHMENT|D:\\newRCBCProject\\RCBCLOS_Automation\\Reports\\20240629_181257\\DigitalFlows\\NSTPDigitalLowCashout\\testSuiteNSTPPreAndPost\\20240629_181312\\Screenshots/PrePost29_06_2406_42_04/Regression29_06_24_06_48_01.jpg]]

29-06-2024T18:48:06 - [MESSAGE][PASSED] - Object: 'Object Repository/CollateralInformationPreRelease/SaveBtn' is clicked on

29-06-2024T18:48:06 - [MESSAGE][PASSED] - tabSection.CollateralInformation.collateralInformationForPreRelease is PASSED

29-06-2024T18:48:08 - [TEST_STEP][PASSED] - Video: Video recording for test case 'Test Cases/Base_Scripts/TestCaseForPreAndPost/CollateralInformationForPreRelease' .

29-06-2024T18:48:08 - [MESSAGE][INFO] - Video recording for test case 'Test Cases/Base_Scripts/TestCaseForPreAndPost/CollateralInformationForPreRelease' .]]></system-out>
         <system-err><![CDATA[]]></system-err>
      </testcase>
      <testcase name="Test Cases/Base_Scripts/TestCaseForPreAndPost/DisbursmentInfoNew" time="39.787" classname="Test Cases/Base_Scripts/TestCaseForPreAndPost/DisbursmentInfoNew" status="PASSED">
         <system-out><![CDATA[29-06-2024T18:48:08 - [TEST_CASE][PASSED] - Test Cases/Base_Scripts/TestCaseForPreAndPost/DisbursmentInfoNew: Test Cases/Base_Scripts/TestCaseForPreAndPost/DisbursmentInfoNew

29-06-2024T18:48:08 - [TEST_STEP][PASSED] - click(findTestObject("Object Repository/DisbursementInfoNew/DisbursementInfoAndSubmit/disbursementInformation")): Object: 'Object Repository/DisbursementInfoNew/DisbursementInfoAndSubmit/disbursementInformation' is clicked on

29-06-2024T18:48:09 - [MESSAGE][PASSED] - Object: 'Object Repository/DisbursementInfoNew/DisbursementInfoAndSubmit/disbursementInformation' is clicked on

29-06-2024T18:48:09 - [TEST_STEP][PASSED] - GlobalVariableUtil.captureScreenShotWithTime(): Taking screenshot successfully

29-06-2024T18:48:10 - [MESSAGE][PASSED] - Delayed 1 second(s)

29-06-2024T18:48:11 - [MESSAGE][PASSED] - Delayed 1 second(s)

29-06-2024T18:48:12 - [MESSAGE][PASSED] - Taking screenshot successfully
[[ATTACHMENT|D:\\newRCBCProject\\RCBCLOS_Automation\\Reports\\20240629_181257\\DigitalFlows\\NSTPDigitalLowCashout\\testSuiteNSTPPreAndPost\\20240629_181312\\Screenshots/PrePost29_06_2406_42_04/Regression29_06_24_06_48_10.jpg]]

29-06-2024T18:48:12 - [TEST_STEP][PASSED] - click(findTestObject("Object Repository/DisbursementInfoNew/DisbursementInfoAndSubmit/plusIcon")): Object: 'Object Repository/DisbursementInfoNew/DisbursementInfoAndSubmit/plusIcon' is clicked on

29-06-2024T18:48:14 - [MESSAGE][PASSED] - Object: 'Object Repository/DisbursementInfoNew/DisbursementInfoAndSubmit/plusIcon' is clicked on

29-06-2024T18:48:14 - [TEST_STEP][PASSED] - selectOptionByIndex(findTestObject("Object Repository/DisbursementInfoNew/DisbursementInfoAndSubmit/payeeName"), 1, STOP_ON_FAILURE): All options with index in [1] are selected on object 'Object Repository/DisbursementInfoNew/DisbursementInfoAndSubmit/payeeName'

29-06-2024T18:48:17 - [MESSAGE][PASSED] - All options with index in [1] are selected on object 'Object Repository/DisbursementInfoNew/DisbursementInfoAndSubmit/payeeName'

29-06-2024T18:48:17 - [TEST_STEP][PASSED] - selectOptionByIndex(findTestObject("Object Repository/DisbursementInfoNew/DisbursementInfoAndSubmit/modeOfDisbursement"), 1, STOP_ON_FAILURE): All options with index in [1] are selected on object 'Object Repository/DisbursementInfoNew/DisbursementInfoAndSubmit/modeOfDisbursement'

29-06-2024T18:48:18 - [MESSAGE][PASSED] - All options with index in [1] are selected on object 'Object Repository/DisbursementInfoNew/DisbursementInfoAndSubmit/modeOfDisbursement'

29-06-2024T18:48:18 - [TEST_STEP][PASSED] - GlobalVariableUtil.captureScreenShotWithTime(): Taking screenshot successfully

29-06-2024T18:48:19 - [MESSAGE][PASSED] - Delayed 1 second(s)

29-06-2024T18:48:20 - [MESSAGE][PASSED] - Delayed 1 second(s)

29-06-2024T18:48:21 - [MESSAGE][PASSED] - Taking screenshot successfully
[[ATTACHMENT|D:\\newRCBCProject\\RCBCLOS_Automation\\Reports\\20240629_181257\\DigitalFlows\\NSTPDigitalLowCashout\\testSuiteNSTPPreAndPost\\20240629_181312\\Screenshots/PrePost29_06_2406_42_04/Regression29_06_24_06_48_19.jpg]]

29-06-2024T18:48:21 - [TEST_STEP][PASSED] - click(findTestObject("Object Repository/DisbursementInfoNew/DisbursementInfoAndSubmit/saveAndClose")): Object: 'Object Repository/DisbursementInfoNew/DisbursementInfoAndSubmit/saveAndClose' is clicked on

29-06-2024T18:48:23 - [MESSAGE][PASSED] - Object: 'Object Repository/DisbursementInfoNew/DisbursementInfoAndSubmit/saveAndClose' is clicked on

29-06-2024T18:48:23 - [TEST_STEP][PASSED] - click(findTestObject("Object Repository/DisbursementInfoNew/DisbursementInfoAndSubmit/actionTab")): Object: 'Object Repository/DisbursementInfoNew/DisbursementInfoAndSubmit/actionTab' is clicked on

29-06-2024T18:48:25 - [MESSAGE][PASSED] - Object: 'Object Repository/DisbursementInfoNew/DisbursementInfoAndSubmit/actionTab' is clicked on

29-06-2024T18:48:25 - [TEST_STEP][PASSED] - GlobalVariableUtil.captureScreenShotWithTime(): Taking screenshot successfully

29-06-2024T18:48:26 - [MESSAGE][PASSED] - Delayed 1 second(s)

29-06-2024T18:48:27 - [MESSAGE][PASSED] - Delayed 1 second(s)

29-06-2024T18:48:28 - [MESSAGE][PASSED] - Taking screenshot successfully
[[ATTACHMENT|D:\\newRCBCProject\\RCBCLOS_Automation\\Reports\\20240629_181257\\DigitalFlows\\NSTPDigitalLowCashout\\testSuiteNSTPPreAndPost\\20240629_181312\\Screenshots/PrePost29_06_2406_42_04/Regression29_06_24_06_48_26.jpg]]

29-06-2024T18:48:28 - [TEST_STEP][PASSED] - selectOptionByIndex(findTestObject("Object Repository/DisbursementInfoNew/DisbursementInfoAndSubmit/selectSubmit"), 1, STOP_ON_FAILURE): All options with index in [1] are selected on object 'Object Repository/DisbursementInfoNew/DisbursementInfoAndSubmit/selectSubmit'

29-06-2024T18:48:30 - [MESSAGE][PASSED] - All options with index in [1] are selected on object 'Object Repository/DisbursementInfoNew/DisbursementInfoAndSubmit/selectSubmit'

29-06-2024T18:48:30 - [TEST_STEP][PASSED] - setText(findTestObject("Object Repository/DisbursementInfoNew/DisbursementInfoAndSubmit/decision"), "ok"): Text 'ok' is set on object 'Object Repository/DisbursementInfoNew/DisbursementInfoAndSubmit/decision'

29-06-2024T18:48:31 - [MESSAGE][PASSED] - Text 'ok' is set on object 'Object Repository/DisbursementInfoNew/DisbursementInfoAndSubmit/decision'

29-06-2024T18:48:31 - [TEST_STEP][PASSED] - comment(LOSID): LOS-3588

29-06-2024T18:48:31 - [MESSAGE][INFO] - LOS-3588

29-06-2024T18:48:31 - [TEST_STEP][PASSED] - click(findTestObject("Object Repository/DisbursementInfoNew/DisbursementInfoAndSubmit/button_Submit")): Object: 'Object Repository/DisbursementInfoNew/DisbursementInfoAndSubmit/button_Submit' is clicked on

29-06-2024T18:48:33 - [MESSAGE][PASSED] - Object: 'Object Repository/DisbursementInfoNew/DisbursementInfoAndSubmit/button_Submit' is clicked on

29-06-2024T18:48:33 - [TEST_STEP][PASSED] - currentWindow = getWindowTitle(): Current window's title is: 'Dealer Pre Release : LOS-3588'

29-06-2024T18:48:33 - [MESSAGE][PASSED] - Current window's title is: 'Dealer Pre Release : LOS-3588'

29-06-2024T18:48:33 - [TEST_STEP][PASSED] - GlobalVariableUtil.captureScreenShotWithTime(): Taking screenshot successfully

29-06-2024T18:48:34 - [MESSAGE][PASSED] - Delayed 1 second(s)

29-06-2024T18:48:35 - [MESSAGE][PASSED] - Delayed 1 second(s)

29-06-2024T18:48:36 - [MESSAGE][PASSED] - Taking screenshot successfully
[[ATTACHMENT|D:\\newRCBCProject\\RCBCLOS_Automation\\Reports\\20240629_181257\\DigitalFlows\\NSTPDigitalLowCashout\\testSuiteNSTPPreAndPost\\20240629_181312\\Screenshots/PrePost29_06_2406_42_04/Regression29_06_24_06_48_34.jpg]]

29-06-2024T18:48:36 - [TEST_STEP][PASSED] - takeScreenshot(): Taking screenshot successfully

29-06-2024T18:48:36 - [MESSAGE][PASSED] - Taking screenshot successfully
[[ATTACHMENT|D:\\newRCBCProject\\RCBCLOS_Automation\\Reports\\20240629_181257\\DigitalFlows\\NSTPDigitalLowCashout\\testSuiteNSTPPreAndPost\\20240629_181312\\1719667116655.png]]

29-06-2024T18:48:36 - [TEST_STEP][PASSED] - click(findTestObject("Object Repository/Action/confirmYes")): Object: 'Object Repository/Action/confirmYes' is clicked on

29-06-2024T18:48:43 - [MESSAGE][PASSED] - Object: 'Object Repository/Action/confirmYes' is clicked on

29-06-2024T18:48:44 - [TEST_STEP][PASSED] - delay(2): Delayed 2 second(s)

29-06-2024T18:48:46 - [MESSAGE][PASSED] - Delayed 2 second(s)

29-06-2024T18:48:46 - [TEST_STEP][PASSED] - if (!(currentWindow.equalsIgnoreCase("LoanPortal"))): Switched to window with title: 'LoanPortal'

29-06-2024T18:48:46 - [TEST_STEP][PASSED] - switchToWindowTitle("LoanPortal"): Switched to window with title: 'LoanPortal'

29-06-2024T18:48:46 - [MESSAGE][PASSED] - Switched to window with title: 'LoanPortal'

29-06-2024T18:48:48 - [TEST_STEP][PASSED] - Video: Video recording for test case 'Test Cases/Base_Scripts/TestCaseForPreAndPost/DisbursmentInfoNew' .

29-06-2024T18:48:48 - [MESSAGE][INFO] - Video recording for test case 'Test Cases/Base_Scripts/TestCaseForPreAndPost/DisbursmentInfoNew' .]]></system-out>
         <system-err><![CDATA[]]></system-err>
      </testcase>
      <testcase name="Test Cases/Base_Scripts/TestCaseForPreAndPost/ApplicationPageForPreAndPost" time="29.322" classname="Test Cases/Base_Scripts/TestCaseForPreAndPost/ApplicationPageForPreAndPost" status="PASSED">
         <system-out><![CDATA[29-06-2024T18:48:48 - [TEST_CASE][PASSED] - Test Cases/Base_Scripts/TestCaseForPreAndPost/ApplicationPageForPreAndPost: Test Cases/Base_Scripts/TestCaseForPreAndPost/ApplicationPageForPreAndPost

29-06-2024T18:48:48 - [TEST_STEP][PASSED] - tabSection.ApplicationSection.applicationSectionTab(show, sortBy): tabSection.ApplicationSection.applicationSectionTab is PASSED

29-06-2024T18:48:48 - [MESSAGE][PASSED] - Wait for page load successfully

29-06-2024T18:48:49 - [MESSAGE][PASSED] - Delayed 1 second(s)

29-06-2024T18:48:50 - [MESSAGE][PASSED] - Delayed 1 second(s)

29-06-2024T18:48:51 - [MESSAGE][PASSED] - Delayed 1 second(s)

29-06-2024T18:48:51 - [MESSAGE][PASSED] - Taking screenshot successfully
[[ATTACHMENT|D:\\newRCBCProject\\RCBCLOS_Automation\\Reports\\20240629_181257\\DigitalFlows\\NSTPDigitalLowCashout\\testSuiteNSTPPreAndPost\\20240629_181312\\Screenshots/PrePost29_06_2406_48_49/Regression29_06_24_06_48_50.jpg]]

29-06-2024T18:48:52 - [MESSAGE][PASSED] - Object: 'Object Repository/AdditionalInformationWithoutAPI/ApplicationPage/show' is clicked on

29-06-2024T18:48:59 - [MESSAGE][PASSED] - All options with value '3' are selected in object 'Object Repository/AdditionalInformationWithoutAPI/ApplicationPage/show'  using regular expression

29-06-2024T18:49:04 - [MESSAGE][PASSED] - Delayed 5 second(s)

29-06-2024T18:49:05 - [MESSAGE][PASSED] - All options with value '1' are selected in object 'Object Repository/AdditionalInformationWithoutAPI/ApplicationPage/sortBy'  using regular expression

29-06-2024T18:49:06 - [MESSAGE][PASSED] - Object 'Object Repository/AdditionalInformationWithoutAPI/ApplicationPage/searchBy' is clickable

29-06-2024T18:49:06 - [MESSAGE][PASSED] - Object 'Object Repository/AdditionalInformationWithoutAPI/ApplicationPage/autoLoanPortal' is clickable

29-06-2024T18:49:06 - [MESSAGE][PASSED] - Object 'Object Repository/AdditionalInformationWithoutAPI/ApplicationPage/notification' is clickable

29-06-2024T18:49:07 - [MESSAGE][PASSED] - Object 'Object Repository/AdditionalInformationWithoutAPI/ApplicationPage/signOut' is clickable

29-06-2024T18:49:07 - [MESSAGE][PASSED] - Object 'Object Repository/AdditionalInformationWithoutAPI/ApplicationPage/search' is clickable

29-06-2024T18:49:08 - [MESSAGE][PASSED] - Object 'Object Repository/AdditionalInformationWithoutAPI/ApplicationPage/dashboard' is clickable

29-06-2024T18:49:08 - [MESSAGE][PASSED] - Object 'Object Repository/AdditionalInformationWithoutAPI/ApplicationPage/searchIcon' is clickable

29-06-2024T18:49:10 - [MESSAGE][PASSED] - Object: 'Object Repository/AdditionalInformationWithoutAPI/ApplicationPage/View' is clicked on

29-06-2024T18:49:15 - [MESSAGE][PASSED] - Delayed 5 second(s)

29-06-2024T18:49:15 - [MESSAGE][PASSED] - tabSection.ApplicationSection.applicationSectionTab is PASSED

29-06-2024T18:49:17 - [TEST_STEP][PASSED] - Video: Video recording for test case 'Test Cases/Base_Scripts/TestCaseForPreAndPost/ApplicationPageForPreAndPost' .

29-06-2024T18:49:17 - [MESSAGE][INFO] - Video recording for test case 'Test Cases/Base_Scripts/TestCaseForPreAndPost/ApplicationPageForPreAndPost' .]]></system-out>
         <system-err><![CDATA[]]></system-err>
      </testcase>
      <testcase name="Test Cases/Base_Scripts/TestCaseForPreAndPost/PostReleaseSubmit" time="61.272" classname="Test Cases/Base_Scripts/TestCaseForPreAndPost/PostReleaseSubmit" status="PASSED">
         <system-out><![CDATA[29-06-2024T18:49:17 - [TEST_CASE][PASSED] - Test Cases/Base_Scripts/TestCaseForPreAndPost/PostReleaseSubmit: Test Cases/Base_Scripts/TestCaseForPreAndPost/PostReleaseSubmit

29-06-2024T18:49:17 - [TEST_STEP][PASSED] - postRelease.PostReleaseSubmit.submit_post_release(): postRelease.PostReleaseSubmit.submit_post_release is PASSED

29-06-2024T18:49:17 - [MESSAGE][PASSED] - Switched to window with index: '1'

29-06-2024T18:49:21 - [MESSAGE][PASSED] - Delayed 4 second(s)

29-06-2024T18:49:22 - [MESSAGE][PASSED] - Delayed 1 second(s)

29-06-2024T18:49:23 - [MESSAGE][PASSED] - Delayed 1 second(s)

29-06-2024T18:49:24 - [MESSAGE][PASSED] - Delayed 1 second(s)

29-06-2024T18:49:25 - [MESSAGE][PASSED] - Taking screenshot successfully
[[ATTACHMENT|D:\\newRCBCProject\\RCBCLOS_Automation\\Reports\\20240629_181257\\DigitalFlows\\NSTPDigitalLowCashout\\testSuiteNSTPPreAndPost\\20240629_181312\\Screenshots/PrePost29_06_2406_48_49/Regression29_06_24_06_49_23.jpg]]

29-06-2024T18:49:26 - [MESSAGE][PASSED] - Object: 'Object Repository/TabSection/LoanInformation' is clicked on

29-06-2024T18:49:27 - [MESSAGE][PASSED] - Delayed 1 second(s)

29-06-2024T18:49:28 - [MESSAGE][PASSED] - Delayed 1 second(s)

29-06-2024T18:49:29 - [MESSAGE][PASSED] - Delayed 1 second(s)

29-06-2024T18:49:30 - [MESSAGE][PASSED] - Taking screenshot successfully
[[ATTACHMENT|D:\\newRCBCProject\\RCBCLOS_Automation\\Reports\\20240629_181257\\DigitalFlows\\NSTPDigitalLowCashout\\testSuiteNSTPPreAndPost\\20240629_181312\\Screenshots/PrePost29_06_2406_48_49/Regression29_06_24_06_49_28.jpg]]

29-06-2024T18:49:31 - [MESSAGE][PASSED] - Delayed 1 second(s)

29-06-2024T18:49:34 - [MESSAGE][PASSED] - Object: 'Object Repository/TabSection/DocumentCheclist' is clicked on

29-06-2024T18:49:35 - [MESSAGE][PASSED] - Delayed 1 second(s)

29-06-2024T18:49:36 - [MESSAGE][PASSED] - Delayed 1 second(s)

29-06-2024T18:49:37 - [MESSAGE][PASSED] - Delayed 1 second(s)

29-06-2024T18:49:38 - [MESSAGE][PASSED] - Taking screenshot successfully
[[ATTACHMENT|D:\\newRCBCProject\\RCBCLOS_Automation\\Reports\\20240629_181257\\DigitalFlows\\NSTPDigitalLowCashout\\testSuiteNSTPPreAndPost\\20240629_181312\\Screenshots/PrePost29_06_2406_48_49/Regression29_06_24_06_49_36.jpg]]

29-06-2024T18:49:39 - [MESSAGE][PASSED] - Delayed 1 second(s)

29-06-2024T18:49:40 - [MESSAGE][PASSED] - Object: 'Object Repository/TabSection/CollateralInformation' is clicked on

29-06-2024T18:49:41 - [MESSAGE][PASSED] - Delayed 1 second(s)

29-06-2024T18:49:42 - [MESSAGE][PASSED] - Delayed 1 second(s)

29-06-2024T18:49:43 - [MESSAGE][PASSED] - Delayed 1 second(s)

29-06-2024T18:49:44 - [MESSAGE][PASSED] - Taking screenshot successfully
[[ATTACHMENT|D:\\newRCBCProject\\RCBCLOS_Automation\\Reports\\20240629_181257\\DigitalFlows\\NSTPDigitalLowCashout\\testSuiteNSTPPreAndPost\\20240629_181312\\Screenshots/PrePost29_06_2406_48_49/Regression29_06_24_06_49_42.jpg]]

29-06-2024T18:49:45 - [MESSAGE][PASSED] - Delayed 1 second(s)

29-06-2024T18:49:46 - [MESSAGE][PASSED] - Object: 'Object Repository/TabSection/DisbursementInformation' is clicked on

29-06-2024T18:49:47 - [MESSAGE][PASSED] - Delayed 1 second(s)

29-06-2024T18:49:48 - [MESSAGE][PASSED] - Delayed 1 second(s)

29-06-2024T18:49:49 - [MESSAGE][PASSED] - Delayed 1 second(s)

29-06-2024T18:49:49 - [MESSAGE][PASSED] - Taking screenshot successfully
[[ATTACHMENT|D:\\newRCBCProject\\RCBCLOS_Automation\\Reports\\20240629_181257\\DigitalFlows\\NSTPDigitalLowCashout\\testSuiteNSTPPreAndPost\\20240629_181312\\Screenshots/PrePost29_06_2406_48_49/Regression29_06_24_06_49_48.jpg]]

29-06-2024T18:49:50 - [MESSAGE][PASSED] - Delayed 1 second(s)

29-06-2024T18:49:53 - [MESSAGE][PASSED] - Object: 'Object Repository/TabSection/Action' is clicked on

29-06-2024T18:49:54 - [MESSAGE][PASSED] - Delayed 1 second(s)

29-06-2024T18:49:55 - [MESSAGE][PASSED] - Delayed 1 second(s)

29-06-2024T18:49:56 - [MESSAGE][PASSED] - Delayed 1 second(s)

29-06-2024T18:49:57 - [MESSAGE][PASSED] - Taking screenshot successfully
[[ATTACHMENT|D:\\newRCBCProject\\RCBCLOS_Automation\\Reports\\20240629_181257\\DigitalFlows\\NSTPDigitalLowCashout\\testSuiteNSTPPreAndPost\\20240629_181312\\Screenshots/PrePost29_06_2406_48_49/Regression29_06_24_06_49_55.jpg]]

29-06-2024T18:49:59 - [MESSAGE][PASSED] - Delayed 2 second(s)

29-06-2024T18:49:59 - [MESSAGE][PASSED] - Object: 'Object Repository/TabSection/Action' is clicked on

29-06-2024T18:50:00 - [MESSAGE][PASSED] - Object 'Object Repository/Action/Decision' is visible

29-06-2024T18:50:02 - [MESSAGE][PASSED] - All options with value 'Submit' are selected in object 'Object Repository/Action/Decision' 

29-06-2024T18:50:03 - [MESSAGE][PASSED] - Text 'OK' is set on object 'Object Repository/Action/Remarks'

29-06-2024T18:50:03 - [MESSAGE][INFO] - LOS-3588

29-06-2024T18:50:04 - [MESSAGE][PASSED] - Object: 'Object Repository/Action/SubmitButton' is clicked on

29-06-2024T18:50:05 - [MESSAGE][PASSED] - Delayed 1 second(s)

29-06-2024T18:50:05 - [MESSAGE][PASSED] - Taking screenshot successfully
[[ATTACHMENT|D:\\newRCBCProject\\RCBCLOS_Automation\\Reports\\20240629_181257\\DigitalFlows\\NSTPDigitalLowCashout\\testSuiteNSTPPreAndPost\\20240629_181312\\1719667205817.png]]

29-06-2024T18:50:06 - [MESSAGE][PASSED] - Delayed 1 second(s)

29-06-2024T18:50:07 - [MESSAGE][PASSED] - Delayed 1 second(s)

29-06-2024T18:50:09 - [MESSAGE][PASSED] - Delayed 1 second(s)

29-06-2024T18:50:09 - [MESSAGE][PASSED] - Taking screenshot successfully
[[ATTACHMENT|D:\\newRCBCProject\\RCBCLOS_Automation\\Reports\\20240629_181257\\DigitalFlows\\NSTPDigitalLowCashout\\testSuiteNSTPPreAndPost\\20240629_181312\\Screenshots/PrePost29_06_2406_48_49/Regression29_06_24_06_50_07.jpg]]

29-06-2024T18:50:11 - [MESSAGE][PASSED] - Object: 'Object Repository/Action/confirmYes' is clicked on

29-06-2024T18:50:16 - [MESSAGE][PASSED] - Delayed 5 second(s)

29-06-2024T18:50:16 - [MESSAGE][PASSED] - postRelease.PostReleaseSubmit.submit_post_release is PASSED

29-06-2024T18:50:18 - [TEST_STEP][PASSED] - Video: Video recording for test case 'Test Cases/Base_Scripts/TestCaseForPreAndPost/PostReleaseSubmit' .

29-06-2024T18:50:18 - [MESSAGE][INFO] - Video recording for test case 'Test Cases/Base_Scripts/TestCaseForPreAndPost/PostReleaseSubmit' .]]></system-out>
         <system-err><![CDATA[]]></system-err>
      </testcase>
      <system-out><![CDATA[29-06-2024T18:40:37 - [TEST_SUITE][PASSED] - testSuiteNSTPPreAndPost: Test Cases/Base_Scripts/TestCaseForPreAndPost/PostReleaseSubmit]]></system-out>
      <system-err><![CDATA[]]></system-err>
   </testsuite>
</testsuites>
