<?xml version="1.0" encoding="UTF-8"?>
<testsuites name="AO" time="181.752" tests="15" failures="0" errors="0">
   <testsuite name="AO" tests="15" failures="0" errors="0" time="181.752" skipped="0" timestamp="24-06-2024T10:47:38" hostname="Adarsh.Lohar - QKNBK2037.qkcorp.qualitykiosk.com" id="Test Suites/PaperbaseFlows/PaperbaseWithAndWithout/AO">
      <properties>
         <property name="deviceName" value=""/>
         <property name="devicePlatform"/>
         <property name="logFolder" value="D:\\newRCBCProject\\RCBCLOS_Automation\\Reports\\20240624_103059\\PaperbaseFlows\\PaperbaseWithAndWithout\\AO\\20240624_103107"/>
         <property name="logFiles" value="D:\\newRCBCProject\\RCBCLOS_Automation\\Reports\\20240624_103059\\PaperbaseFlows\\PaperbaseWithAndWithout\\AO\\20240624_103107\\execution0.log"/>
         <property name="attachments" value="D:\\newRCBCProject\\RCBCLOS_Automation\\Reports\\20240624_103059\\PaperbaseFlows\\PaperbaseWithAndWithout\\AO\\20240624_103107\\Screenshots/AccountOfficer24_06_2410_47_49/Regression24_06_24_10_47_51.jpg, D:\\newRCBCProject\\RCBCLOS_Automation\\Reports\\20240624_103059\\PaperbaseFlows\\PaperbaseWithAndWithout\\AO\\20240624_103107\\Screenshots/AccountOfficer24_06_2410_47_49/Regression24_06_24_10_48_05.jpg, D:\\newRCBCProject\\RCBCLOS_Automation\\Reports\\20240624_103059\\PaperbaseFlows\\PaperbaseWithAndWithout\\AO\\20240624_103107\\Screenshots/AccountOfficer24_06_2410_47_49/Regression24_06_24_10_48_18.jpg, D:\\newRCBCProject\\RCBCLOS_Automation\\Reports\\20240624_103059\\PaperbaseFlows\\PaperbaseWithAndWithout\\AO\\20240624_103107\\Screenshots/AccountOfficer24_06_2410_47_49/Regression24_06_24_10_48_26.jpg, D:\\newRCBCProject\\RCBCLOS_Automation\\Reports\\20240624_103059\\PaperbaseFlows\\PaperbaseWithAndWithout\\AO\\20240624_103107\\Screenshots/AccountOfficer24_06_2410_47_49/Regression24_06_24_10_48_34.jpg, D:\\newRCBCProject\\RCBCLOS_Automation\\Reports\\20240624_103059\\PaperbaseFlows\\PaperbaseWithAndWithout\\AO\\20240624_103107\\Screenshots/AccountOfficer24_06_2410_47_49/Regression24_06_24_10_48_40.jpg, D:\\newRCBCProject\\RCBCLOS_Automation\\Reports\\20240624_103059\\PaperbaseFlows\\PaperbaseWithAndWithout\\AO\\20240624_103107\\Screenshots/AccountOfficer24_06_2410_47_49/Regression24_06_24_10_48_45.jpg, D:\\newRCBCProject\\RCBCLOS_Automation\\Reports\\20240624_103059\\PaperbaseFlows\\PaperbaseWithAndWithout\\AO\\20240624_103107\\Screenshots/AccountOfficer24_06_2410_47_49/Regression24_06_24_10_48_51.jpg, D:\\newRCBCProject\\RCBCLOS_Automation\\Reports\\20240624_103059\\PaperbaseFlows\\PaperbaseWithAndWithout\\AO\\20240624_103107\\Screenshots/AccountOfficer24_06_2410_47_49/Regression24_06_24_10_48_57.jpg, D:\\newRCBCProject\\RCBCLOS_Automation\\Reports\\20240624_103059\\PaperbaseFlows\\PaperbaseWithAndWithout\\AO\\20240624_103107\\Screenshots/AccountOfficer24_06_2410_47_49/Regression24_06_24_10_49_03.jpg, D:\\newRCBCProject\\RCBCLOS_Automation\\Reports\\20240624_103059\\PaperbaseFlows\\PaperbaseWithAndWithout\\AO\\20240624_103107\\Screenshots/AccountOfficer24_06_2410_47_49/Regression24_06_24_10_49_09.jpg, D:\\newRCBCProject\\RCBCLOS_Automation\\Reports\\20240624_103059\\PaperbaseFlows\\PaperbaseWithAndWithout\\AO\\20240624_103107\\Screenshots/AccountOfficer24_06_2410_47_49/Regression24_06_24_10_49_16.jpg, D:\\newRCBCProject\\RCBCLOS_Automation\\Reports\\20240624_103059\\PaperbaseFlows\\PaperbaseWithAndWithout\\AO\\20240624_103107\\Screenshots/AccountOfficer24_06_2410_47_49/Regression24_06_24_10_49_20.jpg, D:\\newRCBCProject\\RCBCLOS_Automation\\Reports\\20240624_103059\\PaperbaseFlows\\PaperbaseWithAndWithout\\AO\\20240624_103107\\Screenshots/AccountOfficer24_06_2410_47_49/Regression24_06_24_10_49_25.jpg, D:\\newRCBCProject\\RCBCLOS_Automation\\Reports\\20240624_103059\\PaperbaseFlows\\PaperbaseWithAndWithout\\AO\\20240624_103107\\Screenshots/AccountOfficer24_06_2410_47_49/Regression24_06_24_10_49_31.jpg, D:\\newRCBCProject\\RCBCLOS_Automation\\Reports\\20240624_103059\\PaperbaseFlows\\PaperbaseWithAndWithout\\AO\\20240624_103107\\1719206379888.png, D:\\newRCBCProject\\RCBCLOS_Automation\\Reports\\20240624_103059\\PaperbaseFlows\\PaperbaseWithAndWithout\\AO\\20240624_103107\\Screenshots/AccountOfficer24_06_2410_47_49/Regression24_06_24_10_49_42.jpg, D:\\newRCBCProject\\RCBCLOS_Automation\\Reports\\20240624_103059\\PaperbaseFlows\\PaperbaseWithAndWithout\\AO\\20240624_103107\\1719206420285.png, D:\\newRCBCProject\\RCBCLOS_Automation\\Reports\\20240624_103059\\PaperbaseFlows\\PaperbaseWithAndWithout\\AO\\20240624_103107\\Screenshots/AccountOfficer24_06_2410_47_49/Regression24_06_24_10_50_29.jpg, D:\\newRCBCProject\\RCBCLOS_Automation\\Reports\\20240624_103059\\PaperbaseFlows\\PaperbaseWithAndWithout\\AO\\20240624_103107\\Screenshots/AccountOfficer24_06_2410_47_49/Regression24_06_24_10_50_37.jpg"/>
         <property name="hostName" value="Adarsh.Lohar - QKNBK2037.qkcorp.qualitykiosk.com"/>
         <property name="os" value="Windows 10 64bit"/>
         <property name="katalonVersion" value="9.5.0.217"/>
         <property name="browser" value="Chrome 126.0.0.0"/>
         <property name="hostAddress" value="10.0.6.210"/>
         <property name="sessionId" value="d75f88e008cf23b9354909394752d1ac"/>
         <property name="seleniumVersion" value="3.141.59"/>
         <property name="proxyInformation" value="ProxyInformation { proxyOption=NO_PROXY, proxyServerType=HTTP, username=, password=********, proxyServerAddress=, proxyServerPort=0, executionList=&quot;&quot;, isApplyToDesiredCapabilities=true }"/>
         <property name="platform" value="Windows 10"/>
      </properties>
      <testcase name="Test Cases/Paper_STPWithAndWithoutAPI/AO/LoginPageForAO" time="20.025" classname="Test Cases/Paper_STPWithAndWithoutAPI/AO/LoginPageForAO" status="PASSED">
         <system-out><![CDATA[24-06-2024T10:47:39 - [TEST_CASE][PASSED] - Test Cases/Paper_STPWithAndWithoutAPI/AO/LoginPageForAO: Test Cases/Paper_STPWithAndWithoutAPI/AO/LoginPageForAO

24-06-2024T10:47:40 - [TEST_STEP][PASSED] - accountOfficer.LoginForibpsAO.login(): accountOfficer.LoginForibpsAO.login is PASSED

24-06-2024T10:47:40 - [MESSAGE][INFO] - Starting 'Chrome' driver

24-06-2024T10:47:40 - [MESSAGE][INFO] - User set preference: ['args', '[--incognito]']

24-06-2024T10:47:40 - [MESSAGE][INFO] - Action delay is set to 0 milliseconds

24-06-2024T10:47:44 - [MESSAGE][PASSED] - Browser is opened with url: ''

24-06-2024T10:47:44 - [MESSAGE][PASSED] - Current window maximized

24-06-2024T10:47:47 - [MESSAGE][PASSED] - Navigate to 'https://rcbcuat.nonprodnmc.com/omniapp' successfully

24-06-2024T10:47:48 - [MESSAGE][PASSED] - Text 'QK_AO7' is set on object 'Object Repository/BackOffice/ibpsLogin/userName'

24-06-2024T10:47:48 - [MESSAGE][PASSED] - Text ****** has been set on object 'Object Repository/BackOffice/ibpsLogin/password'

24-06-2024T10:47:49 - [MESSAGE][PASSED] - Delayed 1 second(s)

24-06-2024T10:47:51 - [MESSAGE][PASSED] - Delayed 1 second(s)

24-06-2024T10:47:52 - [MESSAGE][PASSED] - Delayed 1 second(s)

24-06-2024T10:47:52 - [MESSAGE][PASSED] - Taking screenshot successfully
[[ATTACHMENT|D:\\newRCBCProject\\RCBCLOS_Automation\\Reports\\20240624_103059\\PaperbaseFlows\\PaperbaseWithAndWithout\\AO\\20240624_103107\\Screenshots/AccountOfficer24_06_2410_47_49/Regression24_06_24_10_47_51.jpg]]

24-06-2024T10:47:52 - [MESSAGE][PASSED] - Object: 'Object Repository/BackOffice/ibpsLogin/loginButton' is clicked on

24-06-2024T10:47:54 - [MESSAGE][PASSED] - Delayed 2 second(s)

24-06-2024T10:47:57 - [MESSAGE][WARNING] - Object 'Object Repository/BackOffice/ibpsLogin/text' is not visible after 2 second(s)

24-06-2024T10:47:57 - [MESSAGE][PASSED] - accountOfficer.LoginForibpsAO.login is PASSED

24-06-2024T10:47:59 - [TEST_STEP][PASSED] - Video: Video recording for test case 'Test Cases/Paper_STPWithAndWithoutAPI/AO/LoginPageForAO' .

24-06-2024T10:47:59 - [MESSAGE][INFO] - Video recording for test case 'Test Cases/Paper_STPWithAndWithoutAPI/AO/LoginPageForAO' .]]></system-out>
         <system-err><![CDATA[]]></system-err>
      </testcase>
      <testcase name="Test Cases/Paper_STPWithAndWithoutAPI/AO/HomePageForAO" time="13.014" classname="Test Cases/Paper_STPWithAndWithoutAPI/AO/HomePageForAO" status="PASSED">
         <system-out><![CDATA[24-06-2024T10:47:59 - [TEST_CASE][PASSED] - Test Cases/Paper_STPWithAndWithoutAPI/AO/HomePageForAO: Test Cases/Paper_STPWithAndWithoutAPI/AO/HomePageForAO

24-06-2024T10:47:59 - [TEST_STEP][PASSED] - accountOfficerForPaper.HomePageForibpsAO.selectResistration(): accountOfficerForPaper.HomePageForibpsAO.selectResistration is PASSED

24-06-2024T10:47:59 - [MESSAGE][PASSED] - Wait for page load successfully

24-06-2024T10:47:59 - [MESSAGE][PASSED] - Object 'Object Repository/BackOffice/AO/ibpsHomePage/accountOfficer' is clickable

24-06-2024T10:48:02 - [MESSAGE][PASSED] - Delayed 3 second(s)

24-06-2024T10:48:02 - [MESSAGE][INFO] -  ******** LOS-3367

24-06-2024T10:48:04 - [MESSAGE][PASSED] - Delayed 2 second(s)

24-06-2024T10:48:05 - [MESSAGE][PASSED] - Delayed 1 second(s)

24-06-2024T10:48:06 - [MESSAGE][PASSED] - Delayed 1 second(s)

24-06-2024T10:48:07 - [MESSAGE][PASSED] - Taking screenshot successfully
[[ATTACHMENT|D:\\newRCBCProject\\RCBCLOS_Automation\\Reports\\20240624_103059\\PaperbaseFlows\\PaperbaseWithAndWithout\\AO\\20240624_103107\\Screenshots/AccountOfficer24_06_2410_47_49/Regression24_06_24_10_48_05.jpg]]

24-06-2024T10:48:10 - [MESSAGE][PASSED] - Delayed 2 second(s)

24-06-2024T10:48:10 - [MESSAGE][PASSED] - accountOfficerForPaper.HomePageForibpsAO.selectResistration is PASSED

24-06-2024T10:48:12 - [TEST_STEP][PASSED] - Video: Video recording for test case 'Test Cases/Paper_STPWithAndWithoutAPI/AO/HomePageForAO' .

24-06-2024T10:48:12 - [MESSAGE][INFO] - Video recording for test case 'Test Cases/Paper_STPWithAndWithoutAPI/AO/HomePageForAO' .]]></system-out>
         <system-err><![CDATA[]]></system-err>
      </testcase>
      <testcase name="Test Cases/Paper_STPWithAndWithoutAPI/AO/CustomerDetailForAO" time="9.208" classname="Test Cases/Paper_STPWithAndWithoutAPI/AO/CustomerDetailForAO" status="PASSED">
         <system-out><![CDATA[24-06-2024T10:48:12 - [TEST_CASE][PASSED] - Test Cases/Paper_STPWithAndWithoutAPI/AO/CustomerDetailForAO: Test Cases/Paper_STPWithAndWithoutAPI/AO/CustomerDetailForAO

24-06-2024T10:48:12 - [TEST_STEP][PASSED] - tabSection.CustomerDetail.clientInformationForAOPaperbase(): tabSection.CustomerDetail.clientInformationForAOPaperbase is PASSED

24-06-2024T10:48:14 - [MESSAGE][PASSED] - Delayed 2 second(s)

24-06-2024T10:48:14 - [MESSAGE][PASSED] - Current window's index is: 0

24-06-2024T10:48:14 - [MESSAGE][PASSED] - Switched to window with index: '1'

24-06-2024T10:48:16 - [MESSAGE][PASSED] - Delayed 2 second(s)

24-06-2024T10:48:17 - [MESSAGE][PASSED] - Text of object 'Object Repository/Action/referenceNumber' is: 'AO SI DI : LOS-3367'

24-06-2024T10:48:17 - [MESSAGE][INFO] - AO SI DI : LOS-3367 Contains LOS-3367

24-06-2024T10:48:17 - [MESSAGE][INFO] - Ready to go....

24-06-2024T10:48:18 - [MESSAGE][PASSED] - Delayed 1 second(s)

24-06-2024T10:48:19 - [MESSAGE][PASSED] - Delayed 1 second(s)

24-06-2024T10:48:19 - [MESSAGE][PASSED] - Taking screenshot successfully
[[ATTACHMENT|D:\\newRCBCProject\\RCBCLOS_Automation\\Reports\\20240624_103059\\PaperbaseFlows\\PaperbaseWithAndWithout\\AO\\20240624_103107\\Screenshots/AccountOfficer24_06_2410_47_49/Regression24_06_24_10_48_18.jpg]]

24-06-2024T10:48:19 - [MESSAGE][PASSED] - tabSection.CustomerDetail.clientInformationForAOPaperbase is PASSED

24-06-2024T10:48:21 - [TEST_STEP][PASSED] - Video: Video recording for test case 'Test Cases/Paper_STPWithAndWithoutAPI/AO/CustomerDetailForAO' .

24-06-2024T10:48:21 - [MESSAGE][INFO] - Video recording for test case 'Test Cases/Paper_STPWithAndWithoutAPI/AO/CustomerDetailForAO' .]]></system-out>
         <system-err><![CDATA[]]></system-err>
      </testcase>
      <testcase name="Test Cases/Paper_STPWithAndWithoutAPI/AO/Loan InformationForAO" time="8.62" classname="Test Cases/Paper_STPWithAndWithoutAPI/AO/Loan InformationForAO" status="PASSED">
         <system-out><![CDATA[24-06-2024T10:48:21 - [TEST_CASE][PASSED] - Test Cases/Paper_STPWithAndWithoutAPI/AO/Loan InformationForAO: Test Cases/Paper_STPWithAndWithoutAPI/AO/Loan InformationForAO

24-06-2024T10:48:21 - [TEST_STEP][PASSED] - tabSection.LoanInformation.loanInfoForAOWithoutPaperbase(): tabSection.LoanInformation.loanInfoForAOWithoutPaperbase is PASSED

24-06-2024T10:48:22 - [MESSAGE][PASSED] - Delayed 1 second(s)

24-06-2024T10:48:23 - [MESSAGE][PASSED] - Object: 'Object Repository/TabSection/LoanInformation' is clicked on

24-06-2024T10:48:23 - [MESSAGE][PASSED] - Scroll to object 'Object Repository/BackOffice/AO/LoanInfo/SIRate' successfully

24-06-2024T10:48:24 - [MESSAGE][PASSED] - Delayed 1 second(s)

24-06-2024T10:48:25 - [MESSAGE][PASSED] - Delayed 1 second(s)

24-06-2024T10:48:26 - [MESSAGE][PASSED] - Delayed 1 second(s)

24-06-2024T10:48:27 - [MESSAGE][PASSED] - Delayed 1 second(s)

24-06-2024T10:48:27 - [MESSAGE][PASSED] - Taking screenshot successfully
[[ATTACHMENT|D:\\newRCBCProject\\RCBCLOS_Automation\\Reports\\20240624_103059\\PaperbaseFlows\\PaperbaseWithAndWithout\\AO\\20240624_103107\\Screenshots/AccountOfficer24_06_2410_47_49/Regression24_06_24_10_48_26.jpg]]

24-06-2024T10:48:27 - [MESSAGE][PASSED] - tabSection.LoanInformation.loanInfoForAOWithoutPaperbase is PASSED

24-06-2024T10:48:30 - [TEST_STEP][PASSED] - Video: Video recording for test case 'Test Cases/Paper_STPWithAndWithoutAPI/AO/Loan InformationForAO' .

24-06-2024T10:48:30 - [MESSAGE][INFO] - Video recording for test case 'Test Cases/Paper_STPWithAndWithoutAPI/AO/Loan InformationForAO' .]]></system-out>
         <system-err><![CDATA[]]></system-err>
      </testcase>
      <testcase name="Test Cases/Paper_STPWithAndWithoutAPI/AO/DocumentChecklistForAO" time="7.557" classname="Test Cases/Paper_STPWithAndWithoutAPI/AO/DocumentChecklistForAO" status="PASSED">
         <system-out><![CDATA[24-06-2024T10:48:30 - [TEST_CASE][PASSED] - Test Cases/Paper_STPWithAndWithoutAPI/AO/DocumentChecklistForAO: Test Cases/Paper_STPWithAndWithoutAPI/AO/DocumentChecklistForAO

24-06-2024T10:48:30 - [TEST_STEP][PASSED] - tabSection.DocumentCheckList.documentCheckListForAOpaperbase(): tabSection.DocumentCheckList.documentCheckListForAOpaperbase is PASSED

24-06-2024T10:48:32 - [MESSAGE][PASSED] - Object: 'Object Repository/TabSection/DocumentCheclist' is clicked on

24-06-2024T10:48:33 - [MESSAGE][PASSED] - Delayed 1 second(s)

24-06-2024T10:48:34 - [MESSAGE][PASSED] - Delayed 1 second(s)

24-06-2024T10:48:35 - [MESSAGE][PASSED] - Delayed 1 second(s)

24-06-2024T10:48:35 - [MESSAGE][PASSED] - Taking screenshot successfully
[[ATTACHMENT|D:\\newRCBCProject\\RCBCLOS_Automation\\Reports\\20240624_103059\\PaperbaseFlows\\PaperbaseWithAndWithout\\AO\\20240624_103107\\Screenshots/AccountOfficer24_06_2410_47_49/Regression24_06_24_10_48_34.jpg]]

24-06-2024T10:48:35 - [MESSAGE][PASSED] - tabSection.DocumentCheckList.documentCheckListForAOpaperbase is PASSED

24-06-2024T10:48:37 - [TEST_STEP][PASSED] - Video: Video recording for test case 'Test Cases/Paper_STPWithAndWithoutAPI/AO/DocumentChecklistForAO' .

24-06-2024T10:48:37 - [MESSAGE][INFO] - Video recording for test case 'Test Cases/Paper_STPWithAndWithoutAPI/AO/DocumentChecklistForAO' .]]></system-out>
         <system-err><![CDATA[]]></system-err>
      </testcase>
      <testcase name="Test Cases/Paper_STPWithAndWithoutAPI/AO/CollateralInformationForAO" time="5.752" classname="Test Cases/Paper_STPWithAndWithoutAPI/AO/CollateralInformationForAO" status="PASSED">
         <system-out><![CDATA[24-06-2024T10:48:37 - [TEST_CASE][PASSED] - Test Cases/Paper_STPWithAndWithoutAPI/AO/CollateralInformationForAO: Test Cases/Paper_STPWithAndWithoutAPI/AO/CollateralInformationForAO

24-06-2024T10:48:37 - [TEST_STEP][PASSED] - tabSection.CollateralInformation.collateralInformationForAOPaperbase(): tabSection.CollateralInformation.collateralInformationForAOPaperbase is PASSED

24-06-2024T10:48:38 - [MESSAGE][PASSED] - Object: 'Object Repository/TabSection/CollateralInformation' is clicked on

24-06-2024T10:48:39 - [MESSAGE][PASSED] - Delayed 1 second(s)

24-06-2024T10:48:40 - [MESSAGE][PASSED] - Delayed 1 second(s)

24-06-2024T10:48:41 - [MESSAGE][PASSED] - Delayed 1 second(s)

24-06-2024T10:48:41 - [MESSAGE][PASSED] - Taking screenshot successfully
[[ATTACHMENT|D:\\newRCBCProject\\RCBCLOS_Automation\\Reports\\20240624_103059\\PaperbaseFlows\\PaperbaseWithAndWithout\\AO\\20240624_103107\\Screenshots/AccountOfficer24_06_2410_47_49/Regression24_06_24_10_48_40.jpg]]

24-06-2024T10:48:41 - [MESSAGE][PASSED] - tabSection.CollateralInformation.collateralInformationForAOPaperbase is PASSED

24-06-2024T10:48:43 - [TEST_STEP][PASSED] - Video: Video recording for test case 'Test Cases/Paper_STPWithAndWithoutAPI/AO/CollateralInformationForAO' .

24-06-2024T10:48:43 - [MESSAGE][INFO] - Video recording for test case 'Test Cases/Paper_STPWithAndWithoutAPI/AO/CollateralInformationForAO' .]]></system-out>
         <system-err><![CDATA[]]></system-err>
      </testcase>
      <testcase name="Test Cases/Paper_STPWithAndWithoutAPI/AO/CheckEligibilityForAO" time="5.844" classname="Test Cases/Paper_STPWithAndWithoutAPI/AO/CheckEligibilityForAO" status="PASSED">
         <system-out><![CDATA[24-06-2024T10:48:43 - [TEST_CASE][PASSED] - Test Cases/Paper_STPWithAndWithoutAPI/AO/CheckEligibilityForAO: Test Cases/Paper_STPWithAndWithoutAPI/AO/CheckEligibilityForAO

24-06-2024T10:48:43 - [TEST_STEP][PASSED] - tabSection.CheckEligibility.checkEligibilityForAOPaperbase(): tabSection.CheckEligibility.checkEligibilityForAOPaperbase is PASSED

24-06-2024T10:48:43 - [MESSAGE][PASSED] - Object: 'Object Repository/TabSection/checkEligibility' is clicked on

24-06-2024T10:48:44 - [MESSAGE][PASSED] - Delayed 1 second(s)

24-06-2024T10:48:45 - [MESSAGE][PASSED] - Delayed 1 second(s)

24-06-2024T10:48:46 - [MESSAGE][PASSED] - Delayed 1 second(s)

24-06-2024T10:48:47 - [MESSAGE][PASSED] - Taking screenshot successfully
[[ATTACHMENT|D:\\newRCBCProject\\RCBCLOS_Automation\\Reports\\20240624_103059\\PaperbaseFlows\\PaperbaseWithAndWithout\\AO\\20240624_103107\\Screenshots/AccountOfficer24_06_2410_47_49/Regression24_06_24_10_48_45.jpg]]

24-06-2024T10:48:47 - [MESSAGE][PASSED] - tabSection.CheckEligibility.checkEligibilityForAOPaperbase is PASSED

24-06-2024T10:48:49 - [TEST_STEP][PASSED] - Video: Video recording for test case 'Test Cases/Paper_STPWithAndWithoutAPI/AO/CheckEligibilityForAO' .

24-06-2024T10:48:49 - [MESSAGE][INFO] - Video recording for test case 'Test Cases/Paper_STPWithAndWithoutAPI/AO/CheckEligibilityForAO' .]]></system-out>
         <system-err><![CDATA[]]></system-err>
      </testcase>
      <testcase name="Test Cases/Paper_STPWithAndWithoutAPI/AO/CreditEvaluationForAO" time="5.788" classname="Test Cases/Paper_STPWithAndWithoutAPI/AO/CreditEvaluationForAO" status="PASSED">
         <system-out><![CDATA[24-06-2024T10:48:49 - [TEST_CASE][PASSED] - Test Cases/Paper_STPWithAndWithoutAPI/AO/CreditEvaluationForAO: Test Cases/Paper_STPWithAndWithoutAPI/AO/CreditEvaluationForAO

24-06-2024T10:48:49 - [TEST_STEP][PASSED] - tabSection.CreditEvaluation.creditEvaluationForAOPaperbase(): tabSection.CreditEvaluation.creditEvaluationForAOPaperbase is PASSED

24-06-2024T10:48:49 - [MESSAGE][PASSED] - Object: 'Object Repository/TabSection/creditEvaluation' is clicked on

24-06-2024T10:48:50 - [MESSAGE][PASSED] - Delayed 1 second(s)

24-06-2024T10:48:51 - [MESSAGE][PASSED] - Delayed 1 second(s)

24-06-2024T10:48:52 - [MESSAGE][PASSED] - Delayed 1 second(s)

24-06-2024T10:48:52 - [MESSAGE][PASSED] - Taking screenshot successfully
[[ATTACHMENT|D:\\newRCBCProject\\RCBCLOS_Automation\\Reports\\20240624_103059\\PaperbaseFlows\\PaperbaseWithAndWithout\\AO\\20240624_103107\\Screenshots/AccountOfficer24_06_2410_47_49/Regression24_06_24_10_48_51.jpg]]

24-06-2024T10:48:52 - [MESSAGE][PASSED] - tabSection.CreditEvaluation.creditEvaluationForAOPaperbase is PASSED

24-06-2024T10:48:55 - [TEST_STEP][PASSED] - Video: Video recording for test case 'Test Cases/Paper_STPWithAndWithoutAPI/AO/CreditEvaluationForAO' .

24-06-2024T10:48:55 - [MESSAGE][INFO] - Video recording for test case 'Test Cases/Paper_STPWithAndWithoutAPI/AO/CreditEvaluationForAO' .]]></system-out>
         <system-err><![CDATA[]]></system-err>
      </testcase>
      <testcase name="Test Cases/Paper_STPWithAndWithoutAPI/AO/DevlationsForAO" time="5.741" classname="Test Cases/Paper_STPWithAndWithoutAPI/AO/DevlationsForAO" status="PASSED">
         <system-out><![CDATA[24-06-2024T10:48:55 - [TEST_CASE][PASSED] - Test Cases/Paper_STPWithAndWithoutAPI/AO/DevlationsForAO: Test Cases/Paper_STPWithAndWithoutAPI/AO/DevlationsForAO

24-06-2024T10:48:55 - [TEST_STEP][PASSED] - tabSection.Deviation.deviationForAOPaperbase(): tabSection.Deviation.deviationForAOPaperbase is PASSED

24-06-2024T10:48:55 - [MESSAGE][PASSED] - Object: 'Object Repository/TabSection/Devlations' is clicked on

24-06-2024T10:48:56 - [MESSAGE][PASSED] - Delayed 1 second(s)

24-06-2024T10:48:57 - [MESSAGE][PASSED] - Delayed 1 second(s)

24-06-2024T10:48:58 - [MESSAGE][PASSED] - Delayed 1 second(s)

24-06-2024T10:48:58 - [MESSAGE][PASSED] - Taking screenshot successfully
[[ATTACHMENT|D:\\newRCBCProject\\RCBCLOS_Automation\\Reports\\20240624_103059\\PaperbaseFlows\\PaperbaseWithAndWithout\\AO\\20240624_103107\\Screenshots/AccountOfficer24_06_2410_47_49/Regression24_06_24_10_48_57.jpg]]

24-06-2024T10:48:58 - [MESSAGE][PASSED] - tabSection.Deviation.deviationForAOPaperbase is PASSED

24-06-2024T10:49:00 - [TEST_STEP][PASSED] - Video: Video recording for test case 'Test Cases/Paper_STPWithAndWithoutAPI/AO/DevlationsForAO' .

24-06-2024T10:49:00 - [MESSAGE][INFO] - Video recording for test case 'Test Cases/Paper_STPWithAndWithoutAPI/AO/DevlationsForAO' .]]></system-out>
         <system-err><![CDATA[]]></system-err>
      </testcase>
      <testcase name="Test Cases/Paper_STPWithAndWithoutAPI/AO/CreditInvestigationForAO" time="6.101" classname="Test Cases/Paper_STPWithAndWithoutAPI/AO/CreditInvestigationForAO" status="PASSED">
         <system-out><![CDATA[24-06-2024T10:49:00 - [TEST_CASE][PASSED] - Test Cases/Paper_STPWithAndWithoutAPI/AO/CreditInvestigationForAO: Test Cases/Paper_STPWithAndWithoutAPI/AO/CreditInvestigationForAO

24-06-2024T10:49:00 - [TEST_STEP][PASSED] - tabSection.CreditInvestigation.creditInvestigationForAOPaperbase(): tabSection.CreditInvestigation.creditInvestigationForAOPaperbase is PASSED

24-06-2024T10:49:01 - [MESSAGE][PASSED] - Object: 'Object Repository/TabSection/creditInvestigation' is clicked on

24-06-2024T10:49:02 - [MESSAGE][PASSED] - Delayed 1 second(s)

24-06-2024T10:49:03 - [MESSAGE][PASSED] - Delayed 1 second(s)

24-06-2024T10:49:04 - [MESSAGE][PASSED] - Delayed 1 second(s)

24-06-2024T10:49:04 - [MESSAGE][PASSED] - Taking screenshot successfully
[[ATTACHMENT|D:\\newRCBCProject\\RCBCLOS_Automation\\Reports\\20240624_103059\\PaperbaseFlows\\PaperbaseWithAndWithout\\AO\\20240624_103107\\Screenshots/AccountOfficer24_06_2410_47_49/Regression24_06_24_10_49_03.jpg]]

24-06-2024T10:49:04 - [MESSAGE][PASSED] - Object: 'Object Repository/TabSection/nextArrowButton' is clicked on

24-06-2024T10:49:04 - [MESSAGE][PASSED] - tabSection.CreditInvestigation.creditInvestigationForAOPaperbase is PASSED

24-06-2024T10:49:06 - [TEST_STEP][PASSED] - Video: Video recording for test case 'Test Cases/Paper_STPWithAndWithoutAPI/AO/CreditInvestigationForAO' .

24-06-2024T10:49:06 - [MESSAGE][INFO] - Video recording for test case 'Test Cases/Paper_STPWithAndWithoutAPI/AO/CreditInvestigationForAO' .]]></system-out>
         <system-err><![CDATA[]]></system-err>
      </testcase>
      <testcase name="Test Cases/Paper_STPWithAndWithoutAPI/AO/InsuranceInformationForAO" time="6.125" classname="Test Cases/Paper_STPWithAndWithoutAPI/AO/InsuranceInformationForAO" status="PASSED">
         <system-out><![CDATA[24-06-2024T10:49:06 - [TEST_CASE][PASSED] - Test Cases/Paper_STPWithAndWithoutAPI/AO/InsuranceInformationForAO: Test Cases/Paper_STPWithAndWithoutAPI/AO/InsuranceInformationForAO

24-06-2024T10:49:06 - [TEST_STEP][PASSED] - tabSection.InsuranceInformation.insuranceInformationForAOPaperbase(): tabSection.InsuranceInformation.insuranceInformationForAOPaperbase is PASSED

24-06-2024T10:49:07 - [MESSAGE][PASSED] - Object: 'Object Repository/TabSection/InsuranceInformation' is clicked on

24-06-2024T10:49:08 - [MESSAGE][PASSED] - Delayed 1 second(s)

24-06-2024T10:49:09 - [MESSAGE][PASSED] - Delayed 1 second(s)

24-06-2024T10:49:10 - [MESSAGE][PASSED] - Delayed 1 second(s)

24-06-2024T10:49:10 - [MESSAGE][PASSED] - Taking screenshot successfully
[[ATTACHMENT|D:\\newRCBCProject\\RCBCLOS_Automation\\Reports\\20240624_103059\\PaperbaseFlows\\PaperbaseWithAndWithout\\AO\\20240624_103107\\Screenshots/AccountOfficer24_06_2410_47_49/Regression24_06_24_10_49_09.jpg]]

24-06-2024T10:49:10 - [MESSAGE][PASSED] - Object: 'Object Repository/TabSection/nextArrowButton' is clicked on

24-06-2024T10:49:10 - [MESSAGE][PASSED] - tabSection.InsuranceInformation.insuranceInformationForAOPaperbase is PASSED

24-06-2024T10:49:13 - [TEST_STEP][PASSED] - Video: Video recording for test case 'Test Cases/Paper_STPWithAndWithoutAPI/AO/InsuranceInformationForAO' .

24-06-2024T10:49:13 - [MESSAGE][INFO] - Video recording for test case 'Test Cases/Paper_STPWithAndWithoutAPI/AO/InsuranceInformationForAO' .]]></system-out>
         <system-err><![CDATA[]]></system-err>
      </testcase>
      <testcase name="Test Cases/Paper_STPWithAndWithoutAPI/AO/DisbursmentInformationForAO" time="16.272" classname="Test Cases/Paper_STPWithAndWithoutAPI/AO/DisbursmentInformationForAO" status="PASSED">
         <system-out><![CDATA[24-06-2024T10:49:13 - [TEST_CASE][PASSED] - Test Cases/Paper_STPWithAndWithoutAPI/AO/DisbursmentInformationForAO: Test Cases/Paper_STPWithAndWithoutAPI/AO/DisbursmentInformationForAO

24-06-2024T10:49:13 - [TEST_STEP][PASSED] - tabSection.DisbursementInfo.disbursementInformationForAOPaperbase(): tabSection.DisbursementInfo.disbursementInformationForAOPaperbase is PASSED

24-06-2024T10:49:13 - [MESSAGE][PASSED] - Object: 'Object Repository/TabSection/DisbursementInformation' is clicked on

24-06-2024T10:49:14 - [MESSAGE][PASSED] - All options with index in [1] are selected on object 'Object Repository/BackOfficePaperBase/Fullfillment/DisbursementInfo/modeOfDisbursement'

24-06-2024T10:49:15 - [MESSAGE][PASSED] - Delayed 1 second(s)

24-06-2024T10:49:16 - [MESSAGE][PASSED] - Delayed 1 second(s)

24-06-2024T10:49:17 - [MESSAGE][PASSED] - Delayed 1 second(s)

24-06-2024T10:49:17 - [MESSAGE][PASSED] - Taking screenshot successfully
[[ATTACHMENT|D:\\newRCBCProject\\RCBCLOS_Automation\\Reports\\20240624_103059\\PaperbaseFlows\\PaperbaseWithAndWithout\\AO\\20240624_103107\\Screenshots/AccountOfficer24_06_2410_47_49/Regression24_06_24_10_49_16.jpg]]

24-06-2024T10:49:18 - [MESSAGE][PASSED] - Text '465657575' is set on object 'Object Repository/BackOfficePaperBase/Fullfillment/DisbursementInfo/accountNumber'

24-06-2024T10:49:18 - [MESSAGE][PASSED] - Text 'Axis' is set on object 'Object Repository/BackOfficePaperBase/Fullfillment/DisbursementInfo/bankName'

24-06-2024T10:49:19 - [MESSAGE][PASSED] - Delayed 1 second(s)

24-06-2024T10:49:20 - [MESSAGE][PASSED] - Delayed 1 second(s)

24-06-2024T10:49:21 - [MESSAGE][PASSED] - Delayed 1 second(s)

24-06-2024T10:49:22 - [MESSAGE][PASSED] - Taking screenshot successfully
[[ATTACHMENT|D:\\newRCBCProject\\RCBCLOS_Automation\\Reports\\20240624_103059\\PaperbaseFlows\\PaperbaseWithAndWithout\\AO\\20240624_103107\\Screenshots/AccountOfficer24_06_2410_47_49/Regression24_06_24_10_49_20.jpg]]

24-06-2024T10:49:22 - [MESSAGE][PASSED] - Text '50000' is set on object 'Object Repository/BackOfficePaperBase/AO/DisbursementInfo/GrossAmount'

24-06-2024T10:49:23 - [MESSAGE][PASSED] - Text 'done' is set on object 'Object Repository/BackOfficePaperBase/AO/DisbursementInfo/AORemark'

24-06-2024T10:49:24 - [MESSAGE][PASSED] - Delayed 1 second(s)

24-06-2024T10:49:25 - [MESSAGE][PASSED] - Delayed 1 second(s)

24-06-2024T10:49:26 - [MESSAGE][PASSED] - Delayed 1 second(s)

24-06-2024T10:49:26 - [MESSAGE][PASSED] - Taking screenshot successfully
[[ATTACHMENT|D:\\newRCBCProject\\RCBCLOS_Automation\\Reports\\20240624_103059\\PaperbaseFlows\\PaperbaseWithAndWithout\\AO\\20240624_103107\\Screenshots/AccountOfficer24_06_2410_47_49/Regression24_06_24_10_49_25.jpg]]

24-06-2024T10:49:27 - [MESSAGE][PASSED] - Object: 'Object Repository/TabSection/nextArrowButton' is clicked on

24-06-2024T10:49:27 - [MESSAGE][PASSED] - tabSection.DisbursementInfo.disbursementInformationForAOPaperbase is PASSED

24-06-2024T10:49:29 - [TEST_STEP][PASSED] - Video: Video recording for test case 'Test Cases/Paper_STPWithAndWithoutAPI/AO/DisbursmentInformationForAO' .

24-06-2024T10:49:29 - [MESSAGE][INFO] - Video recording for test case 'Test Cases/Paper_STPWithAndWithoutAPI/AO/DisbursmentInformationForAO' .]]></system-out>
         <system-err><![CDATA[]]></system-err>
      </testcase>
      <testcase name="Test Cases/Paper_STPWithAndWithoutAPI/AO/AlertSummaryForAO" time="6.1" classname="Test Cases/Paper_STPWithAndWithoutAPI/AO/AlertSummaryForAO" status="PASSED">
         <system-out><![CDATA[24-06-2024T10:49:29 - [TEST_CASE][PASSED] - Test Cases/Paper_STPWithAndWithoutAPI/AO/AlertSummaryForAO: Test Cases/Paper_STPWithAndWithoutAPI/AO/AlertSummaryForAO

24-06-2024T10:49:29 - [TEST_STEP][PASSED] - tabSection.AlertsSummary.alertsSummaryForAOPaperbase(): tabSection.AlertsSummary.alertsSummaryForAOPaperbase is PASSED

24-06-2024T10:49:29 - [MESSAGE][PASSED] - Object: 'Object Repository/TabSection/AlertSummary' is clicked on

24-06-2024T10:49:30 - [MESSAGE][PASSED] - Delayed 1 second(s)

24-06-2024T10:49:31 - [MESSAGE][PASSED] - Delayed 1 second(s)

24-06-2024T10:49:32 - [MESSAGE][PASSED] - Delayed 1 second(s)

24-06-2024T10:49:33 - [MESSAGE][PASSED] - Taking screenshot successfully
[[ATTACHMENT|D:\\newRCBCProject\\RCBCLOS_Automation\\Reports\\20240624_103059\\PaperbaseFlows\\PaperbaseWithAndWithout\\AO\\20240624_103107\\Screenshots/AccountOfficer24_06_2410_47_49/Regression24_06_24_10_49_31.jpg]]

24-06-2024T10:49:33 - [MESSAGE][PASSED] - Object: 'Object Repository/TabSection/nextArrowButton' is clicked on

24-06-2024T10:49:33 - [MESSAGE][PASSED] - tabSection.AlertsSummary.alertsSummaryForAOPaperbase is PASSED

24-06-2024T10:49:35 - [TEST_STEP][PASSED] - Video: Video recording for test case 'Test Cases/Paper_STPWithAndWithoutAPI/AO/AlertSummaryForAO' .

24-06-2024T10:49:35 - [MESSAGE][INFO] - Video recording for test case 'Test Cases/Paper_STPWithAndWithoutAPI/AO/AlertSummaryForAO' .]]></system-out>
         <system-err><![CDATA[]]></system-err>
      </testcase>
      <testcase name="Test Cases/Paper_STPWithAndWithoutAPI/AO/Action" time="49.064" classname="Test Cases/Paper_STPWithAndWithoutAPI/AO/Action" status="PASSED">
         <system-out><![CDATA[24-06-2024T10:49:35 - [TEST_CASE][PASSED] - Test Cases/Paper_STPWithAndWithoutAPI/AO/Action: Test Cases/Paper_STPWithAndWithoutAPI/AO/Action

24-06-2024T10:49:35 - [TEST_STEP][PASSED] - tabSection.Action.submitForAO(): tabSection.Action.submitForAO is PASSED

24-06-2024T10:49:37 - [MESSAGE][PASSED] - Object: 'Object Repository/TabSection/Action' is clicked on

24-06-2024T10:49:38 - [MESSAGE][PASSED] - Object 'Object Repository/Action/Decision' is visible

24-06-2024T10:49:38 - [MESSAGE][PASSED] - All options with index in [1] are selected on object 'Object Repository/Action/Decision'

24-06-2024T10:49:39 - [MESSAGE][PASSED] - Text 'OK' is set on object 'Object Repository/Action/Remarks'

24-06-2024T10:49:39 - [MESSAGE][PASSED] - Current window's title is: 'AO SI DI : LOS-3367'

24-06-2024T10:49:39 - [MESSAGE][PASSED] - Text of object 'Object Repository/Action/referenceNumber' is: 'AO SI DI : LOS-3367'

24-06-2024T10:49:39 - [MESSAGE][INFO] - LOS-3367

24-06-2024T10:49:39 - [MESSAGE][PASSED] - Object: 'Object Repository/Action/SubmitButton' is clicked on

24-06-2024T10:49:40 - [MESSAGE][PASSED] - Taking screenshot successfully
[[ATTACHMENT|D:\\newRCBCProject\\RCBCLOS_Automation\\Reports\\20240624_103059\\PaperbaseFlows\\PaperbaseWithAndWithout\\AO\\20240624_103107\\1719206379888.png]]

24-06-2024T10:49:41 - [MESSAGE][PASSED] - Delayed 1 second(s)

24-06-2024T10:49:42 - [MESSAGE][PASSED] - Delayed 1 second(s)

24-06-2024T10:49:43 - [MESSAGE][PASSED] - Delayed 1 second(s)

24-06-2024T10:49:43 - [MESSAGE][PASSED] - Taking screenshot successfully
[[ATTACHMENT|D:\\newRCBCProject\\RCBCLOS_Automation\\Reports\\20240624_103059\\PaperbaseFlows\\PaperbaseWithAndWithout\\AO\\20240624_103107\\Screenshots/AccountOfficer24_06_2410_47_49/Regression24_06_24_10_49_42.jpg]]

24-06-2024T10:49:47 - [MESSAGE][PASSED] - Object: 'Object Repository/Action/confirmYes' is clicked on

24-06-2024T10:50:20 - [MESSAGE][WARNING] - Cannot find window with title: 'LoanPortal' (Root cause: com.kms.katalon.core.exception.StepFailedException: Cannot find window with title: 'LoanPortal'
	at com.kms.katalon.core.webui.keyword.internal.WebUIKeywordMain.stepFailed(WebUIKeywordMain.groovy:64)
	at com.kms.katalon.core.webui.keyword.builtin.SwitchToWindowTitleKeyword$_switchToWindowTitle_closure1.doCall(SwitchToWindowTitleKeyword.groovy:82)
	at com.kms.katalon.core.webui.keyword.builtin.SwitchToWindowTitleKeyword$_switchToWindowTitle_closure1.call(SwitchToWindowTitleKeyword.groovy)
	at com.kms.katalon.core.webui.keyword.internal.WebUIKeywordMain.runKeyword(WebUIKeywordMain.groovy:20)
	at com.kms.katalon.core.webui.keyword.builtin.SwitchToWindowTitleKeyword.switchToWindowTitle(SwitchToWindowTitleKeyword.groovy:84)
	at com.kms.katalon.core.webui.keyword.builtin.SwitchToWindowTitleKeyword.execute(SwitchToWindowTitleKeyword.groovy:67)
	at com.kms.katalon.core.keyword.internal.KeywordExecutor.executeKeywordForPlatform(KeywordExecutor.groovy:74)
	at com.kms.katalon.core.webui.keyword.WebUiBuiltInKeywords.switchToWindowTitle(WebUiBuiltInKeywords.groovy:1809)
	at tabSection.Action.submitForAO(Action.groovy:64)
	at java.base/jdk.internal.reflect.NativeMethodAccessorImpl.invoke0(Native Method)
	at java.base/jdk.internal.reflect.NativeMethodAccessorImpl.invoke(NativeMethodAccessorImpl.java:77)
	at java.base/jdk.internal.reflect.DelegatingMethodAccessorImpl.invoke(DelegatingMethodAccessorImpl.java:43)
	at com.kms.katalon.core.main.CustomKeywordDelegatingMetaClass.invokeStaticMethod(CustomKeywordDelegatingMetaClass.java:55)
	at Action.run(Action:20)
	at com.kms.katalon.core.main.ScriptEngine.run(ScriptEngine.java:194)
	at com.kms.katalon.core.main.ScriptEngine.runScriptAsRawText(ScriptEngine.java:119)
	at com.kms.katalon.core.main.TestCaseExecutor.runScript(TestCaseExecutor.java:448)
	at com.kms.katalon.core.main.TestCaseExecutor.doExecute(TestCaseExecutor.java:439)
	at com.kms.katalon.core.main.TestCaseExecutor.processExecutionPhase(TestCaseExecutor.java:418)
	at com.kms.katalon.core.main.TestCaseExecutor.accessMainPhase(TestCaseExecutor.java:410)
	at com.kms.katalon.core.main.TestCaseExecutor.execute(TestCaseExecutor.java:285)
	at com.kms.katalon.core.common.CommonExecutor.accessTestCaseMainPhase(CommonExecutor.java:65)
	at com.kms.katalon.core.main.TestSuiteExecutor.accessTestSuiteMainPhase(TestSuiteExecutor.java:150)
	at com.kms.katalon.core.main.TestSuiteExecutor.execute(TestSuiteExecutor.java:106)
	at com.kms.katalon.core.main.TestCaseMain.startTestSuite(TestCaseMain.java:180)
	at TempTestSuite1719205267716.run(TempTestSuite1719205267716.groovy:35)
	at java.base/jdk.internal.reflect.NativeMethodAccessorImpl.invoke0(Native Method)
	at java.base/jdk.internal.reflect.NativeMethodAccessorImpl.invoke(NativeMethodAccessorImpl.java:77)
	at java.base/jdk.internal.reflect.DelegatingMethodAccessorImpl.invoke(DelegatingMethodAccessorImpl.java:43)
)
[[ATTACHMENT|D:\\newRCBCProject\\RCBCLOS_Automation\\Reports\\20240624_103059\\PaperbaseFlows\\PaperbaseWithAndWithout\\AO\\20240624_103107\\1719206420285.png]]

24-06-2024T10:50:22 - [MESSAGE][PASSED] - Delayed 2 second(s)

24-06-2024T10:50:22 - [MESSAGE][PASSED] - tabSection.Action.submitForAO is PASSED

24-06-2024T10:50:24 - [TEST_STEP][PASSED] - Video: Video recording for test case 'Test Cases/Paper_STPWithAndWithoutAPI/AO/Action' .

24-06-2024T10:50:24 - [MESSAGE][INFO] - Video recording for test case 'Test Cases/Paper_STPWithAndWithoutAPI/AO/Action' .]]></system-out>
         <system-err><![CDATA[]]></system-err>
      </testcase>
      <testcase name="Test Cases/LogOut/logout" time="16.068" classname="Test Cases/LogOut/logout" status="PASSED">
         <system-out><![CDATA[24-06-2024T10:50:24 - [TEST_CASE][PASSED] - Test Cases/LogOut/logout: Test Cases/LogOut/logout

24-06-2024T10:50:24 - [TEST_STEP][PASSED] - signOutibps.SignOut.logout(): signOutibps.SignOut.logout is PASSED

24-06-2024T10:50:24 - [MESSAGE][PASSED] - Switched to window with index: '0'

24-06-2024T10:50:25 - [MESSAGE][PASSED] - Delayed 1 second(s)

24-06-2024T10:50:26 - [MESSAGE][PASSED] - All options with index in [2] are selected on object 'Object Repository/ibpsLogOut/selectProcess'

24-06-2024T10:50:27 - [MESSAGE][PASSED] - Delayed 1 second(s)

24-06-2024T10:50:27 - [MESSAGE][PASSED] - Object: 'Object Repository/ibpsLogOut/searchBar' is double clicked on

24-06-2024T10:50:27 - [MESSAGE][PASSED] - Keys 'LOS-3367' sent to object: 'Object Repository/ibpsLogOut/searchBar'

24-06-2024T10:50:27 - [MESSAGE][PASSED] - Keys 'ENTER + ' sent to object: 'Object Repository/ibpsLogOut/searchBar'

24-06-2024T10:50:28 - [MESSAGE][PASSED] - Delayed 1 second(s)

24-06-2024T10:50:29 - [MESSAGE][PASSED] - Delayed 1 second(s)

24-06-2024T10:50:30 - [MESSAGE][PASSED] - Delayed 1 second(s)

24-06-2024T10:50:30 - [MESSAGE][PASSED] - Taking screenshot successfully
[[ATTACHMENT|D:\\newRCBCProject\\RCBCLOS_Automation\\Reports\\20240624_103059\\PaperbaseFlows\\PaperbaseWithAndWithout\\AO\\20240624_103107\\Screenshots/AccountOfficer24_06_2410_47_49/Regression24_06_24_10_50_29.jpg]]

24-06-2024T10:50:32 - [MESSAGE][PASSED] - Delayed 2 second(s)

24-06-2024T10:50:33 - [MESSAGE][PASSED] - Object: 'Object Repository/ibpsLogOut/label_QK_CO7' is clicked on

24-06-2024T10:50:35 - [MESSAGE][PASSED] - Delayed 2 second(s)

24-06-2024T10:50:35 - [MESSAGE][PASSED] - Object: 'Object Repository/ibpsLogOut/Logout' is clicked on

24-06-2024T10:50:36 - [MESSAGE][PASSED] - Delayed 1 second(s)

24-06-2024T10:50:37 - [MESSAGE][PASSED] - Delayed 1 second(s)

24-06-2024T10:50:38 - [MESSAGE][PASSED] - Delayed 1 second(s)

24-06-2024T10:50:38 - [MESSAGE][PASSED] - Taking screenshot successfully
[[ATTACHMENT|D:\\newRCBCProject\\RCBCLOS_Automation\\Reports\\20240624_103059\\PaperbaseFlows\\PaperbaseWithAndWithout\\AO\\20240624_103107\\Screenshots/AccountOfficer24_06_2410_47_49/Regression24_06_24_10_50_37.jpg]]

24-06-2024T10:50:38 - [MESSAGE][PASSED] - signOutibps.SignOut.logout is PASSED

24-06-2024T10:50:40 - [TEST_STEP][PASSED] - Video: Video recording for test case 'Test Cases/LogOut/logout' .

24-06-2024T10:50:40 - [MESSAGE][INFO] - Video recording for test case 'Test Cases/LogOut/logout' .]]></system-out>
         <system-err><![CDATA[]]></system-err>
      </testcase>
      <system-out><![CDATA[24-06-2024T10:47:38 - [TEST_SUITE][PASSED] - AO: Test Cases/LogOut/logout]]></system-out>
      <system-err><![CDATA[]]></system-err>
   </testsuite>
</testsuites>
