<?xml version="1.0" encoding="UTF-8"?>
<testsuites name="PreAndPost" time="334.646" tests="10" failures="0" errors="0">
   <testsuite name="PreAndPost" tests="10" failures="0" errors="0" time="334.646" skipped="0" timestamp="24-06-2024T10:41:54" hostname="Adarsh.Lohar - QKNBK2037.qkcorp.qualitykiosk.com" id="Test Suites/PaperbaseFlows/PaperbaseWithAndWithout/PreAndPost">
      <properties>
         <property name="deviceName" value=""/>
         <property name="devicePlatform"/>
         <property name="logFolder" value="D:\\newRCBCProject\\RCBCLOS_Automation\\Reports\\20240624_103059\\PaperbaseFlows\\PaperbaseWithAndWithout\\PreAndPost\\20240624_103105"/>
         <property name="logFiles" value="D:\\newRCBCProject\\RCBCLOS_Automation\\Reports\\20240624_103059\\PaperbaseFlows\\PaperbaseWithAndWithout\\PreAndPost\\20240624_103105\\execution0.log"/>
         <property name="attachments" value="D:\\newRCBCProject\\RCBCLOS_Automation\\Reports\\20240624_103059\\PaperbaseFlows\\PaperbaseWithAndWithout\\PreAndPost\\20240624_103105\\Screenshots/Portal24_06_2410_42_07/Regression24_06_24_10_42_08.jpg, D:\\newRCBCProject\\RCBCLOS_Automation\\Reports\\20240624_103059\\PaperbaseFlows\\PaperbaseWithAndWithout\\PreAndPost\\20240624_103105\\Screenshots/Portal24_06_2410_42_07/Regression24_06_24_10_42_16.jpg, D:\\newRCBCProject\\RCBCLOS_Automation\\Reports\\20240624_103059\\PaperbaseFlows\\PaperbaseWithAndWithout\\PreAndPost\\20240624_103105\\Screenshots/PrePost24_06_2410_42_59/Regression24_06_24_10_43_00.jpg, D:\\newRCBCProject\\RCBCLOS_Automation\\Reports\\20240624_103059\\PaperbaseFlows\\PaperbaseWithAndWithout\\PreAndPost\\20240624_103105\\Screenshots/PrePost24_06_2410_42_59/Regression24_06_24_10_43_43.jpg, D:\\newRCBCProject\\RCBCLOS_Automation\\Reports\\20240624_103059\\PaperbaseFlows\\PaperbaseWithAndWithout\\PreAndPost\\20240624_103105\\Screenshots/PrePost24_06_2410_42_59/Regression24_06_24_10_44_01.jpg, D:\\newRCBCProject\\RCBCLOS_Automation\\Reports\\20240624_103059\\PaperbaseFlows\\PaperbaseWithAndWithout\\PreAndPost\\20240624_103105\\Screenshots/PrePost24_06_2410_42_59/Regression24_06_24_10_44_10.jpg, D:\\newRCBCProject\\RCBCLOS_Automation\\Reports\\20240624_103059\\PaperbaseFlows\\PaperbaseWithAndWithout\\PreAndPost\\20240624_103105\\Screenshots/PrePost24_06_2410_42_59/Regression24_06_24_10_44_44.jpg, D:\\newRCBCProject\\RCBCLOS_Automation\\Reports\\20240624_103059\\PaperbaseFlows\\PaperbaseWithAndWithout\\PreAndPost\\20240624_103105\\Screenshots/PrePost24_06_2410_42_59/Regression24_06_24_10_44_48.jpg, D:\\newRCBCProject\\RCBCLOS_Automation\\Reports\\20240624_103059\\PaperbaseFlows\\PaperbaseWithAndWithout\\PreAndPost\\20240624_103105\\Screenshots/PrePost24_06_2410_42_59/Regression24_06_24_10_44_57.jpg, D:\\newRCBCProject\\RCBCLOS_Automation\\Reports\\20240624_103059\\PaperbaseFlows\\PaperbaseWithAndWithout\\PreAndPost\\20240624_103105\\Screenshots/PrePost24_06_2410_42_59/Regression24_06_24_10_45_07.jpg, D:\\newRCBCProject\\RCBCLOS_Automation\\Reports\\20240624_103059\\PaperbaseFlows\\PaperbaseWithAndWithout\\PreAndPost\\20240624_103105\\Screenshots/PrePost24_06_2410_42_59/Regression24_06_24_10_45_16.jpg, D:\\newRCBCProject\\RCBCLOS_Automation\\Reports\\20240624_103059\\PaperbaseFlows\\PaperbaseWithAndWithout\\PreAndPost\\20240624_103105\\Screenshots/PrePost24_06_2410_42_59/Regression24_06_24_10_45_26.jpg, D:\\newRCBCProject\\RCBCLOS_Automation\\Reports\\20240624_103059\\PaperbaseFlows\\PaperbaseWithAndWithout\\PreAndPost\\20240624_103105\\Screenshots/PrePost24_06_2410_42_59/Regression24_06_24_10_45_35.jpg, D:\\newRCBCProject\\RCBCLOS_Automation\\Reports\\20240624_103059\\PaperbaseFlows\\PaperbaseWithAndWithout\\PreAndPost\\20240624_103105\\Screenshots/PrePost24_06_2410_42_59/Regression24_06_24_10_45_53.jpg, D:\\newRCBCProject\\RCBCLOS_Automation\\Reports\\20240624_103059\\PaperbaseFlows\\PaperbaseWithAndWithout\\PreAndPost\\20240624_103105\\Screenshots/PrePost24_06_2410_46_17/Regression24_06_24_10_46_18.jpg, D:\\newRCBCProject\\RCBCLOS_Automation\\Reports\\20240624_103059\\PaperbaseFlows\\PaperbaseWithAndWithout\\PreAndPost\\20240624_103105\\Screenshots/PrePost24_06_2410_46_17/Regression24_06_24_10_46_43.jpg, D:\\newRCBCProject\\RCBCLOS_Automation\\Reports\\20240624_103059\\PaperbaseFlows\\PaperbaseWithAndWithout\\PreAndPost\\20240624_103105\\Screenshots/PrePost24_06_2410_46_17/Regression24_06_24_10_46_47.jpg, D:\\newRCBCProject\\RCBCLOS_Automation\\Reports\\20240624_103059\\PaperbaseFlows\\PaperbaseWithAndWithout\\PreAndPost\\20240624_103105\\Screenshots/PrePost24_06_2410_46_17/Regression24_06_24_10_46_53.jpg, D:\\newRCBCProject\\RCBCLOS_Automation\\Reports\\20240624_103059\\PaperbaseFlows\\PaperbaseWithAndWithout\\PreAndPost\\20240624_103105\\Screenshots/PrePost24_06_2410_46_17/Regression24_06_24_10_46_58.jpg, D:\\newRCBCProject\\RCBCLOS_Automation\\Reports\\20240624_103059\\PaperbaseFlows\\PaperbaseWithAndWithout\\PreAndPost\\20240624_103105\\Screenshots/PrePost24_06_2410_46_17/Regression24_06_24_10_47_03.jpg, D:\\newRCBCProject\\RCBCLOS_Automation\\Reports\\20240624_103059\\PaperbaseFlows\\PaperbaseWithAndWithout\\PreAndPost\\20240624_103105\\Screenshots/PrePost24_06_2410_46_17/Regression24_06_24_10_47_09.jpg, D:\\newRCBCProject\\RCBCLOS_Automation\\Reports\\20240624_103059\\PaperbaseFlows\\PaperbaseWithAndWithout\\PreAndPost\\20240624_103105\\1719206235548.png, D:\\newRCBCProject\\RCBCLOS_Automation\\Reports\\20240624_103059\\PaperbaseFlows\\PaperbaseWithAndWithout\\PreAndPost\\20240624_103105\\Screenshots/PrePost24_06_2410_46_17/Regression24_06_24_10_47_17.jpg"/>
         <property name="hostName" value="Adarsh.Lohar - QKNBK2037.qkcorp.qualitykiosk.com"/>
         <property name="os" value="Windows 10 64bit"/>
         <property name="katalonVersion" value="9.5.0.217"/>
         <property name="browser" value="Chrome 126.0.0.0"/>
         <property name="hostAddress" value="10.0.6.210"/>
         <property name="sessionId" value="4c9984de46d384e611a1565e9817b6c7"/>
         <property name="seleniumVersion" value="3.141.59"/>
         <property name="proxyInformation" value="ProxyInformation { proxyOption=NO_PROXY, proxyServerType=HTTP, username=, password=********, proxyServerAddress=, proxyServerPort=0, executionList=&quot;&quot;, isApplyToDesiredCapabilities=true }"/>
         <property name="platform" value="Windows 10"/>
      </properties>
      <testcase name="Test Cases/Paper_STPWithAndWithoutAPI/PreAndPostRelease/LoginPage" time="19.104" classname="Test Cases/Paper_STPWithAndWithoutAPI/PreAndPostRelease/LoginPage" status="PASSED">
         <system-out><![CDATA[24-06-2024T10:41:54 - [TEST_CASE][PASSED] - Test Cases/Paper_STPWithAndWithoutAPI/PreAndPostRelease/LoginPage: Test Cases/Paper_STPWithAndWithoutAPI/PreAndPostRelease/LoginPage

24-06-2024T10:41:55 - [TEST_STEP][PASSED] - loginPage.LoginPage.login_Page(): loginPage.LoginPage.login_Page is PASSED

24-06-2024T10:41:56 - [MESSAGE][INFO] - Starting 'Chrome' driver

24-06-2024T10:41:56 - [MESSAGE][INFO] - User set preference: ['args', '[--incognito]']

24-06-2024T10:41:56 - [MESSAGE][INFO] - Action delay is set to 0 milliseconds

24-06-2024T10:42:00 - [MESSAGE][PASSED] - Browser is opened with url: ''

24-06-2024T10:42:00 - [MESSAGE][PASSED] - Current window maximized

24-06-2024T10:42:02 - [MESSAGE][PASSED] - Navigate to 'https://rcbcuat.nonprodnmc.com/LoanPortal' successfully

24-06-2024T10:42:05 - [MESSAGE][PASSED] - Text 'QK_Dealer7' is set on object 'Object Repository/LoginPage/email'

24-06-2024T10:42:06 - [MESSAGE][PASSED] - Text ****** has been set on object 'Object Repository/LoginPage/password'

24-06-2024T10:42:07 - [MESSAGE][PASSED] - Delayed 1 second(s)

24-06-2024T10:42:08 - [MESSAGE][PASSED] - Delayed 1 second(s)

24-06-2024T10:42:09 - [MESSAGE][PASSED] - Delayed 1 second(s)

24-06-2024T10:42:09 - [MESSAGE][PASSED] - Taking screenshot successfully
[[ATTACHMENT|D:\\newRCBCProject\\RCBCLOS_Automation\\Reports\\20240624_103059\\PaperbaseFlows\\PaperbaseWithAndWithout\\PreAndPost\\20240624_103105\\Screenshots/Portal24_06_2410_42_07/Regression24_06_24_10_42_08.jpg]]

24-06-2024T10:42:10 - [MESSAGE][PASSED] - Object: 'Object Repository/LoginPage/log_in' is clicked on

24-06-2024T10:42:11 - [MESSAGE][PASSED] - Object 'Object Repository/HomePage/Auto_Loan_Portal' is present

24-06-2024T10:42:11 - [MESSAGE][INFO] - We are in Home Page

24-06-2024T10:42:11 - [MESSAGE][PASSED] - loginPage.LoginPage.login_Page is PASSED

24-06-2024T10:42:13 - [TEST_STEP][PASSED] - Video: Video recording for test case 'Test Cases/Paper_STPWithAndWithoutAPI/PreAndPostRelease/LoginPage' .

24-06-2024T10:42:13 - [MESSAGE][INFO] - Video recording for test case 'Test Cases/Paper_STPWithAndWithoutAPI/PreAndPostRelease/LoginPage' .]]></system-out>
         <system-err><![CDATA[]]></system-err>
      </testcase>
      <testcase name="Test Cases/Paper_STPWithAndWithoutAPI/PreAndPostRelease/homepage" time="6.164" classname="Test Cases/Paper_STPWithAndWithoutAPI/PreAndPostRelease/homepage" status="PASSED">
         <system-out><![CDATA[24-06-2024T10:42:13 - [TEST_CASE][PASSED] - Test Cases/Paper_STPWithAndWithoutAPI/PreAndPostRelease/homepage: Test Cases/Paper_STPWithAndWithoutAPI/PreAndPostRelease/homepage

24-06-2024T10:42:14 - [TEST_STEP][PASSED] - autoLoanProtal.SelectManageLoans.selectToManageLoan(): autoLoanProtal.SelectManageLoans.selectToManageLoan is PASSED

24-06-2024T10:42:14 - [MESSAGE][PASSED] - Wait for page load successfully

24-06-2024T10:42:15 - [MESSAGE][PASSED] - Delayed 1 second(s)

24-06-2024T10:42:16 - [MESSAGE][PASSED] - Delayed 1 second(s)

24-06-2024T10:42:17 - [MESSAGE][PASSED] - Delayed 1 second(s)

24-06-2024T10:42:17 - [MESSAGE][PASSED] - Taking screenshot successfully
[[ATTACHMENT|D:\\newRCBCProject\\RCBCLOS_Automation\\Reports\\20240624_103059\\PaperbaseFlows\\PaperbaseWithAndWithout\\PreAndPost\\20240624_103105\\Screenshots/Portal24_06_2410_42_07/Regression24_06_24_10_42_16.jpg]]

24-06-2024T10:42:18 - [MESSAGE][PASSED] - Object: 'Object Repository/HomePage/ManageLoans' is clicked on

24-06-2024T10:42:18 - [MESSAGE][PASSED] - autoLoanProtal.SelectManageLoans.selectToManageLoan is PASSED

24-06-2024T10:42:20 - [TEST_STEP][PASSED] - Video: Video recording for test case 'Test Cases/Paper_STPWithAndWithoutAPI/PreAndPostRelease/homepage' .

24-06-2024T10:42:20 - [MESSAGE][INFO] - Video recording for test case 'Test Cases/Paper_STPWithAndWithoutAPI/PreAndPostRelease/homepage' .]]></system-out>
         <system-err><![CDATA[]]></system-err>
      </testcase>
      <testcase name="Test Cases/Paper_STPWithAndWithoutAPI/PreAndPostRelease/ApplicationPageForPreAndPost" time="77.285" classname="Test Cases/Paper_STPWithAndWithoutAPI/PreAndPostRelease/ApplicationPageForPreAndPost" status="PASSED">
         <system-out><![CDATA[24-06-2024T10:42:20 - [TEST_CASE][PASSED] - Test Cases/Paper_STPWithAndWithoutAPI/PreAndPostRelease/ApplicationPageForPreAndPost: Test Cases/Paper_STPWithAndWithoutAPI/PreAndPostRelease/ApplicationPageForPreAndPost

24-06-2024T10:42:20 - [TEST_STEP][PASSED] - tabSection.ApplicationSection.applicationSectionTab(show, sortBy): tabSection.ApplicationSection.applicationSectionTab is PASSED

24-06-2024T10:42:58 - [MESSAGE][PASSED] - Wait for page load successfully

24-06-2024T10:42:59 - [MESSAGE][PASSED] - Delayed 1 second(s)

24-06-2024T10:43:00 - [MESSAGE][PASSED] - Delayed 1 second(s)

24-06-2024T10:43:01 - [MESSAGE][PASSED] - Delayed 1 second(s)

24-06-2024T10:43:01 - [MESSAGE][PASSED] - Taking screenshot successfully
[[ATTACHMENT|D:\\newRCBCProject\\RCBCLOS_Automation\\Reports\\20240624_103059\\PaperbaseFlows\\PaperbaseWithAndWithout\\PreAndPost\\20240624_103105\\Screenshots/PrePost24_06_2410_42_59/Regression24_06_24_10_43_00.jpg]]

24-06-2024T10:43:01 - [MESSAGE][PASSED] - Object: 'Object Repository/AdditionalInformationWithoutAPI/ApplicationPage/show' is clicked on

24-06-2024T10:43:24 - [MESSAGE][PASSED] - All options with value '2' are selected in object 'Object Repository/AdditionalInformationWithoutAPI/ApplicationPage/show'  using regular expression

24-06-2024T10:43:29 - [MESSAGE][PASSED] - Delayed 5 second(s)

24-06-2024T10:43:29 - [MESSAGE][PASSED] - All options with value '1' are selected in object 'Object Repository/AdditionalInformationWithoutAPI/ApplicationPage/sortBy'  using regular expression

24-06-2024T10:43:29 - [MESSAGE][PASSED] - Object 'Object Repository/AdditionalInformationWithoutAPI/ApplicationPage/searchBy' is clickable

24-06-2024T10:43:29 - [MESSAGE][PASSED] - Object 'Object Repository/AdditionalInformationWithoutAPI/ApplicationPage/autoLoanPortal' is clickable

24-06-2024T10:43:29 - [MESSAGE][PASSED] - Object 'Object Repository/AdditionalInformationWithoutAPI/ApplicationPage/notification' is clickable

24-06-2024T10:43:29 - [MESSAGE][PASSED] - Object 'Object Repository/AdditionalInformationWithoutAPI/ApplicationPage/signOut' is clickable

24-06-2024T10:43:29 - [MESSAGE][PASSED] - Object 'Object Repository/AdditionalInformationWithoutAPI/ApplicationPage/search' is clickable

24-06-2024T10:43:29 - [MESSAGE][PASSED] - Object 'Object Repository/AdditionalInformationWithoutAPI/ApplicationPage/dashboard' is clickable

24-06-2024T10:43:30 - [MESSAGE][PASSED] - Object 'Object Repository/AdditionalInformationWithoutAPI/ApplicationPage/searchIcon' is clickable

24-06-2024T10:43:30 - [MESSAGE][PASSED] - Object: 'Object Repository/AdditionalInformationWithoutAPI/ApplicationPage/View' is clicked on

24-06-2024T10:43:35 - [MESSAGE][PASSED] - Delayed 5 second(s)

24-06-2024T10:43:35 - [MESSAGE][PASSED] - tabSection.ApplicationSection.applicationSectionTab is PASSED

24-06-2024T10:43:37 - [TEST_STEP][PASSED] - Video: Video recording for test case 'Test Cases/Paper_STPWithAndWithoutAPI/PreAndPostRelease/ApplicationPageForPreAndPost' .

24-06-2024T10:43:37 - [MESSAGE][INFO] - Video recording for test case 'Test Cases/Paper_STPWithAndWithoutAPI/PreAndPostRelease/ApplicationPageForPreAndPost' .]]></system-out>
         <system-err><![CDATA[]]></system-err>
      </testcase>
      <testcase name="Test Cases/Paper_STPWithAndWithoutAPI/PreAndPostRelease/CustomerDetailForPreRelease" time="10.688" classname="Test Cases/Paper_STPWithAndWithoutAPI/PreAndPostRelease/CustomerDetailForPreRelease" status="PASSED">
         <system-out><![CDATA[24-06-2024T10:43:37 - [TEST_CASE][PASSED] - Test Cases/Paper_STPWithAndWithoutAPI/PreAndPostRelease/CustomerDetailForPreRelease: Test Cases/Paper_STPWithAndWithoutAPI/PreAndPostRelease/CustomerDetailForPreRelease

24-06-2024T10:43:37 - [TEST_STEP][PASSED] - tabSection.CustomerDetail.clientInformationForPreRelease(): tabSection.CustomerDetail.clientInformationForPreRelease is PASSED

24-06-2024T10:43:37 - [MESSAGE][PASSED] - Wait for page load successfully

24-06-2024T10:43:38 - [MESSAGE][PASSED] - Delayed 1 second(s)

24-06-2024T10:43:42 - [MESSAGE][PASSED] - Current window's index is: 0

24-06-2024T10:43:42 - [MESSAGE][PASSED] - Switched to window with index: '1'

24-06-2024T10:43:42 - [MESSAGE][PASSED] - Text of object 'Object Repository/Action/referenceNumber' is: 'Dealer Pre Release : LOS-3367'

24-06-2024T10:43:42 - [MESSAGE][INFO] - Dealer Pre Release : LOS-3367 Contains LOS-3367

24-06-2024T10:43:42 - [MESSAGE][INFO] - Ready to go....

24-06-2024T10:43:43 - [MESSAGE][PASSED] - Delayed 1 second(s)

24-06-2024T10:43:44 - [MESSAGE][PASSED] - Delayed 1 second(s)

24-06-2024T10:43:45 - [MESSAGE][PASSED] - Taking screenshot successfully
[[ATTACHMENT|D:\\newRCBCProject\\RCBCLOS_Automation\\Reports\\20240624_103059\\PaperbaseFlows\\PaperbaseWithAndWithout\\PreAndPost\\20240624_103105\\Screenshots/PrePost24_06_2410_42_59/Regression24_06_24_10_43_43.jpg]]

24-06-2024T10:43:46 - [MESSAGE][PASSED] - Delayed 1 second(s)

24-06-2024T10:43:46 - [MESSAGE][PASSED] - tabSection.CustomerDetail.clientInformationForPreRelease is PASSED

24-06-2024T10:43:48 - [TEST_STEP][PASSED] - Video: Video recording for test case 'Test Cases/Paper_STPWithAndWithoutAPI/PreAndPostRelease/CustomerDetailForPreRelease' .

24-06-2024T10:43:48 - [MESSAGE][INFO] - Video recording for test case 'Test Cases/Paper_STPWithAndWithoutAPI/PreAndPostRelease/CustomerDetailForPreRelease' .]]></system-out>
         <system-err><![CDATA[]]></system-err>
      </testcase>
      <testcase name="Test Cases/Paper_STPWithAndWithoutAPI/PreAndPostRelease/LoanInformation" time="16.913" classname="Test Cases/Paper_STPWithAndWithoutAPI/PreAndPostRelease/LoanInformation" status="PASSED">
         <system-out><![CDATA[24-06-2024T10:43:48 - [TEST_CASE][PASSED] - Test Cases/Paper_STPWithAndWithoutAPI/PreAndPostRelease/LoanInformation: Test Cases/Paper_STPWithAndWithoutAPI/PreAndPostRelease/LoanInformation

24-06-2024T10:43:48 - [TEST_STEP][PASSED] - tabSection.LoanInformation.loanInfoForPrereleasePaperbasedWithWithout(): tabSection.LoanInformation.loanInfoForPrereleasePaperbasedWithWithout is PASSED

24-06-2024T10:43:49 - [MESSAGE][PASSED] - Delayed 1 second(s)

24-06-2024T10:43:50 - [MESSAGE][PASSED] - Object: 'Object Repository/TabSection/LoanInformation' is clicked on

24-06-2024T10:43:51 - [MESSAGE][PASSED] - Text '0' is set on object 'Object Repository/BackOffice/PreReleasePaperbaseLoanInfo/advancePayment4'

24-06-2024T10:43:52 - [MESSAGE][PASSED] - Text '0' is set on object 'Object Repository/BackOffice/PreReleasePaperbaseLoanInfo/advancePayment5'

24-06-2024T10:43:52 - [MESSAGE][PASSED] - Attribute 'title' of object 'Object Repository/LoanInformationPreRelease/paymentScheme/totalCmf' is: '22,930.92'

24-06-2024T10:43:53 - [MESSAGE][PASSED] - Object: 'Object Repository/BackOffice/PreReleasePaperbaseLoanInfo/cmfPayment4' is double clicked on

24-06-2024T10:43:53 - [MESSAGE][PASSED] - Keys '22,930.92' sent to object: 'Object Repository/LoanInformationPreRelease/billPayment'

24-06-2024T10:43:54 - [MESSAGE][PASSED] - Text '0' is set on object 'Object Repository/BackOffice/PreReleasePaperbaseLoanInfo/cmfPayment5'

24-06-2024T10:43:55 - [MESSAGE][PASSED] - Text '0' is set on object 'Object Repository/BackOffice/PreReleasePaperbaseLoanInfo/excessEMF4'

24-06-2024T10:43:56 - [MESSAGE][PASSED] - Text '0' is set on object 'Object Repository/BackOffice/PreReleasePaperbaseLoanInfo/excessEMF5'

24-06-2024T10:43:57 - [MESSAGE][PASSED] - Text '0' is set on object 'Object Repository/BackOffice/PreReleasePaperbaseLoanInfo/lto4'

24-06-2024T10:43:58 - [MESSAGE][PASSED] - Text '0' is set on object 'Object Repository/BackOffice/PreReleasePaperbaseLoanInfo/lto5'

24-06-2024T10:43:58 - [MESSAGE][PASSED] - Text '0' is set on object 'Object Repository/BackOffice/PreReleasePaperbaseLoanInfo/motorCarInsurance4'

24-06-2024T10:43:59 - [MESSAGE][PASSED] - Text '0' is set on object 'Object Repository/BackOffice/PreReleasePaperbaseLoanInfo/motorCarInsurance5'

24-06-2024T10:44:00 - [MESSAGE][PASSED] - Delayed 1 second(s)

24-06-2024T10:44:01 - [MESSAGE][PASSED] - Delayed 1 second(s)

24-06-2024T10:44:02 - [MESSAGE][PASSED] - Delayed 1 second(s)

24-06-2024T10:44:03 - [MESSAGE][PASSED] - Taking screenshot successfully
[[ATTACHMENT|D:\\newRCBCProject\\RCBCLOS_Automation\\Reports\\20240624_103059\\PaperbaseFlows\\PaperbaseWithAndWithout\\PreAndPost\\20240624_103105\\Screenshots/PrePost24_06_2410_42_59/Regression24_06_24_10_44_01.jpg]]

24-06-2024T10:44:03 - [MESSAGE][PASSED] - tabSection.LoanInformation.loanInfoForPrereleasePaperbasedWithWithout is PASSED

24-06-2024T10:44:05 - [TEST_STEP][PASSED] - Video: Video recording for test case 'Test Cases/Paper_STPWithAndWithoutAPI/PreAndPostRelease/LoanInformation' .

24-06-2024T10:44:05 - [MESSAGE][INFO] - Video recording for test case 'Test Cases/Paper_STPWithAndWithoutAPI/PreAndPostRelease/LoanInformation' .]]></system-out>
         <system-err><![CDATA[]]></system-err>
      </testcase>
      <testcase name="Test Cases/Paper_STPWithAndWithoutAPI/PreAndPostRelease/DocumentChecklist" time="105.488" classname="Test Cases/Paper_STPWithAndWithoutAPI/PreAndPostRelease/DocumentChecklist" status="PASSED">
         <system-out><![CDATA[24-06-2024T10:44:05 - [TEST_CASE][PASSED] - Test Cases/Paper_STPWithAndWithoutAPI/PreAndPostRelease/DocumentChecklist: Test Cases/Paper_STPWithAndWithoutAPI/PreAndPostRelease/DocumentChecklist

24-06-2024T10:44:05 - [TEST_STEP][PASSED] - tabSection.DocumentCheckList.documentCheckListForPreReleasePaperbased(): tabSection.DocumentCheckList.documentCheckListForPreReleasePaperbased is PASSED

24-06-2024T10:44:08 - [MESSAGE][PASSED] - Object: 'Object Repository/TabSection/DocumentCheclist' is clicked on

24-06-2024T10:44:09 - [MESSAGE][PASSED] - Delayed 1 second(s)

24-06-2024T10:44:10 - [MESSAGE][PASSED] - Delayed 1 second(s)

24-06-2024T10:44:11 - [MESSAGE][PASSED] - Delayed 1 second(s)

24-06-2024T10:44:11 - [MESSAGE][PASSED] - Taking screenshot successfully
[[ATTACHMENT|D:\\newRCBCProject\\RCBCLOS_Automation\\Reports\\20240624_103059\\PaperbaseFlows\\PaperbaseWithAndWithout\\PreAndPost\\20240624_103105\\Screenshots/PrePost24_06_2410_42_59/Regression24_06_24_10_44_10.jpg]]

24-06-2024T10:44:12 - [MESSAGE][PASSED] - Delayed 1 second(s)

24-06-2024T10:44:38 - [MESSAGE][PASSED] - Object: 'Object Repository/DocumentCheckListForPreRelease/OutwardDocument/generateAll' is clicked on

24-06-2024T10:44:39 - [MESSAGE][PASSED] - Delayed 1 second(s)

24-06-2024T10:44:39 - [MESSAGE][PASSED] - Switched to window with index: '2'

24-06-2024T10:44:42 - [MESSAGE][PASSED] - Delayed 3 second(s)

24-06-2024T10:44:42 - [MESSAGE][PASSED] - Window with index 2 is closed

24-06-2024T10:44:42 - [MESSAGE][PASSED] - Switched to window with index: '1'

24-06-2024T10:44:43 - [MESSAGE][PASSED] - Delayed 1 second(s)

24-06-2024T10:44:44 - [MESSAGE][PASSED] - Delayed 1 second(s)

24-06-2024T10:44:45 - [MESSAGE][PASSED] - Delayed 1 second(s)

24-06-2024T10:44:45 - [MESSAGE][PASSED] - Taking screenshot successfully
[[ATTACHMENT|D:\\newRCBCProject\\RCBCLOS_Automation\\Reports\\20240624_103059\\PaperbaseFlows\\PaperbaseWithAndWithout\\PreAndPost\\20240624_103105\\Screenshots/PrePost24_06_2410_42_59/Regression24_06_24_10_44_44.jpg]]

24-06-2024T10:44:45 - [MESSAGE][PASSED] - Current window's index is: 1

24-06-2024T10:44:46 - [MESSAGE][PASSED] - Object: 'Object Repository/DocumentCheckListForPreRelease/OutwardDocument/viewBtn1' is clicked on

24-06-2024T10:44:46 - [MESSAGE][PASSED] - Switched to window with index: '2'

24-06-2024T10:44:47 - [MESSAGE][PASSED] - Delayed 1 second(s)

24-06-2024T10:44:48 - [MESSAGE][PASSED] - Delayed 1 second(s)

24-06-2024T10:44:49 - [MESSAGE][PASSED] - Delayed 1 second(s)

24-06-2024T10:44:50 - [MESSAGE][PASSED] - Taking screenshot successfully
[[ATTACHMENT|D:\\newRCBCProject\\RCBCLOS_Automation\\Reports\\20240624_103059\\PaperbaseFlows\\PaperbaseWithAndWithout\\PreAndPost\\20240624_103105\\Screenshots/PrePost24_06_2410_42_59/Regression24_06_24_10_44_48.jpg]]

24-06-2024T10:44:55 - [MESSAGE][PASSED] - Delayed 5 second(s)

24-06-2024T10:44:55 - [MESSAGE][PASSED] - Window with index 2 is closed

24-06-2024T10:44:55 - [MESSAGE][PASSED] - Switched to window with index: '1'

24-06-2024T10:44:55 - [MESSAGE][PASSED] - Current window's index is: 1

24-06-2024T10:44:55 - [MESSAGE][PASSED] - Object: 'Object Repository/DocumentCheckListForPreRelease/OutwardDocument/viewBtn2' is clicked on

24-06-2024T10:44:55 - [MESSAGE][PASSED] - Switched to window with index: '2'

24-06-2024T10:44:56 - [MESSAGE][PASSED] - Delayed 1 second(s)

24-06-2024T10:44:57 - [MESSAGE][PASSED] - Delayed 1 second(s)

24-06-2024T10:44:58 - [MESSAGE][PASSED] - Delayed 1 second(s)

24-06-2024T10:44:59 - [MESSAGE][PASSED] - Taking screenshot successfully
[[ATTACHMENT|D:\\newRCBCProject\\RCBCLOS_Automation\\Reports\\20240624_103059\\PaperbaseFlows\\PaperbaseWithAndWithout\\PreAndPost\\20240624_103105\\Screenshots/PrePost24_06_2410_42_59/Regression24_06_24_10_44_57.jpg]]

24-06-2024T10:45:04 - [MESSAGE][PASSED] - Delayed 5 second(s)

24-06-2024T10:45:04 - [MESSAGE][PASSED] - Window with index 2 is closed

24-06-2024T10:45:04 - [MESSAGE][PASSED] - Switched to window with index: '1'

24-06-2024T10:45:04 - [MESSAGE][PASSED] - Current window's index is: 1

24-06-2024T10:45:05 - [MESSAGE][PASSED] - Object: 'Object Repository/DocumentCheckListForPreRelease/OutwardDocument/viewBtn3' is clicked on

24-06-2024T10:45:05 - [MESSAGE][PASSED] - Switched to window with index: '2'

24-06-2024T10:45:06 - [MESSAGE][PASSED] - Delayed 1 second(s)

24-06-2024T10:45:07 - [MESSAGE][PASSED] - Delayed 1 second(s)

24-06-2024T10:45:08 - [MESSAGE][PASSED] - Delayed 1 second(s)

24-06-2024T10:45:08 - [MESSAGE][PASSED] - Taking screenshot successfully
[[ATTACHMENT|D:\\newRCBCProject\\RCBCLOS_Automation\\Reports\\20240624_103059\\PaperbaseFlows\\PaperbaseWithAndWithout\\PreAndPost\\20240624_103105\\Screenshots/PrePost24_06_2410_42_59/Regression24_06_24_10_45_07.jpg]]

24-06-2024T10:45:13 - [MESSAGE][PASSED] - Delayed 5 second(s)

24-06-2024T10:45:13 - [MESSAGE][PASSED] - Window with index 2 is closed

24-06-2024T10:45:13 - [MESSAGE][PASSED] - Switched to window with index: '1'

24-06-2024T10:45:13 - [MESSAGE][PASSED] - Current window's index is: 1

24-06-2024T10:45:14 - [MESSAGE][PASSED] - Object: 'Object Repository/DocumentCheckListForPreRelease/OutwardDocument/viewBtn4' is clicked on

24-06-2024T10:45:14 - [MESSAGE][PASSED] - Switched to window with index: '2'

24-06-2024T10:45:15 - [MESSAGE][PASSED] - Delayed 1 second(s)

24-06-2024T10:45:16 - [MESSAGE][PASSED] - Delayed 1 second(s)

24-06-2024T10:45:17 - [MESSAGE][PASSED] - Delayed 1 second(s)

24-06-2024T10:45:17 - [MESSAGE][PASSED] - Taking screenshot successfully
[[ATTACHMENT|D:\\newRCBCProject\\RCBCLOS_Automation\\Reports\\20240624_103059\\PaperbaseFlows\\PaperbaseWithAndWithout\\PreAndPost\\20240624_103105\\Screenshots/PrePost24_06_2410_42_59/Regression24_06_24_10_45_16.jpg]]

24-06-2024T10:45:22 - [MESSAGE][PASSED] - Delayed 5 second(s)

24-06-2024T10:45:22 - [MESSAGE][PASSED] - Window with index 2 is closed

24-06-2024T10:45:22 - [MESSAGE][PASSED] - Switched to window with index: '1'

24-06-2024T10:45:22 - [MESSAGE][PASSED] - Current window's index is: 1

24-06-2024T10:45:24 - [MESSAGE][PASSED] - Object: 'Object Repository/DocumentCheckListForPreRelease/OutwardDocument/viewBtn5' is clicked on

24-06-2024T10:45:24 - [MESSAGE][PASSED] - Switched to window with index: '2'

24-06-2024T10:45:25 - [MESSAGE][PASSED] - Delayed 1 second(s)

24-06-2024T10:45:26 - [MESSAGE][PASSED] - Delayed 1 second(s)

24-06-2024T10:45:27 - [MESSAGE][PASSED] - Delayed 1 second(s)

24-06-2024T10:45:27 - [MESSAGE][PASSED] - Taking screenshot successfully
[[ATTACHMENT|D:\\newRCBCProject\\RCBCLOS_Automation\\Reports\\20240624_103059\\PaperbaseFlows\\PaperbaseWithAndWithout\\PreAndPost\\20240624_103105\\Screenshots/PrePost24_06_2410_42_59/Regression24_06_24_10_45_26.jpg]]

24-06-2024T10:45:32 - [MESSAGE][PASSED] - Delayed 5 second(s)

24-06-2024T10:45:32 - [MESSAGE][PASSED] - Window with index 2 is closed

24-06-2024T10:45:32 - [MESSAGE][PASSED] - Switched to window with index: '1'

24-06-2024T10:45:32 - [MESSAGE][PASSED] - Current window's index is: 1

24-06-2024T10:45:33 - [MESSAGE][PASSED] - Object: 'Object Repository/DocumentCheckListForPreRelease/OutwardDocument/viewBtn6' is clicked on

24-06-2024T10:45:33 - [MESSAGE][PASSED] - Switched to window with index: '2'

24-06-2024T10:45:34 - [MESSAGE][PASSED] - Delayed 1 second(s)

24-06-2024T10:45:35 - [MESSAGE][PASSED] - Delayed 1 second(s)

24-06-2024T10:45:36 - [MESSAGE][PASSED] - Delayed 1 second(s)

24-06-2024T10:45:36 - [MESSAGE][PASSED] - Taking screenshot successfully
[[ATTACHMENT|D:\\newRCBCProject\\RCBCLOS_Automation\\Reports\\20240624_103059\\PaperbaseFlows\\PaperbaseWithAndWithout\\PreAndPost\\20240624_103105\\Screenshots/PrePost24_06_2410_42_59/Regression24_06_24_10_45_35.jpg]]

24-06-2024T10:45:41 - [MESSAGE][PASSED] - Delayed 5 second(s)

24-06-2024T10:45:41 - [MESSAGE][PASSED] - Window with index 2 is closed

24-06-2024T10:45:41 - [MESSAGE][PASSED] - Switched to window with index: '1'

24-06-2024T10:45:43 - [MESSAGE][PASSED] - Delayed 2 second(s)

24-06-2024T10:45:46 - [MESSAGE][PASSED] - Object: 'Object Repository/CollateralInformationPreRelease/SaveBtn' is clicked on

24-06-2024T10:45:48 - [MESSAGE][PASSED] - Delayed 2 second(s)

24-06-2024T10:45:48 - [MESSAGE][PASSED] - tabSection.DocumentCheckList.documentCheckListForPreReleasePaperbased is PASSED

24-06-2024T10:45:50 - [TEST_STEP][PASSED] - Video: Video recording for test case 'Test Cases/Paper_STPWithAndWithoutAPI/PreAndPostRelease/DocumentChecklist' .

24-06-2024T10:45:50 - [MESSAGE][INFO] - Video recording for test case 'Test Cases/Paper_STPWithAndWithoutAPI/PreAndPostRelease/DocumentChecklist' .]]></system-out>
         <system-err><![CDATA[]]></system-err>
      </testcase>
      <testcase name="Test Cases/Paper_STPWithAndWithoutAPI/PreAndPostRelease/CollateralInfo" time="5.884" classname="Test Cases/Paper_STPWithAndWithoutAPI/PreAndPostRelease/CollateralInfo" status="PASSED">
         <system-out><![CDATA[24-06-2024T10:45:50 - [TEST_CASE][PASSED] - Test Cases/Paper_STPWithAndWithoutAPI/PreAndPostRelease/CollateralInfo: Test Cases/Paper_STPWithAndWithoutAPI/PreAndPostRelease/CollateralInfo

24-06-2024T10:45:50 - [TEST_STEP][PASSED] - tabSection.CollateralInformation.collateralInformationForPrereleasePaperbased(): tabSection.CollateralInformation.collateralInformationForPrereleasePaperbased is PASSED

24-06-2024T10:45:51 - [MESSAGE][PASSED] - Object: 'Object Repository/TabSection/CollateralInformation' is clicked on

24-06-2024T10:45:52 - [MESSAGE][PASSED] - Delayed 1 second(s)

24-06-2024T10:45:53 - [MESSAGE][PASSED] - Delayed 1 second(s)

24-06-2024T10:45:54 - [MESSAGE][PASSED] - Delayed 1 second(s)

24-06-2024T10:45:54 - [MESSAGE][PASSED] - Taking screenshot successfully
[[ATTACHMENT|D:\\newRCBCProject\\RCBCLOS_Automation\\Reports\\20240624_103059\\PaperbaseFlows\\PaperbaseWithAndWithout\\PreAndPost\\20240624_103105\\Screenshots/PrePost24_06_2410_42_59/Regression24_06_24_10_45_53.jpg]]

24-06-2024T10:45:54 - [MESSAGE][PASSED] - tabSection.CollateralInformation.collateralInformationForPrereleasePaperbased is PASSED

24-06-2024T10:45:56 - [TEST_STEP][PASSED] - Video: Video recording for test case 'Test Cases/Paper_STPWithAndWithoutAPI/PreAndPostRelease/CollateralInfo' .

24-06-2024T10:45:56 - [MESSAGE][INFO] - Video recording for test case 'Test Cases/Paper_STPWithAndWithoutAPI/PreAndPostRelease/CollateralInfo' .]]></system-out>
         <system-err><![CDATA[]]></system-err>
      </testcase>
      <testcase name="Test Cases/Paper_STPWithAndWithoutAPI/PreAndPostRelease/DisbursmentInfoNew" time="19.672" classname="Test Cases/Paper_STPWithAndWithoutAPI/PreAndPostRelease/DisbursmentInfoNew" status="PASSED">
         <system-out><![CDATA[24-06-2024T10:45:56 - [TEST_CASE][PASSED] - Test Cases/Paper_STPWithAndWithoutAPI/PreAndPostRelease/DisbursmentInfoNew: Test Cases/Paper_STPWithAndWithoutAPI/PreAndPostRelease/DisbursmentInfoNew

24-06-2024T10:45:56 - [TEST_STEP][PASSED] - click(findTestObject("Object Repository/DisbursementInfoNew/DisbursementInfoAndSubmit/disbursementInformation")): Object: 'Object Repository/DisbursementInfoNew/DisbursementInfoAndSubmit/disbursementInformation' is clicked on

24-06-2024T10:45:57 - [MESSAGE][PASSED] - Object: 'Object Repository/DisbursementInfoNew/DisbursementInfoAndSubmit/disbursementInformation' is clicked on

24-06-2024T10:45:57 - [TEST_STEP][PASSED] - click(findTestObject("Object Repository/DisbursementInfoNew/DisbursementInfoAndSubmit/plusIcon")): Object: 'Object Repository/DisbursementInfoNew/DisbursementInfoAndSubmit/plusIcon' is clicked on

24-06-2024T10:45:58 - [MESSAGE][PASSED] - Object: 'Object Repository/DisbursementInfoNew/DisbursementInfoAndSubmit/plusIcon' is clicked on

24-06-2024T10:45:59 - [TEST_STEP][PASSED] - selectOptionByIndex(findTestObject("Object Repository/DisbursementInfoNew/DisbursementInfoAndSubmit/payeeName"), 1, STOP_ON_FAILURE): All options with index in [1] are selected on object 'Object Repository/DisbursementInfoNew/DisbursementInfoAndSubmit/payeeName'

24-06-2024T10:46:01 - [MESSAGE][PASSED] - All options with index in [1] are selected on object 'Object Repository/DisbursementInfoNew/DisbursementInfoAndSubmit/payeeName'

24-06-2024T10:46:01 - [TEST_STEP][PASSED] - selectOptionByIndex(findTestObject("Object Repository/DisbursementInfoNew/DisbursementInfoAndSubmit/modeOfDisbursement"), 1, STOP_ON_FAILURE): All options with index in [1] are selected on object 'Object Repository/DisbursementInfoNew/DisbursementInfoAndSubmit/modeOfDisbursement'

24-06-2024T10:46:01 - [MESSAGE][PASSED] - All options with index in [1] are selected on object 'Object Repository/DisbursementInfoNew/DisbursementInfoAndSubmit/modeOfDisbursement'

24-06-2024T10:46:01 - [TEST_STEP][PASSED] - click(findTestObject("Object Repository/DisbursementInfoNew/DisbursementInfoAndSubmit/saveAndClose")): Object: 'Object Repository/DisbursementInfoNew/DisbursementInfoAndSubmit/saveAndClose' is clicked on

24-06-2024T10:46:03 - [MESSAGE][PASSED] - Object: 'Object Repository/DisbursementInfoNew/DisbursementInfoAndSubmit/saveAndClose' is clicked on

24-06-2024T10:46:03 - [TEST_STEP][PASSED] - click(findTestObject("Object Repository/DisbursementInfoNew/DisbursementInfoAndSubmit/actionTab")): Object: 'Object Repository/DisbursementInfoNew/DisbursementInfoAndSubmit/actionTab' is clicked on

24-06-2024T10:46:05 - [MESSAGE][PASSED] - Object: 'Object Repository/DisbursementInfoNew/DisbursementInfoAndSubmit/actionTab' is clicked on

24-06-2024T10:46:05 - [TEST_STEP][PASSED] - selectOptionByIndex(findTestObject("Object Repository/DisbursementInfoNew/DisbursementInfoAndSubmit/selectSubmit"), 1, STOP_ON_FAILURE): All options with index in [1] are selected on object 'Object Repository/DisbursementInfoNew/DisbursementInfoAndSubmit/selectSubmit'

24-06-2024T10:46:05 - [MESSAGE][PASSED] - All options with index in [1] are selected on object 'Object Repository/DisbursementInfoNew/DisbursementInfoAndSubmit/selectSubmit'

24-06-2024T10:46:05 - [TEST_STEP][PASSED] - setText(findTestObject("Object Repository/DisbursementInfoNew/DisbursementInfoAndSubmit/decision"), "ok"): Text 'ok' is set on object 'Object Repository/DisbursementInfoNew/DisbursementInfoAndSubmit/decision'

24-06-2024T10:46:06 - [MESSAGE][PASSED] - Text 'ok' is set on object 'Object Repository/DisbursementInfoNew/DisbursementInfoAndSubmit/decision'

24-06-2024T10:46:06 - [TEST_STEP][PASSED] - click(findTestObject("Object Repository/DisbursementInfoNew/DisbursementInfoAndSubmit/button_Submit")): Object: 'Object Repository/DisbursementInfoNew/DisbursementInfoAndSubmit/button_Submit' is clicked on

24-06-2024T10:46:07 - [MESSAGE][PASSED] - Object: 'Object Repository/DisbursementInfoNew/DisbursementInfoAndSubmit/button_Submit' is clicked on

24-06-2024T10:46:07 - [TEST_STEP][PASSED] - currentWindow = getWindowTitle(): Current window's title is: 'Dealer Pre Release : LOS-3367'

24-06-2024T10:46:07 - [MESSAGE][PASSED] - Current window's title is: 'Dealer Pre Release : LOS-3367'

24-06-2024T10:46:07 - [TEST_STEP][PASSED] - click(findTestObject("Object Repository/Action/confirmYes")): Object: 'Object Repository/Action/confirmYes' is clicked on

24-06-2024T10:46:12 - [MESSAGE][PASSED] - Object: 'Object Repository/Action/confirmYes' is clicked on

24-06-2024T10:46:12 - [TEST_STEP][PASSED] - delay(2): Delayed 2 second(s)

24-06-2024T10:46:14 - [MESSAGE][PASSED] - Delayed 2 second(s)

24-06-2024T10:46:14 - [TEST_STEP][PASSED] - if (!(currentWindow.equalsIgnoreCase("LoanPortal"))): Switched to window with title: 'LoanPortal'

24-06-2024T10:46:14 - [TEST_STEP][PASSED] - switchToWindowTitle("LoanPortal"): Switched to window with title: 'LoanPortal'

24-06-2024T10:46:14 - [MESSAGE][PASSED] - Switched to window with title: 'LoanPortal'

24-06-2024T10:46:16 - [TEST_STEP][PASSED] - Video: Video recording for test case 'Test Cases/Paper_STPWithAndWithoutAPI/PreAndPostRelease/DisbursmentInfoNew' .

24-06-2024T10:46:16 - [MESSAGE][INFO] - Video recording for test case 'Test Cases/Paper_STPWithAndWithoutAPI/PreAndPostRelease/DisbursmentInfoNew' .]]></system-out>
         <system-err><![CDATA[]]></system-err>
      </testcase>
      <testcase name="Test Cases/Paper_STPWithAndWithoutAPI/PreAndPostRelease/ApplicationPageForPreAndPost" time="20.112" classname="Test Cases/Paper_STPWithAndWithoutAPI/PreAndPostRelease/ApplicationPageForPreAndPost" status="PASSED">
         <system-out><![CDATA[24-06-2024T10:46:16 - [TEST_CASE][PASSED] - Test Cases/Paper_STPWithAndWithoutAPI/PreAndPostRelease/ApplicationPageForPreAndPost: Test Cases/Paper_STPWithAndWithoutAPI/PreAndPostRelease/ApplicationPageForPreAndPost

24-06-2024T10:46:16 - [TEST_STEP][PASSED] - tabSection.ApplicationSection.applicationSectionTab(show, sortBy): tabSection.ApplicationSection.applicationSectionTab is PASSED

24-06-2024T10:46:16 - [MESSAGE][PASSED] - Wait for page load successfully

24-06-2024T10:46:17 - [MESSAGE][PASSED] - Delayed 1 second(s)

24-06-2024T10:46:18 - [MESSAGE][PASSED] - Delayed 1 second(s)

24-06-2024T10:46:19 - [MESSAGE][PASSED] - Delayed 1 second(s)

24-06-2024T10:46:19 - [MESSAGE][PASSED] - Taking screenshot successfully
[[ATTACHMENT|D:\\newRCBCProject\\RCBCLOS_Automation\\Reports\\20240624_103059\\PaperbaseFlows\\PaperbaseWithAndWithout\\PreAndPost\\20240624_103105\\Screenshots/PrePost24_06_2410_46_17/Regression24_06_24_10_46_18.jpg]]

24-06-2024T10:46:19 - [MESSAGE][PASSED] - Object: 'Object Repository/AdditionalInformationWithoutAPI/ApplicationPage/show' is clicked on

24-06-2024T10:46:23 - [MESSAGE][PASSED] - All options with value '3' are selected in object 'Object Repository/AdditionalInformationWithoutAPI/ApplicationPage/show'  using regular expression

24-06-2024T10:46:28 - [MESSAGE][PASSED] - Delayed 5 second(s)

24-06-2024T10:46:28 - [MESSAGE][PASSED] - All options with value '1' are selected in object 'Object Repository/AdditionalInformationWithoutAPI/ApplicationPage/sortBy'  using regular expression

24-06-2024T10:46:28 - [MESSAGE][PASSED] - Object 'Object Repository/AdditionalInformationWithoutAPI/ApplicationPage/searchBy' is clickable

24-06-2024T10:46:28 - [MESSAGE][PASSED] - Object 'Object Repository/AdditionalInformationWithoutAPI/ApplicationPage/autoLoanPortal' is clickable

24-06-2024T10:46:28 - [MESSAGE][PASSED] - Object 'Object Repository/AdditionalInformationWithoutAPI/ApplicationPage/notification' is clickable

24-06-2024T10:46:28 - [MESSAGE][PASSED] - Object 'Object Repository/AdditionalInformationWithoutAPI/ApplicationPage/signOut' is clickable

24-06-2024T10:46:28 - [MESSAGE][PASSED] - Object 'Object Repository/AdditionalInformationWithoutAPI/ApplicationPage/search' is clickable

24-06-2024T10:46:28 - [MESSAGE][PASSED] - Object 'Object Repository/AdditionalInformationWithoutAPI/ApplicationPage/dashboard' is clickable

24-06-2024T10:46:28 - [MESSAGE][PASSED] - Object 'Object Repository/AdditionalInformationWithoutAPI/ApplicationPage/searchIcon' is clickable

24-06-2024T10:46:29 - [MESSAGE][PASSED] - Object: 'Object Repository/AdditionalInformationWithoutAPI/ApplicationPage/View' is clicked on

24-06-2024T10:46:34 - [MESSAGE][PASSED] - Delayed 5 second(s)

24-06-2024T10:46:34 - [MESSAGE][PASSED] - tabSection.ApplicationSection.applicationSectionTab is PASSED

24-06-2024T10:46:36 - [TEST_STEP][PASSED] - Video: Video recording for test case 'Test Cases/Paper_STPWithAndWithoutAPI/PreAndPostRelease/ApplicationPageForPreAndPost' .

24-06-2024T10:46:36 - [MESSAGE][INFO] - Video recording for test case 'Test Cases/Paper_STPWithAndWithoutAPI/PreAndPostRelease/ApplicationPageForPreAndPost' .]]></system-out>
         <system-err><![CDATA[]]></system-err>
      </testcase>
      <testcase name="Test Cases/Paper_STPWithAndWithoutAPI/PreAndPostRelease/PostRelease" time="52.878" classname="Test Cases/Paper_STPWithAndWithoutAPI/PreAndPostRelease/PostRelease" status="PASSED">
         <system-out><![CDATA[24-06-2024T10:46:36 - [TEST_CASE][PASSED] - Test Cases/Paper_STPWithAndWithoutAPI/PreAndPostRelease/PostRelease: Test Cases/Paper_STPWithAndWithoutAPI/PreAndPostRelease/PostRelease

24-06-2024T10:46:36 - [TEST_STEP][PASSED] - postRelease.PostReleaseSubmit.submit_post_release(): postRelease.PostReleaseSubmit.submit_post_release is PASSED

24-06-2024T10:46:37 - [MESSAGE][PASSED] - Switched to window with index: '1'

24-06-2024T10:46:41 - [MESSAGE][PASSED] - Delayed 4 second(s)

24-06-2024T10:46:42 - [MESSAGE][PASSED] - Delayed 1 second(s)

24-06-2024T10:46:43 - [MESSAGE][PASSED] - Delayed 1 second(s)

24-06-2024T10:46:44 - [MESSAGE][PASSED] - Delayed 1 second(s)

24-06-2024T10:46:45 - [MESSAGE][PASSED] - Taking screenshot successfully
[[ATTACHMENT|D:\\newRCBCProject\\RCBCLOS_Automation\\Reports\\20240624_103059\\PaperbaseFlows\\PaperbaseWithAndWithout\\PreAndPost\\20240624_103105\\Screenshots/PrePost24_06_2410_46_17/Regression24_06_24_10_46_43.jpg]]

24-06-2024T10:46:45 - [MESSAGE][PASSED] - Object: 'Object Repository/TabSection/LoanInformation' is clicked on

24-06-2024T10:46:46 - [MESSAGE][PASSED] - Delayed 1 second(s)

24-06-2024T10:46:47 - [MESSAGE][PASSED] - Delayed 1 second(s)

24-06-2024T10:46:48 - [MESSAGE][PASSED] - Delayed 1 second(s)

24-06-2024T10:46:48 - [MESSAGE][PASSED] - Taking screenshot successfully
[[ATTACHMENT|D:\\newRCBCProject\\RCBCLOS_Automation\\Reports\\20240624_103059\\PaperbaseFlows\\PaperbaseWithAndWithout\\PreAndPost\\20240624_103105\\Screenshots/PrePost24_06_2410_46_17/Regression24_06_24_10_46_47.jpg]]

24-06-2024T10:46:49 - [MESSAGE][PASSED] - Delayed 1 second(s)

24-06-2024T10:46:51 - [MESSAGE][PASSED] - Object: 'Object Repository/TabSection/DocumentCheclist' is clicked on

24-06-2024T10:46:52 - [MESSAGE][PASSED] - Delayed 1 second(s)

24-06-2024T10:46:53 - [MESSAGE][PASSED] - Delayed 1 second(s)

24-06-2024T10:46:54 - [MESSAGE][PASSED] - Delayed 1 second(s)

24-06-2024T10:46:54 - [MESSAGE][PASSED] - Taking screenshot successfully
[[ATTACHMENT|D:\\newRCBCProject\\RCBCLOS_Automation\\Reports\\20240624_103059\\PaperbaseFlows\\PaperbaseWithAndWithout\\PreAndPost\\20240624_103105\\Screenshots/PrePost24_06_2410_46_17/Regression24_06_24_10_46_53.jpg]]

24-06-2024T10:46:55 - [MESSAGE][PASSED] - Delayed 1 second(s)

24-06-2024T10:46:56 - [MESSAGE][PASSED] - Object: 'Object Repository/TabSection/CollateralInformation' is clicked on

24-06-2024T10:46:57 - [MESSAGE][PASSED] - Delayed 1 second(s)

24-06-2024T10:46:58 - [MESSAGE][PASSED] - Delayed 1 second(s)

24-06-2024T10:46:59 - [MESSAGE][PASSED] - Delayed 1 second(s)

24-06-2024T10:46:59 - [MESSAGE][PASSED] - Taking screenshot successfully
[[ATTACHMENT|D:\\newRCBCProject\\RCBCLOS_Automation\\Reports\\20240624_103059\\PaperbaseFlows\\PaperbaseWithAndWithout\\PreAndPost\\20240624_103105\\Screenshots/PrePost24_06_2410_46_17/Regression24_06_24_10_46_58.jpg]]

24-06-2024T10:47:00 - [MESSAGE][PASSED] - Delayed 1 second(s)

24-06-2024T10:47:00 - [MESSAGE][PASSED] - Object: 'Object Repository/TabSection/DisbursementInformation' is clicked on

24-06-2024T10:47:02 - [MESSAGE][PASSED] - Delayed 1 second(s)

24-06-2024T10:47:03 - [MESSAGE][PASSED] - Delayed 1 second(s)

24-06-2024T10:47:04 - [MESSAGE][PASSED] - Delayed 1 second(s)

24-06-2024T10:47:04 - [MESSAGE][PASSED] - Taking screenshot successfully
[[ATTACHMENT|D:\\newRCBCProject\\RCBCLOS_Automation\\Reports\\20240624_103059\\PaperbaseFlows\\PaperbaseWithAndWithout\\PreAndPost\\20240624_103105\\Screenshots/PrePost24_06_2410_46_17/Regression24_06_24_10_47_03.jpg]]

24-06-2024T10:47:05 - [MESSAGE][PASSED] - Delayed 1 second(s)

24-06-2024T10:47:07 - [MESSAGE][PASSED] - Object: 'Object Repository/TabSection/Action' is clicked on

24-06-2024T10:47:08 - [MESSAGE][PASSED] - Delayed 1 second(s)

24-06-2024T10:47:09 - [MESSAGE][PASSED] - Delayed 1 second(s)

24-06-2024T10:47:10 - [MESSAGE][PASSED] - Delayed 1 second(s)

24-06-2024T10:47:10 - [MESSAGE][PASSED] - Taking screenshot successfully
[[ATTACHMENT|D:\\newRCBCProject\\RCBCLOS_Automation\\Reports\\20240624_103059\\PaperbaseFlows\\PaperbaseWithAndWithout\\PreAndPost\\20240624_103105\\Screenshots/PrePost24_06_2410_46_17/Regression24_06_24_10_47_09.jpg]]

24-06-2024T10:47:12 - [MESSAGE][PASSED] - Delayed 2 second(s)

24-06-2024T10:47:12 - [MESSAGE][PASSED] - Object: 'Object Repository/TabSection/Action' is clicked on

24-06-2024T10:47:12 - [MESSAGE][PASSED] - Object 'Object Repository/Action/Decision' is visible

24-06-2024T10:47:13 - [MESSAGE][PASSED] - All options with value 'Submit' are selected in object 'Object Repository/Action/Decision' 

24-06-2024T10:47:13 - [MESSAGE][PASSED] - Text 'OK' is set on object 'Object Repository/Action/Remarks'

24-06-2024T10:47:13 - [MESSAGE][INFO] - LOS-3367

24-06-2024T10:47:14 - [MESSAGE][PASSED] - Object: 'Object Repository/Action/SubmitButton' is clicked on

24-06-2024T10:47:15 - [MESSAGE][PASSED] - Delayed 1 second(s)

24-06-2024T10:47:15 - [MESSAGE][PASSED] - Taking screenshot successfully
[[ATTACHMENT|D:\\newRCBCProject\\RCBCLOS_Automation\\Reports\\20240624_103059\\PaperbaseFlows\\PaperbaseWithAndWithout\\PreAndPost\\20240624_103105\\1719206235548.png]]

24-06-2024T10:47:16 - [MESSAGE][PASSED] - Delayed 1 second(s)

24-06-2024T10:47:17 - [MESSAGE][PASSED] - Delayed 1 second(s)

24-06-2024T10:47:18 - [MESSAGE][PASSED] - Delayed 1 second(s)

24-06-2024T10:47:18 - [MESSAGE][PASSED] - Taking screenshot successfully
[[ATTACHMENT|D:\\newRCBCProject\\RCBCLOS_Automation\\Reports\\20240624_103059\\PaperbaseFlows\\PaperbaseWithAndWithout\\PreAndPost\\20240624_103105\\Screenshots/PrePost24_06_2410_46_17/Regression24_06_24_10_47_17.jpg]]

24-06-2024T10:47:22 - [MESSAGE][PASSED] - Object: 'Object Repository/Action/confirmYes' is clicked on

24-06-2024T10:47:27 - [MESSAGE][PASSED] - Delayed 5 second(s)

24-06-2024T10:47:27 - [MESSAGE][PASSED] - postRelease.PostReleaseSubmit.submit_post_release is PASSED

24-06-2024T10:47:29 - [TEST_STEP][PASSED] - Video: Video recording for test case 'Test Cases/Paper_STPWithAndWithoutAPI/PreAndPostRelease/PostRelease' .

24-06-2024T10:47:29 - [MESSAGE][INFO] - Video recording for test case 'Test Cases/Paper_STPWithAndWithoutAPI/PreAndPostRelease/PostRelease' .]]></system-out>
         <system-err><![CDATA[]]></system-err>
      </testcase>
      <system-out><![CDATA[24-06-2024T10:41:54 - [TEST_SUITE][PASSED] - PreAndPost: Test Cases/Paper_STPWithAndWithoutAPI/PreAndPostRelease/PostRelease]]></system-out>
      <system-err><![CDATA[]]></system-err>
   </testsuite>
</testsuites>
