<?xml version="1.0" encoding="UTF-8"?>
<testsuites name="PaperBasedPortal" time="154.287" tests="7" failures="0" errors="0">
   <testsuite name="PaperBasedPortal" tests="7" failures="0" errors="0" time="154.287" skipped="0" timestamp="24-06-2024T11:50:54" hostname="Adarsh.Lohar - QKNBK2037.qkcorp.qualitykiosk.com" id="Test Suites/PaperbaseFlows/PaperbaseWithAndWithout/PaperBasedPortal">
      <properties>
         <property name="deviceName" value=""/>
         <property name="devicePlatform"/>
         <property name="logFolder" value="D:\\newRCBCProject\\RCBCLOS_Automation\\Reports\\20240624_115032\\PaperbaseFlows\\PaperbaseWithAndWithout\\PaperBasedPortal\\20240624_115034"/>
         <property name="logFiles" value="D:\\newRCBCProject\\RCBCLOS_Automation\\Reports\\20240624_115032\\PaperbaseFlows\\PaperbaseWithAndWithout\\PaperBasedPortal\\20240624_115034\\execution0.log"/>
         <property name="attachments" value="D:\\newRCBCProject\\RCBCLOS_Automation\\Reports\\20240624_115032\\PaperbaseFlows\\PaperbaseWithAndWithout\\PaperBasedPortal\\20240624_115034\\Screenshots/Portal24_06_2411_51_12/Regression24_06_24_11_51_13.jpg, D:\\newRCBCProject\\RCBCLOS_Automation\\Reports\\20240624_115032\\PaperbaseFlows\\PaperbaseWithAndWithout\\PaperBasedPortal\\20240624_115034\\Screenshots/Portal24_06_2411_51_12/Regression24_06_24_11_51_21.jpg, D:\\newRCBCProject\\RCBCLOS_Automation\\Reports\\20240624_115032\\PaperbaseFlows\\PaperbaseWithAndWithout\\PaperBasedPortal\\20240624_115034\\Screenshots/Portal24_06_2411_51_12/Regression24_06_24_11_51_28.jpg, D:\\newRCBCProject\\RCBCLOS_Automation\\Reports\\20240624_115032\\PaperbaseFlows\\PaperbaseWithAndWithout\\PaperBasedPortal\\20240624_115034\\Screenshots/Portal24_06_2411_51_12/Regression24_06_24_11_51_38.jpg, D:\\newRCBCProject\\RCBCLOS_Automation\\Reports\\20240624_115032\\PaperbaseFlows\\PaperbaseWithAndWithout\\PaperBasedPortal\\20240624_115034\\Screenshots/Portal24_06_2411_51_12/Regression24_06_24_11_51_56.jpg, D:\\newRCBCProject\\RCBCLOS_Automation\\Reports\\20240624_115032\\PaperbaseFlows\\PaperbaseWithAndWithout\\PaperBasedPortal\\20240624_115034\\Screenshots/Portal24_06_2411_51_12/Regression24_06_24_11_52_02.jpg, D:\\newRCBCProject\\RCBCLOS_Automation\\Reports\\20240624_115032\\PaperbaseFlows\\PaperbaseWithAndWithout\\PaperBasedPortal\\20240624_115034\\Screenshots/Portal24_06_2411_51_12/Regression24_06_24_11_52_23.jpg, D:\\newRCBCProject\\RCBCLOS_Automation\\Reports\\20240624_115032\\PaperbaseFlows\\PaperbaseWithAndWithout\\PaperBasedPortal\\20240624_115034\\Screenshots/Portal24_06_2411_51_12/Regression24_06_24_11_52_43.jpg, D:\\newRCBCProject\\RCBCLOS_Automation\\Reports\\20240624_115032\\PaperbaseFlows\\PaperbaseWithAndWithout\\PaperBasedPortal\\20240624_115034\\Screenshots/Portal24_06_2411_51_12/Regression24_06_24_11_53_02.jpg, D:\\newRCBCProject\\RCBCLOS_Automation\\Reports\\20240624_115032\\PaperbaseFlows\\PaperbaseWithAndWithout\\PaperBasedPortal\\20240624_115034\\Screenshots/Portal24_06_2411_51_12/Regression24_06_24_11_53_10.jpg, D:\\newRCBCProject\\RCBCLOS_Automation\\Reports\\20240624_115032\\PaperbaseFlows\\PaperbaseWithAndWithout\\PaperBasedPortal\\20240624_115034\\Screenshots/Portal24_06_2411_51_12/Regression24_06_24_11_53_22.jpg"/>
         <property name="hostName" value="Adarsh.Lohar - QKNBK2037.qkcorp.qualitykiosk.com"/>
         <property name="os" value="Windows 10 64bit"/>
         <property name="katalonVersion" value="9.5.0.217"/>
         <property name="browser" value="Chrome 126.0.0.0"/>
         <property name="hostAddress" value="10.0.6.210"/>
         <property name="sessionId" value="ca31fd1e54aed13488c1900fcce5bb68"/>
         <property name="seleniumVersion" value="3.141.59"/>
         <property name="proxyInformation" value="ProxyInformation { proxyOption=NO_PROXY, proxyServerType=HTTP, username=, password=********, proxyServerAddress=, proxyServerPort=0, executionList=&quot;&quot;, isApplyToDesiredCapabilities=true }"/>
         <property name="platform" value="Windows 10"/>
      </properties>
      <testcase name="Test Cases/Paper_STPWithAndWithoutAPI/Portal/LoginPage" time="24.667" classname="Test Cases/Paper_STPWithAndWithoutAPI/Portal/LoginPage" status="PASSED">
         <system-out><![CDATA[24-06-2024T11:50:54 - [TEST_CASE][PASSED] - Test Cases/Paper_STPWithAndWithoutAPI/Portal/LoginPage: Test Cases/Paper_STPWithAndWithoutAPI/Portal/LoginPage

24-06-2024T11:50:55 - [TEST_STEP][PASSED] - loginPage.LoginPage.login_Page(): loginPage.LoginPage.login_Page is PASSED

24-06-2024T11:50:56 - [MESSAGE][INFO] - Starting 'Chrome' driver

24-06-2024T11:50:56 - [MESSAGE][INFO] - User set preference: ['args', '[--incognito]']

24-06-2024T11:50:56 - [MESSAGE][INFO] - Action delay is set to 0 milliseconds

24-06-2024T11:51:04 - [MESSAGE][PASSED] - Browser is opened with url: ''

24-06-2024T11:51:04 - [MESSAGE][PASSED] - Current window maximized

24-06-2024T11:51:05 - [MESSAGE][PASSED] - Navigate to 'https://rcbcuat.nonprodnmc.com/LoanPortal' successfully

24-06-2024T11:51:10 - [MESSAGE][PASSED] - Text 'QK_Dealer7' is set on object 'Object Repository/LoginPage/email'

24-06-2024T11:51:11 - [MESSAGE][PASSED] - Text ****** has been set on object 'Object Repository/LoginPage/password'

24-06-2024T11:51:12 - [MESSAGE][PASSED] - Delayed 1 second(s)

24-06-2024T11:51:13 - [MESSAGE][PASSED] - Delayed 1 second(s)

24-06-2024T11:51:14 - [MESSAGE][PASSED] - Delayed 1 second(s)

24-06-2024T11:51:14 - [MESSAGE][PASSED] - Taking screenshot successfully
[[ATTACHMENT|D:\\newRCBCProject\\RCBCLOS_Automation\\Reports\\20240624_115032\\PaperbaseFlows\\PaperbaseWithAndWithout\\PaperBasedPortal\\20240624_115034\\Screenshots/Portal24_06_2411_51_12/Regression24_06_24_11_51_13.jpg]]

24-06-2024T11:51:15 - [MESSAGE][PASSED] - Object: 'Object Repository/LoginPage/log_in' is clicked on

24-06-2024T11:51:17 - [MESSAGE][PASSED] - Object 'Object Repository/HomePage/Auto_Loan_Portal' is present

24-06-2024T11:51:17 - [MESSAGE][INFO] - We are in Home Page

24-06-2024T11:51:17 - [MESSAGE][PASSED] - loginPage.LoginPage.login_Page is PASSED

24-06-2024T11:51:19 - [TEST_STEP][PASSED] - Video: Video recording for test case 'Test Cases/Paper_STPWithAndWithoutAPI/Portal/LoginPage' .

24-06-2024T11:51:19 - [MESSAGE][INFO] - Video recording for test case 'Test Cases/Paper_STPWithAndWithoutAPI/Portal/LoginPage' .]]></system-out>
         <system-err><![CDATA[]]></system-err>
      </testcase>
      <testcase name="Test Cases/Paper_STPWithAndWithoutAPI/Portal/HomePage" time="6.433" classname="Test Cases/Paper_STPWithAndWithoutAPI/Portal/HomePage" status="PASSED">
         <system-out><![CDATA[24-06-2024T11:51:19 - [TEST_CASE][PASSED] - Test Cases/Paper_STPWithAndWithoutAPI/Portal/HomePage: Test Cases/Paper_STPWithAndWithoutAPI/Portal/HomePage

24-06-2024T11:51:19 - [TEST_STEP][PASSED] - homePage.homePage.homepage(): homePage.homePage.homepage is PASSED

24-06-2024T11:51:20 - [MESSAGE][PASSED] - Wait for page load successfully

24-06-2024T11:51:20 - [MESSAGE][PASSED] - Text 'What system would you like to access?' is present on page 

24-06-2024T11:51:20 - [MESSAGE][PASSED] - Object 'Object Repository/HomePage/ManageLoans' is clickable

24-06-2024T11:51:20 - [MESSAGE][PASSED] - Object 'Object Repository/SignOutButton/exitIcon' is clickable

24-06-2024T11:51:21 - [MESSAGE][PASSED] - Delayed 1 second(s)

24-06-2024T11:51:22 - [MESSAGE][PASSED] - Delayed 1 second(s)

24-06-2024T11:51:23 - [MESSAGE][PASSED] - Taking screenshot successfully
[[ATTACHMENT|D:\\newRCBCProject\\RCBCLOS_Automation\\Reports\\20240624_115032\\PaperbaseFlows\\PaperbaseWithAndWithout\\PaperBasedPortal\\20240624_115034\\Screenshots/Portal24_06_2411_51_12/Regression24_06_24_11_51_21.jpg]]

24-06-2024T11:51:23 - [MESSAGE][PASSED] - Object: 'Object Repository/HomePage/Auto_Loan_Portal' is clicked on

24-06-2024T11:51:23 - [MESSAGE][PASSED] - Object 'Object Repository/ModeOfApplication/digitalApplication' is present

24-06-2024T11:51:23 - [MESSAGE][INFO] - We are getting two options

24-06-2024T11:51:23 - [MESSAGE][PASSED] - homePage.homePage.homepage is PASSED

24-06-2024T11:51:26 - [TEST_STEP][PASSED] - Video: Video recording for test case 'Test Cases/Paper_STPWithAndWithoutAPI/Portal/HomePage' .

24-06-2024T11:51:26 - [MESSAGE][INFO] - Video recording for test case 'Test Cases/Paper_STPWithAndWithoutAPI/Portal/HomePage' .]]></system-out>
         <system-err><![CDATA[]]></system-err>
      </testcase>
      <testcase name="Test Cases/Paper_STPWithAndWithoutAPI/Portal/SelectPaperBased" time="10.487" classname="Test Cases/Paper_STPWithAndWithoutAPI/Portal/SelectPaperBased" status="PASSED">
         <system-out><![CDATA[24-06-2024T11:51:26 - [TEST_CASE][PASSED] - Test Cases/Paper_STPWithAndWithoutAPI/Portal/SelectPaperBased: Test Cases/Paper_STPWithAndWithoutAPI/Portal/SelectPaperBased

24-06-2024T11:51:26 - [TEST_STEP][PASSED] - paperBasedPortal.SelectPaperBased.paperBased(): paperBasedPortal.SelectPaperBased.paperBased is PASSED

24-06-2024T11:51:27 - [MESSAGE][PASSED] - Delayed 1 second(s)

24-06-2024T11:51:28 - [MESSAGE][PASSED] - Delayed 1 second(s)

24-06-2024T11:51:29 - [MESSAGE][PASSED] - Delayed 1 second(s)

24-06-2024T11:51:29 - [MESSAGE][PASSED] - Taking screenshot successfully
[[ATTACHMENT|D:\\newRCBCProject\\RCBCLOS_Automation\\Reports\\20240624_115032\\PaperbaseFlows\\PaperbaseWithAndWithout\\PaperBasedPortal\\20240624_115034\\Screenshots/Portal24_06_2411_51_12/Regression24_06_24_11_51_28.jpg]]

24-06-2024T11:51:34 - [MESSAGE][PASSED] - Object: 'Object Repository/ModeOfApplication/paperBased' is clicked on

24-06-2024T11:51:34 - [MESSAGE][PASSED] - paperBasedPortal.SelectPaperBased.paperBased is PASSED

24-06-2024T11:51:36 - [TEST_STEP][PASSED] - Video: Video recording for test case 'Test Cases/Paper_STPWithAndWithoutAPI/Portal/SelectPaperBased' .

24-06-2024T11:51:36 - [MESSAGE][INFO] - Video recording for test case 'Test Cases/Paper_STPWithAndWithoutAPI/Portal/SelectPaperBased' .]]></system-out>
         <system-err><![CDATA[]]></system-err>
      </testcase>
      <testcase name="Test Cases/Paper_STPWithAndWithoutAPI/Portal/LetsgetStarted" time="13.115" classname="Test Cases/Paper_STPWithAndWithoutAPI/Portal/LetsgetStarted" status="PASSED">
         <system-out><![CDATA[24-06-2024T11:51:36 - [TEST_CASE][PASSED] - Test Cases/Paper_STPWithAndWithoutAPI/Portal/LetsgetStarted: Test Cases/Paper_STPWithAndWithoutAPI/Portal/LetsgetStarted

24-06-2024T11:51:36 - [TEST_STEP][PASSED] - paperBasedPortal.letsGetStarted.letsGetStartedBtnFun(): paperBasedPortal.letsGetStarted.letsGetStartedBtnFun is PASSED

24-06-2024T11:51:37 - [MESSAGE][PASSED] - Delayed 1 second(s)

24-06-2024T11:51:38 - [MESSAGE][PASSED] - Delayed 1 second(s)

24-06-2024T11:51:39 - [MESSAGE][PASSED] - Delayed 1 second(s)

24-06-2024T11:51:40 - [MESSAGE][PASSED] - Taking screenshot successfully
[[ATTACHMENT|D:\\newRCBCProject\\RCBCLOS_Automation\\Reports\\20240624_115032\\PaperbaseFlows\\PaperbaseWithAndWithout\\PaperBasedPortal\\20240624_115034\\Screenshots/Portal24_06_2411_51_12/Regression24_06_24_11_51_38.jpg]]

24-06-2024T11:51:45 - [MESSAGE][PASSED] - Object: 'Object Repository/LetsGetStarted/lets_get_started' is clicked on

24-06-2024T11:51:47 - [MESSAGE][PASSED] - Delayed 2 second(s)

24-06-2024T11:51:47 - [MESSAGE][PASSED] - paperBasedPortal.letsGetStarted.letsGetStartedBtnFun is PASSED

24-06-2024T11:51:49 - [TEST_STEP][PASSED] - Video: Video recording for test case 'Test Cases/Paper_STPWithAndWithoutAPI/Portal/LetsgetStarted' .

24-06-2024T11:51:49 - [MESSAGE][INFO] - Video recording for test case 'Test Cases/Paper_STPWithAndWithoutAPI/Portal/LetsgetStarted' .]]></system-out>
         <system-err><![CDATA[]]></system-err>
      </testcase>
      <testcase name="Test Cases/Paper_STPWithAndWithoutAPI/Portal/BorrowerDetail" time="17.825" classname="Test Cases/Paper_STPWithAndWithoutAPI/Portal/BorrowerDetail" status="PASSED">
         <system-out><![CDATA[24-06-2024T11:51:49 - [TEST_CASE][PASSED] - Test Cases/Paper_STPWithAndWithoutAPI/Portal/BorrowerDetail: Test Cases/Paper_STPWithAndWithoutAPI/Portal/BorrowerDetail

24-06-2024T11:51:50 - [TEST_STEP][PASSED] - paperBasedPortal.Borrower_Detail.borrower_Details(fst_Name, mid_Name, lst_Name, email, mob_Num, date, maritalStatus, suffix, residence): paperBasedPortal.Borrower_Detail.borrower_Details is PASSED

24-06-2024T11:51:50 - [MESSAGE][PASSED] - Wait for page load successfully

24-06-2024T11:51:51 - [MESSAGE][PASSED] - Text 'virattXOI' is set on object 'Object Repository/Borrower_Details/first_Name'

24-06-2024T11:51:52 - [MESSAGE][PASSED] - Text 'sudhakarrXOI' is set on object 'Object Repository/Borrower_Details/middle_Name'

24-06-2024T11:51:52 - [MESSAGE][PASSED] - Text 'kohliiXOI' is set on object 'Object Repository/Borrower_Details/last_Name'

24-06-2024T11:51:53 - [MESSAGE][PASSED] - All options with value 'SF2' are selected in object 'Object Repository/Borrower_Details/suffix'  using regular expression

24-06-2024T11:51:54 - [MESSAGE][PASSED] - All options with value 'M' are selected in object 'Object Repository/Borrower_Details/marital_Status' 

24-06-2024T11:51:55 - [MESSAGE][PASSED] - Delayed 1 second(s)

24-06-2024T11:51:56 - [MESSAGE][PASSED] - Delayed 1 second(s)

24-06-2024T11:51:57 - [MESSAGE][PASSED] - Delayed 1 second(s)

24-06-2024T11:51:57 - [MESSAGE][PASSED] - Taking screenshot successfully
[[ATTACHMENT|D:\\newRCBCProject\\RCBCLOS_Automation\\Reports\\20240624_115032\\PaperbaseFlows\\PaperbaseWithAndWithout\\PaperBasedPortal\\20240624_115034\\Screenshots/Portal24_06_2411_51_12/Regression24_06_24_11_51_56.jpg]]

24-06-2024T11:51:58 - [MESSAGE][PASSED] - Text 'bond@gmail.com' is set on object 'Object Repository/Borrower_Details/email'

24-06-2024T11:51:58 - [MESSAGE][PASSED] - Text '(63) 9356986587' is set on object 'Object Repository/Borrower_Details/mobile_Number'

24-06-2024T11:52:00 - [MESSAGE][PASSED] - Delayed 2 second(s)

24-06-2024T11:52:00 - [MESSAGE][PASSED] - Current window's title is: 'Portal_PB : LOS-3370'

24-06-2024T11:52:00 - [MESSAGE][INFO] - LOS-3370

24-06-2024T11:52:01 - [MESSAGE][PASSED] - Delayed 1 second(s)

24-06-2024T11:52:02 - [MESSAGE][PASSED] - Delayed 1 second(s)

24-06-2024T11:52:03 - [MESSAGE][PASSED] - Delayed 1 second(s)

24-06-2024T11:52:04 - [MESSAGE][PASSED] - Taking screenshot successfully
[[ATTACHMENT|D:\\newRCBCProject\\RCBCLOS_Automation\\Reports\\20240624_115032\\PaperbaseFlows\\PaperbaseWithAndWithout\\PaperBasedPortal\\20240624_115034\\Screenshots/Portal24_06_2411_51_12/Regression24_06_24_11_52_02.jpg]]

24-06-2024T11:52:05 - [MESSAGE][PASSED] - Object: 'Object Repository/Borrower_Details/continue' is clicked on

24-06-2024T11:52:05 - [MESSAGE][PASSED] - paperBasedPortal.Borrower_Detail.borrower_Details is PASSED

24-06-2024T11:52:07 - [TEST_STEP][PASSED] - Video: Video recording for test case 'Test Cases/Paper_STPWithAndWithoutAPI/Portal/BorrowerDetail' .

24-06-2024T11:52:07 - [MESSAGE][INFO] - Video recording for test case 'Test Cases/Paper_STPWithAndWithoutAPI/Portal/BorrowerDetail' .]]></system-out>
         <system-err><![CDATA[]]></system-err>
      </testcase>
      <testcase name="Test Cases/Paper_STPWithAndWithoutAPI/Portal/DocumentUploadPage" time="69.303" classname="Test Cases/Paper_STPWithAndWithoutAPI/Portal/DocumentUploadPage" status="PASSED">
         <system-out><![CDATA[24-06-2024T11:52:07 - [TEST_CASE][PASSED] - Test Cases/Paper_STPWithAndWithoutAPI/Portal/DocumentUploadPage: Test Cases/Paper_STPWithAndWithoutAPI/Portal/DocumentUploadPage

24-06-2024T11:52:07 - [TEST_STEP][PASSED] - paperBasedPortal.UploadYourDocuments.uploadYourDocumentsPage(): paperBasedPortal.UploadYourDocuments.uploadYourDocumentsPage is PASSED

24-06-2024T11:52:10 - [MESSAGE][PASSED] - Current window's index is: 0

24-06-2024T11:52:10 - [MESSAGE][PASSED] - Current window's title is: 'Portal_PB : LOS-3370'

24-06-2024T11:52:11 - [MESSAGE][PASSED] - All options with index in [1] are selected on object 'Object Repository/UploadYourDocuments/validId_selectIdType'

24-06-2024T11:52:12 - [MESSAGE][PASSED] - Object: 'Object Repository/UploadYourDocuments/uploadFile_Btn' is clicked on

24-06-2024T11:52:13 - [MESSAGE][PASSED] - Delayed 1 second(s)

24-06-2024T11:52:13 - [MESSAGE][PASSED] - Switched to window with index: '1'

24-06-2024T11:52:14 - [MESSAGE][PASSED] - Delayed 1 second(s)

24-06-2024T11:52:14 - [MESSAGE][PASSED] - File 'D:\newRCBCProject\RCBCLOS_Automation\Document\Katalon_WebObjects.pdf' sent to object: 'Object Repository/UploadYourDocuments/browseFile'

24-06-2024T11:52:15 - [MESSAGE][PASSED] - Delayed 1 second(s)

24-06-2024T11:52:15 - [MESSAGE][PASSED] - Object: 'Object Repository/UploadYourDocuments/ValidID/documentType' is clicked on

24-06-2024T11:52:16 - [MESSAGE][PASSED] - All options with value 'ID Type Documents' are selected in object 'Object Repository/UploadYourDocuments/ValidID/documentType' 

24-06-2024T11:52:17 - [MESSAGE][PASSED] - Object: 'Object Repository/UploadYourDocuments/ValidID/uploadBtn' is clicked on

24-06-2024T11:52:20 - [MESSAGE][PASSED] - Delayed 3 second(s)

24-06-2024T11:52:20 - [MESSAGE][PASSED] - Window with index 1 is closed

24-06-2024T11:52:21 - [MESSAGE][PASSED] - Object: 'Object Repository/UploadYourDocuments/IdDocViewButton' is clicked on

24-06-2024T11:52:21 - [MESSAGE][PASSED] - Switched to window with index: '1'

24-06-2024T11:52:22 - [MESSAGE][PASSED] - Delayed 1 second(s)

24-06-2024T11:52:23 - [MESSAGE][PASSED] - Delayed 1 second(s)

24-06-2024T11:52:24 - [MESSAGE][PASSED] - Delayed 1 second(s)

24-06-2024T11:52:24 - [MESSAGE][PASSED] - Taking screenshot successfully
[[ATTACHMENT|D:\\newRCBCProject\\RCBCLOS_Automation\\Reports\\20240624_115032\\PaperbaseFlows\\PaperbaseWithAndWithout\\PaperBasedPortal\\20240624_115034\\Screenshots/Portal24_06_2411_51_12/Regression24_06_24_11_52_23.jpg]]

24-06-2024T11:52:29 - [MESSAGE][PASSED] - Delayed 5 second(s)

24-06-2024T11:52:29 - [MESSAGE][PASSED] - Window with index 1 is closed

24-06-2024T11:52:30 - [MESSAGE][PASSED] - All options with index in [1] are selected on object 'Object Repository/UploadYourDocuments/incomeDocument_selectIdType'

24-06-2024T11:52:31 - [MESSAGE][PASSED] - Delayed 1 second(s)

24-06-2024T11:52:32 - [MESSAGE][PASSED] - Object: 'Object Repository/UploadYourDocuments/uploadFile_Btn1' is clicked on

24-06-2024T11:52:33 - [MESSAGE][PASSED] - Delayed 1 second(s)

24-06-2024T11:52:33 - [MESSAGE][PASSED] - Switched to window with index: '1'

24-06-2024T11:52:34 - [MESSAGE][PASSED] - Delayed 1 second(s)

24-06-2024T11:52:34 - [MESSAGE][PASSED] - File 'D:\newRCBCProject\RCBCLOS_Automation\Document\Katalon_WebObjects.pdf' sent to object: 'Object Repository/UploadYourDocuments/browseFile'

24-06-2024T11:52:35 - [MESSAGE][PASSED] - Delayed 1 second(s)

24-06-2024T11:52:35 - [MESSAGE][PASSED] - Object: 'Object Repository/UploadYourDocuments/ValidID/documentType' is clicked on

24-06-2024T11:52:36 - [MESSAGE][PASSED] - All options with value 'Income Documents' are selected in object 'Object Repository/UploadYourDocuments/ValidID/documentType' 

24-06-2024T11:52:36 - [MESSAGE][PASSED] - Object: 'Object Repository/UploadYourDocuments/ValidID/uploadBtn' is clicked on

24-06-2024T11:52:39 - [MESSAGE][PASSED] - Delayed 3 second(s)

24-06-2024T11:52:39 - [MESSAGE][PASSED] - Window with index 1 is closed

24-06-2024T11:52:41 - [MESSAGE][PASSED] - Object: 'Object Repository/UploadYourDocuments/IncomeDocViewBtn' is clicked on

24-06-2024T11:52:41 - [MESSAGE][PASSED] - Switched to window with index: '1'

24-06-2024T11:52:42 - [MESSAGE][PASSED] - Delayed 1 second(s)

24-06-2024T11:52:43 - [MESSAGE][PASSED] - Delayed 1 second(s)

24-06-2024T11:52:44 - [MESSAGE][PASSED] - Delayed 1 second(s)

24-06-2024T11:52:44 - [MESSAGE][PASSED] - Taking screenshot successfully
[[ATTACHMENT|D:\\newRCBCProject\\RCBCLOS_Automation\\Reports\\20240624_115032\\PaperbaseFlows\\PaperbaseWithAndWithout\\PaperBasedPortal\\20240624_115034\\Screenshots/Portal24_06_2411_51_12/Regression24_06_24_11_52_43.jpg]]

24-06-2024T11:52:49 - [MESSAGE][PASSED] - Delayed 5 second(s)

24-06-2024T11:52:49 - [MESSAGE][PASSED] - Window with index 1 is closed

24-06-2024T11:52:49 - [MESSAGE][PASSED] - Scroll to object 'Object Repository/UploadYourDocuments/nextBtn' successfully

24-06-2024T11:52:50 - [MESSAGE][PASSED] - Delayed 1 second(s)

24-06-2024T11:52:52 - [MESSAGE][PASSED] - Object: 'Object Repository/UploadYourDocuments/uploadFile_Btn2' is clicked on

24-06-2024T11:52:53 - [MESSAGE][PASSED] - Delayed 1 second(s)

24-06-2024T11:52:53 - [MESSAGE][PASSED] - Switched to window with index: '1'

24-06-2024T11:52:54 - [MESSAGE][PASSED] - Delayed 1 second(s)

24-06-2024T11:52:54 - [MESSAGE][PASSED] - File 'D:\newRCBCProject\RCBCLOS_Automation\Document\Katalon_WebObjects.pdf' sent to object: 'Object Repository/UploadYourDocuments/browseFile'

24-06-2024T11:52:55 - [MESSAGE][PASSED] - Delayed 1 second(s)

24-06-2024T11:52:55 - [MESSAGE][PASSED] - Object: 'Object Repository/UploadYourDocuments/ValidID/documentType' is clicked on

24-06-2024T11:52:56 - [MESSAGE][PASSED] - All options with value 'Loan Application Documents' are selected in object 'Object Repository/UploadYourDocuments/ValidID/documentType' 

24-06-2024T11:52:56 - [MESSAGE][PASSED] - Object: 'Object Repository/UploadYourDocuments/ValidID/uploadBtn' is clicked on

24-06-2024T11:52:59 - [MESSAGE][PASSED] - Delayed 3 second(s)

24-06-2024T11:52:59 - [MESSAGE][PASSED] - Window with index 1 is closed

24-06-2024T11:53:00 - [MESSAGE][PASSED] - Object: 'Object Repository/UploadYourDocuments/LoanApplicationDocViewBtn' is clicked on

24-06-2024T11:53:00 - [MESSAGE][PASSED] - Switched to window with index: '1'

24-06-2024T11:53:01 - [MESSAGE][PASSED] - Delayed 1 second(s)

24-06-2024T11:53:02 - [MESSAGE][PASSED] - Delayed 1 second(s)

24-06-2024T11:53:03 - [MESSAGE][PASSED] - Delayed 1 second(s)

24-06-2024T11:53:03 - [MESSAGE][PASSED] - Taking screenshot successfully
[[ATTACHMENT|D:\\newRCBCProject\\RCBCLOS_Automation\\Reports\\20240624_115032\\PaperbaseFlows\\PaperbaseWithAndWithout\\PaperBasedPortal\\20240624_115034\\Screenshots/Portal24_06_2411_51_12/Regression24_06_24_11_53_02.jpg]]

24-06-2024T11:53:08 - [MESSAGE][PASSED] - Delayed 5 second(s)

24-06-2024T11:53:08 - [MESSAGE][PASSED] - Window with index 1 is closed

24-06-2024T11:53:09 - [MESSAGE][PASSED] - Delayed 1 second(s)

24-06-2024T11:53:10 - [MESSAGE][PASSED] - Delayed 1 second(s)

24-06-2024T11:53:11 - [MESSAGE][PASSED] - Delayed 1 second(s)

24-06-2024T11:53:12 - [MESSAGE][PASSED] - Taking screenshot successfully
[[ATTACHMENT|D:\\newRCBCProject\\RCBCLOS_Automation\\Reports\\20240624_115032\\PaperbaseFlows\\PaperbaseWithAndWithout\\PaperBasedPortal\\20240624_115034\\Screenshots/Portal24_06_2411_51_12/Regression24_06_24_11_53_10.jpg]]

24-06-2024T11:53:12 - [MESSAGE][PASSED] - Object 'Object Repository/UploadYourDocuments/backBtn' is clickable

24-06-2024T11:53:14 - [MESSAGE][PASSED] - Object: 'Object Repository/UploadYourDocuments/nextBtn' is clicked on

24-06-2024T11:53:14 - [MESSAGE][PASSED] - paperBasedPortal.UploadYourDocuments.uploadYourDocumentsPage is PASSED

24-06-2024T11:53:16 - [TEST_STEP][PASSED] - Video: Video recording for test case 'Test Cases/Paper_STPWithAndWithoutAPI/Portal/DocumentUploadPage' .

24-06-2024T11:53:16 - [MESSAGE][INFO] - Video recording for test case 'Test Cases/Paper_STPWithAndWithoutAPI/Portal/DocumentUploadPage' .]]></system-out>
         <system-err><![CDATA[]]></system-err>
      </testcase>
      <testcase name="Test Cases/Paper_STPWithAndWithoutAPI/Portal/SubmitPageForBackOffice" time="11.922" classname="Test Cases/Paper_STPWithAndWithoutAPI/Portal/SubmitPageForBackOffice" status="PASSED">
         <system-out><![CDATA[24-06-2024T11:53:17 - [TEST_CASE][PASSED] - Test Cases/Paper_STPWithAndWithoutAPI/Portal/SubmitPageForBackOffice: Test Cases/Paper_STPWithAndWithoutAPI/Portal/SubmitPageForBackOffice

24-06-2024T11:53:17 - [TEST_STEP][PASSED] - paperBasedPortal.SubmitPage.proceedToPreReleaseFun(): paperBasedPortal.SubmitPage.proceedToPreReleaseFun is PASSED

24-06-2024T11:53:17 - [MESSAGE][PASSED] - Wait for page load successfully

24-06-2024T11:53:18 - [MESSAGE][PASSED] - Object 'Object Repository/SubmitPage/submitPageNSTP' is present

24-06-2024T11:53:20 - [MESSAGE][PASSED] - Delayed 2 second(s)

24-06-2024T11:53:21 - [MESSAGE][PASSED] - Delayed 1 second(s)

24-06-2024T11:53:22 - [MESSAGE][PASSED] - Delayed 1 second(s)

24-06-2024T11:53:23 - [MESSAGE][PASSED] - Delayed 1 second(s)

24-06-2024T11:53:23 - [MESSAGE][PASSED] - Taking screenshot successfully
[[ATTACHMENT|D:\\newRCBCProject\\RCBCLOS_Automation\\Reports\\20240624_115032\\PaperbaseFlows\\PaperbaseWithAndWithout\\PaperBasedPortal\\20240624_115034\\Screenshots/Portal24_06_2411_51_12/Regression24_06_24_11_53_22.jpg]]

24-06-2024T11:53:25 - [MESSAGE][PASSED] - Delayed 2 second(s)

24-06-2024T11:53:25 - [MESSAGE][PASSED] - Object 'Object Repository/SubmitPage/paperBasedSubmitGoToBackOffice' is clickable

24-06-2024T11:53:25 - [MESSAGE][PASSED] - Object: 'Object Repository/SubmitPage/paperBasedSubmitGoToBackOffice' is clicked on

24-06-2024T11:53:26 - [MESSAGE][PASSED] - Delayed 1 second(s)

24-06-2024T11:53:26 - [MESSAGE][PASSED] - paperBasedPortal.SubmitPage.proceedToPreReleaseFun is PASSED

24-06-2024T11:53:28 - [TEST_STEP][PASSED] - Video: Video recording for test case 'Test Cases/Paper_STPWithAndWithoutAPI/Portal/SubmitPageForBackOffice' .

24-06-2024T11:53:28 - [MESSAGE][INFO] - Video recording for test case 'Test Cases/Paper_STPWithAndWithoutAPI/Portal/SubmitPageForBackOffice' .]]></system-out>
         <system-err><![CDATA[]]></system-err>
      </testcase>
      <system-out><![CDATA[24-06-2024T11:50:54 - [TEST_SUITE][PASSED] - PaperBasedPortal: Test Cases/Paper_STPWithAndWithoutAPI/Portal/SubmitPageForBackOffice]]></system-out>
      <system-err><![CDATA[]]></system-err>
   </testsuite>
</testsuites>
