<?xml version="1.0" encoding="UTF-8"?>
<testsuites name="PortalLowCashout" time="346.172" tests="11" failures="0" errors="0">
   <testsuite name="PortalLowCashout" tests="11" failures="0" errors="0" time="346.172" skipped="0" timestamp="23-06-2024T09:40:26" hostname="Adarsh.Lohar - QKNBK2037.qkcorp.qualitykiosk.com" id="Test Suites/DigitalFlows/NSTPDigitalLowCashout/PortalLowCashout">
      <properties>
         <property name="deviceName" value=""/>
         <property name="devicePlatform"/>
         <property name="logFolder" value="D:\\newRCBCProject\\RCBCLOS_Automation\\Reports\\20240623_093941\\DigitalFlows\\NSTPDigitalLowCashout\\PortalLowCashout\\20240623_093952"/>
         <property name="logFiles" value="D:\\newRCBCProject\\RCBCLOS_Automation\\Reports\\20240623_093941\\DigitalFlows\\NSTPDigitalLowCashout\\PortalLowCashout\\20240623_093952\\execution0.log"/>
         <property name="attachments" value="D:\\newRCBCProject\\RCBCLOS_Automation\\Reports\\20240623_093941\\DigitalFlows\\NSTPDigitalLowCashout\\PortalLowCashout\\20240623_093952\\Screenshots/Portal23_06_2409_40_48/Regression23_06_24_09_40_49.jpg, D:\\newRCBCProject\\RCBCLOS_Automation\\Reports\\20240623_093941\\DigitalFlows\\NSTPDigitalLowCashout\\PortalLowCashout\\20240623_093952\\Screenshots/Portal23_06_2409_40_48/Regression23_06_24_09_41_03.jpg, D:\\newRCBCProject\\RCBCLOS_Automation\\Reports\\20240623_093941\\DigitalFlows\\NSTPDigitalLowCashout\\PortalLowCashout\\20240623_093952\\Screenshots/Portal23_06_2409_40_48/Regression23_06_24_09_41_13.jpg, D:\\newRCBCProject\\RCBCLOS_Automation\\Reports\\20240623_093941\\DigitalFlows\\NSTPDigitalLowCashout\\PortalLowCashout\\20240623_093952\\Screenshots/Portal23_06_2409_40_48/Regression23_06_24_09_41_24.jpg, D:\\newRCBCProject\\RCBCLOS_Automation\\Reports\\20240623_093941\\DigitalFlows\\NSTPDigitalLowCashout\\PortalLowCashout\\20240623_093952\\Screenshots/Portal23_06_2409_40_48/Regression23_06_24_09_41_52.jpg, D:\\newRCBCProject\\RCBCLOS_Automation\\Reports\\20240623_093941\\DigitalFlows\\NSTPDigitalLowCashout\\PortalLowCashout\\20240623_093952\\Screenshots/Portal23_06_2409_40_48/Regression23_06_24_09_42_05.jpg, D:\\newRCBCProject\\RCBCLOS_Automation\\Reports\\20240623_093941\\DigitalFlows\\NSTPDigitalLowCashout\\PortalLowCashout\\20240623_093952\\Screenshots/Portal23_06_2409_40_48/Regression23_06_24_09_42_16.jpg, D:\\newRCBCProject\\RCBCLOS_Automation\\Reports\\20240623_093941\\DigitalFlows\\NSTPDigitalLowCashout\\PortalLowCashout\\20240623_093952\\Screenshots/Portal23_06_2409_40_48/Regression23_06_24_09_42_35.jpg, D:\\newRCBCProject\\RCBCLOS_Automation\\Reports\\20240623_093941\\DigitalFlows\\NSTPDigitalLowCashout\\PortalLowCashout\\20240623_093952\\Screenshots/Portal23_06_2409_40_48/Regression23_06_24_09_42_46.jpg, D:\\newRCBCProject\\RCBCLOS_Automation\\Reports\\20240623_093941\\DigitalFlows\\NSTPDigitalLowCashout\\PortalLowCashout\\20240623_093952\\Screenshots/Portal23_06_2409_40_48/Regression23_06_24_09_42_57.jpg, D:\\newRCBCProject\\RCBCLOS_Automation\\Reports\\20240623_093941\\DigitalFlows\\NSTPDigitalLowCashout\\PortalLowCashout\\20240623_093952\\Screenshots/Portal23_06_2409_40_48/Regression23_06_24_09_43_08.jpg, D:\\newRCBCProject\\RCBCLOS_Automation\\Reports\\20240623_093941\\DigitalFlows\\NSTPDigitalLowCashout\\PortalLowCashout\\20240623_093952\\Screenshots/Portal23_06_2409_40_48/Regression23_06_24_09_43_26.jpg, D:\\newRCBCProject\\RCBCLOS_Automation\\Reports\\20240623_093941\\DigitalFlows\\NSTPDigitalLowCashout\\PortalLowCashout\\20240623_093952\\Screenshots/Portal23_06_2409_40_48/Regression23_06_24_09_43_44.jpg, D:\\newRCBCProject\\RCBCLOS_Automation\\Reports\\20240623_093941\\DigitalFlows\\NSTPDigitalLowCashout\\PortalLowCashout\\20240623_093952\\Screenshots/Portal23_06_2409_40_48/Regression23_06_24_09_43_56.jpg, D:\\newRCBCProject\\RCBCLOS_Automation\\Reports\\20240623_093941\\DigitalFlows\\NSTPDigitalLowCashout\\PortalLowCashout\\20240623_093952\\Screenshots/Portal23_06_2409_40_48/Regression23_06_24_09_44_23.jpg, D:\\newRCBCProject\\RCBCLOS_Automation\\Reports\\20240623_093941\\DigitalFlows\\NSTPDigitalLowCashout\\PortalLowCashout\\20240623_093952\\Screenshots/Portal23_06_2409_40_48/Regression23_06_24_09_44_48.jpg, D:\\newRCBCProject\\RCBCLOS_Automation\\Reports\\20240623_093941\\DigitalFlows\\NSTPDigitalLowCashout\\PortalLowCashout\\20240623_093952\\Screenshots/Portal23_06_2409_40_48/Regression23_06_24_09_45_12.jpg, D:\\newRCBCProject\\RCBCLOS_Automation\\Reports\\20240623_093941\\DigitalFlows\\NSTPDigitalLowCashout\\PortalLowCashout\\20240623_093952\\Screenshots/Portal23_06_2409_40_48/Regression23_06_24_09_45_23.jpg, D:\\newRCBCProject\\RCBCLOS_Automation\\Reports\\20240623_093941\\DigitalFlows\\NSTPDigitalLowCashout\\PortalLowCashout\\20240623_093952\\Screenshots/Portal23_06_2409_40_48/Regression23_06_24_09_46_01.jpg"/>
         <property name="hostName" value="Adarsh.Lohar - QKNBK2037.qkcorp.qualitykiosk.com"/>
         <property name="os" value="Windows 10 64bit"/>
         <property name="katalonVersion" value="9.5.0.217"/>
         <property name="browser" value="Chrome 126.0.0.0"/>
         <property name="hostAddress" value="192.168.0.101"/>
         <property name="sessionId" value="53351bdcaa6a94b2d3096646a5ac3e34"/>
         <property name="seleniumVersion" value="3.141.59"/>
         <property name="proxyInformation" value="ProxyInformation { proxyOption=NO_PROXY, proxyServerType=HTTP, username=, password=********, proxyServerAddress=, proxyServerPort=0, executionList=&quot;&quot;, isApplyToDesiredCapabilities=true }"/>
         <property name="platform" value="Windows 10"/>
      </properties>
      <testcase name="Test Cases/Digital_STPWithAndWithoutAPI/DigitalPotal/LoginPage" time="32.491" classname="Test Cases/Digital_STPWithAndWithoutAPI/DigitalPotal/LoginPage" status="PASSED">
         <system-out><![CDATA[23-06-2024T09:40:26 - [TEST_CASE][PASSED] - Test Cases/Digital_STPWithAndWithoutAPI/DigitalPotal/LoginPage: Test Cases/Digital_STPWithAndWithoutAPI/DigitalPotal/LoginPage

23-06-2024T09:40:28 - [TEST_STEP][PASSED] - loginPage.LoginPage.login_Page(): loginPage.LoginPage.login_Page is PASSED

23-06-2024T09:40:30 - [MESSAGE][INFO] - Starting 'Chrome' driver

23-06-2024T09:40:30 - [MESSAGE][INFO] - User set preference: ['args', '[--incognito]']

23-06-2024T09:40:30 - [MESSAGE][INFO] - Action delay is set to 0 milliseconds

23-06-2024T09:40:39 - [MESSAGE][PASSED] - Browser is opened with url: ''

23-06-2024T09:40:39 - [MESSAGE][PASSED] - Current window maximized

23-06-2024T09:40:42 - [MESSAGE][PASSED] - Navigate to 'https://rcbcuat.nonprodnmc.com/LoanPortal' successfully

23-06-2024T09:40:46 - [MESSAGE][PASSED] - Text 'QK_Dealer7' is set on object 'Object Repository/LoginPage/email'

23-06-2024T09:40:46 - [MESSAGE][PASSED] - Text ****** has been set on object 'Object Repository/LoginPage/password'

23-06-2024T09:40:48 - [MESSAGE][PASSED] - Delayed 1 second(s)

23-06-2024T09:40:49 - [MESSAGE][PASSED] - Delayed 1 second(s)

23-06-2024T09:40:52 - [MESSAGE][PASSED] - Delayed 3 second(s)

23-06-2024T09:40:53 - [MESSAGE][PASSED] - Taking screenshot successfully
[[ATTACHMENT|D:\\newRCBCProject\\RCBCLOS_Automation\\Reports\\20240623_093941\\DigitalFlows\\NSTPDigitalLowCashout\\PortalLowCashout\\20240623_093952\\Screenshots/Portal23_06_2409_40_48/Regression23_06_24_09_40_49.jpg]]

23-06-2024T09:40:54 - [MESSAGE][PASSED] - Object: 'Object Repository/LoginPage/log_in' is clicked on

23-06-2024T09:40:57 - [MESSAGE][PASSED] - Object 'Object Repository/HomePage/Auto_Loan_Portal' is present

23-06-2024T09:40:57 - [MESSAGE][INFO] - We are in Home Page

23-06-2024T09:40:57 - [MESSAGE][PASSED] - loginPage.LoginPage.login_Page is PASSED

23-06-2024T09:40:59 - [TEST_STEP][PASSED] - Video: Video recording for test case 'Test Cases/Digital_STPWithAndWithoutAPI/DigitalPotal/LoginPage' .

23-06-2024T09:40:59 - [MESSAGE][INFO] - Video recording for test case 'Test Cases/Digital_STPWithAndWithoutAPI/DigitalPotal/LoginPage' .]]></system-out>
         <system-err><![CDATA[]]></system-err>
      </testcase>
      <testcase name="Test Cases/Digital_STPWithAndWithoutAPI/DigitalPotal/HomePage" time="10.953" classname="Test Cases/Digital_STPWithAndWithoutAPI/DigitalPotal/HomePage" status="PASSED">
         <system-out><![CDATA[23-06-2024T09:40:59 - [TEST_CASE][PASSED] - Test Cases/Digital_STPWithAndWithoutAPI/DigitalPotal/HomePage: Test Cases/Digital_STPWithAndWithoutAPI/DigitalPotal/HomePage

23-06-2024T09:40:59 - [TEST_STEP][PASSED] - homePage.homePage.homepage(): homePage.homePage.homepage is PASSED

23-06-2024T09:41:00 - [MESSAGE][PASSED] - Wait for page load successfully

23-06-2024T09:41:01 - [MESSAGE][PASSED] - Text 'What system would you like to access?' is present on page 

23-06-2024T09:41:01 - [MESSAGE][PASSED] - Object 'Object Repository/HomePage/ManageLoans' is clickable

23-06-2024T09:41:02 - [MESSAGE][PASSED] - Object 'Object Repository/SignOutButton/exitIcon' is clickable

23-06-2024T09:41:03 - [MESSAGE][PASSED] - Delayed 1 second(s)

23-06-2024T09:41:06 - [MESSAGE][PASSED] - Delayed 3 second(s)

23-06-2024T09:41:06 - [MESSAGE][PASSED] - Taking screenshot successfully
[[ATTACHMENT|D:\\newRCBCProject\\RCBCLOS_Automation\\Reports\\20240623_093941\\DigitalFlows\\NSTPDigitalLowCashout\\PortalLowCashout\\20240623_093952\\Screenshots/Portal23_06_2409_40_48/Regression23_06_24_09_41_03.jpg]]

23-06-2024T09:41:07 - [MESSAGE][PASSED] - Object: 'Object Repository/HomePage/Auto_Loan_Portal' is clicked on

23-06-2024T09:41:08 - [MESSAGE][PASSED] - Object 'Object Repository/ModeOfApplication/digitalApplication' is present

23-06-2024T09:41:08 - [MESSAGE][INFO] - We are getting two options

23-06-2024T09:41:08 - [MESSAGE][PASSED] - homePage.homePage.homepage is PASSED

23-06-2024T09:41:10 - [TEST_STEP][PASSED] - Video: Video recording for test case 'Test Cases/Digital_STPWithAndWithoutAPI/DigitalPotal/HomePage' .

23-06-2024T09:41:10 - [MESSAGE][INFO] - Video recording for test case 'Test Cases/Digital_STPWithAndWithoutAPI/DigitalPotal/HomePage' .]]></system-out>
         <system-err><![CDATA[]]></system-err>
      </testcase>
      <testcase name="Test Cases/Digital_STPWithAndWithoutAPI/DigitalPotal/SelectAutoLoan" time="12.745" classname="Test Cases/Digital_STPWithAndWithoutAPI/DigitalPotal/SelectAutoLoan" status="PASSED">
         <system-out><![CDATA[23-06-2024T09:41:10 - [TEST_CASE][PASSED] - Test Cases/Digital_STPWithAndWithoutAPI/DigitalPotal/SelectAutoLoan: Test Cases/Digital_STPWithAndWithoutAPI/DigitalPotal/SelectAutoLoan

23-06-2024T09:41:10 - [TEST_STEP][PASSED] - autoLoanProtal.SelectAutoLoan.clickToDigitalApplication(): autoLoanProtal.SelectAutoLoan.clickToDigitalApplication is PASSED

23-06-2024T09:41:10 - [MESSAGE][PASSED] - Wait for page load successfully

23-06-2024T09:41:11 - [MESSAGE][PASSED] - Text 'Mode of Application' is present on page 

23-06-2024T09:41:11 - [MESSAGE][PASSED] - Object 'Object Repository/ModeOfApplication/paperBased' is clickable

23-06-2024T09:41:11 - [MESSAGE][PASSED] - Object 'Object Repository/ModeOfApplication/closeButton' is clickable

23-06-2024T09:41:12 - [MESSAGE][PASSED] - Delayed 1 second(s)

23-06-2024T09:41:13 - [MESSAGE][PASSED] - Delayed 1 second(s)

23-06-2024T09:41:16 - [MESSAGE][PASSED] - Delayed 3 second(s)

23-06-2024T09:41:16 - [MESSAGE][PASSED] - Taking screenshot successfully
[[ATTACHMENT|D:\\newRCBCProject\\RCBCLOS_Automation\\Reports\\20240623_093941\\DigitalFlows\\NSTPDigitalLowCashout\\PortalLowCashout\\20240623_093952\\Screenshots/Portal23_06_2409_40_48/Regression23_06_24_09_41_13.jpg]]

23-06-2024T09:41:19 - [MESSAGE][PASSED] - Object: 'Object Repository/ModeOfApplication/digitalApplication' is clicked on

23-06-2024T09:41:20 - [MESSAGE][PASSED] - Delayed 1 second(s)

23-06-2024T09:41:20 - [MESSAGE][PASSED] - Object 'Object Repository/LetsGetStarted/lets_get_started' is present

23-06-2024T09:41:20 - [MESSAGE][INFO] - We are in Right Page

23-06-2024T09:41:20 - [MESSAGE][PASSED] - autoLoanProtal.SelectAutoLoan.clickToDigitalApplication is PASSED

23-06-2024T09:41:22 - [TEST_STEP][PASSED] - Video: Video recording for test case 'Test Cases/Digital_STPWithAndWithoutAPI/DigitalPotal/SelectAutoLoan' .

23-06-2024T09:41:22 - [MESSAGE][INFO] - Video recording for test case 'Test Cases/Digital_STPWithAndWithoutAPI/DigitalPotal/SelectAutoLoan' .]]></system-out>
         <system-err><![CDATA[]]></system-err>
      </testcase>
      <testcase name="Test Cases/Digital_STPWithAndWithoutAPI/DigitalPotal/LetsgetStarted" time="16.768" classname="Test Cases/Digital_STPWithAndWithoutAPI/DigitalPotal/LetsgetStarted" status="PASSED">
         <system-out><![CDATA[23-06-2024T09:41:22 - [TEST_CASE][PASSED] - Test Cases/Digital_STPWithAndWithoutAPI/DigitalPotal/LetsgetStarted: Test Cases/Digital_STPWithAndWithoutAPI/DigitalPotal/LetsgetStarted

23-06-2024T09:41:23 - [TEST_STEP][PASSED] - autoLoanProtal.letsGetStarted.letsGetStartedBtnFun(): autoLoanProtal.letsGetStarted.letsGetStartedBtnFun is PASSED

23-06-2024T09:41:23 - [MESSAGE][PASSED] - Wait for page load successfully

23-06-2024T09:41:23 - [MESSAGE][PASSED] - Text 'Quick & easy Auto Loan Application with RCBC' is present on page 

23-06-2024T09:41:23 - [MESSAGE][PASSED] - Object 'Object Repository/LetsGetStarted/homeButton' is clickable

23-06-2024T09:41:24 - [MESSAGE][PASSED] - Delayed 1 second(s)

23-06-2024T09:41:27 - [MESSAGE][PASSED] - Delayed 3 second(s)

23-06-2024T09:41:28 - [MESSAGE][PASSED] - Taking screenshot successfully
[[ATTACHMENT|D:\\newRCBCProject\\RCBCLOS_Automation\\Reports\\20240623_093941\\DigitalFlows\\NSTPDigitalLowCashout\\PortalLowCashout\\20240623_093952\\Screenshots/Portal23_06_2409_40_48/Regression23_06_24_09_41_24.jpg]]

23-06-2024T09:41:33 - [MESSAGE][PASSED] - Object: 'Object Repository/LetsGetStarted/lets_get_started' is clicked on

23-06-2024T09:41:36 - [MESSAGE][PASSED] - Delayed 3 second(s)

23-06-2024T09:41:37 - [MESSAGE][PASSED] - Object 'Object Repository/Loan Details/loanDetail' is present

23-06-2024T09:41:37 - [MESSAGE][INFO] - We are in Loan Detail Page

23-06-2024T09:41:37 - [MESSAGE][PASSED] - autoLoanProtal.letsGetStarted.letsGetStartedBtnFun is PASSED

23-06-2024T09:41:39 - [TEST_STEP][PASSED] - Video: Video recording for test case 'Test Cases/Digital_STPWithAndWithoutAPI/DigitalPotal/LetsgetStarted' .

23-06-2024T09:41:39 - [MESSAGE][INFO] - Video recording for test case 'Test Cases/Digital_STPWithAndWithoutAPI/DigitalPotal/LetsgetStarted' .]]></system-out>
         <system-err><![CDATA[]]></system-err>
      </testcase>
      <testcase name="Test Cases/Digital_STPWithAndWithoutAPI/DigitalPotal/LoanDetails" time="46.697" classname="Test Cases/Digital_STPWithAndWithoutAPI/DigitalPotal/LoanDetails" status="PASSED">
         <system-out><![CDATA[23-06-2024T09:41:39 - [TEST_CASE][PASSED] - Test Cases/Digital_STPWithAndWithoutAPI/DigitalPotal/LoanDetails: Test Cases/Digital_STPWithAndWithoutAPI/DigitalPotal/LoanDetails

23-06-2024T09:41:40 - [TEST_STEP][PASSED] - autoLoanProtal.LoanDetails.loanDetail(brand, unitDescription, loanTerm, downpaymentValue, actualCashOut, insuranceType): autoLoanProtal.LoanDetails.loanDetail is PASSED

23-06-2024T09:41:40 - [MESSAGE][PASSED] - Wait for page load successfully

23-06-2024T09:41:40 - [MESSAGE][PASSED] - Object 'Object Repository/Loan Details/loanDetail' is present

23-06-2024T09:41:40 - [MESSAGE][PASSED] - Object 'Object Repository/Loan Details/Used' is clickable

23-06-2024T09:41:41 - [MESSAGE][PASSED] - Object: 'Object Repository/Loan Details/Brand' is clicked on

23-06-2024T09:41:45 - [MESSAGE][PASSED] - All options with value 'HONDA' are selected in object 'Object Repository/Loan Details/Brand'  using regular expression

23-06-2024T09:41:46 - [MESSAGE][PASSED] - All options with index in [1] are selected on object 'Object Repository/Loan Details/UnitDescription'

23-06-2024T09:41:46 - [MESSAGE][PASSED] - Object: 'Object Repository/Loan Details/LoanTerm' is clicked on

23-06-2024T09:41:48 - [MESSAGE][PASSED] - All options with value 'AL5' are selected in object 'Object Repository/Loan Details/LoanTerm'  using regular expression

23-06-2024T09:41:49 - [MESSAGE][PASSED] - Object: 'Object Repository/Loan Details/DownpaymentValue' is clicked on

23-06-2024T09:41:49 - [MESSAGE][PASSED] - Keys '200000' sent to object: 'Object Repository/Loan Details/DownpaymentValue'

23-06-2024T09:41:50 - [MESSAGE][PASSED] - Keys '500' sent to object: 'Object Repository/Loan Details/ActualCashOut'

23-06-2024T09:41:51 - [MESSAGE][PASSED] - Delayed 1 second(s)

23-06-2024T09:41:52 - [MESSAGE][PASSED] - Delayed 1 second(s)

23-06-2024T09:41:55 - [MESSAGE][PASSED] - Delayed 3 second(s)

23-06-2024T09:41:56 - [MESSAGE][PASSED] - Taking screenshot successfully
[[ATTACHMENT|D:\\newRCBCProject\\RCBCLOS_Automation\\Reports\\20240623_093941\\DigitalFlows\\NSTPDigitalLowCashout\\PortalLowCashout\\20240623_093952\\Screenshots/Portal23_06_2409_40_48/Regression23_06_24_09_41_52.jpg]]

23-06-2024T09:41:57 - [MESSAGE][PASSED] - Object: 'Object Repository/Loan Details/Insurance type' is clicked on

23-06-2024T09:41:58 - [MESSAGE][PASSED] - All options with value 'REG' are selected in object 'Object Repository/Loan Details/Insurance type'  using regular expression

23-06-2024T09:42:00 - [MESSAGE][PASSED] - Delayed 2 second(s)

23-06-2024T09:42:00 - [MESSAGE][PASSED] - Current window's title is: 'Portal : LOS-3354'

23-06-2024T09:42:00 - [MESSAGE][INFO] - LOS-3354

23-06-2024T09:42:01 - [MESSAGE][PASSED] - Object: 'Object Repository/Loan Details/increamentButton' is clicked on

23-06-2024T09:42:01 - [MESSAGE][PASSED] - Attribute 'title' of object 'Object Repository/Loan Details/noOfAdvancePayment' is: '1'

23-06-2024T09:42:02 - [MESSAGE][PASSED] - Object: 'Object Repository/Loan Details/principalRadioBtn' is clicked on

23-06-2024T09:42:03 - [MESSAGE][PASSED] - Object 'Object Repository/Loan Details/amortizationRadioBtn' is clickable

23-06-2024T09:42:03 - [MESSAGE][PASSED] - Object 'Object Repository/Loan Details/autoLoanCheckBox' is not checked

23-06-2024T09:42:04 - [MESSAGE][PASSED] - Delayed 1 second(s)

23-06-2024T09:42:05 - [MESSAGE][PASSED] - Delayed 1 second(s)

23-06-2024T09:42:08 - [MESSAGE][PASSED] - Delayed 3 second(s)

23-06-2024T09:42:08 - [MESSAGE][PASSED] - Taking screenshot successfully
[[ATTACHMENT|D:\\newRCBCProject\\RCBCLOS_Automation\\Reports\\20240623_093941\\DigitalFlows\\NSTPDigitalLowCashout\\PortalLowCashout\\20240623_093952\\Screenshots/Portal23_06_2409_40_48/Regression23_06_24_09_42_05.jpg]]

23-06-2024T09:42:09 - [MESSAGE][PASSED] - Object 'Object Repository/Loan Details/Clear Data' is clickable

23-06-2024T09:42:11 - [MESSAGE][PASSED] - Object: 'Object Repository/Loan Details/Calculate' is clicked on

23-06-2024T09:42:13 - [MESSAGE][PASSED] - Delayed 2 second(s)

23-06-2024T09:42:14 - [MESSAGE][PASSED] - Text of object 'Object Repository/Loan Details/monthlyInsurancePremium' is: '₱ 0.00'

23-06-2024T09:42:14 - [MESSAGE][PASSED] - Text of object 'Object Repository/Loan Details/MonthlyAmortization' is: '₱ 76,493.16'

23-06-2024T09:42:14 - [MESSAGE][PASSED] - Text of object 'Object Repository/Loan Details/totalMonthlyAmortization' is: '₱ 76,493.16'

23-06-2024T09:42:15 - [MESSAGE][PASSED] - Object 'Object Repository/Loan Details/monthlyInsurancePremium13Month' is present

23-06-2024T09:42:15 - [MESSAGE][PASSED] - Text of object 'Object Repository/Loan Details/monthlyInsurancePremium13Month' is: ''

23-06-2024T09:42:16 - [MESSAGE][PASSED] - Delayed 1 second(s)

23-06-2024T09:42:19 - [MESSAGE][PASSED] - Delayed 3 second(s)

23-06-2024T09:42:19 - [MESSAGE][PASSED] - Taking screenshot successfully
[[ATTACHMENT|D:\\newRCBCProject\\RCBCLOS_Automation\\Reports\\20240623_093941\\DigitalFlows\\NSTPDigitalLowCashout\\PortalLowCashout\\20240623_093952\\Screenshots/Portal23_06_2409_40_48/Regression23_06_24_09_42_16.jpg]]

23-06-2024T09:42:22 - [MESSAGE][PASSED] - Object: 'Object Repository/Loan Details/Apply Now' is clicked on

23-06-2024T09:42:24 - [MESSAGE][PASSED] - Delayed 2 second(s)

23-06-2024T09:42:24 - [MESSAGE][PASSED] - Object 'Object Repository/Borrower_Details/borrowerInformation' is present

23-06-2024T09:42:24 - [MESSAGE][INFO] - We are in Borrower Detail Page

23-06-2024T09:42:24 - [MESSAGE][PASSED] - autoLoanProtal.LoanDetails.loanDetail is PASSED

23-06-2024T09:42:26 - [TEST_STEP][PASSED] - Video: Video recording for test case 'Test Cases/Digital_STPWithAndWithoutAPI/DigitalPotal/LoanDetails' .

23-06-2024T09:42:26 - [MESSAGE][INFO] - Video recording for test case 'Test Cases/Digital_STPWithAndWithoutAPI/DigitalPotal/LoanDetails' .]]></system-out>
         <system-err><![CDATA[]]></system-err>
      </testcase>
      <testcase name="Test Cases/Digital_STPWithAndWithoutAPI/DigitalPotal/BorrowerDetail" time="27.241" classname="Test Cases/Digital_STPWithAndWithoutAPI/DigitalPotal/BorrowerDetail" status="PASSED">
         <system-out><![CDATA[23-06-2024T09:42:26 - [TEST_CASE][PASSED] - Test Cases/Digital_STPWithAndWithoutAPI/DigitalPotal/BorrowerDetail: Test Cases/Digital_STPWithAndWithoutAPI/DigitalPotal/BorrowerDetail

23-06-2024T09:42:27 - [TEST_STEP][PASSED] - autoLoanProtal.Borrower_Detail.borrower_Details(fst_Name, mid_Name, lst_Name, email, mob_Num, date, maritalStatus, suffix, residence): autoLoanProtal.Borrower_Detail.borrower_Details is PASSED

23-06-2024T09:42:27 - [MESSAGE][PASSED] - Wait for page load successfully

23-06-2024T09:42:27 - [MESSAGE][PASSED] - Object 'Object Repository/Borrower_Details/borrowerInformation' is present

23-06-2024T09:42:28 - [MESSAGE][PASSED] - Text 'Dhirajmjt' is set on object 'Object Repository/Borrower_Details/first_Name'

23-06-2024T09:42:29 - [MESSAGE][PASSED] - Text 'Dhananjaymjt' is set on object 'Object Repository/Borrower_Details/middle_Name'

23-06-2024T09:42:30 - [MESSAGE][PASSED] - Text 'Manetjm' is set on object 'Object Repository/Borrower_Details/last_Name'

23-06-2024T09:42:31 - [MESSAGE][PASSED] - Object: 'Object Repository/Borrower_Details/suffix' is clicked on

23-06-2024T09:42:32 - [MESSAGE][PASSED] - All options with value 'SF3' are selected in object 'Object Repository/Borrower_Details/suffix'  using regular expression

23-06-2024T09:42:33 - [MESSAGE][PASSED] - 7 options of object 'Object Repository/Borrower_Details/suffix' counted

23-06-2024T09:42:34 - [MESSAGE][PASSED] - Delayed 1 second(s)

23-06-2024T09:42:35 - [MESSAGE][PASSED] - Delayed 1 second(s)

23-06-2024T09:42:38 - [MESSAGE][PASSED] - Delayed 3 second(s)

23-06-2024T09:42:38 - [MESSAGE][PASSED] - Taking screenshot successfully
[[ATTACHMENT|D:\\newRCBCProject\\RCBCLOS_Automation\\Reports\\20240623_093941\\DigitalFlows\\NSTPDigitalLowCashout\\PortalLowCashout\\20240623_093952\\Screenshots/Portal23_06_2409_40_48/Regression23_06_24_09_42_35.jpg]]

23-06-2024T09:42:39 - [MESSAGE][PASSED] - All options with value 'M' are selected in object 'Object Repository/Borrower_Details/marital_Status' 

23-06-2024T09:42:40 - [MESSAGE][PASSED] - Text '26/09/1995' is set on object 'Object Repository/Borrower_Details/date_Of_Birth'

23-06-2024T09:42:41 - [MESSAGE][PASSED] - Text 'Adarshtjm@gmail.com' is set on object 'Object Repository/Borrower_Details/email'

23-06-2024T09:42:42 - [MESSAGE][PASSED] - Text '(63) 9356986323' is set on object 'Object Repository/Borrower_Details/mobile_Number'

23-06-2024T09:42:43 - [MESSAGE][PASSED] - All options with value 'RO001' are selected in object 'Object Repository/Borrower_Details/residence_Ownership_Type' 

23-06-2024T09:42:44 - [MESSAGE][PASSED] - 6 options of object 'Object Repository/Borrower_Details/residence_Ownership_Type' counted

23-06-2024T09:42:44 - [MESSAGE][PASSED] - Object 'Object Repository/Borrower_Details/back' is clickable

23-06-2024T09:42:45 - [MESSAGE][PASSED] - Delayed 1 second(s)

23-06-2024T09:42:46 - [MESSAGE][PASSED] - Delayed 1 second(s)

23-06-2024T09:42:49 - [MESSAGE][PASSED] - Delayed 3 second(s)

23-06-2024T09:42:49 - [MESSAGE][PASSED] - Taking screenshot successfully
[[ATTACHMENT|D:\\newRCBCProject\\RCBCLOS_Automation\\Reports\\20240623_093941\\DigitalFlows\\NSTPDigitalLowCashout\\PortalLowCashout\\20240623_093952\\Screenshots/Portal23_06_2409_40_48/Regression23_06_24_09_42_46.jpg]]

23-06-2024T09:42:51 - [MESSAGE][PASSED] - Object: 'Object Repository/Borrower_Details/continue' is clicked on

23-06-2024T09:42:52 - [MESSAGE][PASSED] - Object 'Object Repository/confirmationPage/reviewLoanDetail' is present

23-06-2024T09:42:52 - [MESSAGE][INFO] - We are in review loan Detail Page page

23-06-2024T09:42:52 - [MESSAGE][PASSED] - autoLoanProtal.Borrower_Detail.borrower_Details is PASSED

23-06-2024T09:42:54 - [TEST_STEP][PASSED] - Video: Video recording for test case 'Test Cases/Digital_STPWithAndWithoutAPI/DigitalPotal/BorrowerDetail' .

23-06-2024T09:42:54 - [MESSAGE][INFO] - Video recording for test case 'Test Cases/Digital_STPWithAndWithoutAPI/DigitalPotal/BorrowerDetail' .]]></system-out>
         <system-err><![CDATA[]]></system-err>
      </testcase>
      <testcase name="Test Cases/Digital_STPWithAndWithoutAPI/DigitalPotal/ConfirmationPage" time="11.217" classname="Test Cases/Digital_STPWithAndWithoutAPI/DigitalPotal/ConfirmationPage" status="PASSED">
         <system-out><![CDATA[23-06-2024T09:42:54 - [TEST_CASE][PASSED] - Test Cases/Digital_STPWithAndWithoutAPI/DigitalPotal/ConfirmationPage: Test Cases/Digital_STPWithAndWithoutAPI/DigitalPotal/ConfirmationPage

23-06-2024T09:42:54 - [TEST_STEP][PASSED] - autoLoanProtal.confirmationPage.editOnConfirmationPage(): autoLoanProtal.confirmationPage.editOnConfirmationPage is PASSED

23-06-2024T09:42:54 - [MESSAGE][PASSED] - Wait for page load successfully

23-06-2024T09:42:54 - [MESSAGE][PASSED] - Object 'Object Repository/confirmationPage/reviewLoanDetail' is present

23-06-2024T09:42:54 - [MESSAGE][PASSED] - Object 'Object Repository/confirmationPage/autoLoanAppDetailsEditBtn' is clickable

23-06-2024T09:42:55 - [MESSAGE][PASSED] - Object 'Object Repository/confirmationPage/borrowerDetailsEditBtn' is clickable

23-06-2024T09:42:56 - [MESSAGE][PASSED] - Delayed 1 second(s)

23-06-2024T09:42:57 - [MESSAGE][PASSED] - Delayed 1 second(s)

23-06-2024T09:43:00 - [MESSAGE][PASSED] - Delayed 3 second(s)

23-06-2024T09:43:00 - [MESSAGE][PASSED] - Taking screenshot successfully
[[ATTACHMENT|D:\\newRCBCProject\\RCBCLOS_Automation\\Reports\\20240623_093941\\DigitalFlows\\NSTPDigitalLowCashout\\PortalLowCashout\\20240623_093952\\Screenshots/Portal23_06_2409_40_48/Regression23_06_24_09_42_57.jpg]]

23-06-2024T09:43:02 - [MESSAGE][PASSED] - Object: 'Object Repository/confirmationPage/continueBtn' is clicked on

23-06-2024T09:43:03 - [MESSAGE][PASSED] - Delayed 1 second(s)

23-06-2024T09:43:03 - [MESSAGE][PASSED] - autoLoanProtal.confirmationPage.editOnConfirmationPage is PASSED

23-06-2024T09:43:05 - [TEST_STEP][PASSED] - Video: Video recording for test case 'Test Cases/Digital_STPWithAndWithoutAPI/DigitalPotal/ConfirmationPage' .

23-06-2024T09:43:05 - [MESSAGE][INFO] - Video recording for test case 'Test Cases/Digital_STPWithAndWithoutAPI/DigitalPotal/ConfirmationPage' .]]></system-out>
         <system-err><![CDATA[]]></system-err>
      </testcase>
      <testcase name="Test Cases/Digital_STPWithAndWithoutAPI/DigitalPotal/InitialCheckingWithAPI" time="10.555" classname="Test Cases/Digital_STPWithAndWithoutAPI/DigitalPotal/InitialCheckingWithAPI" status="PASSED">
         <system-out><![CDATA[23-06-2024T09:43:05 - [TEST_CASE][PASSED] - Test Cases/Digital_STPWithAndWithoutAPI/DigitalPotal/InitialCheckingWithAPI: Test Cases/Digital_STPWithAndWithoutAPI/DigitalPotal/InitialCheckingWithAPI

23-06-2024T09:43:05 - [TEST_STEP][PASSED] - autoLoanProtal.initial_Confirmation.initial_conf(): autoLoanProtal.initial_Confirmation.initial_conf is PASSED

23-06-2024T09:43:05 - [MESSAGE][PASSED] - Wait for page load successfully

23-06-2024T09:43:05 - [MESSAGE][PASSED] - Object 'Object Repository/Initial_Confirmation/oneMoreStep' is present

23-06-2024T09:43:07 - [MESSAGE][PASSED] - Delayed 1 second(s)

23-06-2024T09:43:08 - [MESSAGE][PASSED] - Delayed 1 second(s)

23-06-2024T09:43:11 - [MESSAGE][PASSED] - Delayed 3 second(s)

23-06-2024T09:43:11 - [MESSAGE][PASSED] - Taking screenshot successfully
[[ATTACHMENT|D:\\newRCBCProject\\RCBCLOS_Automation\\Reports\\20240623_093941\\DigitalFlows\\NSTPDigitalLowCashout\\PortalLowCashout\\20240623_093952\\Screenshots/Portal23_06_2409_40_48/Regression23_06_24_09_43_08.jpg]]

23-06-2024T09:43:12 - [MESSAGE][PASSED] - Object: 'Object Repository/Initial_Confirmation/okay' is clicked on

23-06-2024T09:43:13 - [MESSAGE][PASSED] - Object 'Object Repository/AdditionalInformationWithoutAPI/additionPageLogo' is present

23-06-2024T09:43:13 - [MESSAGE][INFO] - We are in Addition page

23-06-2024T09:43:13 - [MESSAGE][PASSED] - autoLoanProtal.initial_Confirmation.initial_conf is PASSED

23-06-2024T09:43:15 - [TEST_STEP][PASSED] - Video: Video recording for test case 'Test Cases/Digital_STPWithAndWithoutAPI/DigitalPotal/InitialCheckingWithAPI' .

23-06-2024T09:43:15 - [MESSAGE][INFO] - Video recording for test case 'Test Cases/Digital_STPWithAndWithoutAPI/DigitalPotal/InitialCheckingWithAPI' .]]></system-out>
         <system-err><![CDATA[]]></system-err>
      </testcase>
      <testcase name="Test Cases/Digital_STPWithAndWithoutAPI/DigitalPotal/AdditionalPageWithAPI" time="50.787" classname="Test Cases/Digital_STPWithAndWithoutAPI/DigitalPotal/AdditionalPageWithAPI" status="PASSED">
         <system-out><![CDATA[23-06-2024T09:43:16 - [TEST_CASE][PASSED] - Test Cases/Digital_STPWithAndWithoutAPI/DigitalPotal/AdditionalPageWithAPI: Test Cases/Digital_STPWithAndWithoutAPI/DigitalPotal/AdditionalPageWithAPI

23-06-2024T09:43:17 - [TEST_STEP][PASSED] - autoLoanProtal.AdditionalInformationWithAPI.borrowersDetail(nationality, visaType, sex, occupation, idType, idNumber, accountNumber): autoLoanProtal.AdditionalInformationWithAPI.borrowersDetail is PASSED

23-06-2024T09:43:18 - [MESSAGE][PASSED] - Wait for page load successfully

23-06-2024T09:43:18 - [MESSAGE][PASSED] - Object 'Object Repository/AdditionalInformationWithoutAPI/additionPageLogo' is present

23-06-2024T09:43:19 - [MESSAGE][PASSED] - All options with value '15' are selected in object 'Object Repository/AdditionalInformationWithAPI/BorrowerDetail/nationality' 

23-06-2024T09:43:20 - [MESSAGE][PASSED] - All options with value 'VT05' are selected in object 'Object Repository/AdditionalInformationWithAPI/BorrowerDetail/visaType' 

23-06-2024T09:43:21 - [MESSAGE][PASSED] - All options with value 'M' are selected in object 'Object Repository/AdditionalInformationWithAPI/BorrowerDetail/sex' 

23-06-2024T09:43:21 - [MESSAGE][PASSED] - All options with value 'BL' are selected in object 'Object Repository/AdditionalInformationWithAPI/BorrowerDetail/occupation' 

23-06-2024T09:43:22 - [MESSAGE][PASSED] - All options with index in [1] are selected on object 'Object Repository/AdditionalInformationWithAPI/BorrowerDetail/idType'

23-06-2024T09:43:23 - [MESSAGE][PASSED] - Text '5465475464' is set on object 'Object Repository/AdditionalInformationWithAPI/BorrowerDetail/idNumber'

23-06-2024T09:43:24 - [MESSAGE][PASSED] - Text '0000000017517518' is set on object 'Object Repository/AdditionalInformationWithAPI/BorrowerDetail/currentOrSavingAccountNumberIfAny'

23-06-2024T09:43:25 - [MESSAGE][PASSED] - Delayed 1 second(s)

23-06-2024T09:43:26 - [MESSAGE][PASSED] - Delayed 1 second(s)

23-06-2024T09:43:29 - [MESSAGE][PASSED] - Delayed 3 second(s)

23-06-2024T09:43:30 - [MESSAGE][PASSED] - Taking screenshot successfully
[[ATTACHMENT|D:\\newRCBCProject\\RCBCLOS_Automation\\Reports\\20240623_093941\\DigitalFlows\\NSTPDigitalLowCashout\\PortalLowCashout\\20240623_093952\\Screenshots/Portal23_06_2409_40_48/Regression23_06_24_09_43_26.jpg]]

23-06-2024T09:43:30 - [MESSAGE][PASSED] - autoLoanProtal.AdditionalInformationWithAPI.borrowersDetail is PASSED

23-06-2024T09:43:30 - [TEST_STEP][PASSED] - autoLoanProtal.AdditionalInformationWithAPI.homeAddress(country, region, province, townCityMunicipality, barangay, streetName, unitNoBldgNameBldgNoVillageSubdivision): autoLoanProtal.AdditionalInformationWithAPI.homeAddress is PASSED

23-06-2024T09:43:32 - [MESSAGE][PASSED] - All options with value '01' are selected in object 'Object Repository/AdditionalInformationWithAPI/HomeAddress/country' 

23-06-2024T09:43:35 - [MESSAGE][PASSED] - All options with index in [1] are selected on object 'Object Repository/AdditionalInformationWithAPI/HomeAddress/region'

23-06-2024T09:43:37 - [MESSAGE][PASSED] - All options with index in [1] are selected on object 'Object Repository/AdditionalInformationWithAPI/HomeAddress/province'

23-06-2024T09:43:38 - [MESSAGE][PASSED] - All options with index in [1] are selected on object 'Object Repository/AdditionalInformationWithAPI/HomeAddress/townCityMunicipality'

23-06-2024T09:43:40 - [MESSAGE][PASSED] - All options with index in [1] are selected on object 'Object Repository/AdditionalInformationWithAPI/HomeAddress/barangay'

23-06-2024T09:43:41 - [MESSAGE][PASSED] - Text 'Mahape road,MBP' is set on object 'Object Repository/AdditionalInformationWithAPI/HomeAddress/streetName'

23-06-2024T09:43:42 - [MESSAGE][PASSED] - Text 'Rupa Solitaire' is set on object 'Object Repository/AdditionalInformationWithAPI/HomeAddress/unitNoBldgNameBldgNoVillageSubdivision'

23-06-2024T09:43:43 - [MESSAGE][PASSED] - Delayed 1 second(s)

23-06-2024T09:43:44 - [MESSAGE][PASSED] - Delayed 1 second(s)

23-06-2024T09:43:47 - [MESSAGE][PASSED] - Delayed 3 second(s)

23-06-2024T09:43:48 - [MESSAGE][PASSED] - Taking screenshot successfully
[[ATTACHMENT|D:\\newRCBCProject\\RCBCLOS_Automation\\Reports\\20240623_093941\\DigitalFlows\\NSTPDigitalLowCashout\\PortalLowCashout\\20240623_093952\\Screenshots/Portal23_06_2409_40_48/Regression23_06_24_09_43_44.jpg]]

23-06-2024T09:43:48 - [MESSAGE][PASSED] - autoLoanProtal.AdditionalInformationWithAPI.homeAddress is PASSED

23-06-2024T09:43:48 - [TEST_STEP][PASSED] - autoLoanProtal.AdditionalInformationWithAPI.coBorrowersDetails(coBorrowerRelationshipWithBorrower, coBorrowerFirstName, coBorrowerMiddleName, coBorrowerLastName, coBorrowerSuffix): autoLoanProtal.AdditionalInformationWithAPI.coBorrowersDetails is PASSED

23-06-2024T09:43:50 - [MESSAGE][PASSED] - All options with value 'S' are selected in object 'Object Repository/AdditionalInformationWithAPI/CoBorrowerDetail/coBorrowerRelationshipWithBorrower' 

23-06-2024T09:43:50 - [MESSAGE][PASSED] - Text 'Sachin' is set on object 'Object Repository/AdditionalInformationWithAPI/CoBorrowerDetail/coBorrowerFirstName'

23-06-2024T09:43:52 - [MESSAGE][PASSED] - Text 'Depak' is set on object 'Object Repository/AdditionalInformationWithAPI/CoBorrowerDetail/coBorrowerMiddleName'

23-06-2024T09:43:52 - [MESSAGE][PASSED] - Text 'Sharma' is set on object 'Object Repository/AdditionalInformationWithAPI/CoBorrowerDetail/coBorrowerLastName'

23-06-2024T09:43:53 - [MESSAGE][PASSED] - All options with value 'SF2' are selected in object 'Object Repository/AdditionalInformationWithAPI/CoBorrowerDetail/coBorrowerSuffix' 

23-06-2024T09:43:54 - [MESSAGE][PASSED] - Delayed 1 second(s)

23-06-2024T09:43:56 - [MESSAGE][PASSED] - Delayed 1 second(s)

23-06-2024T09:43:59 - [MESSAGE][PASSED] - Delayed 3 second(s)

23-06-2024T09:43:59 - [MESSAGE][PASSED] - Taking screenshot successfully
[[ATTACHMENT|D:\\newRCBCProject\\RCBCLOS_Automation\\Reports\\20240623_093941\\DigitalFlows\\NSTPDigitalLowCashout\\PortalLowCashout\\20240623_093952\\Screenshots/Portal23_06_2409_40_48/Regression23_06_24_09_43_56.jpg]]

23-06-2024T09:44:00 - [MESSAGE][PASSED] - Object: 'Object Repository/AdditionalInformationWithAPI/continue' is clicked on

23-06-2024T09:44:01 - [MESSAGE][PASSED] - Delayed 1 second(s)

23-06-2024T09:44:05 - [MESSAGE][PASSED] - Object 'Object Repository/UploadYourDocuments/uploadYourDocumentText' is present

23-06-2024T09:44:05 - [MESSAGE][INFO] - We are in Upload Document Page

23-06-2024T09:44:05 - [MESSAGE][PASSED] - autoLoanProtal.AdditionalInformationWithAPI.coBorrowersDetails is PASSED

23-06-2024T09:44:07 - [TEST_STEP][PASSED] - Video: Video recording for test case 'Test Cases/Digital_STPWithAndWithoutAPI/DigitalPotal/AdditionalPageWithAPI' .

23-06-2024T09:44:07 - [MESSAGE][INFO] - Video recording for test case 'Test Cases/Digital_STPWithAndWithoutAPI/DigitalPotal/AdditionalPageWithAPI' .]]></system-out>
         <system-err><![CDATA[]]></system-err>
      </testcase>
      <testcase name="Test Cases/Digital_STPWithAndWithoutAPI/DigitalPotal/DocumentUploadPageWithout" time="108.433" classname="Test Cases/Digital_STPWithAndWithoutAPI/DigitalPotal/DocumentUploadPageWithout" status="PASSED">
         <system-out><![CDATA[23-06-2024T09:44:07 - [TEST_CASE][PASSED] - Test Cases/Digital_STPWithAndWithoutAPI/DigitalPotal/DocumentUploadPageWithout: Test Cases/Digital_STPWithAndWithoutAPI/DigitalPotal/DocumentUploadPageWithout

23-06-2024T09:44:07 - [TEST_STEP][PASSED] - autoLoanProtal.UploadYourDocuments.uploadYourDocumentsPage(): autoLoanProtal.UploadYourDocuments.uploadYourDocumentsPage is PASSED

23-06-2024T09:44:07 - [MESSAGE][PASSED] - Object 'Object Repository/UploadYourDocuments/uploadYourDocumentText' is present

23-06-2024T09:44:08 - [MESSAGE][PASSED] - All options with index in [1] are selected on object 'Object Repository/UploadYourDocuments/validId_selectIdType'

23-06-2024T09:44:08 - [MESSAGE][PASSED] - Current window's index is: 0

23-06-2024T09:44:09 - [MESSAGE][PASSED] - Object: 'Object Repository/UploadYourDocuments/uploadFile_Btn' is clicked on

23-06-2024T09:44:10 - [MESSAGE][PASSED] - Delayed 1 second(s)

23-06-2024T09:44:10 - [MESSAGE][PASSED] - Switched to window with index: '1'

23-06-2024T09:44:11 - [MESSAGE][PASSED] - Delayed 1 second(s)

23-06-2024T09:44:12 - [MESSAGE][PASSED] - Wait for page load successfully

23-06-2024T09:44:12 - [MESSAGE][PASSED] - File 'D:\newRCBCProject\RCBCLOS_Automation\Document\Katalon_WebObjects.pdf' sent to object: 'Object Repository/UploadYourDocuments/browseFile'

23-06-2024T09:44:13 - [MESSAGE][PASSED] - Delayed 1 second(s)

23-06-2024T09:44:13 - [MESSAGE][PASSED] - Object: 'Object Repository/UploadYourDocuments/ValidID/documentType' is clicked on

23-06-2024T09:44:14 - [MESSAGE][PASSED] - All options with value 'ID Type Documents' are selected in object 'Object Repository/UploadYourDocuments/ValidID/documentType' 

23-06-2024T09:44:14 - [MESSAGE][PASSED] - Object: 'Object Repository/UploadYourDocuments/ValidID/uploadBtn' is clicked on

23-06-2024T09:44:17 - [MESSAGE][PASSED] - Delayed 3 second(s)

23-06-2024T09:44:17 - [MESSAGE][PASSED] - Window with index 1 is closed

23-06-2024T09:44:17 - [MESSAGE][PASSED] - Switched to window with index: '0'

23-06-2024T09:44:18 - [MESSAGE][PASSED] - Current window's index is: 0

23-06-2024T09:44:20 - [MESSAGE][PASSED] - Delayed 2 second(s)

23-06-2024T09:44:21 - [MESSAGE][PASSED] - Object: 'Object Repository/UploadYourDocuments/IdDocViewButton' is clicked on

23-06-2024T09:44:21 - [MESSAGE][PASSED] - Switched to window with index: '1'

23-06-2024T09:44:22 - [MESSAGE][PASSED] - Delayed 1 second(s)

23-06-2024T09:44:23 - [MESSAGE][PASSED] - Delayed 1 second(s)

23-06-2024T09:44:26 - [MESSAGE][PASSED] - Delayed 3 second(s)

23-06-2024T09:44:26 - [MESSAGE][PASSED] - Taking screenshot successfully
[[ATTACHMENT|D:\\newRCBCProject\\RCBCLOS_Automation\\Reports\\20240623_093941\\DigitalFlows\\NSTPDigitalLowCashout\\PortalLowCashout\\20240623_093952\\Screenshots/Portal23_06_2409_40_48/Regression23_06_24_09_44_23.jpg]]

23-06-2024T09:44:31 - [MESSAGE][PASSED] - Delayed 5 second(s)

23-06-2024T09:44:31 - [MESSAGE][PASSED] - Window with index 1 is closed

23-06-2024T09:44:32 - [MESSAGE][PASSED] - Switched to window with index: '0'

23-06-2024T09:44:32 - [MESSAGE][PASSED] - All options with index in [1] are selected on object 'Object Repository/UploadYourDocuments/incomeDocument_selectIdType'

23-06-2024T09:44:33 - [MESSAGE][PASSED] - Delayed 1 second(s)

23-06-2024T09:44:33 - [MESSAGE][PASSED] - Current window's index is: 0

23-06-2024T09:44:34 - [MESSAGE][PASSED] - Object: 'Object Repository/UploadYourDocuments/uploadFile_Btn1' is clicked on

23-06-2024T09:44:36 - [MESSAGE][PASSED] - Delayed 1 second(s)

23-06-2024T09:44:36 - [MESSAGE][PASSED] - Switched to window with index: '1'

23-06-2024T09:44:37 - [MESSAGE][PASSED] - Delayed 1 second(s)

23-06-2024T09:44:37 - [MESSAGE][PASSED] - Wait for page load successfully

23-06-2024T09:44:37 - [MESSAGE][PASSED] - File 'D:\newRCBCProject\RCBCLOS_Automation\Document\Katalon_WebObjects.pdf' sent to object: 'Object Repository/UploadYourDocuments/browseFile'

23-06-2024T09:44:38 - [MESSAGE][PASSED] - Delayed 1 second(s)

23-06-2024T09:44:38 - [MESSAGE][PASSED] - Object: 'Object Repository/UploadYourDocuments/ValidID/documentType' is clicked on

23-06-2024T09:44:38 - [MESSAGE][PASSED] - All options with value 'Income Documents' are selected in object 'Object Repository/UploadYourDocuments/ValidID/documentType' 

23-06-2024T09:44:39 - [MESSAGE][PASSED] - Object: 'Object Repository/UploadYourDocuments/ValidID/uploadBtn' is clicked on

23-06-2024T09:44:42 - [MESSAGE][PASSED] - Delayed 3 second(s)

23-06-2024T09:44:42 - [MESSAGE][PASSED] - Window with index 1 is closed

23-06-2024T09:44:42 - [MESSAGE][PASSED] - Switched to window with index: '0'

23-06-2024T09:44:42 - [MESSAGE][PASSED] - Current window's index is: 0

23-06-2024T09:44:44 - [MESSAGE][PASSED] - Delayed 2 second(s)

23-06-2024T09:44:45 - [MESSAGE][PASSED] - Object: 'Object Repository/UploadYourDocuments/IncomeDocViewBtn' is clicked on

23-06-2024T09:44:46 - [MESSAGE][PASSED] - Switched to window with index: '1'

23-06-2024T09:44:47 - [MESSAGE][PASSED] - Delayed 1 second(s)

23-06-2024T09:44:48 - [MESSAGE][PASSED] - Delayed 1 second(s)

23-06-2024T09:44:51 - [MESSAGE][PASSED] - Delayed 3 second(s)

23-06-2024T09:44:51 - [MESSAGE][PASSED] - Taking screenshot successfully
[[ATTACHMENT|D:\\newRCBCProject\\RCBCLOS_Automation\\Reports\\20240623_093941\\DigitalFlows\\NSTPDigitalLowCashout\\PortalLowCashout\\20240623_093952\\Screenshots/Portal23_06_2409_40_48/Regression23_06_24_09_44_48.jpg]]

23-06-2024T09:44:56 - [MESSAGE][PASSED] - Delayed 5 second(s)

23-06-2024T09:44:56 - [MESSAGE][PASSED] - Window with index 1 is closed

23-06-2024T09:44:56 - [MESSAGE][PASSED] - Switched to window with index: '0'

23-06-2024T09:44:57 - [MESSAGE][PASSED] - Scroll to object 'Object Repository/UploadYourDocuments/nextBtn' successfully

23-06-2024T09:44:58 - [MESSAGE][PASSED] - Delayed 1 second(s)

23-06-2024T09:44:58 - [MESSAGE][PASSED] - Current window's index is: 0

23-06-2024T09:44:59 - [MESSAGE][PASSED] - Object: 'Object Repository/UploadYourDocuments/uploadFile_Btn2' is clicked on

23-06-2024T09:45:00 - [MESSAGE][PASSED] - Delayed 1 second(s)

23-06-2024T09:45:00 - [MESSAGE][PASSED] - Switched to window with index: '1'

23-06-2024T09:45:01 - [MESSAGE][PASSED] - Delayed 1 second(s)

23-06-2024T09:45:01 - [MESSAGE][PASSED] - Wait for page load successfully

23-06-2024T09:45:02 - [MESSAGE][PASSED] - File 'D:\newRCBCProject\RCBCLOS_Automation\Document\Katalon_WebObjects.pdf' sent to object: 'Object Repository/UploadYourDocuments/browseFile'

23-06-2024T09:45:03 - [MESSAGE][PASSED] - Delayed 1 second(s)

23-06-2024T09:45:03 - [MESSAGE][PASSED] - Object: 'Object Repository/UploadYourDocuments/ValidID/documentType' is clicked on

23-06-2024T09:45:04 - [MESSAGE][PASSED] - All options with value 'Loan Application Documents' are selected in object 'Object Repository/UploadYourDocuments/ValidID/documentType' 

23-06-2024T09:45:04 - [MESSAGE][PASSED] - Object: 'Object Repository/UploadYourDocuments/ValidID/uploadBtn' is clicked on

23-06-2024T09:45:07 - [MESSAGE][PASSED] - Delayed 3 second(s)

23-06-2024T09:45:07 - [MESSAGE][PASSED] - Window with index 1 is closed

23-06-2024T09:45:07 - [MESSAGE][PASSED] - Switched to window with index: '0'

23-06-2024T09:45:07 - [MESSAGE][PASSED] - Current window's index is: 0

23-06-2024T09:45:09 - [MESSAGE][PASSED] - Delayed 2 second(s)

23-06-2024T09:45:10 - [MESSAGE][PASSED] - Object: 'Object Repository/UploadYourDocuments/LoanApplicationDocViewBtn' is clicked on

23-06-2024T09:45:10 - [MESSAGE][PASSED] - Switched to window with index: '1'

23-06-2024T09:45:11 - [MESSAGE][PASSED] - Delayed 1 second(s)

23-06-2024T09:45:12 - [MESSAGE][PASSED] - Delayed 1 second(s)

23-06-2024T09:45:15 - [MESSAGE][PASSED] - Delayed 3 second(s)

23-06-2024T09:45:15 - [MESSAGE][PASSED] - Taking screenshot successfully
[[ATTACHMENT|D:\\newRCBCProject\\RCBCLOS_Automation\\Reports\\20240623_093941\\DigitalFlows\\NSTPDigitalLowCashout\\PortalLowCashout\\20240623_093952\\Screenshots/Portal23_06_2409_40_48/Regression23_06_24_09_45_12.jpg]]

23-06-2024T09:45:20 - [MESSAGE][PASSED] - Delayed 5 second(s)

23-06-2024T09:45:20 - [MESSAGE][PASSED] - Window with index 1 is closed

23-06-2024T09:45:21 - [MESSAGE][PASSED] - Switched to window with index: '0'

23-06-2024T09:45:22 - [MESSAGE][PASSED] - Delayed 1 second(s)

23-06-2024T09:45:23 - [MESSAGE][PASSED] - Delayed 1 second(s)

23-06-2024T09:45:26 - [MESSAGE][PASSED] - Delayed 3 second(s)

23-06-2024T09:45:26 - [MESSAGE][PASSED] - Taking screenshot successfully
[[ATTACHMENT|D:\\newRCBCProject\\RCBCLOS_Automation\\Reports\\20240623_093941\\DigitalFlows\\NSTPDigitalLowCashout\\PortalLowCashout\\20240623_093952\\Screenshots/Portal23_06_2409_40_48/Regression23_06_24_09_45_23.jpg]]

23-06-2024T09:45:26 - [MESSAGE][PASSED] - Object 'Object Repository/UploadYourDocuments/backBtn' is clickable

23-06-2024T09:45:53 - [MESSAGE][PASSED] - Object: 'Object Repository/UploadYourDocuments/nextBtn' is clicked on

23-06-2024T09:45:53 - [MESSAGE][PASSED] - autoLoanProtal.UploadYourDocuments.uploadYourDocumentsPage is PASSED

23-06-2024T09:45:55 - [TEST_STEP][PASSED] - Video: Video recording for test case 'Test Cases/Digital_STPWithAndWithoutAPI/DigitalPotal/DocumentUploadPageWithout' .

23-06-2024T09:45:55 - [MESSAGE][INFO] - Video recording for test case 'Test Cases/Digital_STPWithAndWithoutAPI/DigitalPotal/DocumentUploadPageWithout' .]]></system-out>
         <system-err><![CDATA[]]></system-err>
      </testcase>
      <testcase name="Test Cases/Digital_NSTP/NSTPPortal/SubmitPageProceedToBackOffice" time="16.555" classname="Test Cases/Digital_NSTP/NSTPPortal/SubmitPageProceedToBackOffice" status="PASSED">
         <system-out><![CDATA[23-06-2024T09:45:55 - [TEST_CASE][PASSED] - Test Cases/Digital_NSTP/NSTPPortal/SubmitPageProceedToBackOffice: Test Cases/Digital_NSTP/NSTPPortal/SubmitPageProceedToBackOffice

23-06-2024T09:45:56 - [TEST_STEP][PASSED] - autoLoanProtal.SubmitPage.proceedToPreReleaseFunNSTP(): autoLoanProtal.SubmitPage.proceedToPreReleaseFunNSTP is PASSED

23-06-2024T09:45:58 - [MESSAGE][PASSED] - Wait for page load successfully

23-06-2024T09:45:58 - [MESSAGE][PASSED] - Object 'Object Repository/SubmitPage/submitPageNSTP' is present

23-06-2024T09:46:00 - [MESSAGE][PASSED] - Delayed 2 second(s)

23-06-2024T09:46:01 - [MESSAGE][PASSED] - Delayed 1 second(s)

23-06-2024T09:46:04 - [MESSAGE][PASSED] - Delayed 3 second(s)

23-06-2024T09:46:05 - [MESSAGE][PASSED] - Taking screenshot successfully
[[ATTACHMENT|D:\\newRCBCProject\\RCBCLOS_Automation\\Reports\\20240623_093941\\DigitalFlows\\NSTPDigitalLowCashout\\PortalLowCashout\\20240623_093952\\Screenshots/Portal23_06_2409_40_48/Regression23_06_24_09_46_01.jpg]]

23-06-2024T09:46:05 - [MESSAGE][PASSED] - Object: 'Object Repository/SubmitPage/goToBackOffice' is clicked on

23-06-2024T09:46:10 - [MESSAGE][PASSED] - Delayed 5 second(s)

23-06-2024T09:46:10 - [MESSAGE][PASSED] - autoLoanProtal.SubmitPage.proceedToPreReleaseFunNSTP is PASSED

23-06-2024T09:46:12 - [TEST_STEP][PASSED] - Video: Video recording for test case 'Test Cases/Digital_NSTP/NSTPPortal/SubmitPageProceedToBackOffice' .

23-06-2024T09:46:12 - [MESSAGE][INFO] - Video recording for test case 'Test Cases/Digital_NSTP/NSTPPortal/SubmitPageProceedToBackOffice' .]]></system-out>
         <system-err><![CDATA[]]></system-err>
      </testcase>
      <system-out><![CDATA[23-06-2024T09:40:26 - [TEST_SUITE][PASSED] - PortalLowCashout: Test Cases/Digital_NSTP/NSTPPortal/SubmitPageProceedToBackOffice]]></system-out>
      <system-err><![CDATA[]]></system-err>
   </testsuite>
</testsuites>
