<?xml version="1.0" encoding="UTF-8"?>
<testsuites name="Fulfillment" time="203.116" tests="16" failures="0" errors="0">
   <testsuite name="Fulfillment" tests="16" failures="0" errors="0" time="203.116" skipped="0" timestamp="24-06-2024T11:00:56" hostname="Adarsh.Lohar - QKNBK2037.qkcorp.qualitykiosk.com" id="Test Suites/PaperbaseFlows/PaperbaseWithAndWithout/Fulfillment">
      <properties>
         <property name="deviceName" value=""/>
         <property name="devicePlatform"/>
         <property name="logFolder" value="D:\\newRCBCProject\\RCBCLOS_Automation\\Reports\\20240624_110046\\PaperbaseFlows\\PaperbaseWithAndWithout\\Fulfillment\\20240624_110046"/>
         <property name="logFiles" value="D:\\newRCBCProject\\RCBCLOS_Automation\\Reports\\20240624_110046\\PaperbaseFlows\\PaperbaseWithAndWithout\\Fulfillment\\20240624_110046\\execution0.log"/>
         <property name="attachments" value="D:\\newRCBCProject\\RCBCLOS_Automation\\Reports\\20240624_110046\\PaperbaseFlows\\PaperbaseWithAndWithout\\Fulfillment\\20240624_110046\\Screenshots/Fulfillment24_06_2411_01_12/Regression24_06_24_11_01_13.jpg, D:\\newRCBCProject\\RCBCLOS_Automation\\Reports\\20240624_110046\\PaperbaseFlows\\PaperbaseWithAndWithout\\Fulfillment\\20240624_110046\\Screenshots/Fulfillment24_06_2411_01_12/Regression24_06_24_11_01_28.jpg, D:\\newRCBCProject\\RCBCLOS_Automation\\Reports\\20240624_110046\\PaperbaseFlows\\PaperbaseWithAndWithout\\Fulfillment\\20240624_110046\\Screenshots/Fulfillment24_06_2411_01_12/Regression24_06_24_11_01_40.jpg, D:\\newRCBCProject\\RCBCLOS_Automation\\Reports\\20240624_110046\\PaperbaseFlows\\PaperbaseWithAndWithout\\Fulfillment\\20240624_110046\\Screenshots/Fulfillment24_06_2411_01_12/Regression24_06_24_11_02_00.jpg, D:\\newRCBCProject\\RCBCLOS_Automation\\Reports\\20240624_110046\\PaperbaseFlows\\PaperbaseWithAndWithout\\Fulfillment\\20240624_110046\\Screenshots/Fulfillment24_06_2411_01_12/Regression24_06_24_11_02_08.jpg, D:\\newRCBCProject\\RCBCLOS_Automation\\Reports\\20240624_110046\\PaperbaseFlows\\PaperbaseWithAndWithout\\Fulfillment\\20240624_110046\\Screenshots/Fulfillment24_06_2411_01_12/Regression24_06_24_11_02_14.jpg, D:\\newRCBCProject\\RCBCLOS_Automation\\Reports\\20240624_110046\\PaperbaseFlows\\PaperbaseWithAndWithout\\Fulfillment\\20240624_110046\\Screenshots/Fulfillment24_06_2411_01_12/Regression24_06_24_11_02_20.jpg, D:\\newRCBCProject\\RCBCLOS_Automation\\Reports\\20240624_110046\\PaperbaseFlows\\PaperbaseWithAndWithout\\Fulfillment\\20240624_110046\\Screenshots/Fulfillment24_06_2411_01_12/Regression24_06_24_11_02_26.jpg, D:\\newRCBCProject\\RCBCLOS_Automation\\Reports\\20240624_110046\\PaperbaseFlows\\PaperbaseWithAndWithout\\Fulfillment\\20240624_110046\\Screenshots/Fulfillment24_06_2411_01_12/Regression24_06_24_11_02_31.jpg, D:\\newRCBCProject\\RCBCLOS_Automation\\Reports\\20240624_110046\\PaperbaseFlows\\PaperbaseWithAndWithout\\Fulfillment\\20240624_110046\\Screenshots/Fulfillment24_06_2411_01_12/Regression24_06_24_11_02_37.jpg, D:\\newRCBCProject\\RCBCLOS_Automation\\Reports\\20240624_110046\\PaperbaseFlows\\PaperbaseWithAndWithout\\Fulfillment\\20240624_110046\\Screenshots/Fulfillment24_06_2411_01_12/Regression24_06_24_11_02_45.jpg, D:\\newRCBCProject\\RCBCLOS_Automation\\Reports\\20240624_110046\\PaperbaseFlows\\PaperbaseWithAndWithout\\Fulfillment\\20240624_110046\\Screenshots/Fulfillment24_06_2411_01_12/Regression24_06_24_11_02_49.jpg, D:\\newRCBCProject\\RCBCLOS_Automation\\Reports\\20240624_110046\\PaperbaseFlows\\PaperbaseWithAndWithout\\Fulfillment\\20240624_110046\\Screenshots/Fulfillment24_06_2411_01_12/Regression24_06_24_11_02_57.jpg, D:\\newRCBCProject\\RCBCLOS_Automation\\Reports\\20240624_110046\\PaperbaseFlows\\PaperbaseWithAndWithout\\Fulfillment\\20240624_110046\\Screenshots/Fulfillment24_06_2411_01_12/Regression24_06_24_11_03_03.jpg, D:\\newRCBCProject\\RCBCLOS_Automation\\Reports\\20240624_110046\\PaperbaseFlows\\PaperbaseWithAndWithout\\Fulfillment\\20240624_110046\\Screenshots/Fulfillment24_06_2411_01_12/Regression24_06_24_11_03_10.jpg, D:\\newRCBCProject\\RCBCLOS_Automation\\Reports\\20240624_110046\\PaperbaseFlows\\PaperbaseWithAndWithout\\Fulfillment\\20240624_110046\\1719207197905.png, D:\\newRCBCProject\\RCBCLOS_Automation\\Reports\\20240624_110046\\PaperbaseFlows\\PaperbaseWithAndWithout\\Fulfillment\\20240624_110046\\Screenshots/Fulfillment24_06_2411_01_12/Regression24_06_24_11_03_20.jpg, D:\\newRCBCProject\\RCBCLOS_Automation\\Reports\\20240624_110046\\PaperbaseFlows\\PaperbaseWithAndWithout\\Fulfillment\\20240624_110046\\1719207239549.png, D:\\newRCBCProject\\RCBCLOS_Automation\\Reports\\20240624_110046\\PaperbaseFlows\\PaperbaseWithAndWithout\\Fulfillment\\20240624_110046\\Screenshots/Fulfillment24_06_2411_01_12/Regression24_06_24_11_04_09.jpg, D:\\newRCBCProject\\RCBCLOS_Automation\\Reports\\20240624_110046\\PaperbaseFlows\\PaperbaseWithAndWithout\\Fulfillment\\20240624_110046\\Screenshots/Fulfillment24_06_2411_01_12/Regression24_06_24_11_04_16.jpg"/>
         <property name="hostName" value="Adarsh.Lohar - QKNBK2037.qkcorp.qualitykiosk.com"/>
         <property name="os" value="Windows 10 64bit"/>
         <property name="katalonVersion" value="9.5.0.217"/>
         <property name="browser" value="Chrome 126.0.0.0"/>
         <property name="hostAddress" value="10.0.6.210"/>
         <property name="sessionId" value="a083d39c3bc24f7bc086fc4886c4cf6d"/>
         <property name="seleniumVersion" value="3.141.59"/>
         <property name="proxyInformation" value="ProxyInformation { proxyOption=NO_PROXY, proxyServerType=HTTP, username=, password=********, proxyServerAddress=, proxyServerPort=0, executionList=&quot;&quot;, isApplyToDesiredCapabilities=true }"/>
         <property name="platform" value="Windows 10"/>
      </properties>
      <testcase name="Test Cases/Paper_STPWithAndWithoutAPI/Fullfillment/LoginPage" time="27.222" classname="Test Cases/Paper_STPWithAndWithoutAPI/Fullfillment/LoginPage" status="PASSED">
         <system-out><![CDATA[24-06-2024T11:00:57 - [TEST_CASE][PASSED] - Test Cases/Paper_STPWithAndWithoutAPI/Fullfillment/LoginPage: Test Cases/Paper_STPWithAndWithoutAPI/Fullfillment/LoginPage

24-06-2024T11:00:58 - [TEST_STEP][PASSED] - fulfillment.LoginForibpsFullFillment.login(): fulfillment.LoginForibpsFullFillment.login is PASSED

24-06-2024T11:00:59 - [MESSAGE][INFO] - Starting 'Chrome' driver

24-06-2024T11:00:59 - [MESSAGE][INFO] - User set preference: ['args', '[--incognito]']

24-06-2024T11:00:59 - [MESSAGE][INFO] - Action delay is set to 0 milliseconds

24-06-2024T11:01:05 - [MESSAGE][PASSED] - Browser is opened with url: ''

24-06-2024T11:01:06 - [MESSAGE][PASSED] - Current window maximized

24-06-2024T11:01:10 - [MESSAGE][PASSED] - Navigate to 'https://rcbcuat.nonprodnmc.com/omniapp' successfully

24-06-2024T11:01:10 - [MESSAGE][PASSED] - Text 'QK_Fulfillment7' is set on object 'Object Repository/BackOffice/ibpsLogin/userName'

24-06-2024T11:01:11 - [MESSAGE][PASSED] - Text ****** has been set on object 'Object Repository/BackOffice/ibpsLogin/password'

24-06-2024T11:01:12 - [MESSAGE][PASSED] - Delayed 1 second(s)

24-06-2024T11:01:13 - [MESSAGE][PASSED] - Delayed 1 second(s)

24-06-2024T11:01:14 - [MESSAGE][PASSED] - Delayed 1 second(s)

24-06-2024T11:01:14 - [MESSAGE][PASSED] - Taking screenshot successfully
[[ATTACHMENT|D:\\newRCBCProject\\RCBCLOS_Automation\\Reports\\20240624_110046\\PaperbaseFlows\\PaperbaseWithAndWithout\\Fulfillment\\20240624_110046\\Screenshots/Fulfillment24_06_2411_01_12/Regression24_06_24_11_01_13.jpg]]

24-06-2024T11:01:14 - [MESSAGE][PASSED] - Object: 'Object Repository/BackOffice/ibpsLogin/loginButton' is clicked on

24-06-2024T11:01:16 - [MESSAGE][PASSED] - Delayed 2 second(s)

24-06-2024T11:01:20 - [MESSAGE][INFO] - Unable to find the element located by 'By.xpath: //input[@id="oaloginform:contloginbtn"]'. Please recheck the objects properties to make sure the desired element is located. 

24-06-2024T11:01:20 - [MESSAGE][WARNING] - [SELF-HEALING] Failed to find element with id 'Object Repository/BackOffice/ibpsLogin/yesLogin'. Try using Self-healing.

24-06-2024T11:01:21 - [MESSAGE][INFO] - [SELF-HEALING] No working XPath is found.

24-06-2024T11:01:22 - [MESSAGE][WARNING] - [SELF-HEALING] javascript error: {"status":32,"value":"Unable to locate an element with the xpath expression  because of the following error:\nSyntaxError: Failed to execute 'evaluate' on 'Document': The string '' is not a valid XPath expression."}
  (Session info: chrome=126.0.6478.114)
Build info: version: '3.141.59', revision: 'unknown', time: 'unknown'
System info: host: 'QKNBK2037', ip: '10.0.6.210', os.name: 'Windows 10', os.arch: 'amd64', os.version: '10.0', java.version: '17.0.7'
Driver info: com.kms.katalon.selenium.driver.CChromeDriver
Capabilities {acceptInsecureCerts: false, browserName: chrome, browserVersion: 126.0.6478.114, chrome: {chromedriverVersion: 125.0.6422.60 (3ac3319bff9f..., userDataDir: C:\Users\ADARSH~1.LOH\AppDa...}, fedcm:accounts: true, goog:chromeOptions: {debuggerAddress: localhost:56996}, javascriptEnabled: true, networkConnectionEnabled: false, pageLoadStrategy: normal, platform: WINDOWS, platformName: WINDOWS, proxy: Proxy(), setWindowRect: true, strictFileInteractability: false, timeouts: {implicit: 0, pageLoad: 300000, script: 30000}, unhandledPromptBehavior: dismiss and notify, webauthn:extension:credBlob: true, webauthn:extension:largeBlob: true, webauthn:extension:minPinLength: true, webauthn:extension:prf: true, webauthn:virtualAuthenticators: true}
Session ID: a083d39c3bc24f7bc086fc4886c4cf6d
*** Element info: {Using=xpath, value=}

24-06-2024T11:01:22 - [MESSAGE][WARNING] - [SELF-HEALING] Cannot find elements when the selector is null

24-06-2024T11:01:22 - [MESSAGE][WARNING] - Web element with id: 'Object Repository/BackOffice/ibpsLogin/yesLogin' located by '//input[@id="oaloginform:contloginbtn"]' not found

24-06-2024T11:01:22 - [MESSAGE][PASSED] - fulfillment.LoginForibpsFullFillment.login is PASSED

24-06-2024T11:01:24 - [TEST_STEP][PASSED] - Video: Video recording for test case 'Test Cases/Paper_STPWithAndWithoutAPI/Fullfillment/LoginPage' .

24-06-2024T11:01:24 - [MESSAGE][INFO] - Video recording for test case 'Test Cases/Paper_STPWithAndWithoutAPI/Fullfillment/LoginPage' .]]></system-out>
         <system-err><![CDATA[]]></system-err>
      </testcase>
      <testcase name="Test Cases/Paper_STPWithAndWithoutAPI/Fullfillment/HomePage" time="13.649" classname="Test Cases/Paper_STPWithAndWithoutAPI/Fullfillment/HomePage" status="PASSED">
         <system-out><![CDATA[24-06-2024T11:01:24 - [TEST_CASE][PASSED] - Test Cases/Paper_STPWithAndWithoutAPI/Fullfillment/HomePage: Test Cases/Paper_STPWithAndWithoutAPI/Fullfillment/HomePage

24-06-2024T11:01:24 - [TEST_STEP][PASSED] - fulfillment.HomePageForibpsFullFillment.selectResistration(): fulfillment.HomePageForibpsFullFillment.selectResistration is PASSED

24-06-2024T11:01:24 - [MESSAGE][PASSED] - Wait for page load successfully

24-06-2024T11:01:25 - [MESSAGE][PASSED] - Delayed 1 second(s)

24-06-2024T11:01:25 - [MESSAGE][PASSED] - Object 'Object Repository/BackOffice/Fulfillment/ibpsHomePage/fullfillment' is clickable

24-06-2024T11:01:27 - [MESSAGE][PASSED] - Delayed 1 second(s)

24-06-2024T11:01:27 - [MESSAGE][INFO] -  ******** LOS-3367

24-06-2024T11:01:28 - [MESSAGE][PASSED] - Delayed 1 second(s)

24-06-2024T11:01:29 - [MESSAGE][PASSED] - Delayed 1 second(s)

24-06-2024T11:01:29 - [MESSAGE][PASSED] - Taking screenshot successfully
[[ATTACHMENT|D:\\newRCBCProject\\RCBCLOS_Automation\\Reports\\20240624_110046\\PaperbaseFlows\\PaperbaseWithAndWithout\\Fulfillment\\20240624_110046\\Screenshots/Fulfillment24_06_2411_01_12/Regression24_06_24_11_01_28.jpg]]

24-06-2024T11:01:31 - [MESSAGE][PASSED] - Object: 'Object Repository/BackOffice/Fulfillment/ibpsHomePage/fullfillment' is clicked on

24-06-2024T11:01:31 - [MESSAGE][PASSED] - Object: 'Object Repository/BackOffice/COMaker/ibpsHomePage/resistrationNo' is clicked on

24-06-2024T11:01:32 - [MESSAGE][PASSED] - Delayed 1 second(s)

24-06-2024T11:01:36 - [MESSAGE][PASSED] - Delayed 2 second(s)

24-06-2024T11:01:36 - [MESSAGE][PASSED] - fulfillment.HomePageForibpsFullFillment.selectResistration is PASSED

24-06-2024T11:01:38 - [TEST_STEP][PASSED] - Video: Video recording for test case 'Test Cases/Paper_STPWithAndWithoutAPI/Fullfillment/HomePage' .

24-06-2024T11:01:38 - [MESSAGE][INFO] - Video recording for test case 'Test Cases/Paper_STPWithAndWithoutAPI/Fullfillment/HomePage' .]]></system-out>
         <system-err><![CDATA[]]></system-err>
      </testcase>
      <testcase name="Test Cases/Paper_STPWithAndWithoutAPI/Fullfillment/ClientInformation" time="9.921" classname="Test Cases/Paper_STPWithAndWithoutAPI/Fullfillment/ClientInformation" status="PASSED">
         <system-out><![CDATA[24-06-2024T11:01:38 - [TEST_CASE][PASSED] - Test Cases/Paper_STPWithAndWithoutAPI/Fullfillment/ClientInformation: Test Cases/Paper_STPWithAndWithoutAPI/Fullfillment/ClientInformation

24-06-2024T11:01:38 - [TEST_STEP][PASSED] - tabSection.CustomerDetail.clientInformationForFullfillmentPaperbase(): tabSection.CustomerDetail.clientInformationForFullfillmentPaperbase is PASSED

24-06-2024T11:01:38 - [MESSAGE][PASSED] - Wait for page load successfully

24-06-2024T11:01:39 - [MESSAGE][PASSED] - Delayed 1 second(s)

24-06-2024T11:01:39 - [MESSAGE][PASSED] - Current window's index is: 0

24-06-2024T11:01:39 - [MESSAGE][PASSED] - Switched to window with index: '1'

24-06-2024T11:01:39 - [MESSAGE][PASSED] - Text of object 'Object Repository/Action/referenceNumber' is: 'Fullfillment : LOS-3367'

24-06-2024T11:01:39 - [MESSAGE][INFO] - Fullfillment : LOS-3367 Contains LOS-3367

24-06-2024T11:01:39 - [MESSAGE][INFO] - Ready to go....

24-06-2024T11:01:40 - [MESSAGE][PASSED] - Delayed 1 second(s)

24-06-2024T11:01:41 - [MESSAGE][PASSED] - Delayed 1 second(s)

24-06-2024T11:01:45 - [MESSAGE][PASSED] - Taking screenshot successfully
[[ATTACHMENT|D:\\newRCBCProject\\RCBCLOS_Automation\\Reports\\20240624_110046\\PaperbaseFlows\\PaperbaseWithAndWithout\\Fulfillment\\20240624_110046\\Screenshots/Fulfillment24_06_2411_01_12/Regression24_06_24_11_01_40.jpg]]

24-06-2024T11:01:45 - [MESSAGE][PASSED] - tabSection.CustomerDetail.clientInformationForFullfillmentPaperbase is PASSED

24-06-2024T11:01:48 - [TEST_STEP][PASSED] - Video: Video recording for test case 'Test Cases/Paper_STPWithAndWithoutAPI/Fullfillment/ClientInformation' .

24-06-2024T11:01:48 - [MESSAGE][INFO] - Video recording for test case 'Test Cases/Paper_STPWithAndWithoutAPI/Fullfillment/ClientInformation' .]]></system-out>
         <system-err><![CDATA[]]></system-err>
      </testcase>
      <testcase name="Test Cases/Paper_STPWithAndWithoutAPI/Fullfillment/LoanInformation" time="15.744" classname="Test Cases/Paper_STPWithAndWithoutAPI/Fullfillment/LoanInformation" status="PASSED">
         <system-out><![CDATA[24-06-2024T11:01:48 - [TEST_CASE][PASSED] - Test Cases/Paper_STPWithAndWithoutAPI/Fullfillment/LoanInformation: Test Cases/Paper_STPWithAndWithoutAPI/Fullfillment/LoanInformation

24-06-2024T11:01:48 - [TEST_STEP][PASSED] - tabSection.LoanInformation.loanInfoForFullFillmentPaperbase(): tabSection.LoanInformation.loanInfoForFullFillmentPaperbase is PASSED

24-06-2024T11:01:49 - [MESSAGE][PASSED] - Delayed 1 second(s)

24-06-2024T11:01:52 - [MESSAGE][PASSED] - Object: 'Object Repository/TabSection/LoanInformation' is clicked on

24-06-2024T11:01:52 - [MESSAGE][PASSED] - Text '40000' is set on object 'Object Repository/BackOffice/Fulfillment/LoanInformationWithoutAPI/FundTransferPricing'

24-06-2024T11:01:54 - [MESSAGE][PASSED] - Text '0' is set on object 'Object Repository/BackOffice/PreReleasePaperbaseLoanInfo/advancePayment6'

24-06-2024T11:01:55 - [MESSAGE][PASSED] - Text '0' is set on object 'Object Repository/BackOffice/PreReleasePaperbaseLoanInfo/cmfPayment6'

24-06-2024T11:01:56 - [MESSAGE][PASSED] - Text '0' is set on object 'Object Repository/BackOffice/PreReleasePaperbaseLoanInfo/excessEMF6'

24-06-2024T11:01:57 - [MESSAGE][PASSED] - Text '0' is set on object 'Object Repository/BackOffice/PreReleasePaperbaseLoanInfo/lto6'

24-06-2024T11:01:58 - [MESSAGE][PASSED] - Text '0' is set on object 'Object Repository/BackOffice/PreReleasePaperbaseLoanInfo/motorCarInsurance6'

24-06-2024T11:01:59 - [MESSAGE][PASSED] - Delayed 1 second(s)

24-06-2024T11:02:00 - [MESSAGE][PASSED] - Delayed 1 second(s)

24-06-2024T11:02:01 - [MESSAGE][PASSED] - Delayed 1 second(s)

24-06-2024T11:02:01 - [MESSAGE][PASSED] - Taking screenshot successfully
[[ATTACHMENT|D:\\newRCBCProject\\RCBCLOS_Automation\\Reports\\20240624_110046\\PaperbaseFlows\\PaperbaseWithAndWithout\\Fulfillment\\20240624_110046\\Screenshots/Fulfillment24_06_2411_01_12/Regression24_06_24_11_02_00.jpg]]

24-06-2024T11:02:01 - [MESSAGE][PASSED] - tabSection.LoanInformation.loanInfoForFullFillmentPaperbase is PASSED

24-06-2024T11:02:03 - [TEST_STEP][PASSED] - Video: Video recording for test case 'Test Cases/Paper_STPWithAndWithoutAPI/Fullfillment/LoanInformation' .

24-06-2024T11:02:03 - [MESSAGE][INFO] - Video recording for test case 'Test Cases/Paper_STPWithAndWithoutAPI/Fullfillment/LoanInformation' .]]></system-out>
         <system-err><![CDATA[]]></system-err>
      </testcase>
      <testcase name="Test Cases/Paper_STPWithAndWithoutAPI/Fullfillment/DocumentChecklist" time="7.993" classname="Test Cases/Paper_STPWithAndWithoutAPI/Fullfillment/DocumentChecklist" status="PASSED">
         <system-out><![CDATA[24-06-2024T11:02:03 - [TEST_CASE][PASSED] - Test Cases/Paper_STPWithAndWithoutAPI/Fullfillment/DocumentChecklist: Test Cases/Paper_STPWithAndWithoutAPI/Fullfillment/DocumentChecklist

24-06-2024T11:02:03 - [TEST_STEP][PASSED] - tabSection.DocumentCheckList.documentCheckListForFullfillmentPaperbase(): tabSection.DocumentCheckList.documentCheckListForFullfillmentPaperbase is PASSED

24-06-2024T11:02:06 - [MESSAGE][PASSED] - Object: 'Object Repository/TabSection/DocumentCheclist' is clicked on

24-06-2024T11:02:07 - [MESSAGE][PASSED] - Delayed 1 second(s)

24-06-2024T11:02:08 - [MESSAGE][PASSED] - Delayed 1 second(s)

24-06-2024T11:02:09 - [MESSAGE][PASSED] - Delayed 1 second(s)

24-06-2024T11:02:09 - [MESSAGE][PASSED] - Taking screenshot successfully
[[ATTACHMENT|D:\\newRCBCProject\\RCBCLOS_Automation\\Reports\\20240624_110046\\PaperbaseFlows\\PaperbaseWithAndWithout\\Fulfillment\\20240624_110046\\Screenshots/Fulfillment24_06_2411_01_12/Regression24_06_24_11_02_08.jpg]]

24-06-2024T11:02:09 - [MESSAGE][PASSED] - tabSection.DocumentCheckList.documentCheckListForFullfillmentPaperbase is PASSED

24-06-2024T11:02:11 - [TEST_STEP][PASSED] - Video: Video recording for test case 'Test Cases/Paper_STPWithAndWithoutAPI/Fullfillment/DocumentChecklist' .

24-06-2024T11:02:11 - [MESSAGE][INFO] - Video recording for test case 'Test Cases/Paper_STPWithAndWithoutAPI/Fullfillment/DocumentChecklist' .]]></system-out>
         <system-err><![CDATA[]]></system-err>
      </testcase>
      <testcase name="Test Cases/Paper_STPWithAndWithoutAPI/Fullfillment/CollateralInformation" time="5.832" classname="Test Cases/Paper_STPWithAndWithoutAPI/Fullfillment/CollateralInformation" status="PASSED">
         <system-out><![CDATA[24-06-2024T11:02:11 - [TEST_CASE][PASSED] - Test Cases/Paper_STPWithAndWithoutAPI/Fullfillment/CollateralInformation: Test Cases/Paper_STPWithAndWithoutAPI/Fullfillment/CollateralInformation

24-06-2024T11:02:11 - [TEST_STEP][PASSED] - tabSection.CollateralInformation.collateralInformationForFullfillmentPaperbased(): tabSection.CollateralInformation.collateralInformationForFullfillmentPaperbased is PASSED

24-06-2024T11:02:12 - [MESSAGE][PASSED] - Object: 'Object Repository/TabSection/CollateralInformation' is clicked on

24-06-2024T11:02:13 - [MESSAGE][PASSED] - Delayed 1 second(s)

24-06-2024T11:02:14 - [MESSAGE][PASSED] - Delayed 1 second(s)

24-06-2024T11:02:15 - [MESSAGE][PASSED] - Delayed 1 second(s)

24-06-2024T11:02:15 - [MESSAGE][PASSED] - Taking screenshot successfully
[[ATTACHMENT|D:\\newRCBCProject\\RCBCLOS_Automation\\Reports\\20240624_110046\\PaperbaseFlows\\PaperbaseWithAndWithout\\Fulfillment\\20240624_110046\\Screenshots/Fulfillment24_06_2411_01_12/Regression24_06_24_11_02_14.jpg]]

24-06-2024T11:02:15 - [MESSAGE][PASSED] - tabSection.CollateralInformation.collateralInformationForFullfillmentPaperbased is PASSED

24-06-2024T11:02:17 - [TEST_STEP][PASSED] - Video: Video recording for test case 'Test Cases/Paper_STPWithAndWithoutAPI/Fullfillment/CollateralInformation' .

24-06-2024T11:02:17 - [MESSAGE][INFO] - Video recording for test case 'Test Cases/Paper_STPWithAndWithoutAPI/Fullfillment/CollateralInformation' .]]></system-out>
         <system-err><![CDATA[]]></system-err>
      </testcase>
      <testcase name="Test Cases/Paper_STPWithAndWithoutAPI/Fullfillment/CheckEligibility" time="5.825" classname="Test Cases/Paper_STPWithAndWithoutAPI/Fullfillment/CheckEligibility" status="PASSED">
         <system-out><![CDATA[24-06-2024T11:02:17 - [TEST_CASE][PASSED] - Test Cases/Paper_STPWithAndWithoutAPI/Fullfillment/CheckEligibility: Test Cases/Paper_STPWithAndWithoutAPI/Fullfillment/CheckEligibility

24-06-2024T11:02:17 - [TEST_STEP][PASSED] - tabSection.CheckEligibility.checkEligibilityForFullfillmentPaperbase(): tabSection.CheckEligibility.checkEligibilityForFullfillmentPaperbase is PASSED

24-06-2024T11:02:18 - [MESSAGE][PASSED] - Object: 'Object Repository/TabSection/checkEligibility' is clicked on

24-06-2024T11:02:19 - [MESSAGE][PASSED] - Delayed 1 second(s)

24-06-2024T11:02:20 - [MESSAGE][PASSED] - Delayed 1 second(s)

24-06-2024T11:02:21 - [MESSAGE][PASSED] - Delayed 1 second(s)

24-06-2024T11:02:21 - [MESSAGE][PASSED] - Taking screenshot successfully
[[ATTACHMENT|D:\\newRCBCProject\\RCBCLOS_Automation\\Reports\\20240624_110046\\PaperbaseFlows\\PaperbaseWithAndWithout\\Fulfillment\\20240624_110046\\Screenshots/Fulfillment24_06_2411_01_12/Regression24_06_24_11_02_20.jpg]]

24-06-2024T11:02:21 - [MESSAGE][PASSED] - tabSection.CheckEligibility.checkEligibilityForFullfillmentPaperbase is PASSED

24-06-2024T11:02:23 - [TEST_STEP][PASSED] - Video: Video recording for test case 'Test Cases/Paper_STPWithAndWithoutAPI/Fullfillment/CheckEligibility' .

24-06-2024T11:02:23 - [MESSAGE][INFO] - Video recording for test case 'Test Cases/Paper_STPWithAndWithoutAPI/Fullfillment/CheckEligibility' .]]></system-out>
         <system-err><![CDATA[]]></system-err>
      </testcase>
      <testcase name="Test Cases/Paper_STPWithAndWithoutAPI/Fullfillment/CreditEvaluation" time="5.772" classname="Test Cases/Paper_STPWithAndWithoutAPI/Fullfillment/CreditEvaluation" status="PASSED">
         <system-out><![CDATA[24-06-2024T11:02:23 - [TEST_CASE][PASSED] - Test Cases/Paper_STPWithAndWithoutAPI/Fullfillment/CreditEvaluation: Test Cases/Paper_STPWithAndWithoutAPI/Fullfillment/CreditEvaluation

24-06-2024T11:02:23 - [TEST_STEP][PASSED] - tabSection.CreditEvaluation.creditEvaluationForFullfillmentPaperbased(): tabSection.CreditEvaluation.creditEvaluationForFullfillmentPaperbased is PASSED

24-06-2024T11:02:23 - [MESSAGE][PASSED] - Object: 'Object Repository/TabSection/creditEvaluation' is clicked on

24-06-2024T11:02:25 - [MESSAGE][PASSED] - Delayed 1 second(s)

24-06-2024T11:02:26 - [MESSAGE][PASSED] - Delayed 1 second(s)

24-06-2024T11:02:27 - [MESSAGE][PASSED] - Delayed 1 second(s)

24-06-2024T11:02:27 - [MESSAGE][PASSED] - Taking screenshot successfully
[[ATTACHMENT|D:\\newRCBCProject\\RCBCLOS_Automation\\Reports\\20240624_110046\\PaperbaseFlows\\PaperbaseWithAndWithout\\Fulfillment\\20240624_110046\\Screenshots/Fulfillment24_06_2411_01_12/Regression24_06_24_11_02_26.jpg]]

24-06-2024T11:02:27 - [MESSAGE][PASSED] - tabSection.CreditEvaluation.creditEvaluationForFullfillmentPaperbased is PASSED

24-06-2024T11:02:29 - [TEST_STEP][PASSED] - Video: Video recording for test case 'Test Cases/Paper_STPWithAndWithoutAPI/Fullfillment/CreditEvaluation' .

24-06-2024T11:02:29 - [MESSAGE][INFO] - Video recording for test case 'Test Cases/Paper_STPWithAndWithoutAPI/Fullfillment/CreditEvaluation' .]]></system-out>
         <system-err><![CDATA[]]></system-err>
      </testcase>
      <testcase name="Test Cases/Paper_STPWithAndWithoutAPI/Fullfillment/Deviations" time="5.888" classname="Test Cases/Paper_STPWithAndWithoutAPI/Fullfillment/Deviations" status="PASSED">
         <system-out><![CDATA[24-06-2024T11:02:29 - [TEST_CASE][PASSED] - Test Cases/Paper_STPWithAndWithoutAPI/Fullfillment/Deviations: Test Cases/Paper_STPWithAndWithoutAPI/Fullfillment/Deviations

24-06-2024T11:02:29 - [TEST_STEP][PASSED] - tabSection.Deviation.deviationForFullfillmentPaperbased(): tabSection.Deviation.deviationForFullfillmentPaperbased is PASSED

24-06-2024T11:02:29 - [MESSAGE][PASSED] - Object: 'Object Repository/TabSection/Devlations' is clicked on

24-06-2024T11:02:30 - [MESSAGE][PASSED] - Delayed 1 second(s)

24-06-2024T11:02:31 - [MESSAGE][PASSED] - Delayed 1 second(s)

24-06-2024T11:02:32 - [MESSAGE][PASSED] - Delayed 1 second(s)

24-06-2024T11:02:33 - [MESSAGE][PASSED] - Taking screenshot successfully
[[ATTACHMENT|D:\\newRCBCProject\\RCBCLOS_Automation\\Reports\\20240624_110046\\PaperbaseFlows\\PaperbaseWithAndWithout\\Fulfillment\\20240624_110046\\Screenshots/Fulfillment24_06_2411_01_12/Regression24_06_24_11_02_31.jpg]]

24-06-2024T11:02:33 - [MESSAGE][PASSED] - tabSection.Deviation.deviationForFullfillmentPaperbased is PASSED

24-06-2024T11:02:35 - [TEST_STEP][PASSED] - Video: Video recording for test case 'Test Cases/Paper_STPWithAndWithoutAPI/Fullfillment/Deviations' .

24-06-2024T11:02:35 - [MESSAGE][INFO] - Video recording for test case 'Test Cases/Paper_STPWithAndWithoutAPI/Fullfillment/Deviations' .]]></system-out>
         <system-err><![CDATA[]]></system-err>
      </testcase>
      <testcase name="Test Cases/Paper_STPWithAndWithoutAPI/Fullfillment/CreditInvestigation" time="6.275" classname="Test Cases/Paper_STPWithAndWithoutAPI/Fullfillment/CreditInvestigation" status="PASSED">
         <system-out><![CDATA[24-06-2024T11:02:35 - [TEST_CASE][PASSED] - Test Cases/Paper_STPWithAndWithoutAPI/Fullfillment/CreditInvestigation: Test Cases/Paper_STPWithAndWithoutAPI/Fullfillment/CreditInvestigation

24-06-2024T11:02:35 - [TEST_STEP][PASSED] - tabSection.CreditInvestigation.creditInvestigationForFullfillmentPaperbased(): tabSection.CreditInvestigation.creditInvestigationForFullfillmentPaperbased is PASSED

24-06-2024T11:02:35 - [MESSAGE][PASSED] - Object: 'Object Repository/TabSection/creditInvestigation' is clicked on

24-06-2024T11:02:36 - [MESSAGE][PASSED] - Delayed 1 second(s)

24-06-2024T11:02:37 - [MESSAGE][PASSED] - Delayed 1 second(s)

24-06-2024T11:02:38 - [MESSAGE][PASSED] - Delayed 1 second(s)

24-06-2024T11:02:38 - [MESSAGE][PASSED] - Taking screenshot successfully
[[ATTACHMENT|D:\\newRCBCProject\\RCBCLOS_Automation\\Reports\\20240624_110046\\PaperbaseFlows\\PaperbaseWithAndWithout\\Fulfillment\\20240624_110046\\Screenshots/Fulfillment24_06_2411_01_12/Regression24_06_24_11_02_37.jpg]]

24-06-2024T11:02:39 - [MESSAGE][PASSED] - Object: 'Object Repository/TabSection/nextArrowButton' is clicked on

24-06-2024T11:02:39 - [MESSAGE][PASSED] - tabSection.CreditInvestigation.creditInvestigationForFullfillmentPaperbased is PASSED

24-06-2024T11:02:41 - [TEST_STEP][PASSED] - Video: Video recording for test case 'Test Cases/Paper_STPWithAndWithoutAPI/Fullfillment/CreditInvestigation' .

24-06-2024T11:02:41 - [MESSAGE][INFO] - Video recording for test case 'Test Cases/Paper_STPWithAndWithoutAPI/Fullfillment/CreditInvestigation' .]]></system-out>
         <system-err><![CDATA[]]></system-err>
      </testcase>
      <testcase name="Test Cases/Paper_STPWithAndWithoutAPI/Fullfillment/InsuranceInformation" time="11.771" classname="Test Cases/Paper_STPWithAndWithoutAPI/Fullfillment/InsuranceInformation" status="PASSED">
         <system-out><![CDATA[24-06-2024T11:02:41 - [TEST_CASE][PASSED] - Test Cases/Paper_STPWithAndWithoutAPI/Fullfillment/InsuranceInformation: Test Cases/Paper_STPWithAndWithoutAPI/Fullfillment/InsuranceInformation

24-06-2024T11:02:41 - [TEST_STEP][PASSED] - tabSection.InsuranceInformation.insuranceInformationForFullfillmentPaperbase(): tabSection.InsuranceInformation.insuranceInformationForFullfillmentPaperbase is PASSED

24-06-2024T11:02:42 - [MESSAGE][PASSED] - Object: 'Object Repository/TabSection/InsuranceInformation' is clicked on

24-06-2024T11:02:43 - [MESSAGE][PASSED] - All options with index in [1] are selected on object 'Object Repository/BackOffice/Fulfillment/InsuranceInformationWithoutAPI/detailCode'

24-06-2024T11:02:44 - [MESSAGE][PASSED] - Delayed 1 second(s)

24-06-2024T11:02:45 - [MESSAGE][PASSED] - Delayed 1 second(s)

24-06-2024T11:02:46 - [MESSAGE][PASSED] - Delayed 1 second(s)

24-06-2024T11:02:46 - [MESSAGE][PASSED] - Taking screenshot successfully
[[ATTACHMENT|D:\\newRCBCProject\\RCBCLOS_Automation\\Reports\\20240624_110046\\PaperbaseFlows\\PaperbaseWithAndWithout\\Fulfillment\\20240624_110046\\Screenshots/Fulfillment24_06_2411_01_12/Regression24_06_24_11_02_45.jpg]]

24-06-2024T11:02:47 - [MESSAGE][PASSED] - All options with index in [2] are selected on object 'Object Repository/BackOffice/Fulfillment/InsuranceInformationWithoutAPI/modeOfPayment'

24-06-2024T11:02:47 - [MESSAGE][PASSED] - All options with index in [1] are selected on object 'Object Repository/BackOffice/Fulfillment/InsuranceInformationWithoutAPI/paymentFrequency'

24-06-2024T11:02:48 - [MESSAGE][PASSED] - Delayed 1 second(s)

24-06-2024T11:02:49 - [MESSAGE][PASSED] - Delayed 1 second(s)

24-06-2024T11:02:50 - [MESSAGE][PASSED] - Delayed 1 second(s)

24-06-2024T11:02:50 - [MESSAGE][PASSED] - Taking screenshot successfully
[[ATTACHMENT|D:\\newRCBCProject\\RCBCLOS_Automation\\Reports\\20240624_110046\\PaperbaseFlows\\PaperbaseWithAndWithout\\Fulfillment\\20240624_110046\\Screenshots/Fulfillment24_06_2411_01_12/Regression24_06_24_11_02_49.jpg]]

24-06-2024T11:02:51 - [MESSAGE][PASSED] - Object: 'Object Repository/TabSection/nextArrowButton' is clicked on

24-06-2024T11:02:51 - [MESSAGE][PASSED] - tabSection.InsuranceInformation.insuranceInformationForFullfillmentPaperbase is PASSED

24-06-2024T11:02:53 - [TEST_STEP][PASSED] - Video: Video recording for test case 'Test Cases/Paper_STPWithAndWithoutAPI/Fullfillment/InsuranceInformation' .

24-06-2024T11:02:53 - [MESSAGE][INFO] - Video recording for test case 'Test Cases/Paper_STPWithAndWithoutAPI/Fullfillment/InsuranceInformation' .]]></system-out>
         <system-err><![CDATA[]]></system-err>
      </testcase>
      <testcase name="Test Cases/Paper_STPWithAndWithoutAPI/Fullfillment/DisbursementInformation" time="8.129" classname="Test Cases/Paper_STPWithAndWithoutAPI/Fullfillment/DisbursementInformation" status="PASSED">
         <system-out><![CDATA[24-06-2024T11:02:53 - [TEST_CASE][PASSED] - Test Cases/Paper_STPWithAndWithoutAPI/Fullfillment/DisbursementInformation: Test Cases/Paper_STPWithAndWithoutAPI/Fullfillment/DisbursementInformation

24-06-2024T11:02:53 - [TEST_STEP][PASSED] - tabSection.DisbursementInfo.disbursementInformationForFullfillmentPaperbase(): tabSection.DisbursementInfo.disbursementInformationForFullfillmentPaperbase is PASSED

24-06-2024T11:02:53 - [MESSAGE][PASSED] - Object: 'Object Repository/TabSection/DisbursementInformation' is clicked on

24-06-2024T11:02:54 - [MESSAGE][PASSED] - Text '05/06/2024' is set on object 'Object Repository/BackOfficePaperBase/Fullfillment/DisbursementInfo/preferredDueDate'

24-06-2024T11:02:55 - [MESSAGE][PASSED] - Text 'OK' is set on object 'Object Repository/BackOfficePaperBase/Fullfillment/DisbursementInfo/instructionToLOD'

24-06-2024T11:02:56 - [MESSAGE][PASSED] - Delayed 1 second(s)

24-06-2024T11:02:57 - [MESSAGE][PASSED] - Delayed 1 second(s)

24-06-2024T11:02:58 - [MESSAGE][PASSED] - Delayed 1 second(s)

24-06-2024T11:02:58 - [MESSAGE][PASSED] - Taking screenshot successfully
[[ATTACHMENT|D:\\newRCBCProject\\RCBCLOS_Automation\\Reports\\20240624_110046\\PaperbaseFlows\\PaperbaseWithAndWithout\\Fulfillment\\20240624_110046\\Screenshots/Fulfillment24_06_2411_01_12/Regression24_06_24_11_02_57.jpg]]

24-06-2024T11:02:59 - [MESSAGE][PASSED] - Object: 'Object Repository/TabSection/nextArrowButton' is clicked on

24-06-2024T11:02:59 - [MESSAGE][PASSED] - tabSection.DisbursementInfo.disbursementInformationForFullfillmentPaperbase is PASSED

24-06-2024T11:03:01 - [TEST_STEP][PASSED] - Video: Video recording for test case 'Test Cases/Paper_STPWithAndWithoutAPI/Fullfillment/DisbursementInformation' .

24-06-2024T11:03:01 - [MESSAGE][INFO] - Video recording for test case 'Test Cases/Paper_STPWithAndWithoutAPI/Fullfillment/DisbursementInformation' .]]></system-out>
         <system-err><![CDATA[]]></system-err>
      </testcase>
      <testcase name="Test Cases/Paper_STPWithAndWithoutAPI/Fullfillment/SystemInterfaceStatus" time="6.16" classname="Test Cases/Paper_STPWithAndWithoutAPI/Fullfillment/SystemInterfaceStatus" status="PASSED">
         <system-out><![CDATA[24-06-2024T11:03:01 - [TEST_CASE][PASSED] - Test Cases/Paper_STPWithAndWithoutAPI/Fullfillment/SystemInterfaceStatus: Test Cases/Paper_STPWithAndWithoutAPI/Fullfillment/SystemInterfaceStatus

24-06-2024T11:03:01 - [TEST_STEP][PASSED] - tabSection.SystemInterfaceStatus.systemInterfaceStatusForFullfillmentPaperbased(): tabSection.SystemInterfaceStatus.systemInterfaceStatusForFullfillmentPaperbased is PASSED

24-06-2024T11:03:01 - [MESSAGE][PASSED] - Object: 'Object Repository/TabSection/SystemInterfaceStatus' is clicked on

24-06-2024T11:03:02 - [MESSAGE][PASSED] - Delayed 1 second(s)

24-06-2024T11:03:03 - [MESSAGE][PASSED] - Delayed 1 second(s)

24-06-2024T11:03:04 - [MESSAGE][PASSED] - Delayed 1 second(s)

24-06-2024T11:03:05 - [MESSAGE][PASSED] - Taking screenshot successfully
[[ATTACHMENT|D:\\newRCBCProject\\RCBCLOS_Automation\\Reports\\20240624_110046\\PaperbaseFlows\\PaperbaseWithAndWithout\\Fulfillment\\20240624_110046\\Screenshots/Fulfillment24_06_2411_01_12/Regression24_06_24_11_03_03.jpg]]

24-06-2024T11:03:05 - [MESSAGE][PASSED] - Object: 'Object Repository/TabSection/nextArrowButton' is clicked on

24-06-2024T11:03:05 - [MESSAGE][PASSED] - tabSection.SystemInterfaceStatus.systemInterfaceStatusForFullfillmentPaperbased is PASSED

24-06-2024T11:03:07 - [TEST_STEP][PASSED] - Video: Video recording for test case 'Test Cases/Paper_STPWithAndWithoutAPI/Fullfillment/SystemInterfaceStatus' .

24-06-2024T11:03:07 - [MESSAGE][INFO] - Video recording for test case 'Test Cases/Paper_STPWithAndWithoutAPI/Fullfillment/SystemInterfaceStatus' .]]></system-out>
         <system-err><![CDATA[]]></system-err>
      </testcase>
      <testcase name="Test Cases/Paper_STPWithAndWithoutAPI/Fullfillment/AlertSummary" time="6.0" classname="Test Cases/Paper_STPWithAndWithoutAPI/Fullfillment/AlertSummary" status="PASSED">
         <system-out><![CDATA[24-06-2024T11:03:07 - [TEST_CASE][PASSED] - Test Cases/Paper_STPWithAndWithoutAPI/Fullfillment/AlertSummary: Test Cases/Paper_STPWithAndWithoutAPI/Fullfillment/AlertSummary

24-06-2024T11:03:07 - [TEST_STEP][PASSED] - tabSection.AlertsSummary.alertsSummaryForFullfillmentPaperbase(): tabSection.AlertsSummary.alertsSummaryForFullfillmentPaperbase is PASSED

24-06-2024T11:03:07 - [MESSAGE][PASSED] - Object: 'Object Repository/TabSection/AlertSummary' is clicked on

24-06-2024T11:03:09 - [MESSAGE][PASSED] - Delayed 1 second(s)

24-06-2024T11:03:10 - [MESSAGE][PASSED] - Delayed 1 second(s)

24-06-2024T11:03:11 - [MESSAGE][PASSED] - Delayed 1 second(s)

24-06-2024T11:03:11 - [MESSAGE][PASSED] - Taking screenshot successfully
[[ATTACHMENT|D:\\newRCBCProject\\RCBCLOS_Automation\\Reports\\20240624_110046\\PaperbaseFlows\\PaperbaseWithAndWithout\\Fulfillment\\20240624_110046\\Screenshots/Fulfillment24_06_2411_01_12/Regression24_06_24_11_03_10.jpg]]

24-06-2024T11:03:11 - [MESSAGE][PASSED] - Object: 'Object Repository/TabSection/nextArrowButton' is clicked on

24-06-2024T11:03:11 - [MESSAGE][PASSED] - tabSection.AlertsSummary.alertsSummaryForFullfillmentPaperbase is PASSED

24-06-2024T11:03:13 - [TEST_STEP][PASSED] - Video: Video recording for test case 'Test Cases/Paper_STPWithAndWithoutAPI/Fullfillment/AlertSummary' .

24-06-2024T11:03:13 - [MESSAGE][INFO] - Video recording for test case 'Test Cases/Paper_STPWithAndWithoutAPI/Fullfillment/AlertSummary' .]]></system-out>
         <system-err><![CDATA[]]></system-err>
      </testcase>
      <testcase name="Test Cases/Paper_STPWithAndWithoutAPI/Fullfillment/Action" time="50.303" classname="Test Cases/Paper_STPWithAndWithoutAPI/Fullfillment/Action" status="PASSED">
         <system-out><![CDATA[24-06-2024T11:03:13 - [TEST_CASE][PASSED] - Test Cases/Paper_STPWithAndWithoutAPI/Fullfillment/Action: Test Cases/Paper_STPWithAndWithoutAPI/Fullfillment/Action

24-06-2024T11:03:13 - [TEST_STEP][PASSED] - tabSection.Action.submitForAO(): tabSection.Action.submitForAO is PASSED

24-06-2024T11:03:15 - [MESSAGE][PASSED] - Object: 'Object Repository/TabSection/Action' is clicked on

24-06-2024T11:03:16 - [MESSAGE][PASSED] - Object 'Object Repository/Action/Decision' is visible

24-06-2024T11:03:16 - [MESSAGE][PASSED] - All options with index in [1] are selected on object 'Object Repository/Action/Decision'

24-06-2024T11:03:17 - [MESSAGE][PASSED] - Text 'OK' is set on object 'Object Repository/Action/Remarks'

24-06-2024T11:03:17 - [MESSAGE][PASSED] - Current window's title is: 'Fullfillment : LOS-3367'

24-06-2024T11:03:17 - [MESSAGE][PASSED] - Text of object 'Object Repository/Action/referenceNumber' is: 'Fullfillment : LOS-3367'

24-06-2024T11:03:17 - [MESSAGE][INFO] - LOS-3367

24-06-2024T11:03:17 - [MESSAGE][PASSED] - Object: 'Object Repository/Action/SubmitButton' is clicked on

24-06-2024T11:03:18 - [MESSAGE][PASSED] - Taking screenshot successfully
[[ATTACHMENT|D:\\newRCBCProject\\RCBCLOS_Automation\\Reports\\20240624_110046\\PaperbaseFlows\\PaperbaseWithAndWithout\\Fulfillment\\20240624_110046\\1719207197905.png]]

24-06-2024T11:03:19 - [MESSAGE][PASSED] - Delayed 1 second(s)

24-06-2024T11:03:20 - [MESSAGE][PASSED] - Delayed 1 second(s)

24-06-2024T11:03:21 - [MESSAGE][PASSED] - Delayed 1 second(s)

24-06-2024T11:03:21 - [MESSAGE][PASSED] - Taking screenshot successfully
[[ATTACHMENT|D:\\newRCBCProject\\RCBCLOS_Automation\\Reports\\20240624_110046\\PaperbaseFlows\\PaperbaseWithAndWithout\\Fulfillment\\20240624_110046\\Screenshots/Fulfillment24_06_2411_01_12/Regression24_06_24_11_03_20.jpg]]

24-06-2024T11:03:26 - [MESSAGE][PASSED] - Object: 'Object Repository/Action/confirmYes' is clicked on

24-06-2024T11:03:59 - [MESSAGE][WARNING] - Cannot find window with title: 'LoanPortal' (Root cause: com.kms.katalon.core.exception.StepFailedException: Cannot find window with title: 'LoanPortal'
	at com.kms.katalon.core.webui.keyword.internal.WebUIKeywordMain.stepFailed(WebUIKeywordMain.groovy:64)
	at com.kms.katalon.core.webui.keyword.builtin.SwitchToWindowTitleKeyword$_switchToWindowTitle_closure1.doCall(SwitchToWindowTitleKeyword.groovy:82)
	at com.kms.katalon.core.webui.keyword.builtin.SwitchToWindowTitleKeyword$_switchToWindowTitle_closure1.call(SwitchToWindowTitleKeyword.groovy)
	at com.kms.katalon.core.webui.keyword.internal.WebUIKeywordMain.runKeyword(WebUIKeywordMain.groovy:20)
	at com.kms.katalon.core.webui.keyword.builtin.SwitchToWindowTitleKeyword.switchToWindowTitle(SwitchToWindowTitleKeyword.groovy:84)
	at com.kms.katalon.core.webui.keyword.builtin.SwitchToWindowTitleKeyword.execute(SwitchToWindowTitleKeyword.groovy:67)
	at com.kms.katalon.core.keyword.internal.KeywordExecutor.executeKeywordForPlatform(KeywordExecutor.groovy:74)
	at com.kms.katalon.core.webui.keyword.WebUiBuiltInKeywords.switchToWindowTitle(WebUiBuiltInKeywords.groovy:1809)
	at tabSection.Action.submitForAO(Action.groovy:64)
	at java.base/jdk.internal.reflect.NativeMethodAccessorImpl.invoke0(Native Method)
	at java.base/jdk.internal.reflect.NativeMethodAccessorImpl.invoke(NativeMethodAccessorImpl.java:77)
	at java.base/jdk.internal.reflect.DelegatingMethodAccessorImpl.invoke(DelegatingMethodAccessorImpl.java:43)
	at com.kms.katalon.core.main.CustomKeywordDelegatingMetaClass.invokeStaticMethod(CustomKeywordDelegatingMetaClass.java:55)
	at Action.run(Action:20)
	at com.kms.katalon.core.main.ScriptEngine.run(ScriptEngine.java:194)
	at com.kms.katalon.core.main.ScriptEngine.runScriptAsRawText(ScriptEngine.java:119)
	at com.kms.katalon.core.main.TestCaseExecutor.runScript(TestCaseExecutor.java:448)
	at com.kms.katalon.core.main.TestCaseExecutor.doExecute(TestCaseExecutor.java:439)
	at com.kms.katalon.core.main.TestCaseExecutor.processExecutionPhase(TestCaseExecutor.java:418)
	at com.kms.katalon.core.main.TestCaseExecutor.accessMainPhase(TestCaseExecutor.java:410)
	at com.kms.katalon.core.main.TestCaseExecutor.execute(TestCaseExecutor.java:285)
	at com.kms.katalon.core.common.CommonExecutor.accessTestCaseMainPhase(CommonExecutor.java:65)
	at com.kms.katalon.core.main.TestSuiteExecutor.accessTestSuiteMainPhase(TestSuiteExecutor.java:150)
	at com.kms.katalon.core.main.TestSuiteExecutor.execute(TestSuiteExecutor.java:106)
	at com.kms.katalon.core.main.TestCaseMain.startTestSuite(TestCaseMain.java:180)
	at TempTestSuite1719207046811.run(TempTestSuite1719207046811.groovy:35)
	at java.base/jdk.internal.reflect.NativeMethodAccessorImpl.invoke0(Native Method)
	at java.base/jdk.internal.reflect.NativeMethodAccessorImpl.invoke(NativeMethodAccessorImpl.java:77)
	at java.base/jdk.internal.reflect.DelegatingMethodAccessorImpl.invoke(DelegatingMethodAccessorImpl.java:43)
)
[[ATTACHMENT|D:\\newRCBCProject\\RCBCLOS_Automation\\Reports\\20240624_110046\\PaperbaseFlows\\PaperbaseWithAndWithout\\Fulfillment\\20240624_110046\\1719207239549.png]]

24-06-2024T11:04:01 - [MESSAGE][PASSED] - Delayed 2 second(s)

24-06-2024T11:04:01 - [MESSAGE][PASSED] - tabSection.Action.submitForAO is PASSED

24-06-2024T11:04:03 - [TEST_STEP][PASSED] - Video: Video recording for test case 'Test Cases/Paper_STPWithAndWithoutAPI/Fullfillment/Action' .

24-06-2024T11:04:03 - [MESSAGE][INFO] - Video recording for test case 'Test Cases/Paper_STPWithAndWithoutAPI/Fullfillment/Action' .]]></system-out>
         <system-err><![CDATA[]]></system-err>
      </testcase>
      <testcase name="Test Cases/LogOut/logout" time="16.276" classname="Test Cases/LogOut/logout" status="PASSED">
         <system-out><![CDATA[24-06-2024T11:04:03 - [TEST_CASE][PASSED] - Test Cases/LogOut/logout: Test Cases/LogOut/logout

24-06-2024T11:04:03 - [TEST_STEP][PASSED] - signOutibps.SignOut.logout(): signOutibps.SignOut.logout is PASSED

24-06-2024T11:04:03 - [MESSAGE][PASSED] - Switched to window with index: '0'

24-06-2024T11:04:05 - [MESSAGE][PASSED] - Delayed 1 second(s)

24-06-2024T11:04:05 - [MESSAGE][PASSED] - All options with index in [2] are selected on object 'Object Repository/ibpsLogOut/selectProcess'

24-06-2024T11:04:06 - [MESSAGE][PASSED] - Delayed 1 second(s)

24-06-2024T11:04:06 - [MESSAGE][PASSED] - Object: 'Object Repository/ibpsLogOut/searchBar' is double clicked on

24-06-2024T11:04:07 - [MESSAGE][PASSED] - Keys 'LOS-3367' sent to object: 'Object Repository/ibpsLogOut/searchBar'

24-06-2024T11:04:07 - [MESSAGE][PASSED] - Keys 'ENTER + ' sent to object: 'Object Repository/ibpsLogOut/searchBar'

24-06-2024T11:04:08 - [MESSAGE][PASSED] - Delayed 1 second(s)

24-06-2024T11:04:09 - [MESSAGE][PASSED] - Delayed 1 second(s)

24-06-2024T11:04:10 - [MESSAGE][PASSED] - Delayed 1 second(s)

24-06-2024T11:04:10 - [MESSAGE][PASSED] - Taking screenshot successfully
[[ATTACHMENT|D:\\newRCBCProject\\RCBCLOS_Automation\\Reports\\20240624_110046\\PaperbaseFlows\\PaperbaseWithAndWithout\\Fulfillment\\20240624_110046\\Screenshots/Fulfillment24_06_2411_01_12/Regression24_06_24_11_04_09.jpg]]

24-06-2024T11:04:12 - [MESSAGE][PASSED] - Delayed 2 second(s)

24-06-2024T11:04:12 - [MESSAGE][PASSED] - Object: 'Object Repository/ibpsLogOut/label_QK_CO7' is clicked on

24-06-2024T11:04:14 - [MESSAGE][PASSED] - Delayed 2 second(s)

24-06-2024T11:04:14 - [MESSAGE][PASSED] - Object: 'Object Repository/ibpsLogOut/Logout' is clicked on

24-06-2024T11:04:15 - [MESSAGE][PASSED] - Delayed 1 second(s)

24-06-2024T11:04:16 - [MESSAGE][PASSED] - Delayed 1 second(s)

24-06-2024T11:04:17 - [MESSAGE][PASSED] - Delayed 1 second(s)

24-06-2024T11:04:18 - [MESSAGE][PASSED] - Taking screenshot successfully
[[ATTACHMENT|D:\\newRCBCProject\\RCBCLOS_Automation\\Reports\\20240624_110046\\PaperbaseFlows\\PaperbaseWithAndWithout\\Fulfillment\\20240624_110046\\Screenshots/Fulfillment24_06_2411_01_12/Regression24_06_24_11_04_16.jpg]]

24-06-2024T11:04:18 - [MESSAGE][PASSED] - signOutibps.SignOut.logout is PASSED

24-06-2024T11:04:20 - [TEST_STEP][PASSED] - Video: Video recording for test case 'Test Cases/LogOut/logout' .

24-06-2024T11:04:20 - [MESSAGE][INFO] - Video recording for test case 'Test Cases/LogOut/logout' .]]></system-out>
         <system-err><![CDATA[]]></system-err>
      </testcase>
      <system-out><![CDATA[24-06-2024T11:00:56 - [TEST_SUITE][PASSED] - Fulfillment: Test Cases/LogOut/logout]]></system-out>
      <system-err><![CDATA[]]></system-err>
   </testsuite>
</testsuites>
