<?xml version="1.0" encoding="UTF-8"?>
<testsuites name="PreAndPost" time="347.317" tests="10" failures="0" errors="0">
   <testsuite name="PreAndPost" tests="10" failures="0" errors="0" time="347.317" skipped="0" timestamp="24-06-2024T12:01:23" hostname="Adarsh.Lohar - QKNBK2037.qkcorp.qualitykiosk.com" id="Test Suites/PaperbaseFlows/PaperbaseWithAndWithout/PreAndPost">
      <properties>
         <property name="deviceName" value=""/>
         <property name="devicePlatform"/>
         <property name="logFolder" value="D:\\newRCBCProject\\RCBCLOS_Automation\\Reports\\20240624_115032\\PaperbaseFlows\\PaperbaseWithAndWithout\\PreAndPost\\20240624_115040"/>
         <property name="logFiles" value="D:\\newRCBCProject\\RCBCLOS_Automation\\Reports\\20240624_115032\\PaperbaseFlows\\PaperbaseWithAndWithout\\PreAndPost\\20240624_115040\\execution0.log"/>
         <property name="attachments" value="D:\\newRCBCProject\\RCBCLOS_Automation\\Reports\\20240624_115032\\PaperbaseFlows\\PaperbaseWithAndWithout\\PreAndPost\\20240624_115040\\Screenshots/Portal24_06_2412_01_36/Regression24_06_24_12_01_37.jpg, D:\\newRCBCProject\\RCBCLOS_Automation\\Reports\\20240624_115032\\PaperbaseFlows\\PaperbaseWithAndWithout\\PreAndPost\\20240624_115040\\Screenshots/Portal24_06_2412_01_36/Regression24_06_24_12_01_46.jpg, D:\\newRCBCProject\\RCBCLOS_Automation\\Reports\\20240624_115032\\PaperbaseFlows\\PaperbaseWithAndWithout\\PreAndPost\\20240624_115040\\Screenshots/PrePost24_06_2412_02_36/Regression24_06_24_12_02_37.jpg, D:\\newRCBCProject\\RCBCLOS_Automation\\Reports\\20240624_115032\\PaperbaseFlows\\PaperbaseWithAndWithout\\PreAndPost\\20240624_115040\\Screenshots/PrePost24_06_2412_02_36/Regression24_06_24_12_03_18.jpg, D:\\newRCBCProject\\RCBCLOS_Automation\\Reports\\20240624_115032\\PaperbaseFlows\\PaperbaseWithAndWithout\\PreAndPost\\20240624_115040\\Screenshots/PrePost24_06_2412_02_36/Regression24_06_24_12_03_40.jpg, D:\\newRCBCProject\\RCBCLOS_Automation\\Reports\\20240624_115032\\PaperbaseFlows\\PaperbaseWithAndWithout\\PreAndPost\\20240624_115040\\Screenshots/PrePost24_06_2412_02_36/Regression24_06_24_12_03_49.jpg, D:\\newRCBCProject\\RCBCLOS_Automation\\Reports\\20240624_115032\\PaperbaseFlows\\PaperbaseWithAndWithout\\PreAndPost\\20240624_115040\\Screenshots/PrePost24_06_2412_02_36/Regression24_06_24_12_04_28.jpg, D:\\newRCBCProject\\RCBCLOS_Automation\\Reports\\20240624_115032\\PaperbaseFlows\\PaperbaseWithAndWithout\\PreAndPost\\20240624_115040\\Screenshots/PrePost24_06_2412_02_36/Regression24_06_24_12_04_32.jpg, D:\\newRCBCProject\\RCBCLOS_Automation\\Reports\\20240624_115032\\PaperbaseFlows\\PaperbaseWithAndWithout\\PreAndPost\\20240624_115040\\Screenshots/PrePost24_06_2412_02_36/Regression24_06_24_12_04_41.jpg, D:\\newRCBCProject\\RCBCLOS_Automation\\Reports\\20240624_115032\\PaperbaseFlows\\PaperbaseWithAndWithout\\PreAndPost\\20240624_115040\\Screenshots/PrePost24_06_2412_02_36/Regression24_06_24_12_04_50.jpg, D:\\newRCBCProject\\RCBCLOS_Automation\\Reports\\20240624_115032\\PaperbaseFlows\\PaperbaseWithAndWithout\\PreAndPost\\20240624_115040\\Screenshots/PrePost24_06_2412_02_36/Regression24_06_24_12_04_59.jpg, D:\\newRCBCProject\\RCBCLOS_Automation\\Reports\\20240624_115032\\PaperbaseFlows\\PaperbaseWithAndWithout\\PreAndPost\\20240624_115040\\Screenshots/PrePost24_06_2412_02_36/Regression24_06_24_12_05_09.jpg, D:\\newRCBCProject\\RCBCLOS_Automation\\Reports\\20240624_115032\\PaperbaseFlows\\PaperbaseWithAndWithout\\PreAndPost\\20240624_115040\\Screenshots/PrePost24_06_2412_02_36/Regression24_06_24_12_05_18.jpg, D:\\newRCBCProject\\RCBCLOS_Automation\\Reports\\20240624_115032\\PaperbaseFlows\\PaperbaseWithAndWithout\\PreAndPost\\20240624_115040\\Screenshots/PrePost24_06_2412_02_36/Regression24_06_24_12_05_35.jpg, D:\\newRCBCProject\\RCBCLOS_Automation\\Reports\\20240624_115032\\PaperbaseFlows\\PaperbaseWithAndWithout\\PreAndPost\\20240624_115040\\Screenshots/PrePost24_06_2412_05_58/Regression24_06_24_12_05_59.jpg, D:\\newRCBCProject\\RCBCLOS_Automation\\Reports\\20240624_115032\\PaperbaseFlows\\PaperbaseWithAndWithout\\PreAndPost\\20240624_115040\\Screenshots/PrePost24_06_2412_05_58/Regression24_06_24_12_06_26.jpg, D:\\newRCBCProject\\RCBCLOS_Automation\\Reports\\20240624_115032\\PaperbaseFlows\\PaperbaseWithAndWithout\\PreAndPost\\20240624_115040\\Screenshots/PrePost24_06_2412_05_58/Regression24_06_24_12_06_30.jpg, D:\\newRCBCProject\\RCBCLOS_Automation\\Reports\\20240624_115032\\PaperbaseFlows\\PaperbaseWithAndWithout\\PreAndPost\\20240624_115040\\Screenshots/PrePost24_06_2412_05_58/Regression24_06_24_12_06_36.jpg, D:\\newRCBCProject\\RCBCLOS_Automation\\Reports\\20240624_115032\\PaperbaseFlows\\PaperbaseWithAndWithout\\PreAndPost\\20240624_115040\\Screenshots/PrePost24_06_2412_05_58/Regression24_06_24_12_06_40.jpg, D:\\newRCBCProject\\RCBCLOS_Automation\\Reports\\20240624_115032\\PaperbaseFlows\\PaperbaseWithAndWithout\\PreAndPost\\20240624_115040\\Screenshots/PrePost24_06_2412_05_58/Regression24_06_24_12_06_45.jpg, D:\\newRCBCProject\\RCBCLOS_Automation\\Reports\\20240624_115032\\PaperbaseFlows\\PaperbaseWithAndWithout\\PreAndPost\\20240624_115040\\Screenshots/PrePost24_06_2412_05_58/Regression24_06_24_12_06_51.jpg, D:\\newRCBCProject\\RCBCLOS_Automation\\Reports\\20240624_115032\\PaperbaseFlows\\PaperbaseWithAndWithout\\PreAndPost\\20240624_115040\\1719211017775.png, D:\\newRCBCProject\\RCBCLOS_Automation\\Reports\\20240624_115032\\PaperbaseFlows\\PaperbaseWithAndWithout\\PreAndPost\\20240624_115040\\Screenshots/PrePost24_06_2412_05_58/Regression24_06_24_12_06_59.jpg"/>
         <property name="hostName" value="Adarsh.Lohar - QKNBK2037.qkcorp.qualitykiosk.com"/>
         <property name="os" value="Windows 10 64bit"/>
         <property name="katalonVersion" value="9.5.0.217"/>
         <property name="browser" value="Chrome 126.0.0.0"/>
         <property name="hostAddress" value="10.0.6.210"/>
         <property name="sessionId" value="3034ea2973f39993dd089a5579bb448b"/>
         <property name="seleniumVersion" value="3.141.59"/>
         <property name="proxyInformation" value="ProxyInformation { proxyOption=NO_PROXY, proxyServerType=HTTP, username=, password=********, proxyServerAddress=, proxyServerPort=0, executionList=&quot;&quot;, isApplyToDesiredCapabilities=true }"/>
         <property name="platform" value="Windows 10"/>
      </properties>
      <testcase name="Test Cases/Paper_STPWithAndWithoutAPI/PreAndPostRelease/LoginPage" time="19.943" classname="Test Cases/Paper_STPWithAndWithoutAPI/PreAndPostRelease/LoginPage" status="PASSED">
         <system-out><![CDATA[24-06-2024T12:01:23 - [TEST_CASE][PASSED] - Test Cases/Paper_STPWithAndWithoutAPI/PreAndPostRelease/LoginPage: Test Cases/Paper_STPWithAndWithoutAPI/PreAndPostRelease/LoginPage

24-06-2024T12:01:24 - [TEST_STEP][PASSED] - loginPage.LoginPage.login_Page(): loginPage.LoginPage.login_Page is PASSED

24-06-2024T12:01:25 - [MESSAGE][INFO] - Starting 'Chrome' driver

24-06-2024T12:01:25 - [MESSAGE][INFO] - User set preference: ['args', '[--incognito]']

24-06-2024T12:01:25 - [MESSAGE][INFO] - Action delay is set to 0 milliseconds

24-06-2024T12:01:29 - [MESSAGE][PASSED] - Browser is opened with url: ''

24-06-2024T12:01:29 - [MESSAGE][PASSED] - Current window maximized

24-06-2024T12:01:30 - [MESSAGE][PASSED] - Navigate to 'https://rcbcuat.nonprodnmc.com/LoanPortal' successfully

24-06-2024T12:01:35 - [MESSAGE][PASSED] - Text 'QK_Dealer7' is set on object 'Object Repository/LoginPage/email'

24-06-2024T12:01:35 - [MESSAGE][PASSED] - Text ****** has been set on object 'Object Repository/LoginPage/password'

24-06-2024T12:01:36 - [MESSAGE][PASSED] - Delayed 1 second(s)

24-06-2024T12:01:37 - [MESSAGE][PASSED] - Delayed 1 second(s)

24-06-2024T12:01:38 - [MESSAGE][PASSED] - Delayed 1 second(s)

24-06-2024T12:01:39 - [MESSAGE][PASSED] - Taking screenshot successfully
[[ATTACHMENT|D:\\newRCBCProject\\RCBCLOS_Automation\\Reports\\20240624_115032\\PaperbaseFlows\\PaperbaseWithAndWithout\\PreAndPost\\20240624_115040\\Screenshots/Portal24_06_2412_01_36/Regression24_06_24_12_01_37.jpg]]

24-06-2024T12:01:39 - [MESSAGE][PASSED] - Object: 'Object Repository/LoginPage/log_in' is clicked on

24-06-2024T12:01:41 - [MESSAGE][PASSED] - Object 'Object Repository/HomePage/Auto_Loan_Portal' is present

24-06-2024T12:01:41 - [MESSAGE][INFO] - We are in Home Page

24-06-2024T12:01:41 - [MESSAGE][PASSED] - loginPage.LoginPage.login_Page is PASSED

24-06-2024T12:01:43 - [TEST_STEP][PASSED] - Video: Video recording for test case 'Test Cases/Paper_STPWithAndWithoutAPI/PreAndPostRelease/LoginPage' .

24-06-2024T12:01:43 - [MESSAGE][INFO] - Video recording for test case 'Test Cases/Paper_STPWithAndWithoutAPI/PreAndPostRelease/LoginPage' .]]></system-out>
         <system-err><![CDATA[]]></system-err>
      </testcase>
      <testcase name="Test Cases/Paper_STPWithAndWithoutAPI/PreAndPostRelease/homepage" time="51.785" classname="Test Cases/Paper_STPWithAndWithoutAPI/PreAndPostRelease/homepage" status="PASSED">
         <system-out><![CDATA[24-06-2024T12:01:43 - [TEST_CASE][PASSED] - Test Cases/Paper_STPWithAndWithoutAPI/PreAndPostRelease/homepage: Test Cases/Paper_STPWithAndWithoutAPI/PreAndPostRelease/homepage

24-06-2024T12:01:43 - [TEST_STEP][PASSED] - autoLoanProtal.SelectManageLoans.selectToManageLoan(): autoLoanProtal.SelectManageLoans.selectToManageLoan is PASSED

24-06-2024T12:01:44 - [MESSAGE][PASSED] - Wait for page load successfully

24-06-2024T12:01:45 - [MESSAGE][PASSED] - Delayed 1 second(s)

24-06-2024T12:01:46 - [MESSAGE][PASSED] - Delayed 1 second(s)

24-06-2024T12:01:47 - [MESSAGE][PASSED] - Delayed 1 second(s)

24-06-2024T12:01:47 - [MESSAGE][PASSED] - Taking screenshot successfully
[[ATTACHMENT|D:\\newRCBCProject\\RCBCLOS_Automation\\Reports\\20240624_115032\\PaperbaseFlows\\PaperbaseWithAndWithout\\PreAndPost\\20240624_115040\\Screenshots/Portal24_06_2412_01_36/Regression24_06_24_12_01_46.jpg]]

24-06-2024T12:02:33 - [MESSAGE][PASSED] - Object: 'Object Repository/HomePage/ManageLoans' is clicked on

24-06-2024T12:02:33 - [MESSAGE][PASSED] - autoLoanProtal.SelectManageLoans.selectToManageLoan is PASSED

24-06-2024T12:02:35 - [TEST_STEP][PASSED] - Video: Video recording for test case 'Test Cases/Paper_STPWithAndWithoutAPI/PreAndPostRelease/homepage' .

24-06-2024T12:02:35 - [MESSAGE][INFO] - Video recording for test case 'Test Cases/Paper_STPWithAndWithoutAPI/PreAndPostRelease/homepage' .]]></system-out>
         <system-err><![CDATA[]]></system-err>
      </testcase>
      <testcase name="Test Cases/Paper_STPWithAndWithoutAPI/PreAndPostRelease/ApplicationPageForPreAndPost" time="40.127" classname="Test Cases/Paper_STPWithAndWithoutAPI/PreAndPostRelease/ApplicationPageForPreAndPost" status="PASSED">
         <system-out><![CDATA[24-06-2024T12:02:35 - [TEST_CASE][PASSED] - Test Cases/Paper_STPWithAndWithoutAPI/PreAndPostRelease/ApplicationPageForPreAndPost: Test Cases/Paper_STPWithAndWithoutAPI/PreAndPostRelease/ApplicationPageForPreAndPost

24-06-2024T12:02:35 - [TEST_STEP][PASSED] - tabSection.ApplicationSection.applicationSectionTab(show, sortBy): tabSection.ApplicationSection.applicationSectionTab is PASSED

24-06-2024T12:02:35 - [MESSAGE][PASSED] - Wait for page load successfully

24-06-2024T12:02:36 - [MESSAGE][PASSED] - Delayed 1 second(s)

24-06-2024T12:02:37 - [MESSAGE][PASSED] - Delayed 1 second(s)

24-06-2024T12:02:38 - [MESSAGE][PASSED] - Delayed 1 second(s)

24-06-2024T12:02:39 - [MESSAGE][PASSED] - Taking screenshot successfully
[[ATTACHMENT|D:\\newRCBCProject\\RCBCLOS_Automation\\Reports\\20240624_115032\\PaperbaseFlows\\PaperbaseWithAndWithout\\PreAndPost\\20240624_115040\\Screenshots/PrePost24_06_2412_02_36/Regression24_06_24_12_02_37.jpg]]

24-06-2024T12:02:39 - [MESSAGE][PASSED] - Object: 'Object Repository/AdditionalInformationWithoutAPI/ApplicationPage/show' is clicked on

24-06-2024T12:03:02 - [MESSAGE][PASSED] - All options with value '2' are selected in object 'Object Repository/AdditionalInformationWithoutAPI/ApplicationPage/show'  using regular expression

24-06-2024T12:03:07 - [MESSAGE][PASSED] - Delayed 5 second(s)

24-06-2024T12:03:07 - [MESSAGE][PASSED] - All options with value '1' are selected in object 'Object Repository/AdditionalInformationWithoutAPI/ApplicationPage/sortBy'  using regular expression

24-06-2024T12:03:07 - [MESSAGE][PASSED] - Object 'Object Repository/AdditionalInformationWithoutAPI/ApplicationPage/searchBy' is clickable

24-06-2024T12:03:07 - [MESSAGE][PASSED] - Object 'Object Repository/AdditionalInformationWithoutAPI/ApplicationPage/autoLoanPortal' is clickable

24-06-2024T12:03:08 - [MESSAGE][PASSED] - Object 'Object Repository/AdditionalInformationWithoutAPI/ApplicationPage/notification' is clickable

24-06-2024T12:03:08 - [MESSAGE][PASSED] - Object 'Object Repository/AdditionalInformationWithoutAPI/ApplicationPage/signOut' is clickable

24-06-2024T12:03:08 - [MESSAGE][PASSED] - Object 'Object Repository/AdditionalInformationWithoutAPI/ApplicationPage/search' is clickable

24-06-2024T12:03:08 - [MESSAGE][PASSED] - Object 'Object Repository/AdditionalInformationWithoutAPI/ApplicationPage/dashboard' is clickable

24-06-2024T12:03:08 - [MESSAGE][PASSED] - Object 'Object Repository/AdditionalInformationWithoutAPI/ApplicationPage/searchIcon' is clickable

24-06-2024T12:03:08 - [MESSAGE][PASSED] - Object: 'Object Repository/AdditionalInformationWithoutAPI/ApplicationPage/View' is clicked on

24-06-2024T12:03:13 - [MESSAGE][PASSED] - Delayed 5 second(s)

24-06-2024T12:03:13 - [MESSAGE][PASSED] - tabSection.ApplicationSection.applicationSectionTab is PASSED

24-06-2024T12:03:15 - [TEST_STEP][PASSED] - Video: Video recording for test case 'Test Cases/Paper_STPWithAndWithoutAPI/PreAndPostRelease/ApplicationPageForPreAndPost' .

24-06-2024T12:03:15 - [MESSAGE][INFO] - Video recording for test case 'Test Cases/Paper_STPWithAndWithoutAPI/PreAndPostRelease/ApplicationPageForPreAndPost' .]]></system-out>
         <system-err><![CDATA[]]></system-err>
      </testcase>
      <testcase name="Test Cases/Paper_STPWithAndWithoutAPI/PreAndPostRelease/CustomerDetailForPreRelease" time="9.654" classname="Test Cases/Paper_STPWithAndWithoutAPI/PreAndPostRelease/CustomerDetailForPreRelease" status="PASSED">
         <system-out><![CDATA[24-06-2024T12:03:15 - [TEST_CASE][PASSED] - Test Cases/Paper_STPWithAndWithoutAPI/PreAndPostRelease/CustomerDetailForPreRelease: Test Cases/Paper_STPWithAndWithoutAPI/PreAndPostRelease/CustomerDetailForPreRelease

24-06-2024T12:03:15 - [TEST_STEP][PASSED] - tabSection.CustomerDetail.clientInformationForPreRelease(): tabSection.CustomerDetail.clientInformationForPreRelease is PASSED

24-06-2024T12:03:15 - [MESSAGE][PASSED] - Wait for page load successfully

24-06-2024T12:03:16 - [MESSAGE][PASSED] - Delayed 1 second(s)

24-06-2024T12:03:16 - [MESSAGE][PASSED] - Current window's index is: 0

24-06-2024T12:03:16 - [MESSAGE][PASSED] - Switched to window with index: '1'

24-06-2024T12:03:17 - [MESSAGE][PASSED] - Text of object 'Object Repository/Action/referenceNumber' is: 'Dealer Pre Release : LOS-3370'

24-06-2024T12:03:17 - [MESSAGE][INFO] - Dealer Pre Release : LOS-3370 Contains LOS-3370

24-06-2024T12:03:17 - [MESSAGE][INFO] - Ready to go....

24-06-2024T12:03:18 - [MESSAGE][PASSED] - Delayed 1 second(s)

24-06-2024T12:03:19 - [MESSAGE][PASSED] - Delayed 1 second(s)

24-06-2024T12:03:22 - [MESSAGE][PASSED] - Taking screenshot successfully
[[ATTACHMENT|D:\\newRCBCProject\\RCBCLOS_Automation\\Reports\\20240624_115032\\PaperbaseFlows\\PaperbaseWithAndWithout\\PreAndPost\\20240624_115040\\Screenshots/PrePost24_06_2412_02_36/Regression24_06_24_12_03_18.jpg]]

24-06-2024T12:03:23 - [MESSAGE][PASSED] - Delayed 1 second(s)

24-06-2024T12:03:23 - [MESSAGE][PASSED] - tabSection.CustomerDetail.clientInformationForPreRelease is PASSED

24-06-2024T12:03:25 - [TEST_STEP][PASSED] - Video: Video recording for test case 'Test Cases/Paper_STPWithAndWithoutAPI/PreAndPostRelease/CustomerDetailForPreRelease' .

24-06-2024T12:03:25 - [MESSAGE][INFO] - Video recording for test case 'Test Cases/Paper_STPWithAndWithoutAPI/PreAndPostRelease/CustomerDetailForPreRelease' .]]></system-out>
         <system-err><![CDATA[]]></system-err>
      </testcase>
      <testcase name="Test Cases/Paper_STPWithAndWithoutAPI/PreAndPostRelease/LoanInformation" time="18.056" classname="Test Cases/Paper_STPWithAndWithoutAPI/PreAndPostRelease/LoanInformation" status="PASSED">
         <system-out><![CDATA[24-06-2024T12:03:25 - [TEST_CASE][PASSED] - Test Cases/Paper_STPWithAndWithoutAPI/PreAndPostRelease/LoanInformation: Test Cases/Paper_STPWithAndWithoutAPI/PreAndPostRelease/LoanInformation

24-06-2024T12:03:25 - [TEST_STEP][PASSED] - tabSection.LoanInformation.loanInfoForPrereleasePaperbasedWithWithout(): tabSection.LoanInformation.loanInfoForPrereleasePaperbasedWithWithout is PASSED

24-06-2024T12:03:26 - [MESSAGE][PASSED] - Delayed 1 second(s)

24-06-2024T12:03:27 - [MESSAGE][PASSED] - Object: 'Object Repository/TabSection/LoanInformation' is clicked on

24-06-2024T12:03:28 - [MESSAGE][PASSED] - Text '0' is set on object 'Object Repository/BackOffice/PreReleasePaperbaseLoanInfo/advancePayment4'

24-06-2024T12:03:29 - [MESSAGE][PASSED] - Text '0' is set on object 'Object Repository/BackOffice/PreReleasePaperbaseLoanInfo/advancePayment5'

24-06-2024T12:03:29 - [MESSAGE][PASSED] - Attribute 'title' of object 'Object Repository/LoanInformationPreRelease/paymentScheme/totalCmf' is: '12,049.92'

24-06-2024T12:03:30 - [MESSAGE][PASSED] - Object: 'Object Repository/BackOffice/PreReleasePaperbaseLoanInfo/cmfPayment4' is double clicked on

24-06-2024T12:03:30 - [MESSAGE][PASSED] - Keys '12,049.92' sent to object: 'Object Repository/LoanInformationPreRelease/billPayment'

24-06-2024T12:03:31 - [MESSAGE][PASSED] - Text '0' is set on object 'Object Repository/BackOffice/PreReleasePaperbaseLoanInfo/cmfPayment5'

24-06-2024T12:03:32 - [MESSAGE][PASSED] - Text '0' is set on object 'Object Repository/BackOffice/PreReleasePaperbaseLoanInfo/excessEMF4'

24-06-2024T12:03:33 - [MESSAGE][PASSED] - Text '0' is set on object 'Object Repository/BackOffice/PreReleasePaperbaseLoanInfo/excessEMF5'

24-06-2024T12:03:35 - [MESSAGE][PASSED] - Text '0' is set on object 'Object Repository/BackOffice/PreReleasePaperbaseLoanInfo/lto4'

24-06-2024T12:03:36 - [MESSAGE][PASSED] - Text '0' is set on object 'Object Repository/BackOffice/PreReleasePaperbaseLoanInfo/lto5'

24-06-2024T12:03:37 - [MESSAGE][PASSED] - Text '0' is set on object 'Object Repository/BackOffice/PreReleasePaperbaseLoanInfo/motorCarInsurance4'

24-06-2024T12:03:38 - [MESSAGE][PASSED] - Text '0' is set on object 'Object Repository/BackOffice/PreReleasePaperbaseLoanInfo/motorCarInsurance5'

24-06-2024T12:03:39 - [MESSAGE][PASSED] - Delayed 1 second(s)

24-06-2024T12:03:40 - [MESSAGE][PASSED] - Delayed 1 second(s)

24-06-2024T12:03:41 - [MESSAGE][PASSED] - Delayed 1 second(s)

24-06-2024T12:03:41 - [MESSAGE][PASSED] - Taking screenshot successfully
[[ATTACHMENT|D:\\newRCBCProject\\RCBCLOS_Automation\\Reports\\20240624_115032\\PaperbaseFlows\\PaperbaseWithAndWithout\\PreAndPost\\20240624_115040\\Screenshots/PrePost24_06_2412_02_36/Regression24_06_24_12_03_40.jpg]]

24-06-2024T12:03:41 - [MESSAGE][PASSED] - tabSection.LoanInformation.loanInfoForPrereleasePaperbasedWithWithout is PASSED

24-06-2024T12:03:43 - [TEST_STEP][PASSED] - Video: Video recording for test case 'Test Cases/Paper_STPWithAndWithoutAPI/PreAndPostRelease/LoanInformation' .

24-06-2024T12:03:43 - [MESSAGE][INFO] - Video recording for test case 'Test Cases/Paper_STPWithAndWithoutAPI/PreAndPostRelease/LoanInformation' .]]></system-out>
         <system-err><![CDATA[]]></system-err>
      </testcase>
      <testcase name="Test Cases/Paper_STPWithAndWithoutAPI/PreAndPostRelease/DocumentChecklist" time="109.488" classname="Test Cases/Paper_STPWithAndWithoutAPI/PreAndPostRelease/DocumentChecklist" status="PASSED">
         <system-out><![CDATA[24-06-2024T12:03:43 - [TEST_CASE][PASSED] - Test Cases/Paper_STPWithAndWithoutAPI/PreAndPostRelease/DocumentChecklist: Test Cases/Paper_STPWithAndWithoutAPI/PreAndPostRelease/DocumentChecklist

24-06-2024T12:03:43 - [TEST_STEP][PASSED] - tabSection.DocumentCheckList.documentCheckListForPreReleasePaperbased(): tabSection.DocumentCheckList.documentCheckListForPreReleasePaperbased is PASSED

24-06-2024T12:03:47 - [MESSAGE][PASSED] - Object: 'Object Repository/TabSection/DocumentCheclist' is clicked on

24-06-2024T12:03:48 - [MESSAGE][PASSED] - Delayed 1 second(s)

24-06-2024T12:03:49 - [MESSAGE][PASSED] - Delayed 1 second(s)

24-06-2024T12:03:50 - [MESSAGE][PASSED] - Delayed 1 second(s)

24-06-2024T12:03:50 - [MESSAGE][PASSED] - Taking screenshot successfully
[[ATTACHMENT|D:\\newRCBCProject\\RCBCLOS_Automation\\Reports\\20240624_115032\\PaperbaseFlows\\PaperbaseWithAndWithout\\PreAndPost\\20240624_115040\\Screenshots/PrePost24_06_2412_02_36/Regression24_06_24_12_03_49.jpg]]

24-06-2024T12:03:51 - [MESSAGE][PASSED] - Delayed 1 second(s)

24-06-2024T12:04:22 - [MESSAGE][PASSED] - Object: 'Object Repository/DocumentCheckListForPreRelease/OutwardDocument/generateAll' is clicked on

24-06-2024T12:04:23 - [MESSAGE][PASSED] - Delayed 1 second(s)

24-06-2024T12:04:23 - [MESSAGE][PASSED] - Switched to window with index: '2'

24-06-2024T12:04:26 - [MESSAGE][PASSED] - Delayed 3 second(s)

24-06-2024T12:04:26 - [MESSAGE][PASSED] - Window with index 2 is closed

24-06-2024T12:04:26 - [MESSAGE][PASSED] - Switched to window with index: '1'

24-06-2024T12:04:27 - [MESSAGE][PASSED] - Delayed 1 second(s)

24-06-2024T12:04:28 - [MESSAGE][PASSED] - Delayed 1 second(s)

24-06-2024T12:04:29 - [MESSAGE][PASSED] - Delayed 1 second(s)

24-06-2024T12:04:29 - [MESSAGE][PASSED] - Taking screenshot successfully
[[ATTACHMENT|D:\\newRCBCProject\\RCBCLOS_Automation\\Reports\\20240624_115032\\PaperbaseFlows\\PaperbaseWithAndWithout\\PreAndPost\\20240624_115040\\Screenshots/PrePost24_06_2412_02_36/Regression24_06_24_12_04_28.jpg]]

24-06-2024T12:04:29 - [MESSAGE][PASSED] - Current window's index is: 1

24-06-2024T12:04:30 - [MESSAGE][PASSED] - Object: 'Object Repository/DocumentCheckListForPreRelease/OutwardDocument/viewBtn1' is clicked on

24-06-2024T12:04:30 - [MESSAGE][PASSED] - Switched to window with index: '2'

24-06-2024T12:04:31 - [MESSAGE][PASSED] - Delayed 1 second(s)

24-06-2024T12:04:32 - [MESSAGE][PASSED] - Delayed 1 second(s)

24-06-2024T12:04:33 - [MESSAGE][PASSED] - Delayed 1 second(s)

24-06-2024T12:04:33 - [MESSAGE][PASSED] - Taking screenshot successfully
[[ATTACHMENT|D:\\newRCBCProject\\RCBCLOS_Automation\\Reports\\20240624_115032\\PaperbaseFlows\\PaperbaseWithAndWithout\\PreAndPost\\20240624_115040\\Screenshots/PrePost24_06_2412_02_36/Regression24_06_24_12_04_32.jpg]]

24-06-2024T12:04:38 - [MESSAGE][PASSED] - Delayed 5 second(s)

24-06-2024T12:04:38 - [MESSAGE][PASSED] - Window with index 2 is closed

24-06-2024T12:04:38 - [MESSAGE][PASSED] - Switched to window with index: '1'

24-06-2024T12:04:38 - [MESSAGE][PASSED] - Current window's index is: 1

24-06-2024T12:04:39 - [MESSAGE][PASSED] - Object: 'Object Repository/DocumentCheckListForPreRelease/OutwardDocument/viewBtn2' is clicked on

24-06-2024T12:04:39 - [MESSAGE][PASSED] - Switched to window with index: '2'

24-06-2024T12:04:40 - [MESSAGE][PASSED] - Delayed 1 second(s)

24-06-2024T12:04:41 - [MESSAGE][PASSED] - Delayed 1 second(s)

24-06-2024T12:04:42 - [MESSAGE][PASSED] - Delayed 1 second(s)

24-06-2024T12:04:42 - [MESSAGE][PASSED] - Taking screenshot successfully
[[ATTACHMENT|D:\\newRCBCProject\\RCBCLOS_Automation\\Reports\\20240624_115032\\PaperbaseFlows\\PaperbaseWithAndWithout\\PreAndPost\\20240624_115040\\Screenshots/PrePost24_06_2412_02_36/Regression24_06_24_12_04_41.jpg]]

24-06-2024T12:04:47 - [MESSAGE][PASSED] - Delayed 5 second(s)

24-06-2024T12:04:47 - [MESSAGE][PASSED] - Window with index 2 is closed

24-06-2024T12:04:47 - [MESSAGE][PASSED] - Switched to window with index: '1'

24-06-2024T12:04:47 - [MESSAGE][PASSED] - Current window's index is: 1

24-06-2024T12:04:48 - [MESSAGE][PASSED] - Object: 'Object Repository/DocumentCheckListForPreRelease/OutwardDocument/viewBtn3' is clicked on

24-06-2024T12:04:48 - [MESSAGE][PASSED] - Switched to window with index: '2'

24-06-2024T12:04:49 - [MESSAGE][PASSED] - Delayed 1 second(s)

24-06-2024T12:04:50 - [MESSAGE][PASSED] - Delayed 1 second(s)

24-06-2024T12:04:51 - [MESSAGE][PASSED] - Delayed 1 second(s)

24-06-2024T12:04:51 - [MESSAGE][PASSED] - Taking screenshot successfully
[[ATTACHMENT|D:\\newRCBCProject\\RCBCLOS_Automation\\Reports\\20240624_115032\\PaperbaseFlows\\PaperbaseWithAndWithout\\PreAndPost\\20240624_115040\\Screenshots/PrePost24_06_2412_02_36/Regression24_06_24_12_04_50.jpg]]

24-06-2024T12:04:56 - [MESSAGE][PASSED] - Delayed 5 second(s)

24-06-2024T12:04:56 - [MESSAGE][PASSED] - Window with index 2 is closed

24-06-2024T12:04:56 - [MESSAGE][PASSED] - Switched to window with index: '1'

24-06-2024T12:04:56 - [MESSAGE][PASSED] - Current window's index is: 1

24-06-2024T12:04:57 - [MESSAGE][PASSED] - Object: 'Object Repository/DocumentCheckListForPreRelease/OutwardDocument/viewBtn4' is clicked on

24-06-2024T12:04:57 - [MESSAGE][PASSED] - Switched to window with index: '2'

24-06-2024T12:04:58 - [MESSAGE][PASSED] - Delayed 1 second(s)

24-06-2024T12:04:59 - [MESSAGE][PASSED] - Delayed 1 second(s)

24-06-2024T12:05:00 - [MESSAGE][PASSED] - Delayed 1 second(s)

24-06-2024T12:05:01 - [MESSAGE][PASSED] - Taking screenshot successfully
[[ATTACHMENT|D:\\newRCBCProject\\RCBCLOS_Automation\\Reports\\20240624_115032\\PaperbaseFlows\\PaperbaseWithAndWithout\\PreAndPost\\20240624_115040\\Screenshots/PrePost24_06_2412_02_36/Regression24_06_24_12_04_59.jpg]]

24-06-2024T12:05:06 - [MESSAGE][PASSED] - Delayed 5 second(s)

24-06-2024T12:05:06 - [MESSAGE][PASSED] - Window with index 2 is closed

24-06-2024T12:05:06 - [MESSAGE][PASSED] - Switched to window with index: '1'

24-06-2024T12:05:06 - [MESSAGE][PASSED] - Current window's index is: 1

24-06-2024T12:05:07 - [MESSAGE][PASSED] - Object: 'Object Repository/DocumentCheckListForPreRelease/OutwardDocument/viewBtn5' is clicked on

24-06-2024T12:05:07 - [MESSAGE][PASSED] - Switched to window with index: '2'

24-06-2024T12:05:08 - [MESSAGE][PASSED] - Delayed 1 second(s)

24-06-2024T12:05:09 - [MESSAGE][PASSED] - Delayed 1 second(s)

24-06-2024T12:05:10 - [MESSAGE][PASSED] - Delayed 1 second(s)

24-06-2024T12:05:10 - [MESSAGE][PASSED] - Taking screenshot successfully
[[ATTACHMENT|D:\\newRCBCProject\\RCBCLOS_Automation\\Reports\\20240624_115032\\PaperbaseFlows\\PaperbaseWithAndWithout\\PreAndPost\\20240624_115040\\Screenshots/PrePost24_06_2412_02_36/Regression24_06_24_12_05_09.jpg]]

24-06-2024T12:05:15 - [MESSAGE][PASSED] - Delayed 5 second(s)

24-06-2024T12:05:15 - [MESSAGE][PASSED] - Window with index 2 is closed

24-06-2024T12:05:15 - [MESSAGE][PASSED] - Switched to window with index: '1'

24-06-2024T12:05:15 - [MESSAGE][PASSED] - Current window's index is: 1

24-06-2024T12:05:16 - [MESSAGE][PASSED] - Object: 'Object Repository/DocumentCheckListForPreRelease/OutwardDocument/viewBtn6' is clicked on

24-06-2024T12:05:16 - [MESSAGE][PASSED] - Switched to window with index: '2'

24-06-2024T12:05:17 - [MESSAGE][PASSED] - Delayed 1 second(s)

24-06-2024T12:05:18 - [MESSAGE][PASSED] - Delayed 1 second(s)

24-06-2024T12:05:19 - [MESSAGE][PASSED] - Delayed 1 second(s)

24-06-2024T12:05:19 - [MESSAGE][PASSED] - Taking screenshot successfully
[[ATTACHMENT|D:\\newRCBCProject\\RCBCLOS_Automation\\Reports\\20240624_115032\\PaperbaseFlows\\PaperbaseWithAndWithout\\PreAndPost\\20240624_115040\\Screenshots/PrePost24_06_2412_02_36/Regression24_06_24_12_05_18.jpg]]

24-06-2024T12:05:24 - [MESSAGE][PASSED] - Delayed 5 second(s)

24-06-2024T12:05:24 - [MESSAGE][PASSED] - Window with index 2 is closed

24-06-2024T12:05:24 - [MESSAGE][PASSED] - Switched to window with index: '1'

24-06-2024T12:05:26 - [MESSAGE][PASSED] - Delayed 2 second(s)

24-06-2024T12:05:28 - [MESSAGE][PASSED] - Object: 'Object Repository/CollateralInformationPreRelease/SaveBtn' is clicked on

24-06-2024T12:05:30 - [MESSAGE][PASSED] - Delayed 2 second(s)

24-06-2024T12:05:30 - [MESSAGE][PASSED] - tabSection.DocumentCheckList.documentCheckListForPreReleasePaperbased is PASSED

24-06-2024T12:05:32 - [TEST_STEP][PASSED] - Video: Video recording for test case 'Test Cases/Paper_STPWithAndWithoutAPI/PreAndPostRelease/DocumentChecklist' .

24-06-2024T12:05:32 - [MESSAGE][INFO] - Video recording for test case 'Test Cases/Paper_STPWithAndWithoutAPI/PreAndPostRelease/DocumentChecklist' .]]></system-out>
         <system-err><![CDATA[]]></system-err>
      </testcase>
      <testcase name="Test Cases/Paper_STPWithAndWithoutAPI/PreAndPostRelease/CollateralInfo" time="5.88" classname="Test Cases/Paper_STPWithAndWithoutAPI/PreAndPostRelease/CollateralInfo" status="PASSED">
         <system-out><![CDATA[24-06-2024T12:05:32 - [TEST_CASE][PASSED] - Test Cases/Paper_STPWithAndWithoutAPI/PreAndPostRelease/CollateralInfo: Test Cases/Paper_STPWithAndWithoutAPI/PreAndPostRelease/CollateralInfo

24-06-2024T12:05:33 - [TEST_STEP][PASSED] - tabSection.CollateralInformation.collateralInformationForPrereleasePaperbased(): tabSection.CollateralInformation.collateralInformationForPrereleasePaperbased is PASSED

24-06-2024T12:05:33 - [MESSAGE][PASSED] - Object: 'Object Repository/TabSection/CollateralInformation' is clicked on

24-06-2024T12:05:34 - [MESSAGE][PASSED] - Delayed 1 second(s)

24-06-2024T12:05:35 - [MESSAGE][PASSED] - Delayed 1 second(s)

24-06-2024T12:05:36 - [MESSAGE][PASSED] - Delayed 1 second(s)

24-06-2024T12:05:36 - [MESSAGE][PASSED] - Taking screenshot successfully
[[ATTACHMENT|D:\\newRCBCProject\\RCBCLOS_Automation\\Reports\\20240624_115032\\PaperbaseFlows\\PaperbaseWithAndWithout\\PreAndPost\\20240624_115040\\Screenshots/PrePost24_06_2412_02_36/Regression24_06_24_12_05_35.jpg]]

24-06-2024T12:05:36 - [MESSAGE][PASSED] - tabSection.CollateralInformation.collateralInformationForPrereleasePaperbased is PASSED

24-06-2024T12:05:38 - [TEST_STEP][PASSED] - Video: Video recording for test case 'Test Cases/Paper_STPWithAndWithoutAPI/PreAndPostRelease/CollateralInfo' .

24-06-2024T12:05:38 - [MESSAGE][INFO] - Video recording for test case 'Test Cases/Paper_STPWithAndWithoutAPI/PreAndPostRelease/CollateralInfo' .]]></system-out>
         <system-err><![CDATA[]]></system-err>
      </testcase>
      <testcase name="Test Cases/Paper_STPWithAndWithoutAPI/PreAndPostRelease/DisbursmentInfoNew" time="18.958" classname="Test Cases/Paper_STPWithAndWithoutAPI/PreAndPostRelease/DisbursmentInfoNew" status="PASSED">
         <system-out><![CDATA[24-06-2024T12:05:38 - [TEST_CASE][PASSED] - Test Cases/Paper_STPWithAndWithoutAPI/PreAndPostRelease/DisbursmentInfoNew: Test Cases/Paper_STPWithAndWithoutAPI/PreAndPostRelease/DisbursmentInfoNew

24-06-2024T12:05:39 - [TEST_STEP][PASSED] - click(findTestObject("Object Repository/DisbursementInfoNew/DisbursementInfoAndSubmit/disbursementInformation")): Object: 'Object Repository/DisbursementInfoNew/DisbursementInfoAndSubmit/disbursementInformation' is clicked on

24-06-2024T12:05:39 - [MESSAGE][PASSED] - Object: 'Object Repository/DisbursementInfoNew/DisbursementInfoAndSubmit/disbursementInformation' is clicked on

24-06-2024T12:05:39 - [TEST_STEP][PASSED] - click(findTestObject("Object Repository/DisbursementInfoNew/DisbursementInfoAndSubmit/plusIcon")): Object: 'Object Repository/DisbursementInfoNew/DisbursementInfoAndSubmit/plusIcon' is clicked on

24-06-2024T12:05:40 - [MESSAGE][PASSED] - Object: 'Object Repository/DisbursementInfoNew/DisbursementInfoAndSubmit/plusIcon' is clicked on

24-06-2024T12:05:40 - [TEST_STEP][PASSED] - selectOptionByIndex(findTestObject("Object Repository/DisbursementInfoNew/DisbursementInfoAndSubmit/payeeName"), 1, STOP_ON_FAILURE): All options with index in [1] are selected on object 'Object Repository/DisbursementInfoNew/DisbursementInfoAndSubmit/payeeName'

24-06-2024T12:05:42 - [MESSAGE][PASSED] - All options with index in [1] are selected on object 'Object Repository/DisbursementInfoNew/DisbursementInfoAndSubmit/payeeName'

24-06-2024T12:05:42 - [TEST_STEP][PASSED] - selectOptionByIndex(findTestObject("Object Repository/DisbursementInfoNew/DisbursementInfoAndSubmit/modeOfDisbursement"), 1, STOP_ON_FAILURE): All options with index in [1] are selected on object 'Object Repository/DisbursementInfoNew/DisbursementInfoAndSubmit/modeOfDisbursement'

24-06-2024T12:05:43 - [MESSAGE][PASSED] - All options with index in [1] are selected on object 'Object Repository/DisbursementInfoNew/DisbursementInfoAndSubmit/modeOfDisbursement'

24-06-2024T12:05:43 - [TEST_STEP][PASSED] - click(findTestObject("Object Repository/DisbursementInfoNew/DisbursementInfoAndSubmit/saveAndClose")): Object: 'Object Repository/DisbursementInfoNew/DisbursementInfoAndSubmit/saveAndClose' is clicked on

24-06-2024T12:05:44 - [MESSAGE][PASSED] - Object: 'Object Repository/DisbursementInfoNew/DisbursementInfoAndSubmit/saveAndClose' is clicked on

24-06-2024T12:05:44 - [TEST_STEP][PASSED] - click(findTestObject("Object Repository/DisbursementInfoNew/DisbursementInfoAndSubmit/actionTab")): Object: 'Object Repository/DisbursementInfoNew/DisbursementInfoAndSubmit/actionTab' is clicked on

24-06-2024T12:05:46 - [MESSAGE][PASSED] - Object: 'Object Repository/DisbursementInfoNew/DisbursementInfoAndSubmit/actionTab' is clicked on

24-06-2024T12:05:46 - [TEST_STEP][PASSED] - selectOptionByIndex(findTestObject("Object Repository/DisbursementInfoNew/DisbursementInfoAndSubmit/selectSubmit"), 1, STOP_ON_FAILURE): All options with index in [1] are selected on object 'Object Repository/DisbursementInfoNew/DisbursementInfoAndSubmit/selectSubmit'

24-06-2024T12:05:47 - [MESSAGE][PASSED] - All options with index in [1] are selected on object 'Object Repository/DisbursementInfoNew/DisbursementInfoAndSubmit/selectSubmit'

24-06-2024T12:05:47 - [TEST_STEP][PASSED] - setText(findTestObject("Object Repository/DisbursementInfoNew/DisbursementInfoAndSubmit/decision"), "ok"): Text 'ok' is set on object 'Object Repository/DisbursementInfoNew/DisbursementInfoAndSubmit/decision'

24-06-2024T12:05:47 - [MESSAGE][PASSED] - Text 'ok' is set on object 'Object Repository/DisbursementInfoNew/DisbursementInfoAndSubmit/decision'

24-06-2024T12:05:47 - [TEST_STEP][PASSED] - click(findTestObject("Object Repository/DisbursementInfoNew/DisbursementInfoAndSubmit/button_Submit")): Object: 'Object Repository/DisbursementInfoNew/DisbursementInfoAndSubmit/button_Submit' is clicked on

24-06-2024T12:05:49 - [MESSAGE][PASSED] - Object: 'Object Repository/DisbursementInfoNew/DisbursementInfoAndSubmit/button_Submit' is clicked on

24-06-2024T12:05:49 - [TEST_STEP][PASSED] - currentWindow = getWindowTitle(): Current window's title is: 'Dealer Pre Release : LOS-3370'

24-06-2024T12:05:49 - [MESSAGE][PASSED] - Current window's title is: 'Dealer Pre Release : LOS-3370'

24-06-2024T12:05:49 - [TEST_STEP][PASSED] - click(findTestObject("Object Repository/Action/confirmYes")): Object: 'Object Repository/Action/confirmYes' is clicked on

24-06-2024T12:05:53 - [MESSAGE][PASSED] - Object: 'Object Repository/Action/confirmYes' is clicked on

24-06-2024T12:05:53 - [TEST_STEP][PASSED] - delay(2): Delayed 2 second(s)

24-06-2024T12:05:55 - [MESSAGE][PASSED] - Delayed 2 second(s)

24-06-2024T12:05:55 - [TEST_STEP][PASSED] - if (!(currentWindow.equalsIgnoreCase("LoanPortal"))): Switched to window with title: 'LoanPortal'

24-06-2024T12:05:55 - [TEST_STEP][PASSED] - switchToWindowTitle("LoanPortal"): Switched to window with title: 'LoanPortal'

24-06-2024T12:05:55 - [MESSAGE][PASSED] - Switched to window with title: 'LoanPortal'

24-06-2024T12:05:57 - [TEST_STEP][PASSED] - Video: Video recording for test case 'Test Cases/Paper_STPWithAndWithoutAPI/PreAndPostRelease/DisbursmentInfoNew' .

24-06-2024T12:05:57 - [MESSAGE][INFO] - Video recording for test case 'Test Cases/Paper_STPWithAndWithoutAPI/PreAndPostRelease/DisbursmentInfoNew' .]]></system-out>
         <system-err><![CDATA[]]></system-err>
      </testcase>
      <testcase name="Test Cases/Paper_STPWithAndWithoutAPI/PreAndPostRelease/ApplicationPageForPreAndPost" time="21.947" classname="Test Cases/Paper_STPWithAndWithoutAPI/PreAndPostRelease/ApplicationPageForPreAndPost" status="PASSED">
         <system-out><![CDATA[24-06-2024T12:05:57 - [TEST_CASE][PASSED] - Test Cases/Paper_STPWithAndWithoutAPI/PreAndPostRelease/ApplicationPageForPreAndPost: Test Cases/Paper_STPWithAndWithoutAPI/PreAndPostRelease/ApplicationPageForPreAndPost

24-06-2024T12:05:57 - [TEST_STEP][PASSED] - tabSection.ApplicationSection.applicationSectionTab(show, sortBy): tabSection.ApplicationSection.applicationSectionTab is PASSED

24-06-2024T12:05:57 - [MESSAGE][PASSED] - Wait for page load successfully

24-06-2024T12:05:58 - [MESSAGE][PASSED] - Delayed 1 second(s)

24-06-2024T12:05:59 - [MESSAGE][PASSED] - Delayed 1 second(s)

24-06-2024T12:06:00 - [MESSAGE][PASSED] - Delayed 1 second(s)

24-06-2024T12:06:01 - [MESSAGE][PASSED] - Taking screenshot successfully
[[ATTACHMENT|D:\\newRCBCProject\\RCBCLOS_Automation\\Reports\\20240624_115032\\PaperbaseFlows\\PaperbaseWithAndWithout\\PreAndPost\\20240624_115040\\Screenshots/PrePost24_06_2412_05_58/Regression24_06_24_12_05_59.jpg]]

24-06-2024T12:06:01 - [MESSAGE][PASSED] - Object: 'Object Repository/AdditionalInformationWithoutAPI/ApplicationPage/show' is clicked on

24-06-2024T12:06:06 - [MESSAGE][PASSED] - All options with value '3' are selected in object 'Object Repository/AdditionalInformationWithoutAPI/ApplicationPage/show'  using regular expression

24-06-2024T12:06:11 - [MESSAGE][PASSED] - Delayed 5 second(s)

24-06-2024T12:06:11 - [MESSAGE][PASSED] - All options with value '1' are selected in object 'Object Repository/AdditionalInformationWithoutAPI/ApplicationPage/sortBy'  using regular expression

24-06-2024T12:06:11 - [MESSAGE][PASSED] - Object 'Object Repository/AdditionalInformationWithoutAPI/ApplicationPage/searchBy' is clickable

24-06-2024T12:06:11 - [MESSAGE][PASSED] - Object 'Object Repository/AdditionalInformationWithoutAPI/ApplicationPage/autoLoanPortal' is clickable

24-06-2024T12:06:11 - [MESSAGE][PASSED] - Object 'Object Repository/AdditionalInformationWithoutAPI/ApplicationPage/notification' is clickable

24-06-2024T12:06:11 - [MESSAGE][PASSED] - Object 'Object Repository/AdditionalInformationWithoutAPI/ApplicationPage/signOut' is clickable

24-06-2024T12:06:11 - [MESSAGE][PASSED] - Object 'Object Repository/AdditionalInformationWithoutAPI/ApplicationPage/search' is clickable

24-06-2024T12:06:11 - [MESSAGE][PASSED] - Object 'Object Repository/AdditionalInformationWithoutAPI/ApplicationPage/dashboard' is clickable

24-06-2024T12:06:11 - [MESSAGE][PASSED] - Object 'Object Repository/AdditionalInformationWithoutAPI/ApplicationPage/searchIcon' is clickable

24-06-2024T12:06:12 - [MESSAGE][PASSED] - Object: 'Object Repository/AdditionalInformationWithoutAPI/ApplicationPage/View' is clicked on

24-06-2024T12:06:17 - [MESSAGE][PASSED] - Delayed 5 second(s)

24-06-2024T12:06:17 - [MESSAGE][PASSED] - tabSection.ApplicationSection.applicationSectionTab is PASSED

24-06-2024T12:06:19 - [TEST_STEP][PASSED] - Video: Video recording for test case 'Test Cases/Paper_STPWithAndWithoutAPI/PreAndPostRelease/ApplicationPageForPreAndPost' .

24-06-2024T12:06:19 - [MESSAGE][INFO] - Video recording for test case 'Test Cases/Paper_STPWithAndWithoutAPI/PreAndPostRelease/ApplicationPageForPreAndPost' .]]></system-out>
         <system-err><![CDATA[]]></system-err>
      </testcase>
      <testcase name="Test Cases/Paper_STPWithAndWithoutAPI/PreAndPostRelease/PostRelease" time="51.096" classname="Test Cases/Paper_STPWithAndWithoutAPI/PreAndPostRelease/PostRelease" status="PASSED">
         <system-out><![CDATA[24-06-2024T12:06:19 - [TEST_CASE][PASSED] - Test Cases/Paper_STPWithAndWithoutAPI/PreAndPostRelease/PostRelease: Test Cases/Paper_STPWithAndWithoutAPI/PreAndPostRelease/PostRelease

24-06-2024T12:06:19 - [TEST_STEP][PASSED] - postRelease.PostReleaseSubmit.submit_post_release(): postRelease.PostReleaseSubmit.submit_post_release is PASSED

24-06-2024T12:06:20 - [MESSAGE][PASSED] - Switched to window with index: '1'

24-06-2024T12:06:24 - [MESSAGE][PASSED] - Delayed 4 second(s)

24-06-2024T12:06:25 - [MESSAGE][PASSED] - Delayed 1 second(s)

24-06-2024T12:06:26 - [MESSAGE][PASSED] - Delayed 1 second(s)

24-06-2024T12:06:27 - [MESSAGE][PASSED] - Delayed 1 second(s)

24-06-2024T12:06:27 - [MESSAGE][PASSED] - Taking screenshot successfully
[[ATTACHMENT|D:\\newRCBCProject\\RCBCLOS_Automation\\Reports\\20240624_115032\\PaperbaseFlows\\PaperbaseWithAndWithout\\PreAndPost\\20240624_115040\\Screenshots/PrePost24_06_2412_05_58/Regression24_06_24_12_06_26.jpg]]

24-06-2024T12:06:28 - [MESSAGE][PASSED] - Object: 'Object Repository/TabSection/LoanInformation' is clicked on

24-06-2024T12:06:29 - [MESSAGE][PASSED] - Delayed 1 second(s)

24-06-2024T12:06:30 - [MESSAGE][PASSED] - Delayed 1 second(s)

24-06-2024T12:06:31 - [MESSAGE][PASSED] - Delayed 1 second(s)

24-06-2024T12:06:31 - [MESSAGE][PASSED] - Taking screenshot successfully
[[ATTACHMENT|D:\\newRCBCProject\\RCBCLOS_Automation\\Reports\\20240624_115032\\PaperbaseFlows\\PaperbaseWithAndWithout\\PreAndPost\\20240624_115040\\Screenshots/PrePost24_06_2412_05_58/Regression24_06_24_12_06_30.jpg]]

24-06-2024T12:06:32 - [MESSAGE][PASSED] - Delayed 1 second(s)

24-06-2024T12:06:34 - [MESSAGE][PASSED] - Object: 'Object Repository/TabSection/DocumentCheclist' is clicked on

24-06-2024T12:06:35 - [MESSAGE][PASSED] - Delayed 1 second(s)

24-06-2024T12:06:36 - [MESSAGE][PASSED] - Delayed 1 second(s)

24-06-2024T12:06:37 - [MESSAGE][PASSED] - Delayed 1 second(s)

24-06-2024T12:06:37 - [MESSAGE][PASSED] - Taking screenshot successfully
[[ATTACHMENT|D:\\newRCBCProject\\RCBCLOS_Automation\\Reports\\20240624_115032\\PaperbaseFlows\\PaperbaseWithAndWithout\\PreAndPost\\20240624_115040\\Screenshots/PrePost24_06_2412_05_58/Regression24_06_24_12_06_36.jpg]]

24-06-2024T12:06:38 - [MESSAGE][PASSED] - Delayed 1 second(s)

24-06-2024T12:06:38 - [MESSAGE][PASSED] - Object: 'Object Repository/TabSection/CollateralInformation' is clicked on

24-06-2024T12:06:39 - [MESSAGE][PASSED] - Delayed 1 second(s)

24-06-2024T12:06:40 - [MESSAGE][PASSED] - Delayed 1 second(s)

24-06-2024T12:06:42 - [MESSAGE][PASSED] - Delayed 1 second(s)

24-06-2024T12:06:42 - [MESSAGE][PASSED] - Taking screenshot successfully
[[ATTACHMENT|D:\\newRCBCProject\\RCBCLOS_Automation\\Reports\\20240624_115032\\PaperbaseFlows\\PaperbaseWithAndWithout\\PreAndPost\\20240624_115040\\Screenshots/PrePost24_06_2412_05_58/Regression24_06_24_12_06_40.jpg]]

24-06-2024T12:06:43 - [MESSAGE][PASSED] - Delayed 1 second(s)

24-06-2024T12:06:43 - [MESSAGE][PASSED] - Object: 'Object Repository/TabSection/DisbursementInformation' is clicked on

24-06-2024T12:06:44 - [MESSAGE][PASSED] - Delayed 1 second(s)

24-06-2024T12:06:45 - [MESSAGE][PASSED] - Delayed 1 second(s)

24-06-2024T12:06:46 - [MESSAGE][PASSED] - Delayed 1 second(s)

24-06-2024T12:06:46 - [MESSAGE][PASSED] - Taking screenshot successfully
[[ATTACHMENT|D:\\newRCBCProject\\RCBCLOS_Automation\\Reports\\20240624_115032\\PaperbaseFlows\\PaperbaseWithAndWithout\\PreAndPost\\20240624_115040\\Screenshots/PrePost24_06_2412_05_58/Regression24_06_24_12_06_45.jpg]]

24-06-2024T12:06:47 - [MESSAGE][PASSED] - Delayed 1 second(s)

24-06-2024T12:06:49 - [MESSAGE][PASSED] - Object: 'Object Repository/TabSection/Action' is clicked on

24-06-2024T12:06:50 - [MESSAGE][PASSED] - Delayed 1 second(s)

24-06-2024T12:06:51 - [MESSAGE][PASSED] - Delayed 1 second(s)

24-06-2024T12:06:52 - [MESSAGE][PASSED] - Delayed 1 second(s)

24-06-2024T12:06:52 - [MESSAGE][PASSED] - Taking screenshot successfully
[[ATTACHMENT|D:\\newRCBCProject\\RCBCLOS_Automation\\Reports\\20240624_115032\\PaperbaseFlows\\PaperbaseWithAndWithout\\PreAndPost\\20240624_115040\\Screenshots/PrePost24_06_2412_05_58/Regression24_06_24_12_06_51.jpg]]

24-06-2024T12:06:54 - [MESSAGE][PASSED] - Delayed 2 second(s)

24-06-2024T12:06:54 - [MESSAGE][PASSED] - Object: 'Object Repository/TabSection/Action' is clicked on

24-06-2024T12:06:54 - [MESSAGE][PASSED] - Object 'Object Repository/Action/Decision' is visible

24-06-2024T12:06:55 - [MESSAGE][PASSED] - All options with value 'Submit' are selected in object 'Object Repository/Action/Decision' 

24-06-2024T12:06:56 - [MESSAGE][PASSED] - Text 'OK' is set on object 'Object Repository/Action/Remarks'

24-06-2024T12:06:56 - [MESSAGE][INFO] - LOS-3370

24-06-2024T12:06:56 - [MESSAGE][PASSED] - Object: 'Object Repository/Action/SubmitButton' is clicked on

24-06-2024T12:06:57 - [MESSAGE][PASSED] - Delayed 1 second(s)

24-06-2024T12:06:57 - [MESSAGE][PASSED] - Taking screenshot successfully
[[ATTACHMENT|D:\\newRCBCProject\\RCBCLOS_Automation\\Reports\\20240624_115032\\PaperbaseFlows\\PaperbaseWithAndWithout\\PreAndPost\\20240624_115040\\1719211017775.png]]

24-06-2024T12:06:58 - [MESSAGE][PASSED] - Delayed 1 second(s)

24-06-2024T12:06:59 - [MESSAGE][PASSED] - Delayed 1 second(s)

24-06-2024T12:07:00 - [MESSAGE][PASSED] - Delayed 1 second(s)

24-06-2024T12:07:01 - [MESSAGE][PASSED] - Taking screenshot successfully
[[ATTACHMENT|D:\\newRCBCProject\\RCBCLOS_Automation\\Reports\\20240624_115032\\PaperbaseFlows\\PaperbaseWithAndWithout\\PreAndPost\\20240624_115040\\Screenshots/PrePost24_06_2412_05_58/Regression24_06_24_12_06_59.jpg]]

24-06-2024T12:07:03 - [MESSAGE][PASSED] - Object: 'Object Repository/Action/confirmYes' is clicked on

24-06-2024T12:07:08 - [MESSAGE][PASSED] - Delayed 5 second(s)

24-06-2024T12:07:08 - [MESSAGE][PASSED] - postRelease.PostReleaseSubmit.submit_post_release is PASSED

24-06-2024T12:07:10 - [TEST_STEP][PASSED] - Video: Video recording for test case 'Test Cases/Paper_STPWithAndWithoutAPI/PreAndPostRelease/PostRelease' .

24-06-2024T12:07:10 - [MESSAGE][INFO] - Video recording for test case 'Test Cases/Paper_STPWithAndWithoutAPI/PreAndPostRelease/PostRelease' .]]></system-out>
         <system-err><![CDATA[]]></system-err>
      </testcase>
      <system-out><![CDATA[24-06-2024T12:01:23 - [TEST_SUITE][PASSED] - PreAndPost: Test Cases/Paper_STPWithAndWithoutAPI/PreAndPostRelease/PostRelease]]></system-out>
      <system-err><![CDATA[]]></system-err>
   </testsuite>
</testsuites>
