<?xml version="1.0" encoding="UTF-8"?>
<testsuites name="EncoderForVouching" time="246.723" tests="13" failures="0" errors="0">
   <testsuite name="EncoderForVouching" tests="13" failures="0" errors="0" time="246.723" skipped="0" timestamp="27-06-2024T16:53:19" hostname="Adarsh.Lohar - QKNBK2037.qkcorp.qualitykiosk.com" id="Test Suites/DigitalFlows/DigitalNSTPVouchingMRAC/EncoderForVouching">
      <properties>
         <property name="deviceName" value=""/>
         <property name="devicePlatform"/>
         <property name="logFolder" value="D:\\newRCBCProject\\RCBCLOS_Automation\\Reports\\20240627_164728\\DigitalFlows\\DigitalNSTPVouchingMRAC\\EncoderForVouching\\20240627_164738"/>
         <property name="logFiles" value="D:\\newRCBCProject\\RCBCLOS_Automation\\Reports\\20240627_164728\\DigitalFlows\\DigitalNSTPVouchingMRAC\\EncoderForVouching\\20240627_164738\\execution0.log"/>
         <property name="attachments" value="D:\\newRCBCProject\\RCBCLOS_Automation\\Reports\\20240627_164728\\DigitalFlows\\DigitalNSTPVouchingMRAC\\EncoderForVouching\\20240627_164738\\Screenshots/Encoder27_06_2404_53_28/Regression27_06_24_04_53_29.jpg, D:\\newRCBCProject\\RCBCLOS_Automation\\Reports\\20240627_164728\\DigitalFlows\\DigitalNSTPVouchingMRAC\\EncoderForVouching\\20240627_164738\\Screenshots/Encoder27_06_2404_53_28/Regression27_06_24_04_53_51.jpg, D:\\newRCBCProject\\RCBCLOS_Automation\\Reports\\20240627_164728\\DigitalFlows\\DigitalNSTPVouchingMRAC\\EncoderForVouching\\20240627_164738\\Screenshots/Encoder27_06_2404_53_28/Regression27_06_24_04_53_56.jpg, D:\\newRCBCProject\\RCBCLOS_Automation\\Reports\\20240627_164728\\DigitalFlows\\DigitalNSTPVouchingMRAC\\EncoderForVouching\\20240627_164738\\Screenshots/Encoder27_06_2404_53_28/Regression27_06_24_04_54_00.jpg, D:\\newRCBCProject\\RCBCLOS_Automation\\Reports\\20240627_164728\\DigitalFlows\\DigitalNSTPVouchingMRAC\\EncoderForVouching\\20240627_164738\\Screenshots/Encoder27_06_2404_53_28/Regression27_06_24_04_54_17.jpg, D:\\newRCBCProject\\RCBCLOS_Automation\\Reports\\20240627_164728\\DigitalFlows\\DigitalNSTPVouchingMRAC\\EncoderForVouching\\20240627_164738\\Screenshots/Encoder27_06_2404_53_28/Regression27_06_24_04_54_28.jpg, D:\\newRCBCProject\\RCBCLOS_Automation\\Reports\\20240627_164728\\DigitalFlows\\DigitalNSTPVouchingMRAC\\EncoderForVouching\\20240627_164738\\Screenshots/Encoder27_06_2404_53_28/Regression27_06_24_04_54_36.jpg, D:\\newRCBCProject\\RCBCLOS_Automation\\Reports\\20240627_164728\\DigitalFlows\\DigitalNSTPVouchingMRAC\\EncoderForVouching\\20240627_164738\\Screenshots/Encoder27_06_2404_53_28/Regression27_06_24_04_54_39.jpg, D:\\newRCBCProject\\RCBCLOS_Automation\\Reports\\20240627_164728\\DigitalFlows\\DigitalNSTPVouchingMRAC\\EncoderForVouching\\20240627_164738\\Screenshots/Encoder27_06_2404_53_28/Regression27_06_24_04_54_50.jpg, D:\\newRCBCProject\\RCBCLOS_Automation\\Reports\\20240627_164728\\DigitalFlows\\DigitalNSTPVouchingMRAC\\EncoderForVouching\\20240627_164738\\Screenshots/Encoder27_06_2404_53_28/Regression27_06_24_04_55_06.jpg, D:\\newRCBCProject\\RCBCLOS_Automation\\Reports\\20240627_164728\\DigitalFlows\\DigitalNSTPVouchingMRAC\\EncoderForVouching\\20240627_164738\\Screenshots/Encoder27_06_2404_53_28/Regression27_06_24_04_55_12.jpg, D:\\newRCBCProject\\RCBCLOS_Automation\\Reports\\20240627_164728\\DigitalFlows\\DigitalNSTPVouchingMRAC\\EncoderForVouching\\20240627_164738\\Screenshots/Encoder27_06_2404_53_28/Regression27_06_24_04_55_16.jpg, D:\\newRCBCProject\\RCBCLOS_Automation\\Reports\\20240627_164728\\DigitalFlows\\DigitalNSTPVouchingMRAC\\EncoderForVouching\\20240627_164738\\Screenshots/Encoder27_06_2404_53_28/Regression27_06_24_04_55_20.jpg, D:\\newRCBCProject\\RCBCLOS_Automation\\Reports\\20240627_164728\\DigitalFlows\\DigitalNSTPVouchingMRAC\\EncoderForVouching\\20240627_164738\\Screenshots/Encoder27_06_2404_53_28/Regression27_06_24_04_55_36.jpg, D:\\newRCBCProject\\RCBCLOS_Automation\\Reports\\20240627_164728\\DigitalFlows\\DigitalNSTPVouchingMRAC\\EncoderForVouching\\20240627_164738\\Screenshots/Encoder27_06_2404_53_28/Regression27_06_24_04_55_39.jpg, D:\\newRCBCProject\\RCBCLOS_Automation\\Reports\\20240627_164728\\DigitalFlows\\DigitalNSTPVouchingMRAC\\EncoderForVouching\\20240627_164738\\Screenshots/Encoder27_06_2404_53_28/Regression27_06_24_04_55_46.jpg, D:\\newRCBCProject\\RCBCLOS_Automation\\Reports\\20240627_164728\\DigitalFlows\\DigitalNSTPVouchingMRAC\\EncoderForVouching\\20240627_164738\\Screenshots/Encoder27_06_2404_53_28/Regression27_06_24_04_55_50.jpg, D:\\newRCBCProject\\RCBCLOS_Automation\\Reports\\20240627_164728\\DigitalFlows\\DigitalNSTPVouchingMRAC\\EncoderForVouching\\20240627_164738\\Screenshots/Encoder27_06_2404_53_28/Regression27_06_24_04_56_08.jpg, D:\\newRCBCProject\\RCBCLOS_Automation\\Reports\\20240627_164728\\DigitalFlows\\DigitalNSTPVouchingMRAC\\EncoderForVouching\\20240627_164738\\Screenshots/Encoder27_06_2404_53_28/Regression27_06_24_04_56_13.jpg, D:\\newRCBCProject\\RCBCLOS_Automation\\Reports\\20240627_164728\\DigitalFlows\\DigitalNSTPVouchingMRAC\\EncoderForVouching\\20240627_164738\\Screenshots/Encoder27_06_2404_53_28/Regression27_06_24_04_56_22.jpg, D:\\newRCBCProject\\RCBCLOS_Automation\\Reports\\20240627_164728\\DigitalFlows\\DigitalNSTPVouchingMRAC\\EncoderForVouching\\20240627_164738\\Screenshots/Encoder27_06_2404_53_28/Regression27_06_24_04_56_28.jpg, D:\\newRCBCProject\\RCBCLOS_Automation\\Reports\\20240627_164728\\DigitalFlows\\DigitalNSTPVouchingMRAC\\EncoderForVouching\\20240627_164738\\Screenshots/Encoder27_06_2404_53_28/Regression27_06_24_04_56_33.jpg, D:\\newRCBCProject\\RCBCLOS_Automation\\Reports\\20240627_164728\\DigitalFlows\\DigitalNSTPVouchingMRAC\\EncoderForVouching\\20240627_164738\\Screenshots/Encoder27_06_2404_53_28/Regression27_06_24_04_56_39.jpg, D:\\newRCBCProject\\RCBCLOS_Automation\\Reports\\20240627_164728\\DigitalFlows\\DigitalNSTPVouchingMRAC\\EncoderForVouching\\20240627_164738\\Screenshots/Encoder27_06_2404_53_28/Regression27_06_24_04_56_45.jpg, D:\\newRCBCProject\\RCBCLOS_Automation\\Reports\\20240627_164728\\DigitalFlows\\DigitalNSTPVouchingMRAC\\EncoderForVouching\\20240627_164738\\1719487614598.png, D:\\newRCBCProject\\RCBCLOS_Automation\\Reports\\20240627_164728\\DigitalFlows\\DigitalNSTPVouchingMRAC\\EncoderForVouching\\20240627_164738\\Screenshots/Encoder27_06_2404_53_28/Regression27_06_24_04_56_56.jpg, D:\\newRCBCProject\\RCBCLOS_Automation\\Reports\\20240627_164728\\DigitalFlows\\DigitalNSTPVouchingMRAC\\EncoderForVouching\\20240627_164738\\Screenshots/Encoder27_06_2404_53_28/Regression27_06_24_04_57_15.jpg, D:\\newRCBCProject\\RCBCLOS_Automation\\Reports\\20240627_164728\\DigitalFlows\\DigitalNSTPVouchingMRAC\\EncoderForVouching\\20240627_164738\\Screenshots/Encoder27_06_2404_53_28/Regression27_06_24_04_57_23.jpg"/>
         <property name="hostName" value="Adarsh.Lohar - QKNBK2037.qkcorp.qualitykiosk.com"/>
         <property name="os" value="Windows 10 64bit"/>
         <property name="katalonVersion" value="9.5.0.217"/>
         <property name="browser" value="Chrome 126.0.0.0"/>
         <property name="hostAddress" value="10.0.6.77"/>
         <property name="sessionId" value="397c7236e70d29d33efaa5f6402f3dcd"/>
         <property name="seleniumVersion" value="3.141.59"/>
         <property name="proxyInformation" value="ProxyInformation { proxyOption=NO_PROXY, proxyServerType=HTTP, username=, password=********, proxyServerAddress=, proxyServerPort=0, executionList=&quot;&quot;, isApplyToDesiredCapabilities=true }"/>
         <property name="platform" value="Windows 10"/>
      </properties>
      <testcase name="Test Cases/NSTP_VouchingMRAC/testCaseForEncoderNSTP/LoginPage" time="21.902" classname="Test Cases/NSTP_VouchingMRAC/testCaseForEncoderNSTP/LoginPage" status="PASSED">
         <system-out><![CDATA[27-06-2024T16:53:19 - [TEST_CASE][PASSED] - Test Cases/NSTP_VouchingMRAC/testCaseForEncoderNSTP/LoginPage: Test Cases/NSTP_VouchingMRAC/testCaseForEncoderNSTP/LoginPage

27-06-2024T16:53:20 - [TEST_STEP][PASSED] - encoder.LoginForibpsEncoder.login(): encoder.LoginForibpsEncoder.login is PASSED

27-06-2024T16:53:21 - [MESSAGE][INFO] - Starting 'Chrome' driver

27-06-2024T16:53:21 - [MESSAGE][INFO] - User set preference: ['args', '[--incognito]']

27-06-2024T16:53:21 - [MESSAGE][INFO] - Action delay is set to 0 milliseconds

27-06-2024T16:53:24 - [MESSAGE][PASSED] - Browser is opened with url: ''

27-06-2024T16:53:24 - [MESSAGE][PASSED] - Current window maximized

27-06-2024T16:53:25 - [MESSAGE][PASSED] - Navigate to 'https://rcbcuat.nonprodnmc.com/omniapp' successfully

27-06-2024T16:53:26 - [MESSAGE][PASSED] - Text 'QK_Encoder7' is set on object 'Object Repository/BackOffice/ibpsLogin/userName'

27-06-2024T16:53:27 - [MESSAGE][PASSED] - Text ****** has been set on object 'Object Repository/BackOffice/ibpsLogin/password'

27-06-2024T16:53:28 - [MESSAGE][PASSED] - Delayed 1 second(s)

27-06-2024T16:53:29 - [MESSAGE][PASSED] - Delayed 1 second(s)

27-06-2024T16:53:30 - [MESSAGE][PASSED] - Delayed 1 second(s)

27-06-2024T16:53:30 - [MESSAGE][PASSED] - Taking screenshot successfully
[[ATTACHMENT|D:\\newRCBCProject\\RCBCLOS_Automation\\Reports\\20240627_164728\\DigitalFlows\\DigitalNSTPVouchingMRAC\\EncoderForVouching\\20240627_164738\\Screenshots/Encoder27_06_2404_53_28/Regression27_06_24_04_53_29.jpg]]

27-06-2024T16:53:30 - [MESSAGE][PASSED] - Object: 'Object Repository/BackOffice/ibpsLogin/loginButton' is clicked on

27-06-2024T16:53:32 - [MESSAGE][PASSED] - Delayed 2 second(s)

27-06-2024T16:53:37 - [MESSAGE][INFO] - Unable to find the element located by 'By.xpath: //input[@id="oaloginform:contloginbtn"]'. Please recheck the objects properties to make sure the desired element is located. 

27-06-2024T16:53:37 - [MESSAGE][WARNING] - [SELF-HEALING] Failed to find element with id 'Object Repository/BackOffice/ibpsLogin/yesLogin'. Try using Self-healing.

27-06-2024T16:53:38 - [MESSAGE][INFO] - [SELF-HEALING] No working XPath is found.

27-06-2024T16:53:39 - [MESSAGE][WARNING] - [SELF-HEALING] javascript error: {"status":32,"value":"Unable to locate an element with the xpath expression  because of the following error:\nSyntaxError: Failed to execute 'evaluate' on 'Document': The string '' is not a valid XPath expression."}
  (Session info: chrome=126.0.6478.127)
Build info: version: '3.141.59', revision: 'unknown', time: 'unknown'
System info: host: 'QKNBK2037', ip: '10.0.6.77', os.name: 'Windows 10', os.arch: 'amd64', os.version: '10.0', java.version: '17.0.7'
Driver info: com.kms.katalon.selenium.driver.CChromeDriver
Capabilities {acceptInsecureCerts: false, browserName: chrome, browserVersion: 126.0.6478.127, chrome: {chromedriverVersion: 125.0.6422.60 (3ac3319bff9f..., userDataDir: C:\Users\ADARSH~1.LOH\AppDa...}, fedcm:accounts: true, goog:chromeOptions: {debuggerAddress: localhost:49709}, javascriptEnabled: true, networkConnectionEnabled: false, pageLoadStrategy: normal, platform: WINDOWS, platformName: WINDOWS, proxy: Proxy(), setWindowRect: true, strictFileInteractability: false, timeouts: {implicit: 0, pageLoad: 300000, script: 30000}, unhandledPromptBehavior: dismiss and notify, webauthn:extension:credBlob: true, webauthn:extension:largeBlob: true, webauthn:extension:minPinLength: true, webauthn:extension:prf: true, webauthn:virtualAuthenticators: true}
Session ID: 397c7236e70d29d33efaa5f6402f3dcd
*** Element info: {Using=xpath, value=}

27-06-2024T16:53:39 - [MESSAGE][WARNING] - [SELF-HEALING] Cannot find elements when the selector is null

27-06-2024T16:53:39 - [MESSAGE][WARNING] - Web element with id: 'Object Repository/BackOffice/ibpsLogin/yesLogin' located by '//input[@id="oaloginform:contloginbtn"]' not found

27-06-2024T16:53:39 - [MESSAGE][PASSED] - encoder.LoginForibpsEncoder.login is PASSED

27-06-2024T16:53:41 - [TEST_STEP][PASSED] - Video: Video recording for test case 'Test Cases/NSTP_VouchingMRAC/testCaseForEncoderNSTP/LoginPage' .

27-06-2024T16:53:41 - [MESSAGE][INFO] - Video recording for test case 'Test Cases/NSTP_VouchingMRAC/testCaseForEncoderNSTP/LoginPage' .]]></system-out>
         <system-err><![CDATA[]]></system-err>
      </testcase>
      <testcase name="Test Cases/NSTP_VouchingMRAC/testCaseForEncoderNSTP/HomePage" time="28.041" classname="Test Cases/NSTP_VouchingMRAC/testCaseForEncoderNSTP/HomePage" status="PASSED">
         <system-out><![CDATA[27-06-2024T16:53:41 - [TEST_CASE][PASSED] - Test Cases/NSTP_VouchingMRAC/testCaseForEncoderNSTP/HomePage: Test Cases/NSTP_VouchingMRAC/testCaseForEncoderNSTP/HomePage

27-06-2024T16:53:41 - [TEST_STEP][PASSED] - encoder.HomePageForibpsEncoder.selectResistration(): encoder.HomePageForibpsEncoder.selectResistration is PASSED

27-06-2024T16:53:42 - [MESSAGE][PASSED] - Wait for page load successfully

27-06-2024T16:53:44 - [MESSAGE][PASSED] - Delayed 2 second(s)

27-06-2024T16:53:47 - [MESSAGE][PASSED] - Delayed 3 second(s)

27-06-2024T16:53:47 - [MESSAGE][INFO] -  ******** LOS-3539

27-06-2024T16:53:49 - [MESSAGE][PASSED] - Delayed 2 second(s)

27-06-2024T16:53:50 - [MESSAGE][PASSED] - Delayed 1 second(s)

27-06-2024T16:53:51 - [MESSAGE][PASSED] - Delayed 1 second(s)

27-06-2024T16:53:52 - [MESSAGE][PASSED] - Delayed 1 second(s)

27-06-2024T16:53:52 - [MESSAGE][PASSED] - Taking screenshot successfully
[[ATTACHMENT|D:\\newRCBCProject\\RCBCLOS_Automation\\Reports\\20240627_164728\\DigitalFlows\\DigitalNSTPVouchingMRAC\\EncoderForVouching\\20240627_164738\\Screenshots/Encoder27_06_2404_53_28/Regression27_06_24_04_53_51.jpg]]

27-06-2024T16:53:54 - [MESSAGE][PASSED] - Object: 'Object Repository/BackOffice/EncoderNSTP/ibpsHomePage/encoder' is clicked on

27-06-2024T16:53:55 - [MESSAGE][PASSED] - Delayed 1 second(s)

27-06-2024T16:53:56 - [MESSAGE][PASSED] - Delayed 1 second(s)

27-06-2024T16:53:57 - [MESSAGE][PASSED] - Delayed 1 second(s)

27-06-2024T16:53:57 - [MESSAGE][PASSED] - Taking screenshot successfully
[[ATTACHMENT|D:\\newRCBCProject\\RCBCLOS_Automation\\Reports\\20240627_164728\\DigitalFlows\\DigitalNSTPVouchingMRAC\\EncoderForVouching\\20240627_164738\\Screenshots/Encoder27_06_2404_53_28/Regression27_06_24_04_53_56.jpg]]

27-06-2024T16:53:57 - [MESSAGE][PASSED] - Object: 'Object Repository/BackOffice/COMaker/ibpsHomePage/resistrationNo' is clicked on

27-06-2024T16:53:58 - [MESSAGE][PASSED] - Delayed 1 second(s)

27-06-2024T16:53:59 - [MESSAGE][PASSED] - Delayed 1 second(s)

27-06-2024T16:54:00 - [MESSAGE][PASSED] - Delayed 1 second(s)

27-06-2024T16:54:01 - [MESSAGE][PASSED] - Delayed 1 second(s)

27-06-2024T16:54:02 - [MESSAGE][PASSED] - Taking screenshot successfully
[[ATTACHMENT|D:\\newRCBCProject\\RCBCLOS_Automation\\Reports\\20240627_164728\\DigitalFlows\\DigitalNSTPVouchingMRAC\\EncoderForVouching\\20240627_164738\\Screenshots/Encoder27_06_2404_53_28/Regression27_06_24_04_54_00.jpg]]

27-06-2024T16:54:05 - [MESSAGE][PASSED] - Delayed 2 second(s)

27-06-2024T16:54:07 - [MESSAGE][PASSED] - Delayed 2 second(s)

27-06-2024T16:54:07 - [MESSAGE][PASSED] - encoder.HomePageForibpsEncoder.selectResistration is PASSED

27-06-2024T16:54:09 - [TEST_STEP][PASSED] - Video: Video recording for test case 'Test Cases/NSTP_VouchingMRAC/testCaseForEncoderNSTP/HomePage' .

27-06-2024T16:54:09 - [MESSAGE][INFO] - Video recording for test case 'Test Cases/NSTP_VouchingMRAC/testCaseForEncoderNSTP/HomePage' .]]></system-out>
         <system-err><![CDATA[]]></system-err>
      </testcase>
      <testcase name="Test Cases/NSTP_VouchingMRAC/testCaseForEncoderNSTP/ClientInformation" time="112.0" classname="Test Cases/NSTP_VouchingMRAC/testCaseForEncoderNSTP/ClientInformation" status="PASSED">
         <system-out><![CDATA[27-06-2024T16:54:09 - [TEST_CASE][PASSED] - Test Cases/NSTP_VouchingMRAC/testCaseForEncoderNSTP/ClientInformation: Test Cases/NSTP_VouchingMRAC/testCaseForEncoderNSTP/ClientInformation

27-06-2024T16:54:09 - [TEST_STEP][PASSED] - tabSection.CustomerDetail.clientInformationForEncoderNSTP(): tabSection.CustomerDetail.clientInformationForEncoderNSTP is PASSED

27-06-2024T16:54:10 - [MESSAGE][PASSED] - Delayed 1 second(s)

27-06-2024T16:54:10 - [MESSAGE][PASSED] - Current window's index is: 0

27-06-2024T16:54:10 - [MESSAGE][PASSED] - Switched to window with index: '1'

27-06-2024T16:54:15 - [MESSAGE][PASSED] - Attribute 'title' of object 'Object Repository/ClientInformationPreRelease/creditProgram' is: ''

27-06-2024T16:54:16 - [MESSAGE][PASSED] - Text of object 'Object Repository/Action/referenceNumber' is: 'Encoder : LOS-3539'

27-06-2024T16:54:16 - [MESSAGE][INFO] - Encoder : LOS-3539 Contains LOS-3539

27-06-2024T16:54:16 - [MESSAGE][INFO] - Ready to go....

27-06-2024T16:54:17 - [MESSAGE][PASSED] - Delayed 1 second(s)

27-06-2024T16:54:18 - [MESSAGE][PASSED] - Delayed 1 second(s)

27-06-2024T16:54:18 - [MESSAGE][PASSED] - Taking screenshot successfully
[[ATTACHMENT|D:\\newRCBCProject\\RCBCLOS_Automation\\Reports\\20240627_164728\\DigitalFlows\\DigitalNSTPVouchingMRAC\\EncoderForVouching\\20240627_164738\\Screenshots/Encoder27_06_2404_53_28/Regression27_06_24_04_54_17.jpg]]

27-06-2024T16:54:20 - [MESSAGE][PASSED] - Object: 'Object Repository/BackOffice/EncoderNSTP/ClientInformation/PrincipalInformation/principal' is clicked on

27-06-2024T16:54:22 - [MESSAGE][PASSED] - Delayed 2 second(s)

27-06-2024T16:54:22 - [MESSAGE][PASSED] - All options with index in [1] are selected on object 'Object Repository/BackOffice/EncoderNSTP/ClientInformation/PrincipalInformation/borrowerType'

27-06-2024T16:54:22 - [MESSAGE][PASSED] - All options with index in [1] are selected on object 'Object Repository/BackOffice/EncoderNSTP/ClientInformation/PrincipalInformation/applicationType'

27-06-2024T16:54:23 - [MESSAGE][PASSED] - All options with index in [1] are selected on object 'Object Repository/BackOffice/EncoderNSTP/ClientInformation/PrincipalInformation/custemerType'

27-06-2024T16:54:25 - [MESSAGE][WARNING] - Object 'Object Repository/BackOffice/EncoderWithWithout/sex' is not clickable after 2 second(s)

27-06-2024T16:54:27 - [MESSAGE][WARNING] - Object 'Object Repository/BackOffice/EncoderNSTP/ClientInformation/PrincipalInformation/dateOfBirth' is not clickable after 2 second(s)

27-06-2024T16:54:28 - [MESSAGE][PASSED] - Delayed 1 second(s)

27-06-2024T16:54:29 - [MESSAGE][PASSED] - Delayed 1 second(s)

27-06-2024T16:54:30 - [MESSAGE][PASSED] - Taking screenshot successfully
[[ATTACHMENT|D:\\newRCBCProject\\RCBCLOS_Automation\\Reports\\20240627_164728\\DigitalFlows\\DigitalNSTPVouchingMRAC\\EncoderForVouching\\20240627_164738\\Screenshots/Encoder27_06_2404_53_28/Regression27_06_24_04_54_28.jpg]]

27-06-2024T16:54:30 - [MESSAGE][PASSED] - All options with index in [1] are selected on object 'Object Repository/BackOffice/EncoderNSTP/ClientInformation/PrincipalInformation/placeOfBirth'

27-06-2024T16:54:32 - [MESSAGE][WARNING] - Object 'Object Repository/BackOffice/EncoderNSTP/ClientInformation/PrincipalInformation/maritalStatus' is not clickable after 2 second(s)

27-06-2024T16:54:35 - [MESSAGE][WARNING] - Object 'Object Repository/BackOffice/EncoderWithWithout/nationality' is not clickable after 2 second(s)

27-06-2024T16:54:36 - [MESSAGE][PASSED] - Delayed 1 second(s)

27-06-2024T16:54:37 - [MESSAGE][PASSED] - Delayed 1 second(s)

27-06-2024T16:54:37 - [MESSAGE][PASSED] - Taking screenshot successfully
[[ATTACHMENT|D:\\newRCBCProject\\RCBCLOS_Automation\\Reports\\20240627_164728\\DigitalFlows\\DigitalNSTPVouchingMRAC\\EncoderForVouching\\20240627_164738\\Screenshots/Encoder27_06_2404_53_28/Regression27_06_24_04_54_36.jpg]]

27-06-2024T16:54:37 - [MESSAGE][PASSED] - Text '5' is set on object 'Object Repository/BackOffice/EncoderNSTP/ClientInformation/PrincipalInformation/numberOfYearsMarried'

27-06-2024T16:54:38 - [MESSAGE][PASSED] - Text '3' is set on object 'Object Repository/BackOffice/EncoderNSTP/ClientInformation/PrincipalInformation/numberOfDependents'

27-06-2024T16:54:39 - [MESSAGE][PASSED] - Delayed 1 second(s)

27-06-2024T16:54:40 - [MESSAGE][PASSED] - Delayed 1 second(s)

27-06-2024T16:54:40 - [MESSAGE][PASSED] - Taking screenshot successfully
[[ATTACHMENT|D:\\newRCBCProject\\RCBCLOS_Automation\\Reports\\20240627_164728\\DigitalFlows\\DigitalNSTPVouchingMRAC\\EncoderForVouching\\20240627_164738\\Screenshots/Encoder27_06_2404_53_28/Regression27_06_24_04_54_39.jpg]]

27-06-2024T16:54:43 - [MESSAGE][WARNING] - Object 'Object Repository/BackOffice/EncoderNSTP/ClientInformation/PrincipalInformation/cifNumber' is not clickable after 2 second(s)

27-06-2024T16:54:45 - [MESSAGE][WARNING] - Object 'Object Repository/BackOffice/EncoderWithWithout/idType' is not clickable after 2 second(s)

27-06-2024T16:54:47 - [MESSAGE][WARNING] - Object 'Object Repository/BackOffice/EncoderWithWithout/idNumber' is not clickable after 2 second(s)

27-06-2024T16:54:49 - [MESSAGE][WARNING] - Object 'Object Repository/BackOffice/EncoderNSTP/ClientInformation/PrincipalInformation/RCBCCurrentOrSavingAccountNumber' is not clickable after 2 second(s)

27-06-2024T16:54:50 - [MESSAGE][PASSED] - Delayed 1 second(s)

27-06-2024T16:54:51 - [MESSAGE][PASSED] - Delayed 1 second(s)

27-06-2024T16:54:51 - [MESSAGE][PASSED] - Taking screenshot successfully
[[ATTACHMENT|D:\\newRCBCProject\\RCBCLOS_Automation\\Reports\\20240627_164728\\DigitalFlows\\DigitalNSTPVouchingMRAC\\EncoderForVouching\\20240627_164738\\Screenshots/Encoder27_06_2404_53_28/Regression27_06_24_04_54_50.jpg]]

27-06-2024T16:54:51 - [MESSAGE][PASSED] - Object 'Object Repository/BackOffice/EncoderNSTP/ClientInformation/PrincipalInformation/isAddressPresent' is clickable

27-06-2024T16:54:52 - [MESSAGE][PASSED] - Object: 'Object Repository/BackOffice/EncoderNSTP/ClientInformation/PrincipalInformation/isAddressPresent' is clicked on

27-06-2024T16:54:53 - [MESSAGE][PASSED] - Object: 'Object Repository/BackOffice/EncoderNSTP/ClientInformation/PrincipalInformation/deleteAddress' is clicked on

27-06-2024T16:54:54 - [MESSAGE][PASSED] - Object: 'Object Repository/BackOffice/EncoderNSTP/ClientInformation/PrincipalInformation/plusButtonForAddressDetail' is clicked on

27-06-2024T16:54:55 - [MESSAGE][PASSED] - Delayed 1 second(s)

27-06-2024T16:54:56 - [MESSAGE][PASSED] - All options with index in [2] are selected on object 'Object Repository/BackOffice/EncoderNSTP/ClientInformation/PrincipalInformation/typeOfAddress'

27-06-2024T16:54:57 - [MESSAGE][PASSED] - All options with index in [2] are selected on object 'Object Repository/BackOffice/EncoderNSTP/ClientInformation/PrincipalInformation/residenceOwnershipType'

27-06-2024T16:54:57 - [MESSAGE][PASSED] - Text '4' is set on object 'Object Repository/BackOffice/EncoderNSTP/ClientInformation/PrincipalInformation/lengthOfStayAtCurrentResidance'

27-06-2024T16:54:59 - [MESSAGE][PASSED] - All options with index in [1] are selected on object 'Object Repository/BackOffice/EncoderNSTP/ClientInformation/PrincipalInformation/country'

27-06-2024T16:55:00 - [MESSAGE][PASSED] - All options with index in [1] are selected on object 'Object Repository/BackOffice/EncoderNSTP/ClientInformation/PrincipalInformation/region'

27-06-2024T16:55:01 - [MESSAGE][PASSED] - All options with index in [1] are selected on object 'Object Repository/BackOffice/EncoderNSTP/ClientInformation/PrincipalInformation/provience'

27-06-2024T16:55:02 - [MESSAGE][PASSED] - All options with index in [1] are selected on object 'Object Repository/BackOffice/EncoderNSTP/ClientInformation/PrincipalInformation/townCityMuncipalities'

27-06-2024T16:55:03 - [MESSAGE][PASSED] - All options with index in [1] are selected on object 'Object Repository/BackOffice/EncoderNSTP/ClientInformation/PrincipalInformation/barangay'

27-06-2024T16:55:04 - [MESSAGE][PASSED] - Text 'Mahape Road' is set on object 'Object Repository/BackOffice/EncoderNSTP/ClientInformation/PrincipalInformation/StreetName'

27-06-2024T16:55:05 - [MESSAGE][PASSED] - Text 'Rupa Solitaire' is set on object 'Object Repository/BackOffice/EncoderNSTP/ClientInformation/PrincipalInformation/unitNumberBuildingName'

27-06-2024T16:55:06 - [MESSAGE][PASSED] - Delayed 1 second(s)

27-06-2024T16:55:07 - [MESSAGE][PASSED] - Delayed 1 second(s)

27-06-2024T16:55:07 - [MESSAGE][PASSED] - Taking screenshot successfully
[[ATTACHMENT|D:\\newRCBCProject\\RCBCLOS_Automation\\Reports\\20240627_164728\\DigitalFlows\\DigitalNSTPVouchingMRAC\\EncoderForVouching\\20240627_164738\\Screenshots/Encoder27_06_2404_53_28/Regression27_06_24_04_55_06.jpg]]

27-06-2024T16:55:08 - [MESSAGE][PASSED] - Object: 'Object Repository/BackOffice/EncoderNSTP/ClientInformation/PrincipalInformation/saveAndClose' is clicked on

27-06-2024T16:55:09 - [MESSAGE][PASSED] - All options with index in [1] are selected on object 'Object Repository/BackOffice/EncoderNSTP/ClientInformation/PrincipalInformation/sourceOfWealth'

27-06-2024T16:55:09 - [MESSAGE][PASSED] - All options with index in [1] are selected on object 'Object Repository/BackOffice/EncoderNSTP/ClientInformation/PrincipalInformation/occupation'

27-06-2024T16:55:10 - [MESSAGE][PASSED] - Text 'Mahesh' is set on object 'Object Repository/BackOffice/EncoderNSTP/ClientInformation/PrincipalInformation/companyEmployerName'

27-06-2024T16:55:10 - [MESSAGE][PASSED] - Text 'Test Engineer' is set on object 'Object Repository/BackOffice/EncoderNSTP/ClientInformation/PrincipalInformation/jobTitle'

27-06-2024T16:55:11 - [MESSAGE][PASSED] - Text '3' is set on object 'Object Repository/BackOffice/EncoderNSTP/ClientInformation/PrincipalInformation/numberOfYearsInCurrentCompany'

27-06-2024T16:55:12 - [MESSAGE][PASSED] - Delayed 1 second(s)

27-06-2024T16:55:13 - [MESSAGE][PASSED] - Delayed 1 second(s)

27-06-2024T16:55:13 - [MESSAGE][PASSED] - Taking screenshot successfully
[[ATTACHMENT|D:\\newRCBCProject\\RCBCLOS_Automation\\Reports\\20240627_164728\\DigitalFlows\\DigitalNSTPVouchingMRAC\\EncoderForVouching\\20240627_164738\\Screenshots/Encoder27_06_2404_53_28/Regression27_06_24_04_55_12.jpg]]

27-06-2024T16:55:13 - [MESSAGE][PASSED] - Text '6' is set on object 'Object Repository/BackOffice/EncoderNSTP/ClientInformation/PrincipalInformation/totalYearsOfExperince'

27-06-2024T16:55:14 - [MESSAGE][PASSED] - Text '60000' is set on object 'Object Repository/BackOffice/EncoderNSTP/ClientInformation/PrincipalInformation/declareMonthlyIncome'

27-06-2024T16:55:15 - [MESSAGE][PASSED] - Text '(63) 9356986567' is set on object 'Object Repository/BackOffice/EncoderNSTP/ClientInformation/PrincipalInformation/employerContactNumber'

27-06-2024T16:55:16 - [MESSAGE][PASSED] - Delayed 1 second(s)

27-06-2024T16:55:17 - [MESSAGE][PASSED] - Delayed 1 second(s)

27-06-2024T16:55:17 - [MESSAGE][PASSED] - Taking screenshot successfully
[[ATTACHMENT|D:\\newRCBCProject\\RCBCLOS_Automation\\Reports\\20240627_164728\\DigitalFlows\\DigitalNSTPVouchingMRAC\\EncoderForVouching\\20240627_164738\\Screenshots/Encoder27_06_2404_53_28/Regression27_06_24_04_55_16.jpg]]

27-06-2024T16:55:18 - [MESSAGE][PASSED] - All options with index in [1] are selected on object 'Object Repository/BackOffice/EncoderNSTP/ClientInformation/PrincipalInformation/Industry'

27-06-2024T16:55:18 - [MESSAGE][PASSED] - All options with index in [1] are selected on object 'Object Repository/BackOffice/EncoderNSTP/ClientInformation/PrincipalInformation/subIndustry'

27-06-2024T16:55:19 - [MESSAGE][PASSED] - All options with index in [1] are selected on object 'Object Repository/BackOffice/EncoderNSTP/ClientInformation/PrincipalInformation/natureOfBusiness'

27-06-2024T16:55:20 - [MESSAGE][PASSED] - Delayed 1 second(s)

27-06-2024T16:55:21 - [MESSAGE][PASSED] - Delayed 1 second(s)

27-06-2024T16:55:21 - [MESSAGE][PASSED] - Taking screenshot successfully
[[ATTACHMENT|D:\\newRCBCProject\\RCBCLOS_Automation\\Reports\\20240627_164728\\DigitalFlows\\DigitalNSTPVouchingMRAC\\EncoderForVouching\\20240627_164738\\Screenshots/Encoder27_06_2404_53_28/Regression27_06_24_04_55_20.jpg]]

27-06-2024T16:55:27 - [MESSAGE][PASSED] - Object: 'Object Repository/BackOffice/EncoderNSTP/ClientInformation/PrincipalInformation/saveChanges' is clicked on

27-06-2024T16:55:30 - [MESSAGE][PASSED] - Delayed 2 second(s)

27-06-2024T16:55:32 - [MESSAGE][PASSED] - Object: 'Object Repository/BackOffice/EncoderNSTP/ClientInformation/CoBorrowerDetail/coBorrower' is clicked on

27-06-2024T16:55:32 - [MESSAGE][PASSED] - All options with index in [1] are selected on object 'Object Repository/BackOffice/EncoderNSTP/ClientInformation/CoBorrowerDetail/sex'

27-06-2024T16:55:33 - [MESSAGE][PASSED] - Object: 'Object Repository/BackOffice/EncoderNSTP/ClientInformation/CoBorrowerDetail/dob' is clicked on

27-06-2024T16:55:33 - [MESSAGE][PASSED] - Text '01/01/1994' is set on object 'Object Repository/BackOffice/EncoderNSTP/ClientInformation/CoBorrowerDetail/dob'

27-06-2024T16:55:34 - [MESSAGE][PASSED] - All options with index in [1] are selected on object 'Object Repository/BackOffice/EncoderNSTP/ClientInformation/CoBorrowerDetail/placeOfBirth'

27-06-2024T16:55:35 - [MESSAGE][PASSED] - All options with index in [1] are selected on object 'Object Repository/BackOffice/EncoderNSTP/ClientInformation/CoBorrowerDetail/nationality'

27-06-2024T16:55:35 - [MESSAGE][PASSED] - All options with index in [4] are selected on object 'Object Repository/BackOffice/EncoderNSTP/ClientInformation/CoBorrowerDetail/maritialStatus'

27-06-2024T16:55:36 - [MESSAGE][PASSED] - Delayed 1 second(s)

27-06-2024T16:55:37 - [MESSAGE][PASSED] - Delayed 1 second(s)

27-06-2024T16:55:37 - [MESSAGE][PASSED] - Taking screenshot successfully
[[ATTACHMENT|D:\\newRCBCProject\\RCBCLOS_Automation\\Reports\\20240627_164728\\DigitalFlows\\DigitalNSTPVouchingMRAC\\EncoderForVouching\\20240627_164738\\Screenshots/Encoder27_06_2404_53_28/Regression27_06_24_04_55_36.jpg]]

27-06-2024T16:55:38 - [MESSAGE][PASSED] - All options with index in [1] are selected on object 'Object Repository/BackOffice/EncoderNSTP/ClientInformation/CoBorrowerDetail/idType'

27-06-2024T16:55:38 - [MESSAGE][PASSED] - Text '4464675758758' is set on object 'Object Repository/BackOffice/EncoderNSTP/ClientInformation/CoBorrowerDetail/idNumber'

27-06-2024T16:55:39 - [MESSAGE][PASSED] - Delayed 1 second(s)

27-06-2024T16:55:40 - [MESSAGE][PASSED] - Delayed 1 second(s)

27-06-2024T16:55:41 - [MESSAGE][PASSED] - Taking screenshot successfully
[[ATTACHMENT|D:\\newRCBCProject\\RCBCLOS_Automation\\Reports\\20240627_164728\\DigitalFlows\\DigitalNSTPVouchingMRAC\\EncoderForVouching\\20240627_164738\\Screenshots/Encoder27_06_2404_53_28/Regression27_06_24_04_55_39.jpg]]

27-06-2024T16:55:41 - [MESSAGE][PASSED] - All options with index in [1] are selected on object 'Object Repository/BackOffice/EncoderNSTP/ClientInformation/CoBorrowerDetail/sourceOfWealth'

27-06-2024T16:55:42 - [MESSAGE][PASSED] - All options with index in [1] are selected on object 'Object Repository/BackOffice/EncoderNSTP/ClientInformation/CoBorrowerDetail/occupation'

27-06-2024T16:55:42 - [MESSAGE][PASSED] - Text 'QK' is set on object 'Object Repository/BackOffice/EncoderNSTP/ClientInformation/CoBorrowerDetail/company'

27-06-2024T16:55:43 - [MESSAGE][PASSED] - Text 'Automation Engineer' is set on object 'Object Repository/BackOffice/EncoderNSTP/ClientInformation/CoBorrowerDetail/jobTitle'

27-06-2024T16:55:43 - [MESSAGE][PASSED] - Text '2' is set on object 'Object Repository/BackOffice/EncoderNSTP/ClientInformation/CoBorrowerDetail/yearsInCompany'

27-06-2024T16:55:44 - [MESSAGE][PASSED] - Text '12' is set on object 'Object Repository/BackOffice/EncoderNSTP/ClientInformation/CoBorrowerDetail/totalYearsOfExperience'

27-06-2024T16:55:45 - [MESSAGE][PASSED] - Text '(63) 8787456356' is set on object 'Object Repository/BackOffice/EncoderNSTP/ClientInformation/CoBorrowerDetail/employerContactNumber'

27-06-2024T16:55:46 - [MESSAGE][PASSED] - Delayed 1 second(s)

27-06-2024T16:55:47 - [MESSAGE][PASSED] - Delayed 1 second(s)

27-06-2024T16:55:47 - [MESSAGE][PASSED] - Taking screenshot successfully
[[ATTACHMENT|D:\\newRCBCProject\\RCBCLOS_Automation\\Reports\\20240627_164728\\DigitalFlows\\DigitalNSTPVouchingMRAC\\EncoderForVouching\\20240627_164738\\Screenshots/Encoder27_06_2404_53_28/Regression27_06_24_04_55_46.jpg]]

27-06-2024T16:55:48 - [MESSAGE][PASSED] - All options with index in [1] are selected on object 'Object Repository/BackOffice/EncoderNSTP/ClientInformation/CoBorrowerDetail/industry'

27-06-2024T16:55:48 - [MESSAGE][PASSED] - All options with index in [1] are selected on object 'Object Repository/BackOffice/EncoderNSTP/ClientInformation/CoBorrowerDetail/subIndustry'

27-06-2024T16:55:49 - [MESSAGE][PASSED] - All options with index in [1] are selected on object 'Object Repository/BackOffice/EncoderNSTP/ClientInformation/CoBorrowerDetail/natureOfBussiness'

27-06-2024T16:55:50 - [MESSAGE][PASSED] - Delayed 1 second(s)

27-06-2024T16:55:51 - [MESSAGE][PASSED] - Delayed 1 second(s)

27-06-2024T16:55:51 - [MESSAGE][PASSED] - Taking screenshot successfully
[[ATTACHMENT|D:\\newRCBCProject\\RCBCLOS_Automation\\Reports\\20240627_164728\\DigitalFlows\\DigitalNSTPVouchingMRAC\\EncoderForVouching\\20240627_164738\\Screenshots/Encoder27_06_2404_53_28/Regression27_06_24_04_55_50.jpg]]

27-06-2024T16:55:56 - [MESSAGE][PASSED] - Object: 'Object Repository/BackOffice/EncoderNSTP/ClientInformation/CoBorrowerDetail/save' is clicked on

27-06-2024T16:55:59 - [MESSAGE][PASSED] - Delayed 2 second(s)

27-06-2024T16:55:59 - [MESSAGE][PASSED] - tabSection.CustomerDetail.clientInformationForEncoderNSTP is PASSED

27-06-2024T16:56:01 - [TEST_STEP][PASSED] - Video: Video recording for test case 'Test Cases/NSTP_VouchingMRAC/testCaseForEncoderNSTP/ClientInformation' .

27-06-2024T16:56:01 - [MESSAGE][INFO] - Video recording for test case 'Test Cases/NSTP_VouchingMRAC/testCaseForEncoderNSTP/ClientInformation' .]]></system-out>
         <system-err><![CDATA[]]></system-err>
      </testcase>
      <testcase name="Test Cases/NSTP_VouchingMRAC/testCaseForEncoderNSTP/LoanInformation" time="2.663" classname="Test Cases/NSTP_VouchingMRAC/testCaseForEncoderNSTP/LoanInformation" status="PASSED">
         <system-out><![CDATA[27-06-2024T16:56:01 - [TEST_CASE][PASSED] - Test Cases/NSTP_VouchingMRAC/testCaseForEncoderNSTP/LoanInformation: Test Cases/NSTP_VouchingMRAC/testCaseForEncoderNSTP/LoanInformation

27-06-2024T16:56:01 - [TEST_STEP][PASSED] - tabSection.LoanInformation.loanInfoForEncoder(): tabSection.LoanInformation.loanInfoForEncoder is PASSED

27-06-2024T16:56:02 - [MESSAGE][PASSED] - Object: 'Object Repository/TabSection/LoanInformation' is clicked on

27-06-2024T16:56:02 - [MESSAGE][PASSED] - tabSection.LoanInformation.loanInfoForEncoder is PASSED

27-06-2024T16:56:04 - [TEST_STEP][PASSED] - Video: Video recording for test case 'Test Cases/NSTP_VouchingMRAC/testCaseForEncoderNSTP/LoanInformation' .

27-06-2024T16:56:04 - [MESSAGE][INFO] - Video recording for test case 'Test Cases/NSTP_VouchingMRAC/testCaseForEncoderNSTP/LoanInformation' .]]></system-out>
         <system-err><![CDATA[]]></system-err>
      </testcase>
      <testcase name="Test Cases/NSTP_VouchingMRAC/testCaseForEncoderNSTP/DocumentChecklist" time="6.941" classname="Test Cases/NSTP_VouchingMRAC/testCaseForEncoderNSTP/DocumentChecklist" status="PASSED">
         <system-out><![CDATA[27-06-2024T16:56:04 - [TEST_CASE][PASSED] - Test Cases/NSTP_VouchingMRAC/testCaseForEncoderNSTP/DocumentChecklist: Test Cases/NSTP_VouchingMRAC/testCaseForEncoderNSTP/DocumentChecklist

27-06-2024T16:56:04 - [TEST_STEP][PASSED] - tabSection.DocumentCheckList.documentCheckListForEncoder(): tabSection.DocumentCheckList.documentCheckListForEncoder is PASSED

27-06-2024T16:56:06 - [MESSAGE][PASSED] - Object: 'Object Repository/TabSection/DocumentCheclist' is clicked on

27-06-2024T16:56:07 - [MESSAGE][PASSED] - Delayed 1 second(s)

27-06-2024T16:56:08 - [MESSAGE][PASSED] - Delayed 1 second(s)

27-06-2024T16:56:09 - [MESSAGE][PASSED] - Delayed 1 second(s)

27-06-2024T16:56:09 - [MESSAGE][PASSED] - Taking screenshot successfully
[[ATTACHMENT|D:\\newRCBCProject\\RCBCLOS_Automation\\Reports\\20240627_164728\\DigitalFlows\\DigitalNSTPVouchingMRAC\\EncoderForVouching\\20240627_164738\\Screenshots/Encoder27_06_2404_53_28/Regression27_06_24_04_56_08.jpg]]

27-06-2024T16:56:09 - [MESSAGE][PASSED] - tabSection.DocumentCheckList.documentCheckListForEncoder is PASSED

27-06-2024T16:56:11 - [TEST_STEP][PASSED] - Video: Video recording for test case 'Test Cases/NSTP_VouchingMRAC/testCaseForEncoderNSTP/DocumentChecklist' .

27-06-2024T16:56:11 - [MESSAGE][INFO] - Video recording for test case 'Test Cases/NSTP_VouchingMRAC/testCaseForEncoderNSTP/DocumentChecklist' .]]></system-out>
         <system-err><![CDATA[]]></system-err>
      </testcase>
      <testcase name="Test Cases/NSTP_VouchingMRAC/testCaseForEncoderNSTP/CollateralInformation" time="5.701" classname="Test Cases/NSTP_VouchingMRAC/testCaseForEncoderNSTP/CollateralInformation" status="PASSED">
         <system-out><![CDATA[27-06-2024T16:56:11 - [TEST_CASE][PASSED] - Test Cases/NSTP_VouchingMRAC/testCaseForEncoderNSTP/CollateralInformation: Test Cases/NSTP_VouchingMRAC/testCaseForEncoderNSTP/CollateralInformation

27-06-2024T16:56:11 - [TEST_STEP][PASSED] - tabSection.CollateralInformation.collateralInformationForEncoder(): tabSection.CollateralInformation.collateralInformationForEncoder is PASSED

27-06-2024T16:56:11 - [MESSAGE][PASSED] - Object: 'Object Repository/TabSection/CollateralInformation' is clicked on

27-06-2024T16:56:12 - [MESSAGE][PASSED] - Delayed 1 second(s)

27-06-2024T16:56:13 - [MESSAGE][PASSED] - Delayed 1 second(s)

27-06-2024T16:56:14 - [MESSAGE][PASSED] - Delayed 1 second(s)

27-06-2024T16:56:15 - [MESSAGE][PASSED] - Taking screenshot successfully
[[ATTACHMENT|D:\\newRCBCProject\\RCBCLOS_Automation\\Reports\\20240627_164728\\DigitalFlows\\DigitalNSTPVouchingMRAC\\EncoderForVouching\\20240627_164738\\Screenshots/Encoder27_06_2404_53_28/Regression27_06_24_04_56_13.jpg]]

27-06-2024T16:56:15 - [MESSAGE][PASSED] - tabSection.CollateralInformation.collateralInformationForEncoder is PASSED

27-06-2024T16:56:17 - [TEST_STEP][PASSED] - Video: Video recording for test case 'Test Cases/NSTP_VouchingMRAC/testCaseForEncoderNSTP/CollateralInformation' .

27-06-2024T16:56:17 - [MESSAGE][INFO] - Video recording for test case 'Test Cases/NSTP_VouchingMRAC/testCaseForEncoderNSTP/CollateralInformation' .]]></system-out>
         <system-err><![CDATA[]]></system-err>
      </testcase>
      <testcase name="Test Cases/NSTP_VouchingMRAC/testCaseForEncoderNSTP/CheckEligibility" time="8.478" classname="Test Cases/NSTP_VouchingMRAC/testCaseForEncoderNSTP/CheckEligibility" status="PASSED">
         <system-out><![CDATA[27-06-2024T16:56:17 - [TEST_CASE][PASSED] - Test Cases/NSTP_VouchingMRAC/testCaseForEncoderNSTP/CheckEligibility: Test Cases/NSTP_VouchingMRAC/testCaseForEncoderNSTP/CheckEligibility

27-06-2024T16:56:17 - [TEST_STEP][PASSED] - tabSection.CheckEligibility.checkEligibilityForEncoderNSTPVouching(): tabSection.CheckEligibility.checkEligibilityForEncoderNSTPVouching is PASSED

27-06-2024T16:56:17 - [MESSAGE][PASSED] - Object: 'Object Repository/TabSection/checkEligibility' is clicked on

27-06-2024T16:56:18 - [MESSAGE][PASSED] - Text '2000' is set on object 'Object Repository/BackOffice/EncoderNSTP/checkEligibility/quickCheckNumericalScore'

27-06-2024T16:56:19 - [MESSAGE][PASSED] - All options with index in [5] are selected on object 'Object Repository/BackOffice/EncoderNSTP/checkEligibility/quickCheckRiskLevel'

27-06-2024T16:56:19 - [MESSAGE][PASSED] - Text '3000' is set on object 'Object Repository/BackOffice/EncoderNSTP/checkEligibility/compreCheckNumricalScore'

27-06-2024T16:56:20 - [MESSAGE][PASSED] - All options with index in [5] are selected on object 'Object Repository/BackOffice/EncoderNSTP/checkEligibility/compreCheckRiskLevel'

27-06-2024T16:56:21 - [MESSAGE][PASSED] - Delayed 1 second(s)

27-06-2024T16:56:22 - [MESSAGE][PASSED] - Delayed 1 second(s)

27-06-2024T16:56:23 - [MESSAGE][PASSED] - Delayed 1 second(s)

27-06-2024T16:56:23 - [MESSAGE][PASSED] - Taking screenshot successfully
[[ATTACHMENT|D:\\newRCBCProject\\RCBCLOS_Automation\\Reports\\20240627_164728\\DigitalFlows\\DigitalNSTPVouchingMRAC\\EncoderForVouching\\20240627_164738\\Screenshots/Encoder27_06_2404_53_28/Regression27_06_24_04_56_22.jpg]]

27-06-2024T16:56:23 - [MESSAGE][PASSED] - tabSection.CheckEligibility.checkEligibilityForEncoderNSTPVouching is PASSED

27-06-2024T16:56:25 - [TEST_STEP][PASSED] - Video: Video recording for test case 'Test Cases/NSTP_VouchingMRAC/testCaseForEncoderNSTP/CheckEligibility' .

27-06-2024T16:56:25 - [MESSAGE][INFO] - Video recording for test case 'Test Cases/NSTP_VouchingMRAC/testCaseForEncoderNSTP/CheckEligibility' .]]></system-out>
         <system-err><![CDATA[]]></system-err>
      </testcase>
      <testcase name="Test Cases/NSTP_VouchingMRAC/testCaseForEncoderNSTP/CreditEvaluation" time="5.74" classname="Test Cases/NSTP_VouchingMRAC/testCaseForEncoderNSTP/CreditEvaluation" status="PASSED">
         <system-out><![CDATA[27-06-2024T16:56:25 - [TEST_CASE][PASSED] - Test Cases/NSTP_VouchingMRAC/testCaseForEncoderNSTP/CreditEvaluation: Test Cases/NSTP_VouchingMRAC/testCaseForEncoderNSTP/CreditEvaluation

27-06-2024T16:56:25 - [TEST_STEP][PASSED] - tabSection.CreditEvaluation.creditEvaluationForEncoderNSTP(): tabSection.CreditEvaluation.creditEvaluationForEncoderNSTP is PASSED

27-06-2024T16:56:26 - [MESSAGE][PASSED] - Object: 'Object Repository/TabSection/creditEvaluation' is clicked on

27-06-2024T16:56:27 - [MESSAGE][PASSED] - Delayed 1 second(s)

27-06-2024T16:56:28 - [MESSAGE][PASSED] - Delayed 1 second(s)

27-06-2024T16:56:29 - [MESSAGE][PASSED] - Delayed 1 second(s)

27-06-2024T16:56:29 - [MESSAGE][PASSED] - Taking screenshot successfully
[[ATTACHMENT|D:\\newRCBCProject\\RCBCLOS_Automation\\Reports\\20240627_164728\\DigitalFlows\\DigitalNSTPVouchingMRAC\\EncoderForVouching\\20240627_164738\\Screenshots/Encoder27_06_2404_53_28/Regression27_06_24_04_56_28.jpg]]

27-06-2024T16:56:29 - [MESSAGE][PASSED] - tabSection.CreditEvaluation.creditEvaluationForEncoderNSTP is PASSED

27-06-2024T16:56:31 - [TEST_STEP][PASSED] - Video: Video recording for test case 'Test Cases/NSTP_VouchingMRAC/testCaseForEncoderNSTP/CreditEvaluation' .

27-06-2024T16:56:31 - [MESSAGE][INFO] - Video recording for test case 'Test Cases/NSTP_VouchingMRAC/testCaseForEncoderNSTP/CreditEvaluation' .]]></system-out>
         <system-err><![CDATA[]]></system-err>
      </testcase>
      <testcase name="Test Cases/NSTP_VouchingMRAC/testCaseForEncoderNSTP/CreditInvestigation" time="5.958" classname="Test Cases/NSTP_VouchingMRAC/testCaseForEncoderNSTP/CreditInvestigation" status="PASSED">
         <system-out><![CDATA[27-06-2024T16:56:31 - [TEST_CASE][PASSED] - Test Cases/NSTP_VouchingMRAC/testCaseForEncoderNSTP/CreditInvestigation: Test Cases/NSTP_VouchingMRAC/testCaseForEncoderNSTP/CreditInvestigation

27-06-2024T16:56:31 - [TEST_STEP][PASSED] - tabSection.CreditInvestigation.creditInvestigationForEncoder(): tabSection.CreditInvestigation.creditInvestigationForEncoder is PASSED

27-06-2024T16:56:31 - [MESSAGE][PASSED] - Object: 'Object Repository/TabSection/creditInvestigation' is clicked on

27-06-2024T16:56:32 - [MESSAGE][PASSED] - Delayed 1 second(s)

27-06-2024T16:56:33 - [MESSAGE][PASSED] - Delayed 1 second(s)

27-06-2024T16:56:34 - [MESSAGE][PASSED] - Delayed 1 second(s)

27-06-2024T16:56:35 - [MESSAGE][PASSED] - Taking screenshot successfully
[[ATTACHMENT|D:\\newRCBCProject\\RCBCLOS_Automation\\Reports\\20240627_164728\\DigitalFlows\\DigitalNSTPVouchingMRAC\\EncoderForVouching\\20240627_164738\\Screenshots/Encoder27_06_2404_53_28/Regression27_06_24_04_56_33.jpg]]

27-06-2024T16:56:35 - [MESSAGE][PASSED] - Object: 'Object Repository/TabSection/nextArrowButton' is clicked on

27-06-2024T16:56:35 - [MESSAGE][PASSED] - tabSection.CreditInvestigation.creditInvestigationForEncoder is PASSED

27-06-2024T16:56:37 - [TEST_STEP][PASSED] - Video: Video recording for test case 'Test Cases/NSTP_VouchingMRAC/testCaseForEncoderNSTP/CreditInvestigation' .

27-06-2024T16:56:37 - [MESSAGE][INFO] - Video recording for test case 'Test Cases/NSTP_VouchingMRAC/testCaseForEncoderNSTP/CreditInvestigation' .]]></system-out>
         <system-err><![CDATA[]]></system-err>
      </testcase>
      <testcase name="Test Cases/NSTP_VouchingMRAC/testCaseForEncoderNSTP/InsuranceInformation" time="6.032" classname="Test Cases/NSTP_VouchingMRAC/testCaseForEncoderNSTP/InsuranceInformation" status="PASSED">
         <system-out><![CDATA[27-06-2024T16:56:37 - [TEST_CASE][PASSED] - Test Cases/NSTP_VouchingMRAC/testCaseForEncoderNSTP/InsuranceInformation: Test Cases/NSTP_VouchingMRAC/testCaseForEncoderNSTP/InsuranceInformation

27-06-2024T16:56:37 - [TEST_STEP][PASSED] - tabSection.InsuranceInformation.insuranceInformationForEncoder(): tabSection.InsuranceInformation.insuranceInformationForEncoder is PASSED

27-06-2024T16:56:37 - [MESSAGE][PASSED] - Object: 'Object Repository/TabSection/InsuranceInformation' is clicked on

27-06-2024T16:56:38 - [MESSAGE][PASSED] - Delayed 1 second(s)

27-06-2024T16:56:39 - [MESSAGE][PASSED] - Delayed 1 second(s)

27-06-2024T16:56:40 - [MESSAGE][PASSED] - Delayed 1 second(s)

27-06-2024T16:56:41 - [MESSAGE][PASSED] - Taking screenshot successfully
[[ATTACHMENT|D:\\newRCBCProject\\RCBCLOS_Automation\\Reports\\20240627_164728\\DigitalFlows\\DigitalNSTPVouchingMRAC\\EncoderForVouching\\20240627_164738\\Screenshots/Encoder27_06_2404_53_28/Regression27_06_24_04_56_39.jpg]]

27-06-2024T16:56:41 - [MESSAGE][PASSED] - Object: 'Object Repository/TabSection/nextArrowButton' is clicked on

27-06-2024T16:56:41 - [MESSAGE][PASSED] - tabSection.InsuranceInformation.insuranceInformationForEncoder is PASSED

27-06-2024T16:56:43 - [TEST_STEP][PASSED] - Video: Video recording for test case 'Test Cases/NSTP_VouchingMRAC/testCaseForEncoderNSTP/InsuranceInformation' .

27-06-2024T16:56:43 - [MESSAGE][INFO] - Video recording for test case 'Test Cases/NSTP_VouchingMRAC/testCaseForEncoderNSTP/InsuranceInformation' .]]></system-out>
         <system-err><![CDATA[]]></system-err>
      </testcase>
      <testcase name="Test Cases/NSTP_VouchingMRAC/testCaseForEncoderNSTP/DisbursementInformation" time="6.089" classname="Test Cases/NSTP_VouchingMRAC/testCaseForEncoderNSTP/DisbursementInformation" status="PASSED">
         <system-out><![CDATA[27-06-2024T16:56:43 - [TEST_CASE][PASSED] - Test Cases/NSTP_VouchingMRAC/testCaseForEncoderNSTP/DisbursementInformation: Test Cases/NSTP_VouchingMRAC/testCaseForEncoderNSTP/DisbursementInformation

27-06-2024T16:56:43 - [TEST_STEP][PASSED] - tabSection.DisbursementInfo.disbursementInformationForEncoder(): tabSection.DisbursementInfo.disbursementInformationForEncoder is PASSED

27-06-2024T16:56:43 - [MESSAGE][PASSED] - Object: 'Object Repository/TabSection/DisbursementInformation' is clicked on

27-06-2024T16:56:44 - [MESSAGE][PASSED] - Delayed 1 second(s)

27-06-2024T16:56:45 - [MESSAGE][PASSED] - Delayed 1 second(s)

27-06-2024T16:56:46 - [MESSAGE][PASSED] - Delayed 1 second(s)

27-06-2024T16:56:47 - [MESSAGE][PASSED] - Taking screenshot successfully
[[ATTACHMENT|D:\\newRCBCProject\\RCBCLOS_Automation\\Reports\\20240627_164728\\DigitalFlows\\DigitalNSTPVouchingMRAC\\EncoderForVouching\\20240627_164738\\Screenshots/Encoder27_06_2404_53_28/Regression27_06_24_04_56_45.jpg]]

27-06-2024T16:56:47 - [MESSAGE][PASSED] - Object: 'Object Repository/TabSection/nextArrowButton' is clicked on

27-06-2024T16:56:47 - [MESSAGE][PASSED] - tabSection.DisbursementInfo.disbursementInformationForEncoder is PASSED

27-06-2024T16:56:49 - [TEST_STEP][PASSED] - Video: Video recording for test case 'Test Cases/NSTP_VouchingMRAC/testCaseForEncoderNSTP/DisbursementInformation' .

27-06-2024T16:56:49 - [MESSAGE][INFO] - Video recording for test case 'Test Cases/NSTP_VouchingMRAC/testCaseForEncoderNSTP/DisbursementInformation' .]]></system-out>
         <system-err><![CDATA[]]></system-err>
      </testcase>
      <testcase name="Test Cases/NSTP_VouchingMRAC/testCaseForEncoderNSTP/Action" time="21.087" classname="Test Cases/NSTP_VouchingMRAC/testCaseForEncoderNSTP/Action" status="PASSED">
         <system-out><![CDATA[27-06-2024T16:56:49 - [TEST_CASE][PASSED] - Test Cases/NSTP_VouchingMRAC/testCaseForEncoderNSTP/Action: Test Cases/NSTP_VouchingMRAC/testCaseForEncoderNSTP/Action

27-06-2024T16:56:49 - [TEST_STEP][PASSED] - tabSection.Action.submitForAO(): tabSection.Action.submitForAO is PASSED

27-06-2024T16:56:52 - [MESSAGE][PASSED] - Object: 'Object Repository/TabSection/Action' is clicked on

27-06-2024T16:56:52 - [MESSAGE][PASSED] - Object 'Object Repository/Action/Decision' is visible

27-06-2024T16:56:53 - [MESSAGE][PASSED] - All options with index in [1] are selected on object 'Object Repository/Action/Decision'

27-06-2024T16:56:53 - [MESSAGE][PASSED] - Text 'OK' is set on object 'Object Repository/Action/Remarks'

27-06-2024T16:56:53 - [MESSAGE][PASSED] - Current window's title is: 'Encoder : LOS-3539'

27-06-2024T16:56:53 - [MESSAGE][PASSED] - Text of object 'Object Repository/Action/referenceNumber' is: 'Encoder : LOS-3539'

27-06-2024T16:56:53 - [MESSAGE][INFO] - LOS-3539

27-06-2024T16:56:54 - [MESSAGE][PASSED] - Object: 'Object Repository/Action/SubmitButton' is clicked on

27-06-2024T16:56:54 - [MESSAGE][PASSED] - Taking screenshot successfully
[[ATTACHMENT|D:\\newRCBCProject\\RCBCLOS_Automation\\Reports\\20240627_164728\\DigitalFlows\\DigitalNSTPVouchingMRAC\\EncoderForVouching\\20240627_164738\\1719487614598.png]]

27-06-2024T16:56:55 - [MESSAGE][PASSED] - Delayed 1 second(s)

27-06-2024T16:56:56 - [MESSAGE][PASSED] - Delayed 1 second(s)

27-06-2024T16:56:57 - [MESSAGE][PASSED] - Delayed 1 second(s)

27-06-2024T16:56:57 - [MESSAGE][PASSED] - Taking screenshot successfully
[[ATTACHMENT|D:\\newRCBCProject\\RCBCLOS_Automation\\Reports\\20240627_164728\\DigitalFlows\\DigitalNSTPVouchingMRAC\\EncoderForVouching\\20240627_164738\\Screenshots/Encoder27_06_2404_53_28/Regression27_06_24_04_56_56.jpg]]

27-06-2024T16:57:06 - [MESSAGE][PASSED] - Object: 'Object Repository/Action/confirmYes' is clicked on

27-06-2024T16:57:08 - [MESSAGE][PASSED] - Delayed 2 second(s)

27-06-2024T16:57:08 - [MESSAGE][PASSED] - tabSection.Action.submitForAO is PASSED

27-06-2024T16:57:10 - [TEST_STEP][PASSED] - Video: Video recording for test case 'Test Cases/NSTP_VouchingMRAC/testCaseForEncoderNSTP/Action' .

27-06-2024T16:57:10 - [MESSAGE][INFO] - Video recording for test case 'Test Cases/NSTP_VouchingMRAC/testCaseForEncoderNSTP/Action' .]]></system-out>
         <system-err><![CDATA[]]></system-err>
      </testcase>
      <testcase name="Test Cases/LogOut/logout" time="15.791" classname="Test Cases/LogOut/logout" status="PASSED">
         <system-out><![CDATA[27-06-2024T16:57:10 - [TEST_CASE][PASSED] - Test Cases/LogOut/logout: Test Cases/LogOut/logout

27-06-2024T16:57:10 - [TEST_STEP][PASSED] - signOutibps.SignOut.logout(): signOutibps.SignOut.logout is PASSED

27-06-2024T16:57:10 - [MESSAGE][PASSED] - Switched to window with index: '0'

27-06-2024T16:57:11 - [MESSAGE][PASSED] - Delayed 1 second(s)

27-06-2024T16:57:12 - [MESSAGE][PASSED] - All options with index in [2] are selected on object 'Object Repository/ibpsLogOut/selectProcess'

27-06-2024T16:57:13 - [MESSAGE][PASSED] - Delayed 1 second(s)

27-06-2024T16:57:13 - [MESSAGE][PASSED] - Object: 'Object Repository/ibpsLogOut/searchBar' is double clicked on

27-06-2024T16:57:13 - [MESSAGE][PASSED] - Keys 'LOS-3539' sent to object: 'Object Repository/ibpsLogOut/searchBar'

27-06-2024T16:57:13 - [MESSAGE][PASSED] - Keys 'ENTER + ' sent to object: 'Object Repository/ibpsLogOut/searchBar'

27-06-2024T16:57:14 - [MESSAGE][PASSED] - Delayed 1 second(s)

27-06-2024T16:57:15 - [MESSAGE][PASSED] - Delayed 1 second(s)

27-06-2024T16:57:16 - [MESSAGE][PASSED] - Delayed 1 second(s)

27-06-2024T16:57:16 - [MESSAGE][PASSED] - Taking screenshot successfully
[[ATTACHMENT|D:\\newRCBCProject\\RCBCLOS_Automation\\Reports\\20240627_164728\\DigitalFlows\\DigitalNSTPVouchingMRAC\\EncoderForVouching\\20240627_164738\\Screenshots/Encoder27_06_2404_53_28/Regression27_06_24_04_57_15.jpg]]

27-06-2024T16:57:18 - [MESSAGE][PASSED] - Delayed 2 second(s)

27-06-2024T16:57:19 - [MESSAGE][PASSED] - Object: 'Object Repository/ibpsLogOut/label_QK_CO7' is clicked on

27-06-2024T16:57:21 - [MESSAGE][PASSED] - Delayed 2 second(s)

27-06-2024T16:57:21 - [MESSAGE][PASSED] - Object: 'Object Repository/ibpsLogOut/Logout' is clicked on

27-06-2024T16:57:22 - [MESSAGE][PASSED] - Delayed 1 second(s)

27-06-2024T16:57:23 - [MESSAGE][PASSED] - Delayed 1 second(s)

27-06-2024T16:57:24 - [MESSAGE][PASSED] - Delayed 1 second(s)

27-06-2024T16:57:24 - [MESSAGE][PASSED] - Taking screenshot successfully
[[ATTACHMENT|D:\\newRCBCProject\\RCBCLOS_Automation\\Reports\\20240627_164728\\DigitalFlows\\DigitalNSTPVouchingMRAC\\EncoderForVouching\\20240627_164738\\Screenshots/Encoder27_06_2404_53_28/Regression27_06_24_04_57_23.jpg]]

27-06-2024T16:57:24 - [MESSAGE][PASSED] - signOutibps.SignOut.logout is PASSED

27-06-2024T16:57:26 - [TEST_STEP][PASSED] - Video: Video recording for test case 'Test Cases/LogOut/logout' .

27-06-2024T16:57:26 - [MESSAGE][INFO] - Video recording for test case 'Test Cases/LogOut/logout' .]]></system-out>
         <system-err><![CDATA[]]></system-err>
      </testcase>
      <system-out><![CDATA[27-06-2024T16:53:19 - [TEST_SUITE][PASSED] - EncoderForVouching: Test Cases/LogOut/logout]]></system-out>
      <system-err><![CDATA[]]></system-err>
   </testsuite>
</testsuites>
