<?xml version="1.0" encoding="UTF-8"?>
<testsuites name="SD_Approver" time="298.831" tests="16" failures="0" errors="0">
   <testsuite name="SD_Approver" tests="16" failures="0" errors="0" time="298.831" skipped="0" timestamp="29-06-2024T18:57:23" hostname="Adarsh.Lohar - QKNBK2037.qkcorp.qualitykiosk.com" id="Test Suites/DigitalFlows/NSTPDigitalLowCashout/SD_Approver">
      <properties>
         <property name="deviceName" value=""/>
         <property name="devicePlatform"/>
         <property name="logFolder" value="D:\\newRCBCProject\\RCBCLOS_Automation\\Reports\\20240629_181257\\DigitalFlows\\NSTPDigitalLowCashout\\SD_Approver\\20240629_181318"/>
         <property name="logFiles" value="D:\\newRCBCProject\\RCBCLOS_Automation\\Reports\\20240629_181257\\DigitalFlows\\NSTPDigitalLowCashout\\SD_Approver\\20240629_181318\\execution0.log"/>
         <property name="attachments" value="D:\\newRCBCProject\\RCBCLOS_Automation\\Reports\\20240629_181257\\DigitalFlows\\NSTPDigitalLowCashout\\SD_Approver\\20240629_181318\\Screenshots/Approver29_06_2406_57_41/Regression29_06_24_06_57_42.jpg, D:\\newRCBCProject\\RCBCLOS_Automation\\Reports\\20240629_181257\\DigitalFlows\\NSTPDigitalLowCashout\\SD_Approver\\20240629_181318\\Screenshots/Approver29_06_2406_57_41/Regression29_06_24_06_58_10.jpg, D:\\newRCBCProject\\RCBCLOS_Automation\\Reports\\20240629_181257\\DigitalFlows\\NSTPDigitalLowCashout\\SD_Approver\\20240629_181318\\Screenshots/Approver29_06_2406_57_41/Regression29_06_24_06_58_25.jpg, D:\\newRCBCProject\\RCBCLOS_Automation\\Reports\\20240629_181257\\DigitalFlows\\NSTPDigitalLowCashout\\SD_Approver\\20240629_181318\\Screenshots/Approver29_06_2406_57_41/Regression29_06_24_06_58_29.jpg, D:\\newRCBCProject\\RCBCLOS_Automation\\Reports\\20240629_181257\\DigitalFlows\\NSTPDigitalLowCashout\\SD_Approver\\20240629_181318\\Screenshots/Approver29_06_2406_57_41/Regression29_06_24_06_58_32.jpg, D:\\newRCBCProject\\RCBCLOS_Automation\\Reports\\20240629_181257\\DigitalFlows\\NSTPDigitalLowCashout\\SD_Approver\\20240629_181318\\Screenshots/Approver29_06_2406_57_41/Regression29_06_24_06_58_36.jpg, D:\\newRCBCProject\\RCBCLOS_Automation\\Reports\\20240629_181257\\DigitalFlows\\NSTPDigitalLowCashout\\SD_Approver\\20240629_181318\\Screenshots/Approver29_06_2406_57_41/Regression29_06_24_06_58_40.jpg, D:\\newRCBCProject\\RCBCLOS_Automation\\Reports\\20240629_181257\\DigitalFlows\\NSTPDigitalLowCashout\\SD_Approver\\20240629_181318\\Screenshots/Approver29_06_2406_57_41/Regression29_06_24_06_58_43.jpg, D:\\newRCBCProject\\RCBCLOS_Automation\\Reports\\20240629_181257\\DigitalFlows\\NSTPDigitalLowCashout\\SD_Approver\\20240629_181318\\Screenshots/Approver29_06_2406_57_41/Regression29_06_24_06_58_47.jpg, D:\\newRCBCProject\\RCBCLOS_Automation\\Reports\\20240629_181257\\DigitalFlows\\NSTPDigitalLowCashout\\SD_Approver\\20240629_181318\\Screenshots/Approver29_06_2406_57_41/Regression29_06_24_06_58_51.jpg, D:\\newRCBCProject\\RCBCLOS_Automation\\Reports\\20240629_181257\\DigitalFlows\\NSTPDigitalLowCashout\\SD_Approver\\20240629_181318\\Screenshots/Approver29_06_2406_57_41/Regression29_06_24_06_58_59.jpg, D:\\newRCBCProject\\RCBCLOS_Automation\\Reports\\20240629_181257\\DigitalFlows\\NSTPDigitalLowCashout\\SD_Approver\\20240629_181318\\Screenshots/Approver29_06_2406_57_41/Regression29_06_24_06_59_03.jpg, D:\\newRCBCProject\\RCBCLOS_Automation\\Reports\\20240629_181257\\DigitalFlows\\NSTPDigitalLowCashout\\SD_Approver\\20240629_181318\\Screenshots/Approver29_06_2406_57_41/Regression29_06_24_06_59_07.jpg, D:\\newRCBCProject\\RCBCLOS_Automation\\Reports\\20240629_181257\\DigitalFlows\\NSTPDigitalLowCashout\\SD_Approver\\20240629_181318\\Screenshots/Approver29_06_2406_57_41/Regression29_06_24_06_59_11.jpg, D:\\newRCBCProject\\RCBCLOS_Automation\\Reports\\20240629_181257\\DigitalFlows\\NSTPDigitalLowCashout\\SD_Approver\\20240629_181318\\Screenshots/Approver29_06_2406_57_41/Regression29_06_24_06_59_14.jpg, D:\\newRCBCProject\\RCBCLOS_Automation\\Reports\\20240629_181257\\DigitalFlows\\NSTPDigitalLowCashout\\SD_Approver\\20240629_181318\\Screenshots/Approver29_06_2406_57_41/Regression29_06_24_06_59_18.jpg, D:\\newRCBCProject\\RCBCLOS_Automation\\Reports\\20240629_181257\\DigitalFlows\\NSTPDigitalLowCashout\\SD_Approver\\20240629_181318\\Screenshots/Approver29_06_2406_57_41/Regression29_06_24_06_59_22.jpg, D:\\newRCBCProject\\RCBCLOS_Automation\\Reports\\20240629_181257\\DigitalFlows\\NSTPDigitalLowCashout\\SD_Approver\\20240629_181318\\Screenshots/Approver29_06_2406_57_41/Regression29_06_24_06_59_32.jpg, D:\\newRCBCProject\\RCBCLOS_Automation\\Reports\\20240629_181257\\DigitalFlows\\NSTPDigitalLowCashout\\SD_Approver\\20240629_181318\\Screenshots/Approver29_06_2406_57_41/Regression29_06_24_06_59_36.jpg, D:\\newRCBCProject\\RCBCLOS_Automation\\Reports\\20240629_181257\\DigitalFlows\\NSTPDigitalLowCashout\\SD_Approver\\20240629_181318\\Screenshots/Approver29_06_2406_57_41/Regression29_06_24_06_59_39.jpg, D:\\newRCBCProject\\RCBCLOS_Automation\\Reports\\20240629_181257\\DigitalFlows\\NSTPDigitalLowCashout\\SD_Approver\\20240629_181318\\Screenshots/Approver29_06_2406_57_41/Regression29_06_24_06_59_46.jpg, D:\\newRCBCProject\\RCBCLOS_Automation\\Reports\\20240629_181257\\DigitalFlows\\NSTPDigitalLowCashout\\SD_Approver\\20240629_181318\\Screenshots/Approver29_06_2406_57_41/Regression29_06_24_06_59_53.jpg, D:\\newRCBCProject\\RCBCLOS_Automation\\Reports\\20240629_181257\\DigitalFlows\\NSTPDigitalLowCashout\\SD_Approver\\20240629_181318\\Screenshots/Approver29_06_2406_57_41/Regression29_06_24_06_59_59.jpg, D:\\newRCBCProject\\RCBCLOS_Automation\\Reports\\20240629_181257\\DigitalFlows\\NSTPDigitalLowCashout\\SD_Approver\\20240629_181318\\Screenshots/Approver29_06_2406_57_41/Regression29_06_24_07_00_02.jpg, D:\\newRCBCProject\\RCBCLOS_Automation\\Reports\\20240629_181257\\DigitalFlows\\NSTPDigitalLowCashout\\SD_Approver\\20240629_181318\\Screenshots/Approver29_06_2406_57_41/Regression29_06_24_07_00_06.jpg, D:\\newRCBCProject\\RCBCLOS_Automation\\Reports\\20240629_181257\\DigitalFlows\\NSTPDigitalLowCashout\\SD_Approver\\20240629_181318\\Screenshots/Approver29_06_2406_57_41/Regression29_06_24_07_00_13.jpg, D:\\newRCBCProject\\RCBCLOS_Automation\\Reports\\20240629_181257\\DigitalFlows\\NSTPDigitalLowCashout\\SD_Approver\\20240629_181318\\Screenshots/Approver29_06_2406_57_41/Regression29_06_24_07_00_16.jpg, D:\\newRCBCProject\\RCBCLOS_Automation\\Reports\\20240629_181257\\DigitalFlows\\NSTPDigitalLowCashout\\SD_Approver\\20240629_181318\\Screenshots/Approver29_06_2406_57_41/Regression29_06_24_07_00_20.jpg, D:\\newRCBCProject\\RCBCLOS_Automation\\Reports\\20240629_181257\\DigitalFlows\\NSTPDigitalLowCashout\\SD_Approver\\20240629_181318\\Screenshots/Approver29_06_2406_57_41/Regression29_06_24_07_00_27.jpg, D:\\newRCBCProject\\RCBCLOS_Automation\\Reports\\20240629_181257\\DigitalFlows\\NSTPDigitalLowCashout\\SD_Approver\\20240629_181318\\Screenshots/Approver29_06_2406_57_41/Regression29_06_24_07_00_39.jpg, D:\\newRCBCProject\\RCBCLOS_Automation\\Reports\\20240629_181257\\DigitalFlows\\NSTPDigitalLowCashout\\SD_Approver\\20240629_181318\\Screenshots/Approver29_06_2406_57_41/Regression29_06_24_07_00_55.jpg, D:\\newRCBCProject\\RCBCLOS_Automation\\Reports\\20240629_181257\\DigitalFlows\\NSTPDigitalLowCashout\\SD_Approver\\20240629_181318\\Screenshots/Approver29_06_2406_57_41/Regression29_06_24_07_01_03.jpg, D:\\newRCBCProject\\RCBCLOS_Automation\\Reports\\20240629_181257\\DigitalFlows\\NSTPDigitalLowCashout\\SD_Approver\\20240629_181318\\Screenshots/Approver29_06_2406_57_41/Regression29_06_24_07_01_06.jpg, D:\\newRCBCProject\\RCBCLOS_Automation\\Reports\\20240629_181257\\DigitalFlows\\NSTPDigitalLowCashout\\SD_Approver\\20240629_181318\\Screenshots/Approver29_06_2406_57_41/Regression29_06_24_07_01_10.jpg, D:\\newRCBCProject\\RCBCLOS_Automation\\Reports\\20240629_181257\\DigitalFlows\\NSTPDigitalLowCashout\\SD_Approver\\20240629_181318\\Screenshots/Approver29_06_2406_57_41/Regression29_06_24_07_01_17.jpg, D:\\newRCBCProject\\RCBCLOS_Automation\\Reports\\20240629_181257\\DigitalFlows\\NSTPDigitalLowCashout\\SD_Approver\\20240629_181318\\Screenshots/Approver29_06_2406_57_41/Regression29_06_24_07_01_24.jpg, D:\\newRCBCProject\\RCBCLOS_Automation\\Reports\\20240629_181257\\DigitalFlows\\NSTPDigitalLowCashout\\SD_Approver\\20240629_181318\\Screenshots/Approver29_06_2406_57_41/Regression29_06_24_07_01_32.jpg, D:\\newRCBCProject\\RCBCLOS_Automation\\Reports\\20240629_181257\\DigitalFlows\\NSTPDigitalLowCashout\\SD_Approver\\20240629_181318\\Screenshots/Approver29_06_2406_57_41/Regression29_06_24_07_01_41.jpg, D:\\newRCBCProject\\RCBCLOS_Automation\\Reports\\20240629_181257\\DigitalFlows\\NSTPDigitalLowCashout\\SD_Approver\\20240629_181318\\Screenshots/Approver29_06_2406_57_41/Regression29_06_24_07_01_45.jpg, D:\\newRCBCProject\\RCBCLOS_Automation\\Reports\\20240629_181257\\DigitalFlows\\NSTPDigitalLowCashout\\SD_Approver\\20240629_181318\\1719667912639.png, D:\\newRCBCProject\\RCBCLOS_Automation\\Reports\\20240629_181257\\DigitalFlows\\NSTPDigitalLowCashout\\SD_Approver\\20240629_181318\\Screenshots/Approver29_06_2406_57_41/Regression29_06_24_07_01_54.jpg, D:\\newRCBCProject\\RCBCLOS_Automation\\Reports\\20240629_181257\\DigitalFlows\\NSTPDigitalLowCashout\\SD_Approver\\20240629_181318\\1719667925023.png, D:\\newRCBCProject\\RCBCLOS_Automation\\Reports\\20240629_181257\\DigitalFlows\\NSTPDigitalLowCashout\\SD_Approver\\20240629_181318\\Screenshots/Approver29_06_2406_57_41/Regression29_06_24_07_02_10.jpg, D:\\newRCBCProject\\RCBCLOS_Automation\\Reports\\20240629_181257\\DigitalFlows\\NSTPDigitalLowCashout\\SD_Approver\\20240629_181318\\Screenshots/Approver29_06_2406_57_41/Regression29_06_24_07_02_19.jpg"/>
         <property name="hostName" value="Adarsh.Lohar - QKNBK2037.qkcorp.qualitykiosk.com"/>
         <property name="os" value="Windows 10 64bit"/>
         <property name="katalonVersion" value="9.5.0.217"/>
         <property name="browser" value="Edge Chromium 126"/>
         <property name="hostAddress" value="192.168.0.103"/>
         <property name="sessionId" value="bb97dc130a3f4125ead1b790a88e934d"/>
         <property name="seleniumVersion" value="3.141.59"/>
         <property name="proxyInformation" value="ProxyInformation { proxyOption=NO_PROXY, proxyServerType=HTTP, username=, password=********, proxyServerAddress=, proxyServerPort=0, executionList=&quot;&quot;, isApplyToDesiredCapabilities=true }"/>
         <property name="platform" value="Windows 10"/>
      </properties>
      <testcase name="Test Cases/Digital_NSTP/testCaseForSD_Approver/LoginPage" time="32.231" classname="Test Cases/Digital_NSTP/testCaseForSD_Approver/LoginPage" status="PASSED">
         <system-out><![CDATA[29-06-2024T18:57:24 - [TEST_CASE][PASSED] - Test Cases/Digital_NSTP/testCaseForSD_Approver/LoginPage: Test Cases/Digital_NSTP/testCaseForSD_Approver/LoginPage

29-06-2024T18:57:25 - [TEST_STEP][PASSED] - sdApprover.LoginForibpsSD_Approver.login(): sdApprover.LoginForibpsSD_Approver.login is PASSED

29-06-2024T18:57:26 - [MESSAGE][INFO] - Starting 'Edge Chromium' driver

29-06-2024T18:57:28 - [MESSAGE][INFO] - Action delay is set to 0 milliseconds

29-06-2024T18:57:33 - [MESSAGE][PASSED] - Browser is opened with url: ''

29-06-2024T18:57:33 - [MESSAGE][PASSED] - Current window maximized

29-06-2024T18:57:37 - [MESSAGE][PASSED] - Navigate to 'https://rcbcuat.nonprodnmc.com/omniapp' successfully

29-06-2024T18:57:39 - [MESSAGE][PASSED] - Text 'Approver5' is set on object 'Object Repository/BackOffice/ibpsLogin/userName'

29-06-2024T18:57:40 - [MESSAGE][PASSED] - Text ****** has been set on object 'Object Repository/BackOffice/ibpsLogin/password'

29-06-2024T18:57:41 - [MESSAGE][PASSED] - Delayed 1 second(s)

29-06-2024T18:57:42 - [MESSAGE][PASSED] - Delayed 1 second(s)

29-06-2024T18:57:43 - [MESSAGE][PASSED] - Delayed 1 second(s)

29-06-2024T18:57:44 - [MESSAGE][PASSED] - Taking screenshot successfully
[[ATTACHMENT|D:\\newRCBCProject\\RCBCLOS_Automation\\Reports\\20240629_181257\\DigitalFlows\\NSTPDigitalLowCashout\\SD_Approver\\20240629_181318\\Screenshots/Approver29_06_2406_57_41/Regression29_06_24_06_57_42.jpg]]

29-06-2024T18:57:45 - [MESSAGE][PASSED] - Object: 'Object Repository/BackOffice/ibpsLogin/loginButton' is clicked on

29-06-2024T18:57:47 - [MESSAGE][PASSED] - Delayed 2 second(s)

29-06-2024T18:57:51 - [MESSAGE][INFO] - Unable to find the element located by 'By.xpath: //input[@id="oaloginform:contloginbtn"]'. Please recheck the objects properties to make sure the desired element is located. 

29-06-2024T18:57:51 - [MESSAGE][WARNING] - [SELF-HEALING] Failed to find element with id 'Object Repository/BackOffice/ibpsLogin/yesLogin'. Try using Self-healing.

29-06-2024T18:57:52 - [MESSAGE][INFO] - [SELF-HEALING] No working XPath is found.

29-06-2024T18:57:54 - [MESSAGE][WARNING] - [SELF-HEALING] javascript error: {"status":32,"value":"Unable to locate an element with the xpath expression  because of the following error:\nSyntaxError: Failed to execute 'evaluate' on 'Document': The string '' is not a valid XPath expression."}
  (Session info: MicrosoftEdge=126.0.2592.81)
Build info: version: '3.141.59', revision: 'unknown', time: 'unknown'
System info: host: 'QKNBK2037', ip: '192.168.0.103', os.name: 'Windows 10', os.arch: 'amd64', os.version: '10.0', java.version: '17.0.7'
Driver info: com.kms.katalon.selenium.driver.CEdgeDriver
Capabilities {acceptInsecureCerts: false, browserName: MicrosoftEdge, browserVersion: 126.0.2592.81, fedcm:accounts: true, javascriptEnabled: true, ms:edgeOptions: {debuggerAddress: localhost:58506}, msedge: {msedgedriverVersion: 125.0.2535.47 (b3ce6d15dc7f..., userDataDir: C:\Users\ADARSH~1.LOH\AppDa...}, networkConnectionEnabled: false, pageLoadStrategy: normal, platform: WINDOWS, platformName: WINDOWS, proxy: Proxy(), setWindowRect: true, strictFileInteractability: false, timeouts: {implicit: 0, pageLoad: 300000, script: 30000}, unhandledPromptBehavior: dismiss and notify, webauthn:extension:credBlob: true, webauthn:extension:largeBlob: true, webauthn:extension:minPinLength: true, webauthn:extension:prf: true, webauthn:virtualAuthenticators: true}
Session ID: bb97dc130a3f4125ead1b790a88e934d
*** Element info: {Using=xpath, value=}

29-06-2024T18:57:54 - [MESSAGE][WARNING] - [SELF-HEALING] Cannot find elements when the selector is null

29-06-2024T18:57:54 - [MESSAGE][WARNING] - Web element with id: 'Object Repository/BackOffice/ibpsLogin/yesLogin' located by '//input[@id="oaloginform:contloginbtn"]' not found

29-06-2024T18:57:54 - [MESSAGE][PASSED] - sdApprover.LoginForibpsSD_Approver.login is PASSED

29-06-2024T18:57:56 - [TEST_STEP][PASSED] - Video: Video recording for test case 'Test Cases/Digital_NSTP/testCaseForSD_Approver/LoginPage' .

29-06-2024T18:57:56 - [MESSAGE][INFO] - Video recording for test case 'Test Cases/Digital_NSTP/testCaseForSD_Approver/LoginPage' .]]></system-out>
         <system-err><![CDATA[]]></system-err>
      </testcase>
      <testcase name="Test Cases/Digital_NSTP/testCaseForSD_Approver/HomePage" time="19.416" classname="Test Cases/Digital_NSTP/testCaseForSD_Approver/HomePage" status="PASSED">
         <system-out><![CDATA[29-06-2024T18:57:56 - [TEST_CASE][PASSED] - Test Cases/Digital_NSTP/testCaseForSD_Approver/HomePage: Test Cases/Digital_NSTP/testCaseForSD_Approver/HomePage

29-06-2024T18:57:56 - [TEST_STEP][PASSED] - sdApprover.HomePageForibpsSD_Approver.selectResistration(): sdApprover.HomePageForibpsSD_Approver.selectResistration is PASSED

29-06-2024T18:57:56 - [MESSAGE][PASSED] - Wait for page load successfully

29-06-2024T18:57:57 - [MESSAGE][PASSED] - Delayed 1 second(s)

29-06-2024T18:57:58 - [MESSAGE][PASSED] - Object 'Object Repository/BackOffice/SDApprover/ibpsHomePage/SDApprover5' is clickable

29-06-2024T18:58:01 - [MESSAGE][PASSED] - Object: 'Object Repository/BackOffice/SDApprover/ibpsHomePage/SDApprover5' is clicked on

29-06-2024T18:58:02 - [MESSAGE][PASSED] - Object: 'Object Repository/BackOffice/COMaker/ibpsHomePage/resistrationNo' is clicked on

29-06-2024T18:58:04 - [MESSAGE][PASSED] - Delayed 2 second(s)

29-06-2024T18:58:07 - [MESSAGE][PASSED] - Delayed 3 second(s)

29-06-2024T18:58:07 - [MESSAGE][INFO] -  ******** LOS-3588

29-06-2024T18:58:09 - [MESSAGE][PASSED] - Delayed 1 second(s)

29-06-2024T18:58:10 - [MESSAGE][PASSED] - Delayed 1 second(s)

29-06-2024T18:58:11 - [MESSAGE][PASSED] - Delayed 1 second(s)

29-06-2024T18:58:11 - [MESSAGE][PASSED] - Taking screenshot successfully
[[ATTACHMENT|D:\\newRCBCProject\\RCBCLOS_Automation\\Reports\\20240629_181257\\DigitalFlows\\NSTPDigitalLowCashout\\SD_Approver\\20240629_181318\\Screenshots/Approver29_06_2406_57_41/Regression29_06_24_06_58_10.jpg]]

29-06-2024T18:58:13 - [MESSAGE][PASSED] - sdApprover.HomePageForibpsSD_Approver.selectResistration is PASSED

29-06-2024T18:58:15 - [TEST_STEP][PASSED] - Video: Video recording for test case 'Test Cases/Digital_NSTP/testCaseForSD_Approver/HomePage' .

29-06-2024T18:58:15 - [MESSAGE][INFO] - Video recording for test case 'Test Cases/Digital_NSTP/testCaseForSD_Approver/HomePage' .]]></system-out>
         <system-err><![CDATA[]]></system-err>
      </testcase>
      <testcase name="Test Cases/Digital_NSTP/testCaseForSD_Approver/ClientInformation" time="39.067" classname="Test Cases/Digital_NSTP/testCaseForSD_Approver/ClientInformation" status="PASSED">
         <system-out><![CDATA[29-06-2024T18:58:15 - [TEST_CASE][PASSED] - Test Cases/Digital_NSTP/testCaseForSD_Approver/ClientInformation: Test Cases/Digital_NSTP/testCaseForSD_Approver/ClientInformation

29-06-2024T18:58:16 - [TEST_STEP][PASSED] - tabSection.CustomerDetail.clientInformationForSD_Approver(): tabSection.CustomerDetail.clientInformationForSD_Approver is PASSED

29-06-2024T18:58:16 - [MESSAGE][PASSED] - Wait for page load successfully

29-06-2024T18:58:16 - [MESSAGE][PASSED] - Switched to window with index: '1'

29-06-2024T18:58:24 - [MESSAGE][PASSED] - Attribute 'title' of object 'Object Repository/ClientInformationPreRelease/creditProgram' is: ''

29-06-2024T18:58:24 - [MESSAGE][PASSED] - Text of object 'Object Repository/Action/referenceNumber' is: 'SD_Approver_LGH : LOS-3588'

29-06-2024T18:58:24 - [MESSAGE][INFO] - SD_Approver_LGH : LOS-3588 Contains LOS-3588

29-06-2024T18:58:24 - [MESSAGE][INFO] - Ready to go....

29-06-2024T18:58:25 - [MESSAGE][PASSED] - Delayed 1 second(s)

29-06-2024T18:58:26 - [MESSAGE][PASSED] - Delayed 1 second(s)

29-06-2024T18:58:27 - [MESSAGE][PASSED] - Taking screenshot successfully
[[ATTACHMENT|D:\\newRCBCProject\\RCBCLOS_Automation\\Reports\\20240629_181257\\DigitalFlows\\NSTPDigitalLowCashout\\SD_Approver\\20240629_181318\\Screenshots/Approver29_06_2406_57_41/Regression29_06_24_06_58_25.jpg]]

29-06-2024T18:58:27 - [MESSAGE][PASSED] - Object 'Object Repository/ClientInformationPreRelease/clientInformationCollapse' is present

29-06-2024T18:58:28 - [MESSAGE][PASSED] - Scroll to object 'Object Repository/ClientInformationPreRelease/clientInformationCollapse' successfully

29-06-2024T18:58:29 - [MESSAGE][PASSED] - Delayed 1 second(s)

29-06-2024T18:58:30 - [MESSAGE][PASSED] - Delayed 1 second(s)

29-06-2024T18:58:30 - [MESSAGE][PASSED] - Taking screenshot successfully
[[ATTACHMENT|D:\\newRCBCProject\\RCBCLOS_Automation\\Reports\\20240629_181257\\DigitalFlows\\NSTPDigitalLowCashout\\SD_Approver\\20240629_181318\\Screenshots/Approver29_06_2406_57_41/Regression29_06_24_06_58_29.jpg]]

29-06-2024T18:58:31 - [MESSAGE][PASSED] - Object 'Object Repository/ClientInformationPreRelease/borrowerDetailCollapse' is present

29-06-2024T18:58:31 - [MESSAGE][PASSED] - Scroll to object 'Object Repository/ClientInformationPreRelease/borrowerDetailCollapse' successfully

29-06-2024T18:58:32 - [MESSAGE][PASSED] - Delayed 1 second(s)

29-06-2024T18:58:33 - [MESSAGE][PASSED] - Delayed 1 second(s)

29-06-2024T18:58:34 - [MESSAGE][PASSED] - Taking screenshot successfully
[[ATTACHMENT|D:\\newRCBCProject\\RCBCLOS_Automation\\Reports\\20240629_181257\\DigitalFlows\\NSTPDigitalLowCashout\\SD_Approver\\20240629_181318\\Screenshots/Approver29_06_2406_57_41/Regression29_06_24_06_58_32.jpg]]

29-06-2024T18:58:34 - [MESSAGE][PASSED] - Object 'Object Repository/ClientInformationPreRelease/borrowerAddressDetailsCollapse' is present

29-06-2024T18:58:35 - [MESSAGE][PASSED] - Scroll to object 'Object Repository/ClientInformationPreRelease/borrowerAddressDetailsCollapse' successfully

29-06-2024T18:58:36 - [MESSAGE][PASSED] - Delayed 1 second(s)

29-06-2024T18:58:37 - [MESSAGE][PASSED] - Delayed 1 second(s)

29-06-2024T18:58:38 - [MESSAGE][PASSED] - Taking screenshot successfully
[[ATTACHMENT|D:\\newRCBCProject\\RCBCLOS_Automation\\Reports\\20240629_181257\\DigitalFlows\\NSTPDigitalLowCashout\\SD_Approver\\20240629_181318\\Screenshots/Approver29_06_2406_57_41/Regression29_06_24_06_58_36.jpg]]

29-06-2024T18:58:38 - [MESSAGE][PASSED] - Object 'Object Repository/ClientInformationPreRelease/borrowerSourceOfIncomeCollapse' is present

29-06-2024T18:58:39 - [MESSAGE][PASSED] - Scroll to object 'Object Repository/ClientInformationPreRelease/borrowerSourceOfIncomeCollapse' successfully

29-06-2024T18:58:40 - [MESSAGE][PASSED] - Delayed 1 second(s)

29-06-2024T18:58:41 - [MESSAGE][PASSED] - Delayed 1 second(s)

29-06-2024T18:58:41 - [MESSAGE][PASSED] - Taking screenshot successfully
[[ATTACHMENT|D:\\newRCBCProject\\RCBCLOS_Automation\\Reports\\20240629_181257\\DigitalFlows\\NSTPDigitalLowCashout\\SD_Approver\\20240629_181318\\Screenshots/Approver29_06_2406_57_41/Regression29_06_24_06_58_40.jpg]]

29-06-2024T18:58:42 - [MESSAGE][PASSED] - Object 'Object Repository/ClientInformationPreRelease/coBorrowerDetailsCollapse' is present

29-06-2024T18:58:42 - [MESSAGE][PASSED] - Scroll to object 'Object Repository/ClientInformationPreRelease/coBorrowerDetailsCollapse' successfully

29-06-2024T18:58:43 - [MESSAGE][PASSED] - Delayed 1 second(s)

29-06-2024T18:58:44 - [MESSAGE][PASSED] - Delayed 1 second(s)

29-06-2024T18:58:45 - [MESSAGE][PASSED] - Taking screenshot successfully
[[ATTACHMENT|D:\\newRCBCProject\\RCBCLOS_Automation\\Reports\\20240629_181257\\DigitalFlows\\NSTPDigitalLowCashout\\SD_Approver\\20240629_181318\\Screenshots/Approver29_06_2406_57_41/Regression29_06_24_06_58_43.jpg]]

29-06-2024T18:58:45 - [MESSAGE][PASSED] - Object 'Object Repository/ClientInformationPreRelease/coBorrowerSourceOfIncome' is present

29-06-2024T18:58:46 - [MESSAGE][PASSED] - Scroll to object 'Object Repository/ClientInformationPreRelease/coBorrowerSourceOfIncome' successfully

29-06-2024T18:58:47 - [MESSAGE][PASSED] - Delayed 1 second(s)

29-06-2024T18:58:48 - [MESSAGE][PASSED] - Delayed 1 second(s)

29-06-2024T18:58:49 - [MESSAGE][PASSED] - Taking screenshot successfully
[[ATTACHMENT|D:\\newRCBCProject\\RCBCLOS_Automation\\Reports\\20240629_181257\\DigitalFlows\\NSTPDigitalLowCashout\\SD_Approver\\20240629_181318\\Screenshots/Approver29_06_2406_57_41/Regression29_06_24_06_58_47.jpg]]

29-06-2024T18:58:49 - [MESSAGE][PASSED] - Object 'Object Repository/ClientInformationPreRelease/AIFDetailsCollapse' is present

29-06-2024T18:58:50 - [MESSAGE][PASSED] - Scroll to object 'Object Repository/ClientInformationPreRelease/AIFDetailsCollapse' successfully

29-06-2024T18:58:51 - [MESSAGE][PASSED] - Delayed 1 second(s)

29-06-2024T18:58:52 - [MESSAGE][PASSED] - Delayed 1 second(s)

29-06-2024T18:58:52 - [MESSAGE][PASSED] - Taking screenshot successfully
[[ATTACHMENT|D:\\newRCBCProject\\RCBCLOS_Automation\\Reports\\20240629_181257\\DigitalFlows\\NSTPDigitalLowCashout\\SD_Approver\\20240629_181318\\Screenshots/Approver29_06_2406_57_41/Regression29_06_24_06_58_51.jpg]]

29-06-2024T18:58:52 - [MESSAGE][PASSED] - tabSection.CustomerDetail.clientInformationForSD_Approver is PASSED

29-06-2024T18:58:54 - [TEST_STEP][PASSED] - Video: Video recording for test case 'Test Cases/Digital_NSTP/testCaseForSD_Approver/ClientInformation' .

29-06-2024T18:58:54 - [MESSAGE][INFO] - Video recording for test case 'Test Cases/Digital_NSTP/testCaseForSD_Approver/ClientInformation' .]]></system-out>
         <system-err><![CDATA[]]></system-err>
      </testcase>
      <testcase name="Test Cases/Digital_NSTP/testCaseForSD_Approver/LoanInformation" time="31.862" classname="Test Cases/Digital_NSTP/testCaseForSD_Approver/LoanInformation" status="PASSED">
         <system-out><![CDATA[29-06-2024T18:58:54 - [TEST_CASE][PASSED] - Test Cases/Digital_NSTP/testCaseForSD_Approver/LoanInformation: Test Cases/Digital_NSTP/testCaseForSD_Approver/LoanInformation

29-06-2024T18:58:55 - [TEST_STEP][PASSED] - tabSection.LoanInformation.loanInfoCommon(): tabSection.LoanInformation.loanInfoCommon is PASSED

29-06-2024T18:58:56 - [MESSAGE][PASSED] - Delayed 1 second(s)

29-06-2024T18:58:57 - [MESSAGE][PASSED] - Object: 'Object Repository/TabSection/LoanInformation' is clicked on

29-06-2024T18:58:58 - [MESSAGE][PASSED] - Delayed 1 second(s)

29-06-2024T18:58:59 - [MESSAGE][PASSED] - Delayed 1 second(s)

29-06-2024T18:59:00 - [MESSAGE][PASSED] - Delayed 1 second(s)

29-06-2024T18:59:01 - [MESSAGE][PASSED] - Taking screenshot successfully
[[ATTACHMENT|D:\\newRCBCProject\\RCBCLOS_Automation\\Reports\\20240629_181257\\DigitalFlows\\NSTPDigitalLowCashout\\SD_Approver\\20240629_181318\\Screenshots/Approver29_06_2406_57_41/Regression29_06_24_06_58_59.jpg]]

29-06-2024T18:59:02 - [MESSAGE][PASSED] - Object 'Object Repository/LoanInformationPreRelease/LoanInformation' is present

29-06-2024T18:59:02 - [MESSAGE][PASSED] - Scroll to object 'Object Repository/LoanInformationPreRelease/LoanInformation' successfully

29-06-2024T18:59:03 - [MESSAGE][PASSED] - Delayed 1 second(s)

29-06-2024T18:59:04 - [MESSAGE][PASSED] - Delayed 1 second(s)

29-06-2024T18:59:05 - [MESSAGE][PASSED] - Taking screenshot successfully
[[ATTACHMENT|D:\\newRCBCProject\\RCBCLOS_Automation\\Reports\\20240629_181257\\DigitalFlows\\NSTPDigitalLowCashout\\SD_Approver\\20240629_181318\\Screenshots/Approver29_06_2406_57_41/Regression29_06_24_06_59_03.jpg]]

29-06-2024T18:59:05 - [MESSAGE][PASSED] - Object 'Object Repository/LoanInformationPreRelease/LoanApproval' is present

29-06-2024T18:59:06 - [MESSAGE][PASSED] - Scroll to object 'Object Repository/LoanInformationPreRelease/LoanApproval' successfully

29-06-2024T18:59:07 - [MESSAGE][PASSED] - Delayed 1 second(s)

29-06-2024T18:59:08 - [MESSAGE][PASSED] - Delayed 1 second(s)

29-06-2024T18:59:09 - [MESSAGE][PASSED] - Taking screenshot successfully
[[ATTACHMENT|D:\\newRCBCProject\\RCBCLOS_Automation\\Reports\\20240629_181257\\DigitalFlows\\NSTPDigitalLowCashout\\SD_Approver\\20240629_181318\\Screenshots/Approver29_06_2406_57_41/Regression29_06_24_06_59_07.jpg]]

29-06-2024T18:59:09 - [MESSAGE][PASSED] - Object 'Object Repository/LoanInformationPreRelease/PromisaryNoteInformation' is present

29-06-2024T18:59:10 - [MESSAGE][PASSED] - Scroll to object 'Object Repository/LoanInformationPreRelease/PromisaryNoteInformation' successfully

29-06-2024T18:59:11 - [MESSAGE][PASSED] - Delayed 1 second(s)

29-06-2024T18:59:12 - [MESSAGE][PASSED] - Delayed 1 second(s)

29-06-2024T18:59:12 - [MESSAGE][PASSED] - Taking screenshot successfully
[[ATTACHMENT|D:\\newRCBCProject\\RCBCLOS_Automation\\Reports\\20240629_181257\\DigitalFlows\\NSTPDigitalLowCashout\\SD_Approver\\20240629_181318\\Screenshots/Approver29_06_2406_57_41/Regression29_06_24_06_59_11.jpg]]

29-06-2024T18:59:13 - [MESSAGE][PASSED] - Object 'Object Repository/LoanInformationPreRelease/RatesTab' is present

29-06-2024T18:59:13 - [MESSAGE][PASSED] - Scroll to object 'Object Repository/LoanInformationPreRelease/RatesTab' successfully

29-06-2024T18:59:14 - [MESSAGE][PASSED] - Delayed 1 second(s)

29-06-2024T18:59:15 - [MESSAGE][PASSED] - Delayed 1 second(s)

29-06-2024T18:59:16 - [MESSAGE][PASSED] - Taking screenshot successfully
[[ATTACHMENT|D:\\newRCBCProject\\RCBCLOS_Automation\\Reports\\20240629_181257\\DigitalFlows\\NSTPDigitalLowCashout\\SD_Approver\\20240629_181318\\Screenshots/Approver29_06_2406_57_41/Regression29_06_24_06_59_14.jpg]]

29-06-2024T18:59:16 - [MESSAGE][PASSED] - Object 'Object Repository/LoanInformationPreRelease/PromisaryNoteInformation' is present

29-06-2024T18:59:17 - [MESSAGE][PASSED] - Scroll to object 'Object Repository/LoanInformationPreRelease/PromisaryNoteInformation' successfully

29-06-2024T18:59:18 - [MESSAGE][PASSED] - Delayed 1 second(s)

29-06-2024T18:59:19 - [MESSAGE][PASSED] - Delayed 1 second(s)

29-06-2024T18:59:19 - [MESSAGE][PASSED] - Taking screenshot successfully
[[ATTACHMENT|D:\\newRCBCProject\\RCBCLOS_Automation\\Reports\\20240629_181257\\DigitalFlows\\NSTPDigitalLowCashout\\SD_Approver\\20240629_181318\\Screenshots/Approver29_06_2406_57_41/Regression29_06_24_06_59_18.jpg]]

29-06-2024T18:59:20 - [MESSAGE][PASSED] - Object 'Object Repository/LoanInformationPreRelease/modeOfPayment1' is present

29-06-2024T18:59:21 - [MESSAGE][PASSED] - Scroll to object 'Object Repository/LoanInformationPreRelease/modeOfPayment1' successfully

29-06-2024T18:59:22 - [MESSAGE][PASSED] - Delayed 1 second(s)

29-06-2024T18:59:23 - [MESSAGE][PASSED] - Delayed 1 second(s)

29-06-2024T18:59:23 - [MESSAGE][PASSED] - Taking screenshot successfully
[[ATTACHMENT|D:\\newRCBCProject\\RCBCLOS_Automation\\Reports\\20240629_181257\\DigitalFlows\\NSTPDigitalLowCashout\\SD_Approver\\20240629_181318\\Screenshots/Approver29_06_2406_57_41/Regression29_06_24_06_59_22.jpg]]

29-06-2024T18:59:24 - [MESSAGE][PASSED] - Delayed 1 second(s)

29-06-2024T18:59:24 - [MESSAGE][PASSED] - tabSection.LoanInformation.loanInfoCommon is PASSED

29-06-2024T18:59:26 - [TEST_STEP][PASSED] - Video: Video recording for test case 'Test Cases/Digital_NSTP/testCaseForSD_Approver/LoanInformation' .

29-06-2024T18:59:26 - [MESSAGE][INFO] - Video recording for test case 'Test Cases/Digital_NSTP/testCaseForSD_Approver/LoanInformation' .]]></system-out>
         <system-err><![CDATA[]]></system-err>
      </testcase>
      <testcase name="Test Cases/Digital_NSTP/testCaseForSD_Approver/DocumentChecklist" time="16.494" classname="Test Cases/Digital_NSTP/testCaseForSD_Approver/DocumentChecklist" status="PASSED">
         <system-out><![CDATA[29-06-2024T18:59:26 - [TEST_CASE][PASSED] - Test Cases/Digital_NSTP/testCaseForSD_Approver/DocumentChecklist: Test Cases/Digital_NSTP/testCaseForSD_Approver/DocumentChecklist

29-06-2024T18:59:26 - [TEST_STEP][PASSED] - tabSection.DocumentCheckList.documentCheckListCommon(): tabSection.DocumentCheckList.documentCheckListCommon is PASSED

29-06-2024T18:59:30 - [MESSAGE][PASSED] - Object: 'Object Repository/TabSection/DocumentCheclist' is clicked on

29-06-2024T18:59:31 - [MESSAGE][PASSED] - Delayed 1 second(s)

29-06-2024T18:59:32 - [MESSAGE][PASSED] - Delayed 1 second(s)

29-06-2024T18:59:33 - [MESSAGE][PASSED] - Delayed 1 second(s)

29-06-2024T18:59:33 - [MESSAGE][PASSED] - Taking screenshot successfully
[[ATTACHMENT|D:\\newRCBCProject\\RCBCLOS_Automation\\Reports\\20240629_181257\\DigitalFlows\\NSTPDigitalLowCashout\\SD_Approver\\20240629_181318\\Screenshots/Approver29_06_2406_57_41/Regression29_06_24_06_59_32.jpg]]

29-06-2024T18:59:34 - [MESSAGE][PASSED] - Object 'Object Repository/DocumentCheckListForPreRelease/kycDocument' is present

29-06-2024T18:59:35 - [MESSAGE][PASSED] - Scroll to object 'Object Repository/DocumentCheckListForPreRelease/kycDocument' successfully

29-06-2024T18:59:36 - [MESSAGE][PASSED] - Delayed 1 second(s)

29-06-2024T18:59:37 - [MESSAGE][PASSED] - Delayed 1 second(s)

29-06-2024T18:59:37 - [MESSAGE][PASSED] - Taking screenshot successfully
[[ATTACHMENT|D:\\newRCBCProject\\RCBCLOS_Automation\\Reports\\20240629_181257\\DigitalFlows\\NSTPDigitalLowCashout\\SD_Approver\\20240629_181318\\Screenshots/Approver29_06_2406_57_41/Regression29_06_24_06_59_36.jpg]]

29-06-2024T18:59:38 - [MESSAGE][PASSED] - Object 'Object Repository/DocumentCheckListForPreRelease/prereleaseDocument' is present

29-06-2024T18:59:38 - [MESSAGE][PASSED] - Scroll to object 'Object Repository/DocumentCheckListForPreRelease/prereleaseDocument' successfully

29-06-2024T18:59:39 - [MESSAGE][PASSED] - Delayed 1 second(s)

29-06-2024T18:59:40 - [MESSAGE][PASSED] - Delayed 1 second(s)

29-06-2024T18:59:41 - [MESSAGE][PASSED] - Taking screenshot successfully
[[ATTACHMENT|D:\\newRCBCProject\\RCBCLOS_Automation\\Reports\\20240629_181257\\DigitalFlows\\NSTPDigitalLowCashout\\SD_Approver\\20240629_181318\\Screenshots/Approver29_06_2406_57_41/Regression29_06_24_06_59_39.jpg]]

29-06-2024T18:59:41 - [MESSAGE][PASSED] - tabSection.DocumentCheckList.documentCheckListCommon is PASSED

29-06-2024T18:59:43 - [TEST_STEP][PASSED] - Video: Video recording for test case 'Test Cases/Digital_NSTP/testCaseForSD_Approver/DocumentChecklist' .

29-06-2024T18:59:43 - [MESSAGE][INFO] - Video recording for test case 'Test Cases/Digital_NSTP/testCaseForSD_Approver/DocumentChecklist' .]]></system-out>
         <system-err><![CDATA[]]></system-err>
      </testcase>
      <testcase name="Test Cases/Digital_NSTP/testCaseForSD_Approver/CollateralInformation" time="6.668" classname="Test Cases/Digital_NSTP/testCaseForSD_Approver/CollateralInformation" status="PASSED">
         <system-out><![CDATA[29-06-2024T18:59:43 - [TEST_CASE][PASSED] - Test Cases/Digital_NSTP/testCaseForSD_Approver/CollateralInformation: Test Cases/Digital_NSTP/testCaseForSD_Approver/CollateralInformation

29-06-2024T18:59:43 - [TEST_STEP][PASSED] - tabSection.CollateralInformation.collateralInformationCommon(): tabSection.CollateralInformation.collateralInformationCommon is PASSED

29-06-2024T18:59:44 - [MESSAGE][PASSED] - Object: 'Object Repository/TabSection/CollateralInformation' is clicked on

29-06-2024T18:59:45 - [MESSAGE][PASSED] - Delayed 1 second(s)

29-06-2024T18:59:46 - [MESSAGE][PASSED] - Delayed 1 second(s)

29-06-2024T18:59:47 - [MESSAGE][PASSED] - Delayed 1 second(s)

29-06-2024T18:59:47 - [MESSAGE][PASSED] - Taking screenshot successfully
[[ATTACHMENT|D:\\newRCBCProject\\RCBCLOS_Automation\\Reports\\20240629_181257\\DigitalFlows\\NSTPDigitalLowCashout\\SD_Approver\\20240629_181318\\Screenshots/Approver29_06_2406_57_41/Regression29_06_24_06_59_46.jpg]]

29-06-2024T18:59:47 - [MESSAGE][PASSED] - tabSection.CollateralInformation.collateralInformationCommon is PASSED

29-06-2024T18:59:49 - [TEST_STEP][PASSED] - Video: Video recording for test case 'Test Cases/Digital_NSTP/testCaseForSD_Approver/CollateralInformation' .

29-06-2024T18:59:49 - [MESSAGE][INFO] - Video recording for test case 'Test Cases/Digital_NSTP/testCaseForSD_Approver/CollateralInformation' .]]></system-out>
         <system-err><![CDATA[]]></system-err>
      </testcase>
      <testcase name="Test Cases/Digital_NSTP/testCaseForSD_Approver/CheckEligibility" time="20.139" classname="Test Cases/Digital_NSTP/testCaseForSD_Approver/CheckEligibility" status="PASSED">
         <system-out><![CDATA[29-06-2024T18:59:49 - [TEST_CASE][PASSED] - Test Cases/Digital_NSTP/testCaseForSD_Approver/CheckEligibility: Test Cases/Digital_NSTP/testCaseForSD_Approver/CheckEligibility

29-06-2024T18:59:50 - [TEST_STEP][PASSED] - tabSection.CheckEligibility.checkEligibilityCommon(): tabSection.CheckEligibility.checkEligibilityCommon is PASSED

29-06-2024T18:59:51 - [MESSAGE][PASSED] - Object: 'Object Repository/TabSection/checkEligibility' is clicked on

29-06-2024T18:59:52 - [MESSAGE][PASSED] - Delayed 1 second(s)

29-06-2024T18:59:53 - [MESSAGE][PASSED] - Delayed 1 second(s)

29-06-2024T18:59:54 - [MESSAGE][PASSED] - Delayed 1 second(s)

29-06-2024T18:59:54 - [MESSAGE][PASSED] - Taking screenshot successfully
[[ATTACHMENT|D:\\newRCBCProject\\RCBCLOS_Automation\\Reports\\20240629_181257\\DigitalFlows\\NSTPDigitalLowCashout\\SD_Approver\\20240629_181318\\Screenshots/Approver29_06_2406_57_41/Regression29_06_24_06_59_53.jpg]]

29-06-2024T18:59:55 - [MESSAGE][PASSED] - Object 'Object Repository/BackOffice/CheckEligibility/creditChecking' is present

29-06-2024T18:59:58 - [MESSAGE][PASSED] - Scroll to object 'Object Repository/BackOffice/CheckEligibility/creditChecking' successfully

29-06-2024T18:59:59 - [MESSAGE][PASSED] - Delayed 1 second(s)

29-06-2024T19:00:00 - [MESSAGE][PASSED] - Delayed 1 second(s)

29-06-2024T19:00:00 - [MESSAGE][PASSED] - Taking screenshot successfully
[[ATTACHMENT|D:\\newRCBCProject\\RCBCLOS_Automation\\Reports\\20240629_181257\\DigitalFlows\\NSTPDigitalLowCashout\\SD_Approver\\20240629_181318\\Screenshots/Approver29_06_2406_57_41/Regression29_06_24_06_59_59.jpg]]

29-06-2024T19:00:01 - [MESSAGE][PASSED] - Object 'Object Repository/BackOffice/CheckEligibility/NTBOrETBCheck' is present

29-06-2024T19:00:01 - [MESSAGE][PASSED] - Scroll to object 'Object Repository/BackOffice/CheckEligibility/NTBOrETBCheck' successfully

29-06-2024T19:00:02 - [MESSAGE][PASSED] - Delayed 1 second(s)

29-06-2024T19:00:03 - [MESSAGE][PASSED] - Delayed 1 second(s)

29-06-2024T19:00:04 - [MESSAGE][PASSED] - Taking screenshot successfully
[[ATTACHMENT|D:\\newRCBCProject\\RCBCLOS_Automation\\Reports\\20240629_181257\\DigitalFlows\\NSTPDigitalLowCashout\\SD_Approver\\20240629_181318\\Screenshots/Approver29_06_2406_57_41/Regression29_06_24_07_00_02.jpg]]

29-06-2024T19:00:04 - [MESSAGE][PASSED] - Object 'Object Repository/BackOffice/CheckEligibility/AMLRiskRating' is present

29-06-2024T19:00:05 - [MESSAGE][PASSED] - Scroll to object 'Object Repository/BackOffice/CheckEligibility/AMLRiskRating' successfully

29-06-2024T19:00:06 - [MESSAGE][PASSED] - Delayed 1 second(s)

29-06-2024T19:00:07 - [MESSAGE][PASSED] - Delayed 1 second(s)

29-06-2024T19:00:08 - [MESSAGE][PASSED] - Taking screenshot successfully
[[ATTACHMENT|D:\\newRCBCProject\\RCBCLOS_Automation\\Reports\\20240629_181257\\DigitalFlows\\NSTPDigitalLowCashout\\SD_Approver\\20240629_181318\\Screenshots/Approver29_06_2406_57_41/Regression29_06_24_07_00_06.jpg]]

29-06-2024T19:00:08 - [MESSAGE][PASSED] - tabSection.CheckEligibility.checkEligibilityCommon is PASSED

29-06-2024T19:00:10 - [TEST_STEP][PASSED] - Video: Video recording for test case 'Test Cases/Digital_NSTP/testCaseForSD_Approver/CheckEligibility' .

29-06-2024T19:00:10 - [MESSAGE][INFO] - Video recording for test case 'Test Cases/Digital_NSTP/testCaseForSD_Approver/CheckEligibility' .]]></system-out>
         <system-err><![CDATA[]]></system-err>
      </testcase>
      <testcase name="Test Cases/Digital_NSTP/testCaseForSD_Approver/CreditEvaluation" time="14.072" classname="Test Cases/Digital_NSTP/testCaseForSD_Approver/CreditEvaluation" status="PASSED">
         <system-out><![CDATA[29-06-2024T19:00:10 - [TEST_CASE][PASSED] - Test Cases/Digital_NSTP/testCaseForSD_Approver/CreditEvaluation: Test Cases/Digital_NSTP/testCaseForSD_Approver/CreditEvaluation

29-06-2024T19:00:10 - [TEST_STEP][PASSED] - tabSection.CreditEvaluation.creditEvaluationCommon(): tabSection.CreditEvaluation.creditEvaluationCommon is PASSED

29-06-2024T19:00:11 - [MESSAGE][PASSED] - Object: 'Object Repository/TabSection/creditEvaluation' is clicked on

29-06-2024T19:00:12 - [MESSAGE][PASSED] - Delayed 1 second(s)

29-06-2024T19:00:13 - [MESSAGE][PASSED] - Delayed 1 second(s)

29-06-2024T19:00:14 - [MESSAGE][PASSED] - Delayed 1 second(s)

29-06-2024T19:00:14 - [MESSAGE][PASSED] - Taking screenshot successfully
[[ATTACHMENT|D:\\newRCBCProject\\RCBCLOS_Automation\\Reports\\20240629_181257\\DigitalFlows\\NSTPDigitalLowCashout\\SD_Approver\\20240629_181318\\Screenshots/Approver29_06_2406_57_41/Regression29_06_24_07_00_13.jpg]]

29-06-2024T19:00:15 - [MESSAGE][PASSED] - Object 'Object Repository/BackOffice/CreditEvaluation/otherCreditCheckings' is present

29-06-2024T19:00:15 - [MESSAGE][PASSED] - Scroll to object 'Object Repository/BackOffice/CreditEvaluation/otherCreditCheckings' successfully

29-06-2024T19:00:16 - [MESSAGE][PASSED] - Delayed 1 second(s)

29-06-2024T19:00:17 - [MESSAGE][PASSED] - Delayed 1 second(s)

29-06-2024T19:00:18 - [MESSAGE][PASSED] - Taking screenshot successfully
[[ATTACHMENT|D:\\newRCBCProject\\RCBCLOS_Automation\\Reports\\20240629_181257\\DigitalFlows\\NSTPDigitalLowCashout\\SD_Approver\\20240629_181318\\Screenshots/Approver29_06_2406_57_41/Regression29_06_24_07_00_16.jpg]]

29-06-2024T19:00:18 - [MESSAGE][PASSED] - Object 'Object Repository/BackOffice/CreditEvaluation/NTBBankCheck' is present

29-06-2024T19:00:19 - [MESSAGE][PASSED] - Scroll to object 'Object Repository/BackOffice/CreditEvaluation/NTBBankCheck' successfully

29-06-2024T19:00:20 - [MESSAGE][PASSED] - Delayed 1 second(s)

29-06-2024T19:00:21 - [MESSAGE][PASSED] - Delayed 1 second(s)

29-06-2024T19:00:22 - [MESSAGE][PASSED] - Taking screenshot successfully
[[ATTACHMENT|D:\\newRCBCProject\\RCBCLOS_Automation\\Reports\\20240629_181257\\DigitalFlows\\NSTPDigitalLowCashout\\SD_Approver\\20240629_181318\\Screenshots/Approver29_06_2406_57_41/Regression29_06_24_07_00_20.jpg]]

29-06-2024T19:00:22 - [MESSAGE][PASSED] - tabSection.CreditEvaluation.creditEvaluationCommon is PASSED

29-06-2024T19:00:24 - [TEST_STEP][PASSED] - Video: Video recording for test case 'Test Cases/Digital_NSTP/testCaseForSD_Approver/CreditEvaluation' .

29-06-2024T19:00:24 - [MESSAGE][INFO] - Video recording for test case 'Test Cases/Digital_NSTP/testCaseForSD_Approver/CreditEvaluation' .]]></system-out>
         <system-err><![CDATA[]]></system-err>
      </testcase>
      <testcase name="Test Cases/Digital_NSTP/testCaseForSD_Approver/Deviations" time="28.136" classname="Test Cases/Digital_NSTP/testCaseForSD_Approver/Deviations" status="PASSED">
         <system-out><![CDATA[29-06-2024T19:00:24 - [TEST_CASE][PASSED] - Test Cases/Digital_NSTP/testCaseForSD_Approver/Deviations: Test Cases/Digital_NSTP/testCaseForSD_Approver/Deviations

29-06-2024T19:00:24 - [TEST_STEP][PASSED] - tabSection.Deviation.deviationForSD_Approve(): tabSection.Deviation.deviationForSD_Approve is PASSED

29-06-2024T19:00:25 - [MESSAGE][PASSED] - Object: 'Object Repository/TabSection/Devlations' is clicked on

29-06-2024T19:00:26 - [MESSAGE][PASSED] - Delayed 1 second(s)

29-06-2024T19:00:27 - [MESSAGE][PASSED] - Delayed 1 second(s)

29-06-2024T19:00:28 - [MESSAGE][PASSED] - Delayed 1 second(s)

29-06-2024T19:00:29 - [MESSAGE][PASSED] - Taking screenshot successfully
[[ATTACHMENT|D:\\newRCBCProject\\RCBCLOS_Automation\\Reports\\20240629_181257\\DigitalFlows\\NSTPDigitalLowCashout\\SD_Approver\\20240629_181318\\Screenshots/Approver29_06_2406_57_41/Regression29_06_24_07_00_27.jpg]]

29-06-2024T19:00:30 - [MESSAGE][PASSED] - Object: 'Object Repository/FulfillmentDeviation/salesDeviation' is clicked on

29-06-2024T19:00:31 - [MESSAGE][PASSED] - Delayed 1 second(s)

29-06-2024T19:00:32 - [MESSAGE][PASSED] - Attribute 'title' of object 'Object Repository/FulfillmentDeviation/OldValue' is: '16.55'

29-06-2024T19:00:32 - [MESSAGE][PASSED] - Attribute 'title' of object 'Object Repository/FulfillmentDeviation/newValue' is: '18.00'

29-06-2024T19:00:33 - [MESSAGE][PASSED] - Attribute 'title' of object 'Object Repository/FulfillmentDeviation/AmendedField' is: 'DI %Rate'

29-06-2024T19:00:34 - [MESSAGE][PASSED] - Object: 'Object Repository/FulfillmentDeviation/Approve' is clicked on

29-06-2024T19:00:35 - [MESSAGE][PASSED] - Delayed 1 second(s)

29-06-2024T19:00:37 - [MESSAGE][PASSED] - Object: 'Object Repository/FulfillmentDeviation/saveChanges' is clicked on

29-06-2024T19:00:38 - [MESSAGE][PASSED] - Delayed 1 second(s)

29-06-2024T19:00:39 - [MESSAGE][PASSED] - Delayed 1 second(s)

29-06-2024T19:00:40 - [MESSAGE][PASSED] - Delayed 1 second(s)

29-06-2024T19:00:41 - [MESSAGE][PASSED] - Taking screenshot successfully
[[ATTACHMENT|D:\\newRCBCProject\\RCBCLOS_Automation\\Reports\\20240629_181257\\DigitalFlows\\NSTPDigitalLowCashout\\SD_Approver\\20240629_181318\\Screenshots/Approver29_06_2406_57_41/Regression29_06_24_07_00_39.jpg]]

29-06-2024T19:00:41 - [MESSAGE][PASSED] - Object 'Object Repository/FulfillmentDeviation/salesDeviation2' is present

29-06-2024T19:00:43 - [MESSAGE][PASSED] - Object: 'Object Repository/FulfillmentDeviation/salesDeviation2' is clicked on

29-06-2024T19:00:44 - [MESSAGE][PASSED] - Delayed 1 second(s)

29-06-2024T19:00:44 - [MESSAGE][PASSED] - Attribute 'title' of object 'Object Repository/FulfillmentDeviation/OldValue' is: '3.45'

29-06-2024T19:00:45 - [MESSAGE][PASSED] - Attribute 'title' of object 'Object Repository/FulfillmentDeviation/newValue' is: '8.00'

29-06-2024T19:00:45 - [MESSAGE][PASSED] - Attribute 'title' of object 'Object Repository/FulfillmentDeviation/AmendedField' is: 'SI %Rate'

29-06-2024T19:00:47 - [MESSAGE][PASSED] - Object: 'Object Repository/FulfillmentDeviation/Approve' is clicked on

29-06-2024T19:00:48 - [MESSAGE][PASSED] - Delayed 1 second(s)

29-06-2024T19:00:50 - [MESSAGE][PASSED] - Object: 'Object Repository/FulfillmentDeviation/saveChanges' is clicked on

29-06-2024T19:00:50 - [MESSAGE][PASSED] - tabSection.Deviation.deviationForSD_Approve is PASSED

29-06-2024T19:00:52 - [TEST_STEP][PASSED] - Video: Video recording for test case 'Test Cases/Digital_NSTP/testCaseForSD_Approver/Deviations' .

29-06-2024T19:00:52 - [MESSAGE][INFO] - Video recording for test case 'Test Cases/Digital_NSTP/testCaseForSD_Approver/Deviations' .]]></system-out>
         <system-err><![CDATA[]]></system-err>
      </testcase>
      <testcase name="Test Cases/Digital_NSTP/testCaseForSD_Approver/CreditInvestigation" time="7.728" classname="Test Cases/Digital_NSTP/testCaseForSD_Approver/CreditInvestigation" status="PASSED">
         <system-out><![CDATA[29-06-2024T19:00:52 - [TEST_CASE][PASSED] - Test Cases/Digital_NSTP/testCaseForSD_Approver/CreditInvestigation: Test Cases/Digital_NSTP/testCaseForSD_Approver/CreditInvestigation

29-06-2024T19:00:52 - [TEST_STEP][PASSED] - tabSection.CreditInvestigation.creditInvestigationForCommon(): tabSection.CreditInvestigation.creditInvestigationForCommon is PASSED

29-06-2024T19:00:53 - [MESSAGE][PASSED] - Object: 'Object Repository/TabSection/creditInvestigation' is clicked on

29-06-2024T19:00:54 - [MESSAGE][PASSED] - Delayed 1 second(s)

29-06-2024T19:00:55 - [MESSAGE][PASSED] - Delayed 1 second(s)

29-06-2024T19:00:56 - [MESSAGE][PASSED] - Delayed 1 second(s)

29-06-2024T19:00:57 - [MESSAGE][PASSED] - Taking screenshot successfully
[[ATTACHMENT|D:\\newRCBCProject\\RCBCLOS_Automation\\Reports\\20240629_181257\\DigitalFlows\\NSTPDigitalLowCashout\\SD_Approver\\20240629_181318\\Screenshots/Approver29_06_2406_57_41/Regression29_06_24_07_00_55.jpg]]

29-06-2024T19:00:57 - [MESSAGE][PASSED] - Object: 'Object Repository/TabSection/nextArrowButton' is clicked on

29-06-2024T19:00:57 - [MESSAGE][PASSED] - tabSection.CreditInvestigation.creditInvestigationForCommon is PASSED

29-06-2024T19:01:00 - [TEST_STEP][PASSED] - Video: Video recording for test case 'Test Cases/Digital_NSTP/testCaseForSD_Approver/CreditInvestigation' .

29-06-2024T19:01:00 - [MESSAGE][INFO] - Video recording for test case 'Test Cases/Digital_NSTP/testCaseForSD_Approver/CreditInvestigation' .]]></system-out>
         <system-err><![CDATA[]]></system-err>
      </testcase>
      <testcase name="Test Cases/Digital_NSTP/testCaseForSD_Approver/InsuranceInformation" time="14.727" classname="Test Cases/Digital_NSTP/testCaseForSD_Approver/InsuranceInformation" status="PASSED">
         <system-out><![CDATA[29-06-2024T19:01:00 - [TEST_CASE][PASSED] - Test Cases/Digital_NSTP/testCaseForSD_Approver/InsuranceInformation: Test Cases/Digital_NSTP/testCaseForSD_Approver/InsuranceInformation

29-06-2024T19:01:00 - [TEST_STEP][PASSED] - tabSection.InsuranceInformation.insuranceInformationForCommon(): tabSection.InsuranceInformation.insuranceInformationForCommon is PASSED

29-06-2024T19:01:01 - [MESSAGE][PASSED] - Object: 'Object Repository/TabSection/InsuranceInformation' is clicked on

29-06-2024T19:01:02 - [MESSAGE][PASSED] - Delayed 1 second(s)

29-06-2024T19:01:03 - [MESSAGE][PASSED] - Delayed 1 second(s)

29-06-2024T19:01:04 - [MESSAGE][PASSED] - Delayed 1 second(s)

29-06-2024T19:01:04 - [MESSAGE][PASSED] - Taking screenshot successfully
[[ATTACHMENT|D:\\newRCBCProject\\RCBCLOS_Automation\\Reports\\20240629_181257\\DigitalFlows\\NSTPDigitalLowCashout\\SD_Approver\\20240629_181318\\Screenshots/Approver29_06_2406_57_41/Regression29_06_24_07_01_03.jpg]]

29-06-2024T19:01:05 - [MESSAGE][PASSED] - Object 'Object Repository/BackOffice/InsuranceInformation/InsuranceInfo' is present

29-06-2024T19:01:05 - [MESSAGE][PASSED] - Scroll to object 'Object Repository/BackOffice/InsuranceInformation/InsuranceInfo' successfully

29-06-2024T19:01:06 - [MESSAGE][PASSED] - Delayed 1 second(s)

29-06-2024T19:01:07 - [MESSAGE][PASSED] - Delayed 1 second(s)

29-06-2024T19:01:08 - [MESSAGE][PASSED] - Taking screenshot successfully
[[ATTACHMENT|D:\\newRCBCProject\\RCBCLOS_Automation\\Reports\\20240629_181257\\DigitalFlows\\NSTPDigitalLowCashout\\SD_Approver\\20240629_181318\\Screenshots/Approver29_06_2406_57_41/Regression29_06_24_07_01_06.jpg]]

29-06-2024T19:01:08 - [MESSAGE][PASSED] - Object 'Object Repository/BackOffice/InsuranceInformation/coveragePremium' is present

29-06-2024T19:01:09 - [MESSAGE][PASSED] - Scroll to object 'Object Repository/BackOffice/InsuranceInformation/coveragePremium' successfully

29-06-2024T19:01:10 - [MESSAGE][PASSED] - Delayed 1 second(s)

29-06-2024T19:01:11 - [MESSAGE][PASSED] - Delayed 1 second(s)

29-06-2024T19:01:11 - [MESSAGE][PASSED] - Taking screenshot successfully
[[ATTACHMENT|D:\\newRCBCProject\\RCBCLOS_Automation\\Reports\\20240629_181257\\DigitalFlows\\NSTPDigitalLowCashout\\SD_Approver\\20240629_181318\\Screenshots/Approver29_06_2406_57_41/Regression29_06_24_07_01_10.jpg]]

29-06-2024T19:01:12 - [MESSAGE][PASSED] - Object: 'Object Repository/TabSection/nextArrowButton' is clicked on

29-06-2024T19:01:12 - [MESSAGE][PASSED] - tabSection.InsuranceInformation.insuranceInformationForCommon is PASSED

29-06-2024T19:01:14 - [TEST_STEP][PASSED] - Video: Video recording for test case 'Test Cases/Digital_NSTP/testCaseForSD_Approver/InsuranceInformation' .

29-06-2024T19:01:14 - [MESSAGE][INFO] - Video recording for test case 'Test Cases/Digital_NSTP/testCaseForSD_Approver/InsuranceInformation' .]]></system-out>
         <system-err><![CDATA[]]></system-err>
      </testcase>
      <testcase name="Test Cases/Digital_NSTP/testCaseForSD_Approver/DisbursementInformation" time="6.709" classname="Test Cases/Digital_NSTP/testCaseForSD_Approver/DisbursementInformation" status="PASSED">
         <system-out><![CDATA[29-06-2024T19:01:14 - [TEST_CASE][PASSED] - Test Cases/Digital_NSTP/testCaseForSD_Approver/DisbursementInformation: Test Cases/Digital_NSTP/testCaseForSD_Approver/DisbursementInformation

29-06-2024T19:01:14 - [TEST_STEP][PASSED] - tabSection.DisbursementInfo.disbursementInformationForCommon(): tabSection.DisbursementInfo.disbursementInformationForCommon is PASSED

29-06-2024T19:01:15 - [MESSAGE][PASSED] - Object: 'Object Repository/TabSection/DisbursementInformation' is clicked on

29-06-2024T19:01:16 - [MESSAGE][PASSED] - Delayed 1 second(s)

29-06-2024T19:01:17 - [MESSAGE][PASSED] - Delayed 1 second(s)

29-06-2024T19:01:18 - [MESSAGE][PASSED] - Delayed 1 second(s)

29-06-2024T19:01:19 - [MESSAGE][PASSED] - Taking screenshot successfully
[[ATTACHMENT|D:\\newRCBCProject\\RCBCLOS_Automation\\Reports\\20240629_181257\\DigitalFlows\\NSTPDigitalLowCashout\\SD_Approver\\20240629_181318\\Screenshots/Approver29_06_2406_57_41/Regression29_06_24_07_01_17.jpg]]

29-06-2024T19:01:19 - [MESSAGE][PASSED] - tabSection.DisbursementInfo.disbursementInformationForCommon is PASSED

29-06-2024T19:01:21 - [TEST_STEP][PASSED] - Video: Video recording for test case 'Test Cases/Digital_NSTP/testCaseForSD_Approver/DisbursementInformation' .

29-06-2024T19:01:21 - [MESSAGE][INFO] - Video recording for test case 'Test Cases/Digital_NSTP/testCaseForSD_Approver/DisbursementInformation' .]]></system-out>
         <system-err><![CDATA[]]></system-err>
      </testcase>
      <testcase name="Test Cases/Digital_NSTP/testCaseForSD_Approver/SystemInterfaceStatus" time="7.51" classname="Test Cases/Digital_NSTP/testCaseForSD_Approver/SystemInterfaceStatus" status="PASSED">
         <system-out><![CDATA[29-06-2024T19:01:21 - [TEST_CASE][PASSED] - Test Cases/Digital_NSTP/testCaseForSD_Approver/SystemInterfaceStatus: Test Cases/Digital_NSTP/testCaseForSD_Approver/SystemInterfaceStatus

29-06-2024T19:01:21 - [TEST_STEP][PASSED] - tabSection.SystemInterfaceStatus.systemInterfaceStatusForCommon(): tabSection.SystemInterfaceStatus.systemInterfaceStatusForCommon is PASSED

29-06-2024T19:01:22 - [MESSAGE][PASSED] - Object: 'Object Repository/TabSection/SystemInterfaceStatus' is clicked on

29-06-2024T19:01:23 - [MESSAGE][PASSED] - Delayed 1 second(s)

29-06-2024T19:01:24 - [MESSAGE][PASSED] - Delayed 1 second(s)

29-06-2024T19:01:25 - [MESSAGE][PASSED] - Delayed 1 second(s)

29-06-2024T19:01:26 - [MESSAGE][PASSED] - Taking screenshot successfully
[[ATTACHMENT|D:\\newRCBCProject\\RCBCLOS_Automation\\Reports\\20240629_181257\\DigitalFlows\\NSTPDigitalLowCashout\\SD_Approver\\20240629_181318\\Screenshots/Approver29_06_2406_57_41/Regression29_06_24_07_01_24.jpg]]

29-06-2024T19:01:26 - [MESSAGE][PASSED] - Object: 'Object Repository/TabSection/nextArrowButton' is clicked on

29-06-2024T19:01:26 - [MESSAGE][PASSED] - tabSection.SystemInterfaceStatus.systemInterfaceStatusForCommon is PASSED

29-06-2024T19:01:29 - [TEST_STEP][PASSED] - Video: Video recording for test case 'Test Cases/Digital_NSTP/testCaseForSD_Approver/SystemInterfaceStatus' .

29-06-2024T19:01:29 - [MESSAGE][INFO] - Video recording for test case 'Test Cases/Digital_NSTP/testCaseForSD_Approver/SystemInterfaceStatus' .]]></system-out>
         <system-err><![CDATA[]]></system-err>
      </testcase>
      <testcase name="Test Cases/Digital_NSTP/testCaseForSD_Approver/AlertSummary" time="7.858" classname="Test Cases/Digital_NSTP/testCaseForSD_Approver/AlertSummary" status="PASSED">
         <system-out><![CDATA[29-06-2024T19:01:29 - [TEST_CASE][PASSED] - Test Cases/Digital_NSTP/testCaseForSD_Approver/AlertSummary: Test Cases/Digital_NSTP/testCaseForSD_Approver/AlertSummary

29-06-2024T19:01:29 - [TEST_STEP][PASSED] - tabSection.AlertsSummary.alertsSummaryForCommon(): tabSection.AlertsSummary.alertsSummaryForCommon is PASSED

29-06-2024T19:01:30 - [MESSAGE][PASSED] - Object: 'Object Repository/TabSection/AlertSummary' is clicked on

29-06-2024T19:01:31 - [MESSAGE][PASSED] - Delayed 1 second(s)

29-06-2024T19:01:32 - [MESSAGE][PASSED] - Delayed 1 second(s)

29-06-2024T19:01:33 - [MESSAGE][PASSED] - Delayed 1 second(s)

29-06-2024T19:01:33 - [MESSAGE][PASSED] - Taking screenshot successfully
[[ATTACHMENT|D:\\newRCBCProject\\RCBCLOS_Automation\\Reports\\20240629_181257\\DigitalFlows\\NSTPDigitalLowCashout\\SD_Approver\\20240629_181318\\Screenshots/Approver29_06_2406_57_41/Regression29_06_24_07_01_32.jpg]]

29-06-2024T19:01:34 - [MESSAGE][PASSED] - Object: 'Object Repository/TabSection/nextArrowButton' is clicked on

29-06-2024T19:01:34 - [MESSAGE][PASSED] - tabSection.AlertsSummary.alertsSummaryForCommon is PASSED

29-06-2024T19:01:36 - [TEST_STEP][PASSED] - Video: Video recording for test case 'Test Cases/Digital_NSTP/testCaseForSD_Approver/AlertSummary' .

29-06-2024T19:01:36 - [MESSAGE][INFO] - Video recording for test case 'Test Cases/Digital_NSTP/testCaseForSD_Approver/AlertSummary' .]]></system-out>
         <system-err><![CDATA[]]></system-err>
      </testcase>
      <testcase name="Test Cases/Digital_NSTP/testCaseForSD_Approver/Action" time="26.218" classname="Test Cases/Digital_NSTP/testCaseForSD_Approver/Action" status="PASSED">
         <system-out><![CDATA[29-06-2024T19:01:36 - [TEST_CASE][PASSED] - Test Cases/Digital_NSTP/testCaseForSD_Approver/Action: Test Cases/Digital_NSTP/testCaseForSD_Approver/Action

29-06-2024T19:01:37 - [TEST_STEP][PASSED] - tabSection.Action.submitForAO(): tabSection.Action.submitForAO is PASSED

29-06-2024T19:01:40 - [MESSAGE][PASSED] - Object: 'Object Repository/TabSection/Action' is clicked on

29-06-2024T19:01:41 - [MESSAGE][PASSED] - Delayed 1 second(s)

29-06-2024T19:01:42 - [MESSAGE][PASSED] - Delayed 1 second(s)

29-06-2024T19:01:43 - [MESSAGE][PASSED] - Taking screenshot successfully
[[ATTACHMENT|D:\\newRCBCProject\\RCBCLOS_Automation\\Reports\\20240629_181257\\DigitalFlows\\NSTPDigitalLowCashout\\SD_Approver\\20240629_181318\\Screenshots/Approver29_06_2406_57_41/Regression29_06_24_07_01_41.jpg]]

29-06-2024T19:01:43 - [MESSAGE][PASSED] - Object 'Object Repository/Action/otherLoanDetail' is present

29-06-2024T19:01:44 - [MESSAGE][PASSED] - Scroll to object 'Object Repository/Action/otherLoanDetail' successfully

29-06-2024T19:01:45 - [MESSAGE][PASSED] - Delayed 1 second(s)

29-06-2024T19:01:46 - [MESSAGE][PASSED] - Delayed 1 second(s)

29-06-2024T19:01:46 - [MESSAGE][PASSED] - Taking screenshot successfully
[[ATTACHMENT|D:\\newRCBCProject\\RCBCLOS_Automation\\Reports\\20240629_181257\\DigitalFlows\\NSTPDigitalLowCashout\\SD_Approver\\20240629_181318\\Screenshots/Approver29_06_2406_57_41/Regression29_06_24_07_01_45.jpg]]

29-06-2024T19:01:47 - [MESSAGE][PASSED] - Object 'Object Repository/Action/Decision' is visible

29-06-2024T19:01:49 - [MESSAGE][PASSED] - All options with index in [1] are selected on object 'Object Repository/Action/Decision'

29-06-2024T19:01:50 - [MESSAGE][PASSED] - Text 'OK' is set on object 'Object Repository/Action/Remarks'

29-06-2024T19:01:50 - [MESSAGE][PASSED] - Current window's title is: 'SD_Approver_LGH : LOS-3588'

29-06-2024T19:01:50 - [MESSAGE][PASSED] - Text of object 'Object Repository/Action/referenceNumber' is: 'SD_Approver_LGH : LOS-3588'

29-06-2024T19:01:50 - [MESSAGE][INFO] - LOS-3588

29-06-2024T19:01:52 - [MESSAGE][PASSED] - Object: 'Object Repository/Action/SubmitButton' is clicked on

29-06-2024T19:01:52 - [MESSAGE][PASSED] - Taking screenshot successfully
[[ATTACHMENT|D:\\newRCBCProject\\RCBCLOS_Automation\\Reports\\20240629_181257\\DigitalFlows\\NSTPDigitalLowCashout\\SD_Approver\\20240629_181318\\1719667912639.png]]

29-06-2024T19:01:53 - [MESSAGE][PASSED] - Delayed 1 second(s)

29-06-2024T19:01:54 - [MESSAGE][PASSED] - Delayed 1 second(s)

29-06-2024T19:01:55 - [MESSAGE][PASSED] - Delayed 1 second(s)

29-06-2024T19:01:56 - [MESSAGE][PASSED] - Taking screenshot successfully
[[ATTACHMENT|D:\\newRCBCProject\\RCBCLOS_Automation\\Reports\\20240629_181257\\DigitalFlows\\NSTPDigitalLowCashout\\SD_Approver\\20240629_181318\\Screenshots/Approver29_06_2406_57_41/Regression29_06_24_07_01_54.jpg]]

29-06-2024T19:01:59 - [MESSAGE][PASSED] - Object: 'Object Repository/Action/confirmYes' is clicked on

29-06-2024T19:02:01 - [MESSAGE][PASSED] - Delayed 2 second(s)

29-06-2024T19:02:01 - [MESSAGE][PASSED] - tabSection.Action.submitForAO is PASSED

29-06-2024T19:02:03 - [TEST_STEP][PASSED] - Video: Video recording for test case 'Test Cases/Digital_NSTP/testCaseForSD_Approver/Action' .

29-06-2024T19:02:03 - [MESSAGE][INFO] - Video recording for test case 'Test Cases/Digital_NSTP/testCaseForSD_Approver/Action' .]]></system-out>
         <system-err><![CDATA[]]></system-err>
      </testcase>
      <testcase name="Test Cases/LogOut/logout" time="19.426" classname="Test Cases/LogOut/logout" status="PASSED">
         <system-out><![CDATA[29-06-2024T19:02:03 - [TEST_CASE][PASSED] - Test Cases/LogOut/logout: Test Cases/LogOut/logout

29-06-2024T19:02:03 - [TEST_STEP][PASSED] - signOutibps.SignOut.logout(): signOutibps.SignOut.logout is PASSED

29-06-2024T19:02:03 - [MESSAGE][PASSED] - Switched to window with index: '0'

29-06-2024T19:02:04 - [MESSAGE][PASSED] - Delayed 1 second(s)

29-06-2024T19:02:05 - [MESSAGE][WARNING] - Unable to select option by index '2' of object 'Object Repository/ibpsLogOut/selectProcess' (Root cause: com.kms.katalon.core.exception.StepFailedException: Unable to select option by index '2' of object 'Object Repository/ibpsLogOut/selectProcess'
	at com.kms.katalon.core.webui.keyword.internal.WebUIKeywordMain.stepFailed(WebUIKeywordMain.groovy:64)
	at com.kms.katalon.core.webui.keyword.internal.WebUIKeywordMain.runKeyword(WebUIKeywordMain.groovy:26)
	at com.kms.katalon.core.webui.keyword.builtin.SelectOptionByIndexKeyword.selectOptionByIndex(SelectOptionByIndexKeyword.groovy:93)
	at com.kms.katalon.core.webui.keyword.builtin.SelectOptionByIndexKeyword.execute(SelectOptionByIndexKeyword.groovy:68)
	at com.kms.katalon.core.keyword.internal.KeywordExecutor.executeKeywordForPlatform(KeywordExecutor.groovy:74)
	at com.kms.katalon.core.webui.keyword.WebUiBuiltInKeywords.selectOptionByIndex(WebUiBuiltInKeywords.groovy:1153)
	at signOutibps.SignOut.logout(SignOut.groovy:29)
	at java.base/jdk.internal.reflect.NativeMethodAccessorImpl.invoke0(Native Method)
	at java.base/jdk.internal.reflect.NativeMethodAccessorImpl.invoke(NativeMethodAccessorImpl.java:77)
	at java.base/jdk.internal.reflect.DelegatingMethodAccessorImpl.invoke(DelegatingMethodAccessorImpl.java:43)
	at com.kms.katalon.core.main.CustomKeywordDelegatingMetaClass.invokeStaticMethod(CustomKeywordDelegatingMetaClass.java:55)
	at logout.run(logout:20)
	at com.kms.katalon.core.main.ScriptEngine.run(ScriptEngine.java:194)
	at com.kms.katalon.core.main.ScriptEngine.runScriptAsRawText(ScriptEngine.java:119)
	at com.kms.katalon.core.main.TestCaseExecutor.runScript(TestCaseExecutor.java:448)
	at com.kms.katalon.core.main.TestCaseExecutor.doExecute(TestCaseExecutor.java:439)
	at com.kms.katalon.core.main.TestCaseExecutor.processExecutionPhase(TestCaseExecutor.java:418)
	at com.kms.katalon.core.main.TestCaseExecutor.accessMainPhase(TestCaseExecutor.java:410)
	at com.kms.katalon.core.main.TestCaseExecutor.execute(TestCaseExecutor.java:285)
	at com.kms.katalon.core.common.CommonExecutor.accessTestCaseMainPhase(CommonExecutor.java:65)
	at com.kms.katalon.core.main.TestSuiteExecutor.accessTestSuiteMainPhase(TestSuiteExecutor.java:150)
	at com.kms.katalon.core.main.TestSuiteExecutor.execute(TestSuiteExecutor.java:106)
	at com.kms.katalon.core.main.TestCaseMain.startTestSuite(TestCaseMain.java:180)
	at TempTestSuite1719664998403.run(TempTestSuite1719664998403.groovy:35)
	at java.base/jdk.internal.reflect.NativeMethodAccessorImpl.invoke0(Native Method)
	at java.base/jdk.internal.reflect.NativeMethodAccessorImpl.invoke(NativeMethodAccessorImpl.java:77)
	at java.base/jdk.internal.reflect.DelegatingMethodAccessorImpl.invoke(DelegatingMethodAccessorImpl.java:43)
Caused by: java.lang.IllegalArgumentException: Index '2' is invalid (valid indexes are: [0..0])
	at com.kms.katalon.core.webui.common.WebUiCommonHelper.checkSelectIndex(WebUiCommonHelper.java:207)
	at com.kms.katalon.core.webui.common.WebUiCommonHelper.selectOrDeselectOptionsByIndex(WebUiCommonHelper.java:235)
	at com.kms.katalon.core.webui.keyword.builtin.SelectOptionByIndexKeyword$_selectOptionByIndex_closure1.doCall(SelectOptionByIndexKeyword.groovy:85)
	at com.kms.katalon.core.webui.keyword.builtin.SelectOptionByIndexKeyword$_selectOptionByIndex_closure1.call(SelectOptionByIndexKeyword.groovy)
	at com.kms.katalon.core.webui.keyword.internal.WebUIKeywordMain.runKeyword(WebUIKeywordMain.groovy:20)
	at com.kms.katalon.core.webui.keyword.builtin.SelectOptionByIndexKeyword.selectOptionByIndex(SelectOptionByIndexKeyword.groovy:93)
	at com.kms.katalon.core.webui.keyword.builtin.SelectOptionByIndexKeyword.execute(SelectOptionByIndexKeyword.groovy:68)
	at com.kms.katalon.core.keyword.internal.KeywordExecutor.executeKeywordForPlatform(KeywordExecutor.groovy:74)
	at com.kms.katalon.core.webui.keyword.WebUiBuiltInKeywords.selectOptionByIndex(WebUiBuiltInKeywords.groovy:1153)
	at signOutibps.SignOut.logout(SignOut.groovy:29)
	at java.base/jdk.internal.reflect.NativeMethodAccessorImpl.invoke0(Native Method)
	at java.base/jdk.internal.reflect.NativeMethodAccessorImpl.invoke(NativeMethodAccessorImpl.java:77)
	at java.base/jdk.internal.reflect.DelegatingMethodAccessorImpl.invoke(DelegatingMethodAccessorImpl.java:43)
	at com.kms.katalon.core.main.CustomKeywordDelegatingMetaClass.invokeStaticMethod(CustomKeywordDelegatingMetaClass.java:55)
	at Script1718090905101.run(Script1718090905101.groovy:20)
	... 15 more
)
[[ATTACHMENT|D:\\newRCBCProject\\RCBCLOS_Automation\\Reports\\20240629_181257\\DigitalFlows\\NSTPDigitalLowCashout\\SD_Approver\\20240629_181318\\1719667925023.png]]

29-06-2024T19:02:06 - [MESSAGE][PASSED] - Delayed 1 second(s)

29-06-2024T19:02:07 - [MESSAGE][PASSED] - Object: 'Object Repository/ibpsLogOut/searchBar' is double clicked on

29-06-2024T19:02:07 - [MESSAGE][PASSED] - Keys 'LOS-3588' sent to object: 'Object Repository/ibpsLogOut/searchBar'

29-06-2024T19:02:08 - [MESSAGE][PASSED] - Keys 'ENTER + ' sent to object: 'Object Repository/ibpsLogOut/searchBar'

29-06-2024T19:02:09 - [MESSAGE][PASSED] - Delayed 1 second(s)

29-06-2024T19:02:10 - [MESSAGE][PASSED] - Delayed 1 second(s)

29-06-2024T19:02:11 - [MESSAGE][PASSED] - Delayed 1 second(s)

29-06-2024T19:02:12 - [MESSAGE][PASSED] - Taking screenshot successfully
[[ATTACHMENT|D:\\newRCBCProject\\RCBCLOS_Automation\\Reports\\20240629_181257\\DigitalFlows\\NSTPDigitalLowCashout\\SD_Approver\\20240629_181318\\Screenshots/Approver29_06_2406_57_41/Regression29_06_24_07_02_10.jpg]]

29-06-2024T19:02:14 - [MESSAGE][PASSED] - Delayed 2 second(s)

29-06-2024T19:02:14 - [MESSAGE][PASSED] - Object: 'Object Repository/ibpsLogOut/label_QK_CO7' is clicked on

29-06-2024T19:02:16 - [MESSAGE][PASSED] - Delayed 2 second(s)

29-06-2024T19:02:17 - [MESSAGE][PASSED] - Object: 'Object Repository/ibpsLogOut/Logout' is clicked on

29-06-2024T19:02:18 - [MESSAGE][PASSED] - Delayed 1 second(s)

29-06-2024T19:02:19 - [MESSAGE][PASSED] - Delayed 1 second(s)

29-06-2024T19:02:20 - [MESSAGE][PASSED] - Delayed 1 second(s)

29-06-2024T19:02:20 - [MESSAGE][PASSED] - Taking screenshot successfully
[[ATTACHMENT|D:\\newRCBCProject\\RCBCLOS_Automation\\Reports\\20240629_181257\\DigitalFlows\\NSTPDigitalLowCashout\\SD_Approver\\20240629_181318\\Screenshots/Approver29_06_2406_57_41/Regression29_06_24_07_02_19.jpg]]

29-06-2024T19:02:20 - [MESSAGE][PASSED] - signOutibps.SignOut.logout is PASSED

29-06-2024T19:02:22 - [TEST_STEP][PASSED] - Video: Video recording for test case 'Test Cases/LogOut/logout' .

29-06-2024T19:02:22 - [MESSAGE][INFO] - Video recording for test case 'Test Cases/LogOut/logout' .]]></system-out>
         <system-err><![CDATA[]]></system-err>
      </testcase>
      <system-out><![CDATA[29-06-2024T18:57:23 - [TEST_SUITE][PASSED] - SD_Approver: Test Cases/LogOut/logout]]></system-out>
      <system-err><![CDATA[]]></system-err>
   </testsuite>
</testsuites>
