<?xml version="1.0" encoding="UTF-8"?>
<testsuites name="testSuiteForDealerNSTP" time="288.213" tests="11" failures="0" errors="0">
   <testsuite name="testSuiteForDealerNSTP" tests="11" failures="0" errors="0" time="288.213" skipped="0" timestamp="27-06-2024T17:55:50" hostname="Adarsh.Lohar - QKNBK2037.qkcorp.qualitykiosk.com" id="Test Suites/DigitalFlows/DigitalNSTPVouchingMRAC/testSuiteForDealerNSTP">
      <properties>
         <property name="deviceName" value=""/>
         <property name="devicePlatform"/>
         <property name="logFolder" value="D:\\newRCBCProject\\RCBCLOS_Automation\\Reports\\20240627_175523\\DigitalFlows\\DigitalNSTPVouchingMRAC\\testSuiteForDealerNSTP\\20240627_175526"/>
         <property name="logFiles" value="D:\\newRCBCProject\\RCBCLOS_Automation\\Reports\\20240627_175523\\DigitalFlows\\DigitalNSTPVouchingMRAC\\testSuiteForDealerNSTP\\20240627_175526\\execution0.log"/>
         <property name="attachments" value="D:\\newRCBCProject\\RCBCLOS_Automation\\Reports\\20240627_175523\\DigitalFlows\\DigitalNSTPVouchingMRAC\\testSuiteForDealerNSTP\\20240627_175526\\Screenshots/Portal27_06_2405_56_10/Regression27_06_24_05_56_11.jpg, D:\\newRCBCProject\\RCBCLOS_Automation\\Reports\\20240627_175523\\DigitalFlows\\DigitalNSTPVouchingMRAC\\testSuiteForDealerNSTP\\20240627_175526\\Screenshots/Portal27_06_2405_56_10/Regression27_06_24_05_56_21.jpg, D:\\newRCBCProject\\RCBCLOS_Automation\\Reports\\20240627_175523\\DigitalFlows\\DigitalNSTPVouchingMRAC\\testSuiteForDealerNSTP\\20240627_175526\\Screenshots/Portal27_06_2405_56_10/Regression27_06_24_05_56_29.jpg, D:\\newRCBCProject\\RCBCLOS_Automation\\Reports\\20240627_175523\\DigitalFlows\\DigitalNSTPVouchingMRAC\\testSuiteForDealerNSTP\\20240627_175526\\Screenshots/Portal27_06_2405_56_10/Regression27_06_24_05_56_42.jpg, D:\\newRCBCProject\\RCBCLOS_Automation\\Reports\\20240627_175523\\DigitalFlows\\DigitalNSTPVouchingMRAC\\testSuiteForDealerNSTP\\20240627_175526\\Screenshots/Portal27_06_2405_56_10/Regression27_06_24_05_57_09.jpg, D:\\newRCBCProject\\RCBCLOS_Automation\\Reports\\20240627_175523\\DigitalFlows\\DigitalNSTPVouchingMRAC\\testSuiteForDealerNSTP\\20240627_175526\\Screenshots/Portal27_06_2405_56_10/Regression27_06_24_05_57_18.jpg, D:\\newRCBCProject\\RCBCLOS_Automation\\Reports\\20240627_175523\\DigitalFlows\\DigitalNSTPVouchingMRAC\\testSuiteForDealerNSTP\\20240627_175526\\Screenshots/Portal27_06_2405_56_10/Regression27_06_24_05_57_28.jpg, D:\\newRCBCProject\\RCBCLOS_Automation\\Reports\\20240627_175523\\DigitalFlows\\DigitalNSTPVouchingMRAC\\testSuiteForDealerNSTP\\20240627_175526\\Screenshots/Portal27_06_2405_56_10/Regression27_06_24_05_57_47.jpg, D:\\newRCBCProject\\RCBCLOS_Automation\\Reports\\20240627_175523\\DigitalFlows\\DigitalNSTPVouchingMRAC\\testSuiteForDealerNSTP\\20240627_175526\\Screenshots/Portal27_06_2405_56_10/Regression27_06_24_05_57_55.jpg, D:\\newRCBCProject\\RCBCLOS_Automation\\Reports\\20240627_175523\\DigitalFlows\\DigitalNSTPVouchingMRAC\\testSuiteForDealerNSTP\\20240627_175526\\Screenshots/Portal27_06_2405_56_10/Regression27_06_24_05_58_02.jpg, D:\\newRCBCProject\\RCBCLOS_Automation\\Reports\\20240627_175523\\DigitalFlows\\DigitalNSTPVouchingMRAC\\testSuiteForDealerNSTP\\20240627_175526\\Screenshots/Portal27_06_2405_56_10/Regression27_06_24_05_58_11.jpg, D:\\newRCBCProject\\RCBCLOS_Automation\\Reports\\20240627_175523\\DigitalFlows\\DigitalNSTPVouchingMRAC\\testSuiteForDealerNSTP\\20240627_175526\\Screenshots/Portal27_06_2405_56_10/Regression27_06_24_05_58_23.jpg, D:\\newRCBCProject\\RCBCLOS_Automation\\Reports\\20240627_175523\\DigitalFlows\\DigitalNSTPVouchingMRAC\\testSuiteForDealerNSTP\\20240627_175526\\Screenshots/Portal27_06_2405_56_10/Regression27_06_24_05_58_33.jpg, D:\\newRCBCProject\\RCBCLOS_Automation\\Reports\\20240627_175523\\DigitalFlows\\DigitalNSTPVouchingMRAC\\testSuiteForDealerNSTP\\20240627_175526\\Screenshots/Portal27_06_2405_56_10/Regression27_06_24_05_58_40.jpg, D:\\newRCBCProject\\RCBCLOS_Automation\\Reports\\20240627_175523\\DigitalFlows\\DigitalNSTPVouchingMRAC\\testSuiteForDealerNSTP\\20240627_175526\\Screenshots/Portal27_06_2405_56_10/Regression27_06_24_05_58_53.jpg, D:\\newRCBCProject\\RCBCLOS_Automation\\Reports\\20240627_175523\\DigitalFlows\\DigitalNSTPVouchingMRAC\\testSuiteForDealerNSTP\\20240627_175526\\Screenshots/Portal27_06_2405_56_10/Regression27_06_24_05_59_12.jpg, D:\\newRCBCProject\\RCBCLOS_Automation\\Reports\\20240627_175523\\DigitalFlows\\DigitalNSTPVouchingMRAC\\testSuiteForDealerNSTP\\20240627_175526\\Screenshots/Portal27_06_2405_56_10/Regression27_06_24_05_59_33.jpg, D:\\newRCBCProject\\RCBCLOS_Automation\\Reports\\20240627_175523\\DigitalFlows\\DigitalNSTPVouchingMRAC\\testSuiteForDealerNSTP\\20240627_175526\\Screenshots/Portal27_06_2405_56_10/Regression27_06_24_05_59_53.jpg, D:\\newRCBCProject\\RCBCLOS_Automation\\Reports\\20240627_175523\\DigitalFlows\\DigitalNSTPVouchingMRAC\\testSuiteForDealerNSTP\\20240627_175526\\Screenshots/Portal27_06_2405_56_10/Regression27_06_24_05_59_59.jpg, D:\\newRCBCProject\\RCBCLOS_Automation\\Reports\\20240627_175523\\DigitalFlows\\DigitalNSTPVouchingMRAC\\testSuiteForDealerNSTP\\20240627_175526\\Screenshots/Portal27_06_2405_56_10/Regression27_06_24_06_00_30.jpg"/>
         <property name="hostName" value="Adarsh.Lohar - QKNBK2037.qkcorp.qualitykiosk.com"/>
         <property name="os" value="Windows 10 64bit"/>
         <property name="katalonVersion" value="9.5.0.217"/>
         <property name="browser" value="Chrome 126.0.0.0"/>
         <property name="hostAddress" value="10.0.6.77"/>
         <property name="sessionId" value="501cde41de25f7d65c0b92b2cd42f594"/>
         <property name="seleniumVersion" value="3.141.59"/>
         <property name="proxyInformation" value="ProxyInformation { proxyOption=NO_PROXY, proxyServerType=HTTP, username=, password=********, proxyServerAddress=, proxyServerPort=0, executionList=&quot;&quot;, isApplyToDesiredCapabilities=true }"/>
         <property name="platform" value="Windows 10"/>
      </properties>
      <testcase name="Test Cases/Digital_STPWithAndWithoutAPI/DigitalPotal/LoginPage" time="27.893" classname="Test Cases/Digital_STPWithAndWithoutAPI/DigitalPotal/LoginPage" status="PASSED">
         <system-out><![CDATA[27-06-2024T17:55:50 - [TEST_CASE][PASSED] - Test Cases/Digital_STPWithAndWithoutAPI/DigitalPotal/LoginPage: Test Cases/Digital_STPWithAndWithoutAPI/DigitalPotal/LoginPage

27-06-2024T17:55:51 - [TEST_STEP][PASSED] - loginPage.LoginPage.login_Page(): loginPage.LoginPage.login_Page is PASSED

27-06-2024T17:55:52 - [MESSAGE][INFO] - Starting 'Chrome' driver

27-06-2024T17:55:52 - [MESSAGE][INFO] - User set preference: ['args', '[--incognito]']

27-06-2024T17:55:52 - [MESSAGE][INFO] - Action delay is set to 0 milliseconds

27-06-2024T17:56:01 - [MESSAGE][PASSED] - Browser is opened with url: ''

27-06-2024T17:56:01 - [MESSAGE][PASSED] - Current window maximized

27-06-2024T17:56:03 - [MESSAGE][PASSED] - Navigate to 'https://rcbcuat.nonprodnmc.com/LoanPortal' successfully

27-06-2024T17:56:08 - [MESSAGE][PASSED] - Text 'QK_Dealer7' is set on object 'Object Repository/LoginPage/email'

27-06-2024T17:56:09 - [MESSAGE][PASSED] - Text ****** has been set on object 'Object Repository/LoginPage/password'

27-06-2024T17:56:10 - [MESSAGE][PASSED] - Delayed 1 second(s)

27-06-2024T17:56:11 - [MESSAGE][PASSED] - Delayed 1 second(s)

27-06-2024T17:56:12 - [MESSAGE][PASSED] - Delayed 1 second(s)

27-06-2024T17:56:13 - [MESSAGE][PASSED] - Taking screenshot successfully
[[ATTACHMENT|D:\\newRCBCProject\\RCBCLOS_Automation\\Reports\\20240627_175523\\DigitalFlows\\DigitalNSTPVouchingMRAC\\testSuiteForDealerNSTP\\20240627_175526\\Screenshots/Portal27_06_2405_56_10/Regression27_06_24_05_56_11.jpg]]

27-06-2024T17:56:14 - [MESSAGE][PASSED] - Object: 'Object Repository/LoginPage/log_in' is clicked on

27-06-2024T17:56:16 - [MESSAGE][PASSED] - Object 'Object Repository/HomePage/Auto_Loan_Portal' is present

27-06-2024T17:56:16 - [MESSAGE][INFO] - We are in Home Page

27-06-2024T17:56:16 - [MESSAGE][PASSED] - loginPage.LoginPage.login_Page is PASSED

27-06-2024T17:56:18 - [TEST_STEP][PASSED] - Video: Video recording for test case 'Test Cases/Digital_STPWithAndWithoutAPI/DigitalPotal/LoginPage' .

27-06-2024T17:56:18 - [MESSAGE][INFO] - Video recording for test case 'Test Cases/Digital_STPWithAndWithoutAPI/DigitalPotal/LoginPage' .]]></system-out>
         <system-err><![CDATA[]]></system-err>
      </testcase>
      <testcase name="Test Cases/Digital_STPWithAndWithoutAPI/DigitalPotal/HomePage" time="7.588" classname="Test Cases/Digital_STPWithAndWithoutAPI/DigitalPotal/HomePage" status="PASSED">
         <system-out><![CDATA[27-06-2024T17:56:18 - [TEST_CASE][PASSED] - Test Cases/Digital_STPWithAndWithoutAPI/DigitalPotal/HomePage: Test Cases/Digital_STPWithAndWithoutAPI/DigitalPotal/HomePage

27-06-2024T17:56:19 - [TEST_STEP][PASSED] - homePage.homePage.homepage(): homePage.homePage.homepage is PASSED

27-06-2024T17:56:19 - [MESSAGE][PASSED] - Wait for page load successfully

27-06-2024T17:56:20 - [MESSAGE][PASSED] - Text 'What system would you like to access?' is present on page 

27-06-2024T17:56:20 - [MESSAGE][PASSED] - Object 'Object Repository/HomePage/ManageLoans' is clickable

27-06-2024T17:56:20 - [MESSAGE][PASSED] - Object 'Object Repository/SignOutButton/exitIcon' is clickable

27-06-2024T17:56:21 - [MESSAGE][PASSED] - Delayed 1 second(s)

27-06-2024T17:56:22 - [MESSAGE][PASSED] - Delayed 1 second(s)

27-06-2024T17:56:22 - [MESSAGE][PASSED] - Taking screenshot successfully
[[ATTACHMENT|D:\\newRCBCProject\\RCBCLOS_Automation\\Reports\\20240627_175523\\DigitalFlows\\DigitalNSTPVouchingMRAC\\testSuiteForDealerNSTP\\20240627_175526\\Screenshots/Portal27_06_2405_56_10/Regression27_06_24_05_56_21.jpg]]

27-06-2024T17:56:24 - [MESSAGE][PASSED] - Object: 'Object Repository/HomePage/Auto_Loan_Portal' is clicked on

27-06-2024T17:56:24 - [MESSAGE][PASSED] - Object 'Object Repository/ModeOfApplication/digitalApplication' is present

27-06-2024T17:56:24 - [MESSAGE][INFO] - We are getting two options

27-06-2024T17:56:24 - [MESSAGE][PASSED] - homePage.homePage.homepage is PASSED

27-06-2024T17:56:26 - [TEST_STEP][PASSED] - Video: Video recording for test case 'Test Cases/Digital_STPWithAndWithoutAPI/DigitalPotal/HomePage' .

27-06-2024T17:56:26 - [MESSAGE][INFO] - Video recording for test case 'Test Cases/Digital_STPWithAndWithoutAPI/DigitalPotal/HomePage' .]]></system-out>
         <system-err><![CDATA[]]></system-err>
      </testcase>
      <testcase name="Test Cases/Digital_STPWithAndWithoutAPI/DigitalPotal/SelectAutoLoan" time="12.143" classname="Test Cases/Digital_STPWithAndWithoutAPI/DigitalPotal/SelectAutoLoan" status="PASSED">
         <system-out><![CDATA[27-06-2024T17:56:26 - [TEST_CASE][PASSED] - Test Cases/Digital_STPWithAndWithoutAPI/DigitalPotal/SelectAutoLoan: Test Cases/Digital_STPWithAndWithoutAPI/DigitalPotal/SelectAutoLoan

27-06-2024T17:56:27 - [TEST_STEP][PASSED] - autoLoanProtal.SelectAutoLoan.clickToDigitalApplication(): autoLoanProtal.SelectAutoLoan.clickToDigitalApplication is PASSED

27-06-2024T17:56:27 - [MESSAGE][PASSED] - Wait for page load successfully

27-06-2024T17:56:27 - [MESSAGE][PASSED] - Text 'Mode of Application' is present on page 

27-06-2024T17:56:27 - [MESSAGE][PASSED] - Object 'Object Repository/ModeOfApplication/paperBased' is clickable

27-06-2024T17:56:27 - [MESSAGE][PASSED] - Object 'Object Repository/ModeOfApplication/closeButton' is clickable

27-06-2024T17:56:28 - [MESSAGE][PASSED] - Delayed 1 second(s)

27-06-2024T17:56:29 - [MESSAGE][PASSED] - Delayed 1 second(s)

27-06-2024T17:56:30 - [MESSAGE][PASSED] - Delayed 1 second(s)

27-06-2024T17:56:30 - [MESSAGE][PASSED] - Taking screenshot successfully
[[ATTACHMENT|D:\\newRCBCProject\\RCBCLOS_Automation\\Reports\\20240627_175523\\DigitalFlows\\DigitalNSTPVouchingMRAC\\testSuiteForDealerNSTP\\20240627_175526\\Screenshots/Portal27_06_2405_56_10/Regression27_06_24_05_56_29.jpg]]

27-06-2024T17:56:34 - [MESSAGE][PASSED] - Object: 'Object Repository/ModeOfApplication/digitalApplication' is clicked on

27-06-2024T17:56:35 - [MESSAGE][PASSED] - Delayed 1 second(s)

27-06-2024T17:56:36 - [MESSAGE][PASSED] - Object 'Object Repository/LetsGetStarted/lets_get_started' is present

27-06-2024T17:56:36 - [MESSAGE][INFO] - We are in Right Page

27-06-2024T17:56:36 - [MESSAGE][PASSED] - autoLoanProtal.SelectAutoLoan.clickToDigitalApplication is PASSED

27-06-2024T17:56:38 - [TEST_STEP][PASSED] - Video: Video recording for test case 'Test Cases/Digital_STPWithAndWithoutAPI/DigitalPotal/SelectAutoLoan' .

27-06-2024T17:56:38 - [MESSAGE][INFO] - Video recording for test case 'Test Cases/Digital_STPWithAndWithoutAPI/DigitalPotal/SelectAutoLoan' .]]></system-out>
         <system-err><![CDATA[]]></system-err>
      </testcase>
      <testcase name="Test Cases/Digital_STPWithAndWithoutAPI/DigitalPotal/LetsgetStarted" time="18.754" classname="Test Cases/Digital_STPWithAndWithoutAPI/DigitalPotal/LetsgetStarted" status="PASSED">
         <system-out><![CDATA[27-06-2024T17:56:38 - [TEST_CASE][PASSED] - Test Cases/Digital_STPWithAndWithoutAPI/DigitalPotal/LetsgetStarted: Test Cases/Digital_STPWithAndWithoutAPI/DigitalPotal/LetsgetStarted

27-06-2024T17:56:39 - [TEST_STEP][PASSED] - autoLoanProtal.letsGetStarted.letsGetStartedBtnFun(): autoLoanProtal.letsGetStarted.letsGetStartedBtnFun is PASSED

27-06-2024T17:56:39 - [MESSAGE][PASSED] - Wait for page load successfully

27-06-2024T17:56:40 - [MESSAGE][PASSED] - Text 'Quick & easy Auto Loan Application with RCBC' is present on page 

27-06-2024T17:56:41 - [MESSAGE][PASSED] - Object 'Object Repository/LetsGetStarted/homeButton' is clickable

27-06-2024T17:56:42 - [MESSAGE][PASSED] - Delayed 1 second(s)

27-06-2024T17:56:43 - [MESSAGE][PASSED] - Delayed 1 second(s)

27-06-2024T17:56:44 - [MESSAGE][PASSED] - Taking screenshot successfully
[[ATTACHMENT|D:\\newRCBCProject\\RCBCLOS_Automation\\Reports\\20240627_175523\\DigitalFlows\\DigitalNSTPVouchingMRAC\\testSuiteForDealerNSTP\\20240627_175526\\Screenshots/Portal27_06_2405_56_10/Regression27_06_24_05_56_42.jpg]]

27-06-2024T17:56:50 - [MESSAGE][PASSED] - Object: 'Object Repository/LetsGetStarted/lets_get_started' is clicked on

27-06-2024T17:56:53 - [MESSAGE][PASSED] - Delayed 3 second(s)

27-06-2024T17:56:55 - [MESSAGE][PASSED] - Object 'Object Repository/Loan Details/loanDetail' is present

27-06-2024T17:56:55 - [MESSAGE][INFO] - We are in Loan Detail Page

27-06-2024T17:56:55 - [MESSAGE][PASSED] - autoLoanProtal.letsGetStarted.letsGetStartedBtnFun is PASSED

27-06-2024T17:56:57 - [TEST_STEP][PASSED] - Video: Video recording for test case 'Test Cases/Digital_STPWithAndWithoutAPI/DigitalPotal/LetsgetStarted' .

27-06-2024T17:56:57 - [MESSAGE][INFO] - Video recording for test case 'Test Cases/Digital_STPWithAndWithoutAPI/DigitalPotal/LetsgetStarted' .]]></system-out>
         <system-err><![CDATA[]]></system-err>
      </testcase>
      <testcase name="Test Cases/Digital_STPWithAndWithoutAPI/DigitalPotal/LoanDetails" time="40.294" classname="Test Cases/Digital_STPWithAndWithoutAPI/DigitalPotal/LoanDetails" status="PASSED">
         <system-out><![CDATA[27-06-2024T17:56:57 - [TEST_CASE][PASSED] - Test Cases/Digital_STPWithAndWithoutAPI/DigitalPotal/LoanDetails: Test Cases/Digital_STPWithAndWithoutAPI/DigitalPotal/LoanDetails

27-06-2024T17:56:58 - [TEST_STEP][PASSED] - autoLoanProtal.LoanDetails.loanDetail(brand, unitDescription, loanTerm, downpaymentValue, actualCashOut, insuranceType): autoLoanProtal.LoanDetails.loanDetail is PASSED

27-06-2024T17:56:58 - [MESSAGE][PASSED] - Wait for page load successfully

27-06-2024T17:56:58 - [MESSAGE][PASSED] - Object 'Object Repository/Loan Details/loanDetail' is present

27-06-2024T17:56:58 - [MESSAGE][PASSED] - Object 'Object Repository/Loan Details/Used' is clickable

27-06-2024T17:56:59 - [MESSAGE][PASSED] - Object: 'Object Repository/Loan Details/Brand' is clicked on

27-06-2024T17:57:01 - [MESSAGE][PASSED] - All options with value 'HONDA' are selected in object 'Object Repository/Loan Details/Brand'  using regular expression

27-06-2024T17:57:03 - [MESSAGE][PASSED] - All options with index in [1] are selected on object 'Object Repository/Loan Details/UnitDescription'

27-06-2024T17:57:03 - [MESSAGE][PASSED] - Object: 'Object Repository/Loan Details/LoanTerm' is clicked on

27-06-2024T17:57:05 - [MESSAGE][PASSED] - All options with value 'AL5' are selected in object 'Object Repository/Loan Details/LoanTerm'  using regular expression

27-06-2024T17:57:05 - [MESSAGE][PASSED] - Object: 'Object Repository/Loan Details/DownpaymentValue' is clicked on

27-06-2024T17:57:06 - [MESSAGE][PASSED] - Keys '200000' sent to object: 'Object Repository/Loan Details/DownpaymentValue'

27-06-2024T17:57:07 - [MESSAGE][PASSED] - Keys '50000' sent to object: 'Object Repository/Loan Details/ActualCashOut'

27-06-2024T17:57:08 - [MESSAGE][PASSED] - Delayed 1 second(s)

27-06-2024T17:57:09 - [MESSAGE][PASSED] - Delayed 1 second(s)

27-06-2024T17:57:10 - [MESSAGE][PASSED] - Delayed 1 second(s)

27-06-2024T17:57:10 - [MESSAGE][PASSED] - Taking screenshot successfully
[[ATTACHMENT|D:\\newRCBCProject\\RCBCLOS_Automation\\Reports\\20240627_175523\\DigitalFlows\\DigitalNSTPVouchingMRAC\\testSuiteForDealerNSTP\\20240627_175526\\Screenshots/Portal27_06_2405_56_10/Regression27_06_24_05_57_09.jpg]]

27-06-2024T17:57:11 - [MESSAGE][PASSED] - Object: 'Object Repository/Loan Details/Insurance type' is clicked on

27-06-2024T17:57:12 - [MESSAGE][PASSED] - All options with value 'TID' are selected in object 'Object Repository/Loan Details/Insurance type'  using regular expression

27-06-2024T17:57:14 - [MESSAGE][PASSED] - Delayed 2 second(s)

27-06-2024T17:57:14 - [MESSAGE][PASSED] - Current window's title is: 'Portal : LOS-3546'

27-06-2024T17:57:14 - [MESSAGE][INFO] - LOS-3546

27-06-2024T17:57:15 - [MESSAGE][PASSED] - Object: 'Object Repository/Loan Details/increamentButton' is clicked on

27-06-2024T17:57:15 - [MESSAGE][PASSED] - Attribute 'title' of object 'Object Repository/Loan Details/noOfAdvancePayment' is: '1'

27-06-2024T17:57:15 - [MESSAGE][PASSED] - Object: 'Object Repository/Loan Details/principalRadioBtn' is clicked on

27-06-2024T17:57:16 - [MESSAGE][PASSED] - Object 'Object Repository/Loan Details/amortizationRadioBtn' is clickable

27-06-2024T17:57:16 - [MESSAGE][PASSED] - Object 'Object Repository/Loan Details/autoLoanCheckBox' is not checked

27-06-2024T17:57:17 - [MESSAGE][PASSED] - Delayed 1 second(s)

27-06-2024T17:57:18 - [MESSAGE][PASSED] - Delayed 1 second(s)

27-06-2024T17:57:19 - [MESSAGE][PASSED] - Delayed 1 second(s)

27-06-2024T17:57:19 - [MESSAGE][PASSED] - Taking screenshot successfully
[[ATTACHMENT|D:\\newRCBCProject\\RCBCLOS_Automation\\Reports\\20240627_175523\\DigitalFlows\\DigitalNSTPVouchingMRAC\\testSuiteForDealerNSTP\\20240627_175526\\Screenshots/Portal27_06_2405_56_10/Regression27_06_24_05_57_18.jpg]]

27-06-2024T17:57:19 - [MESSAGE][PASSED] - Object 'Object Repository/Loan Details/Clear Data' is clickable

27-06-2024T17:57:23 - [MESSAGE][PASSED] - Object: 'Object Repository/Loan Details/Calculate' is clicked on

27-06-2024T17:57:25 - [MESSAGE][PASSED] - Delayed 2 second(s)

27-06-2024T17:57:25 - [MESSAGE][PASSED] - Text of object 'Object Repository/Loan Details/monthlyInsurancePremium' is: '₱ 0.00'

27-06-2024T17:57:25 - [MESSAGE][PASSED] - Text of object 'Object Repository/Loan Details/MonthlyAmortization' is: '₱ 44,038.51'

27-06-2024T17:57:26 - [MESSAGE][PASSED] - Text of object 'Object Repository/Loan Details/totalMonthlyAmortization' is: '₱ 44,038.51'

27-06-2024T17:57:26 - [MESSAGE][PASSED] - Object 'Object Repository/Loan Details/monthlyInsurancePremium13Month' is present

27-06-2024T17:57:27 - [MESSAGE][PASSED] - Text of object 'Object Repository/Loan Details/monthlyInsurancePremium13Month' is: '2566.73'

27-06-2024T17:57:28 - [MESSAGE][PASSED] - Delayed 1 second(s)

27-06-2024T17:57:29 - [MESSAGE][PASSED] - Delayed 1 second(s)

27-06-2024T17:57:29 - [MESSAGE][PASSED] - Taking screenshot successfully
[[ATTACHMENT|D:\\newRCBCProject\\RCBCLOS_Automation\\Reports\\20240627_175523\\DigitalFlows\\DigitalNSTPVouchingMRAC\\testSuiteForDealerNSTP\\20240627_175526\\Screenshots/Portal27_06_2405_56_10/Regression27_06_24_05_57_28.jpg]]

27-06-2024T17:57:31 - [MESSAGE][PASSED] - Object: 'Object Repository/Loan Details/Apply Now' is clicked on

27-06-2024T17:57:33 - [MESSAGE][PASSED] - Delayed 2 second(s)

27-06-2024T17:57:35 - [MESSAGE][PASSED] - Object 'Object Repository/Borrower_Details/borrowerInformation' is present

27-06-2024T17:57:35 - [MESSAGE][INFO] - We are in Borrower Detail Page

27-06-2024T17:57:35 - [MESSAGE][PASSED] - autoLoanProtal.LoanDetails.loanDetail is PASSED

27-06-2024T17:57:37 - [TEST_STEP][PASSED] - Video: Video recording for test case 'Test Cases/Digital_STPWithAndWithoutAPI/DigitalPotal/LoanDetails' .

27-06-2024T17:57:37 - [MESSAGE][INFO] - Video recording for test case 'Test Cases/Digital_STPWithAndWithoutAPI/DigitalPotal/LoanDetails' .]]></system-out>
         <system-err><![CDATA[]]></system-err>
      </testcase>
      <testcase name="Test Cases/Digital_NSTP/NSTPPortal/BorrowerDetailNSTP" time="21.676" classname="Test Cases/Digital_NSTP/NSTPPortal/BorrowerDetailNSTP" status="PASSED">
         <system-out><![CDATA[27-06-2024T17:57:38 - [TEST_CASE][PASSED] - Test Cases/Digital_NSTP/NSTPPortal/BorrowerDetailNSTP: Test Cases/Digital_NSTP/NSTPPortal/BorrowerDetailNSTP

27-06-2024T17:57:39 - [TEST_STEP][PASSED] - autoLoanProtal.Borrower_Detail.borrower_DetailsForNSTP(fst_Name, mid_Name, lst_Name, email, mob_Num, date, maritalStatus, suffix, residence): autoLoanProtal.Borrower_Detail.borrower_DetailsForNSTP is PASSED

27-06-2024T17:57:39 - [MESSAGE][PASSED] - Wait for page load successfully

27-06-2024T17:57:39 - [MESSAGE][PASSED] - Object 'Object Repository/Borrower_Details/borrowerInformation' is present

27-06-2024T17:57:40 - [MESSAGE][PASSED] - Text 'Samira' is set on object 'Object Repository/Borrower_Details/first_Name'

27-06-2024T17:57:41 - [MESSAGE][PASSED] - Text 'Pandu' is set on object 'Object Repository/Borrower_Details/middle_Name'

27-06-2024T17:57:41 - [MESSAGE][PASSED] - Text 'Bhidew' is set on object 'Object Repository/Borrower_Details/last_Name'

27-06-2024T17:57:43 - [MESSAGE][PASSED] - Object: 'Object Repository/Borrower_Details/suffix' is clicked on

27-06-2024T17:57:44 - [MESSAGE][PASSED] - All options with value 'SF2' are selected in object 'Object Repository/Borrower_Details/suffix'  using regular expression

27-06-2024T17:57:44 - [MESSAGE][PASSED] - 7 options of object 'Object Repository/Borrower_Details/suffix' counted

27-06-2024T17:57:45 - [MESSAGE][PASSED] - All options with value 'M' are selected in object 'Object Repository/Borrower_Details/marital_Status' 

27-06-2024T17:57:46 - [MESSAGE][PASSED] - Delayed 1 second(s)

27-06-2024T17:57:47 - [MESSAGE][PASSED] - Delayed 1 second(s)

27-06-2024T17:57:48 - [MESSAGE][PASSED] - Delayed 1 second(s)

27-06-2024T17:57:48 - [MESSAGE][PASSED] - Taking screenshot successfully
[[ATTACHMENT|D:\\newRCBCProject\\RCBCLOS_Automation\\Reports\\20240627_175523\\DigitalFlows\\DigitalNSTPVouchingMRAC\\testSuiteForDealerNSTP\\20240627_175526\\Screenshots/Portal27_06_2405_56_10/Regression27_06_24_05_57_47.jpg]]

27-06-2024T17:57:49 - [MESSAGE][PASSED] - Text '26/01/2001' is set on object 'Object Repository/Borrower_Details/date_Of_Birth'

27-06-2024T17:57:50 - [MESSAGE][PASSED] - Text 'mahesh@gmail.com' is set on object 'Object Repository/Borrower_Details/email'

27-06-2024T17:57:52 - [MESSAGE][PASSED] - Text '(63) 9356986567' is set on object 'Object Repository/Borrower_Details/mobile_Number'

27-06-2024T17:57:52 - [MESSAGE][PASSED] - All options with value 'RO002' are selected in object 'Object Repository/Borrower_Details/residence_Ownership_Type' 

27-06-2024T17:57:53 - [MESSAGE][PASSED] - 6 options of object 'Object Repository/Borrower_Details/residence_Ownership_Type' counted

27-06-2024T17:57:54 - [MESSAGE][PASSED] - Delayed 1 second(s)

27-06-2024T17:57:55 - [MESSAGE][PASSED] - Delayed 1 second(s)

27-06-2024T17:57:56 - [MESSAGE][PASSED] - Delayed 1 second(s)

27-06-2024T17:57:56 - [MESSAGE][PASSED] - Taking screenshot successfully
[[ATTACHMENT|D:\\newRCBCProject\\RCBCLOS_Automation\\Reports\\20240627_175523\\DigitalFlows\\DigitalNSTPVouchingMRAC\\testSuiteForDealerNSTP\\20240627_175526\\Screenshots/Portal27_06_2405_56_10/Regression27_06_24_05_57_55.jpg]]

27-06-2024T17:57:56 - [MESSAGE][PASSED] - Object 'Object Repository/Borrower_Details/back' is clickable

27-06-2024T17:57:57 - [MESSAGE][PASSED] - Object: 'Object Repository/Borrower_Details/continue' is clicked on

27-06-2024T17:57:57 - [MESSAGE][PASSED] - Object 'Object Repository/confirmationPage/continueBtn' is present

27-06-2024T17:57:57 - [MESSAGE][INFO] - We are in review loan Detail Page page

27-06-2024T17:57:57 - [MESSAGE][PASSED] - autoLoanProtal.Borrower_Detail.borrower_DetailsForNSTP is PASSED

27-06-2024T17:57:59 - [TEST_STEP][PASSED] - Video: Video recording for test case 'Test Cases/Digital_NSTP/NSTPPortal/BorrowerDetailNSTP' .

27-06-2024T17:57:59 - [MESSAGE][INFO] - Video recording for test case 'Test Cases/Digital_NSTP/NSTPPortal/BorrowerDetailNSTP' .]]></system-out>
         <system-err><![CDATA[]]></system-err>
      </testcase>
      <testcase name="Test Cases/Digital_STPWithAndWithoutAPI/DigitalPotal/ConfirmationPage" time="9.276" classname="Test Cases/Digital_STPWithAndWithoutAPI/DigitalPotal/ConfirmationPage" status="PASSED">
         <system-out><![CDATA[27-06-2024T17:57:59 - [TEST_CASE][PASSED] - Test Cases/Digital_STPWithAndWithoutAPI/DigitalPotal/ConfirmationPage: Test Cases/Digital_STPWithAndWithoutAPI/DigitalPotal/ConfirmationPage

27-06-2024T17:58:00 - [TEST_STEP][PASSED] - autoLoanProtal.confirmationPage.editOnConfirmationPage(): autoLoanProtal.confirmationPage.editOnConfirmationPage is PASSED

27-06-2024T17:58:00 - [MESSAGE][PASSED] - Wait for page load successfully

27-06-2024T17:58:00 - [MESSAGE][PASSED] - Object 'Object Repository/confirmationPage/reviewLoanDetail' is present

27-06-2024T17:58:00 - [MESSAGE][PASSED] - Object 'Object Repository/confirmationPage/autoLoanAppDetailsEditBtn' is clickable

27-06-2024T17:58:00 - [MESSAGE][PASSED] - Object 'Object Repository/confirmationPage/borrowerDetailsEditBtn' is clickable

27-06-2024T17:58:01 - [MESSAGE][PASSED] - Delayed 1 second(s)

27-06-2024T17:58:02 - [MESSAGE][PASSED] - Delayed 1 second(s)

27-06-2024T17:58:03 - [MESSAGE][PASSED] - Delayed 1 second(s)

27-06-2024T17:58:03 - [MESSAGE][PASSED] - Taking screenshot successfully
[[ATTACHMENT|D:\\newRCBCProject\\RCBCLOS_Automation\\Reports\\20240627_175523\\DigitalFlows\\DigitalNSTPVouchingMRAC\\testSuiteForDealerNSTP\\20240627_175526\\Screenshots/Portal27_06_2405_56_10/Regression27_06_24_05_58_02.jpg]]

27-06-2024T17:58:06 - [MESSAGE][PASSED] - Object: 'Object Repository/confirmationPage/continueBtn' is clicked on

27-06-2024T17:58:07 - [MESSAGE][PASSED] - Delayed 1 second(s)

27-06-2024T17:58:07 - [MESSAGE][PASSED] - autoLoanProtal.confirmationPage.editOnConfirmationPage is PASSED

27-06-2024T17:58:09 - [TEST_STEP][PASSED] - Video: Video recording for test case 'Test Cases/Digital_STPWithAndWithoutAPI/DigitalPotal/ConfirmationPage' .

27-06-2024T17:58:09 - [MESSAGE][INFO] - Video recording for test case 'Test Cases/Digital_STPWithAndWithoutAPI/DigitalPotal/ConfirmationPage' .]]></system-out>
         <system-err><![CDATA[]]></system-err>
      </testcase>
      <testcase name="Test Cases/Digital_STPWithAndWithoutAPI/DigitalPotal/InitialCheckingWithAPI" time="7.233" classname="Test Cases/Digital_STPWithAndWithoutAPI/DigitalPotal/InitialCheckingWithAPI" status="PASSED">
         <system-out><![CDATA[27-06-2024T17:58:09 - [TEST_CASE][PASSED] - Test Cases/Digital_STPWithAndWithoutAPI/DigitalPotal/InitialCheckingWithAPI: Test Cases/Digital_STPWithAndWithoutAPI/DigitalPotal/InitialCheckingWithAPI

27-06-2024T17:58:09 - [TEST_STEP][PASSED] - autoLoanProtal.initial_Confirmation.initial_conf(): autoLoanProtal.initial_Confirmation.initial_conf is PASSED

27-06-2024T17:58:09 - [MESSAGE][PASSED] - Wait for page load successfully

27-06-2024T17:58:09 - [MESSAGE][PASSED] - Object 'Object Repository/Initial_Confirmation/oneMoreStep' is present

27-06-2024T17:58:10 - [MESSAGE][PASSED] - Delayed 1 second(s)

27-06-2024T17:58:11 - [MESSAGE][PASSED] - Delayed 1 second(s)

27-06-2024T17:58:12 - [MESSAGE][PASSED] - Delayed 1 second(s)

27-06-2024T17:58:12 - [MESSAGE][PASSED] - Taking screenshot successfully
[[ATTACHMENT|D:\\newRCBCProject\\RCBCLOS_Automation\\Reports\\20240627_175523\\DigitalFlows\\DigitalNSTPVouchingMRAC\\testSuiteForDealerNSTP\\20240627_175526\\Screenshots/Portal27_06_2405_56_10/Regression27_06_24_05_58_11.jpg]]

27-06-2024T17:58:13 - [MESSAGE][PASSED] - Object: 'Object Repository/Initial_Confirmation/okay' is clicked on

27-06-2024T17:58:14 - [MESSAGE][PASSED] - Object 'Object Repository/AdditionalInformationWithoutAPI/additionPageLogo' is present

27-06-2024T17:58:14 - [MESSAGE][INFO] - We are in Addition page

27-06-2024T17:58:14 - [MESSAGE][PASSED] - autoLoanProtal.initial_Confirmation.initial_conf is PASSED

27-06-2024T17:58:16 - [TEST_STEP][PASSED] - Video: Video recording for test case 'Test Cases/Digital_STPWithAndWithoutAPI/DigitalPotal/InitialCheckingWithAPI' .

27-06-2024T17:58:16 - [MESSAGE][INFO] - Video recording for test case 'Test Cases/Digital_STPWithAndWithoutAPI/DigitalPotal/InitialCheckingWithAPI' .]]></system-out>
         <system-err><![CDATA[]]></system-err>
      </testcase>
      <testcase name="Test Cases/Digital_STPWithAndWithoutAPI/DigitalPotal/AdditionalPageWithAPI" time="34.66" classname="Test Cases/Digital_STPWithAndWithoutAPI/DigitalPotal/AdditionalPageWithAPI" status="PASSED">
         <system-out><![CDATA[27-06-2024T17:58:16 - [TEST_CASE][PASSED] - Test Cases/Digital_STPWithAndWithoutAPI/DigitalPotal/AdditionalPageWithAPI: Test Cases/Digital_STPWithAndWithoutAPI/DigitalPotal/AdditionalPageWithAPI

27-06-2024T17:58:17 - [TEST_STEP][PASSED] - autoLoanProtal.AdditionalInformationWithAPI.borrowersDetail(nationality, visaType, sex, occupation, idType, idNumber, accountNumber): autoLoanProtal.AdditionalInformationWithAPI.borrowersDetail is PASSED

27-06-2024T17:58:17 - [MESSAGE][PASSED] - Wait for page load successfully

27-06-2024T17:58:17 - [MESSAGE][PASSED] - Object 'Object Repository/AdditionalInformationWithoutAPI/additionPageLogo' is present

27-06-2024T17:58:18 - [MESSAGE][PASSED] - All options with value '15' are selected in object 'Object Repository/AdditionalInformationWithAPI/BorrowerDetail/nationality' 

27-06-2024T17:58:18 - [MESSAGE][PASSED] - All options with value 'VT05' are selected in object 'Object Repository/AdditionalInformationWithAPI/BorrowerDetail/visaType' 

27-06-2024T17:58:18 - [MESSAGE][PASSED] - All options with value 'M' are selected in object 'Object Repository/AdditionalInformationWithAPI/BorrowerDetail/sex' 

27-06-2024T17:58:19 - [MESSAGE][PASSED] - All options with value 'BL' are selected in object 'Object Repository/AdditionalInformationWithAPI/BorrowerDetail/occupation' 

27-06-2024T17:58:20 - [MESSAGE][PASSED] - All options with index in [1] are selected on object 'Object Repository/AdditionalInformationWithAPI/BorrowerDetail/idType'

27-06-2024T17:58:20 - [MESSAGE][PASSED] - Text '5465475464' is set on object 'Object Repository/AdditionalInformationWithAPI/BorrowerDetail/idNumber'

27-06-2024T17:58:21 - [MESSAGE][PASSED] - Text '0000000017517518' is set on object 'Object Repository/AdditionalInformationWithAPI/BorrowerDetail/currentOrSavingAccountNumberIfAny'

27-06-2024T17:58:22 - [MESSAGE][PASSED] - Delayed 1 second(s)

27-06-2024T17:58:23 - [MESSAGE][PASSED] - Delayed 1 second(s)

27-06-2024T17:58:24 - [MESSAGE][PASSED] - Delayed 1 second(s)

27-06-2024T17:58:24 - [MESSAGE][PASSED] - Taking screenshot successfully
[[ATTACHMENT|D:\\newRCBCProject\\RCBCLOS_Automation\\Reports\\20240627_175523\\DigitalFlows\\DigitalNSTPVouchingMRAC\\testSuiteForDealerNSTP\\20240627_175526\\Screenshots/Portal27_06_2405_56_10/Regression27_06_24_05_58_23.jpg]]

27-06-2024T17:58:24 - [MESSAGE][PASSED] - autoLoanProtal.AdditionalInformationWithAPI.borrowersDetail is PASSED

27-06-2024T17:58:24 - [TEST_STEP][PASSED] - autoLoanProtal.AdditionalInformationWithAPI.homeAddress(country, region, province, townCityMunicipality, barangay, streetName, unitNoBldgNameBldgNoVillageSubdivision): autoLoanProtal.AdditionalInformationWithAPI.homeAddress is PASSED

27-06-2024T17:58:25 - [MESSAGE][PASSED] - All options with value '01' are selected in object 'Object Repository/AdditionalInformationWithAPI/HomeAddress/country' 

27-06-2024T17:58:27 - [MESSAGE][PASSED] - All options with index in [1] are selected on object 'Object Repository/AdditionalInformationWithAPI/HomeAddress/region'

27-06-2024T17:58:28 - [MESSAGE][PASSED] - All options with index in [1] are selected on object 'Object Repository/AdditionalInformationWithAPI/HomeAddress/province'

27-06-2024T17:58:29 - [MESSAGE][PASSED] - All options with index in [1] are selected on object 'Object Repository/AdditionalInformationWithAPI/HomeAddress/townCityMunicipality'

27-06-2024T17:58:30 - [MESSAGE][PASSED] - All options with index in [1] are selected on object 'Object Repository/AdditionalInformationWithAPI/HomeAddress/barangay'

27-06-2024T17:58:30 - [MESSAGE][PASSED] - Text 'Mahape road,MBP' is set on object 'Object Repository/AdditionalInformationWithAPI/HomeAddress/streetName'

27-06-2024T17:58:31 - [MESSAGE][PASSED] - Text 'Rupa Solitaire' is set on object 'Object Repository/AdditionalInformationWithAPI/HomeAddress/unitNoBldgNameBldgNoVillageSubdivision'

27-06-2024T17:58:32 - [MESSAGE][PASSED] - Delayed 1 second(s)

27-06-2024T17:58:33 - [MESSAGE][PASSED] - Delayed 1 second(s)

27-06-2024T17:58:34 - [MESSAGE][PASSED] - Delayed 1 second(s)

27-06-2024T17:58:35 - [MESSAGE][PASSED] - Taking screenshot successfully
[[ATTACHMENT|D:\\newRCBCProject\\RCBCLOS_Automation\\Reports\\20240627_175523\\DigitalFlows\\DigitalNSTPVouchingMRAC\\testSuiteForDealerNSTP\\20240627_175526\\Screenshots/Portal27_06_2405_56_10/Regression27_06_24_05_58_33.jpg]]

27-06-2024T17:58:35 - [MESSAGE][PASSED] - autoLoanProtal.AdditionalInformationWithAPI.homeAddress is PASSED

27-06-2024T17:58:35 - [TEST_STEP][PASSED] - autoLoanProtal.AdditionalInformationWithAPI.coBorrowersDetails(coBorrowerRelationshipWithBorrower, coBorrowerFirstName, coBorrowerMiddleName, coBorrowerLastName, coBorrowerSuffix): autoLoanProtal.AdditionalInformationWithAPI.coBorrowersDetails is PASSED

27-06-2024T17:58:35 - [MESSAGE][PASSED] - All options with value 'S' are selected in object 'Object Repository/AdditionalInformationWithAPI/CoBorrowerDetail/coBorrowerRelationshipWithBorrower' 

27-06-2024T17:58:36 - [MESSAGE][PASSED] - Text 'Sachin' is set on object 'Object Repository/AdditionalInformationWithAPI/CoBorrowerDetail/coBorrowerFirstName'

27-06-2024T17:58:37 - [MESSAGE][PASSED] - Text 'Depak' is set on object 'Object Repository/AdditionalInformationWithAPI/CoBorrowerDetail/coBorrowerMiddleName'

27-06-2024T17:58:38 - [MESSAGE][PASSED] - Text 'Sharma' is set on object 'Object Repository/AdditionalInformationWithAPI/CoBorrowerDetail/coBorrowerLastName'

27-06-2024T17:58:38 - [MESSAGE][PASSED] - All options with value 'SF2' are selected in object 'Object Repository/AdditionalInformationWithAPI/CoBorrowerDetail/coBorrowerSuffix' 

27-06-2024T17:58:39 - [MESSAGE][PASSED] - Delayed 1 second(s)

27-06-2024T17:58:40 - [MESSAGE][PASSED] - Delayed 1 second(s)

27-06-2024T17:58:41 - [MESSAGE][PASSED] - Delayed 1 second(s)

27-06-2024T17:58:41 - [MESSAGE][PASSED] - Taking screenshot successfully
[[ATTACHMENT|D:\\newRCBCProject\\RCBCLOS_Automation\\Reports\\20240627_175523\\DigitalFlows\\DigitalNSTPVouchingMRAC\\testSuiteForDealerNSTP\\20240627_175526\\Screenshots/Portal27_06_2405_56_10/Regression27_06_24_05_58_40.jpg]]

27-06-2024T17:58:43 - [MESSAGE][PASSED] - Object: 'Object Repository/AdditionalInformationWithAPI/continue' is clicked on

27-06-2024T17:58:44 - [MESSAGE][PASSED] - Delayed 1 second(s)

27-06-2024T17:58:49 - [MESSAGE][PASSED] - Object 'Object Repository/UploadYourDocuments/uploadYourDocumentText' is present

27-06-2024T17:58:49 - [MESSAGE][INFO] - We are in Upload Document Page

27-06-2024T17:58:49 - [MESSAGE][PASSED] - autoLoanProtal.AdditionalInformationWithAPI.coBorrowersDetails is PASSED

27-06-2024T17:58:51 - [TEST_STEP][PASSED] - Video: Video recording for test case 'Test Cases/Digital_STPWithAndWithoutAPI/DigitalPotal/AdditionalPageWithAPI' .

27-06-2024T17:58:51 - [MESSAGE][INFO] - Video recording for test case 'Test Cases/Digital_STPWithAndWithoutAPI/DigitalPotal/AdditionalPageWithAPI' .]]></system-out>
         <system-err><![CDATA[]]></system-err>
      </testcase>
      <testcase name="Test Cases/Digital_STPWithAndWithoutAPI/DigitalPotal/DocumentUploadPageWithout" time="93.567" classname="Test Cases/Digital_STPWithAndWithoutAPI/DigitalPotal/DocumentUploadPageWithout" status="PASSED">
         <system-out><![CDATA[27-06-2024T17:58:51 - [TEST_CASE][PASSED] - Test Cases/Digital_STPWithAndWithoutAPI/DigitalPotal/DocumentUploadPageWithout: Test Cases/Digital_STPWithAndWithoutAPI/DigitalPotal/DocumentUploadPageWithout

27-06-2024T17:58:51 - [TEST_STEP][PASSED] - autoLoanProtal.UploadYourDocuments.uploadYourDocumentsPage(): autoLoanProtal.UploadYourDocuments.uploadYourDocumentsPage is PASSED

27-06-2024T17:58:51 - [MESSAGE][PASSED] - Object 'Object Repository/UploadYourDocuments/uploadYourDocumentText' is present

27-06-2024T17:58:52 - [MESSAGE][PASSED] - Delayed 1 second(s)

27-06-2024T17:58:53 - [MESSAGE][PASSED] - Delayed 1 second(s)

27-06-2024T17:58:54 - [MESSAGE][PASSED] - Delayed 1 second(s)

27-06-2024T17:58:55 - [MESSAGE][PASSED] - Taking screenshot successfully
[[ATTACHMENT|D:\\newRCBCProject\\RCBCLOS_Automation\\Reports\\20240627_175523\\DigitalFlows\\DigitalNSTPVouchingMRAC\\testSuiteForDealerNSTP\\20240627_175526\\Screenshots/Portal27_06_2405_56_10/Regression27_06_24_05_58_53.jpg]]

27-06-2024T17:58:55 - [MESSAGE][PASSED] - All options with index in [1] are selected on object 'Object Repository/UploadYourDocuments/validId_selectIdType'

27-06-2024T17:58:55 - [MESSAGE][PASSED] - Current window's index is: 0

27-06-2024T17:58:56 - [MESSAGE][PASSED] - Object: 'Object Repository/UploadYourDocuments/uploadFile_Btn' is clicked on

27-06-2024T17:58:57 - [MESSAGE][PASSED] - Delayed 1 second(s)

27-06-2024T17:58:58 - [MESSAGE][PASSED] - Switched to window with index: '1'

27-06-2024T17:58:59 - [MESSAGE][PASSED] - Delayed 1 second(s)

27-06-2024T17:58:59 - [MESSAGE][PASSED] - Wait for page load successfully

27-06-2024T17:58:59 - [MESSAGE][PASSED] - File 'D:\newRCBCProject\RCBCLOS_Automation\Document\Katalon_WebObjects.pdf' sent to object: 'Object Repository/UploadYourDocuments/browseFile'

27-06-2024T17:59:00 - [MESSAGE][PASSED] - Delayed 1 second(s)

27-06-2024T17:59:00 - [MESSAGE][PASSED] - Object: 'Object Repository/UploadYourDocuments/ValidID/documentType' is clicked on

27-06-2024T17:59:01 - [MESSAGE][PASSED] - All options with value 'ID Type Documents' are selected in object 'Object Repository/UploadYourDocuments/ValidID/documentType' 

27-06-2024T17:59:01 - [MESSAGE][PASSED] - Object: 'Object Repository/UploadYourDocuments/ValidID/uploadBtn' is clicked on

27-06-2024T17:59:04 - [MESSAGE][PASSED] - Delayed 3 second(s)

27-06-2024T17:59:04 - [MESSAGE][PASSED] - Window with index 1 is closed

27-06-2024T17:59:05 - [MESSAGE][PASSED] - Switched to window with index: '0'

27-06-2024T17:59:05 - [MESSAGE][PASSED] - Current window's index is: 0

27-06-2024T17:59:07 - [MESSAGE][PASSED] - Delayed 2 second(s)

27-06-2024T17:59:08 - [MESSAGE][PASSED] - Object: 'Object Repository/UploadYourDocuments/IdDocViewButton' is clicked on

27-06-2024T17:59:08 - [MESSAGE][PASSED] - Switched to window with index: '1'

27-06-2024T17:59:11 - [MESSAGE][PASSED] - Delayed 3 second(s)

27-06-2024T17:59:12 - [MESSAGE][PASSED] - Delayed 1 second(s)

27-06-2024T17:59:13 - [MESSAGE][PASSED] - Delayed 1 second(s)

27-06-2024T17:59:13 - [MESSAGE][PASSED] - Taking screenshot successfully
[[ATTACHMENT|D:\\newRCBCProject\\RCBCLOS_Automation\\Reports\\20240627_175523\\DigitalFlows\\DigitalNSTPVouchingMRAC\\testSuiteForDealerNSTP\\20240627_175526\\Screenshots/Portal27_06_2405_56_10/Regression27_06_24_05_59_12.jpg]]

27-06-2024T17:59:16 - [MESSAGE][PASSED] - Delayed 3 second(s)

27-06-2024T17:59:16 - [MESSAGE][PASSED] - Window with index 1 is closed

27-06-2024T17:59:16 - [MESSAGE][PASSED] - Switched to window with index: '0'

27-06-2024T17:59:17 - [MESSAGE][PASSED] - All options with index in [1] are selected on object 'Object Repository/UploadYourDocuments/incomeDocument_selectIdType'

27-06-2024T17:59:18 - [MESSAGE][PASSED] - Delayed 1 second(s)

27-06-2024T17:59:18 - [MESSAGE][PASSED] - Current window's index is: 0

27-06-2024T17:59:18 - [MESSAGE][PASSED] - Object: 'Object Repository/UploadYourDocuments/uploadFile_Btn1' is clicked on

27-06-2024T17:59:19 - [MESSAGE][PASSED] - Delayed 1 second(s)

27-06-2024T17:59:20 - [MESSAGE][PASSED] - Switched to window with index: '1'

27-06-2024T17:59:21 - [MESSAGE][PASSED] - Delayed 1 second(s)

27-06-2024T17:59:21 - [MESSAGE][PASSED] - Wait for page load successfully

27-06-2024T17:59:21 - [MESSAGE][PASSED] - File 'D:\newRCBCProject\RCBCLOS_Automation\Document\Katalon_WebObjects.pdf' sent to object: 'Object Repository/UploadYourDocuments/browseFile'

27-06-2024T17:59:22 - [MESSAGE][PASSED] - Delayed 1 second(s)

27-06-2024T17:59:22 - [MESSAGE][PASSED] - Object: 'Object Repository/UploadYourDocuments/ValidID/documentType' is clicked on

27-06-2024T17:59:22 - [MESSAGE][PASSED] - All options with value 'Income Documents' are selected in object 'Object Repository/UploadYourDocuments/ValidID/documentType' 

27-06-2024T17:59:23 - [MESSAGE][PASSED] - Object: 'Object Repository/UploadYourDocuments/ValidID/uploadBtn' is clicked on

27-06-2024T17:59:26 - [MESSAGE][PASSED] - Delayed 3 second(s)

27-06-2024T17:59:26 - [MESSAGE][PASSED] - Window with index 1 is closed

27-06-2024T17:59:26 - [MESSAGE][PASSED] - Switched to window with index: '0'

27-06-2024T17:59:26 - [MESSAGE][PASSED] - Current window's index is: 0

27-06-2024T17:59:28 - [MESSAGE][PASSED] - Delayed 2 second(s)

27-06-2024T17:59:28 - [MESSAGE][PASSED] - Object: 'Object Repository/UploadYourDocuments/IncomeDocViewBtn' is clicked on

27-06-2024T17:59:29 - [MESSAGE][PASSED] - Switched to window with index: '1'

27-06-2024T17:59:32 - [MESSAGE][PASSED] - Delayed 3 second(s)

27-06-2024T17:59:33 - [MESSAGE][PASSED] - Delayed 1 second(s)

27-06-2024T17:59:34 - [MESSAGE][PASSED] - Delayed 1 second(s)

27-06-2024T17:59:34 - [MESSAGE][PASSED] - Taking screenshot successfully
[[ATTACHMENT|D:\\newRCBCProject\\RCBCLOS_Automation\\Reports\\20240627_175523\\DigitalFlows\\DigitalNSTPVouchingMRAC\\testSuiteForDealerNSTP\\20240627_175526\\Screenshots/Portal27_06_2405_56_10/Regression27_06_24_05_59_33.jpg]]

27-06-2024T17:59:37 - [MESSAGE][PASSED] - Delayed 3 second(s)

27-06-2024T17:59:37 - [MESSAGE][PASSED] - Window with index 1 is closed

27-06-2024T17:59:37 - [MESSAGE][PASSED] - Switched to window with index: '0'

27-06-2024T17:59:37 - [MESSAGE][PASSED] - Scroll to object 'Object Repository/UploadYourDocuments/nextBtn' successfully

27-06-2024T17:59:38 - [MESSAGE][PASSED] - Delayed 1 second(s)

27-06-2024T17:59:38 - [MESSAGE][PASSED] - Current window's index is: 0

27-06-2024T17:59:39 - [MESSAGE][PASSED] - Object: 'Object Repository/UploadYourDocuments/uploadFile_Btn2' is clicked on

27-06-2024T17:59:40 - [MESSAGE][PASSED] - Delayed 1 second(s)

27-06-2024T17:59:40 - [MESSAGE][PASSED] - Switched to window with index: '1'

27-06-2024T17:59:41 - [MESSAGE][PASSED] - Delayed 1 second(s)

27-06-2024T17:59:41 - [MESSAGE][PASSED] - Wait for page load successfully

27-06-2024T17:59:41 - [MESSAGE][PASSED] - File 'D:\newRCBCProject\RCBCLOS_Automation\Document\Katalon_WebObjects.pdf' sent to object: 'Object Repository/UploadYourDocuments/browseFile'

27-06-2024T17:59:42 - [MESSAGE][PASSED] - Delayed 1 second(s)

27-06-2024T17:59:42 - [MESSAGE][PASSED] - Object: 'Object Repository/UploadYourDocuments/ValidID/documentType' is clicked on

27-06-2024T17:59:43 - [MESSAGE][PASSED] - All options with value 'Loan Application Documents' are selected in object 'Object Repository/UploadYourDocuments/ValidID/documentType' 

27-06-2024T17:59:43 - [MESSAGE][PASSED] - Object: 'Object Repository/UploadYourDocuments/ValidID/uploadBtn' is clicked on

27-06-2024T17:59:46 - [MESSAGE][PASSED] - Delayed 3 second(s)

27-06-2024T17:59:46 - [MESSAGE][PASSED] - Window with index 1 is closed

27-06-2024T17:59:46 - [MESSAGE][PASSED] - Switched to window with index: '0'

27-06-2024T17:59:46 - [MESSAGE][PASSED] - Current window's index is: 0

27-06-2024T17:59:48 - [MESSAGE][PASSED] - Delayed 2 second(s)

27-06-2024T17:59:49 - [MESSAGE][PASSED] - Object: 'Object Repository/UploadYourDocuments/LoanApplicationDocViewBtn' is clicked on

27-06-2024T17:59:49 - [MESSAGE][PASSED] - Switched to window with index: '1'

27-06-2024T17:59:52 - [MESSAGE][PASSED] - Delayed 3 second(s)

27-06-2024T17:59:53 - [MESSAGE][PASSED] - Delayed 1 second(s)

27-06-2024T17:59:54 - [MESSAGE][PASSED] - Delayed 1 second(s)

27-06-2024T17:59:54 - [MESSAGE][PASSED] - Taking screenshot successfully
[[ATTACHMENT|D:\\newRCBCProject\\RCBCLOS_Automation\\Reports\\20240627_175523\\DigitalFlows\\DigitalNSTPVouchingMRAC\\testSuiteForDealerNSTP\\20240627_175526\\Screenshots/Portal27_06_2405_56_10/Regression27_06_24_05_59_53.jpg]]

27-06-2024T17:59:57 - [MESSAGE][PASSED] - Delayed 3 second(s)

27-06-2024T17:59:57 - [MESSAGE][PASSED] - Window with index 1 is closed

27-06-2024T17:59:57 - [MESSAGE][PASSED] - Switched to window with index: '0'

27-06-2024T17:59:58 - [MESSAGE][PASSED] - Delayed 1 second(s)

27-06-2024T17:59:59 - [MESSAGE][PASSED] - Delayed 1 second(s)

27-06-2024T18:00:00 - [MESSAGE][PASSED] - Delayed 1 second(s)

27-06-2024T18:00:01 - [MESSAGE][PASSED] - Taking screenshot successfully
[[ATTACHMENT|D:\\newRCBCProject\\RCBCLOS_Automation\\Reports\\20240627_175523\\DigitalFlows\\DigitalNSTPVouchingMRAC\\testSuiteForDealerNSTP\\20240627_175526\\Screenshots/Portal27_06_2405_56_10/Regression27_06_24_05_59_59.jpg]]

27-06-2024T18:00:01 - [MESSAGE][PASSED] - Object 'Object Repository/UploadYourDocuments/backBtn' is clickable

27-06-2024T18:00:22 - [MESSAGE][PASSED] - Object: 'Object Repository/UploadYourDocuments/nextBtn' is clicked on

27-06-2024T18:00:22 - [MESSAGE][PASSED] - autoLoanProtal.UploadYourDocuments.uploadYourDocumentsPage is PASSED

27-06-2024T18:00:25 - [TEST_STEP][PASSED] - Video: Video recording for test case 'Test Cases/Digital_STPWithAndWithoutAPI/DigitalPotal/DocumentUploadPageWithout' .

27-06-2024T18:00:25 - [MESSAGE][INFO] - Video recording for test case 'Test Cases/Digital_STPWithAndWithoutAPI/DigitalPotal/DocumentUploadPageWithout' .]]></system-out>
         <system-err><![CDATA[]]></system-err>
      </testcase>
      <testcase name="Test Cases/Digital_NSTP/NSTPPortal/SubmitPageProceedToBackOffice" time="13.788" classname="Test Cases/Digital_NSTP/NSTPPortal/SubmitPageProceedToBackOffice" status="PASSED">
         <system-out><![CDATA[27-06-2024T18:00:25 - [TEST_CASE][PASSED] - Test Cases/Digital_NSTP/NSTPPortal/SubmitPageProceedToBackOffice: Test Cases/Digital_NSTP/NSTPPortal/SubmitPageProceedToBackOffice

27-06-2024T18:00:25 - [TEST_STEP][PASSED] - autoLoanProtal.SubmitPage.proceedToPreReleaseFunNSTP(): autoLoanProtal.SubmitPage.proceedToPreReleaseFunNSTP is PASSED

27-06-2024T18:00:27 - [MESSAGE][PASSED] - Wait for page load successfully

27-06-2024T18:00:27 - [MESSAGE][PASSED] - Object 'Object Repository/SubmitPage/submitPageNSTP' is present

27-06-2024T18:00:29 - [MESSAGE][PASSED] - Delayed 2 second(s)

27-06-2024T18:00:30 - [MESSAGE][PASSED] - Delayed 1 second(s)

27-06-2024T18:00:31 - [MESSAGE][PASSED] - Delayed 1 second(s)

27-06-2024T18:00:31 - [MESSAGE][PASSED] - Taking screenshot successfully
[[ATTACHMENT|D:\\newRCBCProject\\RCBCLOS_Automation\\Reports\\20240627_175523\\DigitalFlows\\DigitalNSTPVouchingMRAC\\testSuiteForDealerNSTP\\20240627_175526\\Screenshots/Portal27_06_2405_56_10/Regression27_06_24_06_00_30.jpg]]

27-06-2024T18:00:31 - [MESSAGE][PASSED] - Object: 'Object Repository/SubmitPage/goToBackOffice' is clicked on

27-06-2024T18:00:36 - [MESSAGE][PASSED] - Delayed 5 second(s)

27-06-2024T18:00:36 - [MESSAGE][PASSED] - autoLoanProtal.SubmitPage.proceedToPreReleaseFunNSTP is PASSED

27-06-2024T18:00:38 - [TEST_STEP][PASSED] - Video: Video recording for test case 'Test Cases/Digital_NSTP/NSTPPortal/SubmitPageProceedToBackOffice' .

27-06-2024T18:00:38 - [MESSAGE][INFO] - Video recording for test case 'Test Cases/Digital_NSTP/NSTPPortal/SubmitPageProceedToBackOffice' .]]></system-out>
         <system-err><![CDATA[]]></system-err>
      </testcase>
      <system-out><![CDATA[27-06-2024T17:55:50 - [TEST_SUITE][PASSED] - testSuiteForDealerNSTP: Test Cases/Digital_NSTP/NSTPPortal/SubmitPageProceedToBackOffice]]></system-out>
      <system-err><![CDATA[]]></system-err>
   </testsuite>
</testsuites>
