<?xml version="1.0" encoding="UTF-8"?>
<testsuites name="Fulfillment" time="222.861" tests="16" failures="0" errors="0">
   <testsuite name="Fulfillment" tests="16" failures="0" errors="0" time="222.861" skipped="0" timestamp="23-06-2024T15:04:13" hostname="Adarsh.Lohar - QKNBK2037.qkcorp.qualitykiosk.com" id="Test Suites/PaperbaseFlows/PaperbaseWithAndWithout/Fulfillment">
      <properties>
         <property name="deviceName" value=""/>
         <property name="devicePlatform"/>
         <property name="logFolder" value="D:\\newRCBCProject\\RCBCLOS_Automation\\Reports\\20240623_150402\\PaperbaseFlows\\PaperbaseWithAndWithout\\Fulfillment\\20240623_150402"/>
         <property name="logFiles" value="D:\\newRCBCProject\\RCBCLOS_Automation\\Reports\\20240623_150402\\PaperbaseFlows\\PaperbaseWithAndWithout\\Fulfillment\\20240623_150402\\execution0.log"/>
         <property name="attachments" value="D:\\newRCBCProject\\RCBCLOS_Automation\\Reports\\20240623_150402\\PaperbaseFlows\\PaperbaseWithAndWithout\\Fulfillment\\20240623_150402\\Screenshots/Fulfillment23_06_2403_04_31/Regression23_06_24_03_04_33.jpg, D:\\newRCBCProject\\RCBCLOS_Automation\\Reports\\20240623_150402\\PaperbaseFlows\\PaperbaseWithAndWithout\\Fulfillment\\20240623_150402\\Screenshots/Fulfillment23_06_2403_04_31/Regression23_06_24_03_04_47.jpg, D:\\newRCBCProject\\RCBCLOS_Automation\\Reports\\20240623_150402\\PaperbaseFlows\\PaperbaseWithAndWithout\\Fulfillment\\20240623_150402\\Screenshots/Fulfillment23_06_2403_04_31/Regression23_06_24_03_05_03.jpg, D:\\newRCBCProject\\RCBCLOS_Automation\\Reports\\20240623_150402\\PaperbaseFlows\\PaperbaseWithAndWithout\\Fulfillment\\20240623_150402\\Screenshots/Fulfillment23_06_2403_04_31/Regression23_06_24_03_05_20.jpg, D:\\newRCBCProject\\RCBCLOS_Automation\\Reports\\20240623_150402\\PaperbaseFlows\\PaperbaseWithAndWithout\\Fulfillment\\20240623_150402\\Screenshots/Fulfillment23_06_2403_04_31/Regression23_06_24_03_05_29.jpg, D:\\newRCBCProject\\RCBCLOS_Automation\\Reports\\20240623_150402\\PaperbaseFlows\\PaperbaseWithAndWithout\\Fulfillment\\20240623_150402\\Screenshots/Fulfillment23_06_2403_04_31/Regression23_06_24_03_05_35.jpg, D:\\newRCBCProject\\RCBCLOS_Automation\\Reports\\20240623_150402\\PaperbaseFlows\\PaperbaseWithAndWithout\\Fulfillment\\20240623_150402\\Screenshots/Fulfillment23_06_2403_04_31/Regression23_06_24_03_05_41.jpg, D:\\newRCBCProject\\RCBCLOS_Automation\\Reports\\20240623_150402\\PaperbaseFlows\\PaperbaseWithAndWithout\\Fulfillment\\20240623_150402\\Screenshots/Fulfillment23_06_2403_04_31/Regression23_06_24_03_05_48.jpg, D:\\newRCBCProject\\RCBCLOS_Automation\\Reports\\20240623_150402\\PaperbaseFlows\\PaperbaseWithAndWithout\\Fulfillment\\20240623_150402\\Screenshots/Fulfillment23_06_2403_04_31/Regression23_06_24_03_05_54.jpg, D:\\newRCBCProject\\RCBCLOS_Automation\\Reports\\20240623_150402\\PaperbaseFlows\\PaperbaseWithAndWithout\\Fulfillment\\20240623_150402\\Screenshots/Fulfillment23_06_2403_04_31/Regression23_06_24_03_06_00.jpg, D:\\newRCBCProject\\RCBCLOS_Automation\\Reports\\20240623_150402\\PaperbaseFlows\\PaperbaseWithAndWithout\\Fulfillment\\20240623_150402\\Screenshots/Fulfillment23_06_2403_04_31/Regression23_06_24_03_06_10.jpg, D:\\newRCBCProject\\RCBCLOS_Automation\\Reports\\20240623_150402\\PaperbaseFlows\\PaperbaseWithAndWithout\\Fulfillment\\20240623_150402\\Screenshots/Fulfillment23_06_2403_04_31/Regression23_06_24_03_06_15.jpg, D:\\newRCBCProject\\RCBCLOS_Automation\\Reports\\20240623_150402\\PaperbaseFlows\\PaperbaseWithAndWithout\\Fulfillment\\20240623_150402\\Screenshots/Fulfillment23_06_2403_04_31/Regression23_06_24_03_06_25.jpg, D:\\newRCBCProject\\RCBCLOS_Automation\\Reports\\20240623_150402\\PaperbaseFlows\\PaperbaseWithAndWithout\\Fulfillment\\20240623_150402\\Screenshots/Fulfillment23_06_2403_04_31/Regression23_06_24_03_06_32.jpg, D:\\newRCBCProject\\RCBCLOS_Automation\\Reports\\20240623_150402\\PaperbaseFlows\\PaperbaseWithAndWithout\\Fulfillment\\20240623_150402\\Screenshots/Fulfillment23_06_2403_04_31/Regression23_06_24_03_06_39.jpg, D:\\newRCBCProject\\RCBCLOS_Automation\\Reports\\20240623_150402\\PaperbaseFlows\\PaperbaseWithAndWithout\\Fulfillment\\20240623_150402\\1719135410081.png, D:\\newRCBCProject\\RCBCLOS_Automation\\Reports\\20240623_150402\\PaperbaseFlows\\PaperbaseWithAndWithout\\Fulfillment\\20240623_150402\\Screenshots/Fulfillment23_06_2403_04_31/Regression23_06_24_03_06_52.jpg, D:\\newRCBCProject\\RCBCLOS_Automation\\Reports\\20240623_150402\\PaperbaseFlows\\PaperbaseWithAndWithout\\Fulfillment\\20240623_150402\\1719135454261.png, D:\\newRCBCProject\\RCBCLOS_Automation\\Reports\\20240623_150402\\PaperbaseFlows\\PaperbaseWithAndWithout\\Fulfillment\\20240623_150402\\Screenshots/Fulfillment23_06_2403_04_31/Regression23_06_24_03_07_44.jpg, D:\\newRCBCProject\\RCBCLOS_Automation\\Reports\\20240623_150402\\PaperbaseFlows\\PaperbaseWithAndWithout\\Fulfillment\\20240623_150402\\Screenshots/Fulfillment23_06_2403_04_31/Regression23_06_24_03_07_52.jpg"/>
         <property name="hostName" value="Adarsh.Lohar - QKNBK2037.qkcorp.qualitykiosk.com"/>
         <property name="os" value="Windows 10 64bit"/>
         <property name="katalonVersion" value="9.5.0.217"/>
         <property name="browser" value="Chrome 126.0.0.0"/>
         <property name="hostAddress" value="192.168.0.101"/>
         <property name="sessionId" value="2b9017362ce739013f38f26c3577f53f"/>
         <property name="seleniumVersion" value="3.141.59"/>
         <property name="proxyInformation" value="ProxyInformation { proxyOption=NO_PROXY, proxyServerType=HTTP, username=, password=********, proxyServerAddress=, proxyServerPort=0, executionList=&quot;&quot;, isApplyToDesiredCapabilities=true }"/>
         <property name="platform" value="Windows 10"/>
      </properties>
      <testcase name="Test Cases/Paper_STPWithAndWithoutAPI/Fullfillment/LoginPage" time="26.475" classname="Test Cases/Paper_STPWithAndWithoutAPI/Fullfillment/LoginPage" status="PASSED">
         <system-out><![CDATA[23-06-2024T15:04:13 - [TEST_CASE][PASSED] - Test Cases/Paper_STPWithAndWithoutAPI/Fullfillment/LoginPage: Test Cases/Paper_STPWithAndWithoutAPI/Fullfillment/LoginPage

23-06-2024T15:04:16 - [TEST_STEP][PASSED] - fulfillment.LoginForibpsFullFillment.login(): fulfillment.LoginForibpsFullFillment.login is PASSED

23-06-2024T15:04:17 - [MESSAGE][INFO] - Starting 'Chrome' driver

23-06-2024T15:04:17 - [MESSAGE][INFO] - User set preference: ['args', '[--incognito]']

23-06-2024T15:04:17 - [MESSAGE][INFO] - Action delay is set to 0 milliseconds

23-06-2024T15:04:25 - [MESSAGE][PASSED] - Browser is opened with url: ''

23-06-2024T15:04:25 - [MESSAGE][PASSED] - Current window maximized

23-06-2024T15:04:27 - [MESSAGE][PASSED] - Navigate to 'https://rcbcuat.nonprodnmc.com/omniapp' successfully

23-06-2024T15:04:30 - [MESSAGE][PASSED] - Text 'QK_Fulfillment7' is set on object 'Object Repository/BackOffice/ibpsLogin/userName'

23-06-2024T15:04:30 - [MESSAGE][PASSED] - Text ****** has been set on object 'Object Repository/BackOffice/ibpsLogin/password'

23-06-2024T15:04:31 - [MESSAGE][PASSED] - Delayed 1 second(s)

23-06-2024T15:04:33 - [MESSAGE][PASSED] - Delayed 1 second(s)

23-06-2024T15:04:34 - [MESSAGE][PASSED] - Delayed 1 second(s)

23-06-2024T15:04:35 - [MESSAGE][PASSED] - Taking screenshot successfully
[[ATTACHMENT|D:\\newRCBCProject\\RCBCLOS_Automation\\Reports\\20240623_150402\\PaperbaseFlows\\PaperbaseWithAndWithout\\Fulfillment\\20240623_150402\\Screenshots/Fulfillment23_06_2403_04_31/Regression23_06_24_03_04_33.jpg]]

23-06-2024T15:04:35 - [MESSAGE][PASSED] - Object: 'Object Repository/BackOffice/ibpsLogin/loginButton' is clicked on

23-06-2024T15:04:37 - [MESSAGE][PASSED] - Delayed 2 second(s)

23-06-2024T15:04:37 - [MESSAGE][PASSED] - Object 'Object Repository/BackOffice/ibpsLogin/yesLogin' is clickable

23-06-2024T15:04:38 - [MESSAGE][PASSED] - Object: 'Object Repository/BackOffice/ibpsLogin/yesLogin' is clicked on

23-06-2024T15:04:38 - [MESSAGE][PASSED] - fulfillment.LoginForibpsFullFillment.login is PASSED

23-06-2024T15:04:40 - [TEST_STEP][PASSED] - Video: Video recording for test case 'Test Cases/Paper_STPWithAndWithoutAPI/Fullfillment/LoginPage' .

23-06-2024T15:04:40 - [MESSAGE][INFO] - Video recording for test case 'Test Cases/Paper_STPWithAndWithoutAPI/Fullfillment/LoginPage' .]]></system-out>
         <system-err><![CDATA[]]></system-err>
      </testcase>
      <testcase name="Test Cases/Paper_STPWithAndWithoutAPI/Fullfillment/HomePage" time="16.444" classname="Test Cases/Paper_STPWithAndWithoutAPI/Fullfillment/HomePage" status="PASSED">
         <system-out><![CDATA[23-06-2024T15:04:40 - [TEST_CASE][PASSED] - Test Cases/Paper_STPWithAndWithoutAPI/Fullfillment/HomePage: Test Cases/Paper_STPWithAndWithoutAPI/Fullfillment/HomePage

23-06-2024T15:04:40 - [TEST_STEP][PASSED] - fulfillment.HomePageForibpsFullFillment.selectResistration(): fulfillment.HomePageForibpsFullFillment.selectResistration is PASSED

23-06-2024T15:04:42 - [MESSAGE][PASSED] - Wait for page load successfully

23-06-2024T15:04:43 - [MESSAGE][PASSED] - Delayed 1 second(s)

23-06-2024T15:04:44 - [MESSAGE][PASSED] - Object 'Object Repository/BackOffice/Fulfillment/ibpsHomePage/fullfillment' is clickable

23-06-2024T15:04:45 - [MESSAGE][PASSED] - Delayed 1 second(s)

23-06-2024T15:04:45 - [MESSAGE][INFO] -  ******** LOS-3359

23-06-2024T15:04:47 - [MESSAGE][PASSED] - Delayed 1 second(s)

23-06-2024T15:04:48 - [MESSAGE][PASSED] - Delayed 1 second(s)

23-06-2024T15:04:48 - [MESSAGE][PASSED] - Taking screenshot successfully
[[ATTACHMENT|D:\\newRCBCProject\\RCBCLOS_Automation\\Reports\\20240623_150402\\PaperbaseFlows\\PaperbaseWithAndWithout\\Fulfillment\\20240623_150402\\Screenshots/Fulfillment23_06_2403_04_31/Regression23_06_24_03_04_47.jpg]]

23-06-2024T15:04:50 - [MESSAGE][PASSED] - Object: 'Object Repository/BackOffice/Fulfillment/ibpsHomePage/fullfillment' is clicked on

23-06-2024T15:04:50 - [MESSAGE][PASSED] - Object: 'Object Repository/BackOffice/COMaker/ibpsHomePage/resistrationNo' is clicked on

23-06-2024T15:04:54 - [MESSAGE][PASSED] - Delayed 2 second(s)

23-06-2024T15:04:54 - [MESSAGE][PASSED] - fulfillment.HomePageForibpsFullFillment.selectResistration is PASSED

23-06-2024T15:04:56 - [TEST_STEP][PASSED] - Video: Video recording for test case 'Test Cases/Paper_STPWithAndWithoutAPI/Fullfillment/HomePage' .

23-06-2024T15:04:56 - [MESSAGE][INFO] - Video recording for test case 'Test Cases/Paper_STPWithAndWithoutAPI/Fullfillment/HomePage' .]]></system-out>
         <system-err><![CDATA[]]></system-err>
      </testcase>
      <testcase name="Test Cases/Paper_STPWithAndWithoutAPI/Fullfillment/ClientInformation" time="9.842" classname="Test Cases/Paper_STPWithAndWithoutAPI/Fullfillment/ClientInformation" status="PASSED">
         <system-out><![CDATA[23-06-2024T15:04:56 - [TEST_CASE][PASSED] - Test Cases/Paper_STPWithAndWithoutAPI/Fullfillment/ClientInformation: Test Cases/Paper_STPWithAndWithoutAPI/Fullfillment/ClientInformation

23-06-2024T15:04:57 - [TEST_STEP][PASSED] - tabSection.CustomerDetail.clientInformationForFullfillmentPaperbase(): tabSection.CustomerDetail.clientInformationForFullfillmentPaperbase is PASSED

23-06-2024T15:04:57 - [MESSAGE][PASSED] - Wait for page load successfully

23-06-2024T15:04:58 - [MESSAGE][PASSED] - Delayed 1 second(s)

23-06-2024T15:05:01 - [MESSAGE][PASSED] - Current window's index is: 0

23-06-2024T15:05:01 - [MESSAGE][PASSED] - Switched to window with index: '1'

23-06-2024T15:05:02 - [MESSAGE][PASSED] - Text of object 'Object Repository/Action/referenceNumber' is: 'Fullfillment : LOS-3359'

23-06-2024T15:05:02 - [MESSAGE][INFO] - Fullfillment : LOS-3359 Contains LOS-3359

23-06-2024T15:05:02 - [MESSAGE][INFO] - Ready to go....

23-06-2024T15:05:03 - [MESSAGE][PASSED] - Delayed 1 second(s)

23-06-2024T15:05:04 - [MESSAGE][PASSED] - Delayed 1 second(s)

23-06-2024T15:05:04 - [MESSAGE][PASSED] - Taking screenshot successfully
[[ATTACHMENT|D:\\newRCBCProject\\RCBCLOS_Automation\\Reports\\20240623_150402\\PaperbaseFlows\\PaperbaseWithAndWithout\\Fulfillment\\20240623_150402\\Screenshots/Fulfillment23_06_2403_04_31/Regression23_06_24_03_05_03.jpg]]

23-06-2024T15:05:04 - [MESSAGE][PASSED] - tabSection.CustomerDetail.clientInformationForFullfillmentPaperbase is PASSED

23-06-2024T15:05:06 - [TEST_STEP][PASSED] - Video: Video recording for test case 'Test Cases/Paper_STPWithAndWithoutAPI/Fullfillment/ClientInformation' .

23-06-2024T15:05:06 - [MESSAGE][INFO] - Video recording for test case 'Test Cases/Paper_STPWithAndWithoutAPI/Fullfillment/ClientInformation' .]]></system-out>
         <system-err><![CDATA[]]></system-err>
      </testcase>
      <testcase name="Test Cases/Paper_STPWithAndWithoutAPI/Fullfillment/LoanInformation" time="17.631" classname="Test Cases/Paper_STPWithAndWithoutAPI/Fullfillment/LoanInformation" status="PASSED">
         <system-out><![CDATA[23-06-2024T15:05:06 - [TEST_CASE][PASSED] - Test Cases/Paper_STPWithAndWithoutAPI/Fullfillment/LoanInformation: Test Cases/Paper_STPWithAndWithoutAPI/Fullfillment/LoanInformation

23-06-2024T15:05:06 - [TEST_STEP][PASSED] - tabSection.LoanInformation.loanInfoForFullFillmentPaperbase(): tabSection.LoanInformation.loanInfoForFullFillmentPaperbase is PASSED

23-06-2024T15:05:07 - [MESSAGE][PASSED] - Delayed 1 second(s)

23-06-2024T15:05:09 - [MESSAGE][PASSED] - Object: 'Object Repository/TabSection/LoanInformation' is clicked on

23-06-2024T15:05:10 - [MESSAGE][PASSED] - Text '40000' is set on object 'Object Repository/BackOffice/Fulfillment/LoanInformationWithoutAPI/FundTransferPricing'

23-06-2024T15:05:12 - [MESSAGE][PASSED] - Text '0' is set on object 'Object Repository/BackOffice/PreReleasePaperbaseLoanInfo/advancePayment6'

23-06-2024T15:05:13 - [MESSAGE][PASSED] - Text '0' is set on object 'Object Repository/BackOffice/PreReleasePaperbaseLoanInfo/cmfPayment6'

23-06-2024T15:05:15 - [MESSAGE][PASSED] - Text '0' is set on object 'Object Repository/BackOffice/PreReleasePaperbaseLoanInfo/excessEMF6'

23-06-2024T15:05:16 - [MESSAGE][PASSED] - Text '0' is set on object 'Object Repository/BackOffice/PreReleasePaperbaseLoanInfo/lto6'

23-06-2024T15:05:18 - [MESSAGE][PASSED] - Text '0' is set on object 'Object Repository/BackOffice/PreReleasePaperbaseLoanInfo/motorCarInsurance6'

23-06-2024T15:05:19 - [MESSAGE][PASSED] - Delayed 1 second(s)

23-06-2024T15:05:20 - [MESSAGE][PASSED] - Delayed 1 second(s)

23-06-2024T15:05:21 - [MESSAGE][PASSED] - Delayed 1 second(s)

23-06-2024T15:05:22 - [MESSAGE][PASSED] - Taking screenshot successfully
[[ATTACHMENT|D:\\newRCBCProject\\RCBCLOS_Automation\\Reports\\20240623_150402\\PaperbaseFlows\\PaperbaseWithAndWithout\\Fulfillment\\20240623_150402\\Screenshots/Fulfillment23_06_2403_04_31/Regression23_06_24_03_05_20.jpg]]

23-06-2024T15:05:22 - [MESSAGE][PASSED] - tabSection.LoanInformation.loanInfoForFullFillmentPaperbase is PASSED

23-06-2024T15:05:24 - [TEST_STEP][PASSED] - Video: Video recording for test case 'Test Cases/Paper_STPWithAndWithoutAPI/Fullfillment/LoanInformation' .

23-06-2024T15:05:24 - [MESSAGE][INFO] - Video recording for test case 'Test Cases/Paper_STPWithAndWithoutAPI/Fullfillment/LoanInformation' .]]></system-out>
         <system-err><![CDATA[]]></system-err>
      </testcase>
      <testcase name="Test Cases/Paper_STPWithAndWithoutAPI/Fullfillment/DocumentChecklist" time="8.108" classname="Test Cases/Paper_STPWithAndWithoutAPI/Fullfillment/DocumentChecklist" status="PASSED">
         <system-out><![CDATA[23-06-2024T15:05:24 - [TEST_CASE][PASSED] - Test Cases/Paper_STPWithAndWithoutAPI/Fullfillment/DocumentChecklist: Test Cases/Paper_STPWithAndWithoutAPI/Fullfillment/DocumentChecklist

23-06-2024T15:05:24 - [TEST_STEP][PASSED] - tabSection.DocumentCheckList.documentCheckListForFullfillmentPaperbase(): tabSection.DocumentCheckList.documentCheckListForFullfillmentPaperbase is PASSED

23-06-2024T15:05:26 - [MESSAGE][PASSED] - Object: 'Object Repository/TabSection/DocumentCheclist' is clicked on

23-06-2024T15:05:28 - [MESSAGE][PASSED] - Delayed 1 second(s)

23-06-2024T15:05:29 - [MESSAGE][PASSED] - Delayed 1 second(s)

23-06-2024T15:05:30 - [MESSAGE][PASSED] - Delayed 1 second(s)

23-06-2024T15:05:30 - [MESSAGE][PASSED] - Taking screenshot successfully
[[ATTACHMENT|D:\\newRCBCProject\\RCBCLOS_Automation\\Reports\\20240623_150402\\PaperbaseFlows\\PaperbaseWithAndWithout\\Fulfillment\\20240623_150402\\Screenshots/Fulfillment23_06_2403_04_31/Regression23_06_24_03_05_29.jpg]]

23-06-2024T15:05:30 - [MESSAGE][PASSED] - tabSection.DocumentCheckList.documentCheckListForFullfillmentPaperbase is PASSED

23-06-2024T15:05:32 - [TEST_STEP][PASSED] - Video: Video recording for test case 'Test Cases/Paper_STPWithAndWithoutAPI/Fullfillment/DocumentChecklist' .

23-06-2024T15:05:32 - [MESSAGE][INFO] - Video recording for test case 'Test Cases/Paper_STPWithAndWithoutAPI/Fullfillment/DocumentChecklist' .]]></system-out>
         <system-err><![CDATA[]]></system-err>
      </testcase>
      <testcase name="Test Cases/Paper_STPWithAndWithoutAPI/Fullfillment/CollateralInformation" time="6.519" classname="Test Cases/Paper_STPWithAndWithoutAPI/Fullfillment/CollateralInformation" status="PASSED">
         <system-out><![CDATA[23-06-2024T15:05:32 - [TEST_CASE][PASSED] - Test Cases/Paper_STPWithAndWithoutAPI/Fullfillment/CollateralInformation: Test Cases/Paper_STPWithAndWithoutAPI/Fullfillment/CollateralInformation

23-06-2024T15:05:32 - [TEST_STEP][PASSED] - tabSection.CollateralInformation.collateralInformationForFullfillmentPaperbased(): tabSection.CollateralInformation.collateralInformationForFullfillmentPaperbased is PASSED

23-06-2024T15:05:33 - [MESSAGE][PASSED] - Object: 'Object Repository/TabSection/CollateralInformation' is clicked on

23-06-2024T15:05:34 - [MESSAGE][PASSED] - Delayed 1 second(s)

23-06-2024T15:05:35 - [MESSAGE][PASSED] - Delayed 1 second(s)

23-06-2024T15:05:36 - [MESSAGE][PASSED] - Delayed 1 second(s)

23-06-2024T15:05:36 - [MESSAGE][PASSED] - Taking screenshot successfully
[[ATTACHMENT|D:\\newRCBCProject\\RCBCLOS_Automation\\Reports\\20240623_150402\\PaperbaseFlows\\PaperbaseWithAndWithout\\Fulfillment\\20240623_150402\\Screenshots/Fulfillment23_06_2403_04_31/Regression23_06_24_03_05_35.jpg]]

23-06-2024T15:05:36 - [MESSAGE][PASSED] - tabSection.CollateralInformation.collateralInformationForFullfillmentPaperbased is PASSED

23-06-2024T15:05:38 - [TEST_STEP][PASSED] - Video: Video recording for test case 'Test Cases/Paper_STPWithAndWithoutAPI/Fullfillment/CollateralInformation' .

23-06-2024T15:05:38 - [MESSAGE][INFO] - Video recording for test case 'Test Cases/Paper_STPWithAndWithoutAPI/Fullfillment/CollateralInformation' .]]></system-out>
         <system-err><![CDATA[]]></system-err>
      </testcase>
      <testcase name="Test Cases/Paper_STPWithAndWithoutAPI/Fullfillment/CheckEligibility" time="6.322" classname="Test Cases/Paper_STPWithAndWithoutAPI/Fullfillment/CheckEligibility" status="PASSED">
         <system-out><![CDATA[23-06-2024T15:05:38 - [TEST_CASE][PASSED] - Test Cases/Paper_STPWithAndWithoutAPI/Fullfillment/CheckEligibility: Test Cases/Paper_STPWithAndWithoutAPI/Fullfillment/CheckEligibility

23-06-2024T15:05:39 - [TEST_STEP][PASSED] - tabSection.CheckEligibility.checkEligibilityForFullfillmentPaperbase(): tabSection.CheckEligibility.checkEligibilityForFullfillmentPaperbase is PASSED

23-06-2024T15:05:39 - [MESSAGE][PASSED] - Object: 'Object Repository/TabSection/checkEligibility' is clicked on

23-06-2024T15:05:40 - [MESSAGE][PASSED] - Delayed 1 second(s)

23-06-2024T15:05:41 - [MESSAGE][PASSED] - Delayed 1 second(s)

23-06-2024T15:05:42 - [MESSAGE][PASSED] - Delayed 1 second(s)

23-06-2024T15:05:43 - [MESSAGE][PASSED] - Taking screenshot successfully
[[ATTACHMENT|D:\\newRCBCProject\\RCBCLOS_Automation\\Reports\\20240623_150402\\PaperbaseFlows\\PaperbaseWithAndWithout\\Fulfillment\\20240623_150402\\Screenshots/Fulfillment23_06_2403_04_31/Regression23_06_24_03_05_41.jpg]]

23-06-2024T15:05:43 - [MESSAGE][PASSED] - tabSection.CheckEligibility.checkEligibilityForFullfillmentPaperbase is PASSED

23-06-2024T15:05:45 - [TEST_STEP][PASSED] - Video: Video recording for test case 'Test Cases/Paper_STPWithAndWithoutAPI/Fullfillment/CheckEligibility' .

23-06-2024T15:05:45 - [MESSAGE][INFO] - Video recording for test case 'Test Cases/Paper_STPWithAndWithoutAPI/Fullfillment/CheckEligibility' .]]></system-out>
         <system-err><![CDATA[]]></system-err>
      </testcase>
      <testcase name="Test Cases/Paper_STPWithAndWithoutAPI/Fullfillment/CreditEvaluation" time="6.174" classname="Test Cases/Paper_STPWithAndWithoutAPI/Fullfillment/CreditEvaluation" status="PASSED">
         <system-out><![CDATA[23-06-2024T15:05:45 - [TEST_CASE][PASSED] - Test Cases/Paper_STPWithAndWithoutAPI/Fullfillment/CreditEvaluation: Test Cases/Paper_STPWithAndWithoutAPI/Fullfillment/CreditEvaluation

23-06-2024T15:05:45 - [TEST_STEP][PASSED] - tabSection.CreditEvaluation.creditEvaluationForFullfillmentPaperbased(): tabSection.CreditEvaluation.creditEvaluationForFullfillmentPaperbased is PASSED

23-06-2024T15:05:46 - [MESSAGE][PASSED] - Object: 'Object Repository/TabSection/creditEvaluation' is clicked on

23-06-2024T15:05:47 - [MESSAGE][PASSED] - Delayed 1 second(s)

23-06-2024T15:05:48 - [MESSAGE][PASSED] - Delayed 1 second(s)

23-06-2024T15:05:49 - [MESSAGE][PASSED] - Delayed 1 second(s)

23-06-2024T15:05:49 - [MESSAGE][PASSED] - Taking screenshot successfully
[[ATTACHMENT|D:\\newRCBCProject\\RCBCLOS_Automation\\Reports\\20240623_150402\\PaperbaseFlows\\PaperbaseWithAndWithout\\Fulfillment\\20240623_150402\\Screenshots/Fulfillment23_06_2403_04_31/Regression23_06_24_03_05_48.jpg]]

23-06-2024T15:05:49 - [MESSAGE][PASSED] - tabSection.CreditEvaluation.creditEvaluationForFullfillmentPaperbased is PASSED

23-06-2024T15:05:51 - [TEST_STEP][PASSED] - Video: Video recording for test case 'Test Cases/Paper_STPWithAndWithoutAPI/Fullfillment/CreditEvaluation' .

23-06-2024T15:05:51 - [MESSAGE][INFO] - Video recording for test case 'Test Cases/Paper_STPWithAndWithoutAPI/Fullfillment/CreditEvaluation' .]]></system-out>
         <system-err><![CDATA[]]></system-err>
      </testcase>
      <testcase name="Test Cases/Paper_STPWithAndWithoutAPI/Fullfillment/Deviations" time="6.305" classname="Test Cases/Paper_STPWithAndWithoutAPI/Fullfillment/Deviations" status="PASSED">
         <system-out><![CDATA[23-06-2024T15:05:51 - [TEST_CASE][PASSED] - Test Cases/Paper_STPWithAndWithoutAPI/Fullfillment/Deviations: Test Cases/Paper_STPWithAndWithoutAPI/Fullfillment/Deviations

23-06-2024T15:05:51 - [TEST_STEP][PASSED] - tabSection.Deviation.deviationForFullfillmentPaperbased(): tabSection.Deviation.deviationForFullfillmentPaperbased is PASSED

23-06-2024T15:05:52 - [MESSAGE][PASSED] - Object: 'Object Repository/TabSection/Devlations' is clicked on

23-06-2024T15:05:53 - [MESSAGE][PASSED] - Delayed 1 second(s)

23-06-2024T15:05:54 - [MESSAGE][PASSED] - Delayed 1 second(s)

23-06-2024T15:05:55 - [MESSAGE][PASSED] - Delayed 1 second(s)

23-06-2024T15:05:55 - [MESSAGE][PASSED] - Taking screenshot successfully
[[ATTACHMENT|D:\\newRCBCProject\\RCBCLOS_Automation\\Reports\\20240623_150402\\PaperbaseFlows\\PaperbaseWithAndWithout\\Fulfillment\\20240623_150402\\Screenshots/Fulfillment23_06_2403_04_31/Regression23_06_24_03_05_54.jpg]]

23-06-2024T15:05:55 - [MESSAGE][PASSED] - tabSection.Deviation.deviationForFullfillmentPaperbased is PASSED

23-06-2024T15:05:57 - [TEST_STEP][PASSED] - Video: Video recording for test case 'Test Cases/Paper_STPWithAndWithoutAPI/Fullfillment/Deviations' .

23-06-2024T15:05:57 - [MESSAGE][INFO] - Video recording for test case 'Test Cases/Paper_STPWithAndWithoutAPI/Fullfillment/Deviations' .]]></system-out>
         <system-err><![CDATA[]]></system-err>
      </testcase>
      <testcase name="Test Cases/Paper_STPWithAndWithoutAPI/Fullfillment/CreditInvestigation" time="6.768" classname="Test Cases/Paper_STPWithAndWithoutAPI/Fullfillment/CreditInvestigation" status="PASSED">
         <system-out><![CDATA[23-06-2024T15:05:57 - [TEST_CASE][PASSED] - Test Cases/Paper_STPWithAndWithoutAPI/Fullfillment/CreditInvestigation: Test Cases/Paper_STPWithAndWithoutAPI/Fullfillment/CreditInvestigation

23-06-2024T15:05:57 - [TEST_STEP][PASSED] - tabSection.CreditInvestigation.creditInvestigationForFullfillmentPaperbased(): tabSection.CreditInvestigation.creditInvestigationForFullfillmentPaperbased is PASSED

23-06-2024T15:05:58 - [MESSAGE][PASSED] - Object: 'Object Repository/TabSection/creditInvestigation' is clicked on

23-06-2024T15:05:59 - [MESSAGE][PASSED] - Delayed 1 second(s)

23-06-2024T15:06:00 - [MESSAGE][PASSED] - Delayed 1 second(s)

23-06-2024T15:06:01 - [MESSAGE][PASSED] - Delayed 1 second(s)

23-06-2024T15:06:01 - [MESSAGE][PASSED] - Taking screenshot successfully
[[ATTACHMENT|D:\\newRCBCProject\\RCBCLOS_Automation\\Reports\\20240623_150402\\PaperbaseFlows\\PaperbaseWithAndWithout\\Fulfillment\\20240623_150402\\Screenshots/Fulfillment23_06_2403_04_31/Regression23_06_24_03_06_00.jpg]]

23-06-2024T15:06:02 - [MESSAGE][PASSED] - Object: 'Object Repository/TabSection/nextArrowButton' is clicked on

23-06-2024T15:06:02 - [MESSAGE][PASSED] - tabSection.CreditInvestigation.creditInvestigationForFullfillmentPaperbased is PASSED

23-06-2024T15:06:04 - [TEST_STEP][PASSED] - Video: Video recording for test case 'Test Cases/Paper_STPWithAndWithoutAPI/Fullfillment/CreditInvestigation' .

23-06-2024T15:06:04 - [MESSAGE][INFO] - Video recording for test case 'Test Cases/Paper_STPWithAndWithoutAPI/Fullfillment/CreditInvestigation' .]]></system-out>
         <system-err><![CDATA[]]></system-err>
      </testcase>
      <testcase name="Test Cases/Paper_STPWithAndWithoutAPI/Fullfillment/InsuranceInformation" time="14.91" classname="Test Cases/Paper_STPWithAndWithoutAPI/Fullfillment/InsuranceInformation" status="PASSED">
         <system-out><![CDATA[23-06-2024T15:06:04 - [TEST_CASE][PASSED] - Test Cases/Paper_STPWithAndWithoutAPI/Fullfillment/InsuranceInformation: Test Cases/Paper_STPWithAndWithoutAPI/Fullfillment/InsuranceInformation

23-06-2024T15:06:04 - [TEST_STEP][PASSED] - tabSection.InsuranceInformation.insuranceInformationForFullfillmentPaperbase(): tabSection.InsuranceInformation.insuranceInformationForFullfillmentPaperbase is PASSED

23-06-2024T15:06:06 - [MESSAGE][PASSED] - Object: 'Object Repository/TabSection/InsuranceInformation' is clicked on

23-06-2024T15:06:08 - [MESSAGE][PASSED] - All options with index in [1] are selected on object 'Object Repository/BackOffice/Fulfillment/InsuranceInformationWithoutAPI/detailCode'

23-06-2024T15:06:09 - [MESSAGE][PASSED] - Delayed 1 second(s)

23-06-2024T15:06:10 - [MESSAGE][PASSED] - Delayed 1 second(s)

23-06-2024T15:06:11 - [MESSAGE][PASSED] - Delayed 1 second(s)

23-06-2024T15:06:12 - [MESSAGE][PASSED] - Taking screenshot successfully
[[ATTACHMENT|D:\\newRCBCProject\\RCBCLOS_Automation\\Reports\\20240623_150402\\PaperbaseFlows\\PaperbaseWithAndWithout\\Fulfillment\\20240623_150402\\Screenshots/Fulfillment23_06_2403_04_31/Regression23_06_24_03_06_10.jpg]]

23-06-2024T15:06:12 - [MESSAGE][PASSED] - All options with index in [2] are selected on object 'Object Repository/BackOffice/Fulfillment/InsuranceInformationWithoutAPI/modeOfPayment'

23-06-2024T15:06:13 - [MESSAGE][PASSED] - All options with index in [1] are selected on object 'Object Repository/BackOffice/Fulfillment/InsuranceInformationWithoutAPI/paymentFrequency'

23-06-2024T15:06:14 - [MESSAGE][PASSED] - Delayed 1 second(s)

23-06-2024T15:06:15 - [MESSAGE][PASSED] - Delayed 1 second(s)

23-06-2024T15:06:16 - [MESSAGE][PASSED] - Delayed 1 second(s)

23-06-2024T15:06:16 - [MESSAGE][PASSED] - Taking screenshot successfully
[[ATTACHMENT|D:\\newRCBCProject\\RCBCLOS_Automation\\Reports\\20240623_150402\\PaperbaseFlows\\PaperbaseWithAndWithout\\Fulfillment\\20240623_150402\\Screenshots/Fulfillment23_06_2403_04_31/Regression23_06_24_03_06_15.jpg]]

23-06-2024T15:06:17 - [MESSAGE][PASSED] - Object: 'Object Repository/TabSection/nextArrowButton' is clicked on

23-06-2024T15:06:17 - [MESSAGE][PASSED] - tabSection.InsuranceInformation.insuranceInformationForFullfillmentPaperbase is PASSED

23-06-2024T15:06:19 - [TEST_STEP][PASSED] - Video: Video recording for test case 'Test Cases/Paper_STPWithAndWithoutAPI/Fullfillment/InsuranceInformation' .

23-06-2024T15:06:19 - [MESSAGE][INFO] - Video recording for test case 'Test Cases/Paper_STPWithAndWithoutAPI/Fullfillment/InsuranceInformation' .]]></system-out>
         <system-err><![CDATA[]]></system-err>
      </testcase>
      <testcase name="Test Cases/Paper_STPWithAndWithoutAPI/Fullfillment/DisbursementInformation" time="9.801" classname="Test Cases/Paper_STPWithAndWithoutAPI/Fullfillment/DisbursementInformation" status="PASSED">
         <system-out><![CDATA[23-06-2024T15:06:19 - [TEST_CASE][PASSED] - Test Cases/Paper_STPWithAndWithoutAPI/Fullfillment/DisbursementInformation: Test Cases/Paper_STPWithAndWithoutAPI/Fullfillment/DisbursementInformation

23-06-2024T15:06:19 - [TEST_STEP][PASSED] - tabSection.DisbursementInfo.disbursementInformationForFullfillmentPaperbase(): tabSection.DisbursementInfo.disbursementInformationForFullfillmentPaperbase is PASSED

23-06-2024T15:06:20 - [MESSAGE][PASSED] - Object: 'Object Repository/TabSection/DisbursementInformation' is clicked on

23-06-2024T15:06:21 - [MESSAGE][PASSED] - Text '05/06/2024' is set on object 'Object Repository/BackOfficePaperBase/Fullfillment/DisbursementInfo/preferredDueDate'

23-06-2024T15:06:23 - [MESSAGE][PASSED] - Text 'OK' is set on object 'Object Repository/BackOfficePaperBase/Fullfillment/DisbursementInfo/instructionToLOD'

23-06-2024T15:06:24 - [MESSAGE][PASSED] - Delayed 1 second(s)

23-06-2024T15:06:25 - [MESSAGE][PASSED] - Delayed 1 second(s)

23-06-2024T15:06:26 - [MESSAGE][PASSED] - Delayed 1 second(s)

23-06-2024T15:06:26 - [MESSAGE][PASSED] - Taking screenshot successfully
[[ATTACHMENT|D:\\newRCBCProject\\RCBCLOS_Automation\\Reports\\20240623_150402\\PaperbaseFlows\\PaperbaseWithAndWithout\\Fulfillment\\20240623_150402\\Screenshots/Fulfillment23_06_2403_04_31/Regression23_06_24_03_06_25.jpg]]

23-06-2024T15:06:27 - [MESSAGE][PASSED] - Object: 'Object Repository/TabSection/nextArrowButton' is clicked on

23-06-2024T15:06:27 - [MESSAGE][PASSED] - tabSection.DisbursementInfo.disbursementInformationForFullfillmentPaperbase is PASSED

23-06-2024T15:06:29 - [TEST_STEP][PASSED] - Video: Video recording for test case 'Test Cases/Paper_STPWithAndWithoutAPI/Fullfillment/DisbursementInformation' .

23-06-2024T15:06:29 - [MESSAGE][INFO] - Video recording for test case 'Test Cases/Paper_STPWithAndWithoutAPI/Fullfillment/DisbursementInformation' .]]></system-out>
         <system-err><![CDATA[]]></system-err>
      </testcase>
      <testcase name="Test Cases/Paper_STPWithAndWithoutAPI/Fullfillment/SystemInterfaceStatus" time="6.977" classname="Test Cases/Paper_STPWithAndWithoutAPI/Fullfillment/SystemInterfaceStatus" status="PASSED">
         <system-out><![CDATA[23-06-2024T15:06:29 - [TEST_CASE][PASSED] - Test Cases/Paper_STPWithAndWithoutAPI/Fullfillment/SystemInterfaceStatus: Test Cases/Paper_STPWithAndWithoutAPI/Fullfillment/SystemInterfaceStatus

23-06-2024T15:06:29 - [TEST_STEP][PASSED] - tabSection.SystemInterfaceStatus.systemInterfaceStatusForFullfillmentPaperbased(): tabSection.SystemInterfaceStatus.systemInterfaceStatusForFullfillmentPaperbased is PASSED

23-06-2024T15:06:30 - [MESSAGE][PASSED] - Object: 'Object Repository/TabSection/SystemInterfaceStatus' is clicked on

23-06-2024T15:06:31 - [MESSAGE][PASSED] - Delayed 1 second(s)

23-06-2024T15:06:32 - [MESSAGE][PASSED] - Delayed 1 second(s)

23-06-2024T15:06:33 - [MESSAGE][PASSED] - Delayed 1 second(s)

23-06-2024T15:06:33 - [MESSAGE][PASSED] - Taking screenshot successfully
[[ATTACHMENT|D:\\newRCBCProject\\RCBCLOS_Automation\\Reports\\20240623_150402\\PaperbaseFlows\\PaperbaseWithAndWithout\\Fulfillment\\20240623_150402\\Screenshots/Fulfillment23_06_2403_04_31/Regression23_06_24_03_06_32.jpg]]

23-06-2024T15:06:34 - [MESSAGE][PASSED] - Object: 'Object Repository/TabSection/nextArrowButton' is clicked on

23-06-2024T15:06:34 - [MESSAGE][PASSED] - tabSection.SystemInterfaceStatus.systemInterfaceStatusForFullfillmentPaperbased is PASSED

23-06-2024T15:06:36 - [TEST_STEP][PASSED] - Video: Video recording for test case 'Test Cases/Paper_STPWithAndWithoutAPI/Fullfillment/SystemInterfaceStatus' .

23-06-2024T15:06:36 - [MESSAGE][INFO] - Video recording for test case 'Test Cases/Paper_STPWithAndWithoutAPI/Fullfillment/SystemInterfaceStatus' .]]></system-out>
         <system-err><![CDATA[]]></system-err>
      </testcase>
      <testcase name="Test Cases/Paper_STPWithAndWithoutAPI/Fullfillment/AlertSummary" time="7.088" classname="Test Cases/Paper_STPWithAndWithoutAPI/Fullfillment/AlertSummary" status="PASSED">
         <system-out><![CDATA[23-06-2024T15:06:36 - [TEST_CASE][PASSED] - Test Cases/Paper_STPWithAndWithoutAPI/Fullfillment/AlertSummary: Test Cases/Paper_STPWithAndWithoutAPI/Fullfillment/AlertSummary

23-06-2024T15:06:36 - [TEST_STEP][PASSED] - tabSection.AlertsSummary.alertsSummaryForFullfillmentPaperbase(): tabSection.AlertsSummary.alertsSummaryForFullfillmentPaperbase is PASSED

23-06-2024T15:06:37 - [MESSAGE][PASSED] - Object: 'Object Repository/TabSection/AlertSummary' is clicked on

23-06-2024T15:06:38 - [MESSAGE][PASSED] - Delayed 1 second(s)

23-06-2024T15:06:39 - [MESSAGE][PASSED] - Delayed 1 second(s)

23-06-2024T15:06:40 - [MESSAGE][PASSED] - Delayed 1 second(s)

23-06-2024T15:06:40 - [MESSAGE][PASSED] - Taking screenshot successfully
[[ATTACHMENT|D:\\newRCBCProject\\RCBCLOS_Automation\\Reports\\20240623_150402\\PaperbaseFlows\\PaperbaseWithAndWithout\\Fulfillment\\20240623_150402\\Screenshots/Fulfillment23_06_2403_04_31/Regression23_06_24_03_06_39.jpg]]

23-06-2024T15:06:41 - [MESSAGE][PASSED] - Object: 'Object Repository/TabSection/nextArrowButton' is clicked on

23-06-2024T15:06:41 - [MESSAGE][PASSED] - tabSection.AlertsSummary.alertsSummaryForFullfillmentPaperbase is PASSED

23-06-2024T15:06:43 - [TEST_STEP][PASSED] - Video: Video recording for test case 'Test Cases/Paper_STPWithAndWithoutAPI/Fullfillment/AlertSummary' .

23-06-2024T15:06:43 - [MESSAGE][INFO] - Video recording for test case 'Test Cases/Paper_STPWithAndWithoutAPI/Fullfillment/AlertSummary' .]]></system-out>
         <system-err><![CDATA[]]></system-err>
      </testcase>
      <testcase name="Test Cases/Paper_STPWithAndWithoutAPI/Fullfillment/Action" time="55.236" classname="Test Cases/Paper_STPWithAndWithoutAPI/Fullfillment/Action" status="PASSED">
         <system-out><![CDATA[23-06-2024T15:06:43 - [TEST_CASE][PASSED] - Test Cases/Paper_STPWithAndWithoutAPI/Fullfillment/Action: Test Cases/Paper_STPWithAndWithoutAPI/Fullfillment/Action

23-06-2024T15:06:43 - [TEST_STEP][PASSED] - tabSection.Action.submitForAO(): tabSection.Action.submitForAO is PASSED

23-06-2024T15:06:46 - [MESSAGE][PASSED] - Object: 'Object Repository/TabSection/Action' is clicked on

23-06-2024T15:06:47 - [MESSAGE][PASSED] - Object 'Object Repository/Action/Decision' is visible

23-06-2024T15:06:48 - [MESSAGE][PASSED] - All options with index in [1] are selected on object 'Object Repository/Action/Decision'

23-06-2024T15:06:48 - [MESSAGE][PASSED] - Text 'OK' is set on object 'Object Repository/Action/Remarks'

23-06-2024T15:06:48 - [MESSAGE][PASSED] - Current window's title is: 'Fullfillment : LOS-3359'

23-06-2024T15:06:48 - [MESSAGE][PASSED] - Text of object 'Object Repository/Action/referenceNumber' is: 'Fullfillment : LOS-3359'

23-06-2024T15:06:48 - [MESSAGE][INFO] - LOS-3359

23-06-2024T15:06:49 - [MESSAGE][PASSED] - Object: 'Object Repository/Action/SubmitButton' is clicked on

23-06-2024T15:06:50 - [MESSAGE][PASSED] - Taking screenshot successfully
[[ATTACHMENT|D:\\newRCBCProject\\RCBCLOS_Automation\\Reports\\20240623_150402\\PaperbaseFlows\\PaperbaseWithAndWithout\\Fulfillment\\20240623_150402\\1719135410081.png]]

23-06-2024T15:06:51 - [MESSAGE][PASSED] - Delayed 1 second(s)

23-06-2024T15:06:52 - [MESSAGE][PASSED] - Delayed 1 second(s)

23-06-2024T15:06:53 - [MESSAGE][PASSED] - Delayed 1 second(s)

23-06-2024T15:06:53 - [MESSAGE][PASSED] - Taking screenshot successfully
[[ATTACHMENT|D:\\newRCBCProject\\RCBCLOS_Automation\\Reports\\20240623_150402\\PaperbaseFlows\\PaperbaseWithAndWithout\\Fulfillment\\20240623_150402\\Screenshots/Fulfillment23_06_2403_04_31/Regression23_06_24_03_06_52.jpg]]

23-06-2024T15:06:58 - [MESSAGE][PASSED] - Object: 'Object Repository/Action/confirmYes' is clicked on

23-06-2024T15:07:34 - [MESSAGE][WARNING] - Cannot find window with title: 'LoanPortal' (Root cause: com.kms.katalon.core.exception.StepFailedException: Cannot find window with title: 'LoanPortal'
	at com.kms.katalon.core.webui.keyword.internal.WebUIKeywordMain.stepFailed(WebUIKeywordMain.groovy:64)
	at com.kms.katalon.core.webui.keyword.builtin.SwitchToWindowTitleKeyword$_switchToWindowTitle_closure1.doCall(SwitchToWindowTitleKeyword.groovy:82)
	at com.kms.katalon.core.webui.keyword.builtin.SwitchToWindowTitleKeyword$_switchToWindowTitle_closure1.call(SwitchToWindowTitleKeyword.groovy)
	at com.kms.katalon.core.webui.keyword.internal.WebUIKeywordMain.runKeyword(WebUIKeywordMain.groovy:20)
	at com.kms.katalon.core.webui.keyword.builtin.SwitchToWindowTitleKeyword.switchToWindowTitle(SwitchToWindowTitleKeyword.groovy:84)
	at com.kms.katalon.core.webui.keyword.builtin.SwitchToWindowTitleKeyword.execute(SwitchToWindowTitleKeyword.groovy:67)
	at com.kms.katalon.core.keyword.internal.KeywordExecutor.executeKeywordForPlatform(KeywordExecutor.groovy:74)
	at com.kms.katalon.core.webui.keyword.WebUiBuiltInKeywords.switchToWindowTitle(WebUiBuiltInKeywords.groovy:1809)
	at tabSection.Action.submitForAO(Action.groovy:64)
	at java.base/jdk.internal.reflect.NativeMethodAccessorImpl.invoke0(Native Method)
	at java.base/jdk.internal.reflect.NativeMethodAccessorImpl.invoke(NativeMethodAccessorImpl.java:77)
	at java.base/jdk.internal.reflect.DelegatingMethodAccessorImpl.invoke(DelegatingMethodAccessorImpl.java:43)
	at com.kms.katalon.core.main.CustomKeywordDelegatingMetaClass.invokeStaticMethod(CustomKeywordDelegatingMetaClass.java:55)
	at Action.run(Action:20)
	at com.kms.katalon.core.main.ScriptEngine.run(ScriptEngine.java:194)
	at com.kms.katalon.core.main.ScriptEngine.runScriptAsRawText(ScriptEngine.java:119)
	at com.kms.katalon.core.main.TestCaseExecutor.runScript(TestCaseExecutor.java:448)
	at com.kms.katalon.core.main.TestCaseExecutor.doExecute(TestCaseExecutor.java:439)
	at com.kms.katalon.core.main.TestCaseExecutor.processExecutionPhase(TestCaseExecutor.java:418)
	at com.kms.katalon.core.main.TestCaseExecutor.accessMainPhase(TestCaseExecutor.java:410)
	at com.kms.katalon.core.main.TestCaseExecutor.execute(TestCaseExecutor.java:285)
	at com.kms.katalon.core.common.CommonExecutor.accessTestCaseMainPhase(CommonExecutor.java:65)
	at com.kms.katalon.core.main.TestSuiteExecutor.accessTestSuiteMainPhase(TestSuiteExecutor.java:150)
	at com.kms.katalon.core.main.TestSuiteExecutor.execute(TestSuiteExecutor.java:106)
	at com.kms.katalon.core.main.TestCaseMain.startTestSuite(TestCaseMain.java:180)
	at TempTestSuite1719135242580.run(TempTestSuite1719135242580.groovy:35)
	at java.base/jdk.internal.reflect.NativeMethodAccessorImpl.invoke0(Native Method)
	at java.base/jdk.internal.reflect.NativeMethodAccessorImpl.invoke(NativeMethodAccessorImpl.java:77)
	at java.base/jdk.internal.reflect.DelegatingMethodAccessorImpl.invoke(DelegatingMethodAccessorImpl.java:43)
)
[[ATTACHMENT|D:\\newRCBCProject\\RCBCLOS_Automation\\Reports\\20240623_150402\\PaperbaseFlows\\PaperbaseWithAndWithout\\Fulfillment\\20240623_150402\\1719135454261.png]]

23-06-2024T15:07:36 - [MESSAGE][PASSED] - Delayed 2 second(s)

23-06-2024T15:07:36 - [MESSAGE][PASSED] - tabSection.Action.submitForAO is PASSED

23-06-2024T15:07:38 - [TEST_STEP][PASSED] - Video: Video recording for test case 'Test Cases/Paper_STPWithAndWithoutAPI/Fullfillment/Action' .

23-06-2024T15:07:38 - [MESSAGE][INFO] - Video recording for test case 'Test Cases/Paper_STPWithAndWithoutAPI/Fullfillment/Action' .]]></system-out>
         <system-err><![CDATA[]]></system-err>
      </testcase>
      <testcase name="Test Cases/LogOut/logout" time="17.566" classname="Test Cases/LogOut/logout" status="PASSED">
         <system-out><![CDATA[23-06-2024T15:07:38 - [TEST_CASE][PASSED] - Test Cases/LogOut/logout: Test Cases/LogOut/logout

23-06-2024T15:07:38 - [TEST_STEP][PASSED] - signOutibps.SignOut.logout(): signOutibps.SignOut.logout is PASSED

23-06-2024T15:07:38 - [MESSAGE][PASSED] - Switched to window with index: '0'

23-06-2024T15:07:39 - [MESSAGE][PASSED] - Delayed 1 second(s)

23-06-2024T15:07:40 - [MESSAGE][PASSED] - All options with index in [2] are selected on object 'Object Repository/ibpsLogOut/selectProcess'

23-06-2024T15:07:41 - [MESSAGE][PASSED] - Delayed 1 second(s)

23-06-2024T15:07:42 - [MESSAGE][PASSED] - Object: 'Object Repository/ibpsLogOut/searchBar' is double clicked on

23-06-2024T15:07:42 - [MESSAGE][PASSED] - Keys 'LOS-3359' sent to object: 'Object Repository/ibpsLogOut/searchBar'

23-06-2024T15:07:42 - [MESSAGE][PASSED] - Keys 'ENTER + ' sent to object: 'Object Repository/ibpsLogOut/searchBar'

23-06-2024T15:07:43 - [MESSAGE][PASSED] - Delayed 1 second(s)

23-06-2024T15:07:44 - [MESSAGE][PASSED] - Delayed 1 second(s)

23-06-2024T15:07:45 - [MESSAGE][PASSED] - Delayed 1 second(s)

23-06-2024T15:07:46 - [MESSAGE][PASSED] - Taking screenshot successfully
[[ATTACHMENT|D:\\newRCBCProject\\RCBCLOS_Automation\\Reports\\20240623_150402\\PaperbaseFlows\\PaperbaseWithAndWithout\\Fulfillment\\20240623_150402\\Screenshots/Fulfillment23_06_2403_04_31/Regression23_06_24_03_07_44.jpg]]

23-06-2024T15:07:48 - [MESSAGE][PASSED] - Delayed 2 second(s)

23-06-2024T15:07:48 - [MESSAGE][PASSED] - Object: 'Object Repository/ibpsLogOut/label_QK_CO7' is clicked on

23-06-2024T15:07:50 - [MESSAGE][PASSED] - Delayed 2 second(s)

23-06-2024T15:07:50 - [MESSAGE][PASSED] - Object: 'Object Repository/ibpsLogOut/Logout' is clicked on

23-06-2024T15:07:51 - [MESSAGE][PASSED] - Delayed 1 second(s)

23-06-2024T15:07:52 - [MESSAGE][PASSED] - Delayed 1 second(s)

23-06-2024T15:07:53 - [MESSAGE][PASSED] - Delayed 1 second(s)

23-06-2024T15:07:54 - [MESSAGE][PASSED] - Taking screenshot successfully
[[ATTACHMENT|D:\\newRCBCProject\\RCBCLOS_Automation\\Reports\\20240623_150402\\PaperbaseFlows\\PaperbaseWithAndWithout\\Fulfillment\\20240623_150402\\Screenshots/Fulfillment23_06_2403_04_31/Regression23_06_24_03_07_52.jpg]]

23-06-2024T15:07:54 - [MESSAGE][PASSED] - signOutibps.SignOut.logout is PASSED

23-06-2024T15:07:56 - [TEST_STEP][PASSED] - Video: Video recording for test case 'Test Cases/LogOut/logout' .

23-06-2024T15:07:56 - [MESSAGE][INFO] - Video recording for test case 'Test Cases/LogOut/logout' .]]></system-out>
         <system-err><![CDATA[]]></system-err>
      </testcase>
      <system-out><![CDATA[23-06-2024T15:04:13 - [TEST_SUITE][PASSED] - Fulfillment: Test Cases/LogOut/logout]]></system-out>
      <system-err><![CDATA[]]></system-err>
   </testsuite>
</testsuites>
