<?xml version="1.0" encoding="UTF-8"?>
<testsuites name="testSuiteForCOMakerNSTP" time="332.168" tests="15" failures="0" errors="0">
   <testsuite name="testSuiteForCOMakerNSTP" tests="15" failures="0" errors="0" time="332.168" skipped="0" timestamp="29-06-2024T18:28:54" hostname="Adarsh.Lohar - QKNBK2037.qkcorp.qualitykiosk.com" id="Test Suites/DigitalFlows/NSTPDigitalLowCashout/testSuiteForCOMakerNSTP">
      <properties>
         <property name="deviceName" value=""/>
         <property name="devicePlatform"/>
         <property name="logFolder" value="D:\\newRCBCProject\\RCBCLOS_Automation\\Reports\\20240629_181257\\DigitalFlows\\NSTPDigitalLowCashout\\testSuiteForCOMakerNSTP\\20240629_181307"/>
         <property name="logFiles" value="D:\\newRCBCProject\\RCBCLOS_Automation\\Reports\\20240629_181257\\DigitalFlows\\NSTPDigitalLowCashout\\testSuiteForCOMakerNSTP\\20240629_181307\\execution0.log"/>
         <property name="attachments" value="D:\\newRCBCProject\\RCBCLOS_Automation\\Reports\\20240629_181257\\DigitalFlows\\NSTPDigitalLowCashout\\testSuiteForCOMakerNSTP\\20240629_181307\\Screenshots/COMaker29_06_2406_29_11/Regression29_06_24_06_29_12.jpg, D:\\newRCBCProject\\RCBCLOS_Automation\\Reports\\20240629_181257\\DigitalFlows\\NSTPDigitalLowCashout\\testSuiteForCOMakerNSTP\\20240629_181307\\Screenshots/COMaker29_06_2406_29_11/Regression29_06_24_06_29_35.jpg, D:\\newRCBCProject\\RCBCLOS_Automation\\Reports\\20240629_181257\\DigitalFlows\\NSTPDigitalLowCashout\\testSuiteForCOMakerNSTP\\20240629_181307\\Screenshots/COMaker29_06_2406_29_11/Regression29_06_24_06_29_41.jpg, D:\\newRCBCProject\\RCBCLOS_Automation\\Reports\\20240629_181257\\DigitalFlows\\NSTPDigitalLowCashout\\testSuiteForCOMakerNSTP\\20240629_181307\\Screenshots/COMaker29_06_2406_29_11/Regression29_06_24_06_29_58.jpg, D:\\newRCBCProject\\RCBCLOS_Automation\\Reports\\20240629_181257\\DigitalFlows\\NSTPDigitalLowCashout\\testSuiteForCOMakerNSTP\\20240629_181307\\Screenshots/COMaker29_06_2406_29_11/Regression29_06_24_06_30_02.jpg, D:\\newRCBCProject\\RCBCLOS_Automation\\Reports\\20240629_181257\\DigitalFlows\\NSTPDigitalLowCashout\\testSuiteForCOMakerNSTP\\20240629_181307\\Screenshots/COMaker29_06_2406_29_11/Regression29_06_24_06_30_05.jpg, D:\\newRCBCProject\\RCBCLOS_Automation\\Reports\\20240629_181257\\DigitalFlows\\NSTPDigitalLowCashout\\testSuiteForCOMakerNSTP\\20240629_181307\\Screenshots/COMaker29_06_2406_29_11/Regression29_06_24_06_30_09.jpg, D:\\newRCBCProject\\RCBCLOS_Automation\\Reports\\20240629_181257\\DigitalFlows\\NSTPDigitalLowCashout\\testSuiteForCOMakerNSTP\\20240629_181307\\Screenshots/COMaker29_06_2406_29_11/Regression29_06_24_06_30_13.jpg, D:\\newRCBCProject\\RCBCLOS_Automation\\Reports\\20240629_181257\\DigitalFlows\\NSTPDigitalLowCashout\\testSuiteForCOMakerNSTP\\20240629_181307\\Screenshots/COMaker29_06_2406_29_11/Regression29_06_24_06_30_16.jpg, D:\\newRCBCProject\\RCBCLOS_Automation\\Reports\\20240629_181257\\DigitalFlows\\NSTPDigitalLowCashout\\testSuiteForCOMakerNSTP\\20240629_181307\\Screenshots/COMaker29_06_2406_29_11/Regression29_06_24_06_30_20.jpg, D:\\newRCBCProject\\RCBCLOS_Automation\\Reports\\20240629_181257\\DigitalFlows\\NSTPDigitalLowCashout\\testSuiteForCOMakerNSTP\\20240629_181307\\Screenshots/COMaker29_06_2406_29_11/Regression29_06_24_06_30_23.jpg, D:\\newRCBCProject\\RCBCLOS_Automation\\Reports\\20240629_181257\\DigitalFlows\\NSTPDigitalLowCashout\\testSuiteForCOMakerNSTP\\20240629_181307\\Screenshots/COMaker29_06_2406_29_11/Regression29_06_24_06_30_32.jpg, D:\\newRCBCProject\\RCBCLOS_Automation\\Reports\\20240629_181257\\DigitalFlows\\NSTPDigitalLowCashout\\testSuiteForCOMakerNSTP\\20240629_181307\\Screenshots/COMaker29_06_2406_29_11/Regression29_06_24_06_30_36.jpg, D:\\newRCBCProject\\RCBCLOS_Automation\\Reports\\20240629_181257\\DigitalFlows\\NSTPDigitalLowCashout\\testSuiteForCOMakerNSTP\\20240629_181307\\Screenshots/COMaker29_06_2406_29_11/Regression29_06_24_06_30_40.jpg, D:\\newRCBCProject\\RCBCLOS_Automation\\Reports\\20240629_181257\\DigitalFlows\\NSTPDigitalLowCashout\\testSuiteForCOMakerNSTP\\20240629_181307\\Screenshots/COMaker29_06_2406_29_11/Regression29_06_24_06_30_44.jpg, D:\\newRCBCProject\\RCBCLOS_Automation\\Reports\\20240629_181257\\DigitalFlows\\NSTPDigitalLowCashout\\testSuiteForCOMakerNSTP\\20240629_181307\\Screenshots/COMaker29_06_2406_29_11/Regression29_06_24_06_30_48.jpg, D:\\newRCBCProject\\RCBCLOS_Automation\\Reports\\20240629_181257\\DigitalFlows\\NSTPDigitalLowCashout\\testSuiteForCOMakerNSTP\\20240629_181307\\Screenshots/COMaker29_06_2406_29_11/Regression29_06_24_06_30_51.jpg, D:\\newRCBCProject\\RCBCLOS_Automation\\Reports\\20240629_181257\\DigitalFlows\\NSTPDigitalLowCashout\\testSuiteForCOMakerNSTP\\20240629_181307\\Screenshots/COMaker29_06_2406_29_11/Regression29_06_24_06_30_54.jpg, D:\\newRCBCProject\\RCBCLOS_Automation\\Reports\\20240629_181257\\DigitalFlows\\NSTPDigitalLowCashout\\testSuiteForCOMakerNSTP\\20240629_181307\\Screenshots/COMaker29_06_2406_29_11/Regression29_06_24_06_31_04.jpg, D:\\newRCBCProject\\RCBCLOS_Automation\\Reports\\20240629_181257\\DigitalFlows\\NSTPDigitalLowCashout\\testSuiteForCOMakerNSTP\\20240629_181307\\Screenshots/COMaker29_06_2406_29_11/Regression29_06_24_06_31_11.jpg, D:\\newRCBCProject\\RCBCLOS_Automation\\Reports\\20240629_181257\\DigitalFlows\\NSTPDigitalLowCashout\\testSuiteForCOMakerNSTP\\20240629_181307\\Screenshots/COMaker29_06_2406_29_11/Regression29_06_24_06_31_22.jpg, D:\\newRCBCProject\\RCBCLOS_Automation\\Reports\\20240629_181257\\DigitalFlows\\NSTPDigitalLowCashout\\testSuiteForCOMakerNSTP\\20240629_181307\\Screenshots/COMaker29_06_2406_29_11/Regression29_06_24_06_32_01.jpg, D:\\newRCBCProject\\RCBCLOS_Automation\\Reports\\20240629_181257\\DigitalFlows\\NSTPDigitalLowCashout\\testSuiteForCOMakerNSTP\\20240629_181307\\Screenshots/COMaker29_06_2406_29_11/Regression29_06_24_06_32_05.jpg, D:\\newRCBCProject\\RCBCLOS_Automation\\Reports\\20240629_181257\\DigitalFlows\\NSTPDigitalLowCashout\\testSuiteForCOMakerNSTP\\20240629_181307\\Screenshots/COMaker29_06_2406_29_11/Regression29_06_24_06_32_12.jpg, D:\\newRCBCProject\\RCBCLOS_Automation\\Reports\\20240629_181257\\DigitalFlows\\NSTPDigitalLowCashout\\testSuiteForCOMakerNSTP\\20240629_181307\\Screenshots/COMaker29_06_2406_29_11/Regression29_06_24_06_32_18.jpg, D:\\newRCBCProject\\RCBCLOS_Automation\\Reports\\20240629_181257\\DigitalFlows\\NSTPDigitalLowCashout\\testSuiteForCOMakerNSTP\\20240629_181307\\Screenshots/COMaker29_06_2406_29_11/Regression29_06_24_06_32_22.jpg, D:\\newRCBCProject\\RCBCLOS_Automation\\Reports\\20240629_181257\\DigitalFlows\\NSTPDigitalLowCashout\\testSuiteForCOMakerNSTP\\20240629_181307\\Screenshots/COMaker29_06_2406_29_11/Regression29_06_24_06_32_25.jpg, D:\\newRCBCProject\\RCBCLOS_Automation\\Reports\\20240629_181257\\DigitalFlows\\NSTPDigitalLowCashout\\testSuiteForCOMakerNSTP\\20240629_181307\\Screenshots/COMaker29_06_2406_29_11/Regression29_06_24_06_32_29.jpg, D:\\newRCBCProject\\RCBCLOS_Automation\\Reports\\20240629_181257\\DigitalFlows\\NSTPDigitalLowCashout\\testSuiteForCOMakerNSTP\\20240629_181307\\Screenshots/COMaker29_06_2406_29_11/Regression29_06_24_06_32_41.jpg, D:\\newRCBCProject\\RCBCLOS_Automation\\Reports\\20240629_181257\\DigitalFlows\\NSTPDigitalLowCashout\\testSuiteForCOMakerNSTP\\20240629_181307\\Screenshots/COMaker29_06_2406_29_11/Regression29_06_24_06_32_47.jpg, D:\\newRCBCProject\\RCBCLOS_Automation\\Reports\\20240629_181257\\DigitalFlows\\NSTPDigitalLowCashout\\testSuiteForCOMakerNSTP\\20240629_181307\\Screenshots/COMaker29_06_2406_29_11/Regression29_06_24_06_32_52.jpg, D:\\newRCBCProject\\RCBCLOS_Automation\\Reports\\20240629_181257\\DigitalFlows\\NSTPDigitalLowCashout\\testSuiteForCOMakerNSTP\\20240629_181307\\Screenshots/COMaker29_06_2406_29_11/Regression29_06_24_06_32_55.jpg, D:\\newRCBCProject\\RCBCLOS_Automation\\Reports\\20240629_181257\\DigitalFlows\\NSTPDigitalLowCashout\\testSuiteForCOMakerNSTP\\20240629_181307\\Screenshots/COMaker29_06_2406_29_11/Regression29_06_24_06_33_04.jpg, D:\\newRCBCProject\\RCBCLOS_Automation\\Reports\\20240629_181257\\DigitalFlows\\NSTPDigitalLowCashout\\testSuiteForCOMakerNSTP\\20240629_181307\\Screenshots/COMaker29_06_2406_29_11/Regression29_06_24_06_33_11.jpg, D:\\newRCBCProject\\RCBCLOS_Automation\\Reports\\20240629_181257\\DigitalFlows\\NSTPDigitalLowCashout\\testSuiteForCOMakerNSTP\\20240629_181307\\Screenshots/COMaker29_06_2406_29_11/Regression29_06_24_06_33_20.jpg, D:\\newRCBCProject\\RCBCLOS_Automation\\Reports\\20240629_181257\\DigitalFlows\\NSTPDigitalLowCashout\\testSuiteForCOMakerNSTP\\20240629_181307\\Screenshots/COMaker29_06_2406_29_11/Regression29_06_24_06_33_28.jpg, D:\\newRCBCProject\\RCBCLOS_Automation\\Reports\\20240629_181257\\DigitalFlows\\NSTPDigitalLowCashout\\testSuiteForCOMakerNSTP\\20240629_181307\\Screenshots/COMaker29_06_2406_29_11/Regression29_06_24_06_33_35.jpg, D:\\newRCBCProject\\RCBCLOS_Automation\\Reports\\20240629_181257\\DigitalFlows\\NSTPDigitalLowCashout\\testSuiteForCOMakerNSTP\\20240629_181307\\Screenshots/COMaker29_06_2406_29_11/Regression29_06_24_06_33_44.jpg, D:\\newRCBCProject\\RCBCLOS_Automation\\Reports\\20240629_181257\\DigitalFlows\\NSTPDigitalLowCashout\\testSuiteForCOMakerNSTP\\20240629_181307\\Screenshots/COMaker29_06_2406_29_11/Regression29_06_24_06_33_47.jpg, D:\\newRCBCProject\\RCBCLOS_Automation\\Reports\\20240629_181257\\DigitalFlows\\NSTPDigitalLowCashout\\testSuiteForCOMakerNSTP\\20240629_181307\\1719666235608.png, D:\\newRCBCProject\\RCBCLOS_Automation\\Reports\\20240629_181257\\DigitalFlows\\NSTPDigitalLowCashout\\testSuiteForCOMakerNSTP\\20240629_181307\\Screenshots/COMaker29_06_2406_29_11/Regression29_06_24_06_33_57.jpg, D:\\newRCBCProject\\RCBCLOS_Automation\\Reports\\20240629_181257\\DigitalFlows\\NSTPDigitalLowCashout\\testSuiteForCOMakerNSTP\\20240629_181307\\Screenshots/COMaker29_06_2406_29_11/Regression29_06_24_06_34_13.jpg, D:\\newRCBCProject\\RCBCLOS_Automation\\Reports\\20240629_181257\\DigitalFlows\\NSTPDigitalLowCashout\\testSuiteForCOMakerNSTP\\20240629_181307\\Screenshots/COMaker29_06_2406_29_11/Regression29_06_24_06_34_22.jpg"/>
         <property name="hostName" value="Adarsh.Lohar - QKNBK2037.qkcorp.qualitykiosk.com"/>
         <property name="os" value="Windows 10 64bit"/>
         <property name="katalonVersion" value="9.5.0.217"/>
         <property name="browser" value="Edge Chromium 126"/>
         <property name="hostAddress" value="192.168.0.103"/>
         <property name="sessionId" value="a9e61b262c2103d872a76e11dbcb1e08"/>
         <property name="seleniumVersion" value="3.141.59"/>
         <property name="proxyInformation" value="ProxyInformation { proxyOption=NO_PROXY, proxyServerType=HTTP, username=, password=********, proxyServerAddress=, proxyServerPort=0, executionList=&quot;&quot;, isApplyToDesiredCapabilities=true }"/>
         <property name="platform" value="Windows 10"/>
      </properties>
      <testcase name="Test Cases/Digital_NSTP/testCaseForCOMaker/LoginPage" time="31.206" classname="Test Cases/Digital_NSTP/testCaseForCOMaker/LoginPage" status="PASSED">
         <system-out><![CDATA[29-06-2024T18:28:54 - [TEST_CASE][PASSED] - Test Cases/Digital_NSTP/testCaseForCOMaker/LoginPage: Test Cases/Digital_NSTP/testCaseForCOMaker/LoginPage

29-06-2024T18:28:56 - [TEST_STEP][PASSED] - coMaker.LoginForibpsCOMaker.login(): coMaker.LoginForibpsCOMaker.login is PASSED

29-06-2024T18:28:57 - [MESSAGE][INFO] - Starting 'Edge Chromium' driver

29-06-2024T18:28:58 - [MESSAGE][INFO] - Action delay is set to 0 milliseconds

29-06-2024T18:29:04 - [MESSAGE][PASSED] - Browser is opened with url: ''

29-06-2024T18:29:04 - [MESSAGE][PASSED] - Current window maximized

29-06-2024T18:29:08 - [MESSAGE][PASSED] - Navigate to 'https://rcbcuat.nonprodnmc.com/omniapp' successfully

29-06-2024T18:29:09 - [MESSAGE][PASSED] - Text 'QK_CO7' is set on object 'Object Repository/BackOffice/ibpsLogin/userName'

29-06-2024T18:29:10 - [MESSAGE][PASSED] - Text ****** has been set on object 'Object Repository/BackOffice/ibpsLogin/password'

29-06-2024T18:29:11 - [MESSAGE][PASSED] - Delayed 1 second(s)

29-06-2024T18:29:12 - [MESSAGE][PASSED] - Delayed 1 second(s)

29-06-2024T18:29:13 - [MESSAGE][PASSED] - Delayed 1 second(s)

29-06-2024T18:29:14 - [MESSAGE][PASSED] - Taking screenshot successfully
[[ATTACHMENT|D:\\newRCBCProject\\RCBCLOS_Automation\\Reports\\20240629_181257\\DigitalFlows\\NSTPDigitalLowCashout\\testSuiteForCOMakerNSTP\\20240629_181307\\Screenshots/COMaker29_06_2406_29_11/Regression29_06_24_06_29_12.jpg]]

29-06-2024T18:29:15 - [MESSAGE][PASSED] - Object: 'Object Repository/BackOffice/ibpsLogin/loginButton' is clicked on

29-06-2024T18:29:17 - [MESSAGE][PASSED] - Delayed 2 second(s)

29-06-2024T18:29:21 - [MESSAGE][INFO] - Unable to find the element located by 'By.xpath: //input[@id="oaloginform:contloginbtn"]'. Please recheck the objects properties to make sure the desired element is located. 

29-06-2024T18:29:21 - [MESSAGE][WARNING] - [SELF-HEALING] Failed to find element with id 'Object Repository/BackOffice/ibpsLogin/yesLogin'. Try using Self-healing.

29-06-2024T18:29:22 - [MESSAGE][INFO] - [SELF-HEALING] No working XPath is found.

29-06-2024T18:29:23 - [MESSAGE][WARNING] - [SELF-HEALING] javascript error: {"status":32,"value":"Unable to locate an element with the xpath expression  because of the following error:\nSyntaxError: Failed to execute 'evaluate' on 'Document': The string '' is not a valid XPath expression."}
  (Session info: MicrosoftEdge=126.0.2592.81)
Build info: version: '3.141.59', revision: 'unknown', time: 'unknown'
System info: host: 'QKNBK2037', ip: '192.168.0.103', os.name: 'Windows 10', os.arch: 'amd64', os.version: '10.0', java.version: '17.0.7'
Driver info: com.kms.katalon.selenium.driver.CEdgeDriver
Capabilities {acceptInsecureCerts: false, browserName: MicrosoftEdge, browserVersion: 126.0.2592.81, fedcm:accounts: true, javascriptEnabled: true, ms:edgeOptions: {debuggerAddress: localhost:54961}, msedge: {msedgedriverVersion: 125.0.2535.47 (b3ce6d15dc7f..., userDataDir: C:\Users\ADARSH~1.LOH\AppDa...}, networkConnectionEnabled: false, pageLoadStrategy: normal, platform: WINDOWS, platformName: WINDOWS, proxy: Proxy(), setWindowRect: true, strictFileInteractability: false, timeouts: {implicit: 0, pageLoad: 300000, script: 30000}, unhandledPromptBehavior: dismiss and notify, webauthn:extension:credBlob: true, webauthn:extension:largeBlob: true, webauthn:extension:minPinLength: true, webauthn:extension:prf: true, webauthn:virtualAuthenticators: true}
Session ID: a9e61b262c2103d872a76e11dbcb1e08
*** Element info: {Using=xpath, value=}

29-06-2024T18:29:23 - [MESSAGE][WARNING] - [SELF-HEALING] Cannot find elements when the selector is null

29-06-2024T18:29:23 - [MESSAGE][WARNING] - Web element with id: 'Object Repository/BackOffice/ibpsLogin/yesLogin' located by '//input[@id="oaloginform:contloginbtn"]' not found

29-06-2024T18:29:23 - [MESSAGE][PASSED] - coMaker.LoginForibpsCOMaker.login is PASSED

29-06-2024T18:29:25 - [TEST_STEP][PASSED] - Video: Video recording for test case 'Test Cases/Digital_NSTP/testCaseForCOMaker/LoginPage' .

29-06-2024T18:29:25 - [MESSAGE][INFO] - Video recording for test case 'Test Cases/Digital_NSTP/testCaseForCOMaker/LoginPage' .]]></system-out>
         <system-err><![CDATA[]]></system-err>
      </testcase>
      <testcase name="Test Cases/Digital_NSTP/testCaseForCOMaker/HomePage" time="25.294" classname="Test Cases/Digital_NSTP/testCaseForCOMaker/HomePage" status="PASSED">
         <system-out><![CDATA[29-06-2024T18:29:25 - [TEST_CASE][PASSED] - Test Cases/Digital_NSTP/testCaseForCOMaker/HomePage: Test Cases/Digital_NSTP/testCaseForCOMaker/HomePage

29-06-2024T18:29:25 - [TEST_STEP][PASSED] - coMaker.HomePageForibpsCOMaker.selectResistration(): coMaker.HomePageForibpsCOMaker.selectResistration is PASSED

29-06-2024T18:29:26 - [MESSAGE][PASSED] - Wait for page load successfully

29-06-2024T18:29:28 - [MESSAGE][PASSED] - Delayed 2 second(s)

29-06-2024T18:29:28 - [MESSAGE][PASSED] - Object 'Object Repository/BackOffice/COMaker/ibpsHomePage/COMaker' is clickable

29-06-2024T18:29:31 - [MESSAGE][PASSED] - Delayed 3 second(s)

29-06-2024T18:29:31 - [MESSAGE][INFO] -  ******** LOS-3588

29-06-2024T18:29:33 - [MESSAGE][PASSED] - Delayed 2 second(s)

29-06-2024T18:29:35 - [MESSAGE][PASSED] - Delayed 1 second(s)

29-06-2024T18:29:36 - [MESSAGE][PASSED] - Delayed 1 second(s)

29-06-2024T18:29:36 - [MESSAGE][PASSED] - Taking screenshot successfully
[[ATTACHMENT|D:\\newRCBCProject\\RCBCLOS_Automation\\Reports\\20240629_181257\\DigitalFlows\\NSTPDigitalLowCashout\\testSuiteForCOMakerNSTP\\20240629_181307\\Screenshots/COMaker29_06_2406_29_11/Regression29_06_24_06_29_35.jpg]]

29-06-2024T18:29:39 - [MESSAGE][PASSED] - Object: 'Object Repository/BackOffice/COMaker/ibpsHomePage/COMaker' is clicked on

29-06-2024T18:29:40 - [MESSAGE][PASSED] - Delayed 1 second(s)

29-06-2024T18:29:41 - [MESSAGE][PASSED] - Delayed 1 second(s)

29-06-2024T18:29:42 - [MESSAGE][PASSED] - Delayed 1 second(s)

29-06-2024T18:29:43 - [MESSAGE][PASSED] - Taking screenshot successfully
[[ATTACHMENT|D:\\newRCBCProject\\RCBCLOS_Automation\\Reports\\20240629_181257\\DigitalFlows\\NSTPDigitalLowCashout\\testSuiteForCOMakerNSTP\\20240629_181307\\Screenshots/COMaker29_06_2406_29_11/Regression29_06_24_06_29_41.jpg]]

29-06-2024T18:29:44 - [MESSAGE][PASSED] - Object: 'Object Repository/BackOffice/COMaker/ibpsHomePage/resistrationNo' is clicked on

29-06-2024T18:29:45 - [MESSAGE][PASSED] - Delayed 1 second(s)

29-06-2024T18:29:48 - [MESSAGE][PASSED] - Delayed 2 second(s)

29-06-2024T18:29:48 - [MESSAGE][PASSED] - coMaker.HomePageForibpsCOMaker.selectResistration is PASSED

29-06-2024T18:29:50 - [TEST_STEP][PASSED] - Video: Video recording for test case 'Test Cases/Digital_NSTP/testCaseForCOMaker/HomePage' .

29-06-2024T18:29:50 - [MESSAGE][INFO] - Video recording for test case 'Test Cases/Digital_NSTP/testCaseForCOMaker/HomePage' .]]></system-out>
         <system-err><![CDATA[]]></system-err>
      </testcase>
      <testcase name="Test Cases/Digital_NSTP/testCaseForCOMaker/ClientInformation" time="36.537" classname="Test Cases/Digital_NSTP/testCaseForCOMaker/ClientInformation" status="PASSED">
         <system-out><![CDATA[29-06-2024T18:29:51 - [TEST_CASE][PASSED] - Test Cases/Digital_NSTP/testCaseForCOMaker/ClientInformation: Test Cases/Digital_NSTP/testCaseForCOMaker/ClientInformation

29-06-2024T18:29:51 - [TEST_STEP][PASSED] - tabSection.CustomerDetail.clientInformationForCOMaker(): tabSection.CustomerDetail.clientInformationForCOMaker is PASSED

29-06-2024T18:29:52 - [MESSAGE][PASSED] - Delayed 1 second(s)

29-06-2024T18:29:52 - [MESSAGE][PASSED] - Current window's index is: 0

29-06-2024T18:29:52 - [MESSAGE][PASSED] - Switched to window with index: '1'

29-06-2024T18:29:57 - [MESSAGE][PASSED] - Attribute 'title' of object 'Object Repository/ClientInformationPreRelease/creditProgram' is: ''

29-06-2024T18:29:57 - [MESSAGE][PASSED] - Text of object 'Object Repository/Action/referenceNumber' is: 'CO : LOS-3588'

29-06-2024T18:29:57 - [MESSAGE][INFO] - CO : LOS-3588 Contains LOS-3588

29-06-2024T18:29:57 - [MESSAGE][INFO] - Ready to go....

29-06-2024T18:29:58 - [MESSAGE][PASSED] - Delayed 1 second(s)

29-06-2024T18:29:59 - [MESSAGE][PASSED] - Delayed 1 second(s)

29-06-2024T18:30:00 - [MESSAGE][PASSED] - Taking screenshot successfully
[[ATTACHMENT|D:\\newRCBCProject\\RCBCLOS_Automation\\Reports\\20240629_181257\\DigitalFlows\\NSTPDigitalLowCashout\\testSuiteForCOMakerNSTP\\20240629_181307\\Screenshots/COMaker29_06_2406_29_11/Regression29_06_24_06_29_58.jpg]]

29-06-2024T18:30:00 - [MESSAGE][PASSED] - Object 'Object Repository/ClientInformationPreRelease/clientInformationCollapse' is present

29-06-2024T18:30:01 - [MESSAGE][PASSED] - Scroll to object 'Object Repository/ClientInformationPreRelease/clientInformationCollapse' successfully

29-06-2024T18:30:02 - [MESSAGE][PASSED] - Delayed 1 second(s)

29-06-2024T18:30:03 - [MESSAGE][PASSED] - Delayed 1 second(s)

29-06-2024T18:30:03 - [MESSAGE][PASSED] - Taking screenshot successfully
[[ATTACHMENT|D:\\newRCBCProject\\RCBCLOS_Automation\\Reports\\20240629_181257\\DigitalFlows\\NSTPDigitalLowCashout\\testSuiteForCOMakerNSTP\\20240629_181307\\Screenshots/COMaker29_06_2406_29_11/Regression29_06_24_06_30_02.jpg]]

29-06-2024T18:30:04 - [MESSAGE][PASSED] - Object 'Object Repository/ClientInformationPreRelease/borrowerDetailCollapse' is present

29-06-2024T18:30:04 - [MESSAGE][PASSED] - Scroll to object 'Object Repository/ClientInformationPreRelease/borrowerDetailCollapse' successfully

29-06-2024T18:30:05 - [MESSAGE][PASSED] - Delayed 1 second(s)

29-06-2024T18:30:06 - [MESSAGE][PASSED] - Delayed 1 second(s)

29-06-2024T18:30:07 - [MESSAGE][PASSED] - Taking screenshot successfully
[[ATTACHMENT|D:\\newRCBCProject\\RCBCLOS_Automation\\Reports\\20240629_181257\\DigitalFlows\\NSTPDigitalLowCashout\\testSuiteForCOMakerNSTP\\20240629_181307\\Screenshots/COMaker29_06_2406_29_11/Regression29_06_24_06_30_05.jpg]]

29-06-2024T18:30:07 - [MESSAGE][PASSED] - Object 'Object Repository/ClientInformationPreRelease/borrowerAddressDetailsCollapse' is present

29-06-2024T18:30:08 - [MESSAGE][PASSED] - Scroll to object 'Object Repository/ClientInformationPreRelease/borrowerAddressDetailsCollapse' successfully

29-06-2024T18:30:09 - [MESSAGE][PASSED] - Delayed 1 second(s)

29-06-2024T18:30:10 - [MESSAGE][PASSED] - Delayed 1 second(s)

29-06-2024T18:30:11 - [MESSAGE][PASSED] - Taking screenshot successfully
[[ATTACHMENT|D:\\newRCBCProject\\RCBCLOS_Automation\\Reports\\20240629_181257\\DigitalFlows\\NSTPDigitalLowCashout\\testSuiteForCOMakerNSTP\\20240629_181307\\Screenshots/COMaker29_06_2406_29_11/Regression29_06_24_06_30_09.jpg]]

29-06-2024T18:30:11 - [MESSAGE][PASSED] - Object 'Object Repository/ClientInformationPreRelease/borrowerSourceOfIncomeCollapse' is present

29-06-2024T18:30:12 - [MESSAGE][PASSED] - Scroll to object 'Object Repository/ClientInformationPreRelease/borrowerSourceOfIncomeCollapse' successfully

29-06-2024T18:30:13 - [MESSAGE][PASSED] - Delayed 1 second(s)

29-06-2024T18:30:14 - [MESSAGE][PASSED] - Delayed 1 second(s)

29-06-2024T18:30:14 - [MESSAGE][PASSED] - Taking screenshot successfully
[[ATTACHMENT|D:\\newRCBCProject\\RCBCLOS_Automation\\Reports\\20240629_181257\\DigitalFlows\\NSTPDigitalLowCashout\\testSuiteForCOMakerNSTP\\20240629_181307\\Screenshots/COMaker29_06_2406_29_11/Regression29_06_24_06_30_13.jpg]]

29-06-2024T18:30:15 - [MESSAGE][PASSED] - Object 'Object Repository/ClientInformationPreRelease/coBorrowerDetailsCollapse' is present

29-06-2024T18:30:15 - [MESSAGE][PASSED] - Scroll to object 'Object Repository/ClientInformationPreRelease/coBorrowerDetailsCollapse' successfully

29-06-2024T18:30:16 - [MESSAGE][PASSED] - Delayed 1 second(s)

29-06-2024T18:30:17 - [MESSAGE][PASSED] - Delayed 1 second(s)

29-06-2024T18:30:18 - [MESSAGE][PASSED] - Taking screenshot successfully
[[ATTACHMENT|D:\\newRCBCProject\\RCBCLOS_Automation\\Reports\\20240629_181257\\DigitalFlows\\NSTPDigitalLowCashout\\testSuiteForCOMakerNSTP\\20240629_181307\\Screenshots/COMaker29_06_2406_29_11/Regression29_06_24_06_30_16.jpg]]

29-06-2024T18:30:18 - [MESSAGE][PASSED] - Object 'Object Repository/ClientInformationPreRelease/coBorrowerSourceOfIncome' is present

29-06-2024T18:30:19 - [MESSAGE][PASSED] - Scroll to object 'Object Repository/ClientInformationPreRelease/coBorrowerSourceOfIncome' successfully

29-06-2024T18:30:20 - [MESSAGE][PASSED] - Delayed 1 second(s)

29-06-2024T18:30:21 - [MESSAGE][PASSED] - Delayed 1 second(s)

29-06-2024T18:30:21 - [MESSAGE][PASSED] - Taking screenshot successfully
[[ATTACHMENT|D:\\newRCBCProject\\RCBCLOS_Automation\\Reports\\20240629_181257\\DigitalFlows\\NSTPDigitalLowCashout\\testSuiteForCOMakerNSTP\\20240629_181307\\Screenshots/COMaker29_06_2406_29_11/Regression29_06_24_06_30_20.jpg]]

29-06-2024T18:30:22 - [MESSAGE][PASSED] - Object 'Object Repository/ClientInformationPreRelease/AIFDetailsCollapse' is present

29-06-2024T18:30:22 - [MESSAGE][PASSED] - Scroll to object 'Object Repository/ClientInformationPreRelease/AIFDetailsCollapse' successfully

29-06-2024T18:30:23 - [MESSAGE][PASSED] - Delayed 1 second(s)

29-06-2024T18:30:24 - [MESSAGE][PASSED] - Delayed 1 second(s)

29-06-2024T18:30:25 - [MESSAGE][PASSED] - Taking screenshot successfully
[[ATTACHMENT|D:\\newRCBCProject\\RCBCLOS_Automation\\Reports\\20240629_181257\\DigitalFlows\\NSTPDigitalLowCashout\\testSuiteForCOMakerNSTP\\20240629_181307\\Screenshots/COMaker29_06_2406_29_11/Regression29_06_24_06_30_23.jpg]]

29-06-2024T18:30:25 - [MESSAGE][PASSED] - tabSection.CustomerDetail.clientInformationForCOMaker is PASSED

29-06-2024T18:30:27 - [TEST_STEP][PASSED] - Video: Video recording for test case 'Test Cases/Digital_NSTP/testCaseForCOMaker/ClientInformation' .

29-06-2024T18:30:27 - [MESSAGE][INFO] - Video recording for test case 'Test Cases/Digital_NSTP/testCaseForCOMaker/ClientInformation' .]]></system-out>
         <system-err><![CDATA[]]></system-err>
      </testcase>
      <testcase name="Test Cases/Digital_NSTP/testCaseForCOMaker/LoanInformation" time="30.513" classname="Test Cases/Digital_NSTP/testCaseForCOMaker/LoanInformation" status="PASSED">
         <system-out><![CDATA[29-06-2024T18:30:27 - [TEST_CASE][PASSED] - Test Cases/Digital_NSTP/testCaseForCOMaker/LoanInformation: Test Cases/Digital_NSTP/testCaseForCOMaker/LoanInformation

29-06-2024T18:30:27 - [TEST_STEP][PASSED] - tabSection.LoanInformation.loanInfoForCOMakerForNSTP(): tabSection.LoanInformation.loanInfoForCOMakerForNSTP is PASSED

29-06-2024T18:30:29 - [MESSAGE][PASSED] - Object: 'Object Repository/TabSection/LoanInformation' is clicked on

29-06-2024T18:30:30 - [MESSAGE][PASSED] - Delayed 1 second(s)

29-06-2024T18:30:30 - [MESSAGE][PASSED] - Object 'Object Repository/LoanInformationPreRelease/LoanInformation' is present

29-06-2024T18:30:31 - [MESSAGE][PASSED] - Scroll to object 'Object Repository/LoanInformationPreRelease/LoanInformation' successfully

29-06-2024T18:30:32 - [MESSAGE][PASSED] - Delayed 1 second(s)

29-06-2024T18:30:33 - [MESSAGE][PASSED] - Delayed 1 second(s)

29-06-2024T18:30:34 - [MESSAGE][PASSED] - Taking screenshot successfully
[[ATTACHMENT|D:\\newRCBCProject\\RCBCLOS_Automation\\Reports\\20240629_181257\\DigitalFlows\\NSTPDigitalLowCashout\\testSuiteForCOMakerNSTP\\20240629_181307\\Screenshots/COMaker29_06_2406_29_11/Regression29_06_24_06_30_32.jpg]]

29-06-2024T18:30:34 - [MESSAGE][PASSED] - Object 'Object Repository/LoanInformationPreRelease/LoanApproval' is present

29-06-2024T18:30:35 - [MESSAGE][PASSED] - Scroll to object 'Object Repository/LoanInformationPreRelease/LoanApproval' successfully

29-06-2024T18:30:36 - [MESSAGE][PASSED] - Delayed 1 second(s)

29-06-2024T18:30:37 - [MESSAGE][PASSED] - Delayed 1 second(s)

29-06-2024T18:30:37 - [MESSAGE][PASSED] - Taking screenshot successfully
[[ATTACHMENT|D:\\newRCBCProject\\RCBCLOS_Automation\\Reports\\20240629_181257\\DigitalFlows\\NSTPDigitalLowCashout\\testSuiteForCOMakerNSTP\\20240629_181307\\Screenshots/COMaker29_06_2406_29_11/Regression29_06_24_06_30_36.jpg]]

29-06-2024T18:30:38 - [MESSAGE][PASSED] - Object 'Object Repository/LoanInformationPreRelease/PromisaryNoteInformation' is present

29-06-2024T18:30:39 - [MESSAGE][PASSED] - Scroll to object 'Object Repository/LoanInformationPreRelease/PromisaryNoteInformation' successfully

29-06-2024T18:30:40 - [MESSAGE][PASSED] - Delayed 1 second(s)

29-06-2024T18:30:41 - [MESSAGE][PASSED] - Delayed 1 second(s)

29-06-2024T18:30:42 - [MESSAGE][PASSED] - Taking screenshot successfully
[[ATTACHMENT|D:\\newRCBCProject\\RCBCLOS_Automation\\Reports\\20240629_181257\\DigitalFlows\\NSTPDigitalLowCashout\\testSuiteForCOMakerNSTP\\20240629_181307\\Screenshots/COMaker29_06_2406_29_11/Regression29_06_24_06_30_40.jpg]]

29-06-2024T18:30:42 - [MESSAGE][PASSED] - Object 'Object Repository/LoanInformationPreRelease/RatesTab' is present

29-06-2024T18:30:43 - [MESSAGE][PASSED] - Scroll to object 'Object Repository/LoanInformationPreRelease/RatesTab' successfully

29-06-2024T18:30:44 - [MESSAGE][PASSED] - Delayed 1 second(s)

29-06-2024T18:30:45 - [MESSAGE][PASSED] - Delayed 1 second(s)

29-06-2024T18:30:45 - [MESSAGE][PASSED] - Taking screenshot successfully
[[ATTACHMENT|D:\\newRCBCProject\\RCBCLOS_Automation\\Reports\\20240629_181257\\DigitalFlows\\NSTPDigitalLowCashout\\testSuiteForCOMakerNSTP\\20240629_181307\\Screenshots/COMaker29_06_2406_29_11/Regression29_06_24_06_30_44.jpg]]

29-06-2024T18:30:46 - [MESSAGE][PASSED] - Object 'Object Repository/LoanInformationPreRelease/PromisaryNoteInformation' is present

29-06-2024T18:30:47 - [MESSAGE][PASSED] - Scroll to object 'Object Repository/LoanInformationPreRelease/PromisaryNoteInformation' successfully

29-06-2024T18:30:48 - [MESSAGE][PASSED] - Delayed 1 second(s)

29-06-2024T18:30:49 - [MESSAGE][PASSED] - Delayed 1 second(s)

29-06-2024T18:30:49 - [MESSAGE][PASSED] - Taking screenshot successfully
[[ATTACHMENT|D:\\newRCBCProject\\RCBCLOS_Automation\\Reports\\20240629_181257\\DigitalFlows\\NSTPDigitalLowCashout\\testSuiteForCOMakerNSTP\\20240629_181307\\Screenshots/COMaker29_06_2406_29_11/Regression29_06_24_06_30_48.jpg]]

29-06-2024T18:30:50 - [MESSAGE][PASSED] - Object 'Object Repository/LoanInformationPreRelease/modeOfPayment1' is present

29-06-2024T18:30:50 - [MESSAGE][PASSED] - Scroll to object 'Object Repository/LoanInformationPreRelease/modeOfPayment1' successfully

29-06-2024T18:30:51 - [MESSAGE][PASSED] - Delayed 1 second(s)

29-06-2024T18:30:52 - [MESSAGE][PASSED] - Delayed 1 second(s)

29-06-2024T18:30:53 - [MESSAGE][PASSED] - Taking screenshot successfully
[[ATTACHMENT|D:\\newRCBCProject\\RCBCLOS_Automation\\Reports\\20240629_181257\\DigitalFlows\\NSTPDigitalLowCashout\\testSuiteForCOMakerNSTP\\20240629_181307\\Screenshots/COMaker29_06_2406_29_11/Regression29_06_24_06_30_51.jpg]]

29-06-2024T18:30:54 - [MESSAGE][PASSED] - Delayed 1 second(s)

29-06-2024T18:30:55 - [MESSAGE][PASSED] - Delayed 1 second(s)

29-06-2024T18:30:55 - [MESSAGE][PASSED] - Taking screenshot successfully
[[ATTACHMENT|D:\\newRCBCProject\\RCBCLOS_Automation\\Reports\\20240629_181257\\DigitalFlows\\NSTPDigitalLowCashout\\testSuiteForCOMakerNSTP\\20240629_181307\\Screenshots/COMaker29_06_2406_29_11/Regression29_06_24_06_30_54.jpg]]

29-06-2024T18:30:55 - [MESSAGE][PASSED] - tabSection.LoanInformation.loanInfoForCOMakerForNSTP is PASSED

29-06-2024T18:30:58 - [TEST_STEP][PASSED] - Video: Video recording for test case 'Test Cases/Digital_NSTP/testCaseForCOMaker/LoanInformation' .

29-06-2024T18:30:58 - [MESSAGE][INFO] - Video recording for test case 'Test Cases/Digital_NSTP/testCaseForCOMaker/LoanInformation' .]]></system-out>
         <system-err><![CDATA[]]></system-err>
      </testcase>
      <testcase name="Test Cases/Digital_NSTP/testCaseForCOMaker/DocumentChecklist" time="70.795" classname="Test Cases/Digital_NSTP/testCaseForCOMaker/DocumentChecklist" status="PASSED">
         <system-out><![CDATA[29-06-2024T18:30:58 - [TEST_CASE][PASSED] - Test Cases/Digital_NSTP/testCaseForCOMaker/DocumentChecklist: Test Cases/Digital_NSTP/testCaseForCOMaker/DocumentChecklist

29-06-2024T18:30:58 - [TEST_STEP][PASSED] - tabSection.DocumentCheckList.documentCheckListForCOMaker(): tabSection.DocumentCheckList.documentCheckListForCOMaker is PASSED

29-06-2024T18:31:02 - [MESSAGE][PASSED] - Object: 'Object Repository/TabSection/DocumentCheclist' is clicked on

29-06-2024T18:31:03 - [MESSAGE][PASSED] - Delayed 1 second(s)

29-06-2024T18:31:04 - [MESSAGE][PASSED] - Delayed 1 second(s)

29-06-2024T18:31:05 - [MESSAGE][PASSED] - Delayed 1 second(s)

29-06-2024T18:31:05 - [MESSAGE][PASSED] - Taking screenshot successfully
[[ATTACHMENT|D:\\newRCBCProject\\RCBCLOS_Automation\\Reports\\20240629_181257\\DigitalFlows\\NSTPDigitalLowCashout\\testSuiteForCOMakerNSTP\\20240629_181307\\Screenshots/COMaker29_06_2406_29_11/Regression29_06_24_06_31_04.jpg]]

29-06-2024T18:31:06 - [MESSAGE][PASSED] - Object 'Object Repository/DocumentCheckListForPreRelease/KycDocuments/viewIdTypeDocument' is present

29-06-2024T18:31:06 - [MESSAGE][PASSED] - Current window's index is: 1

29-06-2024T18:31:07 - [MESSAGE][PASSED] - Object: 'Object Repository/DocumentCheckListForPreRelease/KycDocuments/viewIdTypeDocument' is clicked on

29-06-2024T18:31:07 - [MESSAGE][PASSED] - Switched to window with index: '2'

29-06-2024T18:31:10 - [MESSAGE][PASSED] - Delayed 3 second(s)

29-06-2024T18:31:11 - [MESSAGE][PASSED] - Delayed 1 second(s)

29-06-2024T18:31:12 - [MESSAGE][PASSED] - Delayed 1 second(s)

29-06-2024T18:31:13 - [MESSAGE][PASSED] - Taking screenshot successfully
[[ATTACHMENT|D:\\newRCBCProject\\RCBCLOS_Automation\\Reports\\20240629_181257\\DigitalFlows\\NSTPDigitalLowCashout\\testSuiteForCOMakerNSTP\\20240629_181307\\Screenshots/COMaker29_06_2406_29_11/Regression29_06_24_06_31_11.jpg]]

29-06-2024T18:31:16 - [MESSAGE][PASSED] - Delayed 3 second(s)

29-06-2024T18:31:16 - [MESSAGE][PASSED] - Window with index 2 is closed

29-06-2024T18:31:16 - [MESSAGE][PASSED] - Switched to window with index: '1'

29-06-2024T18:31:17 - [MESSAGE][PASSED] - Object 'Object Repository/DocumentCheckListForPreRelease/FinancialDocument/viewIncomeDocument' is present

29-06-2024T18:31:17 - [MESSAGE][PASSED] - Current window's index is: 1

29-06-2024T18:31:18 - [MESSAGE][PASSED] - Object: 'Object Repository/DocumentCheckListForPreRelease/FinancialDocument/viewIncomeDocument' is clicked on

29-06-2024T18:31:18 - [MESSAGE][PASSED] - Switched to window with index: '2'

29-06-2024T18:31:21 - [MESSAGE][PASSED] - Delayed 3 second(s)

29-06-2024T18:31:22 - [MESSAGE][PASSED] - Delayed 1 second(s)

29-06-2024T18:31:23 - [MESSAGE][PASSED] - Delayed 1 second(s)

29-06-2024T18:31:24 - [MESSAGE][PASSED] - Taking screenshot successfully
[[ATTACHMENT|D:\\newRCBCProject\\RCBCLOS_Automation\\Reports\\20240629_181257\\DigitalFlows\\NSTPDigitalLowCashout\\testSuiteForCOMakerNSTP\\20240629_181307\\Screenshots/COMaker29_06_2406_29_11/Regression29_06_24_06_31_22.jpg]]

29-06-2024T18:31:27 - [MESSAGE][PASSED] - Delayed 3 second(s)

29-06-2024T18:31:27 - [MESSAGE][PASSED] - Window with index 2 is closed

29-06-2024T18:31:27 - [MESSAGE][PASSED] - Switched to window with index: '1'

29-06-2024T18:31:29 - [MESSAGE][INFO] - Unable to find the element located by 'By.xpath: //table[@id="LOS_GENERATE_DOCUMENT"]/tbody/tr[1]/td[12]/a'. Please recheck the objects properties to make sure the desired element is located. 

29-06-2024T18:31:29 - [MESSAGE][WARNING] - [SELF-HEALING] Failed to find element with id 'Object Repository/DocumentCheckListForPreRelease/OutwardDocument/viewBtn1'. Try using Self-healing.

29-06-2024T18:31:30 - [MESSAGE][INFO] - [SELF-HEALING] No working XPath is found.

29-06-2024T18:31:31 - [MESSAGE][WARNING] - [SELF-HEALING] javascript error: {"status":32,"value":"Unable to locate an element with the xpath expression  because of the following error:\nSyntaxError: Failed to execute 'evaluate' on 'Document': The string '' is not a valid XPath expression."}
  (Session info: MicrosoftEdge=126.0.2592.81)
Build info: version: '3.141.59', revision: 'unknown', time: 'unknown'
System info: host: 'QKNBK2037', ip: '192.168.0.103', os.name: 'Windows 10', os.arch: 'amd64', os.version: '10.0', java.version: '17.0.7'
Driver info: com.kms.katalon.selenium.driver.CEdgeDriver
Capabilities {acceptInsecureCerts: false, browserName: MicrosoftEdge, browserVersion: 126.0.2592.81, fedcm:accounts: true, javascriptEnabled: true, ms:edgeOptions: {debuggerAddress: localhost:54961}, msedge: {msedgedriverVersion: 125.0.2535.47 (b3ce6d15dc7f..., userDataDir: C:\Users\ADARSH~1.LOH\AppDa...}, networkConnectionEnabled: false, pageLoadStrategy: normal, platform: WINDOWS, platformName: WINDOWS, proxy: Proxy(), setWindowRect: true, strictFileInteractability: false, timeouts: {implicit: 0, pageLoad: 300000, script: 30000}, unhandledPromptBehavior: dismiss and notify, webauthn:extension:credBlob: true, webauthn:extension:largeBlob: true, webauthn:extension:minPinLength: true, webauthn:extension:prf: true, webauthn:virtualAuthenticators: true}
Session ID: a9e61b262c2103d872a76e11dbcb1e08
*** Element info: {Using=xpath, value=}

29-06-2024T18:31:31 - [MESSAGE][WARNING] - [SELF-HEALING] Cannot find elements when the selector is null

29-06-2024T18:31:31 - [MESSAGE][WARNING] - Object 'Object Repository/DocumentCheckListForPreRelease/OutwardDocument/viewBtn1' is not present after 1 second(s)

29-06-2024T18:31:34 - [MESSAGE][INFO] - Unable to find the element located by 'By.xpath: //table[@id="LOS_GENERATE_DOCUMENT"]/tbody/tr[2]/td[12]/a'. Please recheck the objects properties to make sure the desired element is located. 

29-06-2024T18:31:34 - [MESSAGE][WARNING] - [SELF-HEALING] Failed to find element with id 'Object Repository/DocumentCheckListForPreRelease/OutwardDocument/viewBtn2'. Try using Self-healing.

29-06-2024T18:31:35 - [MESSAGE][INFO] - [SELF-HEALING] No working XPath is found.

29-06-2024T18:31:36 - [MESSAGE][WARNING] - [SELF-HEALING] javascript error: {"status":32,"value":"Unable to locate an element with the xpath expression  because of the following error:\nSyntaxError: Failed to execute 'evaluate' on 'Document': The string '' is not a valid XPath expression."}
  (Session info: MicrosoftEdge=126.0.2592.81)
Build info: version: '3.141.59', revision: 'unknown', time: 'unknown'
System info: host: 'QKNBK2037', ip: '192.168.0.103', os.name: 'Windows 10', os.arch: 'amd64', os.version: '10.0', java.version: '17.0.7'
Driver info: com.kms.katalon.selenium.driver.CEdgeDriver
Capabilities {acceptInsecureCerts: false, browserName: MicrosoftEdge, browserVersion: 126.0.2592.81, fedcm:accounts: true, javascriptEnabled: true, ms:edgeOptions: {debuggerAddress: localhost:54961}, msedge: {msedgedriverVersion: 125.0.2535.47 (b3ce6d15dc7f..., userDataDir: C:\Users\ADARSH~1.LOH\AppDa...}, networkConnectionEnabled: false, pageLoadStrategy: normal, platform: WINDOWS, platformName: WINDOWS, proxy: Proxy(), setWindowRect: true, strictFileInteractability: false, timeouts: {implicit: 0, pageLoad: 300000, script: 30000}, unhandledPromptBehavior: dismiss and notify, webauthn:extension:credBlob: true, webauthn:extension:largeBlob: true, webauthn:extension:minPinLength: true, webauthn:extension:prf: true, webauthn:virtualAuthenticators: true}
Session ID: a9e61b262c2103d872a76e11dbcb1e08
*** Element info: {Using=xpath, value=}

29-06-2024T18:31:36 - [MESSAGE][WARNING] - [SELF-HEALING] Cannot find elements when the selector is null

29-06-2024T18:31:36 - [MESSAGE][WARNING] - Object 'Object Repository/DocumentCheckListForPreRelease/OutwardDocument/viewBtn2' is not present after 1 second(s)

29-06-2024T18:31:39 - [MESSAGE][INFO] - Unable to find the element located by 'By.xpath: //table[@id="LOS_GENERATE_DOCUMENT"]/tbody/tr[3]/td[12]/a'. Please recheck the objects properties to make sure the desired element is located. 

29-06-2024T18:31:39 - [MESSAGE][WARNING] - [SELF-HEALING] Failed to find element with id 'Object Repository/DocumentCheckListForPreRelease/OutwardDocument/viewBtn3'. Try using Self-healing.

29-06-2024T18:31:40 - [MESSAGE][INFO] - [SELF-HEALING] No working XPath is found.

29-06-2024T18:31:41 - [MESSAGE][WARNING] - [SELF-HEALING] javascript error: {"status":32,"value":"Unable to locate an element with the xpath expression  because of the following error:\nSyntaxError: Failed to execute 'evaluate' on 'Document': The string '' is not a valid XPath expression."}
  (Session info: MicrosoftEdge=126.0.2592.81)
Build info: version: '3.141.59', revision: 'unknown', time: 'unknown'
System info: host: 'QKNBK2037', ip: '192.168.0.103', os.name: 'Windows 10', os.arch: 'amd64', os.version: '10.0', java.version: '17.0.7'
Driver info: com.kms.katalon.selenium.driver.CEdgeDriver
Capabilities {acceptInsecureCerts: false, browserName: MicrosoftEdge, browserVersion: 126.0.2592.81, fedcm:accounts: true, javascriptEnabled: true, ms:edgeOptions: {debuggerAddress: localhost:54961}, msedge: {msedgedriverVersion: 125.0.2535.47 (b3ce6d15dc7f..., userDataDir: C:\Users\ADARSH~1.LOH\AppDa...}, networkConnectionEnabled: false, pageLoadStrategy: normal, platform: WINDOWS, platformName: WINDOWS, proxy: Proxy(), setWindowRect: true, strictFileInteractability: false, timeouts: {implicit: 0, pageLoad: 300000, script: 30000}, unhandledPromptBehavior: dismiss and notify, webauthn:extension:credBlob: true, webauthn:extension:largeBlob: true, webauthn:extension:minPinLength: true, webauthn:extension:prf: true, webauthn:virtualAuthenticators: true}
Session ID: a9e61b262c2103d872a76e11dbcb1e08
*** Element info: {Using=xpath, value=}

29-06-2024T18:31:41 - [MESSAGE][WARNING] - [SELF-HEALING] Cannot find elements when the selector is null

29-06-2024T18:31:41 - [MESSAGE][WARNING] - Object 'Object Repository/DocumentCheckListForPreRelease/OutwardDocument/viewBtn3' is not present after 1 second(s)

29-06-2024T18:31:43 - [MESSAGE][INFO] - Unable to find the element located by 'By.xpath: //table[@id="LOS_GENERATE_DOCUMENT"]/tbody/tr[4]/td[12]/a'. Please recheck the objects properties to make sure the desired element is located. 

29-06-2024T18:31:43 - [MESSAGE][WARNING] - [SELF-HEALING] Failed to find element with id 'Object Repository/DocumentCheckListForPreRelease/OutwardDocument/viewBtn4'. Try using Self-healing.

29-06-2024T18:31:44 - [MESSAGE][INFO] - [SELF-HEALING] No working XPath is found.

29-06-2024T18:31:45 - [MESSAGE][WARNING] - [SELF-HEALING] javascript error: {"status":32,"value":"Unable to locate an element with the xpath expression  because of the following error:\nSyntaxError: Failed to execute 'evaluate' on 'Document': The string '' is not a valid XPath expression."}
  (Session info: MicrosoftEdge=126.0.2592.81)
Build info: version: '3.141.59', revision: 'unknown', time: 'unknown'
System info: host: 'QKNBK2037', ip: '192.168.0.103', os.name: 'Windows 10', os.arch: 'amd64', os.version: '10.0', java.version: '17.0.7'
Driver info: com.kms.katalon.selenium.driver.CEdgeDriver
Capabilities {acceptInsecureCerts: false, browserName: MicrosoftEdge, browserVersion: 126.0.2592.81, fedcm:accounts: true, javascriptEnabled: true, ms:edgeOptions: {debuggerAddress: localhost:54961}, msedge: {msedgedriverVersion: 125.0.2535.47 (b3ce6d15dc7f..., userDataDir: C:\Users\ADARSH~1.LOH\AppDa...}, networkConnectionEnabled: false, pageLoadStrategy: normal, platform: WINDOWS, platformName: WINDOWS, proxy: Proxy(), setWindowRect: true, strictFileInteractability: false, timeouts: {implicit: 0, pageLoad: 300000, script: 30000}, unhandledPromptBehavior: dismiss and notify, webauthn:extension:credBlob: true, webauthn:extension:largeBlob: true, webauthn:extension:minPinLength: true, webauthn:extension:prf: true, webauthn:virtualAuthenticators: true}
Session ID: a9e61b262c2103d872a76e11dbcb1e08
*** Element info: {Using=xpath, value=}

29-06-2024T18:31:45 - [MESSAGE][WARNING] - [SELF-HEALING] Cannot find elements when the selector is null

29-06-2024T18:31:45 - [MESSAGE][WARNING] - Object 'Object Repository/DocumentCheckListForPreRelease/OutwardDocument/viewBtn4' is not present after 1 second(s)

29-06-2024T18:31:48 - [MESSAGE][INFO] - Unable to find the element located by 'By.xpath: //table[@id="LOS_GENERATE_DOCUMENT"]/tbody/tr[5]/td[12]/a'. Please recheck the objects properties to make sure the desired element is located. 

29-06-2024T18:31:48 - [MESSAGE][WARNING] - [SELF-HEALING] Failed to find element with id 'Object Repository/DocumentCheckListForPreRelease/OutwardDocument/viewBtn5'. Try using Self-healing.

29-06-2024T18:31:49 - [MESSAGE][INFO] - [SELF-HEALING] No working XPath is found.

29-06-2024T18:31:50 - [MESSAGE][WARNING] - [SELF-HEALING] javascript error: {"status":32,"value":"Unable to locate an element with the xpath expression  because of the following error:\nSyntaxError: Failed to execute 'evaluate' on 'Document': The string '' is not a valid XPath expression."}
  (Session info: MicrosoftEdge=126.0.2592.81)
Build info: version: '3.141.59', revision: 'unknown', time: 'unknown'
System info: host: 'QKNBK2037', ip: '192.168.0.103', os.name: 'Windows 10', os.arch: 'amd64', os.version: '10.0', java.version: '17.0.7'
Driver info: com.kms.katalon.selenium.driver.CEdgeDriver
Capabilities {acceptInsecureCerts: false, browserName: MicrosoftEdge, browserVersion: 126.0.2592.81, fedcm:accounts: true, javascriptEnabled: true, ms:edgeOptions: {debuggerAddress: localhost:54961}, msedge: {msedgedriverVersion: 125.0.2535.47 (b3ce6d15dc7f..., userDataDir: C:\Users\ADARSH~1.LOH\AppDa...}, networkConnectionEnabled: false, pageLoadStrategy: normal, platform: WINDOWS, platformName: WINDOWS, proxy: Proxy(), setWindowRect: true, strictFileInteractability: false, timeouts: {implicit: 0, pageLoad: 300000, script: 30000}, unhandledPromptBehavior: dismiss and notify, webauthn:extension:credBlob: true, webauthn:extension:largeBlob: true, webauthn:extension:minPinLength: true, webauthn:extension:prf: true, webauthn:virtualAuthenticators: true}
Session ID: a9e61b262c2103d872a76e11dbcb1e08
*** Element info: {Using=xpath, value=}

29-06-2024T18:31:50 - [MESSAGE][WARNING] - [SELF-HEALING] Cannot find elements when the selector is null

29-06-2024T18:31:50 - [MESSAGE][WARNING] - Object 'Object Repository/DocumentCheckListForPreRelease/OutwardDocument/viewBtn5' is not present after 1 second(s)

29-06-2024T18:31:52 - [MESSAGE][INFO] - Unable to find the element located by 'By.xpath: //table[@id="LOS_GENERATE_DOCUMENT"]/tbody/tr[6]/td[12]/a'. Please recheck the objects properties to make sure the desired element is located. 

29-06-2024T18:31:52 - [MESSAGE][WARNING] - [SELF-HEALING] Failed to find element with id 'Object Repository/DocumentCheckListForPreRelease/OutwardDocument/viewBtn6'. Try using Self-healing.

29-06-2024T18:31:53 - [MESSAGE][INFO] - [SELF-HEALING] No working XPath is found.

29-06-2024T18:31:54 - [MESSAGE][WARNING] - [SELF-HEALING] javascript error: {"status":32,"value":"Unable to locate an element with the xpath expression  because of the following error:\nSyntaxError: Failed to execute 'evaluate' on 'Document': The string '' is not a valid XPath expression."}
  (Session info: MicrosoftEdge=126.0.2592.81)
Build info: version: '3.141.59', revision: 'unknown', time: 'unknown'
System info: host: 'QKNBK2037', ip: '192.168.0.103', os.name: 'Windows 10', os.arch: 'amd64', os.version: '10.0', java.version: '17.0.7'
Driver info: com.kms.katalon.selenium.driver.CEdgeDriver
Capabilities {acceptInsecureCerts: false, browserName: MicrosoftEdge, browserVersion: 126.0.2592.81, fedcm:accounts: true, javascriptEnabled: true, ms:edgeOptions: {debuggerAddress: localhost:54961}, msedge: {msedgedriverVersion: 125.0.2535.47 (b3ce6d15dc7f..., userDataDir: C:\Users\ADARSH~1.LOH\AppDa...}, networkConnectionEnabled: false, pageLoadStrategy: normal, platform: WINDOWS, platformName: WINDOWS, proxy: Proxy(), setWindowRect: true, strictFileInteractability: false, timeouts: {implicit: 0, pageLoad: 300000, script: 30000}, unhandledPromptBehavior: dismiss and notify, webauthn:extension:credBlob: true, webauthn:extension:largeBlob: true, webauthn:extension:minPinLength: true, webauthn:extension:prf: true, webauthn:virtualAuthenticators: true}
Session ID: a9e61b262c2103d872a76e11dbcb1e08
*** Element info: {Using=xpath, value=}

29-06-2024T18:31:54 - [MESSAGE][WARNING] - [SELF-HEALING] Cannot find elements when the selector is null

29-06-2024T18:31:54 - [MESSAGE][WARNING] - Object 'Object Repository/DocumentCheckListForPreRelease/OutwardDocument/viewBtn6' is not present after 1 second(s)

29-06-2024T18:31:57 - [MESSAGE][INFO] - Unable to find the element located by 'By.xpath: //table[@id="LOS_GENERATE_DOCUMENT"]/tbody/tr[7]/td[12]/a'. Please recheck the objects properties to make sure the desired element is located. 

29-06-2024T18:31:57 - [MESSAGE][WARNING] - [SELF-HEALING] Failed to find element with id 'Object Repository/DocumentCheckListForPreRelease/OutwardDocument/viewBtn7'. Try using Self-healing.

29-06-2024T18:31:58 - [MESSAGE][INFO] - [SELF-HEALING] No working XPath is found.

29-06-2024T18:31:59 - [MESSAGE][WARNING] - [SELF-HEALING] javascript error: {"status":32,"value":"Unable to locate an element with the xpath expression  because of the following error:\nSyntaxError: Failed to execute 'evaluate' on 'Document': The string '' is not a valid XPath expression."}
  (Session info: MicrosoftEdge=126.0.2592.81)
Build info: version: '3.141.59', revision: 'unknown', time: 'unknown'
System info: host: 'QKNBK2037', ip: '192.168.0.103', os.name: 'Windows 10', os.arch: 'amd64', os.version: '10.0', java.version: '17.0.7'
Driver info: com.kms.katalon.selenium.driver.CEdgeDriver
Capabilities {acceptInsecureCerts: false, browserName: MicrosoftEdge, browserVersion: 126.0.2592.81, fedcm:accounts: true, javascriptEnabled: true, ms:edgeOptions: {debuggerAddress: localhost:54961}, msedge: {msedgedriverVersion: 125.0.2535.47 (b3ce6d15dc7f..., userDataDir: C:\Users\ADARSH~1.LOH\AppDa...}, networkConnectionEnabled: false, pageLoadStrategy: normal, platform: WINDOWS, platformName: WINDOWS, proxy: Proxy(), setWindowRect: true, strictFileInteractability: false, timeouts: {implicit: 0, pageLoad: 300000, script: 30000}, unhandledPromptBehavior: dismiss and notify, webauthn:extension:credBlob: true, webauthn:extension:largeBlob: true, webauthn:extension:minPinLength: true, webauthn:extension:prf: true, webauthn:virtualAuthenticators: true}
Session ID: a9e61b262c2103d872a76e11dbcb1e08
*** Element info: {Using=xpath, value=}

29-06-2024T18:31:59 - [MESSAGE][WARNING] - [SELF-HEALING] Cannot find elements when the selector is null

29-06-2024T18:31:59 - [MESSAGE][WARNING] - Web element with id: 'Object Repository/DocumentCheckListForPreRelease/OutwardDocument/viewBtn7' located by '//table[@id="LOS_GENERATE_DOCUMENT"]/tbody/tr[7]/td[12]/a' not found

29-06-2024T18:32:00 - [MESSAGE][PASSED] - Object 'Object Repository/DocumentCheckListForPreRelease/kycDocument' is present

29-06-2024T18:32:00 - [MESSAGE][PASSED] - Scroll to object 'Object Repository/DocumentCheckListForPreRelease/kycDocument' successfully

29-06-2024T18:32:01 - [MESSAGE][PASSED] - Delayed 1 second(s)

29-06-2024T18:32:02 - [MESSAGE][PASSED] - Delayed 1 second(s)

29-06-2024T18:32:03 - [MESSAGE][PASSED] - Taking screenshot successfully
[[ATTACHMENT|D:\\newRCBCProject\\RCBCLOS_Automation\\Reports\\20240629_181257\\DigitalFlows\\NSTPDigitalLowCashout\\testSuiteForCOMakerNSTP\\20240629_181307\\Screenshots/COMaker29_06_2406_29_11/Regression29_06_24_06_32_01.jpg]]

29-06-2024T18:32:03 - [MESSAGE][PASSED] - Object 'Object Repository/DocumentCheckListForPreRelease/prereleaseDocument' is present

29-06-2024T18:32:04 - [MESSAGE][PASSED] - Scroll to object 'Object Repository/DocumentCheckListForPreRelease/prereleaseDocument' successfully

29-06-2024T18:32:05 - [MESSAGE][PASSED] - Delayed 1 second(s)

29-06-2024T18:32:06 - [MESSAGE][PASSED] - Delayed 1 second(s)

29-06-2024T18:32:06 - [MESSAGE][PASSED] - Taking screenshot successfully
[[ATTACHMENT|D:\\newRCBCProject\\RCBCLOS_Automation\\Reports\\20240629_181257\\DigitalFlows\\NSTPDigitalLowCashout\\testSuiteForCOMakerNSTP\\20240629_181307\\Screenshots/COMaker29_06_2406_29_11/Regression29_06_24_06_32_05.jpg]]

29-06-2024T18:32:06 - [MESSAGE][PASSED] - tabSection.DocumentCheckList.documentCheckListForCOMaker is PASSED

29-06-2024T18:32:08 - [TEST_STEP][PASSED] - Video: Video recording for test case 'Test Cases/Digital_NSTP/testCaseForCOMaker/DocumentChecklist' .

29-06-2024T18:32:08 - [MESSAGE][INFO] - Video recording for test case 'Test Cases/Digital_NSTP/testCaseForCOMaker/DocumentChecklist' .]]></system-out>
         <system-err><![CDATA[]]></system-err>
      </testcase>
      <testcase name="Test Cases/Digital_NSTP/testCaseForCOMaker/CollateralInformation" time="6.707" classname="Test Cases/Digital_NSTP/testCaseForCOMaker/CollateralInformation" status="PASSED">
         <system-out><![CDATA[29-06-2024T18:32:08 - [TEST_CASE][PASSED] - Test Cases/Digital_NSTP/testCaseForCOMaker/CollateralInformation: Test Cases/Digital_NSTP/testCaseForCOMaker/CollateralInformation

29-06-2024T18:32:09 - [TEST_STEP][PASSED] - tabSection.CollateralInformation.collateralInformationForCOMAker(): tabSection.CollateralInformation.collateralInformationForCOMAker is PASSED

29-06-2024T18:32:09 - [MESSAGE][PASSED] - Object: 'Object Repository/TabSection/CollateralInformation' is clicked on

29-06-2024T18:32:11 - [MESSAGE][PASSED] - Delayed 1 second(s)

29-06-2024T18:32:12 - [MESSAGE][PASSED] - Delayed 1 second(s)

29-06-2024T18:32:13 - [MESSAGE][PASSED] - Delayed 1 second(s)

29-06-2024T18:32:13 - [MESSAGE][PASSED] - Taking screenshot successfully
[[ATTACHMENT|D:\\newRCBCProject\\RCBCLOS_Automation\\Reports\\20240629_181257\\DigitalFlows\\NSTPDigitalLowCashout\\testSuiteForCOMakerNSTP\\20240629_181307\\Screenshots/COMaker29_06_2406_29_11/Regression29_06_24_06_32_12.jpg]]

29-06-2024T18:32:13 - [MESSAGE][PASSED] - tabSection.CollateralInformation.collateralInformationForCOMAker is PASSED

29-06-2024T18:32:15 - [TEST_STEP][PASSED] - Video: Video recording for test case 'Test Cases/Digital_NSTP/testCaseForCOMaker/CollateralInformation' .

29-06-2024T18:32:15 - [MESSAGE][INFO] - Video recording for test case 'Test Cases/Digital_NSTP/testCaseForCOMaker/CollateralInformation' .]]></system-out>
         <system-err><![CDATA[]]></system-err>
      </testcase>
      <testcase name="Test Cases/Digital_NSTP/testCaseForCOMaker/CheckEligibility" time="17.353" classname="Test Cases/Digital_NSTP/testCaseForCOMaker/CheckEligibility" status="PASSED">
         <system-out><![CDATA[29-06-2024T18:32:15 - [TEST_CASE][PASSED] - Test Cases/Digital_NSTP/testCaseForCOMaker/CheckEligibility: Test Cases/Digital_NSTP/testCaseForCOMaker/CheckEligibility

29-06-2024T18:32:15 - [TEST_STEP][PASSED] - tabSection.CheckEligibility.checkEligibilityForCOMaker(): tabSection.CheckEligibility.checkEligibilityForCOMaker is PASSED

29-06-2024T18:32:16 - [MESSAGE][PASSED] - Object: 'Object Repository/TabSection/checkEligibility' is clicked on

29-06-2024T18:32:17 - [MESSAGE][PASSED] - Delayed 1 second(s)

29-06-2024T18:32:18 - [MESSAGE][PASSED] - Delayed 1 second(s)

29-06-2024T18:32:19 - [MESSAGE][PASSED] - Delayed 1 second(s)

29-06-2024T18:32:20 - [MESSAGE][PASSED] - Taking screenshot successfully
[[ATTACHMENT|D:\\newRCBCProject\\RCBCLOS_Automation\\Reports\\20240629_181257\\DigitalFlows\\NSTPDigitalLowCashout\\testSuiteForCOMakerNSTP\\20240629_181307\\Screenshots/COMaker29_06_2406_29_11/Regression29_06_24_06_32_18.jpg]]

29-06-2024T18:32:20 - [MESSAGE][PASSED] - Object 'Object Repository/BackOffice/CheckEligibility/creditChecking' is present

29-06-2024T18:32:21 - [MESSAGE][PASSED] - Scroll to object 'Object Repository/BackOffice/CheckEligibility/creditChecking' successfully

29-06-2024T18:32:22 - [MESSAGE][PASSED] - Delayed 1 second(s)

29-06-2024T18:32:23 - [MESSAGE][PASSED] - Delayed 1 second(s)

29-06-2024T18:32:23 - [MESSAGE][PASSED] - Taking screenshot successfully
[[ATTACHMENT|D:\\newRCBCProject\\RCBCLOS_Automation\\Reports\\20240629_181257\\DigitalFlows\\NSTPDigitalLowCashout\\testSuiteForCOMakerNSTP\\20240629_181307\\Screenshots/COMaker29_06_2406_29_11/Regression29_06_24_06_32_22.jpg]]

29-06-2024T18:32:24 - [MESSAGE][PASSED] - Object 'Object Repository/BackOffice/CheckEligibility/NTBOrETBCheck' is present

29-06-2024T18:32:24 - [MESSAGE][PASSED] - Scroll to object 'Object Repository/BackOffice/CheckEligibility/NTBOrETBCheck' successfully

29-06-2024T18:32:25 - [MESSAGE][PASSED] - Delayed 1 second(s)

29-06-2024T18:32:26 - [MESSAGE][PASSED] - Delayed 1 second(s)

29-06-2024T18:32:27 - [MESSAGE][PASSED] - Taking screenshot successfully
[[ATTACHMENT|D:\\newRCBCProject\\RCBCLOS_Automation\\Reports\\20240629_181257\\DigitalFlows\\NSTPDigitalLowCashout\\testSuiteForCOMakerNSTP\\20240629_181307\\Screenshots/COMaker29_06_2406_29_11/Regression29_06_24_06_32_25.jpg]]

29-06-2024T18:32:27 - [MESSAGE][PASSED] - Object 'Object Repository/BackOffice/CheckEligibility/AMLRiskRating' is present

29-06-2024T18:32:28 - [MESSAGE][PASSED] - Scroll to object 'Object Repository/BackOffice/CheckEligibility/AMLRiskRating' successfully

29-06-2024T18:32:29 - [MESSAGE][PASSED] - Delayed 1 second(s)

29-06-2024T18:32:30 - [MESSAGE][PASSED] - Delayed 1 second(s)

29-06-2024T18:32:30 - [MESSAGE][PASSED] - Taking screenshot successfully
[[ATTACHMENT|D:\\newRCBCProject\\RCBCLOS_Automation\\Reports\\20240629_181257\\DigitalFlows\\NSTPDigitalLowCashout\\testSuiteForCOMakerNSTP\\20240629_181307\\Screenshots/COMaker29_06_2406_29_11/Regression29_06_24_06_32_29.jpg]]

29-06-2024T18:32:30 - [MESSAGE][PASSED] - tabSection.CheckEligibility.checkEligibilityForCOMaker is PASSED

29-06-2024T18:32:32 - [TEST_STEP][PASSED] - Video: Video recording for test case 'Test Cases/Digital_NSTP/testCaseForCOMaker/CheckEligibility' .

29-06-2024T18:32:32 - [MESSAGE][INFO] - Video recording for test case 'Test Cases/Digital_NSTP/testCaseForCOMaker/CheckEligibility' .]]></system-out>
         <system-err><![CDATA[]]></system-err>
      </testcase>
      <testcase name="Test Cases/Digital_NSTP/testCaseForCOMaker/CreditEvaluation" time="28.378" classname="Test Cases/Digital_NSTP/testCaseForCOMaker/CreditEvaluation" status="PASSED">
         <system-out><![CDATA[29-06-2024T18:32:32 - [TEST_CASE][PASSED] - Test Cases/Digital_NSTP/testCaseForCOMaker/CreditEvaluation: Test Cases/Digital_NSTP/testCaseForCOMaker/CreditEvaluation

29-06-2024T18:32:33 - [TEST_STEP][PASSED] - tabSection.CreditEvaluation.creditEvaluationForCOMakerNSTP(): tabSection.CreditEvaluation.creditEvaluationForCOMakerNSTP is PASSED

29-06-2024T18:32:34 - [MESSAGE][PASSED] - Object: 'Object Repository/TabSection/creditEvaluation' is clicked on

29-06-2024T18:32:35 - [MESSAGE][PASSED] - Text '30000' is set on object 'Object Repository/BackOffice/COMaker/CreditEvaluation/varifiedMonthlyIncomeBorrower'

29-06-2024T18:32:37 - [MESSAGE][PASSED] - Text '25000' is set on object 'Object Repository/BackOffice/COMaker/CreditEvaluation/varifiedMonthlyIncomeCoBorrower'

29-06-2024T18:32:39 - [MESSAGE][PASSED] - All options with index in [1] are selected on object 'Object Repository/BackOffice/COMaker/CreditEvaluation/basisOfVarification'

29-06-2024T18:32:40 - [MESSAGE][PASSED] - Delayed 1 second(s)

29-06-2024T18:32:41 - [MESSAGE][PASSED] - Delayed 1 second(s)

29-06-2024T18:32:42 - [MESSAGE][PASSED] - Delayed 1 second(s)

29-06-2024T18:32:43 - [MESSAGE][PASSED] - Taking screenshot successfully
[[ATTACHMENT|D:\\newRCBCProject\\RCBCLOS_Automation\\Reports\\20240629_181257\\DigitalFlows\\NSTPDigitalLowCashout\\testSuiteForCOMakerNSTP\\20240629_181307\\Screenshots/COMaker29_06_2406_29_11/Regression29_06_24_06_32_41.jpg]]

29-06-2024T18:32:44 - [MESSAGE][PASSED] - All options with index in [1] are selected on object 'Object Repository/BackOffice/COMaker/CreditEvaluation/Recommandation'

29-06-2024T18:32:45 - [MESSAGE][PASSED] - All options with index in [1] are selected on object 'Object Repository/BackOffice/COMaker/CreditEvaluation/Approver'

29-06-2024T18:32:46 - [MESSAGE][PASSED] - Delayed 1 second(s)

29-06-2024T18:32:47 - [MESSAGE][PASSED] - Delayed 1 second(s)

29-06-2024T18:32:48 - [MESSAGE][PASSED] - Delayed 1 second(s)

29-06-2024T18:32:49 - [MESSAGE][PASSED] - Taking screenshot successfully
[[ATTACHMENT|D:\\newRCBCProject\\RCBCLOS_Automation\\Reports\\20240629_181257\\DigitalFlows\\NSTPDigitalLowCashout\\testSuiteForCOMakerNSTP\\20240629_181307\\Screenshots/COMaker29_06_2406_29_11/Regression29_06_24_06_32_47.jpg]]

29-06-2024T18:32:50 - [MESSAGE][PASSED] - Object 'Object Repository/BackOffice/CreditEvaluation/otherCreditCheckings' is present

29-06-2024T18:32:50 - [MESSAGE][PASSED] - Scroll to object 'Object Repository/BackOffice/CreditEvaluation/otherCreditCheckings' successfully

29-06-2024T18:32:52 - [MESSAGE][PASSED] - Delayed 1 second(s)

29-06-2024T18:32:53 - [MESSAGE][PASSED] - Delayed 1 second(s)

29-06-2024T18:32:53 - [MESSAGE][PASSED] - Taking screenshot successfully
[[ATTACHMENT|D:\\newRCBCProject\\RCBCLOS_Automation\\Reports\\20240629_181257\\DigitalFlows\\NSTPDigitalLowCashout\\testSuiteForCOMakerNSTP\\20240629_181307\\Screenshots/COMaker29_06_2406_29_11/Regression29_06_24_06_32_52.jpg]]

29-06-2024T18:32:54 - [MESSAGE][PASSED] - Object 'Object Repository/BackOffice/CreditEvaluation/NTBBankCheck' is present

29-06-2024T18:32:54 - [MESSAGE][PASSED] - Scroll to object 'Object Repository/BackOffice/CreditEvaluation/NTBBankCheck' successfully

29-06-2024T18:32:55 - [MESSAGE][PASSED] - Delayed 1 second(s)

29-06-2024T18:32:56 - [MESSAGE][PASSED] - Delayed 1 second(s)

29-06-2024T18:32:57 - [MESSAGE][PASSED] - Taking screenshot successfully
[[ATTACHMENT|D:\\newRCBCProject\\RCBCLOS_Automation\\Reports\\20240629_181257\\DigitalFlows\\NSTPDigitalLowCashout\\testSuiteForCOMakerNSTP\\20240629_181307\\Screenshots/COMaker29_06_2406_29_11/Regression29_06_24_06_32_55.jpg]]

29-06-2024T18:32:58 - [MESSAGE][PASSED] - Delayed 1 second(s)

29-06-2024T18:32:59 - [MESSAGE][PASSED] - Object: 'Object Repository/TabSection/nextArrowButton' is clicked on

29-06-2024T18:32:59 - [MESSAGE][PASSED] - tabSection.CreditEvaluation.creditEvaluationForCOMakerNSTP is PASSED

29-06-2024T18:33:01 - [TEST_STEP][PASSED] - Video: Video recording for test case 'Test Cases/Digital_NSTP/testCaseForCOMaker/CreditEvaluation' .

29-06-2024T18:33:01 - [MESSAGE][INFO] - Video recording for test case 'Test Cases/Digital_NSTP/testCaseForCOMaker/CreditEvaluation' .]]></system-out>
         <system-err><![CDATA[]]></system-err>
      </testcase>
      <testcase name="Test Cases/Digital_NSTP/testCaseForCOMaker/Deviation" time="6.709" classname="Test Cases/Digital_NSTP/testCaseForCOMaker/Deviation" status="PASSED">
         <system-out><![CDATA[29-06-2024T18:33:01 - [TEST_CASE][PASSED] - Test Cases/Digital_NSTP/testCaseForCOMaker/Deviation: Test Cases/Digital_NSTP/testCaseForCOMaker/Deviation

29-06-2024T18:33:01 - [TEST_STEP][PASSED] - tabSection.Deviation.deviationForCOMaker(): tabSection.Deviation.deviationForCOMaker is PASSED

29-06-2024T18:33:02 - [MESSAGE][PASSED] - Object: 'Object Repository/TabSection/Devlations' is clicked on

29-06-2024T18:33:03 - [MESSAGE][PASSED] - Delayed 1 second(s)

29-06-2024T18:33:04 - [MESSAGE][PASSED] - Delayed 1 second(s)

29-06-2024T18:33:05 - [MESSAGE][PASSED] - Delayed 1 second(s)

29-06-2024T18:33:06 - [MESSAGE][PASSED] - Taking screenshot successfully
[[ATTACHMENT|D:\\newRCBCProject\\RCBCLOS_Automation\\Reports\\20240629_181257\\DigitalFlows\\NSTPDigitalLowCashout\\testSuiteForCOMakerNSTP\\20240629_181307\\Screenshots/COMaker29_06_2406_29_11/Regression29_06_24_06_33_04.jpg]]

29-06-2024T18:33:06 - [MESSAGE][PASSED] - tabSection.Deviation.deviationForCOMaker is PASSED

29-06-2024T18:33:08 - [TEST_STEP][PASSED] - Video: Video recording for test case 'Test Cases/Digital_NSTP/testCaseForCOMaker/Deviation' .

29-06-2024T18:33:08 - [MESSAGE][INFO] - Video recording for test case 'Test Cases/Digital_NSTP/testCaseForCOMaker/Deviation' .]]></system-out>
         <system-err><![CDATA[]]></system-err>
      </testcase>
      <testcase name="Test Cases/Digital_NSTP/testCaseForCOMaker/CreditInvestigation" time="8.981" classname="Test Cases/Digital_NSTP/testCaseForCOMaker/CreditInvestigation" status="PASSED">
         <system-out><![CDATA[29-06-2024T18:33:08 - [TEST_CASE][PASSED] - Test Cases/Digital_NSTP/testCaseForCOMaker/CreditInvestigation: Test Cases/Digital_NSTP/testCaseForCOMaker/CreditInvestigation

29-06-2024T18:33:08 - [TEST_STEP][PASSED] - tabSection.CreditInvestigation.creditInvestigationCOMaker(): tabSection.CreditInvestigation.creditInvestigationCOMaker is PASSED

29-06-2024T18:33:09 - [MESSAGE][PASSED] - Object: 'Object Repository/TabSection/creditInvestigation' is clicked on

29-06-2024T18:33:10 - [MESSAGE][PASSED] - Delayed 1 second(s)

29-06-2024T18:33:11 - [MESSAGE][PASSED] - Delayed 1 second(s)

29-06-2024T18:33:12 - [MESSAGE][PASSED] - Delayed 1 second(s)

29-06-2024T18:33:13 - [MESSAGE][PASSED] - Taking screenshot successfully
[[ATTACHMENT|D:\\newRCBCProject\\RCBCLOS_Automation\\Reports\\20240629_181257\\DigitalFlows\\NSTPDigitalLowCashout\\testSuiteForCOMakerNSTP\\20240629_181307\\Screenshots/COMaker29_06_2406_29_11/Regression29_06_24_06_33_11.jpg]]

29-06-2024T18:33:13 - [MESSAGE][PASSED] - Object: 'Object Repository/TabSection/nextArrowButton' is clicked on

29-06-2024T18:33:15 - [MESSAGE][PASSED] - Delayed 1 second(s)

29-06-2024T18:33:15 - [MESSAGE][PASSED] - tabSection.CreditInvestigation.creditInvestigationCOMaker is PASSED

29-06-2024T18:33:17 - [TEST_STEP][PASSED] - Video: Video recording for test case 'Test Cases/Digital_NSTP/testCaseForCOMaker/CreditInvestigation' .

29-06-2024T18:33:17 - [MESSAGE][INFO] - Video recording for test case 'Test Cases/Digital_NSTP/testCaseForCOMaker/CreditInvestigation' .]]></system-out>
         <system-err><![CDATA[]]></system-err>
      </testcase>
      <testcase name="Test Cases/Digital_NSTP/testCaseForCOMaker/DisbursementInformation" time="7.724" classname="Test Cases/Digital_NSTP/testCaseForCOMaker/DisbursementInformation" status="PASSED">
         <system-out><![CDATA[29-06-2024T18:33:17 - [TEST_CASE][PASSED] - Test Cases/Digital_NSTP/testCaseForCOMaker/DisbursementInformation: Test Cases/Digital_NSTP/testCaseForCOMaker/DisbursementInformation

29-06-2024T18:33:17 - [TEST_STEP][PASSED] - tabSection.DisbursementInfo.disbursementInformationForCOMaker(): tabSection.DisbursementInfo.disbursementInformationForCOMaker is PASSED

29-06-2024T18:33:18 - [MESSAGE][PASSED] - Object: 'Object Repository/TabSection/DisbursementInformation' is clicked on

29-06-2024T18:33:19 - [MESSAGE][PASSED] - Delayed 1 second(s)

29-06-2024T18:33:20 - [MESSAGE][PASSED] - Delayed 1 second(s)

29-06-2024T18:33:21 - [MESSAGE][PASSED] - Delayed 1 second(s)

29-06-2024T18:33:21 - [MESSAGE][PASSED] - Taking screenshot successfully
[[ATTACHMENT|D:\\newRCBCProject\\RCBCLOS_Automation\\Reports\\20240629_181257\\DigitalFlows\\NSTPDigitalLowCashout\\testSuiteForCOMakerNSTP\\20240629_181307\\Screenshots/COMaker29_06_2406_29_11/Regression29_06_24_06_33_20.jpg]]

29-06-2024T18:33:22 - [MESSAGE][PASSED] - Object: 'Object Repository/TabSection/nextArrowButton' is clicked on

29-06-2024T18:33:22 - [MESSAGE][PASSED] - tabSection.DisbursementInfo.disbursementInformationForCOMaker is PASSED

29-06-2024T18:33:24 - [TEST_STEP][PASSED] - Video: Video recording for test case 'Test Cases/Digital_NSTP/testCaseForCOMaker/DisbursementInformation' .

29-06-2024T18:33:24 - [MESSAGE][INFO] - Video recording for test case 'Test Cases/Digital_NSTP/testCaseForCOMaker/DisbursementInformation' .]]></system-out>
         <system-err><![CDATA[]]></system-err>
      </testcase>
      <testcase name="Test Cases/Digital_NSTP/testCaseForCOMaker/SystemIntefaceStatus" time="7.573" classname="Test Cases/Digital_NSTP/testCaseForCOMaker/SystemIntefaceStatus" status="PASSED">
         <system-out><![CDATA[29-06-2024T18:33:24 - [TEST_CASE][PASSED] - Test Cases/Digital_NSTP/testCaseForCOMaker/SystemIntefaceStatus: Test Cases/Digital_NSTP/testCaseForCOMaker/SystemIntefaceStatus

29-06-2024T18:33:24 - [TEST_STEP][PASSED] - tabSection.SystemInterfaceStatus.systemInterfaceStatusForCOMaker(): tabSection.SystemInterfaceStatus.systemInterfaceStatusForCOMaker is PASSED

29-06-2024T18:33:25 - [MESSAGE][PASSED] - Object: 'Object Repository/TabSection/SystemInterfaceStatus' is clicked on

29-06-2024T18:33:27 - [MESSAGE][PASSED] - Delayed 1 second(s)

29-06-2024T18:33:28 - [MESSAGE][PASSED] - Delayed 1 second(s)

29-06-2024T18:33:29 - [MESSAGE][PASSED] - Delayed 1 second(s)

29-06-2024T18:33:29 - [MESSAGE][PASSED] - Taking screenshot successfully
[[ATTACHMENT|D:\\newRCBCProject\\RCBCLOS_Automation\\Reports\\20240629_181257\\DigitalFlows\\NSTPDigitalLowCashout\\testSuiteForCOMakerNSTP\\20240629_181307\\Screenshots/COMaker29_06_2406_29_11/Regression29_06_24_06_33_28.jpg]]

29-06-2024T18:33:30 - [MESSAGE][PASSED] - Object: 'Object Repository/TabSection/nextArrowButton' is clicked on

29-06-2024T18:33:30 - [MESSAGE][PASSED] - tabSection.SystemInterfaceStatus.systemInterfaceStatusForCOMaker is PASSED

29-06-2024T18:33:32 - [TEST_STEP][PASSED] - Video: Video recording for test case 'Test Cases/Digital_NSTP/testCaseForCOMaker/SystemIntefaceStatus' .

29-06-2024T18:33:32 - [MESSAGE][INFO] - Video recording for test case 'Test Cases/Digital_NSTP/testCaseForCOMaker/SystemIntefaceStatus' .]]></system-out>
         <system-err><![CDATA[]]></system-err>
      </testcase>
      <testcase name="Test Cases/Digital_NSTP/testCaseForCOMaker/AlertSummary" time="7.311" classname="Test Cases/Digital_NSTP/testCaseForCOMaker/AlertSummary" status="PASSED">
         <system-out><![CDATA[29-06-2024T18:33:32 - [TEST_CASE][PASSED] - Test Cases/Digital_NSTP/testCaseForCOMaker/AlertSummary: Test Cases/Digital_NSTP/testCaseForCOMaker/AlertSummary

29-06-2024T18:33:32 - [TEST_STEP][PASSED] - tabSection.AlertsSummary.alertsSummaryForCOMaker(): tabSection.AlertsSummary.alertsSummaryForCOMaker is PASSED

29-06-2024T18:33:33 - [MESSAGE][PASSED] - Object: 'Object Repository/TabSection/AlertSummary' is clicked on

29-06-2024T18:33:34 - [MESSAGE][PASSED] - Delayed 1 second(s)

29-06-2024T18:33:35 - [MESSAGE][PASSED] - Delayed 1 second(s)

29-06-2024T18:33:36 - [MESSAGE][PASSED] - Delayed 1 second(s)

29-06-2024T18:33:36 - [MESSAGE][PASSED] - Taking screenshot successfully
[[ATTACHMENT|D:\\newRCBCProject\\RCBCLOS_Automation\\Reports\\20240629_181257\\DigitalFlows\\NSTPDigitalLowCashout\\testSuiteForCOMakerNSTP\\20240629_181307\\Screenshots/COMaker29_06_2406_29_11/Regression29_06_24_06_33_35.jpg]]

29-06-2024T18:33:37 - [MESSAGE][PASSED] - Object: 'Object Repository/TabSection/nextArrowButton' is clicked on

29-06-2024T18:33:37 - [MESSAGE][PASSED] - tabSection.AlertsSummary.alertsSummaryForCOMaker is PASSED

29-06-2024T18:33:39 - [TEST_STEP][PASSED] - Video: Video recording for test case 'Test Cases/Digital_NSTP/testCaseForCOMaker/AlertSummary' .

29-06-2024T18:33:39 - [MESSAGE][INFO] - Video recording for test case 'Test Cases/Digital_NSTP/testCaseForCOMaker/AlertSummary' .]]></system-out>
         <system-err><![CDATA[]]></system-err>
      </testcase>
      <testcase name="Test Cases/Digital_NSTP/testCaseForCOMaker/Action" time="26.641" classname="Test Cases/Digital_NSTP/testCaseForCOMaker/Action" status="PASSED">
         <system-out><![CDATA[29-06-2024T18:33:39 - [TEST_CASE][PASSED] - Test Cases/Digital_NSTP/testCaseForCOMaker/Action: Test Cases/Digital_NSTP/testCaseForCOMaker/Action

29-06-2024T18:33:39 - [TEST_STEP][PASSED] - tabSection.Action.submitForAO(): tabSection.Action.submitForAO is PASSED

29-06-2024T18:33:43 - [MESSAGE][PASSED] - Object: 'Object Repository/TabSection/Action' is clicked on

29-06-2024T18:33:44 - [MESSAGE][PASSED] - Delayed 1 second(s)

29-06-2024T18:33:45 - [MESSAGE][PASSED] - Delayed 1 second(s)

29-06-2024T18:33:45 - [MESSAGE][PASSED] - Taking screenshot successfully
[[ATTACHMENT|D:\\newRCBCProject\\RCBCLOS_Automation\\Reports\\20240629_181257\\DigitalFlows\\NSTPDigitalLowCashout\\testSuiteForCOMakerNSTP\\20240629_181307\\Screenshots/COMaker29_06_2406_29_11/Regression29_06_24_06_33_44.jpg]]

29-06-2024T18:33:46 - [MESSAGE][PASSED] - Object 'Object Repository/Action/otherLoanDetail' is present

29-06-2024T18:33:46 - [MESSAGE][PASSED] - Scroll to object 'Object Repository/Action/otherLoanDetail' successfully

29-06-2024T18:33:47 - [MESSAGE][PASSED] - Delayed 1 second(s)

29-06-2024T18:33:48 - [MESSAGE][PASSED] - Delayed 1 second(s)

29-06-2024T18:33:49 - [MESSAGE][PASSED] - Taking screenshot successfully
[[ATTACHMENT|D:\\newRCBCProject\\RCBCLOS_Automation\\Reports\\20240629_181257\\DigitalFlows\\NSTPDigitalLowCashout\\testSuiteForCOMakerNSTP\\20240629_181307\\Screenshots/COMaker29_06_2406_29_11/Regression29_06_24_06_33_47.jpg]]

29-06-2024T18:33:49 - [MESSAGE][PASSED] - Object 'Object Repository/Action/Decision' is visible

29-06-2024T18:33:51 - [MESSAGE][PASSED] - All options with index in [1] are selected on object 'Object Repository/Action/Decision'

29-06-2024T18:33:52 - [MESSAGE][PASSED] - Text 'OK' is set on object 'Object Repository/Action/Remarks'

29-06-2024T18:33:52 - [MESSAGE][PASSED] - Current window's title is: 'CO : LOS-3588'

29-06-2024T18:33:52 - [MESSAGE][PASSED] - Text of object 'Object Repository/Action/referenceNumber' is: 'CO : LOS-3588'

29-06-2024T18:33:52 - [MESSAGE][INFO] - LOS-3588

29-06-2024T18:33:54 - [MESSAGE][PASSED] - Object: 'Object Repository/Action/SubmitButton' is clicked on

29-06-2024T18:33:55 - [MESSAGE][PASSED] - Taking screenshot successfully
[[ATTACHMENT|D:\\newRCBCProject\\RCBCLOS_Automation\\Reports\\20240629_181257\\DigitalFlows\\NSTPDigitalLowCashout\\testSuiteForCOMakerNSTP\\20240629_181307\\1719666235608.png]]

29-06-2024T18:33:56 - [MESSAGE][PASSED] - Delayed 1 second(s)

29-06-2024T18:33:57 - [MESSAGE][PASSED] - Delayed 1 second(s)

29-06-2024T18:33:58 - [MESSAGE][PASSED] - Delayed 1 second(s)

29-06-2024T18:33:59 - [MESSAGE][PASSED] - Taking screenshot successfully
[[ATTACHMENT|D:\\newRCBCProject\\RCBCLOS_Automation\\Reports\\20240629_181257\\DigitalFlows\\NSTPDigitalLowCashout\\testSuiteForCOMakerNSTP\\20240629_181307\\Screenshots/COMaker29_06_2406_29_11/Regression29_06_24_06_33_57.jpg]]

29-06-2024T18:34:02 - [MESSAGE][PASSED] - Object: 'Object Repository/Action/confirmYes' is clicked on

29-06-2024T18:34:04 - [MESSAGE][PASSED] - Delayed 2 second(s)

29-06-2024T18:34:04 - [MESSAGE][PASSED] - tabSection.Action.submitForAO is PASSED

29-06-2024T18:34:06 - [TEST_STEP][PASSED] - Video: Video recording for test case 'Test Cases/Digital_NSTP/testCaseForCOMaker/Action' .

29-06-2024T18:34:06 - [MESSAGE][INFO] - Video recording for test case 'Test Cases/Digital_NSTP/testCaseForCOMaker/Action' .]]></system-out>
         <system-err><![CDATA[]]></system-err>
      </testcase>
      <testcase name="Test Cases/LogOut/logout" time="19.811" classname="Test Cases/LogOut/logout" status="PASSED">
         <system-out><![CDATA[29-06-2024T18:34:06 - [TEST_CASE][PASSED] - Test Cases/LogOut/logout: Test Cases/LogOut/logout

29-06-2024T18:34:06 - [TEST_STEP][PASSED] - signOutibps.SignOut.logout(): signOutibps.SignOut.logout is PASSED

29-06-2024T18:34:06 - [MESSAGE][PASSED] - Switched to window with index: '0'

29-06-2024T18:34:07 - [MESSAGE][PASSED] - Delayed 1 second(s)

29-06-2024T18:34:08 - [MESSAGE][PASSED] - All options with index in [2] are selected on object 'Object Repository/ibpsLogOut/selectProcess'

29-06-2024T18:34:09 - [MESSAGE][PASSED] - Delayed 1 second(s)

29-06-2024T18:34:10 - [MESSAGE][PASSED] - Object: 'Object Repository/ibpsLogOut/searchBar' is double clicked on

29-06-2024T18:34:11 - [MESSAGE][PASSED] - Keys 'LOS-3588' sent to object: 'Object Repository/ibpsLogOut/searchBar'

29-06-2024T18:34:11 - [MESSAGE][PASSED] - Keys 'ENTER + ' sent to object: 'Object Repository/ibpsLogOut/searchBar'

29-06-2024T18:34:12 - [MESSAGE][PASSED] - Delayed 1 second(s)

29-06-2024T18:34:13 - [MESSAGE][PASSED] - Delayed 1 second(s)

29-06-2024T18:34:14 - [MESSAGE][PASSED] - Delayed 1 second(s)

29-06-2024T18:34:15 - [MESSAGE][PASSED] - Taking screenshot successfully
[[ATTACHMENT|D:\\newRCBCProject\\RCBCLOS_Automation\\Reports\\20240629_181257\\DigitalFlows\\NSTPDigitalLowCashout\\testSuiteForCOMakerNSTP\\20240629_181307\\Screenshots/COMaker29_06_2406_29_11/Regression29_06_24_06_34_13.jpg]]

29-06-2024T18:34:17 - [MESSAGE][PASSED] - Delayed 2 second(s)

29-06-2024T18:34:17 - [MESSAGE][PASSED] - Object: 'Object Repository/ibpsLogOut/label_QK_CO7' is clicked on

29-06-2024T18:34:19 - [MESSAGE][PASSED] - Delayed 2 second(s)

29-06-2024T18:34:20 - [MESSAGE][PASSED] - Object: 'Object Repository/ibpsLogOut/Logout' is clicked on

29-06-2024T18:34:21 - [MESSAGE][PASSED] - Delayed 1 second(s)

29-06-2024T18:34:22 - [MESSAGE][PASSED] - Delayed 1 second(s)

29-06-2024T18:34:23 - [MESSAGE][PASSED] - Delayed 1 second(s)

29-06-2024T18:34:24 - [MESSAGE][PASSED] - Taking screenshot successfully
[[ATTACHMENT|D:\\newRCBCProject\\RCBCLOS_Automation\\Reports\\20240629_181257\\DigitalFlows\\NSTPDigitalLowCashout\\testSuiteForCOMakerNSTP\\20240629_181307\\Screenshots/COMaker29_06_2406_29_11/Regression29_06_24_06_34_22.jpg]]

29-06-2024T18:34:24 - [MESSAGE][PASSED] - signOutibps.SignOut.logout is PASSED

29-06-2024T18:34:26 - [TEST_STEP][PASSED] - Video: Video recording for test case 'Test Cases/LogOut/logout' .

29-06-2024T18:34:26 - [MESSAGE][INFO] - Video recording for test case 'Test Cases/LogOut/logout' .]]></system-out>
         <system-err><![CDATA[]]></system-err>
      </testcase>
      <system-out><![CDATA[29-06-2024T18:28:54 - [TEST_SUITE][PASSED] - testSuiteForCOMakerNSTP: Test Cases/LogOut/logout]]></system-out>
      <system-err><![CDATA[]]></system-err>
   </testsuite>
</testsuites>
