<?xml version="1.0" encoding="UTF-8"?>
<testsuites name="EncoderForWith" time="723.782" tests="13" failures="0" errors="0">
   <testsuite name="EncoderForWith" tests="13" failures="0" errors="0" time="723.782" skipped="0" timestamp="23-06-2024T13:38:18" hostname="Adarsh.Lohar - QKNBK2037.qkcorp.qualitykiosk.com" id="Test Suites/PaperbaseFlows/PaperbaseWithAndWithout/EncoderForWith">
      <properties>
         <property name="deviceName" value=""/>
         <property name="devicePlatform"/>
         <property name="logFolder" value="D:\\newRCBCProject\\RCBCLOS_Automation\\Reports\\20240623_133212\\PaperbaseFlows\\PaperbaseWithAndWithout\\EncoderForWith\\20240623_133217"/>
         <property name="logFiles" value="D:\\newRCBCProject\\RCBCLOS_Automation\\Reports\\20240623_133212\\PaperbaseFlows\\PaperbaseWithAndWithout\\EncoderForWith\\20240623_133217\\execution0.log"/>
         <property name="attachments" value="D:\\newRCBCProject\\RCBCLOS_Automation\\Reports\\20240623_133212\\PaperbaseFlows\\PaperbaseWithAndWithout\\EncoderForWith\\20240623_133217\\Screenshots/Encoder23_06_2401_38_50/Regression23_06_24_01_38_52.jpg, D:\\newRCBCProject\\RCBCLOS_Automation\\Reports\\20240623_133212\\PaperbaseFlows\\PaperbaseWithAndWithout\\EncoderForWith\\20240623_133217\\Screenshots/Encoder23_06_2401_38_50/Regression23_06_24_01_39_17.jpg, D:\\newRCBCProject\\RCBCLOS_Automation\\Reports\\20240623_133212\\PaperbaseFlows\\PaperbaseWithAndWithout\\EncoderForWith\\20240623_133217\\Screenshots/Encoder23_06_2401_38_50/Regression23_06_24_01_39_24.jpg, D:\\newRCBCProject\\RCBCLOS_Automation\\Reports\\20240623_133212\\PaperbaseFlows\\PaperbaseWithAndWithout\\EncoderForWith\\20240623_133217\\Screenshots/Encoder23_06_2401_38_50/Regression23_06_24_01_39_31.jpg, D:\\newRCBCProject\\RCBCLOS_Automation\\Reports\\20240623_133212\\PaperbaseFlows\\PaperbaseWithAndWithout\\EncoderForWith\\20240623_133217\\Screenshots/Encoder23_06_2401_38_50/Regression23_06_24_01_39_51.jpg, D:\\newRCBCProject\\RCBCLOS_Automation\\Reports\\20240623_133212\\PaperbaseFlows\\PaperbaseWithAndWithout\\EncoderForWith\\20240623_133217\\Screenshots/Encoder23_06_2401_38_50/Regression23_06_24_01_40_07.jpg, D:\\newRCBCProject\\RCBCLOS_Automation\\Reports\\20240623_133212\\PaperbaseFlows\\PaperbaseWithAndWithout\\EncoderForWith\\20240623_133217\\Screenshots/Encoder23_06_2401_38_50/Regression23_06_24_01_40_16.jpg, D:\\newRCBCProject\\RCBCLOS_Automation\\Reports\\20240623_133212\\PaperbaseFlows\\PaperbaseWithAndWithout\\EncoderForWith\\20240623_133217\\Screenshots/Encoder23_06_2401_38_50/Regression23_06_24_01_40_22.jpg, D:\\newRCBCProject\\RCBCLOS_Automation\\Reports\\20240623_133212\\PaperbaseFlows\\PaperbaseWithAndWithout\\EncoderForWith\\20240623_133217\\Screenshots/Encoder23_06_2401_38_50/Regression23_06_24_01_40_34.jpg, D:\\newRCBCProject\\RCBCLOS_Automation\\Reports\\20240623_133212\\PaperbaseFlows\\PaperbaseWithAndWithout\\EncoderForWith\\20240623_133217\\Screenshots/Encoder23_06_2401_38_50/Regression23_06_24_01_41_30.jpg, D:\\newRCBCProject\\RCBCLOS_Automation\\Reports\\20240623_133212\\PaperbaseFlows\\PaperbaseWithAndWithout\\EncoderForWith\\20240623_133217\\Screenshots/Encoder23_06_2401_38_50/Regression23_06_24_01_41_54.jpg, D:\\newRCBCProject\\RCBCLOS_Automation\\Reports\\20240623_133212\\PaperbaseFlows\\PaperbaseWithAndWithout\\EncoderForWith\\20240623_133217\\Screenshots/Encoder23_06_2401_38_50/Regression23_06_24_01_42_12.jpg, D:\\newRCBCProject\\RCBCLOS_Automation\\Reports\\20240623_133212\\PaperbaseFlows\\PaperbaseWithAndWithout\\EncoderForWith\\20240623_133217\\Screenshots/Encoder23_06_2401_38_50/Regression23_06_24_01_42_29.jpg, D:\\newRCBCProject\\RCBCLOS_Automation\\Reports\\20240623_133212\\PaperbaseFlows\\PaperbaseWithAndWithout\\EncoderForWith\\20240623_133217\\Screenshots/Encoder23_06_2401_38_50/Regression23_06_24_01_43_00.jpg, D:\\newRCBCProject\\RCBCLOS_Automation\\Reports\\20240623_133212\\PaperbaseFlows\\PaperbaseWithAndWithout\\EncoderForWith\\20240623_133217\\Screenshots/Encoder23_06_2401_38_50/Regression23_06_24_01_43_17.jpg, D:\\newRCBCProject\\RCBCLOS_Automation\\Reports\\20240623_133212\\PaperbaseFlows\\PaperbaseWithAndWithout\\EncoderForWith\\20240623_133217\\Screenshots/Encoder23_06_2401_38_50/Regression23_06_24_01_43_42.jpg, D:\\newRCBCProject\\RCBCLOS_Automation\\Reports\\20240623_133212\\PaperbaseFlows\\PaperbaseWithAndWithout\\EncoderForWith\\20240623_133217\\Screenshots/Encoder23_06_2401_38_50/Regression23_06_24_01_43_51.jpg, D:\\newRCBCProject\\RCBCLOS_Automation\\Reports\\20240623_133212\\PaperbaseFlows\\PaperbaseWithAndWithout\\EncoderForWith\\20240623_133217\\Screenshots/Encoder23_06_2401_38_50/Regression23_06_24_01_44_03.jpg, D:\\newRCBCProject\\RCBCLOS_Automation\\Reports\\20240623_133212\\PaperbaseFlows\\PaperbaseWithAndWithout\\EncoderForWith\\20240623_133217\\Screenshots/Encoder23_06_2401_38_50/Regression23_06_24_01_44_12.jpg, D:\\newRCBCProject\\RCBCLOS_Automation\\Reports\\20240623_133212\\PaperbaseFlows\\PaperbaseWithAndWithout\\EncoderForWith\\20240623_133217\\Screenshots/Encoder23_06_2401_38_50/Regression23_06_24_01_44_21.jpg, D:\\newRCBCProject\\RCBCLOS_Automation\\Reports\\20240623_133212\\PaperbaseFlows\\PaperbaseWithAndWithout\\EncoderForWith\\20240623_133217\\Screenshots/Encoder23_06_2401_38_50/Regression23_06_24_01_44_32.jpg, D:\\newRCBCProject\\RCBCLOS_Automation\\Reports\\20240623_133212\\PaperbaseFlows\\PaperbaseWithAndWithout\\EncoderForWith\\20240623_133217\\Screenshots/Encoder23_06_2401_38_50/Regression23_06_24_01_44_44.jpg, D:\\newRCBCProject\\RCBCLOS_Automation\\Reports\\20240623_133212\\PaperbaseFlows\\PaperbaseWithAndWithout\\EncoderForWith\\20240623_133217\\Screenshots/Encoder23_06_2401_38_50/Regression23_06_24_01_44_54.jpg, D:\\newRCBCProject\\RCBCLOS_Automation\\Reports\\20240623_133212\\PaperbaseFlows\\PaperbaseWithAndWithout\\EncoderForWith\\20240623_133217\\Screenshots/Encoder23_06_2401_38_50/Regression23_06_24_01_45_04.jpg, D:\\newRCBCProject\\RCBCLOS_Automation\\Reports\\20240623_133212\\PaperbaseFlows\\PaperbaseWithAndWithout\\EncoderForWith\\20240623_133217\\Screenshots/Encoder23_06_2401_38_50/Regression23_06_24_01_45_15.jpg, D:\\newRCBCProject\\RCBCLOS_Automation\\Reports\\20240623_133212\\PaperbaseFlows\\PaperbaseWithAndWithout\\EncoderForWith\\20240623_133217\\Screenshots/Encoder23_06_2401_38_50/Regression23_06_24_01_45_24.jpg, D:\\newRCBCProject\\RCBCLOS_Automation\\Reports\\20240623_133212\\PaperbaseFlows\\PaperbaseWithAndWithout\\EncoderForWith\\20240623_133217\\Screenshots/Encoder23_06_2401_38_50/Regression23_06_24_01_45_34.jpg, D:\\newRCBCProject\\RCBCLOS_Automation\\Reports\\20240623_133212\\PaperbaseFlows\\PaperbaseWithAndWithout\\EncoderForWith\\20240623_133217\\Screenshots/Encoder23_06_2401_38_50/Regression23_06_24_01_45_43.jpg, D:\\newRCBCProject\\RCBCLOS_Automation\\Reports\\20240623_133212\\PaperbaseFlows\\PaperbaseWithAndWithout\\EncoderForWith\\20240623_133217\\Screenshots/Encoder23_06_2401_38_50/Regression23_06_24_01_45_52.jpg, D:\\newRCBCProject\\RCBCLOS_Automation\\Reports\\20240623_133212\\PaperbaseFlows\\PaperbaseWithAndWithout\\EncoderForWith\\20240623_133217\\Screenshots/Encoder23_06_2401_38_50/Regression23_06_24_01_46_06.jpg, D:\\newRCBCProject\\RCBCLOS_Automation\\Reports\\20240623_133212\\PaperbaseFlows\\PaperbaseWithAndWithout\\EncoderForWith\\20240623_133217\\Screenshots/Encoder23_06_2401_38_50/Regression23_06_24_01_46_17.jpg, D:\\newRCBCProject\\RCBCLOS_Automation\\Reports\\20240623_133212\\PaperbaseFlows\\PaperbaseWithAndWithout\\EncoderForWith\\20240623_133217\\Screenshots/Encoder23_06_2401_38_50/Regression23_06_24_01_46_33.jpg, D:\\newRCBCProject\\RCBCLOS_Automation\\Reports\\20240623_133212\\PaperbaseFlows\\PaperbaseWithAndWithout\\EncoderForWith\\20240623_133217\\Screenshots/Encoder23_06_2401_38_50/Regression23_06_24_01_46_45.jpg, D:\\newRCBCProject\\RCBCLOS_Automation\\Reports\\20240623_133212\\PaperbaseFlows\\PaperbaseWithAndWithout\\EncoderForWith\\20240623_133217\\Screenshots/Encoder23_06_2401_38_50/Regression23_06_24_01_46_57.jpg, D:\\newRCBCProject\\RCBCLOS_Automation\\Reports\\20240623_133212\\PaperbaseFlows\\PaperbaseWithAndWithout\\EncoderForWith\\20240623_133217\\Screenshots/Encoder23_06_2401_38_50/Regression23_06_24_01_47_24.jpg, D:\\newRCBCProject\\RCBCLOS_Automation\\Reports\\20240623_133212\\PaperbaseFlows\\PaperbaseWithAndWithout\\EncoderForWith\\20240623_133217\\Screenshots/Encoder23_06_2401_38_50/Regression23_06_24_01_47_38.jpg, D:\\newRCBCProject\\RCBCLOS_Automation\\Reports\\20240623_133212\\PaperbaseFlows\\PaperbaseWithAndWithout\\EncoderForWith\\20240623_133217\\Screenshots/Encoder23_06_2401_38_50/Regression23_06_24_01_47_46.jpg, D:\\newRCBCProject\\RCBCLOS_Automation\\Reports\\20240623_133212\\PaperbaseFlows\\PaperbaseWithAndWithout\\EncoderForWith\\20240623_133217\\Screenshots/Encoder23_06_2401_38_50/Regression23_06_24_01_47_56.jpg, D:\\newRCBCProject\\RCBCLOS_Automation\\Reports\\20240623_133212\\PaperbaseFlows\\PaperbaseWithAndWithout\\EncoderForWith\\20240623_133217\\Screenshots/Encoder23_06_2401_38_50/Regression23_06_24_01_48_08.jpg, D:\\newRCBCProject\\RCBCLOS_Automation\\Reports\\20240623_133212\\PaperbaseFlows\\PaperbaseWithAndWithout\\EncoderForWith\\20240623_133217\\Screenshots/Encoder23_06_2401_38_50/Regression23_06_24_01_48_17.jpg, D:\\newRCBCProject\\RCBCLOS_Automation\\Reports\\20240623_133212\\PaperbaseFlows\\PaperbaseWithAndWithout\\EncoderForWith\\20240623_133217\\Screenshots/Encoder23_06_2401_38_50/Regression23_06_24_01_48_25.jpg, D:\\newRCBCProject\\RCBCLOS_Automation\\Reports\\20240623_133212\\PaperbaseFlows\\PaperbaseWithAndWithout\\EncoderForWith\\20240623_133217\\Screenshots/Encoder23_06_2401_38_50/Regression23_06_24_01_48_53.jpg, D:\\newRCBCProject\\RCBCLOS_Automation\\Reports\\20240623_133212\\PaperbaseFlows\\PaperbaseWithAndWithout\\EncoderForWith\\20240623_133217\\1719130795709.png, D:\\newRCBCProject\\RCBCLOS_Automation\\Reports\\20240623_133212\\PaperbaseFlows\\PaperbaseWithAndWithout\\EncoderForWith\\20240623_133217\\Screenshots/Encoder23_06_2401_38_50/Regression23_06_24_01_50_06.jpg, D:\\newRCBCProject\\RCBCLOS_Automation\\Reports\\20240623_133212\\PaperbaseFlows\\PaperbaseWithAndWithout\\EncoderForWith\\20240623_133217\\Screenshots/Encoder23_06_2401_38_50/Regression23_06_24_01_50_16.jpg"/>
         <property name="hostName" value="Adarsh.Lohar - QKNBK2037.qkcorp.qualitykiosk.com"/>
         <property name="os" value="Windows 10 64bit"/>
         <property name="katalonVersion" value="9.5.0.217"/>
         <property name="browser" value="Chrome 126.0.0.0"/>
         <property name="hostAddress" value="192.168.0.101"/>
         <property name="sessionId" value="7514ab1091bb11162d2948638bc8d59f"/>
         <property name="seleniumVersion" value="3.141.59"/>
         <property name="proxyInformation" value="ProxyInformation { proxyOption=NO_PROXY, proxyServerType=HTTP, username=, password=********, proxyServerAddress=, proxyServerPort=0, executionList=&quot;&quot;, isApplyToDesiredCapabilities=true }"/>
         <property name="platform" value="Windows 10"/>
      </properties>
      <testcase name="Test Cases/Paper_STPWithAndWithoutAPI/Encoder/LoginPage" time="48.127" classname="Test Cases/Paper_STPWithAndWithoutAPI/Encoder/LoginPage" status="PASSED">
         <system-out><![CDATA[23-06-2024T13:38:18 - [TEST_CASE][PASSED] - Test Cases/Paper_STPWithAndWithoutAPI/Encoder/LoginPage: Test Cases/Paper_STPWithAndWithoutAPI/Encoder/LoginPage

23-06-2024T13:38:20 - [TEST_STEP][PASSED] - encoder.LoginForibpsEncoder.login(): encoder.LoginForibpsEncoder.login is PASSED

23-06-2024T13:38:21 - [MESSAGE][INFO] - Starting 'Chrome' driver

23-06-2024T13:38:21 - [MESSAGE][INFO] - User set preference: ['args', '[--incognito]']

23-06-2024T13:38:21 - [MESSAGE][INFO] - Action delay is set to 0 milliseconds

23-06-2024T13:38:29 - [MESSAGE][PASSED] - Browser is opened with url: ''

23-06-2024T13:38:29 - [MESSAGE][PASSED] - Current window maximized

23-06-2024T13:38:44 - [MESSAGE][PASSED] - Navigate to 'https://rcbcuat.nonprodnmc.com/omniapp' successfully

23-06-2024T13:38:47 - [MESSAGE][PASSED] - Text 'QK_Encoder7' is set on object 'Object Repository/BackOffice/ibpsLogin/userName'

23-06-2024T13:38:49 - [MESSAGE][PASSED] - Text ****** has been set on object 'Object Repository/BackOffice/ibpsLogin/password'

23-06-2024T13:38:50 - [MESSAGE][PASSED] - Delayed 1 second(s)

23-06-2024T13:38:52 - [MESSAGE][PASSED] - Delayed 1 second(s)

23-06-2024T13:38:55 - [MESSAGE][PASSED] - Delayed 3 second(s)

23-06-2024T13:38:56 - [MESSAGE][PASSED] - Taking screenshot successfully
[[ATTACHMENT|D:\\newRCBCProject\\RCBCLOS_Automation\\Reports\\20240623_133212\\PaperbaseFlows\\PaperbaseWithAndWithout\\EncoderForWith\\20240623_133217\\Screenshots/Encoder23_06_2401_38_50/Regression23_06_24_01_38_52.jpg]]

23-06-2024T13:38:56 - [MESSAGE][PASSED] - Object: 'Object Repository/BackOffice/ibpsLogin/loginButton' is clicked on

23-06-2024T13:38:58 - [MESSAGE][PASSED] - Delayed 2 second(s)

23-06-2024T13:39:02 - [MESSAGE][INFO] - Unable to find the element located by 'By.xpath: //input[@id="oaloginform:contloginbtn"]'. Please recheck the objects properties to make sure the desired element is located. 

23-06-2024T13:39:02 - [MESSAGE][WARNING] - [SELF-HEALING] Failed to find element with id 'Object Repository/BackOffice/ibpsLogin/yesLogin'. Try using Self-healing.

23-06-2024T13:39:03 - [MESSAGE][INFO] - [SELF-HEALING] No working XPath is found.

23-06-2024T13:39:04 - [MESSAGE][WARNING] - [SELF-HEALING] javascript error: {"status":32,"value":"Unable to locate an element with the xpath expression  because of the following error:\nSyntaxError: Failed to execute 'evaluate' on 'Document': The string '' is not a valid XPath expression."}
  (Session info: chrome=126.0.6478.114)
Build info: version: '3.141.59', revision: 'unknown', time: 'unknown'
System info: host: 'QKNBK2037', ip: '192.168.0.101', os.name: 'Windows 10', os.arch: 'amd64', os.version: '10.0', java.version: '17.0.7'
Driver info: com.kms.katalon.selenium.driver.CChromeDriver
Capabilities {acceptInsecureCerts: false, browserName: chrome, browserVersion: 126.0.6478.114, chrome: {chromedriverVersion: 125.0.6422.60 (3ac3319bff9f..., userDataDir: C:\Users\ADARSH~1.LOH\AppDa...}, fedcm:accounts: true, goog:chromeOptions: {debuggerAddress: localhost:51382}, javascriptEnabled: true, networkConnectionEnabled: false, pageLoadStrategy: normal, platform: WINDOWS, platformName: WINDOWS, proxy: Proxy(), setWindowRect: true, strictFileInteractability: false, timeouts: {implicit: 0, pageLoad: 300000, script: 30000}, unhandledPromptBehavior: dismiss and notify, webauthn:extension:credBlob: true, webauthn:extension:largeBlob: true, webauthn:extension:minPinLength: true, webauthn:extension:prf: true, webauthn:virtualAuthenticators: true}
Session ID: 7514ab1091bb11162d2948638bc8d59f
*** Element info: {Using=xpath, value=}

23-06-2024T13:39:04 - [MESSAGE][WARNING] - [SELF-HEALING] Cannot find elements when the selector is null

23-06-2024T13:39:04 - [MESSAGE][WARNING] - Web element with id: 'Object Repository/BackOffice/ibpsLogin/yesLogin' located by '//input[@id="oaloginform:contloginbtn"]' not found

23-06-2024T13:39:04 - [MESSAGE][PASSED] - encoder.LoginForibpsEncoder.login is PASSED

23-06-2024T13:39:06 - [TEST_STEP][PASSED] - Video: Video recording for test case 'Test Cases/Paper_STPWithAndWithoutAPI/Encoder/LoginPage' .

23-06-2024T13:39:06 - [MESSAGE][INFO] - Video recording for test case 'Test Cases/Paper_STPWithAndWithoutAPI/Encoder/LoginPage' .]]></system-out>
         <system-err><![CDATA[]]></system-err>
      </testcase>
      <testcase name="Test Cases/Paper_STPWithAndWithoutAPI/Encoder/HomePage" time="36.052" classname="Test Cases/Paper_STPWithAndWithoutAPI/Encoder/HomePage" status="PASSED">
         <system-out><![CDATA[23-06-2024T13:39:06 - [TEST_CASE][PASSED] - Test Cases/Paper_STPWithAndWithoutAPI/Encoder/HomePage: Test Cases/Paper_STPWithAndWithoutAPI/Encoder/HomePage

23-06-2024T13:39:07 - [TEST_STEP][PASSED] - encoder.HomePageForibpsEncoder.selectResistration(): encoder.HomePageForibpsEncoder.selectResistration is PASSED

23-06-2024T13:39:07 - [MESSAGE][PASSED] - Wait for page load successfully

23-06-2024T13:39:09 - [MESSAGE][PASSED] - Delayed 2 second(s)

23-06-2024T13:39:12 - [MESSAGE][PASSED] - Delayed 3 second(s)

23-06-2024T13:39:12 - [MESSAGE][INFO] -  ******** LOS-3359

23-06-2024T13:39:14 - [MESSAGE][PASSED] - Delayed 2 second(s)

23-06-2024T13:39:16 - [MESSAGE][PASSED] - Delayed 1 second(s)

23-06-2024T13:39:17 - [MESSAGE][PASSED] - Delayed 1 second(s)

23-06-2024T13:39:20 - [MESSAGE][PASSED] - Delayed 3 second(s)

23-06-2024T13:39:20 - [MESSAGE][PASSED] - Taking screenshot successfully
[[ATTACHMENT|D:\\newRCBCProject\\RCBCLOS_Automation\\Reports\\20240623_133212\\PaperbaseFlows\\PaperbaseWithAndWithout\\EncoderForWith\\20240623_133217\\Screenshots/Encoder23_06_2401_38_50/Regression23_06_24_01_39_17.jpg]]

23-06-2024T13:39:22 - [MESSAGE][PASSED] - Object: 'Object Repository/BackOffice/EncoderNSTP/ibpsHomePage/encoder' is clicked on

23-06-2024T13:39:23 - [MESSAGE][PASSED] - Delayed 1 second(s)

23-06-2024T13:39:24 - [MESSAGE][PASSED] - Delayed 1 second(s)

23-06-2024T13:39:27 - [MESSAGE][PASSED] - Delayed 3 second(s)

23-06-2024T13:39:27 - [MESSAGE][PASSED] - Taking screenshot successfully
[[ATTACHMENT|D:\\newRCBCProject\\RCBCLOS_Automation\\Reports\\20240623_133212\\PaperbaseFlows\\PaperbaseWithAndWithout\\EncoderForWith\\20240623_133217\\Screenshots/Encoder23_06_2401_38_50/Regression23_06_24_01_39_24.jpg]]

23-06-2024T13:39:28 - [MESSAGE][PASSED] - Object: 'Object Repository/BackOffice/COMaker/ibpsHomePage/resistrationNo' is clicked on

23-06-2024T13:39:29 - [MESSAGE][PASSED] - Delayed 1 second(s)

23-06-2024T13:39:30 - [MESSAGE][PASSED] - Delayed 1 second(s)

23-06-2024T13:39:31 - [MESSAGE][PASSED] - Delayed 1 second(s)

23-06-2024T13:39:34 - [MESSAGE][PASSED] - Delayed 3 second(s)

23-06-2024T13:39:35 - [MESSAGE][PASSED] - Taking screenshot successfully
[[ATTACHMENT|D:\\newRCBCProject\\RCBCLOS_Automation\\Reports\\20240623_133212\\PaperbaseFlows\\PaperbaseWithAndWithout\\EncoderForWith\\20240623_133217\\Screenshots/Encoder23_06_2401_38_50/Regression23_06_24_01_39_31.jpg]]

23-06-2024T13:39:38 - [MESSAGE][PASSED] - Delayed 2 second(s)

23-06-2024T13:39:40 - [MESSAGE][PASSED] - Delayed 2 second(s)

23-06-2024T13:39:40 - [MESSAGE][PASSED] - encoder.HomePageForibpsEncoder.selectResistration is PASSED

23-06-2024T13:39:42 - [TEST_STEP][PASSED] - Video: Video recording for test case 'Test Cases/Paper_STPWithAndWithoutAPI/Encoder/HomePage' .

23-06-2024T13:39:42 - [MESSAGE][INFO] - Video recording for test case 'Test Cases/Paper_STPWithAndWithoutAPI/Encoder/HomePage' .]]></system-out>
         <system-err><![CDATA[]]></system-err>
      </testcase>
      <testcase name="Test Cases/Paper_STPWithAndWithoutAPI/Encoder/ClientInformationWithAPI" time="183.067" classname="Test Cases/Paper_STPWithAndWithoutAPI/Encoder/ClientInformationWithAPI" status="PASSED">
         <system-out><![CDATA[23-06-2024T13:39:42 - [TEST_CASE][PASSED] - Test Cases/Paper_STPWithAndWithoutAPI/Encoder/ClientInformationWithAPI: Test Cases/Paper_STPWithAndWithoutAPI/Encoder/ClientInformationWithAPI

23-06-2024T13:39:43 - [TEST_STEP][PASSED] - tabSection.CustomerDetail.clientInformationForEncoderPaperBasedWith(): tabSection.CustomerDetail.clientInformationForEncoderPaperBasedWith is PASSED

23-06-2024T13:39:44 - [MESSAGE][PASSED] - Delayed 1 second(s)

23-06-2024T13:39:45 - [MESSAGE][PASSED] - Current window's index is: 0

23-06-2024T13:39:45 - [MESSAGE][PASSED] - Switched to window with index: '1'

23-06-2024T13:39:50 - [MESSAGE][PASSED] - Text of object 'Object Repository/Action/referenceNumber' is: 'Encoder : LOS-3359'

23-06-2024T13:39:50 - [MESSAGE][INFO] - Encoder : LOS-3359 Contains LOS-3359

23-06-2024T13:39:50 - [MESSAGE][INFO] - Ready to go....

23-06-2024T13:39:51 - [MESSAGE][PASSED] - Delayed 1 second(s)

23-06-2024T13:39:54 - [MESSAGE][PASSED] - Delayed 3 second(s)

23-06-2024T13:39:55 - [MESSAGE][PASSED] - Taking screenshot successfully
[[ATTACHMENT|D:\\newRCBCProject\\RCBCLOS_Automation\\Reports\\20240623_133212\\PaperbaseFlows\\PaperbaseWithAndWithout\\EncoderForWith\\20240623_133217\\Screenshots/Encoder23_06_2401_38_50/Regression23_06_24_01_39_51.jpg]]

23-06-2024T13:39:57 - [MESSAGE][PASSED] - Object: 'Object Repository/BackOffice/EncoderNSTP/ClientInformation/PrincipalInformation/principal' is clicked on

23-06-2024T13:39:59 - [MESSAGE][PASSED] - Delayed 2 second(s)

23-06-2024T13:40:00 - [MESSAGE][PASSED] - All options with index in [1] are selected on object 'Object Repository/BackOffice/EncoderNSTP/ClientInformation/PrincipalInformation/borrowerType'

23-06-2024T13:40:01 - [MESSAGE][PASSED] - All options with index in [1] are selected on object 'Object Repository/BackOffice/EncoderNSTP/ClientInformation/PrincipalInformation/applicationType'

23-06-2024T13:40:03 - [MESSAGE][PASSED] - All options with index in [1] are selected on object 'Object Repository/BackOffice/EncoderNSTP/ClientInformation/PrincipalInformation/custemerType'

23-06-2024T13:40:04 - [MESSAGE][PASSED] - Object 'Object Repository/BackOffice/EncoderWithWithout/sex' is clickable

23-06-2024T13:40:04 - [MESSAGE][PASSED] - All options with index in [2] are selected on object 'Object Repository/BackOffice/EncoderWithWithout/sex'

23-06-2024T13:40:05 - [MESSAGE][PASSED] - Object 'Object Repository/BackOffice/EncoderNSTP/ClientInformation/PrincipalInformation/dateOfBirth' is clickable

23-06-2024T13:40:06 - [MESSAGE][PASSED] - Text '15/05/1991' is set on object 'Object Repository/BackOffice/EncoderNSTP/ClientInformation/PrincipalInformation/dateOfBirth'

23-06-2024T13:40:07 - [MESSAGE][PASSED] - Delayed 1 second(s)

23-06-2024T13:40:10 - [MESSAGE][PASSED] - Delayed 3 second(s)

23-06-2024T13:40:10 - [MESSAGE][PASSED] - Taking screenshot successfully
[[ATTACHMENT|D:\\newRCBCProject\\RCBCLOS_Automation\\Reports\\20240623_133212\\PaperbaseFlows\\PaperbaseWithAndWithout\\EncoderForWith\\20240623_133217\\Screenshots/Encoder23_06_2401_38_50/Regression23_06_24_01_40_07.jpg]]

23-06-2024T13:40:12 - [MESSAGE][PASSED] - All options with index in [1] are selected on object 'Object Repository/BackOffice/EncoderNSTP/ClientInformation/PrincipalInformation/placeOfBirth'

23-06-2024T13:40:13 - [MESSAGE][PASSED] - Object 'Object Repository/BackOffice/EncoderNSTP/ClientInformation/PrincipalInformation/maritalStatus' is clickable

23-06-2024T13:40:13 - [MESSAGE][PASSED] - All options with index in [4] are selected on object 'Object Repository/BackOffice/EncoderNSTP/ClientInformation/PrincipalInformation/maritalStatus'

23-06-2024T13:40:14 - [MESSAGE][PASSED] - Object 'Object Repository/BackOffice/EncoderWithWithout/nationality' is clickable

23-06-2024T13:40:15 - [MESSAGE][PASSED] - All options with index in [1] are selected on object 'Object Repository/BackOffice/EncoderWithWithout/nationality'

23-06-2024T13:40:16 - [MESSAGE][PASSED] - Delayed 1 second(s)

23-06-2024T13:40:19 - [MESSAGE][PASSED] - Delayed 3 second(s)

23-06-2024T13:40:19 - [MESSAGE][PASSED] - Taking screenshot successfully
[[ATTACHMENT|D:\\newRCBCProject\\RCBCLOS_Automation\\Reports\\20240623_133212\\PaperbaseFlows\\PaperbaseWithAndWithout\\EncoderForWith\\20240623_133217\\Screenshots/Encoder23_06_2401_38_50/Regression23_06_24_01_40_16.jpg]]

23-06-2024T13:40:20 - [MESSAGE][PASSED] - Text '5' is set on object 'Object Repository/BackOffice/EncoderNSTP/ClientInformation/PrincipalInformation/numberOfYearsMarried'

23-06-2024T13:40:21 - [MESSAGE][PASSED] - Text '3' is set on object 'Object Repository/BackOffice/EncoderNSTP/ClientInformation/PrincipalInformation/numberOfDependents'

23-06-2024T13:40:22 - [MESSAGE][PASSED] - Delayed 1 second(s)

23-06-2024T13:40:25 - [MESSAGE][PASSED] - Delayed 3 second(s)

23-06-2024T13:40:26 - [MESSAGE][PASSED] - Taking screenshot successfully
[[ATTACHMENT|D:\\newRCBCProject\\RCBCLOS_Automation\\Reports\\20240623_133212\\PaperbaseFlows\\PaperbaseWithAndWithout\\EncoderForWith\\20240623_133217\\Screenshots/Encoder23_06_2401_38_50/Regression23_06_24_01_40_22.jpg]]

23-06-2024T13:40:28 - [MESSAGE][WARNING] - Object 'Object Repository/BackOffice/EncoderNSTP/ClientInformation/PrincipalInformation/cifNumber' is not clickable after 2 second(s)

23-06-2024T13:40:29 - [MESSAGE][PASSED] - Object 'Object Repository/BackOffice/EncoderWithWithout/idType' is clickable

23-06-2024T13:40:30 - [MESSAGE][PASSED] - All options with index in [1] are selected on object 'Object Repository/BackOffice/EncoderWithWithout/idType'

23-06-2024T13:40:30 - [MESSAGE][PASSED] - Object 'Object Repository/BackOffice/EncoderWithWithout/idNumber' is clickable

23-06-2024T13:40:31 - [MESSAGE][PASSED] - Text '98357487654' is set on object 'Object Repository/BackOffice/EncoderWithWithout/idNumber'

23-06-2024T13:40:31 - [MESSAGE][PASSED] - Object 'Object Repository/BackOffice/EncoderNSTP/ClientInformation/PrincipalInformation/RCBCCurrentOrSavingAccountNumber' is clickable

23-06-2024T13:40:33 - [MESSAGE][PASSED] - Text '0000000017517519' is set on object 'Object Repository/BackOffice/EncoderNSTP/ClientInformation/PrincipalInformation/RCBCCurrentOrSavingAccountNumber'

23-06-2024T13:40:34 - [MESSAGE][PASSED] - Delayed 1 second(s)

23-06-2024T13:40:37 - [MESSAGE][PASSED] - Delayed 3 second(s)

23-06-2024T13:40:37 - [MESSAGE][PASSED] - Taking screenshot successfully
[[ATTACHMENT|D:\\newRCBCProject\\RCBCLOS_Automation\\Reports\\20240623_133212\\PaperbaseFlows\\PaperbaseWithAndWithout\\EncoderForWith\\20240623_133217\\Screenshots/Encoder23_06_2401_38_50/Regression23_06_24_01_40_34.jpg]]

23-06-2024T13:40:39 - [MESSAGE][PASSED] - Object: 'Object Repository/BackOffice/EncoderNSTP/ClientInformation/PrincipalInformation/plusButtonForAddressDetail' is clicked on

23-06-2024T13:40:40 - [MESSAGE][PASSED] - Delayed 1 second(s)

23-06-2024T13:40:41 - [MESSAGE][PASSED] - All options with index in [2] are selected on object 'Object Repository/BackOffice/EncoderNSTP/ClientInformation/PrincipalInformation/typeOfAddress'

23-06-2024T13:41:13 - [MESSAGE][PASSED] - All options with index in [2] are selected on object 'Object Repository/BackOffice/EncoderNSTP/ClientInformation/PrincipalInformation/residenceOwnershipType'

23-06-2024T13:41:14 - [MESSAGE][PASSED] - Text '4' is set on object 'Object Repository/BackOffice/EncoderNSTP/ClientInformation/PrincipalInformation/lengthOfStayAtCurrentResidance'

23-06-2024T13:41:19 - [MESSAGE][PASSED] - All options with index in [1] are selected on object 'Object Repository/BackOffice/EncoderNSTP/ClientInformation/PrincipalInformation/country'

23-06-2024T13:41:21 - [MESSAGE][PASSED] - All options with index in [1] are selected on object 'Object Repository/BackOffice/EncoderNSTP/ClientInformation/PrincipalInformation/region'

23-06-2024T13:41:22 - [MESSAGE][PASSED] - All options with index in [1] are selected on object 'Object Repository/BackOffice/EncoderNSTP/ClientInformation/PrincipalInformation/provience'

23-06-2024T13:41:23 - [MESSAGE][PASSED] - All options with index in [1] are selected on object 'Object Repository/BackOffice/EncoderNSTP/ClientInformation/PrincipalInformation/townCityMuncipalities'

23-06-2024T13:41:25 - [MESSAGE][PASSED] - All options with index in [1] are selected on object 'Object Repository/BackOffice/EncoderNSTP/ClientInformation/PrincipalInformation/barangay'

23-06-2024T13:41:26 - [MESSAGE][PASSED] - Text 'Mahape Road' is set on object 'Object Repository/BackOffice/EncoderNSTP/ClientInformation/PrincipalInformation/StreetName'

23-06-2024T13:41:29 - [MESSAGE][PASSED] - Text 'Rupa Solitaire' is set on object 'Object Repository/BackOffice/EncoderNSTP/ClientInformation/PrincipalInformation/unitNumberBuildingName'

23-06-2024T13:41:30 - [MESSAGE][PASSED] - Delayed 1 second(s)

23-06-2024T13:41:33 - [MESSAGE][PASSED] - Delayed 3 second(s)

23-06-2024T13:41:33 - [MESSAGE][PASSED] - Taking screenshot successfully
[[ATTACHMENT|D:\\newRCBCProject\\RCBCLOS_Automation\\Reports\\20240623_133212\\PaperbaseFlows\\PaperbaseWithAndWithout\\EncoderForWith\\20240623_133217\\Screenshots/Encoder23_06_2401_38_50/Regression23_06_24_01_41_30.jpg]]

23-06-2024T13:41:47 - [MESSAGE][PASSED] - Object: 'Object Repository/BackOffice/EncoderNSTP/ClientInformation/PrincipalInformation/saveAndClose' is clicked on

23-06-2024T13:41:48 - [MESSAGE][PASSED] - All options with index in [1] are selected on object 'Object Repository/BackOffice/EncoderNSTP/ClientInformation/PrincipalInformation/sourceOfWealth'

23-06-2024T13:41:49 - [MESSAGE][PASSED] - All options with index in [1] are selected on object 'Object Repository/BackOffice/EncoderNSTP/ClientInformation/PrincipalInformation/occupation'

23-06-2024T13:41:50 - [MESSAGE][PASSED] - Text 'Mahesh' is set on object 'Object Repository/BackOffice/EncoderNSTP/ClientInformation/PrincipalInformation/companyEmployerName'

23-06-2024T13:41:51 - [MESSAGE][PASSED] - Text 'Test Engineer' is set on object 'Object Repository/BackOffice/EncoderNSTP/ClientInformation/PrincipalInformation/jobTitle'

23-06-2024T13:41:53 - [MESSAGE][PASSED] - Text '3' is set on object 'Object Repository/BackOffice/EncoderNSTP/ClientInformation/PrincipalInformation/numberOfYearsInCurrentCompany'

23-06-2024T13:41:54 - [MESSAGE][PASSED] - Delayed 1 second(s)

23-06-2024T13:41:57 - [MESSAGE][PASSED] - Delayed 3 second(s)

23-06-2024T13:41:57 - [MESSAGE][PASSED] - Taking screenshot successfully
[[ATTACHMENT|D:\\newRCBCProject\\RCBCLOS_Automation\\Reports\\20240623_133212\\PaperbaseFlows\\PaperbaseWithAndWithout\\EncoderForWith\\20240623_133217\\Screenshots/Encoder23_06_2401_38_50/Regression23_06_24_01_41_54.jpg]]

23-06-2024T13:41:58 - [MESSAGE][PASSED] - Text '6' is set on object 'Object Repository/BackOffice/EncoderNSTP/ClientInformation/PrincipalInformation/totalYearsOfExperince'

23-06-2024T13:41:59 - [MESSAGE][PASSED] - Text '60000' is set on object 'Object Repository/BackOffice/EncoderNSTP/ClientInformation/PrincipalInformation/declareMonthlyIncome'

23-06-2024T13:42:11 - [MESSAGE][PASSED] - Text '(63) 9356986567' is set on object 'Object Repository/BackOffice/EncoderNSTP/ClientInformation/PrincipalInformation/employerContactNumber'

23-06-2024T13:42:12 - [MESSAGE][PASSED] - Delayed 1 second(s)

23-06-2024T13:42:15 - [MESSAGE][PASSED] - Delayed 3 second(s)

23-06-2024T13:42:16 - [MESSAGE][PASSED] - Taking screenshot successfully
[[ATTACHMENT|D:\\newRCBCProject\\RCBCLOS_Automation\\Reports\\20240623_133212\\PaperbaseFlows\\PaperbaseWithAndWithout\\EncoderForWith\\20240623_133217\\Screenshots/Encoder23_06_2401_38_50/Regression23_06_24_01_42_12.jpg]]

23-06-2024T13:42:23 - [MESSAGE][PASSED] - All options with index in [1] are selected on object 'Object Repository/BackOffice/EncoderNSTP/ClientInformation/PrincipalInformation/Industry'

23-06-2024T13:42:25 - [MESSAGE][PASSED] - All options with index in [1] are selected on object 'Object Repository/BackOffice/EncoderNSTP/ClientInformation/PrincipalInformation/subIndustry'

23-06-2024T13:42:28 - [MESSAGE][PASSED] - All options with index in [1] are selected on object 'Object Repository/BackOffice/EncoderNSTP/ClientInformation/PrincipalInformation/natureOfBusiness'

23-06-2024T13:42:29 - [MESSAGE][PASSED] - Delayed 1 second(s)

23-06-2024T13:42:32 - [MESSAGE][PASSED] - Delayed 3 second(s)

23-06-2024T13:42:32 - [MESSAGE][PASSED] - Taking screenshot successfully
[[ATTACHMENT|D:\\newRCBCProject\\RCBCLOS_Automation\\Reports\\20240623_133212\\PaperbaseFlows\\PaperbaseWithAndWithout\\EncoderForWith\\20240623_133217\\Screenshots/Encoder23_06_2401_38_50/Regression23_06_24_01_42_29.jpg]]

23-06-2024T13:42:39 - [MESSAGE][PASSED] - Object: 'Object Repository/BackOffice/EncoderNSTP/ClientInformation/PrincipalInformation/saveChanges' is clicked on

23-06-2024T13:42:43 - [MESSAGE][PASSED] - Delayed 2 second(s)

23-06-2024T13:42:43 - [MESSAGE][PASSED] - tabSection.CustomerDetail.clientInformationForEncoderPaperBasedWith is PASSED

23-06-2024T13:42:46 - [TEST_STEP][PASSED] - Video: Video recording for test case 'Test Cases/Paper_STPWithAndWithoutAPI/Encoder/ClientInformationWithAPI' .

23-06-2024T13:42:46 - [MESSAGE][INFO] - Video recording for test case 'Test Cases/Paper_STPWithAndWithoutAPI/Encoder/ClientInformationWithAPI' .]]></system-out>
         <system-err><![CDATA[]]></system-err>
      </testcase>
      <testcase name="Test Cases/Paper_STPWithAndWithoutAPI/Encoder/CollateralInformationWith" time="20.063" classname="Test Cases/Paper_STPWithAndWithoutAPI/Encoder/CollateralInformationWith" status="PASSED">
         <system-out><![CDATA[23-06-2024T13:42:46 - [TEST_CASE][PASSED] - Test Cases/Paper_STPWithAndWithoutAPI/Encoder/CollateralInformationWith: Test Cases/Paper_STPWithAndWithoutAPI/Encoder/CollateralInformationWith

23-06-2024T13:42:46 - [TEST_STEP][PASSED] - tabSection.CollateralInformation.collateralInformationForEncoderPaperBasedWith(): tabSection.CollateralInformation.collateralInformationForEncoderPaperBasedWith is PASSED

23-06-2024T13:42:46 - [MESSAGE][PASSED] - Object: 'Object Repository/TabSection/CollateralInformation' is clicked on

23-06-2024T13:42:49 - [MESSAGE][PASSED] - All options with value 'HNHR20' are selected in object 'Object Repository/BackOfficePaperBase/EncoderCollateralInfoPaperbase/vehicleCodeType' 

23-06-2024T13:42:50 - [MESSAGE][PASSED] - All options with index in [1] are selected on object 'Object Repository/BackOfficePaperBase/EncoderCollateralInfoPaperbase/CarCondition'

23-06-2024T13:42:52 - [MESSAGE][PASSED] - All options with index in [1] are selected on object 'Object Repository/BackOfficePaperBase/EncoderCollateralInfoPaperbase/carBrand'

23-06-2024T13:42:54 - [MESSAGE][PASSED] - All options with index in [1] are selected on object 'Object Repository/BackOfficePaperBase/EncoderCollateralInfoPaperbase/carModel'

23-06-2024T13:42:56 - [MESSAGE][PASSED] - All options with index in [1] are selected on object 'Object Repository/BackOfficePaperBase/EncoderCollateralInfoPaperbase/subModel'

23-06-2024T13:42:57 - [MESSAGE][PASSED] - All options with index in [1] are selected on object 'Object Repository/BackOfficePaperBase/EncoderCollateralInfoPaperbase/yearModel'

23-06-2024T13:42:58 - [MESSAGE][PASSED] - All options with index in [1] are selected on object 'Object Repository/BackOfficePaperBase/EncoderCollateralInfoPaperbase/makeType'

23-06-2024T13:42:59 - [MESSAGE][PASSED] - Delayed 1 second(s)

23-06-2024T13:43:00 - [MESSAGE][PASSED] - Delayed 1 second(s)

23-06-2024T13:43:03 - [MESSAGE][PASSED] - Delayed 3 second(s)

23-06-2024T13:43:04 - [MESSAGE][PASSED] - Taking screenshot successfully
[[ATTACHMENT|D:\\newRCBCProject\\RCBCLOS_Automation\\Reports\\20240623_133212\\PaperbaseFlows\\PaperbaseWithAndWithout\\EncoderForWith\\20240623_133217\\Screenshots/Encoder23_06_2401_38_50/Regression23_06_24_01_43_00.jpg]]

23-06-2024T13:43:04 - [MESSAGE][PASSED] - tabSection.CollateralInformation.collateralInformationForEncoderPaperBasedWith is PASSED

23-06-2024T13:43:06 - [TEST_STEP][PASSED] - Video: Video recording for test case 'Test Cases/Paper_STPWithAndWithoutAPI/Encoder/CollateralInformationWith' .

23-06-2024T13:43:06 - [MESSAGE][INFO] - Video recording for test case 'Test Cases/Paper_STPWithAndWithoutAPI/Encoder/CollateralInformationWith' .]]></system-out>
         <system-err><![CDATA[]]></system-err>
      </testcase>
      <testcase name="Test Cases/Paper_STPWithAndWithoutAPI/Encoder/LoanInformationWithAPI" time="81.051" classname="Test Cases/Paper_STPWithAndWithoutAPI/Encoder/LoanInformationWithAPI" status="PASSED">
         <system-out><![CDATA[23-06-2024T13:43:06 - [TEST_CASE][PASSED] - Test Cases/Paper_STPWithAndWithoutAPI/Encoder/LoanInformationWithAPI: Test Cases/Paper_STPWithAndWithoutAPI/Encoder/LoanInformationWithAPI

23-06-2024T13:43:07 - [TEST_STEP][PASSED] - tabSection.LoanInformation.loanInfoForEncoderPaperBased(marketingPromoCode, Downpayment_Amt, Actual_Cashout, loanTerm, insuranceType, loanPurpose, modeOfRelease, Scheduled_Unit_Release_Date, Actual_Unit_Release_Date, Total_CMFCollectedby_Dealer, Payment_Type, PaymentFrequency, Mode_Of_Payment): tabSection.LoanInformation.loanInfoForEncoderPaperBased is PASSED

23-06-2024T13:43:09 - [MESSAGE][PASSED] - Delayed 2 second(s)

23-06-2024T13:43:12 - [MESSAGE][PASSED] - Object: 'Object Repository/TabSection/LoanInformation' is clicked on

23-06-2024T13:43:14 - [MESSAGE][PASSED] - All options with index in [1] are selected on object 'Object Repository/BackOfficePaperBase/EncoderPaperbaseLoanInformation/marketingPromoCode'

23-06-2024T13:43:16 - [MESSAGE][PASSED] - Delayed 1 second(s)

23-06-2024T13:43:17 - [MESSAGE][PASSED] - Delayed 1 second(s)

23-06-2024T13:43:20 - [MESSAGE][PASSED] - Delayed 3 second(s)

23-06-2024T13:43:20 - [MESSAGE][PASSED] - Taking screenshot successfully
[[ATTACHMENT|D:\\newRCBCProject\\RCBCLOS_Automation\\Reports\\20240623_133212\\PaperbaseFlows\\PaperbaseWithAndWithout\\EncoderForWith\\20240623_133217\\Screenshots/Encoder23_06_2401_38_50/Regression23_06_24_01_43_17.jpg]]

23-06-2024T13:43:21 - [MESSAGE][PASSED] - Text '500000' is set on object 'Object Repository/BackOfficePaperBase/EncoderPaperbaseLoanInformation/Downpayment_Amt'

23-06-2024T13:43:26 - [MESSAGE][PASSED] - Text '40000' is set on object 'Object Repository/BackOfficePaperBase/EncoderPaperbaseLoanInformation/Actual_Cashout'

23-06-2024T13:43:31 - [MESSAGE][PASSED] - All options with index in [5] are selected on object 'Object Repository/BackOfficePaperBase/EncoderPaperbaseLoanInformation/loanTerm'

23-06-2024T13:43:40 - [MESSAGE][PASSED] - All options with index in [5] are selected on object 'Object Repository/BackOfficePaperBase/EncoderPaperbaseLoanInformation/insuranceType'

23-06-2024T13:43:41 - [MESSAGE][PASSED] - Delayed 1 second(s)

23-06-2024T13:43:42 - [MESSAGE][PASSED] - Delayed 1 second(s)

23-06-2024T13:43:45 - [MESSAGE][PASSED] - Delayed 3 second(s)

23-06-2024T13:43:45 - [MESSAGE][PASSED] - Taking screenshot successfully
[[ATTACHMENT|D:\\newRCBCProject\\RCBCLOS_Automation\\Reports\\20240623_133212\\PaperbaseFlows\\PaperbaseWithAndWithout\\EncoderForWith\\20240623_133217\\Screenshots/Encoder23_06_2401_38_50/Regression23_06_24_01_43_42.jpg]]

23-06-2024T13:43:46 - [MESSAGE][PASSED] - All options with value 'AB' are selected in object 'Object Repository/BackOfficePaperBase/EncoderPaperbaseLoanInformation/loanPurpose' 

23-06-2024T13:43:47 - [MESSAGE][PASSED] - All options with index in [1] are selected on object 'Object Repository/BackOfficePaperBase/EncoderPaperbaseLoanInformation/modeOfRelease'

23-06-2024T13:43:48 - [MESSAGE][PASSED] - Text '19/07/24' is set on object 'Object Repository/BackOfficePaperBase/EncoderPaperbaseLoanInformation/Scheduled_Unit_Release_Date'

23-06-2024T13:43:49 - [MESSAGE][PASSED] - Text '25/07/24' is set on object 'Object Repository/BackOfficePaperBase/EncoderPaperbaseLoanInformation/Actual_Unit_Release_Date'

23-06-2024T13:43:50 - [MESSAGE][PASSED] - Delayed 1 second(s)

23-06-2024T13:43:51 - [MESSAGE][PASSED] - Delayed 1 second(s)

23-06-2024T13:43:54 - [MESSAGE][PASSED] - Delayed 3 second(s)

23-06-2024T13:43:55 - [MESSAGE][PASSED] - Taking screenshot successfully
[[ATTACHMENT|D:\\newRCBCProject\\RCBCLOS_Automation\\Reports\\20240623_133212\\PaperbaseFlows\\PaperbaseWithAndWithout\\EncoderForWith\\20240623_133217\\Screenshots/Encoder23_06_2401_38_50/Regression23_06_24_01_43_51.jpg]]

23-06-2024T13:43:55 - [MESSAGE][PASSED] - Current window's index is: 1

23-06-2024T13:43:57 - [MESSAGE][PASSED] - Object: 'Object Repository/LoanInformationPreRelease/calculateBtn' is clicked on

23-06-2024T13:43:57 - [MESSAGE][PASSED] - Switched to window with index: '2'

23-06-2024T13:44:02 - [MESSAGE][PASSED] - Delayed 5 second(s)

23-06-2024T13:44:03 - [MESSAGE][PASSED] - Delayed 1 second(s)

23-06-2024T13:44:06 - [MESSAGE][PASSED] - Delayed 3 second(s)

23-06-2024T13:44:06 - [MESSAGE][PASSED] - Taking screenshot successfully
[[ATTACHMENT|D:\\newRCBCProject\\RCBCLOS_Automation\\Reports\\20240623_133212\\PaperbaseFlows\\PaperbaseWithAndWithout\\EncoderForWith\\20240623_133217\\Screenshots/Encoder23_06_2401_38_50/Regression23_06_24_01_44_03.jpg]]

23-06-2024T13:44:06 - [MESSAGE][PASSED] - Object: 'Object Repository/LoanInformationPreRelease/WebSpredingSaveBtn' is clicked on

23-06-2024T13:44:08 - [MESSAGE][PASSED] - Delayed 2 second(s)

23-06-2024T13:44:09 - [MESSAGE][PASSED] - Window with index 2 is closed

23-06-2024T13:44:09 - [MESSAGE][PASSED] - Switched to window with index: '1'

23-06-2024T13:44:10 - [MESSAGE][PASSED] - Text '4000' is set on object 'Object Repository/BackOfficePaperBase/EncoderPaperbaseLoanInformation/Total_CMFCollectedby_Dealer'

23-06-2024T13:44:11 - [MESSAGE][PASSED] - Delayed 1 second(s)

23-06-2024T13:44:12 - [MESSAGE][PASSED] - Delayed 1 second(s)

23-06-2024T13:44:15 - [MESSAGE][PASSED] - Delayed 3 second(s)

23-06-2024T13:44:15 - [MESSAGE][PASSED] - Taking screenshot successfully
[[ATTACHMENT|D:\\newRCBCProject\\RCBCLOS_Automation\\Reports\\20240623_133212\\PaperbaseFlows\\PaperbaseWithAndWithout\\EncoderForWith\\20240623_133217\\Screenshots/Encoder23_06_2401_38_50/Regression23_06_24_01_44_12.jpg]]

23-06-2024T13:44:17 - [MESSAGE][PASSED] - All options with index in [1] are selected on object 'Object Repository/BackOfficePaperBase/EncoderPaperbaseLoanInformation/Payment_Type'

23-06-2024T13:44:18 - [MESSAGE][PASSED] - All options with index in [2] are selected on object 'Object Repository/BackOfficePaperBase/EncoderPaperbaseLoanInformation/PaymentFrequency'

23-06-2024T13:44:19 - [MESSAGE][PASSED] - All options with index in [2] are selected on object 'Object Repository/BackOfficePaperBase/EncoderPaperbaseLoanInformation/Mode_Of_Payment'

23-06-2024T13:44:20 - [MESSAGE][PASSED] - Delayed 1 second(s)

23-06-2024T13:44:21 - [MESSAGE][PASSED] - Delayed 1 second(s)

23-06-2024T13:44:24 - [MESSAGE][PASSED] - Delayed 3 second(s)

23-06-2024T13:44:25 - [MESSAGE][PASSED] - Taking screenshot successfully
[[ATTACHMENT|D:\\newRCBCProject\\RCBCLOS_Automation\\Reports\\20240623_133212\\PaperbaseFlows\\PaperbaseWithAndWithout\\EncoderForWith\\20240623_133217\\Screenshots/Encoder23_06_2401_38_50/Regression23_06_24_01_44_21.jpg]]

23-06-2024T13:44:25 - [MESSAGE][PASSED] - tabSection.LoanInformation.loanInfoForEncoderPaperBased is PASSED

23-06-2024T13:44:27 - [TEST_STEP][PASSED] - Video: Video recording for test case 'Test Cases/Paper_STPWithAndWithoutAPI/Encoder/LoanInformationWithAPI' .

23-06-2024T13:44:27 - [MESSAGE][INFO] - Video recording for test case 'Test Cases/Paper_STPWithAndWithoutAPI/Encoder/LoanInformationWithAPI' .]]></system-out>
         <system-err><![CDATA[]]></system-err>
      </testcase>
      <testcase name="Test Cases/Paper_STPWithAndWithoutAPI/Encoder/DocumentChecklist" time="10.633" classname="Test Cases/Paper_STPWithAndWithoutAPI/Encoder/DocumentChecklist" status="PASSED">
         <system-out><![CDATA[23-06-2024T13:44:27 - [TEST_CASE][PASSED] - Test Cases/Paper_STPWithAndWithoutAPI/Encoder/DocumentChecklist: Test Cases/Paper_STPWithAndWithoutAPI/Encoder/DocumentChecklist

23-06-2024T13:44:27 - [TEST_STEP][PASSED] - tabSection.DocumentCheckList.documentCheckListForEncoderPaperBased(): tabSection.DocumentCheckList.documentCheckListForEncoderPaperBased is PASSED

23-06-2024T13:44:30 - [MESSAGE][PASSED] - Object: 'Object Repository/TabSection/DocumentCheclist' is clicked on

23-06-2024T13:44:31 - [MESSAGE][PASSED] - Delayed 1 second(s)

23-06-2024T13:44:32 - [MESSAGE][PASSED] - Delayed 1 second(s)

23-06-2024T13:44:35 - [MESSAGE][PASSED] - Delayed 3 second(s)

23-06-2024T13:44:36 - [MESSAGE][PASSED] - Taking screenshot successfully
[[ATTACHMENT|D:\\newRCBCProject\\RCBCLOS_Automation\\Reports\\20240623_133212\\PaperbaseFlows\\PaperbaseWithAndWithout\\EncoderForWith\\20240623_133217\\Screenshots/Encoder23_06_2401_38_50/Regression23_06_24_01_44_32.jpg]]

23-06-2024T13:44:36 - [MESSAGE][PASSED] - tabSection.DocumentCheckList.documentCheckListForEncoderPaperBased is PASSED

23-06-2024T13:44:38 - [TEST_STEP][PASSED] - Video: Video recording for test case 'Test Cases/Paper_STPWithAndWithoutAPI/Encoder/DocumentChecklist' .

23-06-2024T13:44:38 - [MESSAGE][INFO] - Video recording for test case 'Test Cases/Paper_STPWithAndWithoutAPI/Encoder/DocumentChecklist' .]]></system-out>
         <system-err><![CDATA[]]></system-err>
      </testcase>
      <testcase name="Test Cases/Paper_STPWithAndWithoutAPI/Encoder/CheckEligibility" time="204.248" classname="Test Cases/Paper_STPWithAndWithoutAPI/Encoder/CheckEligibility" status="PASSED">
         <system-out><![CDATA[23-06-2024T13:44:38 - [TEST_CASE][PASSED] - Test Cases/Paper_STPWithAndWithoutAPI/Encoder/CheckEligibility: Test Cases/Paper_STPWithAndWithoutAPI/Encoder/CheckEligibility

23-06-2024T13:44:38 - [TEST_STEP][PASSED] - tabSection.CheckEligibility.checkEligibilityForEncoderPaperBased(): tabSection.CheckEligibility.checkEligibilityForEncoderPaperBased is PASSED

23-06-2024T13:44:38 - [MESSAGE][PASSED] - Object: 'Object Repository/TabSection/checkEligibility' is clicked on

23-06-2024T13:44:40 - [MESSAGE][PASSED] - Object: 'Object Repository/BackOfficePaperBase/EncoderPaperbaseCheckEligibility/DuplicateApplicationPrincipal' is clicked on

23-06-2024T13:44:41 - [MESSAGE][PASSED] - Delayed 1 second(s)

23-06-2024T13:44:42 - [MESSAGE][PASSED] - Object: 'Object Repository/BackOfficePaperBase/EncoderPaperbaseCheckEligibility/DuplicateApplicationCheckEligibility' is clicked on

23-06-2024T13:44:43 - [MESSAGE][PASSED] - Delayed 1 second(s)

23-06-2024T13:44:44 - [MESSAGE][PASSED] - Delayed 1 second(s)

23-06-2024T13:44:47 - [MESSAGE][PASSED] - Delayed 3 second(s)

23-06-2024T13:44:47 - [MESSAGE][PASSED] - Taking screenshot successfully
[[ATTACHMENT|D:\\newRCBCProject\\RCBCLOS_Automation\\Reports\\20240623_133212\\PaperbaseFlows\\PaperbaseWithAndWithout\\EncoderForWith\\20240623_133217\\Screenshots/Encoder23_06_2401_38_50/Regression23_06_24_01_44_44.jpg]]

23-06-2024T13:44:48 - [MESSAGE][PASSED] - Delayed 1 second(s)

23-06-2024T13:44:49 - [MESSAGE][PASSED] - Object: 'Object Repository/BackOfficePaperBase/EncoderPaperbaseCheckEligibility/DuplicateApplicationOK' is clicked on

23-06-2024T13:44:50 - [MESSAGE][PASSED] - Delayed 1 second(s)

23-06-2024T13:44:52 - [MESSAGE][PASSED] - Object: 'Object Repository/BackOfficePaperBase/EncoderPaperbaseCheckEligibility/DuplicateApplicationSaveChanges' is clicked on

23-06-2024T13:44:53 - [MESSAGE][PASSED] - Delayed 1 second(s)

23-06-2024T13:44:54 - [MESSAGE][PASSED] - Delayed 1 second(s)

23-06-2024T13:44:57 - [MESSAGE][PASSED] - Delayed 3 second(s)

23-06-2024T13:44:58 - [MESSAGE][PASSED] - Taking screenshot successfully
[[ATTACHMENT|D:\\newRCBCProject\\RCBCLOS_Automation\\Reports\\20240623_133212\\PaperbaseFlows\\PaperbaseWithAndWithout\\EncoderForWith\\20240623_133217\\Screenshots/Encoder23_06_2401_38_50/Regression23_06_24_01_44_54.jpg]]

23-06-2024T13:44:59 - [MESSAGE][PASSED] - Object: 'Object Repository/BackOfficePaperBase/EncoderPaperbaseCheckEligibility/RPTCheckPrincipal' is clicked on

23-06-2024T13:45:00 - [MESSAGE][PASSED] - Delayed 1 second(s)

23-06-2024T13:45:02 - [MESSAGE][PASSED] - Object: 'Object Repository/BackOfficePaperBase/EncoderPaperbaseCheckEligibility/RPTCheckCheckEligibility' is clicked on

23-06-2024T13:45:03 - [MESSAGE][PASSED] - Delayed 1 second(s)

23-06-2024T13:45:04 - [MESSAGE][PASSED] - Delayed 1 second(s)

23-06-2024T13:45:07 - [MESSAGE][PASSED] - Delayed 3 second(s)

23-06-2024T13:45:07 - [MESSAGE][PASSED] - Taking screenshot successfully
[[ATTACHMENT|D:\\newRCBCProject\\RCBCLOS_Automation\\Reports\\20240623_133212\\PaperbaseFlows\\PaperbaseWithAndWithout\\EncoderForWith\\20240623_133217\\Screenshots/Encoder23_06_2401_38_50/Regression23_06_24_01_45_04.jpg]]

23-06-2024T13:45:08 - [MESSAGE][PASSED] - Delayed 1 second(s)

23-06-2024T13:45:09 - [MESSAGE][PASSED] - Object: 'Object Repository/BackOfficePaperBase/EncoderPaperbaseCheckEligibility/RPTCheckOK' is clicked on

23-06-2024T13:45:10 - [MESSAGE][PASSED] - Delayed 1 second(s)

23-06-2024T13:45:13 - [MESSAGE][PASSED] - Object: 'Object Repository/BackOfficePaperBase/EncoderPaperbaseCheckEligibility/RPTSaveChanges' is clicked on

23-06-2024T13:45:14 - [MESSAGE][PASSED] - Delayed 1 second(s)

23-06-2024T13:45:15 - [MESSAGE][PASSED] - Delayed 1 second(s)

23-06-2024T13:45:18 - [MESSAGE][PASSED] - Delayed 3 second(s)

23-06-2024T13:45:18 - [MESSAGE][PASSED] - Taking screenshot successfully
[[ATTACHMENT|D:\\newRCBCProject\\RCBCLOS_Automation\\Reports\\20240623_133212\\PaperbaseFlows\\PaperbaseWithAndWithout\\EncoderForWith\\20240623_133217\\Screenshots/Encoder23_06_2401_38_50/Regression23_06_24_01_45_15.jpg]]

23-06-2024T13:45:19 - [MESSAGE][PASSED] - Object: 'Object Repository/BackOfficePaperBase/EncoderPaperbaseCheckEligibility/DOSRICheckPrincipal' is clicked on

23-06-2024T13:45:20 - [MESSAGE][PASSED] - Delayed 1 second(s)

23-06-2024T13:45:22 - [MESSAGE][PASSED] - Object: 'Object Repository/BackOfficePaperBase/EncoderPaperbaseCheckEligibility/DOSRICheckCheckEligibility' is clicked on

23-06-2024T13:45:23 - [MESSAGE][PASSED] - Delayed 1 second(s)

23-06-2024T13:45:24 - [MESSAGE][PASSED] - Delayed 1 second(s)

23-06-2024T13:45:27 - [MESSAGE][PASSED] - Delayed 3 second(s)

23-06-2024T13:45:27 - [MESSAGE][PASSED] - Taking screenshot successfully
[[ATTACHMENT|D:\\newRCBCProject\\RCBCLOS_Automation\\Reports\\20240623_133212\\PaperbaseFlows\\PaperbaseWithAndWithout\\EncoderForWith\\20240623_133217\\Screenshots/Encoder23_06_2401_38_50/Regression23_06_24_01_45_24.jpg]]

23-06-2024T13:45:28 - [MESSAGE][PASSED] - Delayed 1 second(s)

23-06-2024T13:45:29 - [MESSAGE][PASSED] - Object: 'Object Repository/BackOfficePaperBase/EncoderPaperbaseCheckEligibility/DOSRICheckOK' is clicked on

23-06-2024T13:45:30 - [MESSAGE][PASSED] - Delayed 1 second(s)

23-06-2024T13:45:32 - [MESSAGE][PASSED] - Object: 'Object Repository/BackOfficePaperBase/EncoderPaperbaseCheckEligibility/DOSRICheckSaveChanges' is clicked on

23-06-2024T13:45:33 - [MESSAGE][PASSED] - Delayed 1 second(s)

23-06-2024T13:45:34 - [MESSAGE][PASSED] - Delayed 1 second(s)

23-06-2024T13:45:37 - [MESSAGE][PASSED] - Delayed 3 second(s)

23-06-2024T13:45:37 - [MESSAGE][PASSED] - Taking screenshot successfully
[[ATTACHMENT|D:\\newRCBCProject\\RCBCLOS_Automation\\Reports\\20240623_133212\\PaperbaseFlows\\PaperbaseWithAndWithout\\EncoderForWith\\20240623_133217\\Screenshots/Encoder23_06_2401_38_50/Regression23_06_24_01_45_34.jpg]]

23-06-2024T13:45:38 - [MESSAGE][PASSED] - Object: 'Object Repository/BackOfficePaperBase/EncoderPaperbaseCheckEligibility/NegativeFileCheckPrincipal' is clicked on

23-06-2024T13:45:39 - [MESSAGE][PASSED] - Delayed 1 second(s)

23-06-2024T13:45:41 - [MESSAGE][PASSED] - Object: 'Object Repository/BackOfficePaperBase/EncoderPaperbaseCheckEligibility/NegativeFileCheckCheckEligibility' is clicked on

23-06-2024T13:45:42 - [MESSAGE][PASSED] - Delayed 1 second(s)

23-06-2024T13:45:43 - [MESSAGE][PASSED] - Delayed 1 second(s)

23-06-2024T13:45:46 - [MESSAGE][PASSED] - Delayed 3 second(s)

23-06-2024T13:45:46 - [MESSAGE][PASSED] - Taking screenshot successfully
[[ATTACHMENT|D:\\newRCBCProject\\RCBCLOS_Automation\\Reports\\20240623_133212\\PaperbaseFlows\\PaperbaseWithAndWithout\\EncoderForWith\\20240623_133217\\Screenshots/Encoder23_06_2401_38_50/Regression23_06_24_01_45_43.jpg]]

23-06-2024T13:45:47 - [MESSAGE][PASSED] - Delayed 1 second(s)

23-06-2024T13:45:48 - [MESSAGE][PASSED] - Object: 'Object Repository/BackOfficePaperBase/EncoderPaperbaseCheckEligibility/NegativeFileCheckOK' is clicked on

23-06-2024T13:45:49 - [MESSAGE][PASSED] - Delayed 1 second(s)

23-06-2024T13:45:50 - [MESSAGE][PASSED] - Object: 'Object Repository/BackOfficePaperBase/EncoderPaperbaseCheckEligibility/NegativeFileCheckSaveChanges' is clicked on

23-06-2024T13:45:51 - [MESSAGE][PASSED] - Delayed 1 second(s)

23-06-2024T13:45:52 - [MESSAGE][PASSED] - Delayed 1 second(s)

23-06-2024T13:45:55 - [MESSAGE][PASSED] - Delayed 3 second(s)

23-06-2024T13:45:55 - [MESSAGE][PASSED] - Taking screenshot successfully
[[ATTACHMENT|D:\\newRCBCProject\\RCBCLOS_Automation\\Reports\\20240623_133212\\PaperbaseFlows\\PaperbaseWithAndWithout\\EncoderForWith\\20240623_133217\\Screenshots/Encoder23_06_2401_38_50/Regression23_06_24_01_45_52.jpg]]

23-06-2024T13:45:56 - [MESSAGE][PASSED] - Delayed 1 second(s)

23-06-2024T13:45:57 - [MESSAGE][PASSED] - Object: 'Object Repository/BackOfficePaperBase/EncoderPaperbaseCheckEligibility/NTBOrETBCheckPrincipal' is clicked on

23-06-2024T13:45:58 - [MESSAGE][PASSED] - Delayed 1 second(s)

23-06-2024T13:46:04 - [MESSAGE][PASSED] - Object: 'Object Repository/BackOfficePaperBase/EncoderPaperbaseCheckEligibility/NTBOrETBCheckCheckEligibility' is clicked on

23-06-2024T13:46:05 - [MESSAGE][PASSED] - Delayed 1 second(s)

23-06-2024T13:46:06 - [MESSAGE][PASSED] - Delayed 1 second(s)

23-06-2024T13:46:09 - [MESSAGE][PASSED] - Delayed 3 second(s)

23-06-2024T13:46:10 - [MESSAGE][PASSED] - Taking screenshot successfully
[[ATTACHMENT|D:\\newRCBCProject\\RCBCLOS_Automation\\Reports\\20240623_133212\\PaperbaseFlows\\PaperbaseWithAndWithout\\EncoderForWith\\20240623_133217\\Screenshots/Encoder23_06_2401_38_50/Regression23_06_24_01_46_06.jpg]]

23-06-2024T13:46:11 - [MESSAGE][PASSED] - Delayed 1 second(s)

23-06-2024T13:46:11 - [MESSAGE][PASSED] - Object: 'Object Repository/BackOfficePaperBase/EncoderPaperbaseCheckEligibility/NTBOrETBCheckOK' is clicked on

23-06-2024T13:46:12 - [MESSAGE][PASSED] - Delayed 1 second(s)

23-06-2024T13:46:15 - [MESSAGE][PASSED] - Object: 'Object Repository/BackOfficePaperBase/EncoderPaperbaseCheckEligibility/NTBOrETBCheckSaveChanges' is clicked on

23-06-2024T13:46:16 - [MESSAGE][PASSED] - Delayed 1 second(s)

23-06-2024T13:46:17 - [MESSAGE][PASSED] - Delayed 1 second(s)

23-06-2024T13:46:20 - [MESSAGE][PASSED] - Delayed 3 second(s)

23-06-2024T13:46:20 - [MESSAGE][PASSED] - Taking screenshot successfully
[[ATTACHMENT|D:\\newRCBCProject\\RCBCLOS_Automation\\Reports\\20240623_133212\\PaperbaseFlows\\PaperbaseWithAndWithout\\EncoderForWith\\20240623_133217\\Screenshots/Encoder23_06_2401_38_50/Regression23_06_24_01_46_17.jpg]]

23-06-2024T13:46:21 - [MESSAGE][PASSED] - Delayed 1 second(s)

23-06-2024T13:46:22 - [MESSAGE][PASSED] - Object: 'Object Repository/BackOfficePaperBase/EncoderPaperbaseCheckEligibility/TransunionPrincipal' is clicked on

23-06-2024T13:46:23 - [MESSAGE][PASSED] - Delayed 1 second(s)

23-06-2024T13:46:24 - [MESSAGE][PASSED] - Text 'Ok' is set on object 'Object Repository/BackOfficePaperBase/EncoderPaperbaseCheckEligibility/transunionRemark'

23-06-2024T13:46:25 - [MESSAGE][PASSED] - Delayed 1 second(s)

23-06-2024T13:46:31 - [MESSAGE][PASSED] - Object: 'Object Repository/BackOfficePaperBase/EncoderPaperbaseCheckEligibility/TransunionCheckEligibility' is clicked on

23-06-2024T13:46:32 - [MESSAGE][PASSED] - Delayed 1 second(s)

23-06-2024T13:46:33 - [MESSAGE][PASSED] - Delayed 1 second(s)

23-06-2024T13:46:36 - [MESSAGE][PASSED] - Delayed 3 second(s)

23-06-2024T13:46:36 - [MESSAGE][PASSED] - Taking screenshot successfully
[[ATTACHMENT|D:\\newRCBCProject\\RCBCLOS_Automation\\Reports\\20240623_133212\\PaperbaseFlows\\PaperbaseWithAndWithout\\EncoderForWith\\20240623_133217\\Screenshots/Encoder23_06_2401_38_50/Regression23_06_24_01_46_33.jpg]]

23-06-2024T13:46:39 - [MESSAGE][PASSED] - Delayed 3 second(s)

23-06-2024T13:46:40 - [MESSAGE][PASSED] - Object: 'Object Repository/BackOfficePaperBase/EncoderPaperbaseCheckEligibility/transUnionOkButton' is clicked on

23-06-2024T13:46:42 - [MESSAGE][PASSED] - Delayed 2 second(s)

23-06-2024T13:46:43 - [MESSAGE][PASSED] - Object: 'Object Repository/BackOfficePaperBase/EncoderPaperbaseCheckEligibility/TransuinionReport' is clicked on

23-06-2024T13:46:44 - [MESSAGE][PASSED] - Delayed 1 second(s)

23-06-2024T13:46:45 - [MESSAGE][PASSED] - Delayed 1 second(s)

23-06-2024T13:46:48 - [MESSAGE][PASSED] - Delayed 3 second(s)

23-06-2024T13:46:48 - [MESSAGE][PASSED] - Taking screenshot successfully
[[ATTACHMENT|D:\\newRCBCProject\\RCBCLOS_Automation\\Reports\\20240623_133212\\PaperbaseFlows\\PaperbaseWithAndWithout\\EncoderForWith\\20240623_133217\\Screenshots/Encoder23_06_2401_38_50/Regression23_06_24_01_46_45.jpg]]

23-06-2024T13:46:50 - [MESSAGE][PASSED] - Delayed 2 second(s)

23-06-2024T13:46:50 - [MESSAGE][PASSED] - Object 'Object Repository/BackOfficePaperBase/EncoderPaperbaseCheckEligibility/transUnionOkButton' is present

23-06-2024T13:46:51 - [MESSAGE][PASSED] - Object: 'Object Repository/BackOfficePaperBase/EncoderPaperbaseCheckEligibility/transUnionOkButton' is clicked on

23-06-2024T13:46:53 - [MESSAGE][PASSED] - Delayed 1 second(s)

23-06-2024T13:46:55 - [MESSAGE][PASSED] - Object: 'Object Repository/BackOfficePaperBase/EncoderPaperbaseCheckEligibility/TransunionSaveChanges' is clicked on

23-06-2024T13:46:56 - [MESSAGE][PASSED] - Delayed 1 second(s)

23-06-2024T13:46:57 - [MESSAGE][PASSED] - Delayed 1 second(s)

23-06-2024T13:47:00 - [MESSAGE][PASSED] - Delayed 3 second(s)

23-06-2024T13:47:01 - [MESSAGE][PASSED] - Taking screenshot successfully
[[ATTACHMENT|D:\\newRCBCProject\\RCBCLOS_Automation\\Reports\\20240623_133212\\PaperbaseFlows\\PaperbaseWithAndWithout\\EncoderForWith\\20240623_133217\\Screenshots/Encoder23_06_2401_38_50/Regression23_06_24_01_46_57.jpg]]

23-06-2024T13:47:02 - [MESSAGE][PASSED] - Delayed 1 second(s)

23-06-2024T13:47:03 - [MESSAGE][PASSED] - Object: 'Object Repository/BackOfficePaperBase/EncoderPaperbaseCheckEligibility/AccutyPrincipal' is clicked on

23-06-2024T13:47:04 - [MESSAGE][PASSED] - Delayed 1 second(s)

23-06-2024T13:47:21 - [MESSAGE][PASSED] - Object: 'Object Repository/BackOfficePaperBase/EncoderPaperbaseCheckEligibility/AccutyCheckEligibility' is clicked on

23-06-2024T13:47:23 - [MESSAGE][PASSED] - Delayed 1 second(s)

23-06-2024T13:47:24 - [MESSAGE][PASSED] - Delayed 1 second(s)

23-06-2024T13:47:27 - [MESSAGE][PASSED] - Delayed 3 second(s)

23-06-2024T13:47:27 - [MESSAGE][PASSED] - Taking screenshot successfully
[[ATTACHMENT|D:\\newRCBCProject\\RCBCLOS_Automation\\Reports\\20240623_133212\\PaperbaseFlows\\PaperbaseWithAndWithout\\EncoderForWith\\20240623_133217\\Screenshots/Encoder23_06_2401_38_50/Regression23_06_24_01_47_24.jpg]]

23-06-2024T13:47:28 - [MESSAGE][PASSED] - Delayed 1 second(s)

23-06-2024T13:47:28 - [MESSAGE][PASSED] - Object: 'Object Repository/BackOfficePaperBase/EncoderPaperbaseCheckEligibility/DOSRICheckOK' is clicked on

23-06-2024T13:47:32 - [MESSAGE][INFO] - Unable to find the element located by 'By.xpath: //button[text()="×"]'. Please recheck the objects properties to make sure the desired element is located. 

23-06-2024T13:47:32 - [MESSAGE][WARNING] - [SELF-HEALING] Failed to find element with id 'Object Repository/BackOfficePaperBase/EncoderPaperbaseCheckEligibility/crossButtonTemp'. Try using Self-healing.

23-06-2024T13:47:33 - [MESSAGE][INFO] - [SELF-HEALING] No working XPath is found.

23-06-2024T13:47:34 - [MESSAGE][WARNING] - [SELF-HEALING] javascript error: {"status":32,"value":"Unable to locate an element with the xpath expression  because of the following error:\nSyntaxError: Failed to execute 'evaluate' on 'Document': The string '' is not a valid XPath expression."}
  (Session info: chrome=126.0.6478.114)
Build info: version: '3.141.59', revision: 'unknown', time: 'unknown'
System info: host: 'QKNBK2037', ip: '192.168.0.101', os.name: 'Windows 10', os.arch: 'amd64', os.version: '10.0', java.version: '17.0.7'
Driver info: com.kms.katalon.selenium.driver.CChromeDriver
Capabilities {acceptInsecureCerts: false, browserName: chrome, browserVersion: 126.0.6478.114, chrome: {chromedriverVersion: 125.0.6422.60 (3ac3319bff9f..., userDataDir: C:\Users\ADARSH~1.LOH\AppDa...}, fedcm:accounts: true, goog:chromeOptions: {debuggerAddress: localhost:51382}, javascriptEnabled: true, networkConnectionEnabled: false, pageLoadStrategy: normal, platform: WINDOWS, platformName: WINDOWS, proxy: Proxy(), setWindowRect: true, strictFileInteractability: false, timeouts: {implicit: 0, pageLoad: 300000, script: 30000}, unhandledPromptBehavior: dismiss and notify, webauthn:extension:credBlob: true, webauthn:extension:largeBlob: true, webauthn:extension:minPinLength: true, webauthn:extension:prf: true, webauthn:virtualAuthenticators: true}
Session ID: 7514ab1091bb11162d2948638bc8d59f
*** Element info: {Using=xpath, value=}

23-06-2024T13:47:34 - [MESSAGE][WARNING] - [SELF-HEALING] Cannot find elements when the selector is null

23-06-2024T13:47:34 - [MESSAGE][WARNING] - Object 'Object Repository/BackOfficePaperBase/EncoderPaperbaseCheckEligibility/crossButtonTemp' is not present after 2 second(s)

23-06-2024T13:47:35 - [MESSAGE][PASSED] - Delayed 1 second(s)

23-06-2024T13:47:36 - [MESSAGE][PASSED] - All options with index in [1] are selected on object 'Object Repository/BackOfficePaperBase/EncoderPaperbaseCheckEligibility/AccutyResult'

23-06-2024T13:47:37 - [MESSAGE][PASSED] - Delayed 1 second(s)

23-06-2024T13:47:38 - [MESSAGE][PASSED] - Delayed 1 second(s)

23-06-2024T13:47:41 - [MESSAGE][PASSED] - Delayed 3 second(s)

23-06-2024T13:47:41 - [MESSAGE][PASSED] - Taking screenshot successfully
[[ATTACHMENT|D:\\newRCBCProject\\RCBCLOS_Automation\\Reports\\20240623_133212\\PaperbaseFlows\\PaperbaseWithAndWithout\\EncoderForWith\\20240623_133217\\Screenshots/Encoder23_06_2401_38_50/Regression23_06_24_01_47_38.jpg]]

23-06-2024T13:47:42 - [MESSAGE][PASSED] - Delayed 1 second(s)

23-06-2024T13:47:44 - [MESSAGE][PASSED] - Object: 'Object Repository/BackOfficePaperBase/EncoderPaperbaseCheckEligibility/AccutySaveChanges' is clicked on

23-06-2024T13:47:45 - [MESSAGE][PASSED] - Delayed 1 second(s)

23-06-2024T13:47:46 - [MESSAGE][PASSED] - Delayed 1 second(s)

23-06-2024T13:47:49 - [MESSAGE][PASSED] - Delayed 3 second(s)

23-06-2024T13:47:49 - [MESSAGE][PASSED] - Taking screenshot successfully
[[ATTACHMENT|D:\\newRCBCProject\\RCBCLOS_Automation\\Reports\\20240623_133212\\PaperbaseFlows\\PaperbaseWithAndWithout\\EncoderForWith\\20240623_133217\\Screenshots/Encoder23_06_2401_38_50/Regression23_06_24_01_47_46.jpg]]

23-06-2024T13:47:50 - [MESSAGE][PASSED] - Delayed 1 second(s)

23-06-2024T13:47:51 - [MESSAGE][PASSED] - Text '2000' is set on object 'Object Repository/BackOffice/EncoderNSTP/checkEligibility/quickCheckNumericalScore'

23-06-2024T13:47:52 - [MESSAGE][PASSED] - All options with index in [6] are selected on object 'Object Repository/BackOffice/EncoderNSTP/checkEligibility/quickCheckRiskLevel'

23-06-2024T13:47:53 - [MESSAGE][PASSED] - Text '3000' is set on object 'Object Repository/BackOffice/EncoderNSTP/checkEligibility/compreCheckNumricalScore'

23-06-2024T13:47:54 - [MESSAGE][PASSED] - All options with index in [6] are selected on object 'Object Repository/BackOffice/EncoderNSTP/checkEligibility/compreCheckRiskLevel'

23-06-2024T13:47:55 - [MESSAGE][PASSED] - Delayed 1 second(s)

23-06-2024T13:47:56 - [MESSAGE][PASSED] - Delayed 1 second(s)

23-06-2024T13:47:59 - [MESSAGE][PASSED] - Delayed 3 second(s)

23-06-2024T13:47:59 - [MESSAGE][PASSED] - Taking screenshot successfully
[[ATTACHMENT|D:\\newRCBCProject\\RCBCLOS_Automation\\Reports\\20240623_133212\\PaperbaseFlows\\PaperbaseWithAndWithout\\EncoderForWith\\20240623_133217\\Screenshots/Encoder23_06_2401_38_50/Regression23_06_24_01_47_56.jpg]]

23-06-2024T13:47:59 - [MESSAGE][PASSED] - tabSection.CheckEligibility.checkEligibilityForEncoderPaperBased is PASSED

23-06-2024T13:48:02 - [TEST_STEP][PASSED] - Video: Video recording for test case 'Test Cases/Paper_STPWithAndWithoutAPI/Encoder/CheckEligibility' .

23-06-2024T13:48:02 - [MESSAGE][INFO] - Video recording for test case 'Test Cases/Paper_STPWithAndWithoutAPI/Encoder/CheckEligibility' .]]></system-out>
         <system-err><![CDATA[]]></system-err>
      </testcase>
      <testcase name="Test Cases/Paper_STPWithAndWithoutAPI/Encoder/CreditEvaluation" time="3.079" classname="Test Cases/Paper_STPWithAndWithoutAPI/Encoder/CreditEvaluation" status="PASSED">
         <system-out><![CDATA[23-06-2024T13:48:02 - [TEST_CASE][PASSED] - Test Cases/Paper_STPWithAndWithoutAPI/Encoder/CreditEvaluation: Test Cases/Paper_STPWithAndWithoutAPI/Encoder/CreditEvaluation

23-06-2024T13:48:02 - [TEST_STEP][PASSED] - tabSection.CreditEvaluation.creditEvaluationForEncoderPaperBased(): tabSection.CreditEvaluation.creditEvaluationForEncoderPaperBased is PASSED

23-06-2024T13:48:03 - [MESSAGE][PASSED] - Object: 'Object Repository/TabSection/creditEvaluation' is clicked on

23-06-2024T13:48:03 - [MESSAGE][PASSED] - tabSection.CreditEvaluation.creditEvaluationForEncoderPaperBased is PASSED

23-06-2024T13:48:05 - [TEST_STEP][PASSED] - Video: Video recording for test case 'Test Cases/Paper_STPWithAndWithoutAPI/Encoder/CreditEvaluation' .

23-06-2024T13:48:05 - [MESSAGE][INFO] - Video recording for test case 'Test Cases/Paper_STPWithAndWithoutAPI/Encoder/CreditEvaluation' .]]></system-out>
         <system-err><![CDATA[]]></system-err>
      </testcase>
      <testcase name="Test Cases/Paper_STPWithAndWithoutAPI/Encoder/CreditInvestigation" time="8.691" classname="Test Cases/Paper_STPWithAndWithoutAPI/Encoder/CreditInvestigation" status="PASSED">
         <system-out><![CDATA[23-06-2024T13:48:05 - [TEST_CASE][PASSED] - Test Cases/Paper_STPWithAndWithoutAPI/Encoder/CreditInvestigation: Test Cases/Paper_STPWithAndWithoutAPI/Encoder/CreditInvestigation

23-06-2024T13:48:05 - [TEST_STEP][PASSED] - tabSection.CreditInvestigation.creditInvestigationForEncoderPaperbased(): tabSection.CreditInvestigation.creditInvestigationForEncoderPaperbased is PASSED

23-06-2024T13:48:06 - [MESSAGE][PASSED] - Object: 'Object Repository/TabSection/creditInvestigation' is clicked on

23-06-2024T13:48:07 - [MESSAGE][PASSED] - Delayed 1 second(s)

23-06-2024T13:48:08 - [MESSAGE][PASSED] - Delayed 1 second(s)

23-06-2024T13:48:11 - [MESSAGE][PASSED] - Delayed 3 second(s)

23-06-2024T13:48:11 - [MESSAGE][PASSED] - Taking screenshot successfully
[[ATTACHMENT|D:\\newRCBCProject\\RCBCLOS_Automation\\Reports\\20240623_133212\\PaperbaseFlows\\PaperbaseWithAndWithout\\EncoderForWith\\20240623_133217\\Screenshots/Encoder23_06_2401_38_50/Regression23_06_24_01_48_08.jpg]]

23-06-2024T13:48:12 - [MESSAGE][PASSED] - Object: 'Object Repository/TabSection/nextArrowButton' is clicked on

23-06-2024T13:48:12 - [MESSAGE][PASSED] - tabSection.CreditInvestigation.creditInvestigationForEncoderPaperbased is PASSED

23-06-2024T13:48:14 - [TEST_STEP][PASSED] - Video: Video recording for test case 'Test Cases/Paper_STPWithAndWithoutAPI/Encoder/CreditInvestigation' .

23-06-2024T13:48:14 - [MESSAGE][INFO] - Video recording for test case 'Test Cases/Paper_STPWithAndWithoutAPI/Encoder/CreditInvestigation' .]]></system-out>
         <system-err><![CDATA[]]></system-err>
      </testcase>
      <testcase name="Test Cases/Paper_STPWithAndWithoutAPI/Encoder/InsuranceInformation" time="8.635" classname="Test Cases/Paper_STPWithAndWithoutAPI/Encoder/InsuranceInformation" status="PASSED">
         <system-out><![CDATA[23-06-2024T13:48:14 - [TEST_CASE][PASSED] - Test Cases/Paper_STPWithAndWithoutAPI/Encoder/InsuranceInformation: Test Cases/Paper_STPWithAndWithoutAPI/Encoder/InsuranceInformation

23-06-2024T13:48:14 - [TEST_STEP][PASSED] - tabSection.InsuranceInformation.insuranceInformationForEncoderPaperBased(): tabSection.InsuranceInformation.insuranceInformationForEncoderPaperBased is PASSED

23-06-2024T13:48:14 - [MESSAGE][PASSED] - Object: 'Object Repository/TabSection/InsuranceInformation' is clicked on

23-06-2024T13:48:15 - [MESSAGE][PASSED] - Delayed 1 second(s)

23-06-2024T13:48:17 - [MESSAGE][PASSED] - Delayed 1 second(s)

23-06-2024T13:48:20 - [MESSAGE][PASSED] - Delayed 3 second(s)

23-06-2024T13:48:20 - [MESSAGE][PASSED] - Taking screenshot successfully
[[ATTACHMENT|D:\\newRCBCProject\\RCBCLOS_Automation\\Reports\\20240623_133212\\PaperbaseFlows\\PaperbaseWithAndWithout\\EncoderForWith\\20240623_133217\\Screenshots/Encoder23_06_2401_38_50/Regression23_06_24_01_48_17.jpg]]

23-06-2024T13:48:20 - [MESSAGE][PASSED] - Object: 'Object Repository/TabSection/nextArrowButton' is clicked on

23-06-2024T13:48:20 - [MESSAGE][PASSED] - tabSection.InsuranceInformation.insuranceInformationForEncoderPaperBased is PASSED

23-06-2024T13:48:22 - [TEST_STEP][PASSED] - Video: Video recording for test case 'Test Cases/Paper_STPWithAndWithoutAPI/Encoder/InsuranceInformation' .

23-06-2024T13:48:22 - [MESSAGE][INFO] - Video recording for test case 'Test Cases/Paper_STPWithAndWithoutAPI/Encoder/InsuranceInformation' .]]></system-out>
         <system-err><![CDATA[]]></system-err>
      </testcase>
      <testcase name="Test Cases/Paper_STPWithAndWithoutAPI/Encoder/DisbursementInformation" time="8.895" classname="Test Cases/Paper_STPWithAndWithoutAPI/Encoder/DisbursementInformation" status="PASSED">
         <system-out><![CDATA[23-06-2024T13:48:22 - [TEST_CASE][PASSED] - Test Cases/Paper_STPWithAndWithoutAPI/Encoder/DisbursementInformation: Test Cases/Paper_STPWithAndWithoutAPI/Encoder/DisbursementInformation

23-06-2024T13:48:23 - [TEST_STEP][PASSED] - tabSection.DisbursementInfo.disbursementInformationForEncoderPaperbased(): tabSection.DisbursementInfo.disbursementInformationForEncoderPaperbased is PASSED

23-06-2024T13:48:23 - [MESSAGE][PASSED] - Object: 'Object Repository/TabSection/DisbursementInformation' is clicked on

23-06-2024T13:48:24 - [MESSAGE][PASSED] - Delayed 1 second(s)

23-06-2024T13:48:25 - [MESSAGE][PASSED] - Delayed 1 second(s)

23-06-2024T13:48:28 - [MESSAGE][PASSED] - Delayed 3 second(s)

23-06-2024T13:48:29 - [MESSAGE][PASSED] - Taking screenshot successfully
[[ATTACHMENT|D:\\newRCBCProject\\RCBCLOS_Automation\\Reports\\20240623_133212\\PaperbaseFlows\\PaperbaseWithAndWithout\\EncoderForWith\\20240623_133217\\Screenshots/Encoder23_06_2401_38_50/Regression23_06_24_01_48_25.jpg]]

23-06-2024T13:48:29 - [MESSAGE][PASSED] - Object: 'Object Repository/TabSection/nextArrowButton' is clicked on

23-06-2024T13:48:29 - [MESSAGE][PASSED] - tabSection.DisbursementInfo.disbursementInformationForEncoderPaperbased is PASSED

23-06-2024T13:48:31 - [TEST_STEP][PASSED] - Video: Video recording for test case 'Test Cases/Paper_STPWithAndWithoutAPI/Encoder/DisbursementInformation' .

23-06-2024T13:48:31 - [MESSAGE][INFO] - Video recording for test case 'Test Cases/Paper_STPWithAndWithoutAPI/Encoder/DisbursementInformation' .]]></system-out>
         <system-err><![CDATA[]]></system-err>
      </testcase>
      <testcase name="Test Cases/Paper_STPWithAndWithoutAPI/Encoder/Action" time="88.447" classname="Test Cases/Paper_STPWithAndWithoutAPI/Encoder/Action" status="PASSED">
         <system-out><![CDATA[23-06-2024T13:48:31 - [TEST_CASE][PASSED] - Test Cases/Paper_STPWithAndWithoutAPI/Encoder/Action: Test Cases/Paper_STPWithAndWithoutAPI/Encoder/Action

23-06-2024T13:48:31 - [TEST_STEP][PASSED] - tabSection.Action.submitForAO(): tabSection.Action.submitForAO is PASSED

23-06-2024T13:48:34 - [MESSAGE][PASSED] - Object: 'Object Repository/TabSection/Action' is clicked on

23-06-2024T13:48:34 - [MESSAGE][PASSED] - Object 'Object Repository/Action/Decision' is visible

23-06-2024T13:48:35 - [MESSAGE][PASSED] - All options with index in [1] are selected on object 'Object Repository/Action/Decision'

23-06-2024T13:48:36 - [MESSAGE][PASSED] - Text 'OK' is set on object 'Object Repository/Action/Remarks'

23-06-2024T13:48:36 - [MESSAGE][PASSED] - Current window's title is: 'Encoder : LOS-3359'

23-06-2024T13:48:36 - [MESSAGE][PASSED] - Text of object 'Object Repository/Action/referenceNumber' is: 'Encoder : LOS-3359'

23-06-2024T13:48:36 - [MESSAGE][INFO] - LOS-3359

23-06-2024T13:48:51 - [MESSAGE][PASSED] - Object: 'Object Repository/Action/SubmitButton' is clicked on

23-06-2024T13:48:52 - [MESSAGE][PASSED] - Delayed 1 second(s)

23-06-2024T13:48:53 - [MESSAGE][PASSED] - Delayed 1 second(s)

23-06-2024T13:48:56 - [MESSAGE][PASSED] - Delayed 3 second(s)

23-06-2024T13:48:56 - [MESSAGE][PASSED] - Taking screenshot successfully
[[ATTACHMENT|D:\\newRCBCProject\\RCBCLOS_Automation\\Reports\\20240623_133212\\PaperbaseFlows\\PaperbaseWithAndWithout\\EncoderForWith\\20240623_133217\\Screenshots/Encoder23_06_2401_38_50/Regression23_06_24_01_48_53.jpg]]

23-06-2024T13:49:00 - [MESSAGE][PASSED] - Object: 'Object Repository/Action/confirmYes' is clicked on

23-06-2024T13:49:55 - [MESSAGE][WARNING] - Cannot find window with title: 'LoanPortal' (Root cause: com.kms.katalon.core.exception.StepFailedException: Cannot find window with title: 'LoanPortal'
	at com.kms.katalon.core.webui.keyword.internal.WebUIKeywordMain.stepFailed(WebUIKeywordMain.groovy:64)
	at com.kms.katalon.core.webui.keyword.builtin.SwitchToWindowTitleKeyword$_switchToWindowTitle_closure1.doCall(SwitchToWindowTitleKeyword.groovy:82)
	at com.kms.katalon.core.webui.keyword.builtin.SwitchToWindowTitleKeyword$_switchToWindowTitle_closure1.call(SwitchToWindowTitleKeyword.groovy)
	at com.kms.katalon.core.webui.keyword.internal.WebUIKeywordMain.runKeyword(WebUIKeywordMain.groovy:20)
	at com.kms.katalon.core.webui.keyword.builtin.SwitchToWindowTitleKeyword.switchToWindowTitle(SwitchToWindowTitleKeyword.groovy:84)
	at com.kms.katalon.core.webui.keyword.builtin.SwitchToWindowTitleKeyword.execute(SwitchToWindowTitleKeyword.groovy:67)
	at com.kms.katalon.core.keyword.internal.KeywordExecutor.executeKeywordForPlatform(KeywordExecutor.groovy:74)
	at com.kms.katalon.core.webui.keyword.WebUiBuiltInKeywords.switchToWindowTitle(WebUiBuiltInKeywords.groovy:1809)
	at tabSection.Action.submitForAO(Action.groovy:63)
	at java.base/jdk.internal.reflect.NativeMethodAccessorImpl.invoke0(Native Method)
	at java.base/jdk.internal.reflect.NativeMethodAccessorImpl.invoke(NativeMethodAccessorImpl.java:77)
	at java.base/jdk.internal.reflect.DelegatingMethodAccessorImpl.invoke(DelegatingMethodAccessorImpl.java:43)
	at com.kms.katalon.core.main.CustomKeywordDelegatingMetaClass.invokeStaticMethod(CustomKeywordDelegatingMetaClass.java:55)
	at Action.run(Action:20)
	at com.kms.katalon.core.main.ScriptEngine.run(ScriptEngine.java:194)
	at com.kms.katalon.core.main.ScriptEngine.runScriptAsRawText(ScriptEngine.java:119)
	at com.kms.katalon.core.main.TestCaseExecutor.runScript(TestCaseExecutor.java:448)
	at com.kms.katalon.core.main.TestCaseExecutor.doExecute(TestCaseExecutor.java:439)
	at com.kms.katalon.core.main.TestCaseExecutor.processExecutionPhase(TestCaseExecutor.java:418)
	at com.kms.katalon.core.main.TestCaseExecutor.accessMainPhase(TestCaseExecutor.java:410)
	at com.kms.katalon.core.main.TestCaseExecutor.execute(TestCaseExecutor.java:285)
	at com.kms.katalon.core.common.CommonExecutor.accessTestCaseMainPhase(CommonExecutor.java:65)
	at com.kms.katalon.core.main.TestSuiteExecutor.accessTestSuiteMainPhase(TestSuiteExecutor.java:150)
	at com.kms.katalon.core.main.TestSuiteExecutor.execute(TestSuiteExecutor.java:106)
	at com.kms.katalon.core.main.TestCaseMain.startTestSuite(TestCaseMain.java:180)
	at TempTestSuite1719129737235.run(TempTestSuite1719129737235.groovy:35)
	at java.base/jdk.internal.reflect.NativeMethodAccessorImpl.invoke0(Native Method)
	at java.base/jdk.internal.reflect.NativeMethodAccessorImpl.invoke(NativeMethodAccessorImpl.java:77)
	at java.base/jdk.internal.reflect.DelegatingMethodAccessorImpl.invoke(DelegatingMethodAccessorImpl.java:43)
)
[[ATTACHMENT|D:\\newRCBCProject\\RCBCLOS_Automation\\Reports\\20240623_133212\\PaperbaseFlows\\PaperbaseWithAndWithout\\EncoderForWith\\20240623_133217\\1719130795709.png]]

23-06-2024T13:49:57 - [MESSAGE][PASSED] - Delayed 2 second(s)

23-06-2024T13:49:57 - [MESSAGE][PASSED] - tabSection.Action.submitForAO is PASSED

23-06-2024T13:50:00 - [TEST_STEP][PASSED] - Video: Video recording for test case 'Test Cases/Paper_STPWithAndWithoutAPI/Encoder/Action' .

23-06-2024T13:50:00 - [MESSAGE][INFO] - Video recording for test case 'Test Cases/Paper_STPWithAndWithoutAPI/Encoder/Action' .]]></system-out>
         <system-err><![CDATA[]]></system-err>
      </testcase>
      <testcase name="Test Cases/LogOut/logout" time="21.604" classname="Test Cases/LogOut/logout" status="PASSED">
         <system-out><![CDATA[23-06-2024T13:50:00 - [TEST_CASE][PASSED] - Test Cases/LogOut/logout: Test Cases/LogOut/logout

23-06-2024T13:50:00 - [TEST_STEP][PASSED] - signOutibps.SignOut.logout(): signOutibps.SignOut.logout is PASSED

23-06-2024T13:50:00 - [MESSAGE][PASSED] - Switched to window with index: '0'

23-06-2024T13:50:01 - [MESSAGE][PASSED] - Delayed 1 second(s)

23-06-2024T13:50:02 - [MESSAGE][PASSED] - All options with index in [2] are selected on object 'Object Repository/ibpsLogOut/selectProcess'

23-06-2024T13:50:03 - [MESSAGE][PASSED] - Delayed 1 second(s)

23-06-2024T13:50:04 - [MESSAGE][PASSED] - Object: 'Object Repository/ibpsLogOut/searchBar' is double clicked on

23-06-2024T13:50:04 - [MESSAGE][PASSED] - Keys 'LOS-3359' sent to object: 'Object Repository/ibpsLogOut/searchBar'

23-06-2024T13:50:04 - [MESSAGE][PASSED] - Keys 'ENTER + ' sent to object: 'Object Repository/ibpsLogOut/searchBar'

23-06-2024T13:50:05 - [MESSAGE][PASSED] - Delayed 1 second(s)

23-06-2024T13:50:06 - [MESSAGE][PASSED] - Delayed 1 second(s)

23-06-2024T13:50:09 - [MESSAGE][PASSED] - Delayed 3 second(s)

23-06-2024T13:50:10 - [MESSAGE][PASSED] - Taking screenshot successfully
[[ATTACHMENT|D:\\newRCBCProject\\RCBCLOS_Automation\\Reports\\20240623_133212\\PaperbaseFlows\\PaperbaseWithAndWithout\\EncoderForWith\\20240623_133217\\Screenshots/Encoder23_06_2401_38_50/Regression23_06_24_01_50_06.jpg]]

23-06-2024T13:50:12 - [MESSAGE][PASSED] - Delayed 2 second(s)

23-06-2024T13:50:12 - [MESSAGE][PASSED] - Object: 'Object Repository/ibpsLogOut/label_QK_CO7' is clicked on

23-06-2024T13:50:14 - [MESSAGE][PASSED] - Delayed 2 second(s)

23-06-2024T13:50:14 - [MESSAGE][PASSED] - Object: 'Object Repository/ibpsLogOut/Logout' is clicked on

23-06-2024T13:50:15 - [MESSAGE][PASSED] - Delayed 1 second(s)

23-06-2024T13:50:16 - [MESSAGE][PASSED] - Delayed 1 second(s)

23-06-2024T13:50:19 - [MESSAGE][PASSED] - Delayed 3 second(s)

23-06-2024T13:50:19 - [MESSAGE][PASSED] - Taking screenshot successfully
[[ATTACHMENT|D:\\newRCBCProject\\RCBCLOS_Automation\\Reports\\20240623_133212\\PaperbaseFlows\\PaperbaseWithAndWithout\\EncoderForWith\\20240623_133217\\Screenshots/Encoder23_06_2401_38_50/Regression23_06_24_01_50_16.jpg]]

23-06-2024T13:50:19 - [MESSAGE][PASSED] - signOutibps.SignOut.logout is PASSED

23-06-2024T13:50:21 - [TEST_STEP][PASSED] - Video: Video recording for test case 'Test Cases/LogOut/logout' .

23-06-2024T13:50:21 - [MESSAGE][INFO] - Video recording for test case 'Test Cases/LogOut/logout' .]]></system-out>
         <system-err><![CDATA[]]></system-err>
      </testcase>
      <system-out><![CDATA[23-06-2024T13:38:18 - [TEST_SUITE][PASSED] - EncoderForWith: Test Cases/LogOut/logout]]></system-out>
      <system-err><![CDATA[]]></system-err>
   </testsuite>
</testsuites>
