<?xml version="1.0" encoding="UTF-8"?>
<testsuites name="VouchingInAO" time="102.21" tests="7" failures="0" errors="0">
   <testsuite name="VouchingInAO" tests="7" failures="0" errors="0" time="102.21" skipped="0" timestamp="27-06-2024T18:14:24" hostname="Adarsh.Lohar - QKNBK2037.qkcorp.qualitykiosk.com" id="Test Suites/DigitalFlows/DigitalNSTPVouchingMRAC/VouchingInAO">
      <properties>
         <property name="deviceName" value=""/>
         <property name="devicePlatform"/>
         <property name="logFolder" value="D:\\newRCBCProject\\RCBCLOS_Automation\\Reports\\20240627_181416\\DigitalFlows\\DigitalNSTPVouchingMRAC\\VouchingInAO\\20240627_181416"/>
         <property name="logFiles" value="D:\\newRCBCProject\\RCBCLOS_Automation\\Reports\\20240627_181416\\DigitalFlows\\DigitalNSTPVouchingMRAC\\VouchingInAO\\20240627_181416\\execution0.log"/>
         <property name="attachments" value="D:\\newRCBCProject\\RCBCLOS_Automation\\Reports\\20240627_181416\\DigitalFlows\\DigitalNSTPVouchingMRAC\\VouchingInAO\\20240627_181416\\Screenshots/AccountOfficer27_06_2406_14_37/Regression27_06_24_06_14_38.jpg, D:\\newRCBCProject\\RCBCLOS_Automation\\Reports\\20240627_181416\\DigitalFlows\\DigitalNSTPVouchingMRAC\\VouchingInAO\\20240627_181416\\Screenshots/AccountOfficer27_06_2406_14_37/Regression27_06_24_06_14_56.jpg, D:\\newRCBCProject\\RCBCLOS_Automation\\Reports\\20240627_181416\\DigitalFlows\\DigitalNSTPVouchingMRAC\\VouchingInAO\\20240627_181416\\Screenshots/AccountOfficer27_06_2406_14_37/Regression27_06_24_06_15_11.jpg, D:\\newRCBCProject\\RCBCLOS_Automation\\Reports\\20240627_181416\\DigitalFlows\\DigitalNSTPVouchingMRAC\\VouchingInAO\\20240627_181416\\Screenshots/AccountOfficer27_06_2406_14_37/Regression27_06_24_06_15_18.jpg, D:\\newRCBCProject\\RCBCLOS_Automation\\Reports\\20240627_181416\\DigitalFlows\\DigitalNSTPVouchingMRAC\\VouchingInAO\\20240627_181416\\Screenshots/AccountOfficer27_06_2406_14_37/Regression27_06_24_06_15_28.jpg, D:\\newRCBCProject\\RCBCLOS_Automation\\Reports\\20240627_181416\\DigitalFlows\\DigitalNSTPVouchingMRAC\\VouchingInAO\\20240627_181416\\Screenshots/AccountOfficer27_06_2406_14_37/Regression27_06_24_06_15_33.jpg, D:\\newRCBCProject\\RCBCLOS_Automation\\Reports\\20240627_181416\\DigitalFlows\\DigitalNSTPVouchingMRAC\\VouchingInAO\\20240627_181416\\1719492341019.png, D:\\newRCBCProject\\RCBCLOS_Automation\\Reports\\20240627_181416\\DigitalFlows\\DigitalNSTPVouchingMRAC\\VouchingInAO\\20240627_181416\\Screenshots/AccountOfficer27_06_2406_14_37/Regression27_06_24_06_15_43.jpg, D:\\newRCBCProject\\RCBCLOS_Automation\\Reports\\20240627_181416\\DigitalFlows\\DigitalNSTPVouchingMRAC\\VouchingInAO\\20240627_181416\\Screenshots/AccountOfficer27_06_2406_14_37/Regression27_06_24_06_15_56.jpg, D:\\newRCBCProject\\RCBCLOS_Automation\\Reports\\20240627_181416\\DigitalFlows\\DigitalNSTPVouchingMRAC\\VouchingInAO\\20240627_181416\\Screenshots/AccountOfficer27_06_2406_14_37/Regression27_06_24_06_16_03.jpg"/>
         <property name="hostName" value="Adarsh.Lohar - QKNBK2037.qkcorp.qualitykiosk.com"/>
         <property name="os" value="Windows 10 64bit"/>
         <property name="katalonVersion" value="9.5.0.217"/>
         <property name="browser" value="Chrome 126.0.0.0"/>
         <property name="hostAddress" value="10.0.6.77"/>
         <property name="sessionId" value="113c40f8c9aba3b2f644dd6fc20f0533"/>
         <property name="seleniumVersion" value="3.141.59"/>
         <property name="proxyInformation" value="ProxyInformation { proxyOption=NO_PROXY, proxyServerType=HTTP, username=, password=********, proxyServerAddress=, proxyServerPort=0, executionList=&quot;&quot;, isApplyToDesiredCapabilities=true }"/>
         <property name="platform" value="Windows 10"/>
      </properties>
      <testcase name="Test Cases/NSTP_VouchingMRAC/Vouching/loginPage" time="22.374" classname="Test Cases/NSTP_VouchingMRAC/Vouching/loginPage" status="PASSED">
         <system-out><![CDATA[27-06-2024T18:14:25 - [TEST_CASE][PASSED] - Test Cases/NSTP_VouchingMRAC/Vouching/loginPage: Test Cases/NSTP_VouchingMRAC/Vouching/loginPage

27-06-2024T18:14:26 - [TEST_STEP][PASSED] - accountOfficer.LoginForibpsAO.login(): accountOfficer.LoginForibpsAO.login is PASSED

27-06-2024T18:14:27 - [MESSAGE][INFO] - Starting 'Chrome' driver

27-06-2024T18:14:27 - [MESSAGE][INFO] - User set preference: ['args', '[--incognito]']

27-06-2024T18:14:27 - [MESSAGE][INFO] - Action delay is set to 0 milliseconds

27-06-2024T18:14:33 - [MESSAGE][PASSED] - Browser is opened with url: ''

27-06-2024T18:14:33 - [MESSAGE][PASSED] - Current window maximized

27-06-2024T18:14:34 - [MESSAGE][PASSED] - Navigate to 'https://rcbcuat.nonprodnmc.com/omniapp' successfully

27-06-2024T18:14:36 - [MESSAGE][PASSED] - Text 'QK_AO7' is set on object 'Object Repository/BackOffice/ibpsLogin/userName'

27-06-2024T18:14:36 - [MESSAGE][PASSED] - Text ****** has been set on object 'Object Repository/BackOffice/ibpsLogin/password'

27-06-2024T18:14:37 - [MESSAGE][PASSED] - Delayed 1 second(s)

27-06-2024T18:14:38 - [MESSAGE][PASSED] - Delayed 1 second(s)

27-06-2024T18:14:39 - [MESSAGE][PASSED] - Delayed 1 second(s)

27-06-2024T18:14:40 - [MESSAGE][PASSED] - Taking screenshot successfully
[[ATTACHMENT|D:\\newRCBCProject\\RCBCLOS_Automation\\Reports\\20240627_181416\\DigitalFlows\\DigitalNSTPVouchingMRAC\\VouchingInAO\\20240627_181416\\Screenshots/AccountOfficer27_06_2406_14_37/Regression27_06_24_06_14_38.jpg]]

27-06-2024T18:14:40 - [MESSAGE][PASSED] - Object: 'Object Repository/BackOffice/ibpsLogin/loginButton' is clicked on

27-06-2024T18:14:42 - [MESSAGE][PASSED] - Delayed 2 second(s)

27-06-2024T18:14:45 - [MESSAGE][WARNING] - Object 'Object Repository/BackOffice/ibpsLogin/text' is not visible after 2 second(s)

27-06-2024T18:14:45 - [MESSAGE][PASSED] - accountOfficer.LoginForibpsAO.login is PASSED

27-06-2024T18:14:47 - [TEST_STEP][PASSED] - Video: Video recording for test case 'Test Cases/NSTP_VouchingMRAC/Vouching/loginPage' .

27-06-2024T18:14:47 - [MESSAGE][INFO] - Video recording for test case 'Test Cases/NSTP_VouchingMRAC/Vouching/loginPage' .]]></system-out>
         <system-err><![CDATA[]]></system-err>
      </testcase>
      <testcase name="Test Cases/NSTP_VouchingMRAC/Vouching/HomePage" time="15.378" classname="Test Cases/NSTP_VouchingMRAC/Vouching/HomePage" status="PASSED">
         <system-out><![CDATA[27-06-2024T18:14:47 - [TEST_CASE][PASSED] - Test Cases/NSTP_VouchingMRAC/Vouching/HomePage: Test Cases/NSTP_VouchingMRAC/Vouching/HomePage

27-06-2024T18:14:47 - [TEST_STEP][PASSED] - accountOfficer.HomePageForibpsAO.selectResistration(): accountOfficer.HomePageForibpsAO.selectResistration is PASSED

27-06-2024T18:14:47 - [MESSAGE][PASSED] - Wait for page load successfully

27-06-2024T18:14:49 - [MESSAGE][PASSED] - Delayed 2 second(s)

27-06-2024T18:14:49 - [MESSAGE][PASSED] - Object 'Object Repository/BackOffice/AO/ibpsHomePage/accountOfficer' is clickable

27-06-2024T18:14:53 - [MESSAGE][PASSED] - Delayed 3 second(s)

27-06-2024T18:14:53 - [MESSAGE][INFO] -  ******** LOS-3546

27-06-2024T18:14:55 - [MESSAGE][PASSED] - Delayed 2 second(s)

27-06-2024T18:14:56 - [MESSAGE][PASSED] - Delayed 1 second(s)

27-06-2024T18:14:57 - [MESSAGE][PASSED] - Delayed 1 second(s)

27-06-2024T18:14:57 - [MESSAGE][PASSED] - Taking screenshot successfully
[[ATTACHMENT|D:\\newRCBCProject\\RCBCLOS_Automation\\Reports\\20240627_181416\\DigitalFlows\\DigitalNSTPVouchingMRAC\\VouchingInAO\\20240627_181416\\Screenshots/AccountOfficer27_06_2406_14_37/Regression27_06_24_06_14_56.jpg]]

27-06-2024T18:15:00 - [MESSAGE][PASSED] - Delayed 2 second(s)

27-06-2024T18:15:00 - [MESSAGE][PASSED] - accountOfficer.HomePageForibpsAO.selectResistration is PASSED

27-06-2024T18:15:02 - [TEST_STEP][PASSED] - Video: Video recording for test case 'Test Cases/NSTP_VouchingMRAC/Vouching/HomePage' .

27-06-2024T18:15:02 - [MESSAGE][INFO] - Video recording for test case 'Test Cases/NSTP_VouchingMRAC/Vouching/HomePage' .]]></system-out>
         <system-err><![CDATA[]]></system-err>
      </testcase>
      <testcase name="Test Cases/NSTP_VouchingMRAC/Vouching/clientInfo" time="11.97" classname="Test Cases/NSTP_VouchingMRAC/Vouching/clientInfo" status="PASSED">
         <system-out><![CDATA[27-06-2024T18:15:02 - [TEST_CASE][PASSED] - Test Cases/NSTP_VouchingMRAC/Vouching/clientInfo: Test Cases/NSTP_VouchingMRAC/Vouching/clientInfo

27-06-2024T18:15:03 - [TEST_STEP][PASSED] - tabSection.CustomerDetail.clientInformationCommon(): tabSection.CustomerDetail.clientInformationCommon is PASSED

27-06-2024T18:15:03 - [MESSAGE][PASSED] - Wait for page load successfully

27-06-2024T18:15:04 - [MESSAGE][PASSED] - Delayed 1 second(s)

27-06-2024T18:15:04 - [MESSAGE][PASSED] - Current window's index is: 0

27-06-2024T18:15:04 - [MESSAGE][PASSED] - Switched to window with index: '1'

27-06-2024T18:15:10 - [MESSAGE][PASSED] - Attribute 'title' of object 'Object Repository/ClientInformationPreRelease/creditProgram' is: ''

27-06-2024T18:15:10 - [MESSAGE][PASSED] - Text of object 'Object Repository/Action/referenceNumber' is: 'Vouching : LOS-3546'

27-06-2024T18:15:10 - [MESSAGE][INFO] - Vouching : LOS-3546 Contains LOS-3546

27-06-2024T18:15:10 - [MESSAGE][INFO] - Ready to go....

27-06-2024T18:15:11 - [MESSAGE][PASSED] - Delayed 1 second(s)

27-06-2024T18:15:12 - [MESSAGE][PASSED] - Delayed 1 second(s)

27-06-2024T18:15:12 - [MESSAGE][PASSED] - Taking screenshot successfully
[[ATTACHMENT|D:\\newRCBCProject\\RCBCLOS_Automation\\Reports\\20240627_181416\\DigitalFlows\\DigitalNSTPVouchingMRAC\\VouchingInAO\\20240627_181416\\Screenshots/AccountOfficer27_06_2406_14_37/Regression27_06_24_06_15_11.jpg]]

27-06-2024T18:15:12 - [MESSAGE][PASSED] - tabSection.CustomerDetail.clientInformationCommon is PASSED

27-06-2024T18:15:14 - [TEST_STEP][PASSED] - Video: Video recording for test case 'Test Cases/NSTP_VouchingMRAC/Vouching/clientInfo' .

27-06-2024T18:15:14 - [MESSAGE][INFO] - Video recording for test case 'Test Cases/NSTP_VouchingMRAC/Vouching/clientInfo' .]]></system-out>
         <system-err><![CDATA[]]></system-err>
      </testcase>
      <testcase name="Test Cases/NSTP_VouchingMRAC/Vouching/LoanInformation" time="7.937" classname="Test Cases/NSTP_VouchingMRAC/Vouching/LoanInformation" status="PASSED">
         <system-out><![CDATA[27-06-2024T18:15:14 - [TEST_CASE][PASSED] - Test Cases/NSTP_VouchingMRAC/Vouching/LoanInformation: Test Cases/NSTP_VouchingMRAC/Vouching/LoanInformation

27-06-2024T18:15:14 - [TEST_STEP][PASSED] - tabSection.LoanInformation.loanInfoCommon(): tabSection.LoanInformation.loanInfoCommon is PASSED

27-06-2024T18:15:16 - [MESSAGE][PASSED] - Delayed 1 second(s)

27-06-2024T18:15:16 - [MESSAGE][PASSED] - Object: 'Object Repository/TabSection/LoanInformation' is clicked on

27-06-2024T18:15:17 - [MESSAGE][PASSED] - Delayed 1 second(s)

27-06-2024T18:15:18 - [MESSAGE][PASSED] - Delayed 1 second(s)

27-06-2024T18:15:19 - [MESSAGE][PASSED] - Delayed 1 second(s)

27-06-2024T18:15:19 - [MESSAGE][PASSED] - Taking screenshot successfully
[[ATTACHMENT|D:\\newRCBCProject\\RCBCLOS_Automation\\Reports\\20240627_181416\\DigitalFlows\\DigitalNSTPVouchingMRAC\\VouchingInAO\\20240627_181416\\Screenshots/AccountOfficer27_06_2406_14_37/Regression27_06_24_06_15_18.jpg]]

27-06-2024T18:15:20 - [MESSAGE][PASSED] - Delayed 1 second(s)

27-06-2024T18:15:20 - [MESSAGE][PASSED] - tabSection.LoanInformation.loanInfoCommon is PASSED

27-06-2024T18:15:22 - [TEST_STEP][PASSED] - Video: Video recording for test case 'Test Cases/NSTP_VouchingMRAC/Vouching/LoanInformation' .

27-06-2024T18:15:22 - [MESSAGE][INFO] - Video recording for test case 'Test Cases/NSTP_VouchingMRAC/Vouching/LoanInformation' .]]></system-out>
         <system-err><![CDATA[]]></system-err>
      </testcase>
      <testcase name="Test Cases/NSTP_VouchingMRAC/Vouching/Vouching" time="13.775" classname="Test Cases/NSTP_VouchingMRAC/Vouching/Vouching" status="PASSED">
         <system-out><![CDATA[27-06-2024T18:15:22 - [TEST_CASE][PASSED] - Test Cases/NSTP_VouchingMRAC/Vouching/Vouching: Test Cases/NSTP_VouchingMRAC/Vouching/Vouching

27-06-2024T18:15:22 - [TEST_STEP][PASSED] - tabSection.vouching.VouchingForAll(): tabSection.vouching.VouchingForAll is PASSED

27-06-2024T18:15:23 - [MESSAGE][PASSED] - Object: 'Object Repository/TabSection/Vouching' is clicked on

27-06-2024T18:15:24 - [MESSAGE][PASSED] - All options with index in [1] are selected on object 'Object Repository/Vouching/resisdenceCategory'

27-06-2024T18:15:24 - [MESSAGE][PASSED] - Text '22/05/1996' is set on object 'Object Repository/Vouching/BorrowerSpouseDateOfBirth'

27-06-2024T18:15:25 - [MESSAGE][PASSED] - Text '70000' is set on object 'Object Repository/Vouching/BorrowerGrossMonthlyIncome'

27-06-2024T18:15:26 - [MESSAGE][PASSED] - Text '0' is set on object 'Object Repository/Vouching/SpouseGrossMonthlyIncome'

27-06-2024T18:15:26 - [MESSAGE][PASSED] - Text '0' is set on object 'Object Repository/Vouching/CoBorrowerGrossMonthlyIncome'

27-06-2024T18:15:27 - [MESSAGE][PASSED] - Delayed 1 second(s)

27-06-2024T18:15:28 - [MESSAGE][PASSED] - Delayed 1 second(s)

27-06-2024T18:15:29 - [MESSAGE][PASSED] - Delayed 1 second(s)

27-06-2024T18:15:30 - [MESSAGE][PASSED] - Taking screenshot successfully
[[ATTACHMENT|D:\\newRCBCProject\\RCBCLOS_Automation\\Reports\\20240627_181416\\DigitalFlows\\DigitalNSTPVouchingMRAC\\VouchingInAO\\20240627_181416\\Screenshots/AccountOfficer27_06_2406_14_37/Regression27_06_24_06_15_28.jpg]]

27-06-2024T18:15:30 - [MESSAGE][PASSED] - All options with index in [1] are selected on object 'Object Repository/Vouching/vehicleCategory'

27-06-2024T18:15:31 - [MESSAGE][PASSED] - All options with index in [1] are selected on object 'Object Repository/Vouching/recommendation'

27-06-2024T18:15:32 - [MESSAGE][PASSED] - Delayed 1 second(s)

27-06-2024T18:15:33 - [MESSAGE][PASSED] - Delayed 1 second(s)

27-06-2024T18:15:34 - [MESSAGE][PASSED] - Delayed 1 second(s)

27-06-2024T18:15:34 - [MESSAGE][PASSED] - Taking screenshot successfully
[[ATTACHMENT|D:\\newRCBCProject\\RCBCLOS_Automation\\Reports\\20240627_181416\\DigitalFlows\\DigitalNSTPVouchingMRAC\\VouchingInAO\\20240627_181416\\Screenshots/AccountOfficer27_06_2406_14_37/Regression27_06_24_06_15_33.jpg]]

27-06-2024T18:15:34 - [MESSAGE][PASSED] - tabSection.vouching.VouchingForAll is PASSED

27-06-2024T18:15:36 - [TEST_STEP][PASSED] - Video: Video recording for test case 'Test Cases/NSTP_VouchingMRAC/Vouching/Vouching' .

27-06-2024T18:15:36 - [MESSAGE][INFO] - Video recording for test case 'Test Cases/NSTP_VouchingMRAC/Vouching/Vouching' .]]></system-out>
         <system-err><![CDATA[]]></system-err>
      </testcase>
      <testcase name="Test Cases/NSTP_VouchingMRAC/Vouching/Action" time="14.155" classname="Test Cases/NSTP_VouchingMRAC/Vouching/Action" status="PASSED">
         <system-out><![CDATA[27-06-2024T18:15:36 - [TEST_CASE][PASSED] - Test Cases/NSTP_VouchingMRAC/Vouching/Action: Test Cases/NSTP_VouchingMRAC/Vouching/Action

27-06-2024T18:15:36 - [TEST_STEP][PASSED] - tabSection.Action.submitForAO(): tabSection.Action.submitForAO is PASSED

27-06-2024T18:15:38 - [MESSAGE][PASSED] - Object: 'Object Repository/TabSection/Action' is clicked on

27-06-2024T18:15:39 - [MESSAGE][PASSED] - Object 'Object Repository/Action/Decision' is visible

27-06-2024T18:15:39 - [MESSAGE][PASSED] - All options with index in [1] are selected on object 'Object Repository/Action/Decision'

27-06-2024T18:15:40 - [MESSAGE][PASSED] - Text 'OK' is set on object 'Object Repository/Action/Remarks'

27-06-2024T18:15:40 - [MESSAGE][PASSED] - Current window's title is: 'Vouching : LOS-3546'

27-06-2024T18:15:40 - [MESSAGE][PASSED] - Text of object 'Object Repository/Action/referenceNumber' is: 'Vouching : LOS-3546'

27-06-2024T18:15:40 - [MESSAGE][INFO] - LOS-3546

27-06-2024T18:15:40 - [MESSAGE][PASSED] - Object: 'Object Repository/Action/SubmitButton' is clicked on

27-06-2024T18:15:41 - [MESSAGE][PASSED] - Taking screenshot successfully
[[ATTACHMENT|D:\\newRCBCProject\\RCBCLOS_Automation\\Reports\\20240627_181416\\DigitalFlows\\DigitalNSTPVouchingMRAC\\VouchingInAO\\20240627_181416\\1719492341019.png]]

27-06-2024T18:15:42 - [MESSAGE][PASSED] - Delayed 1 second(s)

27-06-2024T18:15:43 - [MESSAGE][PASSED] - Delayed 1 second(s)

27-06-2024T18:15:44 - [MESSAGE][PASSED] - Delayed 1 second(s)

27-06-2024T18:15:44 - [MESSAGE][PASSED] - Taking screenshot successfully
[[ATTACHMENT|D:\\newRCBCProject\\RCBCLOS_Automation\\Reports\\20240627_181416\\DigitalFlows\\DigitalNSTPVouchingMRAC\\VouchingInAO\\20240627_181416\\Screenshots/AccountOfficer27_06_2406_14_37/Regression27_06_24_06_15_43.jpg]]

27-06-2024T18:15:46 - [MESSAGE][PASSED] - Object: 'Object Repository/Action/confirmYes' is clicked on

27-06-2024T18:15:48 - [MESSAGE][PASSED] - Delayed 2 second(s)

27-06-2024T18:15:48 - [MESSAGE][PASSED] - tabSection.Action.submitForAO is PASSED

27-06-2024T18:15:50 - [TEST_STEP][PASSED] - Video: Video recording for test case 'Test Cases/NSTP_VouchingMRAC/Vouching/Action' .

27-06-2024T18:15:50 - [MESSAGE][INFO] - Video recording for test case 'Test Cases/NSTP_VouchingMRAC/Vouching/Action' .]]></system-out>
         <system-err><![CDATA[]]></system-err>
      </testcase>
      <testcase name="Test Cases/LogOut/logout" time="16.315" classname="Test Cases/LogOut/logout" status="PASSED">
         <system-out><![CDATA[27-06-2024T18:15:50 - [TEST_CASE][PASSED] - Test Cases/LogOut/logout: Test Cases/LogOut/logout

27-06-2024T18:15:50 - [TEST_STEP][PASSED] - signOutibps.SignOut.logout(): signOutibps.SignOut.logout is PASSED

27-06-2024T18:15:50 - [MESSAGE][PASSED] - Switched to window with index: '0'

27-06-2024T18:15:51 - [MESSAGE][PASSED] - Delayed 1 second(s)

27-06-2024T18:15:52 - [MESSAGE][PASSED] - All options with index in [2] are selected on object 'Object Repository/ibpsLogOut/selectProcess'

27-06-2024T18:15:53 - [MESSAGE][PASSED] - Delayed 1 second(s)

27-06-2024T18:15:53 - [MESSAGE][PASSED] - Object: 'Object Repository/ibpsLogOut/searchBar' is double clicked on

27-06-2024T18:15:53 - [MESSAGE][PASSED] - Keys 'LOS-3546' sent to object: 'Object Repository/ibpsLogOut/searchBar'

27-06-2024T18:15:54 - [MESSAGE][PASSED] - Keys 'ENTER + ' sent to object: 'Object Repository/ibpsLogOut/searchBar'

27-06-2024T18:15:55 - [MESSAGE][PASSED] - Delayed 1 second(s)

27-06-2024T18:15:56 - [MESSAGE][PASSED] - Delayed 1 second(s)

27-06-2024T18:15:57 - [MESSAGE][PASSED] - Delayed 1 second(s)

27-06-2024T18:15:57 - [MESSAGE][PASSED] - Taking screenshot successfully
[[ATTACHMENT|D:\\newRCBCProject\\RCBCLOS_Automation\\Reports\\20240627_181416\\DigitalFlows\\DigitalNSTPVouchingMRAC\\VouchingInAO\\20240627_181416\\Screenshots/AccountOfficer27_06_2406_14_37/Regression27_06_24_06_15_56.jpg]]

27-06-2024T18:15:59 - [MESSAGE][PASSED] - Delayed 2 second(s)

27-06-2024T18:15:59 - [MESSAGE][PASSED] - Object: 'Object Repository/ibpsLogOut/label_QK_CO7' is clicked on

27-06-2024T18:16:01 - [MESSAGE][PASSED] - Delayed 2 second(s)

27-06-2024T18:16:01 - [MESSAGE][PASSED] - Object: 'Object Repository/ibpsLogOut/Logout' is clicked on

27-06-2024T18:16:02 - [MESSAGE][PASSED] - Delayed 1 second(s)

27-06-2024T18:16:03 - [MESSAGE][PASSED] - Delayed 1 second(s)

27-06-2024T18:16:04 - [MESSAGE][PASSED] - Delayed 1 second(s)

27-06-2024T18:16:05 - [MESSAGE][PASSED] - Taking screenshot successfully
[[ATTACHMENT|D:\\newRCBCProject\\RCBCLOS_Automation\\Reports\\20240627_181416\\DigitalFlows\\DigitalNSTPVouchingMRAC\\VouchingInAO\\20240627_181416\\Screenshots/AccountOfficer27_06_2406_14_37/Regression27_06_24_06_16_03.jpg]]

27-06-2024T18:16:05 - [MESSAGE][PASSED] - signOutibps.SignOut.logout is PASSED

27-06-2024T18:16:07 - [TEST_STEP][PASSED] - Video: Video recording for test case 'Test Cases/LogOut/logout' .

27-06-2024T18:16:07 - [MESSAGE][INFO] - Video recording for test case 'Test Cases/LogOut/logout' .]]></system-out>
         <system-err><![CDATA[]]></system-err>
      </testcase>
      <system-out><![CDATA[27-06-2024T18:14:24 - [TEST_SUITE][PASSED] - VouchingInAO: Test Cases/LogOut/logout]]></system-out>
      <system-err><![CDATA[]]></system-err>
   </testsuite>
</testsuites>
