<?xml version="1.0" encoding="UTF-8"?>
<testsuites name="testSuiteForDealerNSTP" time="296.849" tests="11" failures="0" errors="0">
   <testsuite name="testSuiteForDealerNSTP" tests="11" failures="0" errors="0" time="296.849" skipped="0" timestamp="23-06-2024T09:57:27" hostname="Adarsh.Lohar - QKNBK2037.qkcorp.qualitykiosk.com" id="Test Suites/DigitalFlows/NSTPDigitalWithAccuity/testSuiteForDealerNSTP">
      <properties>
         <property name="deviceName" value=""/>
         <property name="devicePlatform"/>
         <property name="logFolder" value="D:\\newRCBCProject\\RCBCLOS_Automation\\Reports\\20240623_095655\\DigitalFlows\\NSTPDigitalWithAccuity\\testSuiteForDealerNSTP\\20240623_095657"/>
         <property name="logFiles" value="D:\\newRCBCProject\\RCBCLOS_Automation\\Reports\\20240623_095655\\DigitalFlows\\NSTPDigitalWithAccuity\\testSuiteForDealerNSTP\\20240623_095657\\execution0.log"/>
         <property name="attachments" value="D:\\newRCBCProject\\RCBCLOS_Automation\\Reports\\20240623_095655\\DigitalFlows\\NSTPDigitalWithAccuity\\testSuiteForDealerNSTP\\20240623_095657\\Screenshots/Portal23_06_2409_57_46/Regression23_06_24_09_57_47.jpg, D:\\newRCBCProject\\RCBCLOS_Automation\\Reports\\20240623_095655\\DigitalFlows\\NSTPDigitalWithAccuity\\testSuiteForDealerNSTP\\20240623_095657\\Screenshots/Portal23_06_2409_57_46/Regression23_06_24_09_58_00.jpg, D:\\newRCBCProject\\RCBCLOS_Automation\\Reports\\20240623_095655\\DigitalFlows\\NSTPDigitalWithAccuity\\testSuiteForDealerNSTP\\20240623_095657\\Screenshots/Portal23_06_2409_57_46/Regression23_06_24_09_58_12.jpg, D:\\newRCBCProject\\RCBCLOS_Automation\\Reports\\20240623_095655\\DigitalFlows\\NSTPDigitalWithAccuity\\testSuiteForDealerNSTP\\20240623_095657\\Screenshots/Portal23_06_2409_57_46/Regression23_06_24_09_58_29.jpg, D:\\newRCBCProject\\RCBCLOS_Automation\\Reports\\20240623_095655\\DigitalFlows\\NSTPDigitalWithAccuity\\testSuiteForDealerNSTP\\20240623_095657\\Screenshots/Portal23_06_2409_57_46/Regression23_06_24_09_58_55.jpg, D:\\newRCBCProject\\RCBCLOS_Automation\\Reports\\20240623_095655\\DigitalFlows\\NSTPDigitalWithAccuity\\testSuiteForDealerNSTP\\20240623_095657\\Screenshots/Portal23_06_2409_57_46/Regression23_06_24_09_59_05.jpg, D:\\newRCBCProject\\RCBCLOS_Automation\\Reports\\20240623_095655\\DigitalFlows\\NSTPDigitalWithAccuity\\testSuiteForDealerNSTP\\20240623_095657\\Screenshots/Portal23_06_2409_57_46/Regression23_06_24_09_59_14.jpg, D:\\newRCBCProject\\RCBCLOS_Automation\\Reports\\20240623_095655\\DigitalFlows\\NSTPDigitalWithAccuity\\testSuiteForDealerNSTP\\20240623_095657\\Screenshots/Portal23_06_2409_57_46/Regression23_06_24_09_59_28.jpg, D:\\newRCBCProject\\RCBCLOS_Automation\\Reports\\20240623_095655\\DigitalFlows\\NSTPDigitalWithAccuity\\testSuiteForDealerNSTP\\20240623_095657\\Screenshots/Portal23_06_2409_57_46/Regression23_06_24_09_59_35.jpg, D:\\newRCBCProject\\RCBCLOS_Automation\\Reports\\20240623_095655\\DigitalFlows\\NSTPDigitalWithAccuity\\testSuiteForDealerNSTP\\20240623_095657\\Screenshots/Portal23_06_2409_57_46/Regression23_06_24_09_59_44.jpg, D:\\newRCBCProject\\RCBCLOS_Automation\\Reports\\20240623_095655\\DigitalFlows\\NSTPDigitalWithAccuity\\testSuiteForDealerNSTP\\20240623_095657\\Screenshots/Portal23_06_2409_57_46/Regression23_06_24_09_59_54.jpg, D:\\newRCBCProject\\RCBCLOS_Automation\\Reports\\20240623_095655\\DigitalFlows\\NSTPDigitalWithAccuity\\testSuiteForDealerNSTP\\20240623_095657\\Screenshots/Portal23_06_2409_57_46/Regression23_06_24_10_00_06.jpg, D:\\newRCBCProject\\RCBCLOS_Automation\\Reports\\20240623_095655\\DigitalFlows\\NSTPDigitalWithAccuity\\testSuiteForDealerNSTP\\20240623_095657\\Screenshots/Portal23_06_2409_57_46/Regression23_06_24_10_00_16.jpg, D:\\newRCBCProject\\RCBCLOS_Automation\\Reports\\20240623_095655\\DigitalFlows\\NSTPDigitalWithAccuity\\testSuiteForDealerNSTP\\20240623_095657\\Screenshots/Portal23_06_2409_57_46/Regression23_06_24_10_00_24.jpg, D:\\newRCBCProject\\RCBCLOS_Automation\\Reports\\20240623_095655\\DigitalFlows\\NSTPDigitalWithAccuity\\testSuiteForDealerNSTP\\20240623_095657\\Screenshots/Portal23_06_2409_57_46/Regression23_06_24_10_00_46.jpg, D:\\newRCBCProject\\RCBCLOS_Automation\\Reports\\20240623_095655\\DigitalFlows\\NSTPDigitalWithAccuity\\testSuiteForDealerNSTP\\20240623_095657\\Screenshots/Portal23_06_2409_57_46/Regression23_06_24_10_01_08.jpg, D:\\newRCBCProject\\RCBCLOS_Automation\\Reports\\20240623_095655\\DigitalFlows\\NSTPDigitalWithAccuity\\testSuiteForDealerNSTP\\20240623_095657\\Screenshots/Portal23_06_2409_57_46/Regression23_06_24_10_01_30.jpg, D:\\newRCBCProject\\RCBCLOS_Automation\\Reports\\20240623_095655\\DigitalFlows\\NSTPDigitalWithAccuity\\testSuiteForDealerNSTP\\20240623_095657\\Screenshots/Portal23_06_2409_57_46/Regression23_06_24_10_01_40.jpg, D:\\newRCBCProject\\RCBCLOS_Automation\\Reports\\20240623_095655\\DigitalFlows\\NSTPDigitalWithAccuity\\testSuiteForDealerNSTP\\20240623_095657\\Screenshots/Portal23_06_2409_57_46/Regression23_06_24_10_02_13.jpg"/>
         <property name="hostName" value="Adarsh.Lohar - QKNBK2037.qkcorp.qualitykiosk.com"/>
         <property name="os" value="Windows 10 64bit"/>
         <property name="katalonVersion" value="9.5.0.217"/>
         <property name="browser" value="Chrome 126.0.0.0"/>
         <property name="hostAddress" value="192.168.0.101"/>
         <property name="sessionId" value="ae68bcf93f43eb4e63676a8fe37b5d12"/>
         <property name="seleniumVersion" value="3.141.59"/>
         <property name="proxyInformation" value="ProxyInformation { proxyOption=NO_PROXY, proxyServerType=HTTP, username=, password=********, proxyServerAddress=, proxyServerPort=0, executionList=&quot;&quot;, isApplyToDesiredCapabilities=true }"/>
         <property name="platform" value="Windows 10"/>
      </properties>
      <testcase name="Test Cases/Digital_STPWithAndWithoutAPI/DigitalPotal/LoginPage" time="29.433" classname="Test Cases/Digital_STPWithAndWithoutAPI/DigitalPotal/LoginPage" status="PASSED">
         <system-out><![CDATA[23-06-2024T09:57:28 - [TEST_CASE][PASSED] - Test Cases/Digital_STPWithAndWithoutAPI/DigitalPotal/LoginPage: Test Cases/Digital_STPWithAndWithoutAPI/DigitalPotal/LoginPage

23-06-2024T09:57:29 - [TEST_STEP][PASSED] - loginPage.LoginPage.login_Page(): loginPage.LoginPage.login_Page is PASSED

23-06-2024T09:57:31 - [MESSAGE][INFO] - Starting 'Chrome' driver

23-06-2024T09:57:31 - [MESSAGE][INFO] - User set preference: ['args', '[--incognito]']

23-06-2024T09:57:31 - [MESSAGE][INFO] - Action delay is set to 0 milliseconds

23-06-2024T09:57:39 - [MESSAGE][PASSED] - Browser is opened with url: ''

23-06-2024T09:57:39 - [MESSAGE][PASSED] - Current window maximized

23-06-2024T09:57:41 - [MESSAGE][PASSED] - Navigate to 'https://rcbcuat.nonprodnmc.com/LoanPortal' successfully

23-06-2024T09:57:44 - [MESSAGE][PASSED] - Text 'QK_Dealer7' is set on object 'Object Repository/LoginPage/email'

23-06-2024T09:57:45 - [MESSAGE][PASSED] - Text ****** has been set on object 'Object Repository/LoginPage/password'

23-06-2024T09:57:46 - [MESSAGE][PASSED] - Delayed 1 second(s)

23-06-2024T09:57:47 - [MESSAGE][PASSED] - Delayed 1 second(s)

23-06-2024T09:57:50 - [MESSAGE][PASSED] - Delayed 3 second(s)

23-06-2024T09:57:51 - [MESSAGE][PASSED] - Taking screenshot successfully
[[ATTACHMENT|D:\\newRCBCProject\\RCBCLOS_Automation\\Reports\\20240623_095655\\DigitalFlows\\NSTPDigitalWithAccuity\\testSuiteForDealerNSTP\\20240623_095657\\Screenshots/Portal23_06_2409_57_46/Regression23_06_24_09_57_47.jpg]]

23-06-2024T09:57:52 - [MESSAGE][PASSED] - Object: 'Object Repository/LoginPage/log_in' is clicked on

23-06-2024T09:57:55 - [MESSAGE][PASSED] - Object 'Object Repository/HomePage/Auto_Loan_Portal' is present

23-06-2024T09:57:55 - [MESSAGE][INFO] - We are in Home Page

23-06-2024T09:57:55 - [MESSAGE][PASSED] - loginPage.LoginPage.login_Page is PASSED

23-06-2024T09:57:57 - [TEST_STEP][PASSED] - Video: Video recording for test case 'Test Cases/Digital_STPWithAndWithoutAPI/DigitalPotal/LoginPage' .

23-06-2024T09:57:57 - [MESSAGE][INFO] - Video recording for test case 'Test Cases/Digital_STPWithAndWithoutAPI/DigitalPotal/LoginPage' .]]></system-out>
         <system-err><![CDATA[]]></system-err>
      </testcase>
      <testcase name="Test Cases/Digital_STPWithAndWithoutAPI/DigitalPotal/HomePage" time="11.392" classname="Test Cases/Digital_STPWithAndWithoutAPI/DigitalPotal/HomePage" status="PASSED">
         <system-out><![CDATA[23-06-2024T09:57:57 - [TEST_CASE][PASSED] - Test Cases/Digital_STPWithAndWithoutAPI/DigitalPotal/HomePage: Test Cases/Digital_STPWithAndWithoutAPI/DigitalPotal/HomePage

23-06-2024T09:57:58 - [TEST_STEP][PASSED] - homePage.homePage.homepage(): homePage.homePage.homepage is PASSED

23-06-2024T09:57:59 - [MESSAGE][PASSED] - Wait for page load successfully

23-06-2024T09:57:59 - [MESSAGE][PASSED] - Text 'What system would you like to access?' is present on page 

23-06-2024T09:57:59 - [MESSAGE][PASSED] - Object 'Object Repository/HomePage/ManageLoans' is clickable

23-06-2024T09:57:59 - [MESSAGE][PASSED] - Object 'Object Repository/SignOutButton/exitIcon' is clickable

23-06-2024T09:58:00 - [MESSAGE][PASSED] - Delayed 1 second(s)

23-06-2024T09:58:03 - [MESSAGE][PASSED] - Delayed 3 second(s)

23-06-2024T09:58:04 - [MESSAGE][PASSED] - Taking screenshot successfully
[[ATTACHMENT|D:\\newRCBCProject\\RCBCLOS_Automation\\Reports\\20240623_095655\\DigitalFlows\\NSTPDigitalWithAccuity\\testSuiteForDealerNSTP\\20240623_095657\\Screenshots/Portal23_06_2409_57_46/Regression23_06_24_09_58_00.jpg]]

23-06-2024T09:58:06 - [MESSAGE][PASSED] - Object: 'Object Repository/HomePage/Auto_Loan_Portal' is clicked on

23-06-2024T09:58:07 - [MESSAGE][PASSED] - Object 'Object Repository/ModeOfApplication/digitalApplication' is present

23-06-2024T09:58:07 - [MESSAGE][INFO] - We are getting two options

23-06-2024T09:58:07 - [MESSAGE][PASSED] - homePage.homePage.homepage is PASSED

23-06-2024T09:58:09 - [TEST_STEP][PASSED] - Video: Video recording for test case 'Test Cases/Digital_STPWithAndWithoutAPI/DigitalPotal/HomePage' .

23-06-2024T09:58:09 - [MESSAGE][INFO] - Video recording for test case 'Test Cases/Digital_STPWithAndWithoutAPI/DigitalPotal/HomePage' .]]></system-out>
         <system-err><![CDATA[]]></system-err>
      </testcase>
      <testcase name="Test Cases/Digital_STPWithAndWithoutAPI/DigitalPotal/SelectAutoLoan" time="18.503" classname="Test Cases/Digital_STPWithAndWithoutAPI/DigitalPotal/SelectAutoLoan" status="PASSED">
         <system-out><![CDATA[23-06-2024T09:58:09 - [TEST_CASE][PASSED] - Test Cases/Digital_STPWithAndWithoutAPI/DigitalPotal/SelectAutoLoan: Test Cases/Digital_STPWithAndWithoutAPI/DigitalPotal/SelectAutoLoan

23-06-2024T09:58:09 - [TEST_STEP][PASSED] - autoLoanProtal.SelectAutoLoan.clickToDigitalApplication(): autoLoanProtal.SelectAutoLoan.clickToDigitalApplication is PASSED

23-06-2024T09:58:09 - [MESSAGE][PASSED] - Wait for page load successfully

23-06-2024T09:58:09 - [MESSAGE][PASSED] - Text 'Mode of Application' is present on page 

23-06-2024T09:58:10 - [MESSAGE][PASSED] - Object 'Object Repository/ModeOfApplication/paperBased' is clickable

23-06-2024T09:58:10 - [MESSAGE][PASSED] - Object 'Object Repository/ModeOfApplication/closeButton' is clickable

23-06-2024T09:58:11 - [MESSAGE][PASSED] - Delayed 1 second(s)

23-06-2024T09:58:12 - [MESSAGE][PASSED] - Delayed 1 second(s)

23-06-2024T09:58:15 - [MESSAGE][PASSED] - Delayed 3 second(s)

23-06-2024T09:58:15 - [MESSAGE][PASSED] - Taking screenshot successfully
[[ATTACHMENT|D:\\newRCBCProject\\RCBCLOS_Automation\\Reports\\20240623_095655\\DigitalFlows\\NSTPDigitalWithAccuity\\testSuiteForDealerNSTP\\20240623_095657\\Screenshots/Portal23_06_2409_57_46/Regression23_06_24_09_58_12.jpg]]

23-06-2024T09:58:24 - [MESSAGE][PASSED] - Object: 'Object Repository/ModeOfApplication/digitalApplication' is clicked on

23-06-2024T09:58:25 - [MESSAGE][PASSED] - Delayed 1 second(s)

23-06-2024T09:58:25 - [MESSAGE][PASSED] - Object 'Object Repository/LetsGetStarted/lets_get_started' is present

23-06-2024T09:58:25 - [MESSAGE][INFO] - We are in Right Page

23-06-2024T09:58:25 - [MESSAGE][PASSED] - autoLoanProtal.SelectAutoLoan.clickToDigitalApplication is PASSED

23-06-2024T09:58:27 - [TEST_STEP][PASSED] - Video: Video recording for test case 'Test Cases/Digital_STPWithAndWithoutAPI/DigitalPotal/SelectAutoLoan' .

23-06-2024T09:58:27 - [MESSAGE][INFO] - Video recording for test case 'Test Cases/Digital_STPWithAndWithoutAPI/DigitalPotal/SelectAutoLoan' .]]></system-out>
         <system-err><![CDATA[]]></system-err>
      </testcase>
      <testcase name="Test Cases/Digital_STPWithAndWithoutAPI/DigitalPotal/LetsgetStarted" time="19.697" classname="Test Cases/Digital_STPWithAndWithoutAPI/DigitalPotal/LetsgetStarted" status="PASSED">
         <system-out><![CDATA[23-06-2024T09:58:27 - [TEST_CASE][PASSED] - Test Cases/Digital_STPWithAndWithoutAPI/DigitalPotal/LetsgetStarted: Test Cases/Digital_STPWithAndWithoutAPI/DigitalPotal/LetsgetStarted

23-06-2024T09:58:27 - [TEST_STEP][PASSED] - autoLoanProtal.letsGetStarted.letsGetStartedBtnFun(): autoLoanProtal.letsGetStarted.letsGetStartedBtnFun is PASSED

23-06-2024T09:58:27 - [MESSAGE][PASSED] - Wait for page load successfully

23-06-2024T09:58:28 - [MESSAGE][PASSED] - Text 'Quick & easy Auto Loan Application with RCBC' is present on page 

23-06-2024T09:58:28 - [MESSAGE][PASSED] - Object 'Object Repository/LetsGetStarted/homeButton' is clickable

23-06-2024T09:58:29 - [MESSAGE][PASSED] - Delayed 1 second(s)

23-06-2024T09:58:32 - [MESSAGE][PASSED] - Delayed 3 second(s)

23-06-2024T09:58:32 - [MESSAGE][PASSED] - Taking screenshot successfully
[[ATTACHMENT|D:\\newRCBCProject\\RCBCLOS_Automation\\Reports\\20240623_095655\\DigitalFlows\\NSTPDigitalWithAccuity\\testSuiteForDealerNSTP\\20240623_095657\\Screenshots/Portal23_06_2409_57_46/Regression23_06_24_09_58_29.jpg]]

23-06-2024T09:58:41 - [MESSAGE][PASSED] - Object: 'Object Repository/LetsGetStarted/lets_get_started' is clicked on

23-06-2024T09:58:44 - [MESSAGE][PASSED] - Delayed 3 second(s)

23-06-2024T09:58:45 - [MESSAGE][PASSED] - Object 'Object Repository/Loan Details/loanDetail' is present

23-06-2024T09:58:45 - [MESSAGE][INFO] - We are in Loan Detail Page

23-06-2024T09:58:45 - [MESSAGE][PASSED] - autoLoanProtal.letsGetStarted.letsGetStartedBtnFun is PASSED

23-06-2024T09:58:47 - [TEST_STEP][PASSED] - Video: Video recording for test case 'Test Cases/Digital_STPWithAndWithoutAPI/DigitalPotal/LetsgetStarted' .

23-06-2024T09:58:47 - [MESSAGE][INFO] - Video recording for test case 'Test Cases/Digital_STPWithAndWithoutAPI/DigitalPotal/LetsgetStarted' .]]></system-out>
         <system-err><![CDATA[]]></system-err>
      </testcase>
      <testcase name="Test Cases/Digital_STPWithAndWithoutAPI/DigitalPotal/LoanDetails" time="35.225" classname="Test Cases/Digital_STPWithAndWithoutAPI/DigitalPotal/LoanDetails" status="PASSED">
         <system-out><![CDATA[23-06-2024T09:58:47 - [TEST_CASE][PASSED] - Test Cases/Digital_STPWithAndWithoutAPI/DigitalPotal/LoanDetails: Test Cases/Digital_STPWithAndWithoutAPI/DigitalPotal/LoanDetails

23-06-2024T09:58:47 - [TEST_STEP][PASSED] - autoLoanProtal.LoanDetails.loanDetail(brand, unitDescription, loanTerm, downpaymentValue, actualCashOut, insuranceType): autoLoanProtal.LoanDetails.loanDetail is PASSED

23-06-2024T09:58:48 - [MESSAGE][PASSED] - Wait for page load successfully

23-06-2024T09:58:48 - [MESSAGE][PASSED] - Object 'Object Repository/Loan Details/loanDetail' is present

23-06-2024T09:58:48 - [MESSAGE][PASSED] - Object 'Object Repository/Loan Details/Used' is clickable

23-06-2024T09:58:49 - [MESSAGE][PASSED] - Object: 'Object Repository/Loan Details/Brand' is clicked on

23-06-2024T09:58:50 - [MESSAGE][PASSED] - All options with value 'HONDA' are selected in object 'Object Repository/Loan Details/Brand'  using regular expression

23-06-2024T09:58:51 - [MESSAGE][PASSED] - All options with index in [1] are selected on object 'Object Repository/Loan Details/UnitDescription'

23-06-2024T09:58:51 - [MESSAGE][PASSED] - Object: 'Object Repository/Loan Details/LoanTerm' is clicked on

23-06-2024T09:58:52 - [MESSAGE][PASSED] - All options with value 'AL5' are selected in object 'Object Repository/Loan Details/LoanTerm'  using regular expression

23-06-2024T09:58:52 - [MESSAGE][PASSED] - Object: 'Object Repository/Loan Details/DownpaymentValue' is clicked on

23-06-2024T09:58:52 - [MESSAGE][PASSED] - Keys '200000' sent to object: 'Object Repository/Loan Details/DownpaymentValue'

23-06-2024T09:58:53 - [MESSAGE][PASSED] - Keys '50000' sent to object: 'Object Repository/Loan Details/ActualCashOut'

23-06-2024T09:58:54 - [MESSAGE][PASSED] - Delayed 1 second(s)

23-06-2024T09:58:55 - [MESSAGE][PASSED] - Delayed 1 second(s)

23-06-2024T09:58:58 - [MESSAGE][PASSED] - Delayed 3 second(s)

23-06-2024T09:58:58 - [MESSAGE][PASSED] - Taking screenshot successfully
[[ATTACHMENT|D:\\newRCBCProject\\RCBCLOS_Automation\\Reports\\20240623_095655\\DigitalFlows\\NSTPDigitalWithAccuity\\testSuiteForDealerNSTP\\20240623_095657\\Screenshots/Portal23_06_2409_57_46/Regression23_06_24_09_58_55.jpg]]

23-06-2024T09:58:58 - [MESSAGE][PASSED] - Object: 'Object Repository/Loan Details/Insurance type' is clicked on

23-06-2024T09:58:59 - [MESSAGE][PASSED] - All options with value 'TID' are selected in object 'Object Repository/Loan Details/Insurance type'  using regular expression

23-06-2024T09:59:01 - [MESSAGE][PASSED] - Delayed 2 second(s)

23-06-2024T09:59:01 - [MESSAGE][PASSED] - Current window's title is: 'Portal : LOS-3355'

23-06-2024T09:59:01 - [MESSAGE][INFO] - LOS-3355

23-06-2024T09:59:02 - [MESSAGE][PASSED] - Object: 'Object Repository/Loan Details/increamentButton' is clicked on

23-06-2024T09:59:02 - [MESSAGE][PASSED] - Attribute 'title' of object 'Object Repository/Loan Details/noOfAdvancePayment' is: '1'

23-06-2024T09:59:02 - [MESSAGE][PASSED] - Object: 'Object Repository/Loan Details/principalRadioBtn' is clicked on

23-06-2024T09:59:03 - [MESSAGE][PASSED] - Object 'Object Repository/Loan Details/amortizationRadioBtn' is clickable

23-06-2024T09:59:03 - [MESSAGE][PASSED] - Object 'Object Repository/Loan Details/autoLoanCheckBox' is not checked

23-06-2024T09:59:04 - [MESSAGE][PASSED] - Delayed 1 second(s)

23-06-2024T09:59:05 - [MESSAGE][PASSED] - Delayed 1 second(s)

23-06-2024T09:59:08 - [MESSAGE][PASSED] - Delayed 3 second(s)

23-06-2024T09:59:08 - [MESSAGE][PASSED] - Taking screenshot successfully
[[ATTACHMENT|D:\\newRCBCProject\\RCBCLOS_Automation\\Reports\\20240623_095655\\DigitalFlows\\NSTPDigitalWithAccuity\\testSuiteForDealerNSTP\\20240623_095657\\Screenshots/Portal23_06_2409_57_46/Regression23_06_24_09_59_05.jpg]]

23-06-2024T09:59:08 - [MESSAGE][PASSED] - Object 'Object Repository/Loan Details/Clear Data' is clickable

23-06-2024T09:59:10 - [MESSAGE][PASSED] - Object: 'Object Repository/Loan Details/Calculate' is clicked on

23-06-2024T09:59:12 - [MESSAGE][PASSED] - Delayed 2 second(s)

23-06-2024T09:59:12 - [MESSAGE][PASSED] - Text of object 'Object Repository/Loan Details/monthlyInsurancePremium' is: '₱ 0.00'

23-06-2024T09:59:12 - [MESSAGE][PASSED] - Text of object 'Object Repository/Loan Details/MonthlyAmortization' is: '₱ 79,059.89'

23-06-2024T09:59:12 - [MESSAGE][PASSED] - Text of object 'Object Repository/Loan Details/totalMonthlyAmortization' is: '₱ 79,059.89'

23-06-2024T09:59:13 - [MESSAGE][PASSED] - Object 'Object Repository/Loan Details/monthlyInsurancePremium13Month' is present

23-06-2024T09:59:13 - [MESSAGE][PASSED] - Text of object 'Object Repository/Loan Details/monthlyInsurancePremium13Month' is: '2566.73'

23-06-2024T09:59:14 - [MESSAGE][PASSED] - Delayed 1 second(s)

23-06-2024T09:59:17 - [MESSAGE][PASSED] - Delayed 3 second(s)

23-06-2024T09:59:17 - [MESSAGE][PASSED] - Taking screenshot successfully
[[ATTACHMENT|D:\\newRCBCProject\\RCBCLOS_Automation\\Reports\\20240623_095655\\DigitalFlows\\NSTPDigitalWithAccuity\\testSuiteForDealerNSTP\\20240623_095657\\Screenshots/Portal23_06_2409_57_46/Regression23_06_24_09_59_14.jpg]]

23-06-2024T09:59:18 - [MESSAGE][PASSED] - Object: 'Object Repository/Loan Details/Apply Now' is clicked on

23-06-2024T09:59:20 - [MESSAGE][PASSED] - Delayed 2 second(s)

23-06-2024T09:59:20 - [MESSAGE][PASSED] - Object 'Object Repository/Borrower_Details/borrowerInformation' is present

23-06-2024T09:59:20 - [MESSAGE][INFO] - We are in Borrower Detail Page

23-06-2024T09:59:20 - [MESSAGE][PASSED] - autoLoanProtal.LoanDetails.loanDetail is PASSED

23-06-2024T09:59:22 - [TEST_STEP][PASSED] - Video: Video recording for test case 'Test Cases/Digital_STPWithAndWithoutAPI/DigitalPotal/LoanDetails' .

23-06-2024T09:59:22 - [MESSAGE][INFO] - Video recording for test case 'Test Cases/Digital_STPWithAndWithoutAPI/DigitalPotal/LoanDetails' .]]></system-out>
         <system-err><![CDATA[]]></system-err>
      </testcase>
      <testcase name="Test Cases/Digital_NSTP/NSTPPortal/BorrowerDetailNSTP" time="19.351" classname="Test Cases/Digital_NSTP/NSTPPortal/BorrowerDetailNSTP" status="PASSED">
         <system-out><![CDATA[23-06-2024T09:59:22 - [TEST_CASE][PASSED] - Test Cases/Digital_NSTP/NSTPPortal/BorrowerDetailNSTP: Test Cases/Digital_NSTP/NSTPPortal/BorrowerDetailNSTP

23-06-2024T09:59:23 - [TEST_STEP][PASSED] - autoLoanProtal.Borrower_Detail.borrower_DetailsForNSTP(fst_Name, mid_Name, lst_Name, email, mob_Num, date, maritalStatus, suffix, residence): autoLoanProtal.Borrower_Detail.borrower_DetailsForNSTP is PASSED

23-06-2024T09:59:23 - [MESSAGE][PASSED] - Wait for page load successfully

23-06-2024T09:59:23 - [MESSAGE][PASSED] - Object 'Object Repository/Borrower_Details/borrowerInformation' is present

23-06-2024T09:59:23 - [MESSAGE][PASSED] - Text 'Mark' is set on object 'Object Repository/Borrower_Details/first_Name'

23-06-2024T09:59:24 - [MESSAGE][PASSED] - Text '' is set on object 'Object Repository/Borrower_Details/middle_Name'

23-06-2024T09:59:24 - [MESSAGE][PASSED] - Text 'williams' is set on object 'Object Repository/Borrower_Details/last_Name'

23-06-2024T09:59:25 - [MESSAGE][PASSED] - Object: 'Object Repository/Borrower_Details/suffix' is clicked on

23-06-2024T09:59:25 - [MESSAGE][PASSED] - All options with value 'SF3' are selected in object 'Object Repository/Borrower_Details/suffix'  using regular expression

23-06-2024T09:59:25 - [MESSAGE][PASSED] - 7 options of object 'Object Repository/Borrower_Details/suffix' counted

23-06-2024T09:59:26 - [MESSAGE][PASSED] - All options with value 'M' are selected in object 'Object Repository/Borrower_Details/marital_Status' 

23-06-2024T09:59:27 - [MESSAGE][PASSED] - Delayed 1 second(s)

23-06-2024T09:59:28 - [MESSAGE][PASSED] - Delayed 1 second(s)

23-06-2024T09:59:31 - [MESSAGE][PASSED] - Delayed 3 second(s)

23-06-2024T09:59:31 - [MESSAGE][PASSED] - Taking screenshot successfully
[[ATTACHMENT|D:\\newRCBCProject\\RCBCLOS_Automation\\Reports\\20240623_095655\\DigitalFlows\\NSTPDigitalWithAccuity\\testSuiteForDealerNSTP\\20240623_095657\\Screenshots/Portal23_06_2409_57_46/Regression23_06_24_09_59_28.jpg]]

23-06-2024T09:59:31 - [MESSAGE][PASSED] - Text '17/05/2000' is set on object 'Object Repository/Borrower_Details/date_Of_Birth'

23-06-2024T09:59:32 - [MESSAGE][PASSED] - Text 'adarsh@gmail.com' is set on object 'Object Repository/Borrower_Details/email'

23-06-2024T09:59:33 - [MESSAGE][PASSED] - Text '(63) 9356986567' is set on object 'Object Repository/Borrower_Details/mobile_Number'

23-06-2024T09:59:33 - [MESSAGE][PASSED] - All options with value 'RO001' are selected in object 'Object Repository/Borrower_Details/residence_Ownership_Type' 

23-06-2024T09:59:33 - [MESSAGE][PASSED] - 6 options of object 'Object Repository/Borrower_Details/residence_Ownership_Type' counted

23-06-2024T09:59:34 - [MESSAGE][PASSED] - Delayed 1 second(s)

23-06-2024T09:59:35 - [MESSAGE][PASSED] - Delayed 1 second(s)

23-06-2024T09:59:38 - [MESSAGE][PASSED] - Delayed 3 second(s)

23-06-2024T09:59:39 - [MESSAGE][PASSED] - Taking screenshot successfully
[[ATTACHMENT|D:\\newRCBCProject\\RCBCLOS_Automation\\Reports\\20240623_095655\\DigitalFlows\\NSTPDigitalWithAccuity\\testSuiteForDealerNSTP\\20240623_095657\\Screenshots/Portal23_06_2409_57_46/Regression23_06_24_09_59_35.jpg]]

23-06-2024T09:59:39 - [MESSAGE][PASSED] - Object 'Object Repository/Borrower_Details/back' is clickable

23-06-2024T09:59:39 - [MESSAGE][PASSED] - Object: 'Object Repository/Borrower_Details/continue' is clicked on

23-06-2024T09:59:40 - [MESSAGE][PASSED] - Object 'Object Repository/confirmationPage/continueBtn' is present

23-06-2024T09:59:40 - [MESSAGE][INFO] - We are in review loan Detail Page page

23-06-2024T09:59:40 - [MESSAGE][PASSED] - autoLoanProtal.Borrower_Detail.borrower_DetailsForNSTP is PASSED

23-06-2024T09:59:42 - [TEST_STEP][PASSED] - Video: Video recording for test case 'Test Cases/Digital_NSTP/NSTPPortal/BorrowerDetailNSTP' .

23-06-2024T09:59:42 - [MESSAGE][INFO] - Video recording for test case 'Test Cases/Digital_NSTP/NSTPPortal/BorrowerDetailNSTP' .]]></system-out>
         <system-err><![CDATA[]]></system-err>
      </testcase>
      <testcase name="Test Cases/Digital_STPWithAndWithoutAPI/DigitalPotal/ConfirmationPage" time="9.97" classname="Test Cases/Digital_STPWithAndWithoutAPI/DigitalPotal/ConfirmationPage" status="PASSED">
         <system-out><![CDATA[23-06-2024T09:59:42 - [TEST_CASE][PASSED] - Test Cases/Digital_STPWithAndWithoutAPI/DigitalPotal/ConfirmationPage: Test Cases/Digital_STPWithAndWithoutAPI/DigitalPotal/ConfirmationPage

23-06-2024T09:59:42 - [TEST_STEP][PASSED] - autoLoanProtal.confirmationPage.editOnConfirmationPage(): autoLoanProtal.confirmationPage.editOnConfirmationPage is PASSED

23-06-2024T09:59:42 - [MESSAGE][PASSED] - Wait for page load successfully

23-06-2024T09:59:42 - [MESSAGE][PASSED] - Object 'Object Repository/confirmationPage/reviewLoanDetail' is present

23-06-2024T09:59:42 - [MESSAGE][PASSED] - Object 'Object Repository/confirmationPage/autoLoanAppDetailsEditBtn' is clickable

23-06-2024T09:59:42 - [MESSAGE][PASSED] - Object 'Object Repository/confirmationPage/borrowerDetailsEditBtn' is clickable

23-06-2024T09:59:43 - [MESSAGE][PASSED] - Delayed 1 second(s)

23-06-2024T09:59:44 - [MESSAGE][PASSED] - Delayed 1 second(s)

23-06-2024T09:59:47 - [MESSAGE][PASSED] - Delayed 3 second(s)

23-06-2024T09:59:48 - [MESSAGE][PASSED] - Taking screenshot successfully
[[ATTACHMENT|D:\\newRCBCProject\\RCBCLOS_Automation\\Reports\\20240623_095655\\DigitalFlows\\NSTPDigitalWithAccuity\\testSuiteForDealerNSTP\\20240623_095657\\Screenshots/Portal23_06_2409_57_46/Regression23_06_24_09_59_44.jpg]]

23-06-2024T09:59:49 - [MESSAGE][PASSED] - Object: 'Object Repository/confirmationPage/continueBtn' is clicked on

23-06-2024T09:59:50 - [MESSAGE][PASSED] - Delayed 1 second(s)

23-06-2024T09:59:50 - [MESSAGE][PASSED] - autoLoanProtal.confirmationPage.editOnConfirmationPage is PASSED

23-06-2024T09:59:52 - [TEST_STEP][PASSED] - Video: Video recording for test case 'Test Cases/Digital_STPWithAndWithoutAPI/DigitalPotal/ConfirmationPage' .

23-06-2024T09:59:52 - [MESSAGE][INFO] - Video recording for test case 'Test Cases/Digital_STPWithAndWithoutAPI/DigitalPotal/ConfirmationPage' .]]></system-out>
         <system-err><![CDATA[]]></system-err>
      </testcase>
      <testcase name="Test Cases/Digital_STPWithAndWithoutAPI/DigitalPotal/InitialCheckingWithAPI" time="8.998" classname="Test Cases/Digital_STPWithAndWithoutAPI/DigitalPotal/InitialCheckingWithAPI" status="PASSED">
         <system-out><![CDATA[23-06-2024T09:59:52 - [TEST_CASE][PASSED] - Test Cases/Digital_STPWithAndWithoutAPI/DigitalPotal/InitialCheckingWithAPI: Test Cases/Digital_STPWithAndWithoutAPI/DigitalPotal/InitialCheckingWithAPI

23-06-2024T09:59:52 - [TEST_STEP][PASSED] - autoLoanProtal.initial_Confirmation.initial_conf(): autoLoanProtal.initial_Confirmation.initial_conf is PASSED

23-06-2024T09:59:52 - [MESSAGE][PASSED] - Wait for page load successfully

23-06-2024T09:59:52 - [MESSAGE][PASSED] - Object 'Object Repository/Initial_Confirmation/oneMoreStep' is present

23-06-2024T09:59:53 - [MESSAGE][PASSED] - Delayed 1 second(s)

23-06-2024T09:59:54 - [MESSAGE][PASSED] - Delayed 1 second(s)

23-06-2024T09:59:57 - [MESSAGE][PASSED] - Delayed 3 second(s)

23-06-2024T09:59:57 - [MESSAGE][PASSED] - Taking screenshot successfully
[[ATTACHMENT|D:\\newRCBCProject\\RCBCLOS_Automation\\Reports\\20240623_095655\\DigitalFlows\\NSTPDigitalWithAccuity\\testSuiteForDealerNSTP\\20240623_095657\\Screenshots/Portal23_06_2409_57_46/Regression23_06_24_09_59_54.jpg]]

23-06-2024T09:59:58 - [MESSAGE][PASSED] - Object: 'Object Repository/Initial_Confirmation/okay' is clicked on

23-06-2024T09:59:59 - [MESSAGE][PASSED] - Object 'Object Repository/AdditionalInformationWithoutAPI/additionPageLogo' is present

23-06-2024T09:59:59 - [MESSAGE][INFO] - We are in Addition page

23-06-2024T09:59:59 - [MESSAGE][PASSED] - autoLoanProtal.initial_Confirmation.initial_conf is PASSED

23-06-2024T10:00:01 - [TEST_STEP][PASSED] - Video: Video recording for test case 'Test Cases/Digital_STPWithAndWithoutAPI/DigitalPotal/InitialCheckingWithAPI' .

23-06-2024T10:00:01 - [MESSAGE][INFO] - Video recording for test case 'Test Cases/Digital_STPWithAndWithoutAPI/DigitalPotal/InitialCheckingWithAPI' .]]></system-out>
         <system-err><![CDATA[]]></system-err>
      </testcase>
      <testcase name="Test Cases/Digital_STPWithAndWithoutAPI/DigitalPotal/AdditionalPageWithAPI" time="31.578" classname="Test Cases/Digital_STPWithAndWithoutAPI/DigitalPotal/AdditionalPageWithAPI" status="PASSED">
         <system-out><![CDATA[23-06-2024T10:00:01 - [TEST_CASE][PASSED] - Test Cases/Digital_STPWithAndWithoutAPI/DigitalPotal/AdditionalPageWithAPI: Test Cases/Digital_STPWithAndWithoutAPI/DigitalPotal/AdditionalPageWithAPI

23-06-2024T10:00:01 - [TEST_STEP][PASSED] - autoLoanProtal.AdditionalInformationWithAPI.borrowersDetail(nationality, visaType, sex, occupation, idType, idNumber, accountNumber): autoLoanProtal.AdditionalInformationWithAPI.borrowersDetail is PASSED

23-06-2024T10:00:01 - [MESSAGE][PASSED] - Wait for page load successfully

23-06-2024T10:00:01 - [MESSAGE][PASSED] - Object 'Object Repository/AdditionalInformationWithoutAPI/additionPageLogo' is present

23-06-2024T10:00:02 - [MESSAGE][PASSED] - All options with value '15' are selected in object 'Object Repository/AdditionalInformationWithAPI/BorrowerDetail/nationality' 

23-06-2024T10:00:02 - [MESSAGE][PASSED] - All options with value 'VT05' are selected in object 'Object Repository/AdditionalInformationWithAPI/BorrowerDetail/visaType' 

23-06-2024T10:00:03 - [MESSAGE][PASSED] - All options with value 'M' are selected in object 'Object Repository/AdditionalInformationWithAPI/BorrowerDetail/sex' 

23-06-2024T10:00:03 - [MESSAGE][PASSED] - All options with value 'BL' are selected in object 'Object Repository/AdditionalInformationWithAPI/BorrowerDetail/occupation' 

23-06-2024T10:00:04 - [MESSAGE][PASSED] - All options with index in [1] are selected on object 'Object Repository/AdditionalInformationWithAPI/BorrowerDetail/idType'

23-06-2024T10:00:04 - [MESSAGE][PASSED] - Text '5465475464' is set on object 'Object Repository/AdditionalInformationWithAPI/BorrowerDetail/idNumber'

23-06-2024T10:00:04 - [MESSAGE][PASSED] - Text '0000000017517518' is set on object 'Object Repository/AdditionalInformationWithAPI/BorrowerDetail/currentOrSavingAccountNumberIfAny'

23-06-2024T10:00:05 - [MESSAGE][PASSED] - Delayed 1 second(s)

23-06-2024T10:00:06 - [MESSAGE][PASSED] - Delayed 1 second(s)

23-06-2024T10:00:09 - [MESSAGE][PASSED] - Delayed 3 second(s)

23-06-2024T10:00:10 - [MESSAGE][PASSED] - Taking screenshot successfully
[[ATTACHMENT|D:\\newRCBCProject\\RCBCLOS_Automation\\Reports\\20240623_095655\\DigitalFlows\\NSTPDigitalWithAccuity\\testSuiteForDealerNSTP\\20240623_095657\\Screenshots/Portal23_06_2409_57_46/Regression23_06_24_10_00_06.jpg]]

23-06-2024T10:00:10 - [MESSAGE][PASSED] - autoLoanProtal.AdditionalInformationWithAPI.borrowersDetail is PASSED

23-06-2024T10:00:10 - [TEST_STEP][PASSED] - autoLoanProtal.AdditionalInformationWithAPI.homeAddress(country, region, province, townCityMunicipality, barangay, streetName, unitNoBldgNameBldgNoVillageSubdivision): autoLoanProtal.AdditionalInformationWithAPI.homeAddress is PASSED

23-06-2024T10:00:10 - [MESSAGE][PASSED] - All options with value '01' are selected in object 'Object Repository/AdditionalInformationWithAPI/HomeAddress/country' 

23-06-2024T10:00:11 - [MESSAGE][PASSED] - All options with index in [1] are selected on object 'Object Repository/AdditionalInformationWithAPI/HomeAddress/region'

23-06-2024T10:00:12 - [MESSAGE][PASSED] - All options with index in [1] are selected on object 'Object Repository/AdditionalInformationWithAPI/HomeAddress/province'

23-06-2024T10:00:13 - [MESSAGE][PASSED] - All options with index in [1] are selected on object 'Object Repository/AdditionalInformationWithAPI/HomeAddress/townCityMunicipality'

23-06-2024T10:00:13 - [MESSAGE][PASSED] - All options with index in [1] are selected on object 'Object Repository/AdditionalInformationWithAPI/HomeAddress/barangay'

23-06-2024T10:00:14 - [MESSAGE][PASSED] - Text 'Mahape road,MBP' is set on object 'Object Repository/AdditionalInformationWithAPI/HomeAddress/streetName'

23-06-2024T10:00:14 - [MESSAGE][PASSED] - Text 'Rupa Solitaire' is set on object 'Object Repository/AdditionalInformationWithAPI/HomeAddress/unitNoBldgNameBldgNoVillageSubdivision'

23-06-2024T10:00:15 - [MESSAGE][PASSED] - Delayed 1 second(s)

23-06-2024T10:00:16 - [MESSAGE][PASSED] - Delayed 1 second(s)

23-06-2024T10:00:19 - [MESSAGE][PASSED] - Delayed 3 second(s)

23-06-2024T10:00:19 - [MESSAGE][PASSED] - Taking screenshot successfully
[[ATTACHMENT|D:\\newRCBCProject\\RCBCLOS_Automation\\Reports\\20240623_095655\\DigitalFlows\\NSTPDigitalWithAccuity\\testSuiteForDealerNSTP\\20240623_095657\\Screenshots/Portal23_06_2409_57_46/Regression23_06_24_10_00_16.jpg]]

23-06-2024T10:00:19 - [MESSAGE][PASSED] - autoLoanProtal.AdditionalInformationWithAPI.homeAddress is PASSED

23-06-2024T10:00:19 - [TEST_STEP][PASSED] - autoLoanProtal.AdditionalInformationWithAPI.coBorrowersDetails(coBorrowerRelationshipWithBorrower, coBorrowerFirstName, coBorrowerMiddleName, coBorrowerLastName, coBorrowerSuffix): autoLoanProtal.AdditionalInformationWithAPI.coBorrowersDetails is PASSED

23-06-2024T10:00:20 - [MESSAGE][PASSED] - All options with value 'S' are selected in object 'Object Repository/AdditionalInformationWithAPI/CoBorrowerDetail/coBorrowerRelationshipWithBorrower' 

23-06-2024T10:00:20 - [MESSAGE][PASSED] - Text 'Sachin' is set on object 'Object Repository/AdditionalInformationWithAPI/CoBorrowerDetail/coBorrowerFirstName'

23-06-2024T10:00:21 - [MESSAGE][PASSED] - Text 'Depak' is set on object 'Object Repository/AdditionalInformationWithAPI/CoBorrowerDetail/coBorrowerMiddleName'

23-06-2024T10:00:21 - [MESSAGE][PASSED] - Text 'Sharma' is set on object 'Object Repository/AdditionalInformationWithAPI/CoBorrowerDetail/coBorrowerLastName'

23-06-2024T10:00:22 - [MESSAGE][PASSED] - All options with value 'SF2' are selected in object 'Object Repository/AdditionalInformationWithAPI/CoBorrowerDetail/coBorrowerSuffix' 

23-06-2024T10:00:23 - [MESSAGE][PASSED] - Delayed 1 second(s)

23-06-2024T10:00:24 - [MESSAGE][PASSED] - Delayed 1 second(s)

23-06-2024T10:00:27 - [MESSAGE][PASSED] - Delayed 3 second(s)

23-06-2024T10:00:27 - [MESSAGE][PASSED] - Taking screenshot successfully
[[ATTACHMENT|D:\\newRCBCProject\\RCBCLOS_Automation\\Reports\\20240623_095655\\DigitalFlows\\NSTPDigitalWithAccuity\\testSuiteForDealerNSTP\\20240623_095657\\Screenshots/Portal23_06_2409_57_46/Regression23_06_24_10_00_24.jpg]]

23-06-2024T10:00:28 - [MESSAGE][PASSED] - Object: 'Object Repository/AdditionalInformationWithAPI/continue' is clicked on

23-06-2024T10:00:29 - [MESSAGE][PASSED] - Delayed 1 second(s)

23-06-2024T10:00:31 - [MESSAGE][PASSED] - Object 'Object Repository/UploadYourDocuments/uploadYourDocumentText' is present

23-06-2024T10:00:31 - [MESSAGE][INFO] - We are in Upload Document Page

23-06-2024T10:00:31 - [MESSAGE][PASSED] - autoLoanProtal.AdditionalInformationWithAPI.coBorrowersDetails is PASSED

23-06-2024T10:00:33 - [TEST_STEP][PASSED] - Video: Video recording for test case 'Test Cases/Digital_STPWithAndWithoutAPI/DigitalPotal/AdditionalPageWithAPI' .

23-06-2024T10:00:33 - [MESSAGE][INFO] - Video recording for test case 'Test Cases/Digital_STPWithAndWithoutAPI/DigitalPotal/AdditionalPageWithAPI' .]]></system-out>
         <system-err><![CDATA[]]></system-err>
      </testcase>
      <testcase name="Test Cases/Digital_STPWithAndWithoutAPI/DigitalPotal/DocumentUploadPageWithout" time="97.721" classname="Test Cases/Digital_STPWithAndWithoutAPI/DigitalPotal/DocumentUploadPageWithout" status="PASSED">
         <system-out><![CDATA[23-06-2024T10:00:33 - [TEST_CASE][PASSED] - Test Cases/Digital_STPWithAndWithoutAPI/DigitalPotal/DocumentUploadPageWithout: Test Cases/Digital_STPWithAndWithoutAPI/DigitalPotal/DocumentUploadPageWithout

23-06-2024T10:00:33 - [TEST_STEP][PASSED] - autoLoanProtal.UploadYourDocuments.uploadYourDocumentsPage(): autoLoanProtal.UploadYourDocuments.uploadYourDocumentsPage is PASSED

23-06-2024T10:00:33 - [MESSAGE][PASSED] - Object 'Object Repository/UploadYourDocuments/uploadYourDocumentText' is present

23-06-2024T10:00:33 - [MESSAGE][PASSED] - All options with index in [1] are selected on object 'Object Repository/UploadYourDocuments/validId_selectIdType'

23-06-2024T10:00:33 - [MESSAGE][PASSED] - Current window's index is: 0

23-06-2024T10:00:34 - [MESSAGE][PASSED] - Object: 'Object Repository/UploadYourDocuments/uploadFile_Btn' is clicked on

23-06-2024T10:00:35 - [MESSAGE][PASSED] - Delayed 1 second(s)

23-06-2024T10:00:35 - [MESSAGE][PASSED] - Switched to window with index: '1'

23-06-2024T10:00:36 - [MESSAGE][PASSED] - Delayed 1 second(s)

23-06-2024T10:00:36 - [MESSAGE][PASSED] - Wait for page load successfully

23-06-2024T10:00:36 - [MESSAGE][PASSED] - File 'D:\newRCBCProject\RCBCLOS_Automation\Document\Katalon_WebObjects.pdf' sent to object: 'Object Repository/UploadYourDocuments/browseFile'

23-06-2024T10:00:37 - [MESSAGE][PASSED] - Delayed 1 second(s)

23-06-2024T10:00:37 - [MESSAGE][PASSED] - Object: 'Object Repository/UploadYourDocuments/ValidID/documentType' is clicked on

23-06-2024T10:00:38 - [MESSAGE][PASSED] - All options with value 'ID Type Documents' are selected in object 'Object Repository/UploadYourDocuments/ValidID/documentType' 

23-06-2024T10:00:38 - [MESSAGE][PASSED] - Object: 'Object Repository/UploadYourDocuments/ValidID/uploadBtn' is clicked on

23-06-2024T10:00:41 - [MESSAGE][PASSED] - Delayed 3 second(s)

23-06-2024T10:00:41 - [MESSAGE][PASSED] - Window with index 1 is closed

23-06-2024T10:00:41 - [MESSAGE][PASSED] - Switched to window with index: '0'

23-06-2024T10:00:41 - [MESSAGE][PASSED] - Current window's index is: 0

23-06-2024T10:00:43 - [MESSAGE][PASSED] - Delayed 2 second(s)

23-06-2024T10:00:44 - [MESSAGE][PASSED] - Object: 'Object Repository/UploadYourDocuments/IdDocViewButton' is clicked on

23-06-2024T10:00:44 - [MESSAGE][PASSED] - Switched to window with index: '1'

23-06-2024T10:00:45 - [MESSAGE][PASSED] - Delayed 1 second(s)

23-06-2024T10:00:46 - [MESSAGE][PASSED] - Delayed 1 second(s)

23-06-2024T10:00:49 - [MESSAGE][PASSED] - Delayed 3 second(s)

23-06-2024T10:00:49 - [MESSAGE][PASSED] - Taking screenshot successfully
[[ATTACHMENT|D:\\newRCBCProject\\RCBCLOS_Automation\\Reports\\20240623_095655\\DigitalFlows\\NSTPDigitalWithAccuity\\testSuiteForDealerNSTP\\20240623_095657\\Screenshots/Portal23_06_2409_57_46/Regression23_06_24_10_00_46.jpg]]

23-06-2024T10:00:54 - [MESSAGE][PASSED] - Delayed 5 second(s)

23-06-2024T10:00:54 - [MESSAGE][PASSED] - Window with index 1 is closed

23-06-2024T10:00:54 - [MESSAGE][PASSED] - Switched to window with index: '0'

23-06-2024T10:00:55 - [MESSAGE][PASSED] - All options with index in [1] are selected on object 'Object Repository/UploadYourDocuments/incomeDocument_selectIdType'

23-06-2024T10:00:56 - [MESSAGE][PASSED] - Delayed 1 second(s)

23-06-2024T10:00:56 - [MESSAGE][PASSED] - Current window's index is: 0

23-06-2024T10:00:57 - [MESSAGE][PASSED] - Object: 'Object Repository/UploadYourDocuments/uploadFile_Btn1' is clicked on

23-06-2024T10:00:58 - [MESSAGE][PASSED] - Delayed 1 second(s)

23-06-2024T10:00:58 - [MESSAGE][PASSED] - Switched to window with index: '1'

23-06-2024T10:00:59 - [MESSAGE][PASSED] - Delayed 1 second(s)

23-06-2024T10:00:59 - [MESSAGE][PASSED] - Wait for page load successfully

23-06-2024T10:00:59 - [MESSAGE][PASSED] - File 'D:\newRCBCProject\RCBCLOS_Automation\Document\Katalon_WebObjects.pdf' sent to object: 'Object Repository/UploadYourDocuments/browseFile'

23-06-2024T10:01:00 - [MESSAGE][PASSED] - Delayed 1 second(s)

23-06-2024T10:01:00 - [MESSAGE][PASSED] - Object: 'Object Repository/UploadYourDocuments/ValidID/documentType' is clicked on

23-06-2024T10:01:00 - [MESSAGE][PASSED] - All options with value 'Income Documents' are selected in object 'Object Repository/UploadYourDocuments/ValidID/documentType' 

23-06-2024T10:01:01 - [MESSAGE][PASSED] - Object: 'Object Repository/UploadYourDocuments/ValidID/uploadBtn' is clicked on

23-06-2024T10:01:04 - [MESSAGE][PASSED] - Delayed 3 second(s)

23-06-2024T10:01:04 - [MESSAGE][PASSED] - Window with index 1 is closed

23-06-2024T10:01:04 - [MESSAGE][PASSED] - Switched to window with index: '0'

23-06-2024T10:01:04 - [MESSAGE][PASSED] - Current window's index is: 0

23-06-2024T10:01:06 - [MESSAGE][PASSED] - Delayed 2 second(s)

23-06-2024T10:01:06 - [MESSAGE][PASSED] - Object: 'Object Repository/UploadYourDocuments/IncomeDocViewBtn' is clicked on

23-06-2024T10:01:06 - [MESSAGE][PASSED] - Switched to window with index: '1'

23-06-2024T10:01:07 - [MESSAGE][PASSED] - Delayed 1 second(s)

23-06-2024T10:01:08 - [MESSAGE][PASSED] - Delayed 1 second(s)

23-06-2024T10:01:11 - [MESSAGE][PASSED] - Delayed 3 second(s)

23-06-2024T10:01:12 - [MESSAGE][PASSED] - Taking screenshot successfully
[[ATTACHMENT|D:\\newRCBCProject\\RCBCLOS_Automation\\Reports\\20240623_095655\\DigitalFlows\\NSTPDigitalWithAccuity\\testSuiteForDealerNSTP\\20240623_095657\\Screenshots/Portal23_06_2409_57_46/Regression23_06_24_10_01_08.jpg]]

23-06-2024T10:01:17 - [MESSAGE][PASSED] - Delayed 5 second(s)

23-06-2024T10:01:17 - [MESSAGE][PASSED] - Window with index 1 is closed

23-06-2024T10:01:17 - [MESSAGE][PASSED] - Switched to window with index: '0'

23-06-2024T10:01:17 - [MESSAGE][PASSED] - Scroll to object 'Object Repository/UploadYourDocuments/nextBtn' successfully

23-06-2024T10:01:18 - [MESSAGE][PASSED] - Delayed 1 second(s)

23-06-2024T10:01:18 - [MESSAGE][PASSED] - Current window's index is: 0

23-06-2024T10:01:19 - [MESSAGE][PASSED] - Object: 'Object Repository/UploadYourDocuments/uploadFile_Btn2' is clicked on

23-06-2024T10:01:20 - [MESSAGE][PASSED] - Delayed 1 second(s)

23-06-2024T10:01:20 - [MESSAGE][PASSED] - Switched to window with index: '1'

23-06-2024T10:01:21 - [MESSAGE][PASSED] - Delayed 1 second(s)

23-06-2024T10:01:21 - [MESSAGE][PASSED] - Wait for page load successfully

23-06-2024T10:01:21 - [MESSAGE][PASSED] - File 'D:\newRCBCProject\RCBCLOS_Automation\Document\Katalon_WebObjects.pdf' sent to object: 'Object Repository/UploadYourDocuments/browseFile'

23-06-2024T10:01:22 - [MESSAGE][PASSED] - Delayed 1 second(s)

23-06-2024T10:01:22 - [MESSAGE][PASSED] - Object: 'Object Repository/UploadYourDocuments/ValidID/documentType' is clicked on

23-06-2024T10:01:22 - [MESSAGE][PASSED] - All options with value 'Loan Application Documents' are selected in object 'Object Repository/UploadYourDocuments/ValidID/documentType' 

23-06-2024T10:01:22 - [MESSAGE][PASSED] - Object: 'Object Repository/UploadYourDocuments/ValidID/uploadBtn' is clicked on

23-06-2024T10:01:26 - [MESSAGE][PASSED] - Delayed 3 second(s)

23-06-2024T10:01:26 - [MESSAGE][PASSED] - Window with index 1 is closed

23-06-2024T10:01:26 - [MESSAGE][PASSED] - Switched to window with index: '0'

23-06-2024T10:01:26 - [MESSAGE][PASSED] - Current window's index is: 0

23-06-2024T10:01:28 - [MESSAGE][PASSED] - Delayed 2 second(s)

23-06-2024T10:01:28 - [MESSAGE][PASSED] - Object: 'Object Repository/UploadYourDocuments/LoanApplicationDocViewBtn' is clicked on

23-06-2024T10:01:28 - [MESSAGE][PASSED] - Switched to window with index: '1'

23-06-2024T10:01:29 - [MESSAGE][PASSED] - Delayed 1 second(s)

23-06-2024T10:01:30 - [MESSAGE][PASSED] - Delayed 1 second(s)

23-06-2024T10:01:33 - [MESSAGE][PASSED] - Delayed 3 second(s)

23-06-2024T10:01:33 - [MESSAGE][PASSED] - Taking screenshot successfully
[[ATTACHMENT|D:\\newRCBCProject\\RCBCLOS_Automation\\Reports\\20240623_095655\\DigitalFlows\\NSTPDigitalWithAccuity\\testSuiteForDealerNSTP\\20240623_095657\\Screenshots/Portal23_06_2409_57_46/Regression23_06_24_10_01_30.jpg]]

23-06-2024T10:01:38 - [MESSAGE][PASSED] - Delayed 5 second(s)

23-06-2024T10:01:38 - [MESSAGE][PASSED] - Window with index 1 is closed

23-06-2024T10:01:38 - [MESSAGE][PASSED] - Switched to window with index: '0'

23-06-2024T10:01:39 - [MESSAGE][PASSED] - Delayed 1 second(s)

23-06-2024T10:01:40 - [MESSAGE][PASSED] - Delayed 1 second(s)

23-06-2024T10:01:43 - [MESSAGE][PASSED] - Delayed 3 second(s)

23-06-2024T10:01:44 - [MESSAGE][PASSED] - Taking screenshot successfully
[[ATTACHMENT|D:\\newRCBCProject\\RCBCLOS_Automation\\Reports\\20240623_095655\\DigitalFlows\\NSTPDigitalWithAccuity\\testSuiteForDealerNSTP\\20240623_095657\\Screenshots/Portal23_06_2409_57_46/Regression23_06_24_10_01_40.jpg]]

23-06-2024T10:01:44 - [MESSAGE][PASSED] - Object 'Object Repository/UploadYourDocuments/backBtn' is clickable

23-06-2024T10:02:08 - [MESSAGE][PASSED] - Object: 'Object Repository/UploadYourDocuments/nextBtn' is clicked on

23-06-2024T10:02:08 - [MESSAGE][PASSED] - autoLoanProtal.UploadYourDocuments.uploadYourDocumentsPage is PASSED

23-06-2024T10:02:10 - [TEST_STEP][PASSED] - Video: Video recording for test case 'Test Cases/Digital_STPWithAndWithoutAPI/DigitalPotal/DocumentUploadPageWithout' .

23-06-2024T10:02:10 - [MESSAGE][INFO] - Video recording for test case 'Test Cases/Digital_STPWithAndWithoutAPI/DigitalPotal/DocumentUploadPageWithout' .]]></system-out>
         <system-err><![CDATA[]]></system-err>
      </testcase>
      <testcase name="Test Cases/Digital_NSTP/NSTPPortal/SubmitPageProceedToBackOffice" time="13.817" classname="Test Cases/Digital_NSTP/NSTPPortal/SubmitPageProceedToBackOffice" status="PASSED">
         <system-out><![CDATA[23-06-2024T10:02:10 - [TEST_CASE][PASSED] - Test Cases/Digital_NSTP/NSTPPortal/SubmitPageProceedToBackOffice: Test Cases/Digital_NSTP/NSTPPortal/SubmitPageProceedToBackOffice

23-06-2024T10:02:10 - [TEST_STEP][PASSED] - autoLoanProtal.SubmitPage.proceedToPreReleaseFunNSTP(): autoLoanProtal.SubmitPage.proceedToPreReleaseFunNSTP is PASSED

23-06-2024T10:02:10 - [MESSAGE][PASSED] - Wait for page load successfully

23-06-2024T10:02:10 - [MESSAGE][PASSED] - Object 'Object Repository/SubmitPage/submitPageNSTP' is present

23-06-2024T10:02:12 - [MESSAGE][PASSED] - Delayed 2 second(s)

23-06-2024T10:02:13 - [MESSAGE][PASSED] - Delayed 1 second(s)

23-06-2024T10:02:16 - [MESSAGE][PASSED] - Delayed 3 second(s)

23-06-2024T10:02:17 - [MESSAGE][PASSED] - Taking screenshot successfully
[[ATTACHMENT|D:\\newRCBCProject\\RCBCLOS_Automation\\Reports\\20240623_095655\\DigitalFlows\\NSTPDigitalWithAccuity\\testSuiteForDealerNSTP\\20240623_095657\\Screenshots/Portal23_06_2409_57_46/Regression23_06_24_10_02_13.jpg]]

23-06-2024T10:02:17 - [MESSAGE][PASSED] - Object: 'Object Repository/SubmitPage/goToBackOffice' is clicked on

23-06-2024T10:02:22 - [MESSAGE][PASSED] - Delayed 5 second(s)

23-06-2024T10:02:22 - [MESSAGE][PASSED] - autoLoanProtal.SubmitPage.proceedToPreReleaseFunNSTP is PASSED

23-06-2024T10:02:24 - [TEST_STEP][PASSED] - Video: Video recording for test case 'Test Cases/Digital_NSTP/NSTPPortal/SubmitPageProceedToBackOffice' .

23-06-2024T10:02:24 - [MESSAGE][INFO] - Video recording for test case 'Test Cases/Digital_NSTP/NSTPPortal/SubmitPageProceedToBackOffice' .]]></system-out>
         <system-err><![CDATA[]]></system-err>
      </testcase>
      <system-out><![CDATA[23-06-2024T09:57:27 - [TEST_SUITE][PASSED] - testSuiteForDealerNSTP: Test Cases/Digital_NSTP/NSTPPortal/SubmitPageProceedToBackOffice]]></system-out>
      <system-err><![CDATA[]]></system-err>
   </testsuite>
</testsuites>
