<?xml version="1.0" encoding="UTF-8"?>
<testsuites name="Fulfillment" time="194.55" tests="16" failures="0" errors="0">
   <testsuite name="Fulfillment" tests="16" failures="0" errors="0" time="194.55" skipped="0" timestamp="24-06-2024T12:10:32" hostname="Adarsh.Lohar - QKNBK2037.qkcorp.qualitykiosk.com" id="Test Suites/PaperbaseFlows/PaperbaseWithAndWithout/Fulfillment">
      <properties>
         <property name="deviceName" value=""/>
         <property name="devicePlatform"/>
         <property name="logFolder" value="D:\\newRCBCProject\\RCBCLOS_Automation\\Reports\\20240624_115032\\PaperbaseFlows\\PaperbaseWithAndWithout\\Fulfillment\\20240624_115044"/>
         <property name="logFiles" value="D:\\newRCBCProject\\RCBCLOS_Automation\\Reports\\20240624_115032\\PaperbaseFlows\\PaperbaseWithAndWithout\\Fulfillment\\20240624_115044\\execution0.log"/>
         <property name="attachments" value="D:\\newRCBCProject\\RCBCLOS_Automation\\Reports\\20240624_115032\\PaperbaseFlows\\PaperbaseWithAndWithout\\Fulfillment\\20240624_115044\\Screenshots/Fulfillment24_06_2412_10_44/Regression24_06_24_12_10_45.jpg, D:\\newRCBCProject\\RCBCLOS_Automation\\Reports\\20240624_115032\\PaperbaseFlows\\PaperbaseWithAndWithout\\Fulfillment\\20240624_115044\\Screenshots/Fulfillment24_06_2412_10_44/Regression24_06_24_12_11_00.jpg, D:\\newRCBCProject\\RCBCLOS_Automation\\Reports\\20240624_115032\\PaperbaseFlows\\PaperbaseWithAndWithout\\Fulfillment\\20240624_115044\\Screenshots/Fulfillment24_06_2412_10_44/Regression24_06_24_12_11_13.jpg, D:\\newRCBCProject\\RCBCLOS_Automation\\Reports\\20240624_115032\\PaperbaseFlows\\PaperbaseWithAndWithout\\Fulfillment\\20240624_115044\\Screenshots/Fulfillment24_06_2412_10_44/Regression24_06_24_12_11_28.jpg, D:\\newRCBCProject\\RCBCLOS_Automation\\Reports\\20240624_115032\\PaperbaseFlows\\PaperbaseWithAndWithout\\Fulfillment\\20240624_115044\\Screenshots/Fulfillment24_06_2412_10_44/Regression24_06_24_12_11_36.jpg, D:\\newRCBCProject\\RCBCLOS_Automation\\Reports\\20240624_115032\\PaperbaseFlows\\PaperbaseWithAndWithout\\Fulfillment\\20240624_115044\\Screenshots/Fulfillment24_06_2412_10_44/Regression24_06_24_12_11_42.jpg, D:\\newRCBCProject\\RCBCLOS_Automation\\Reports\\20240624_115032\\PaperbaseFlows\\PaperbaseWithAndWithout\\Fulfillment\\20240624_115044\\Screenshots/Fulfillment24_06_2412_10_44/Regression24_06_24_12_11_47.jpg, D:\\newRCBCProject\\RCBCLOS_Automation\\Reports\\20240624_115032\\PaperbaseFlows\\PaperbaseWithAndWithout\\Fulfillment\\20240624_115044\\Screenshots/Fulfillment24_06_2412_10_44/Regression24_06_24_12_11_53.jpg, D:\\newRCBCProject\\RCBCLOS_Automation\\Reports\\20240624_115032\\PaperbaseFlows\\PaperbaseWithAndWithout\\Fulfillment\\20240624_115044\\Screenshots/Fulfillment24_06_2412_10_44/Regression24_06_24_12_11_59.jpg, D:\\newRCBCProject\\RCBCLOS_Automation\\Reports\\20240624_115032\\PaperbaseFlows\\PaperbaseWithAndWithout\\Fulfillment\\20240624_115044\\Screenshots/Fulfillment24_06_2412_10_44/Regression24_06_24_12_12_05.jpg, D:\\newRCBCProject\\RCBCLOS_Automation\\Reports\\20240624_115032\\PaperbaseFlows\\PaperbaseWithAndWithout\\Fulfillment\\20240624_115044\\Screenshots/Fulfillment24_06_2412_10_44/Regression24_06_24_12_12_12.jpg, D:\\newRCBCProject\\RCBCLOS_Automation\\Reports\\20240624_115032\\PaperbaseFlows\\PaperbaseWithAndWithout\\Fulfillment\\20240624_115044\\Screenshots/Fulfillment24_06_2412_10_44/Regression24_06_24_12_12_16.jpg, D:\\newRCBCProject\\RCBCLOS_Automation\\Reports\\20240624_115032\\PaperbaseFlows\\PaperbaseWithAndWithout\\Fulfillment\\20240624_115044\\Screenshots/Fulfillment24_06_2412_10_44/Regression24_06_24_12_12_25.jpg, D:\\newRCBCProject\\RCBCLOS_Automation\\Reports\\20240624_115032\\PaperbaseFlows\\PaperbaseWithAndWithout\\Fulfillment\\20240624_115044\\Screenshots/Fulfillment24_06_2412_10_44/Regression24_06_24_12_12_31.jpg, D:\\newRCBCProject\\RCBCLOS_Automation\\Reports\\20240624_115032\\PaperbaseFlows\\PaperbaseWithAndWithout\\Fulfillment\\20240624_115044\\Screenshots/Fulfillment24_06_2412_10_44/Regression24_06_24_12_12_37.jpg, D:\\newRCBCProject\\RCBCLOS_Automation\\Reports\\20240624_115032\\PaperbaseFlows\\PaperbaseWithAndWithout\\Fulfillment\\20240624_115044\\1719211365087.png, D:\\newRCBCProject\\RCBCLOS_Automation\\Reports\\20240624_115032\\PaperbaseFlows\\PaperbaseWithAndWithout\\Fulfillment\\20240624_115044\\Screenshots/Fulfillment24_06_2412_10_44/Regression24_06_24_12_12_47.jpg, D:\\newRCBCProject\\RCBCLOS_Automation\\Reports\\20240624_115032\\PaperbaseFlows\\PaperbaseWithAndWithout\\Fulfillment\\20240624_115044\\1719211407080.png, D:\\newRCBCProject\\RCBCLOS_Automation\\Reports\\20240624_115032\\PaperbaseFlows\\PaperbaseWithAndWithout\\Fulfillment\\20240624_115044\\Screenshots/Fulfillment24_06_2412_10_44/Regression24_06_24_12_13_36.jpg, D:\\newRCBCProject\\RCBCLOS_Automation\\Reports\\20240624_115032\\PaperbaseFlows\\PaperbaseWithAndWithout\\Fulfillment\\20240624_115044\\Screenshots/Fulfillment24_06_2412_10_44/Regression24_06_24_12_13_43.jpg"/>
         <property name="hostName" value="Adarsh.Lohar - QKNBK2037.qkcorp.qualitykiosk.com"/>
         <property name="os" value="Windows 10 64bit"/>
         <property name="katalonVersion" value="9.5.0.217"/>
         <property name="browser" value="Chrome 126.0.0.0"/>
         <property name="hostAddress" value="10.0.6.210"/>
         <property name="sessionId" value="8b86aa5d5b850e76ad9e9f1c3d514898"/>
         <property name="seleniumVersion" value="3.141.59"/>
         <property name="proxyInformation" value="ProxyInformation { proxyOption=NO_PROXY, proxyServerType=HTTP, username=, password=********, proxyServerAddress=, proxyServerPort=0, executionList=&quot;&quot;, isApplyToDesiredCapabilities=true }"/>
         <property name="platform" value="Windows 10"/>
      </properties>
      <testcase name="Test Cases/Paper_STPWithAndWithoutAPI/Fullfillment/LoginPage" time="24.135" classname="Test Cases/Paper_STPWithAndWithoutAPI/Fullfillment/LoginPage" status="PASSED">
         <system-out><![CDATA[24-06-2024T12:10:33 - [TEST_CASE][PASSED] - Test Cases/Paper_STPWithAndWithoutAPI/Fullfillment/LoginPage: Test Cases/Paper_STPWithAndWithoutAPI/Fullfillment/LoginPage

24-06-2024T12:10:34 - [TEST_STEP][PASSED] - fulfillment.LoginForibpsFullFillment.login(): fulfillment.LoginForibpsFullFillment.login is PASSED

24-06-2024T12:10:34 - [MESSAGE][INFO] - Starting 'Chrome' driver

24-06-2024T12:10:34 - [MESSAGE][INFO] - User set preference: ['args', '[--incognito]']

24-06-2024T12:10:34 - [MESSAGE][INFO] - Action delay is set to 0 milliseconds

24-06-2024T12:10:38 - [MESSAGE][PASSED] - Browser is opened with url: ''

24-06-2024T12:10:38 - [MESSAGE][PASSED] - Current window maximized

24-06-2024T12:10:41 - [MESSAGE][PASSED] - Navigate to 'https://rcbcuat.nonprodnmc.com/omniapp' successfully

24-06-2024T12:10:42 - [MESSAGE][PASSED] - Text 'QK_Fulfillment7' is set on object 'Object Repository/BackOffice/ibpsLogin/userName'

24-06-2024T12:10:43 - [MESSAGE][PASSED] - Text ****** has been set on object 'Object Repository/BackOffice/ibpsLogin/password'

24-06-2024T12:10:44 - [MESSAGE][PASSED] - Delayed 1 second(s)

24-06-2024T12:10:45 - [MESSAGE][PASSED] - Delayed 1 second(s)

24-06-2024T12:10:46 - [MESSAGE][PASSED] - Delayed 1 second(s)

24-06-2024T12:10:46 - [MESSAGE][PASSED] - Taking screenshot successfully
[[ATTACHMENT|D:\\newRCBCProject\\RCBCLOS_Automation\\Reports\\20240624_115032\\PaperbaseFlows\\PaperbaseWithAndWithout\\Fulfillment\\20240624_115044\\Screenshots/Fulfillment24_06_2412_10_44/Regression24_06_24_12_10_45.jpg]]

24-06-2024T12:10:46 - [MESSAGE][PASSED] - Object: 'Object Repository/BackOffice/ibpsLogin/loginButton' is clicked on

24-06-2024T12:10:48 - [MESSAGE][PASSED] - Delayed 2 second(s)

24-06-2024T12:10:52 - [MESSAGE][INFO] - Unable to find the element located by 'By.xpath: //input[@id="oaloginform:contloginbtn"]'. Please recheck the objects properties to make sure the desired element is located. 

24-06-2024T12:10:52 - [MESSAGE][WARNING] - [SELF-HEALING] Failed to find element with id 'Object Repository/BackOffice/ibpsLogin/yesLogin'. Try using Self-healing.

24-06-2024T12:10:53 - [MESSAGE][INFO] - [SELF-HEALING] No working XPath is found.

24-06-2024T12:10:55 - [MESSAGE][WARNING] - [SELF-HEALING] javascript error: {"status":32,"value":"Unable to locate an element with the xpath expression  because of the following error:\nSyntaxError: Failed to execute 'evaluate' on 'Document': The string '' is not a valid XPath expression."}
  (Session info: chrome=126.0.6478.114)
Build info: version: '3.141.59', revision: 'unknown', time: 'unknown'
System info: host: 'QKNBK2037', ip: '10.0.6.210', os.name: 'Windows 10', os.arch: 'amd64', os.version: '10.0', java.version: '17.0.7'
Driver info: com.kms.katalon.selenium.driver.CChromeDriver
Capabilities {acceptInsecureCerts: false, browserName: chrome, browserVersion: 126.0.6478.114, chrome: {chromedriverVersion: 125.0.6422.60 (3ac3319bff9f..., userDataDir: C:\Users\ADARSH~1.LOH\AppDa...}, fedcm:accounts: true, goog:chromeOptions: {debuggerAddress: localhost:61680}, javascriptEnabled: true, networkConnectionEnabled: false, pageLoadStrategy: normal, platform: WINDOWS, platformName: WINDOWS, proxy: Proxy(), setWindowRect: true, strictFileInteractability: false, timeouts: {implicit: 0, pageLoad: 300000, script: 30000}, unhandledPromptBehavior: dismiss and notify, webauthn:extension:credBlob: true, webauthn:extension:largeBlob: true, webauthn:extension:minPinLength: true, webauthn:extension:prf: true, webauthn:virtualAuthenticators: true}
Session ID: 8b86aa5d5b850e76ad9e9f1c3d514898
*** Element info: {Using=xpath, value=}

24-06-2024T12:10:55 - [MESSAGE][WARNING] - [SELF-HEALING] Cannot find elements when the selector is null

24-06-2024T12:10:55 - [MESSAGE][WARNING] - Web element with id: 'Object Repository/BackOffice/ibpsLogin/yesLogin' located by '//input[@id="oaloginform:contloginbtn"]' not found

24-06-2024T12:10:55 - [MESSAGE][PASSED] - fulfillment.LoginForibpsFullFillment.login is PASSED

24-06-2024T12:10:57 - [TEST_STEP][PASSED] - Video: Video recording for test case 'Test Cases/Paper_STPWithAndWithoutAPI/Fullfillment/LoginPage' .

24-06-2024T12:10:57 - [MESSAGE][INFO] - Video recording for test case 'Test Cases/Paper_STPWithAndWithoutAPI/Fullfillment/LoginPage' .]]></system-out>
         <system-err><![CDATA[]]></system-err>
      </testcase>
      <testcase name="Test Cases/Paper_STPWithAndWithoutAPI/Fullfillment/HomePage" time="14.223" classname="Test Cases/Paper_STPWithAndWithoutAPI/Fullfillment/HomePage" status="PASSED">
         <system-out><![CDATA[24-06-2024T12:10:57 - [TEST_CASE][PASSED] - Test Cases/Paper_STPWithAndWithoutAPI/Fullfillment/HomePage: Test Cases/Paper_STPWithAndWithoutAPI/Fullfillment/HomePage

24-06-2024T12:10:57 - [TEST_STEP][PASSED] - fulfillment.HomePageForibpsFullFillment.selectResistration(): fulfillment.HomePageForibpsFullFillment.selectResistration is PASSED

24-06-2024T12:10:57 - [MESSAGE][PASSED] - Wait for page load successfully

24-06-2024T12:10:58 - [MESSAGE][PASSED] - Delayed 1 second(s)

24-06-2024T12:10:58 - [MESSAGE][PASSED] - Object 'Object Repository/BackOffice/Fulfillment/ibpsHomePage/fullfillment' is clickable

24-06-2024T12:10:59 - [MESSAGE][PASSED] - Delayed 1 second(s)

24-06-2024T12:10:59 - [MESSAGE][INFO] -  ******** LOS-3370

24-06-2024T12:11:00 - [MESSAGE][PASSED] - Delayed 1 second(s)

24-06-2024T12:11:01 - [MESSAGE][PASSED] - Delayed 1 second(s)

24-06-2024T12:11:02 - [MESSAGE][PASSED] - Taking screenshot successfully
[[ATTACHMENT|D:\\newRCBCProject\\RCBCLOS_Automation\\Reports\\20240624_115032\\PaperbaseFlows\\PaperbaseWithAndWithout\\Fulfillment\\20240624_115044\\Screenshots/Fulfillment24_06_2412_10_44/Regression24_06_24_12_11_00.jpg]]

24-06-2024T12:11:04 - [MESSAGE][PASSED] - Object: 'Object Repository/BackOffice/Fulfillment/ibpsHomePage/fullfillment' is clicked on

24-06-2024T12:11:04 - [MESSAGE][PASSED] - Object: 'Object Repository/BackOffice/COMaker/ibpsHomePage/resistrationNo' is clicked on

24-06-2024T12:11:05 - [MESSAGE][PASSED] - Delayed 1 second(s)

24-06-2024T12:11:09 - [MESSAGE][PASSED] - Delayed 2 second(s)

24-06-2024T12:11:09 - [MESSAGE][PASSED] - fulfillment.HomePageForibpsFullFillment.selectResistration is PASSED

24-06-2024T12:11:11 - [TEST_STEP][PASSED] - Video: Video recording for test case 'Test Cases/Paper_STPWithAndWithoutAPI/Fullfillment/HomePage' .

24-06-2024T12:11:11 - [MESSAGE][INFO] - Video recording for test case 'Test Cases/Paper_STPWithAndWithoutAPI/Fullfillment/HomePage' .]]></system-out>
         <system-err><![CDATA[]]></system-err>
      </testcase>
      <testcase name="Test Cases/Paper_STPWithAndWithoutAPI/Fullfillment/ClientInformation" time="5.635" classname="Test Cases/Paper_STPWithAndWithoutAPI/Fullfillment/ClientInformation" status="PASSED">
         <system-out><![CDATA[24-06-2024T12:11:11 - [TEST_CASE][PASSED] - Test Cases/Paper_STPWithAndWithoutAPI/Fullfillment/ClientInformation: Test Cases/Paper_STPWithAndWithoutAPI/Fullfillment/ClientInformation

24-06-2024T12:11:11 - [TEST_STEP][PASSED] - tabSection.CustomerDetail.clientInformationForFullfillmentPaperbase(): tabSection.CustomerDetail.clientInformationForFullfillmentPaperbase is PASSED

24-06-2024T12:11:11 - [MESSAGE][PASSED] - Wait for page load successfully

24-06-2024T12:11:12 - [MESSAGE][PASSED] - Delayed 1 second(s)

24-06-2024T12:11:12 - [MESSAGE][PASSED] - Current window's index is: 0

24-06-2024T12:11:12 - [MESSAGE][PASSED] - Switched to window with index: '1'

24-06-2024T12:11:12 - [MESSAGE][PASSED] - Text of object 'Object Repository/Action/referenceNumber' is: 'Fullfillment : LOS-3370'

24-06-2024T12:11:12 - [MESSAGE][INFO] - Fullfillment : LOS-3370 Contains LOS-3370

24-06-2024T12:11:12 - [MESSAGE][INFO] - Ready to go....

24-06-2024T12:11:13 - [MESSAGE][PASSED] - Delayed 1 second(s)

24-06-2024T12:11:14 - [MESSAGE][PASSED] - Delayed 1 second(s)

24-06-2024T12:11:15 - [MESSAGE][PASSED] - Taking screenshot successfully
[[ATTACHMENT|D:\\newRCBCProject\\RCBCLOS_Automation\\Reports\\20240624_115032\\PaperbaseFlows\\PaperbaseWithAndWithout\\Fulfillment\\20240624_115044\\Screenshots/Fulfillment24_06_2412_10_44/Regression24_06_24_12_11_13.jpg]]

24-06-2024T12:11:15 - [MESSAGE][PASSED] - tabSection.CustomerDetail.clientInformationForFullfillmentPaperbase is PASSED

24-06-2024T12:11:17 - [TEST_STEP][PASSED] - Video: Video recording for test case 'Test Cases/Paper_STPWithAndWithoutAPI/Fullfillment/ClientInformation' .

24-06-2024T12:11:17 - [MESSAGE][INFO] - Video recording for test case 'Test Cases/Paper_STPWithAndWithoutAPI/Fullfillment/ClientInformation' .]]></system-out>
         <system-err><![CDATA[]]></system-err>
      </testcase>
      <testcase name="Test Cases/Paper_STPWithAndWithoutAPI/Fullfillment/LoanInformation" time="14.752" classname="Test Cases/Paper_STPWithAndWithoutAPI/Fullfillment/LoanInformation" status="PASSED">
         <system-out><![CDATA[24-06-2024T12:11:17 - [TEST_CASE][PASSED] - Test Cases/Paper_STPWithAndWithoutAPI/Fullfillment/LoanInformation: Test Cases/Paper_STPWithAndWithoutAPI/Fullfillment/LoanInformation

24-06-2024T12:11:17 - [TEST_STEP][PASSED] - tabSection.LoanInformation.loanInfoForFullFillmentPaperbase(): tabSection.LoanInformation.loanInfoForFullFillmentPaperbase is PASSED

24-06-2024T12:11:18 - [MESSAGE][PASSED] - Delayed 1 second(s)

24-06-2024T12:11:20 - [MESSAGE][PASSED] - Object: 'Object Repository/TabSection/LoanInformation' is clicked on

24-06-2024T12:11:21 - [MESSAGE][PASSED] - Text '40000' is set on object 'Object Repository/BackOffice/Fulfillment/LoanInformationWithoutAPI/FundTransferPricing'

24-06-2024T12:11:22 - [MESSAGE][PASSED] - Text '0' is set on object 'Object Repository/BackOffice/PreReleasePaperbaseLoanInfo/advancePayment6'

24-06-2024T12:11:23 - [MESSAGE][PASSED] - Text '0' is set on object 'Object Repository/BackOffice/PreReleasePaperbaseLoanInfo/cmfPayment6'

24-06-2024T12:11:24 - [MESSAGE][PASSED] - Text '0' is set on object 'Object Repository/BackOffice/PreReleasePaperbaseLoanInfo/excessEMF6'

24-06-2024T12:11:25 - [MESSAGE][PASSED] - Text '0' is set on object 'Object Repository/BackOffice/PreReleasePaperbaseLoanInfo/lto6'

24-06-2024T12:11:26 - [MESSAGE][PASSED] - Text '0' is set on object 'Object Repository/BackOffice/PreReleasePaperbaseLoanInfo/motorCarInsurance6'

24-06-2024T12:11:27 - [MESSAGE][PASSED] - Delayed 1 second(s)

24-06-2024T12:11:28 - [MESSAGE][PASSED] - Delayed 1 second(s)

24-06-2024T12:11:29 - [MESSAGE][PASSED] - Delayed 1 second(s)

24-06-2024T12:11:29 - [MESSAGE][PASSED] - Taking screenshot successfully
[[ATTACHMENT|D:\\newRCBCProject\\RCBCLOS_Automation\\Reports\\20240624_115032\\PaperbaseFlows\\PaperbaseWithAndWithout\\Fulfillment\\20240624_115044\\Screenshots/Fulfillment24_06_2412_10_44/Regression24_06_24_12_11_28.jpg]]

24-06-2024T12:11:29 - [MESSAGE][PASSED] - tabSection.LoanInformation.loanInfoForFullFillmentPaperbase is PASSED

24-06-2024T12:11:31 - [TEST_STEP][PASSED] - Video: Video recording for test case 'Test Cases/Paper_STPWithAndWithoutAPI/Fullfillment/LoanInformation' .

24-06-2024T12:11:31 - [MESSAGE][INFO] - Video recording for test case 'Test Cases/Paper_STPWithAndWithoutAPI/Fullfillment/LoanInformation' .]]></system-out>
         <system-err><![CDATA[]]></system-err>
      </testcase>
      <testcase name="Test Cases/Paper_STPWithAndWithoutAPI/Fullfillment/DocumentChecklist" time="7.803" classname="Test Cases/Paper_STPWithAndWithoutAPI/Fullfillment/DocumentChecklist" status="PASSED">
         <system-out><![CDATA[24-06-2024T12:11:31 - [TEST_CASE][PASSED] - Test Cases/Paper_STPWithAndWithoutAPI/Fullfillment/DocumentChecklist: Test Cases/Paper_STPWithAndWithoutAPI/Fullfillment/DocumentChecklist

24-06-2024T12:11:31 - [TEST_STEP][PASSED] - tabSection.DocumentCheckList.documentCheckListForFullfillmentPaperbase(): tabSection.DocumentCheckList.documentCheckListForFullfillmentPaperbase is PASSED

24-06-2024T12:11:34 - [MESSAGE][PASSED] - Object: 'Object Repository/TabSection/DocumentCheclist' is clicked on

24-06-2024T12:11:35 - [MESSAGE][PASSED] - Delayed 1 second(s)

24-06-2024T12:11:36 - [MESSAGE][PASSED] - Delayed 1 second(s)

24-06-2024T12:11:37 - [MESSAGE][PASSED] - Delayed 1 second(s)

24-06-2024T12:11:37 - [MESSAGE][PASSED] - Taking screenshot successfully
[[ATTACHMENT|D:\\newRCBCProject\\RCBCLOS_Automation\\Reports\\20240624_115032\\PaperbaseFlows\\PaperbaseWithAndWithout\\Fulfillment\\20240624_115044\\Screenshots/Fulfillment24_06_2412_10_44/Regression24_06_24_12_11_36.jpg]]

24-06-2024T12:11:37 - [MESSAGE][PASSED] - tabSection.DocumentCheckList.documentCheckListForFullfillmentPaperbase is PASSED

24-06-2024T12:11:39 - [TEST_STEP][PASSED] - Video: Video recording for test case 'Test Cases/Paper_STPWithAndWithoutAPI/Fullfillment/DocumentChecklist' .

24-06-2024T12:11:39 - [MESSAGE][INFO] - Video recording for test case 'Test Cases/Paper_STPWithAndWithoutAPI/Fullfillment/DocumentChecklist' .]]></system-out>
         <system-err><![CDATA[]]></system-err>
      </testcase>
      <testcase name="Test Cases/Paper_STPWithAndWithoutAPI/Fullfillment/CollateralInformation" time="5.759" classname="Test Cases/Paper_STPWithAndWithoutAPI/Fullfillment/CollateralInformation" status="PASSED">
         <system-out><![CDATA[24-06-2024T12:11:39 - [TEST_CASE][PASSED] - Test Cases/Paper_STPWithAndWithoutAPI/Fullfillment/CollateralInformation: Test Cases/Paper_STPWithAndWithoutAPI/Fullfillment/CollateralInformation

24-06-2024T12:11:39 - [TEST_STEP][PASSED] - tabSection.CollateralInformation.collateralInformationForFullfillmentPaperbased(): tabSection.CollateralInformation.collateralInformationForFullfillmentPaperbased is PASSED

24-06-2024T12:11:40 - [MESSAGE][PASSED] - Object: 'Object Repository/TabSection/CollateralInformation' is clicked on

24-06-2024T12:11:41 - [MESSAGE][PASSED] - Delayed 1 second(s)

24-06-2024T12:11:42 - [MESSAGE][PASSED] - Delayed 1 second(s)

24-06-2024T12:11:43 - [MESSAGE][PASSED] - Delayed 1 second(s)

24-06-2024T12:11:43 - [MESSAGE][PASSED] - Taking screenshot successfully
[[ATTACHMENT|D:\\newRCBCProject\\RCBCLOS_Automation\\Reports\\20240624_115032\\PaperbaseFlows\\PaperbaseWithAndWithout\\Fulfillment\\20240624_115044\\Screenshots/Fulfillment24_06_2412_10_44/Regression24_06_24_12_11_42.jpg]]

24-06-2024T12:11:43 - [MESSAGE][PASSED] - tabSection.CollateralInformation.collateralInformationForFullfillmentPaperbased is PASSED

24-06-2024T12:11:45 - [TEST_STEP][PASSED] - Video: Video recording for test case 'Test Cases/Paper_STPWithAndWithoutAPI/Fullfillment/CollateralInformation' .

24-06-2024T12:11:45 - [MESSAGE][INFO] - Video recording for test case 'Test Cases/Paper_STPWithAndWithoutAPI/Fullfillment/CollateralInformation' .]]></system-out>
         <system-err><![CDATA[]]></system-err>
      </testcase>
      <testcase name="Test Cases/Paper_STPWithAndWithoutAPI/Fullfillment/CheckEligibility" time="5.762" classname="Test Cases/Paper_STPWithAndWithoutAPI/Fullfillment/CheckEligibility" status="PASSED">
         <system-out><![CDATA[24-06-2024T12:11:45 - [TEST_CASE][PASSED] - Test Cases/Paper_STPWithAndWithoutAPI/Fullfillment/CheckEligibility: Test Cases/Paper_STPWithAndWithoutAPI/Fullfillment/CheckEligibility

24-06-2024T12:11:45 - [TEST_STEP][PASSED] - tabSection.CheckEligibility.checkEligibilityForFullfillmentPaperbase(): tabSection.CheckEligibility.checkEligibilityForFullfillmentPaperbase is PASSED

24-06-2024T12:11:45 - [MESSAGE][PASSED] - Object: 'Object Repository/TabSection/checkEligibility' is clicked on

24-06-2024T12:11:46 - [MESSAGE][PASSED] - Delayed 1 second(s)

24-06-2024T12:11:47 - [MESSAGE][PASSED] - Delayed 1 second(s)

24-06-2024T12:11:48 - [MESSAGE][PASSED] - Delayed 1 second(s)

24-06-2024T12:11:49 - [MESSAGE][PASSED] - Taking screenshot successfully
[[ATTACHMENT|D:\\newRCBCProject\\RCBCLOS_Automation\\Reports\\20240624_115032\\PaperbaseFlows\\PaperbaseWithAndWithout\\Fulfillment\\20240624_115044\\Screenshots/Fulfillment24_06_2412_10_44/Regression24_06_24_12_11_47.jpg]]

24-06-2024T12:11:49 - [MESSAGE][PASSED] - tabSection.CheckEligibility.checkEligibilityForFullfillmentPaperbase is PASSED

24-06-2024T12:11:51 - [TEST_STEP][PASSED] - Video: Video recording for test case 'Test Cases/Paper_STPWithAndWithoutAPI/Fullfillment/CheckEligibility' .

24-06-2024T12:11:51 - [MESSAGE][INFO] - Video recording for test case 'Test Cases/Paper_STPWithAndWithoutAPI/Fullfillment/CheckEligibility' .]]></system-out>
         <system-err><![CDATA[]]></system-err>
      </testcase>
      <testcase name="Test Cases/Paper_STPWithAndWithoutAPI/Fullfillment/CreditEvaluation" time="5.742" classname="Test Cases/Paper_STPWithAndWithoutAPI/Fullfillment/CreditEvaluation" status="PASSED">
         <system-out><![CDATA[24-06-2024T12:11:51 - [TEST_CASE][PASSED] - Test Cases/Paper_STPWithAndWithoutAPI/Fullfillment/CreditEvaluation: Test Cases/Paper_STPWithAndWithoutAPI/Fullfillment/CreditEvaluation

24-06-2024T12:11:51 - [TEST_STEP][PASSED] - tabSection.CreditEvaluation.creditEvaluationForFullfillmentPaperbased(): tabSection.CreditEvaluation.creditEvaluationForFullfillmentPaperbased is PASSED

24-06-2024T12:11:51 - [MESSAGE][PASSED] - Object: 'Object Repository/TabSection/creditEvaluation' is clicked on

24-06-2024T12:11:52 - [MESSAGE][PASSED] - Delayed 1 second(s)

24-06-2024T12:11:53 - [MESSAGE][PASSED] - Delayed 1 second(s)

24-06-2024T12:11:54 - [MESSAGE][PASSED] - Delayed 1 second(s)

24-06-2024T12:11:54 - [MESSAGE][PASSED] - Taking screenshot successfully
[[ATTACHMENT|D:\\newRCBCProject\\RCBCLOS_Automation\\Reports\\20240624_115032\\PaperbaseFlows\\PaperbaseWithAndWithout\\Fulfillment\\20240624_115044\\Screenshots/Fulfillment24_06_2412_10_44/Regression24_06_24_12_11_53.jpg]]

24-06-2024T12:11:54 - [MESSAGE][PASSED] - tabSection.CreditEvaluation.creditEvaluationForFullfillmentPaperbased is PASSED

24-06-2024T12:11:56 - [TEST_STEP][PASSED] - Video: Video recording for test case 'Test Cases/Paper_STPWithAndWithoutAPI/Fullfillment/CreditEvaluation' .

24-06-2024T12:11:56 - [MESSAGE][INFO] - Video recording for test case 'Test Cases/Paper_STPWithAndWithoutAPI/Fullfillment/CreditEvaluation' .]]></system-out>
         <system-err><![CDATA[]]></system-err>
      </testcase>
      <testcase name="Test Cases/Paper_STPWithAndWithoutAPI/Fullfillment/Deviations" time="5.829" classname="Test Cases/Paper_STPWithAndWithoutAPI/Fullfillment/Deviations" status="PASSED">
         <system-out><![CDATA[24-06-2024T12:11:56 - [TEST_CASE][PASSED] - Test Cases/Paper_STPWithAndWithoutAPI/Fullfillment/Deviations: Test Cases/Paper_STPWithAndWithoutAPI/Fullfillment/Deviations

24-06-2024T12:11:57 - [TEST_STEP][PASSED] - tabSection.Deviation.deviationForFullfillmentPaperbased(): tabSection.Deviation.deviationForFullfillmentPaperbased is PASSED

24-06-2024T12:11:57 - [MESSAGE][PASSED] - Object: 'Object Repository/TabSection/Devlations' is clicked on

24-06-2024T12:11:58 - [MESSAGE][PASSED] - Delayed 1 second(s)

24-06-2024T12:11:59 - [MESSAGE][PASSED] - Delayed 1 second(s)

24-06-2024T12:12:00 - [MESSAGE][PASSED] - Delayed 1 second(s)

24-06-2024T12:12:00 - [MESSAGE][PASSED] - Taking screenshot successfully
[[ATTACHMENT|D:\\newRCBCProject\\RCBCLOS_Automation\\Reports\\20240624_115032\\PaperbaseFlows\\PaperbaseWithAndWithout\\Fulfillment\\20240624_115044\\Screenshots/Fulfillment24_06_2412_10_44/Regression24_06_24_12_11_59.jpg]]

24-06-2024T12:12:00 - [MESSAGE][PASSED] - tabSection.Deviation.deviationForFullfillmentPaperbased is PASSED

24-06-2024T12:12:02 - [TEST_STEP][PASSED] - Video: Video recording for test case 'Test Cases/Paper_STPWithAndWithoutAPI/Fullfillment/Deviations' .

24-06-2024T12:12:02 - [MESSAGE][INFO] - Video recording for test case 'Test Cases/Paper_STPWithAndWithoutAPI/Fullfillment/Deviations' .]]></system-out>
         <system-err><![CDATA[]]></system-err>
      </testcase>
      <testcase name="Test Cases/Paper_STPWithAndWithoutAPI/Fullfillment/CreditInvestigation" time="6.163" classname="Test Cases/Paper_STPWithAndWithoutAPI/Fullfillment/CreditInvestigation" status="PASSED">
         <system-out><![CDATA[24-06-2024T12:12:02 - [TEST_CASE][PASSED] - Test Cases/Paper_STPWithAndWithoutAPI/Fullfillment/CreditInvestigation: Test Cases/Paper_STPWithAndWithoutAPI/Fullfillment/CreditInvestigation

24-06-2024T12:12:02 - [TEST_STEP][PASSED] - tabSection.CreditInvestigation.creditInvestigationForFullfillmentPaperbased(): tabSection.CreditInvestigation.creditInvestigationForFullfillmentPaperbased is PASSED

24-06-2024T12:12:03 - [MESSAGE][PASSED] - Object: 'Object Repository/TabSection/creditInvestigation' is clicked on

24-06-2024T12:12:04 - [MESSAGE][PASSED] - Delayed 1 second(s)

24-06-2024T12:12:05 - [MESSAGE][PASSED] - Delayed 1 second(s)

24-06-2024T12:12:06 - [MESSAGE][PASSED] - Delayed 1 second(s)

24-06-2024T12:12:06 - [MESSAGE][PASSED] - Taking screenshot successfully
[[ATTACHMENT|D:\\newRCBCProject\\RCBCLOS_Automation\\Reports\\20240624_115032\\PaperbaseFlows\\PaperbaseWithAndWithout\\Fulfillment\\20240624_115044\\Screenshots/Fulfillment24_06_2412_10_44/Regression24_06_24_12_12_05.jpg]]

24-06-2024T12:12:06 - [MESSAGE][PASSED] - Object: 'Object Repository/TabSection/nextArrowButton' is clicked on

24-06-2024T12:12:06 - [MESSAGE][PASSED] - tabSection.CreditInvestigation.creditInvestigationForFullfillmentPaperbased is PASSED

24-06-2024T12:12:08 - [TEST_STEP][PASSED] - Video: Video recording for test case 'Test Cases/Paper_STPWithAndWithoutAPI/Fullfillment/CreditInvestigation' .

24-06-2024T12:12:08 - [MESSAGE][INFO] - Video recording for test case 'Test Cases/Paper_STPWithAndWithoutAPI/Fullfillment/CreditInvestigation' .]]></system-out>
         <system-err><![CDATA[]]></system-err>
      </testcase>
      <testcase name="Test Cases/Paper_STPWithAndWithoutAPI/Fullfillment/InsuranceInformation" time="11.426" classname="Test Cases/Paper_STPWithAndWithoutAPI/Fullfillment/InsuranceInformation" status="PASSED">
         <system-out><![CDATA[24-06-2024T12:12:08 - [TEST_CASE][PASSED] - Test Cases/Paper_STPWithAndWithoutAPI/Fullfillment/InsuranceInformation: Test Cases/Paper_STPWithAndWithoutAPI/Fullfillment/InsuranceInformation

24-06-2024T12:12:09 - [TEST_STEP][PASSED] - tabSection.InsuranceInformation.insuranceInformationForFullfillmentPaperbase(): tabSection.InsuranceInformation.insuranceInformationForFullfillmentPaperbase is PASSED

24-06-2024T12:12:09 - [MESSAGE][PASSED] - Object: 'Object Repository/TabSection/InsuranceInformation' is clicked on

24-06-2024T12:12:10 - [MESSAGE][PASSED] - All options with index in [1] are selected on object 'Object Repository/BackOffice/Fulfillment/InsuranceInformationWithoutAPI/detailCode'

24-06-2024T12:12:11 - [MESSAGE][PASSED] - Delayed 1 second(s)

24-06-2024T12:12:12 - [MESSAGE][PASSED] - Delayed 1 second(s)

24-06-2024T12:12:13 - [MESSAGE][PASSED] - Delayed 1 second(s)

24-06-2024T12:12:13 - [MESSAGE][PASSED] - Taking screenshot successfully
[[ATTACHMENT|D:\\newRCBCProject\\RCBCLOS_Automation\\Reports\\20240624_115032\\PaperbaseFlows\\PaperbaseWithAndWithout\\Fulfillment\\20240624_115044\\Screenshots/Fulfillment24_06_2412_10_44/Regression24_06_24_12_12_12.jpg]]

24-06-2024T12:12:14 - [MESSAGE][PASSED] - All options with index in [2] are selected on object 'Object Repository/BackOffice/Fulfillment/InsuranceInformationWithoutAPI/modeOfPayment'

24-06-2024T12:12:14 - [MESSAGE][PASSED] - All options with index in [1] are selected on object 'Object Repository/BackOffice/Fulfillment/InsuranceInformationWithoutAPI/paymentFrequency'

24-06-2024T12:12:15 - [MESSAGE][PASSED] - Delayed 1 second(s)

24-06-2024T12:12:16 - [MESSAGE][PASSED] - Delayed 1 second(s)

24-06-2024T12:12:17 - [MESSAGE][PASSED] - Delayed 1 second(s)

24-06-2024T12:12:17 - [MESSAGE][PASSED] - Taking screenshot successfully
[[ATTACHMENT|D:\\newRCBCProject\\RCBCLOS_Automation\\Reports\\20240624_115032\\PaperbaseFlows\\PaperbaseWithAndWithout\\Fulfillment\\20240624_115044\\Screenshots/Fulfillment24_06_2412_10_44/Regression24_06_24_12_12_16.jpg]]

24-06-2024T12:12:18 - [MESSAGE][PASSED] - Object: 'Object Repository/TabSection/nextArrowButton' is clicked on

24-06-2024T12:12:18 - [MESSAGE][PASSED] - tabSection.InsuranceInformation.insuranceInformationForFullfillmentPaperbase is PASSED

24-06-2024T12:12:20 - [TEST_STEP][PASSED] - Video: Video recording for test case 'Test Cases/Paper_STPWithAndWithoutAPI/Fullfillment/InsuranceInformation' .

24-06-2024T12:12:20 - [MESSAGE][INFO] - Video recording for test case 'Test Cases/Paper_STPWithAndWithoutAPI/Fullfillment/InsuranceInformation' .]]></system-out>
         <system-err><![CDATA[]]></system-err>
      </testcase>
      <testcase name="Test Cases/Paper_STPWithAndWithoutAPI/Fullfillment/DisbursementInformation" time="8.419" classname="Test Cases/Paper_STPWithAndWithoutAPI/Fullfillment/DisbursementInformation" status="PASSED">
         <system-out><![CDATA[24-06-2024T12:12:20 - [TEST_CASE][PASSED] - Test Cases/Paper_STPWithAndWithoutAPI/Fullfillment/DisbursementInformation: Test Cases/Paper_STPWithAndWithoutAPI/Fullfillment/DisbursementInformation

24-06-2024T12:12:20 - [TEST_STEP][PASSED] - tabSection.DisbursementInfo.disbursementInformationForFullfillmentPaperbase(): tabSection.DisbursementInfo.disbursementInformationForFullfillmentPaperbase is PASSED

24-06-2024T12:12:21 - [MESSAGE][PASSED] - Object: 'Object Repository/TabSection/DisbursementInformation' is clicked on

24-06-2024T12:12:21 - [MESSAGE][PASSED] - Text '05/06/2024' is set on object 'Object Repository/BackOfficePaperBase/Fullfillment/DisbursementInfo/preferredDueDate'

24-06-2024T12:12:23 - [MESSAGE][PASSED] - Text 'OK' is set on object 'Object Repository/BackOfficePaperBase/Fullfillment/DisbursementInfo/instructionToLOD'

24-06-2024T12:12:24 - [MESSAGE][PASSED] - Delayed 1 second(s)

24-06-2024T12:12:25 - [MESSAGE][PASSED] - Delayed 1 second(s)

24-06-2024T12:12:26 - [MESSAGE][PASSED] - Delayed 1 second(s)

24-06-2024T12:12:26 - [MESSAGE][PASSED] - Taking screenshot successfully
[[ATTACHMENT|D:\\newRCBCProject\\RCBCLOS_Automation\\Reports\\20240624_115032\\PaperbaseFlows\\PaperbaseWithAndWithout\\Fulfillment\\20240624_115044\\Screenshots/Fulfillment24_06_2412_10_44/Regression24_06_24_12_12_25.jpg]]

24-06-2024T12:12:26 - [MESSAGE][PASSED] - Object: 'Object Repository/TabSection/nextArrowButton' is clicked on

24-06-2024T12:12:26 - [MESSAGE][PASSED] - tabSection.DisbursementInfo.disbursementInformationForFullfillmentPaperbase is PASSED

24-06-2024T12:12:28 - [TEST_STEP][PASSED] - Video: Video recording for test case 'Test Cases/Paper_STPWithAndWithoutAPI/Fullfillment/DisbursementInformation' .

24-06-2024T12:12:28 - [MESSAGE][INFO] - Video recording for test case 'Test Cases/Paper_STPWithAndWithoutAPI/Fullfillment/DisbursementInformation' .]]></system-out>
         <system-err><![CDATA[]]></system-err>
      </testcase>
      <testcase name="Test Cases/Paper_STPWithAndWithoutAPI/Fullfillment/SystemInterfaceStatus" time="6.076" classname="Test Cases/Paper_STPWithAndWithoutAPI/Fullfillment/SystemInterfaceStatus" status="PASSED">
         <system-out><![CDATA[24-06-2024T12:12:28 - [TEST_CASE][PASSED] - Test Cases/Paper_STPWithAndWithoutAPI/Fullfillment/SystemInterfaceStatus: Test Cases/Paper_STPWithAndWithoutAPI/Fullfillment/SystemInterfaceStatus

24-06-2024T12:12:28 - [TEST_STEP][PASSED] - tabSection.SystemInterfaceStatus.systemInterfaceStatusForFullfillmentPaperbased(): tabSection.SystemInterfaceStatus.systemInterfaceStatusForFullfillmentPaperbased is PASSED

24-06-2024T12:12:29 - [MESSAGE][PASSED] - Object: 'Object Repository/TabSection/SystemInterfaceStatus' is clicked on

24-06-2024T12:12:30 - [MESSAGE][PASSED] - Delayed 1 second(s)

24-06-2024T12:12:31 - [MESSAGE][PASSED] - Delayed 1 second(s)

24-06-2024T12:12:32 - [MESSAGE][PASSED] - Delayed 1 second(s)

24-06-2024T12:12:32 - [MESSAGE][PASSED] - Taking screenshot successfully
[[ATTACHMENT|D:\\newRCBCProject\\RCBCLOS_Automation\\Reports\\20240624_115032\\PaperbaseFlows\\PaperbaseWithAndWithout\\Fulfillment\\20240624_115044\\Screenshots/Fulfillment24_06_2412_10_44/Regression24_06_24_12_12_31.jpg]]

24-06-2024T12:12:32 - [MESSAGE][PASSED] - Object: 'Object Repository/TabSection/nextArrowButton' is clicked on

24-06-2024T12:12:32 - [MESSAGE][PASSED] - tabSection.SystemInterfaceStatus.systemInterfaceStatusForFullfillmentPaperbased is PASSED

24-06-2024T12:12:34 - [TEST_STEP][PASSED] - Video: Video recording for test case 'Test Cases/Paper_STPWithAndWithoutAPI/Fullfillment/SystemInterfaceStatus' .

24-06-2024T12:12:34 - [MESSAGE][INFO] - Video recording for test case 'Test Cases/Paper_STPWithAndWithoutAPI/Fullfillment/SystemInterfaceStatus' .]]></system-out>
         <system-err><![CDATA[]]></system-err>
      </testcase>
      <testcase name="Test Cases/Paper_STPWithAndWithoutAPI/Fullfillment/AlertSummary" time="6.017" classname="Test Cases/Paper_STPWithAndWithoutAPI/Fullfillment/AlertSummary" status="PASSED">
         <system-out><![CDATA[24-06-2024T12:12:34 - [TEST_CASE][PASSED] - Test Cases/Paper_STPWithAndWithoutAPI/Fullfillment/AlertSummary: Test Cases/Paper_STPWithAndWithoutAPI/Fullfillment/AlertSummary

24-06-2024T12:12:34 - [TEST_STEP][PASSED] - tabSection.AlertsSummary.alertsSummaryForFullfillmentPaperbase(): tabSection.AlertsSummary.alertsSummaryForFullfillmentPaperbase is PASSED

24-06-2024T12:12:35 - [MESSAGE][PASSED] - Object: 'Object Repository/TabSection/AlertSummary' is clicked on

24-06-2024T12:12:36 - [MESSAGE][PASSED] - Delayed 1 second(s)

24-06-2024T12:12:37 - [MESSAGE][PASSED] - Delayed 1 second(s)

24-06-2024T12:12:38 - [MESSAGE][PASSED] - Delayed 1 second(s)

24-06-2024T12:12:38 - [MESSAGE][PASSED] - Taking screenshot successfully
[[ATTACHMENT|D:\\newRCBCProject\\RCBCLOS_Automation\\Reports\\20240624_115032\\PaperbaseFlows\\PaperbaseWithAndWithout\\Fulfillment\\20240624_115044\\Screenshots/Fulfillment24_06_2412_10_44/Regression24_06_24_12_12_37.jpg]]

24-06-2024T12:12:38 - [MESSAGE][PASSED] - Object: 'Object Repository/TabSection/nextArrowButton' is clicked on

24-06-2024T12:12:38 - [MESSAGE][PASSED] - tabSection.AlertsSummary.alertsSummaryForFullfillmentPaperbase is PASSED

24-06-2024T12:12:40 - [TEST_STEP][PASSED] - Video: Video recording for test case 'Test Cases/Paper_STPWithAndWithoutAPI/Fullfillment/AlertSummary' .

24-06-2024T12:12:40 - [MESSAGE][INFO] - Video recording for test case 'Test Cases/Paper_STPWithAndWithoutAPI/Fullfillment/AlertSummary' .]]></system-out>
         <system-err><![CDATA[]]></system-err>
      </testcase>
      <testcase name="Test Cases/Paper_STPWithAndWithoutAPI/Fullfillment/Action" time="50.409" classname="Test Cases/Paper_STPWithAndWithoutAPI/Fullfillment/Action" status="PASSED">
         <system-out><![CDATA[24-06-2024T12:12:40 - [TEST_CASE][PASSED] - Test Cases/Paper_STPWithAndWithoutAPI/Fullfillment/Action: Test Cases/Paper_STPWithAndWithoutAPI/Fullfillment/Action

24-06-2024T12:12:40 - [TEST_STEP][PASSED] - tabSection.Action.submitForAO(): tabSection.Action.submitForAO is PASSED

24-06-2024T12:12:42 - [MESSAGE][PASSED] - Object: 'Object Repository/TabSection/Action' is clicked on

24-06-2024T12:12:43 - [MESSAGE][PASSED] - Object 'Object Repository/Action/Decision' is visible

24-06-2024T12:12:43 - [MESSAGE][PASSED] - All options with index in [1] are selected on object 'Object Repository/Action/Decision'

24-06-2024T12:12:44 - [MESSAGE][PASSED] - Text 'OK' is set on object 'Object Repository/Action/Remarks'

24-06-2024T12:12:44 - [MESSAGE][PASSED] - Current window's title is: 'Fullfillment : LOS-3370'

24-06-2024T12:12:44 - [MESSAGE][PASSED] - Text of object 'Object Repository/Action/referenceNumber' is: 'Fullfillment : LOS-3370'

24-06-2024T12:12:44 - [MESSAGE][INFO] - LOS-3370

24-06-2024T12:12:45 - [MESSAGE][PASSED] - Object: 'Object Repository/Action/SubmitButton' is clicked on

24-06-2024T12:12:45 - [MESSAGE][PASSED] - Taking screenshot successfully
[[ATTACHMENT|D:\\newRCBCProject\\RCBCLOS_Automation\\Reports\\20240624_115032\\PaperbaseFlows\\PaperbaseWithAndWithout\\Fulfillment\\20240624_115044\\1719211365087.png]]

24-06-2024T12:12:46 - [MESSAGE][PASSED] - Delayed 1 second(s)

24-06-2024T12:12:47 - [MESSAGE][PASSED] - Delayed 1 second(s)

24-06-2024T12:12:48 - [MESSAGE][PASSED] - Delayed 1 second(s)

24-06-2024T12:12:48 - [MESSAGE][PASSED] - Taking screenshot successfully
[[ATTACHMENT|D:\\newRCBCProject\\RCBCLOS_Automation\\Reports\\20240624_115032\\PaperbaseFlows\\PaperbaseWithAndWithout\\Fulfillment\\20240624_115044\\Screenshots/Fulfillment24_06_2412_10_44/Regression24_06_24_12_12_47.jpg]]

24-06-2024T12:12:53 - [MESSAGE][PASSED] - Object: 'Object Repository/Action/confirmYes' is clicked on

24-06-2024T12:13:27 - [MESSAGE][WARNING] - Cannot find window with title: 'LoanPortal' (Root cause: com.kms.katalon.core.exception.StepFailedException: Cannot find window with title: 'LoanPortal'
	at com.kms.katalon.core.webui.keyword.internal.WebUIKeywordMain.stepFailed(WebUIKeywordMain.groovy:64)
	at com.kms.katalon.core.webui.keyword.builtin.SwitchToWindowTitleKeyword$_switchToWindowTitle_closure1.doCall(SwitchToWindowTitleKeyword.groovy:82)
	at com.kms.katalon.core.webui.keyword.builtin.SwitchToWindowTitleKeyword$_switchToWindowTitle_closure1.call(SwitchToWindowTitleKeyword.groovy)
	at com.kms.katalon.core.webui.keyword.internal.WebUIKeywordMain.runKeyword(WebUIKeywordMain.groovy:20)
	at com.kms.katalon.core.webui.keyword.builtin.SwitchToWindowTitleKeyword.switchToWindowTitle(SwitchToWindowTitleKeyword.groovy:84)
	at com.kms.katalon.core.webui.keyword.builtin.SwitchToWindowTitleKeyword.execute(SwitchToWindowTitleKeyword.groovy:67)
	at com.kms.katalon.core.keyword.internal.KeywordExecutor.executeKeywordForPlatform(KeywordExecutor.groovy:74)
	at com.kms.katalon.core.webui.keyword.WebUiBuiltInKeywords.switchToWindowTitle(WebUiBuiltInKeywords.groovy:1809)
	at tabSection.Action.submitForAO(Action.groovy:64)
	at java.base/jdk.internal.reflect.NativeMethodAccessorImpl.invoke0(Native Method)
	at java.base/jdk.internal.reflect.NativeMethodAccessorImpl.invoke(NativeMethodAccessorImpl.java:77)
	at java.base/jdk.internal.reflect.DelegatingMethodAccessorImpl.invoke(DelegatingMethodAccessorImpl.java:43)
	at com.kms.katalon.core.main.CustomKeywordDelegatingMetaClass.invokeStaticMethod(CustomKeywordDelegatingMetaClass.java:55)
	at Action.run(Action:20)
	at com.kms.katalon.core.main.ScriptEngine.run(ScriptEngine.java:194)
	at com.kms.katalon.core.main.ScriptEngine.runScriptAsRawText(ScriptEngine.java:119)
	at com.kms.katalon.core.main.TestCaseExecutor.runScript(TestCaseExecutor.java:448)
	at com.kms.katalon.core.main.TestCaseExecutor.doExecute(TestCaseExecutor.java:439)
	at com.kms.katalon.core.main.TestCaseExecutor.processExecutionPhase(TestCaseExecutor.java:418)
	at com.kms.katalon.core.main.TestCaseExecutor.accessMainPhase(TestCaseExecutor.java:410)
	at com.kms.katalon.core.main.TestCaseExecutor.execute(TestCaseExecutor.java:285)
	at com.kms.katalon.core.common.CommonExecutor.accessTestCaseMainPhase(CommonExecutor.java:65)
	at com.kms.katalon.core.main.TestSuiteExecutor.accessTestSuiteMainPhase(TestSuiteExecutor.java:150)
	at com.kms.katalon.core.main.TestSuiteExecutor.execute(TestSuiteExecutor.java:106)
	at com.kms.katalon.core.main.TestCaseMain.startTestSuite(TestCaseMain.java:180)
	at TempTestSuite1719210044593.run(TempTestSuite1719210044593.groovy:35)
	at java.base/jdk.internal.reflect.NativeMethodAccessorImpl.invoke0(Native Method)
	at java.base/jdk.internal.reflect.NativeMethodAccessorImpl.invoke(NativeMethodAccessorImpl.java:77)
	at java.base/jdk.internal.reflect.DelegatingMethodAccessorImpl.invoke(DelegatingMethodAccessorImpl.java:43)
)
[[ATTACHMENT|D:\\newRCBCProject\\RCBCLOS_Automation\\Reports\\20240624_115032\\PaperbaseFlows\\PaperbaseWithAndWithout\\Fulfillment\\20240624_115044\\1719211407080.png]]

24-06-2024T12:13:29 - [MESSAGE][PASSED] - Delayed 2 second(s)

24-06-2024T12:13:29 - [MESSAGE][PASSED] - tabSection.Action.submitForAO is PASSED

24-06-2024T12:13:31 - [TEST_STEP][PASSED] - Video: Video recording for test case 'Test Cases/Paper_STPWithAndWithoutAPI/Fullfillment/Action' .

24-06-2024T12:13:31 - [MESSAGE][INFO] - Video recording for test case 'Test Cases/Paper_STPWithAndWithoutAPI/Fullfillment/Action' .]]></system-out>
         <system-err><![CDATA[]]></system-err>
      </testcase>
      <testcase name="Test Cases/LogOut/logout" time="15.873" classname="Test Cases/LogOut/logout" status="PASSED">
         <system-out><![CDATA[24-06-2024T12:13:31 - [TEST_CASE][PASSED] - Test Cases/LogOut/logout: Test Cases/LogOut/logout

24-06-2024T12:13:31 - [TEST_STEP][PASSED] - signOutibps.SignOut.logout(): signOutibps.SignOut.logout is PASSED

24-06-2024T12:13:31 - [MESSAGE][PASSED] - Switched to window with index: '0'

24-06-2024T12:13:32 - [MESSAGE][PASSED] - Delayed 1 second(s)

24-06-2024T12:13:32 - [MESSAGE][PASSED] - All options with index in [2] are selected on object 'Object Repository/ibpsLogOut/selectProcess'

24-06-2024T12:13:33 - [MESSAGE][PASSED] - Delayed 1 second(s)

24-06-2024T12:13:34 - [MESSAGE][PASSED] - Object: 'Object Repository/ibpsLogOut/searchBar' is double clicked on

24-06-2024T12:13:34 - [MESSAGE][PASSED] - Keys 'LOS-3370' sent to object: 'Object Repository/ibpsLogOut/searchBar'

24-06-2024T12:13:34 - [MESSAGE][PASSED] - Keys 'ENTER + ' sent to object: 'Object Repository/ibpsLogOut/searchBar'

24-06-2024T12:13:35 - [MESSAGE][PASSED] - Delayed 1 second(s)

24-06-2024T12:13:36 - [MESSAGE][PASSED] - Delayed 1 second(s)

24-06-2024T12:13:37 - [MESSAGE][PASSED] - Delayed 1 second(s)

24-06-2024T12:13:37 - [MESSAGE][PASSED] - Taking screenshot successfully
[[ATTACHMENT|D:\\newRCBCProject\\RCBCLOS_Automation\\Reports\\20240624_115032\\PaperbaseFlows\\PaperbaseWithAndWithout\\Fulfillment\\20240624_115044\\Screenshots/Fulfillment24_06_2412_10_44/Regression24_06_24_12_13_36.jpg]]

24-06-2024T12:13:39 - [MESSAGE][PASSED] - Delayed 2 second(s)

24-06-2024T12:13:39 - [MESSAGE][PASSED] - Object: 'Object Repository/ibpsLogOut/label_QK_CO7' is clicked on

24-06-2024T12:13:41 - [MESSAGE][PASSED] - Delayed 2 second(s)

24-06-2024T12:13:41 - [MESSAGE][PASSED] - Object: 'Object Repository/ibpsLogOut/Logout' is clicked on

24-06-2024T12:13:42 - [MESSAGE][PASSED] - Delayed 1 second(s)

24-06-2024T12:13:43 - [MESSAGE][PASSED] - Delayed 1 second(s)

24-06-2024T12:13:44 - [MESSAGE][PASSED] - Delayed 1 second(s)

24-06-2024T12:13:45 - [MESSAGE][PASSED] - Taking screenshot successfully
[[ATTACHMENT|D:\\newRCBCProject\\RCBCLOS_Automation\\Reports\\20240624_115032\\PaperbaseFlows\\PaperbaseWithAndWithout\\Fulfillment\\20240624_115044\\Screenshots/Fulfillment24_06_2412_10_44/Regression24_06_24_12_13_43.jpg]]

24-06-2024T12:13:45 - [MESSAGE][PASSED] - signOutibps.SignOut.logout is PASSED

24-06-2024T12:13:47 - [TEST_STEP][PASSED] - Video: Video recording for test case 'Test Cases/LogOut/logout' .

24-06-2024T12:13:47 - [MESSAGE][INFO] - Video recording for test case 'Test Cases/LogOut/logout' .]]></system-out>
         <system-err><![CDATA[]]></system-err>
      </testcase>
      <system-out><![CDATA[24-06-2024T12:10:32 - [TEST_SUITE][PASSED] - Fulfillment: Test Cases/LogOut/logout]]></system-out>
      <system-err><![CDATA[]]></system-err>
   </testsuite>
</testsuites>
