<?xml version="1.0" encoding="UTF-8"?>
<testsuites name="testSuiteForEncoderNSTP" time="225.616" tests="13" failures="0" errors="0">
   <testsuite name="testSuiteForEncoderNSTP" tests="13" failures="0" errors="0" time="225.616" skipped="0" timestamp="23-06-2024T10:22:25" hostname="Adarsh.Lohar - QKNBK2037.qkcorp.qualitykiosk.com" id="Test Suites/DigitalFlows/NSTPDigitalWithAccuity/testSuiteForEncoderNSTP">
      <properties>
         <property name="deviceName" value=""/>
         <property name="devicePlatform"/>
         <property name="logFolder" value="D:\\newRCBCProject\\RCBCLOS_Automation\\Reports\\20240623_102219\\DigitalFlows\\NSTPDigitalWithAccuity\\testSuiteForEncoderNSTP\\20240623_102219"/>
         <property name="logFiles" value="D:\\newRCBCProject\\RCBCLOS_Automation\\Reports\\20240623_102219\\DigitalFlows\\NSTPDigitalWithAccuity\\testSuiteForEncoderNSTP\\20240623_102219\\execution0.log"/>
         <property name="attachments" value="D:\\newRCBCProject\\RCBCLOS_Automation\\Reports\\20240623_102219\\DigitalFlows\\NSTPDigitalWithAccuity\\testSuiteForEncoderNSTP\\20240623_102219\\Screenshots/Encoder23_06_2410_22_33/Regression23_06_24_10_22_34.jpg, D:\\newRCBCProject\\RCBCLOS_Automation\\Reports\\20240623_102219\\DigitalFlows\\NSTPDigitalWithAccuity\\testSuiteForEncoderNSTP\\20240623_102219\\1719118551210.png, D:\\newRCBCProject\\RCBCLOS_Automation\\Reports\\20240623_102219\\DigitalFlows\\NSTPDigitalWithAccuity\\testSuiteForEncoderNSTP\\20240623_102219\\1719118557677.png"/>
         <property name="hostName" value="Adarsh.Lohar - QKNBK2037.qkcorp.qualitykiosk.com"/>
         <property name="os" value="Windows 10 64bit"/>
         <property name="katalonVersion" value="9.5.0.217"/>
         <property name="browser" value="Chrome 126.0.0.0"/>
         <property name="hostAddress" value="192.168.0.101"/>
         <property name="sessionId" value="c7854ef8a4673cf9d371b42b8e40d31e"/>
         <property name="seleniumVersion" value="3.141.59"/>
         <property name="proxyInformation" value="ProxyInformation { proxyOption=NO_PROXY, proxyServerType=HTTP, username=, password=********, proxyServerAddress=, proxyServerPort=0, executionList=&quot;&quot;, isApplyToDesiredCapabilities=true }"/>
         <property name="platform" value="Windows 10"/>
      </properties>
      <testcase name="Test Cases/Digital_NSTP/testCaseForEncoderNSTP/LoginPage" time="21.718" classname="Test Cases/Digital_NSTP/testCaseForEncoderNSTP/LoginPage" status="PASSED">
         <system-out><![CDATA[23-06-2024T10:22:25 - [TEST_CASE][PASSED] - Test Cases/Digital_NSTP/testCaseForEncoderNSTP/LoginPage: Test Cases/Digital_NSTP/testCaseForEncoderNSTP/LoginPage

23-06-2024T10:22:26 - [TEST_STEP][PASSED] - encoder.LoginForibpsEncoder.login(): encoder.LoginForibpsEncoder.login is PASSED

23-06-2024T10:22:27 - [MESSAGE][INFO] - Starting 'Chrome' driver

23-06-2024T10:22:27 - [MESSAGE][INFO] - User set preference: ['args', '[--incognito]']

23-06-2024T10:22:27 - [MESSAGE][INFO] - Action delay is set to 0 milliseconds

23-06-2024T10:22:30 - [MESSAGE][PASSED] - Browser is opened with url: ''

23-06-2024T10:22:30 - [MESSAGE][PASSED] - Current window maximized

23-06-2024T10:22:31 - [MESSAGE][PASSED] - Navigate to 'https://rcbcuat.nonprodnmc.com/omniapp' successfully

23-06-2024T10:22:32 - [MESSAGE][PASSED] - Text 'QK_Encoder7' is set on object 'Object Repository/BackOffice/ibpsLogin/userName'

23-06-2024T10:22:32 - [MESSAGE][PASSED] - Text ****** has been set on object 'Object Repository/BackOffice/ibpsLogin/password'

23-06-2024T10:22:33 - [MESSAGE][PASSED] - Delayed 1 second(s)

23-06-2024T10:22:34 - [MESSAGE][PASSED] - Delayed 1 second(s)

23-06-2024T10:22:37 - [MESSAGE][PASSED] - Delayed 3 second(s)

23-06-2024T10:22:38 - [MESSAGE][PASSED] - Taking screenshot successfully
[[ATTACHMENT|D:\\newRCBCProject\\RCBCLOS_Automation\\Reports\\20240623_102219\\DigitalFlows\\NSTPDigitalWithAccuity\\testSuiteForEncoderNSTP\\20240623_102219\\Screenshots/Encoder23_06_2410_22_33/Regression23_06_24_10_22_34.jpg]]

23-06-2024T10:22:38 - [MESSAGE][PASSED] - Object: 'Object Repository/BackOffice/ibpsLogin/loginButton' is clicked on

23-06-2024T10:22:40 - [MESSAGE][PASSED] - Delayed 2 second(s)

23-06-2024T10:22:43 - [MESSAGE][INFO] - Unable to find the element located by 'By.xpath: //input[@id="oaloginform:contloginbtn"]'. Please recheck the objects properties to make sure the desired element is located. 

23-06-2024T10:22:43 - [MESSAGE][WARNING] - [SELF-HEALING] Failed to find element with id 'Object Repository/BackOffice/ibpsLogin/yesLogin'. Try using Self-healing.

23-06-2024T10:22:44 - [MESSAGE][INFO] - [SELF-HEALING] No working XPath is found.

23-06-2024T10:22:45 - [MESSAGE][WARNING] - [SELF-HEALING] javascript error: {"status":32,"value":"Unable to locate an element with the xpath expression  because of the following error:\nSyntaxError: Failed to execute 'evaluate' on 'Document': The string '' is not a valid XPath expression."}
  (Session info: chrome=126.0.6478.114)
Build info: version: '3.141.59', revision: 'unknown', time: 'unknown'
System info: host: 'QKNBK2037', ip: '192.168.0.101', os.name: 'Windows 10', os.arch: 'amd64', os.version: '10.0', java.version: '17.0.7'
Driver info: com.kms.katalon.selenium.driver.CChromeDriver
Capabilities {acceptInsecureCerts: false, browserName: chrome, browserVersion: 126.0.6478.114, chrome: {chromedriverVersion: 125.0.6422.60 (3ac3319bff9f..., userDataDir: C:\Users\ADARSH~1.LOH\AppDa...}, fedcm:accounts: true, goog:chromeOptions: {debuggerAddress: localhost:56359}, javascriptEnabled: true, networkConnectionEnabled: false, pageLoadStrategy: normal, platform: WINDOWS, platformName: WINDOWS, proxy: Proxy(), setWindowRect: true, strictFileInteractability: false, timeouts: {implicit: 0, pageLoad: 300000, script: 30000}, unhandledPromptBehavior: dismiss and notify, webauthn:extension:credBlob: true, webauthn:extension:largeBlob: true, webauthn:extension:minPinLength: true, webauthn:extension:prf: true, webauthn:virtualAuthenticators: true}
Session ID: c7854ef8a4673cf9d371b42b8e40d31e
*** Element info: {Using=xpath, value=}

23-06-2024T10:22:45 - [MESSAGE][WARNING] - [SELF-HEALING] Cannot find elements when the selector is null

23-06-2024T10:22:45 - [MESSAGE][WARNING] - Web element with id: 'Object Repository/BackOffice/ibpsLogin/yesLogin' located by '//input[@id="oaloginform:contloginbtn"]' not found

23-06-2024T10:22:45 - [MESSAGE][PASSED] - encoder.LoginForibpsEncoder.login is PASSED

23-06-2024T10:22:47 - [TEST_STEP][PASSED] - Video: Video recording for test case 'Test Cases/Digital_NSTP/testCaseForEncoderNSTP/LoginPage' .

23-06-2024T10:22:47 - [MESSAGE][INFO] - Video recording for test case 'Test Cases/Digital_NSTP/testCaseForEncoderNSTP/LoginPage' .]]></system-out>
         <system-err><![CDATA[]]></system-err>
      </testcase>
      <testcase name="Test Cases/Digital_NSTP/testCaseForEncoderNSTP/HomePage" time="18.853" classname="Test Cases/Digital_NSTP/testCaseForEncoderNSTP/HomePage" status="PASSED">
         <system-out><![CDATA[23-06-2024T10:22:47 - [TEST_CASE][PASSED] - Test Cases/Digital_NSTP/testCaseForEncoderNSTP/HomePage: Test Cases/Digital_NSTP/testCaseForEncoderNSTP/HomePage

23-06-2024T10:22:47 - [TEST_STEP][PASSED] - encoder.HomePageForibpsEncoder.selectResistration(): encoder.HomePageForibpsEncoder.selectResistration is PASSED

23-06-2024T10:22:47 - [MESSAGE][PASSED] - Wait for page load successfully

23-06-2024T10:22:49 - [MESSAGE][PASSED] - Delayed 2 second(s)

23-06-2024T10:22:52 - [MESSAGE][PASSED] - Delayed 3 second(s)

23-06-2024T10:22:52 - [MESSAGE][INFO] -  ******** LOS-3355

23-06-2024T10:22:54 - [MESSAGE][PASSED] - Delayed 2 second(s)

23-06-2024T10:22:56 - [MESSAGE][PASSED] - Delayed 1 second(s)

23-06-2024T10:22:57 - [MESSAGE][PASSED] - Object: 'Object Repository/BackOffice/EncoderNSTP/ibpsHomePage/encoder' is clicked on

23-06-2024T10:22:58 - [MESSAGE][PASSED] - Delayed 1 second(s)

23-06-2024T10:22:58 - [MESSAGE][PASSED] - Object: 'Object Repository/BackOffice/COMaker/ibpsHomePage/resistrationNo' is clicked on

23-06-2024T10:22:59 - [MESSAGE][PASSED] - Delayed 1 second(s)

23-06-2024T10:23:02 - [MESSAGE][PASSED] - Delayed 2 second(s)

23-06-2024T10:23:04 - [MESSAGE][PASSED] - Delayed 2 second(s)

23-06-2024T10:23:04 - [MESSAGE][PASSED] - encoder.HomePageForibpsEncoder.selectResistration is PASSED

23-06-2024T10:23:06 - [TEST_STEP][PASSED] - Video: Video recording for test case 'Test Cases/Digital_NSTP/testCaseForEncoderNSTP/HomePage' .

23-06-2024T10:23:06 - [MESSAGE][INFO] - Video recording for test case 'Test Cases/Digital_NSTP/testCaseForEncoderNSTP/HomePage' .]]></system-out>
         <system-err><![CDATA[]]></system-err>
      </testcase>
      <testcase name="Test Cases/Digital_NSTP/testCaseForEncoderNSTP/ClientInformation" time="77.92" classname="Test Cases/Digital_NSTP/testCaseForEncoderNSTP/ClientInformation" status="PASSED">
         <system-out><![CDATA[23-06-2024T10:23:06 - [TEST_CASE][PASSED] - Test Cases/Digital_NSTP/testCaseForEncoderNSTP/ClientInformation: Test Cases/Digital_NSTP/testCaseForEncoderNSTP/ClientInformation

23-06-2024T10:23:06 - [TEST_STEP][PASSED] - tabSection.CustomerDetail.clientInformationForEncoderNSTP(): tabSection.CustomerDetail.clientInformationForEncoderNSTP is PASSED

23-06-2024T10:23:07 - [MESSAGE][PASSED] - Delayed 1 second(s)

23-06-2024T10:23:07 - [MESSAGE][PASSED] - Current window's index is: 0

23-06-2024T10:23:07 - [MESSAGE][PASSED] - Switched to window with index: '1'

23-06-2024T10:23:07 - [MESSAGE][PASSED] - Text of object 'Object Repository/Action/referenceNumber' is: 'Encoder : LOS-3355'

23-06-2024T10:23:07 - [MESSAGE][INFO] - Encoder : LOS-3355 Contains LOS-3355

23-06-2024T10:23:07 - [MESSAGE][INFO] - Ready to go....

23-06-2024T10:23:09 - [MESSAGE][PASSED] - Object: 'Object Repository/BackOffice/EncoderNSTP/ClientInformation/PrincipalInformation/principal' is clicked on

23-06-2024T10:23:11 - [MESSAGE][PASSED] - Delayed 2 second(s)

23-06-2024T10:23:11 - [MESSAGE][PASSED] - All options with index in [1] are selected on object 'Object Repository/BackOffice/EncoderNSTP/ClientInformation/PrincipalInformation/borrowerType'

23-06-2024T10:23:12 - [MESSAGE][PASSED] - All options with index in [1] are selected on object 'Object Repository/BackOffice/EncoderNSTP/ClientInformation/PrincipalInformation/applicationType'

23-06-2024T10:23:12 - [MESSAGE][PASSED] - All options with index in [1] are selected on object 'Object Repository/BackOffice/EncoderNSTP/ClientInformation/PrincipalInformation/custemerType'

23-06-2024T10:23:14 - [MESSAGE][WARNING] - Object 'Object Repository/BackOffice/EncoderWithWithout/sex' is not clickable after 2 second(s)

23-06-2024T10:23:17 - [MESSAGE][WARNING] - Object 'Object Repository/BackOffice/EncoderNSTP/ClientInformation/PrincipalInformation/dateOfBirth' is not clickable after 2 second(s)

23-06-2024T10:23:17 - [MESSAGE][PASSED] - All options with index in [1] are selected on object 'Object Repository/BackOffice/EncoderNSTP/ClientInformation/PrincipalInformation/placeOfBirth'

23-06-2024T10:23:20 - [MESSAGE][WARNING] - Object 'Object Repository/BackOffice/EncoderNSTP/ClientInformation/PrincipalInformation/maritalStatus' is not clickable after 2 second(s)

23-06-2024T10:23:22 - [MESSAGE][WARNING] - Object 'Object Repository/BackOffice/EncoderWithWithout/nationality' is not clickable after 2 second(s)

23-06-2024T10:23:22 - [MESSAGE][PASSED] - Text '5' is set on object 'Object Repository/BackOffice/EncoderNSTP/ClientInformation/PrincipalInformation/numberOfYearsMarried'

23-06-2024T10:23:23 - [MESSAGE][PASSED] - Text '3' is set on object 'Object Repository/BackOffice/EncoderNSTP/ClientInformation/PrincipalInformation/numberOfDependents'

23-06-2024T10:23:25 - [MESSAGE][WARNING] - Object 'Object Repository/BackOffice/EncoderNSTP/ClientInformation/PrincipalInformation/cifNumber' is not clickable after 2 second(s)

23-06-2024T10:23:27 - [MESSAGE][WARNING] - Object 'Object Repository/BackOffice/EncoderWithWithout/idType' is not clickable after 2 second(s)

23-06-2024T10:23:29 - [MESSAGE][WARNING] - Object 'Object Repository/BackOffice/EncoderWithWithout/idNumber' is not clickable after 2 second(s)

23-06-2024T10:23:30 - [MESSAGE][PASSED] - Object: 'Object Repository/BackOffice/EncoderNSTP/ClientInformation/PrincipalInformation/plusButtonForAddressDetail' is clicked on

23-06-2024T10:23:31 - [MESSAGE][PASSED] - Delayed 1 second(s)

23-06-2024T10:23:32 - [MESSAGE][PASSED] - All options with index in [2] are selected on object 'Object Repository/BackOffice/EncoderNSTP/ClientInformation/PrincipalInformation/typeOfAddress'

23-06-2024T10:23:32 - [MESSAGE][PASSED] - All options with index in [2] are selected on object 'Object Repository/BackOffice/EncoderNSTP/ClientInformation/PrincipalInformation/residenceOwnershipType'

23-06-2024T10:23:33 - [MESSAGE][PASSED] - Text '4' is set on object 'Object Repository/BackOffice/EncoderNSTP/ClientInformation/PrincipalInformation/lengthOfStayAtCurrentResidance'

23-06-2024T10:23:47 - [MESSAGE][PASSED] - All options with index in [1] are selected on object 'Object Repository/BackOffice/EncoderNSTP/ClientInformation/PrincipalInformation/country'

23-06-2024T10:23:48 - [MESSAGE][PASSED] - All options with index in [1] are selected on object 'Object Repository/BackOffice/EncoderNSTP/ClientInformation/PrincipalInformation/region'

23-06-2024T10:23:48 - [MESSAGE][PASSED] - All options with index in [1] are selected on object 'Object Repository/BackOffice/EncoderNSTP/ClientInformation/PrincipalInformation/provience'

23-06-2024T10:23:49 - [MESSAGE][PASSED] - All options with index in [1] are selected on object 'Object Repository/BackOffice/EncoderNSTP/ClientInformation/PrincipalInformation/townCityMuncipalities'

23-06-2024T10:23:50 - [MESSAGE][PASSED] - All options with index in [1] are selected on object 'Object Repository/BackOffice/EncoderNSTP/ClientInformation/PrincipalInformation/barangay'

23-06-2024T10:23:50 - [MESSAGE][PASSED] - Text 'Mahape Road' is set on object 'Object Repository/BackOffice/EncoderNSTP/ClientInformation/PrincipalInformation/StreetName'

23-06-2024T10:23:51 - [MESSAGE][PASSED] - Text 'Rupa Solitaire' is set on object 'Object Repository/BackOffice/EncoderNSTP/ClientInformation/PrincipalInformation/unitNumberBuildingName'

23-06-2024T10:23:52 - [MESSAGE][PASSED] - Object: 'Object Repository/BackOffice/EncoderNSTP/ClientInformation/PrincipalInformation/saveAndClose' is clicked on

23-06-2024T10:23:52 - [MESSAGE][PASSED] - All options with index in [1] are selected on object 'Object Repository/BackOffice/EncoderNSTP/ClientInformation/PrincipalInformation/sourceOfWealth'

23-06-2024T10:23:53 - [MESSAGE][PASSED] - All options with index in [1] are selected on object 'Object Repository/BackOffice/EncoderNSTP/ClientInformation/PrincipalInformation/occupation'

23-06-2024T10:23:53 - [MESSAGE][PASSED] - Text 'Mahesh' is set on object 'Object Repository/BackOffice/EncoderNSTP/ClientInformation/PrincipalInformation/companyEmployerName'

23-06-2024T10:23:54 - [MESSAGE][PASSED] - Text 'Test Engineer' is set on object 'Object Repository/BackOffice/EncoderNSTP/ClientInformation/PrincipalInformation/jobTitle'

23-06-2024T10:23:54 - [MESSAGE][PASSED] - Text '3' is set on object 'Object Repository/BackOffice/EncoderNSTP/ClientInformation/PrincipalInformation/numberOfYearsInCurrentCompany'

23-06-2024T10:23:55 - [MESSAGE][PASSED] - Text '6' is set on object 'Object Repository/BackOffice/EncoderNSTP/ClientInformation/PrincipalInformation/totalYearsOfExperince'

23-06-2024T10:23:55 - [MESSAGE][PASSED] - Text '60000' is set on object 'Object Repository/BackOffice/EncoderNSTP/ClientInformation/PrincipalInformation/declareMonthlyIncome'

23-06-2024T10:23:56 - [MESSAGE][PASSED] - Text '(63) 9356986567' is set on object 'Object Repository/BackOffice/EncoderNSTP/ClientInformation/PrincipalInformation/employerContactNumber'

23-06-2024T10:23:56 - [MESSAGE][PASSED] - All options with index in [1] are selected on object 'Object Repository/BackOffice/EncoderNSTP/ClientInformation/PrincipalInformation/Industry'

23-06-2024T10:23:57 - [MESSAGE][PASSED] - All options with index in [1] are selected on object 'Object Repository/BackOffice/EncoderNSTP/ClientInformation/PrincipalInformation/subIndustry'

23-06-2024T10:23:58 - [MESSAGE][PASSED] - All options with index in [1] are selected on object 'Object Repository/BackOffice/EncoderNSTP/ClientInformation/PrincipalInformation/natureOfBusiness'

23-06-2024T10:24:01 - [MESSAGE][PASSED] - Object: 'Object Repository/BackOffice/EncoderNSTP/ClientInformation/PrincipalInformation/saveChanges' is clicked on

23-06-2024T10:24:04 - [MESSAGE][PASSED] - Delayed 2 second(s)

23-06-2024T10:24:06 - [MESSAGE][PASSED] - Object: 'Object Repository/BackOffice/EncoderNSTP/ClientInformation/CoBorrowerDetail/coBorrower' is clicked on

23-06-2024T10:24:06 - [MESSAGE][PASSED] - All options with index in [1] are selected on object 'Object Repository/BackOffice/EncoderNSTP/ClientInformation/CoBorrowerDetail/sex'

23-06-2024T10:24:06 - [MESSAGE][PASSED] - Object: 'Object Repository/BackOffice/EncoderNSTP/ClientInformation/CoBorrowerDetail/dob' is clicked on

23-06-2024T10:24:07 - [MESSAGE][PASSED] - Text '01/01/1994' is set on object 'Object Repository/BackOffice/EncoderNSTP/ClientInformation/CoBorrowerDetail/dob'

23-06-2024T10:24:08 - [MESSAGE][PASSED] - All options with index in [1] are selected on object 'Object Repository/BackOffice/EncoderNSTP/ClientInformation/CoBorrowerDetail/placeOfBirth'

23-06-2024T10:24:08 - [MESSAGE][PASSED] - All options with index in [1] are selected on object 'Object Repository/BackOffice/EncoderNSTP/ClientInformation/CoBorrowerDetail/nationality'

23-06-2024T10:24:09 - [MESSAGE][PASSED] - All options with index in [4] are selected on object 'Object Repository/BackOffice/EncoderNSTP/ClientInformation/CoBorrowerDetail/maritialStatus'

23-06-2024T10:24:09 - [MESSAGE][PASSED] - All options with index in [1] are selected on object 'Object Repository/BackOffice/EncoderNSTP/ClientInformation/CoBorrowerDetail/idType'

23-06-2024T10:24:09 - [MESSAGE][PASSED] - Text '4464675758758' is set on object 'Object Repository/BackOffice/EncoderNSTP/ClientInformation/CoBorrowerDetail/idNumber'

23-06-2024T10:24:10 - [MESSAGE][PASSED] - All options with index in [1] are selected on object 'Object Repository/BackOffice/EncoderNSTP/ClientInformation/CoBorrowerDetail/sourceOfWealth'

23-06-2024T10:24:11 - [MESSAGE][PASSED] - All options with index in [1] are selected on object 'Object Repository/BackOffice/EncoderNSTP/ClientInformation/CoBorrowerDetail/occupation'

23-06-2024T10:24:11 - [MESSAGE][PASSED] - Text 'QK' is set on object 'Object Repository/BackOffice/EncoderNSTP/ClientInformation/CoBorrowerDetail/company'

23-06-2024T10:24:12 - [MESSAGE][PASSED] - Text 'Automation Engineer' is set on object 'Object Repository/BackOffice/EncoderNSTP/ClientInformation/CoBorrowerDetail/jobTitle'

23-06-2024T10:24:12 - [MESSAGE][PASSED] - Text '2' is set on object 'Object Repository/BackOffice/EncoderNSTP/ClientInformation/CoBorrowerDetail/yearsInCompany'

23-06-2024T10:24:13 - [MESSAGE][PASSED] - Text '12' is set on object 'Object Repository/BackOffice/EncoderNSTP/ClientInformation/CoBorrowerDetail/totalYearsOfExperience'

23-06-2024T10:24:13 - [MESSAGE][PASSED] - Text '(63) 8787456356' is set on object 'Object Repository/BackOffice/EncoderNSTP/ClientInformation/CoBorrowerDetail/employerContactNumber'

23-06-2024T10:24:14 - [MESSAGE][PASSED] - All options with index in [1] are selected on object 'Object Repository/BackOffice/EncoderNSTP/ClientInformation/CoBorrowerDetail/industry'

23-06-2024T10:24:15 - [MESSAGE][PASSED] - All options with index in [1] are selected on object 'Object Repository/BackOffice/EncoderNSTP/ClientInformation/CoBorrowerDetail/subIndustry'

23-06-2024T10:24:15 - [MESSAGE][PASSED] - All options with index in [1] are selected on object 'Object Repository/BackOffice/EncoderNSTP/ClientInformation/CoBorrowerDetail/natureOfBussiness'

23-06-2024T10:24:19 - [MESSAGE][PASSED] - Object: 'Object Repository/BackOffice/EncoderNSTP/ClientInformation/CoBorrowerDetail/save' is clicked on

23-06-2024T10:24:22 - [MESSAGE][PASSED] - Delayed 2 second(s)

23-06-2024T10:24:22 - [MESSAGE][PASSED] - tabSection.CustomerDetail.clientInformationForEncoderNSTP is PASSED

23-06-2024T10:24:24 - [TEST_STEP][PASSED] - Video: Video recording for test case 'Test Cases/Digital_NSTP/testCaseForEncoderNSTP/ClientInformation' .

23-06-2024T10:24:24 - [MESSAGE][INFO] - Video recording for test case 'Test Cases/Digital_NSTP/testCaseForEncoderNSTP/ClientInformation' .]]></system-out>
         <system-err><![CDATA[]]></system-err>
      </testcase>
      <testcase name="Test Cases/Digital_NSTP/testCaseForEncoderNSTP/LoanInformation" time="2.852" classname="Test Cases/Digital_NSTP/testCaseForEncoderNSTP/LoanInformation" status="PASSED">
         <system-out><![CDATA[23-06-2024T10:24:24 - [TEST_CASE][PASSED] - Test Cases/Digital_NSTP/testCaseForEncoderNSTP/LoanInformation: Test Cases/Digital_NSTP/testCaseForEncoderNSTP/LoanInformation

23-06-2024T10:24:24 - [TEST_STEP][PASSED] - tabSection.LoanInformation.loanInfoForEncoder(): tabSection.LoanInformation.loanInfoForEncoder is PASSED

23-06-2024T10:24:25 - [MESSAGE][PASSED] - Object: 'Object Repository/TabSection/LoanInformation' is clicked on

23-06-2024T10:24:25 - [MESSAGE][PASSED] - tabSection.LoanInformation.loanInfoForEncoder is PASSED

23-06-2024T10:24:27 - [TEST_STEP][PASSED] - Video: Video recording for test case 'Test Cases/Digital_NSTP/testCaseForEncoderNSTP/LoanInformation' .

23-06-2024T10:24:27 - [MESSAGE][INFO] - Video recording for test case 'Test Cases/Digital_NSTP/testCaseForEncoderNSTP/LoanInformation' .]]></system-out>
         <system-err><![CDATA[]]></system-err>
      </testcase>
      <testcase name="Test Cases/Digital_NSTP/testCaseForEncoderNSTP/DocumentChecklist" time="3.177" classname="Test Cases/Digital_NSTP/testCaseForEncoderNSTP/DocumentChecklist" status="PASSED">
         <system-out><![CDATA[23-06-2024T10:24:27 - [TEST_CASE][PASSED] - Test Cases/Digital_NSTP/testCaseForEncoderNSTP/DocumentChecklist: Test Cases/Digital_NSTP/testCaseForEncoderNSTP/DocumentChecklist

23-06-2024T10:24:27 - [TEST_STEP][PASSED] - tabSection.DocumentCheckList.documentCheckListForEncoder(): tabSection.DocumentCheckList.documentCheckListForEncoder is PASSED

23-06-2024T10:24:28 - [MESSAGE][PASSED] - Object: 'Object Repository/TabSection/DocumentCheclist' is clicked on

23-06-2024T10:24:28 - [MESSAGE][PASSED] - tabSection.DocumentCheckList.documentCheckListForEncoder is PASSED

23-06-2024T10:24:30 - [TEST_STEP][PASSED] - Video: Video recording for test case 'Test Cases/Digital_NSTP/testCaseForEncoderNSTP/DocumentChecklist' .

23-06-2024T10:24:30 - [MESSAGE][INFO] - Video recording for test case 'Test Cases/Digital_NSTP/testCaseForEncoderNSTP/DocumentChecklist' .]]></system-out>
         <system-err><![CDATA[]]></system-err>
      </testcase>
      <testcase name="Test Cases/Digital_NSTP/testCaseForEncoderNSTP/CollateralInformation" time="2.494" classname="Test Cases/Digital_NSTP/testCaseForEncoderNSTP/CollateralInformation" status="PASSED">
         <system-out><![CDATA[23-06-2024T10:24:30 - [TEST_CASE][PASSED] - Test Cases/Digital_NSTP/testCaseForEncoderNSTP/CollateralInformation: Test Cases/Digital_NSTP/testCaseForEncoderNSTP/CollateralInformation

23-06-2024T10:24:30 - [TEST_STEP][PASSED] - tabSection.CollateralInformation.collateralInformationForEncoder(): tabSection.CollateralInformation.collateralInformationForEncoder is PASSED

23-06-2024T10:24:30 - [MESSAGE][PASSED] - Object: 'Object Repository/TabSection/CollateralInformation' is clicked on

23-06-2024T10:24:30 - [MESSAGE][PASSED] - tabSection.CollateralInformation.collateralInformationForEncoder is PASSED

23-06-2024T10:24:32 - [TEST_STEP][PASSED] - Video: Video recording for test case 'Test Cases/Digital_NSTP/testCaseForEncoderNSTP/CollateralInformation' .

23-06-2024T10:24:32 - [MESSAGE][INFO] - Video recording for test case 'Test Cases/Digital_NSTP/testCaseForEncoderNSTP/CollateralInformation' .]]></system-out>
         <system-err><![CDATA[]]></system-err>
      </testcase>
      <testcase name="Test Cases/AccuityNSTP/Encoder/checkEligibility" time="62.827" classname="Test Cases/AccuityNSTP/Encoder/checkEligibility" status="PASSED">
         <system-out><![CDATA[23-06-2024T10:24:32 - [TEST_CASE][PASSED] - Test Cases/AccuityNSTP/Encoder/checkEligibility: Test Cases/AccuityNSTP/Encoder/checkEligibility

23-06-2024T10:24:33 - [TEST_STEP][PASSED] - tabSection.CheckEligibility.checkEligibilityForEncoderNSTPAccuity(): tabSection.CheckEligibility.checkEligibilityForEncoderNSTPAccuity is PASSED

23-06-2024T10:24:33 - [MESSAGE][PASSED] - Object: 'Object Repository/TabSection/checkEligibility' is clicked on

23-06-2024T10:24:34 - [MESSAGE][PASSED] - Object: 'Object Repository/BackOfficePaperBase/EncoderPaperbaseCheckEligibility/AccutyPrincipal' is clicked on

23-06-2024T10:24:35 - [MESSAGE][PASSED] - Delayed 1 second(s)

23-06-2024T10:25:06 - [MESSAGE][PASSED] - Object: 'Object Repository/BackOfficePaperBase/EncoderPaperbaseCheckEligibility/AccutyCheckEligibility' is clicked on

23-06-2024T10:25:07 - [MESSAGE][PASSED] - Delayed 1 second(s)

23-06-2024T10:25:10 - [MESSAGE][PASSED] - Object: 'Object Repository/BackOfficePaperBase/EncoderPaperbaseCheckEligibility/DOSRICheckOK' is clicked on

23-06-2024T10:25:11 - [MESSAGE][PASSED] - Delayed 1 second(s)

23-06-2024T10:25:11 - [MESSAGE][PASSED] - Current window's index is: 1

23-06-2024T10:25:21 - [MESSAGE][PASSED] - Object: 'Object Repository/BackOfficePaperBase/EncoderPaperbaseCheckEligibility/accuityReport' is clicked on

23-06-2024T10:25:22 - [MESSAGE][PASSED] - Delayed 1 second(s)

23-06-2024T10:25:22 - [MESSAGE][PASSED] - Switched to window with index: '2'

23-06-2024T10:25:27 - [MESSAGE][PASSED] - Delayed 5 second(s)

23-06-2024T10:25:27 - [MESSAGE][PASSED] - Window with index 2 is closed

23-06-2024T10:25:27 - [MESSAGE][PASSED] - Switched to window with index: '1'

23-06-2024T10:25:28 - [MESSAGE][PASSED] - All options with index in [2] are selected on object 'Object Repository/BackOfficePaperBase/EncoderPaperbaseCheckEligibility/AccutyResult'

23-06-2024T10:25:29 - [MESSAGE][PASSED] - Delayed 1 second(s)

23-06-2024T10:25:30 - [MESSAGE][PASSED] - Object: 'Object Repository/BackOfficePaperBase/EncoderPaperbaseCheckEligibility/AccutySaveChanges' is clicked on

23-06-2024T10:25:31 - [MESSAGE][PASSED] - Delayed 1 second(s)

23-06-2024T10:25:31 - [MESSAGE][PASSED] - Text '2000' is set on object 'Object Repository/BackOffice/EncoderNSTP/checkEligibility/quickCheckNumericalScore'

23-06-2024T10:25:32 - [MESSAGE][PASSED] - All options with index in [6] are selected on object 'Object Repository/BackOffice/EncoderNSTP/checkEligibility/quickCheckRiskLevel'

23-06-2024T10:25:32 - [MESSAGE][PASSED] - Text '3000' is set on object 'Object Repository/BackOffice/EncoderNSTP/checkEligibility/compreCheckNumricalScore'

23-06-2024T10:25:33 - [MESSAGE][PASSED] - All options with index in [6] are selected on object 'Object Repository/BackOffice/EncoderNSTP/checkEligibility/compreCheckRiskLevel'

23-06-2024T10:25:33 - [MESSAGE][PASSED] - tabSection.CheckEligibility.checkEligibilityForEncoderNSTPAccuity is PASSED

23-06-2024T10:25:35 - [TEST_STEP][PASSED] - Video: Video recording for test case 'Test Cases/AccuityNSTP/Encoder/checkEligibility' .

23-06-2024T10:25:35 - [MESSAGE][INFO] - Video recording for test case 'Test Cases/AccuityNSTP/Encoder/checkEligibility' .]]></system-out>
         <system-err><![CDATA[]]></system-err>
      </testcase>
      <testcase name="Test Cases/Digital_NSTP/testCaseForEncoderNSTP/CreditEvaluation" time="2.566" classname="Test Cases/Digital_NSTP/testCaseForEncoderNSTP/CreditEvaluation" status="PASSED">
         <system-out><![CDATA[23-06-2024T10:25:35 - [TEST_CASE][PASSED] - Test Cases/Digital_NSTP/testCaseForEncoderNSTP/CreditEvaluation: Test Cases/Digital_NSTP/testCaseForEncoderNSTP/CreditEvaluation

23-06-2024T10:25:35 - [TEST_STEP][PASSED] - tabSection.CreditEvaluation.creditEvaluationForEncoderNSTP(): tabSection.CreditEvaluation.creditEvaluationForEncoderNSTP is PASSED

23-06-2024T10:25:36 - [MESSAGE][PASSED] - Object: 'Object Repository/TabSection/creditEvaluation' is clicked on

23-06-2024T10:25:36 - [MESSAGE][PASSED] - tabSection.CreditEvaluation.creditEvaluationForEncoderNSTP is PASSED

23-06-2024T10:25:38 - [TEST_STEP][PASSED] - Video: Video recording for test case 'Test Cases/Digital_NSTP/testCaseForEncoderNSTP/CreditEvaluation' .

23-06-2024T10:25:38 - [MESSAGE][INFO] - Video recording for test case 'Test Cases/Digital_NSTP/testCaseForEncoderNSTP/CreditEvaluation' .]]></system-out>
         <system-err><![CDATA[]]></system-err>
      </testcase>
      <testcase name="Test Cases/Digital_NSTP/testCaseForEncoderNSTP/CreditInvestigation" time="2.835" classname="Test Cases/Digital_NSTP/testCaseForEncoderNSTP/CreditInvestigation" status="PASSED">
         <system-out><![CDATA[23-06-2024T10:25:38 - [TEST_CASE][PASSED] - Test Cases/Digital_NSTP/testCaseForEncoderNSTP/CreditInvestigation: Test Cases/Digital_NSTP/testCaseForEncoderNSTP/CreditInvestigation

23-06-2024T10:25:38 - [TEST_STEP][PASSED] - tabSection.CreditInvestigation.creditInvestigationForEncoder(): tabSection.CreditInvestigation.creditInvestigationForEncoder is PASSED

23-06-2024T10:25:38 - [MESSAGE][PASSED] - Object: 'Object Repository/TabSection/creditInvestigation' is clicked on

23-06-2024T10:25:39 - [MESSAGE][PASSED] - Object: 'Object Repository/TabSection/nextArrowButton' is clicked on

23-06-2024T10:25:39 - [MESSAGE][PASSED] - tabSection.CreditInvestigation.creditInvestigationForEncoder is PASSED

23-06-2024T10:25:41 - [TEST_STEP][PASSED] - Video: Video recording for test case 'Test Cases/Digital_NSTP/testCaseForEncoderNSTP/CreditInvestigation' .

23-06-2024T10:25:41 - [MESSAGE][INFO] - Video recording for test case 'Test Cases/Digital_NSTP/testCaseForEncoderNSTP/CreditInvestigation' .]]></system-out>
         <system-err><![CDATA[]]></system-err>
      </testcase>
      <testcase name="Test Cases/Digital_NSTP/testCaseForEncoderNSTP/InsuranceInformation" time="2.79" classname="Test Cases/Digital_NSTP/testCaseForEncoderNSTP/InsuranceInformation" status="PASSED">
         <system-out><![CDATA[23-06-2024T10:25:41 - [TEST_CASE][PASSED] - Test Cases/Digital_NSTP/testCaseForEncoderNSTP/InsuranceInformation: Test Cases/Digital_NSTP/testCaseForEncoderNSTP/InsuranceInformation

23-06-2024T10:25:41 - [TEST_STEP][PASSED] - tabSection.InsuranceInformation.insuranceInformationForEncoder(): tabSection.InsuranceInformation.insuranceInformationForEncoder is PASSED

23-06-2024T10:25:41 - [MESSAGE][PASSED] - Object: 'Object Repository/TabSection/InsuranceInformation' is clicked on

23-06-2024T10:25:41 - [MESSAGE][PASSED] - Object: 'Object Repository/TabSection/nextArrowButton' is clicked on

23-06-2024T10:25:42 - [MESSAGE][PASSED] - tabSection.InsuranceInformation.insuranceInformationForEncoder is PASSED

23-06-2024T10:25:44 - [TEST_STEP][PASSED] - Video: Video recording for test case 'Test Cases/Digital_NSTP/testCaseForEncoderNSTP/InsuranceInformation' .

23-06-2024T10:25:44 - [MESSAGE][INFO] - Video recording for test case 'Test Cases/Digital_NSTP/testCaseForEncoderNSTP/InsuranceInformation' .]]></system-out>
         <system-err><![CDATA[]]></system-err>
      </testcase>
      <testcase name="Test Cases/Digital_NSTP/testCaseForEncoderNSTP/DisbursementInformation" time="2.906" classname="Test Cases/Digital_NSTP/testCaseForEncoderNSTP/DisbursementInformation" status="PASSED">
         <system-out><![CDATA[23-06-2024T10:25:44 - [TEST_CASE][PASSED] - Test Cases/Digital_NSTP/testCaseForEncoderNSTP/DisbursementInformation: Test Cases/Digital_NSTP/testCaseForEncoderNSTP/DisbursementInformation

23-06-2024T10:25:44 - [TEST_STEP][PASSED] - tabSection.DisbursementInfo.disbursementInformationForEncoder(): tabSection.DisbursementInfo.disbursementInformationForEncoder is PASSED

23-06-2024T10:25:44 - [MESSAGE][PASSED] - Object: 'Object Repository/TabSection/DisbursementInformation' is clicked on

23-06-2024T10:25:44 - [MESSAGE][PASSED] - Object: 'Object Repository/TabSection/nextArrowButton' is clicked on

23-06-2024T10:25:44 - [MESSAGE][PASSED] - tabSection.DisbursementInfo.disbursementInformationForEncoder is PASSED

23-06-2024T10:25:46 - [TEST_STEP][PASSED] - Video: Video recording for test case 'Test Cases/Digital_NSTP/testCaseForEncoderNSTP/DisbursementInformation' .

23-06-2024T10:25:46 - [MESSAGE][INFO] - Video recording for test case 'Test Cases/Digital_NSTP/testCaseForEncoderNSTP/DisbursementInformation' .]]></system-out>
         <system-err><![CDATA[]]></system-err>
      </testcase>
      <testcase name="Test Cases/Digital_NSTP/testCaseForEncoderNSTP/Action" time="14.87" classname="Test Cases/Digital_NSTP/testCaseForEncoderNSTP/Action" status="PASSED">
         <system-out><![CDATA[23-06-2024T10:25:46 - [TEST_CASE][PASSED] - Test Cases/Digital_NSTP/testCaseForEncoderNSTP/Action: Test Cases/Digital_NSTP/testCaseForEncoderNSTP/Action

23-06-2024T10:25:47 - [TEST_STEP][PASSED] - tabSection.Action.submitForAO(): tabSection.Action.submitForAO is PASSED

23-06-2024T10:25:48 - [MESSAGE][PASSED] - Object: 'Object Repository/TabSection/Action' is clicked on

23-06-2024T10:25:48 - [MESSAGE][PASSED] - Object 'Object Repository/Action/Decision' is visible

23-06-2024T10:25:49 - [MESSAGE][PASSED] - All options with index in [1] are selected on object 'Object Repository/Action/Decision'

23-06-2024T10:25:49 - [MESSAGE][PASSED] - Text 'OK' is set on object 'Object Repository/Action/Remarks'

23-06-2024T10:25:49 - [MESSAGE][PASSED] - Current window's title is: 'Encoder : LOS-3355'

23-06-2024T10:25:49 - [MESSAGE][PASSED] - Text of object 'Object Repository/Action/referenceNumber' is: 'Encoder : LOS-3355'

23-06-2024T10:25:49 - [MESSAGE][INFO] - LOS-3355

23-06-2024T10:25:50 - [MESSAGE][PASSED] - Object: 'Object Repository/Action/SubmitButton' is clicked on

23-06-2024T10:25:51 - [MESSAGE][PASSED] - Delayed 1 second(s)

23-06-2024T10:25:51 - [MESSAGE][PASSED] - Taking screenshot successfully
[[ATTACHMENT|D:\\newRCBCProject\\RCBCLOS_Automation\\Reports\\20240623_102219\\DigitalFlows\\NSTPDigitalWithAccuity\\testSuiteForEncoderNSTP\\20240623_102219\\1719118551210.png]]

23-06-2024T10:25:57 - [MESSAGE][PASSED] - Object: 'Object Repository/Action/confirmYes' is clicked on

23-06-2024T10:25:57 - [MESSAGE][WARNING] - Unable to switch to window with title: 'LoanPortal' (Root cause: com.kms.katalon.core.exception.StepFailedException: Unable to switch to window with title: 'LoanPortal'
	at com.kms.katalon.core.webui.keyword.internal.WebUIKeywordMain.stepFailed(WebUIKeywordMain.groovy:64)
	at com.kms.katalon.core.webui.keyword.internal.WebUIKeywordMain.runKeyword(WebUIKeywordMain.groovy:26)
	at com.kms.katalon.core.webui.keyword.builtin.SwitchToWindowTitleKeyword.switchToWindowTitle(SwitchToWindowTitleKeyword.groovy:84)
	at com.kms.katalon.core.webui.keyword.builtin.SwitchToWindowTitleKeyword.execute(SwitchToWindowTitleKeyword.groovy:67)
	at com.kms.katalon.core.keyword.internal.KeywordExecutor.executeKeywordForPlatform(KeywordExecutor.groovy:74)
	at com.kms.katalon.core.webui.keyword.WebUiBuiltInKeywords.switchToWindowTitle(WebUiBuiltInKeywords.groovy:1809)
	at tabSection.Action.submitForAO(Action.groovy:62)
	at java.base/jdk.internal.reflect.NativeMethodAccessorImpl.invoke0(Native Method)
	at java.base/jdk.internal.reflect.NativeMethodAccessorImpl.invoke(NativeMethodAccessorImpl.java:77)
	at java.base/jdk.internal.reflect.DelegatingMethodAccessorImpl.invoke(DelegatingMethodAccessorImpl.java:43)
	at com.kms.katalon.core.main.CustomKeywordDelegatingMetaClass.invokeStaticMethod(CustomKeywordDelegatingMetaClass.java:55)
	at Action.run(Action:20)
	at com.kms.katalon.core.main.ScriptEngine.run(ScriptEngine.java:194)
	at com.kms.katalon.core.main.ScriptEngine.runScriptAsRawText(ScriptEngine.java:119)
	at com.kms.katalon.core.main.TestCaseExecutor.runScript(TestCaseExecutor.java:448)
	at com.kms.katalon.core.main.TestCaseExecutor.doExecute(TestCaseExecutor.java:439)
	at com.kms.katalon.core.main.TestCaseExecutor.processExecutionPhase(TestCaseExecutor.java:418)
	at com.kms.katalon.core.main.TestCaseExecutor.accessMainPhase(TestCaseExecutor.java:410)
	at com.kms.katalon.core.main.TestCaseExecutor.execute(TestCaseExecutor.java:285)
	at com.kms.katalon.core.common.CommonExecutor.accessTestCaseMainPhase(CommonExecutor.java:65)
	at com.kms.katalon.core.main.TestSuiteExecutor.accessTestSuiteMainPhase(TestSuiteExecutor.java:150)
	at com.kms.katalon.core.main.TestSuiteExecutor.execute(TestSuiteExecutor.java:106)
	at com.kms.katalon.core.main.TestCaseMain.startTestSuite(TestCaseMain.java:180)
	at TempTestSuite1719118339497.run(TempTestSuite1719118339497.groovy:35)
	at java.base/jdk.internal.reflect.NativeMethodAccessorImpl.invoke0(Native Method)
	at java.base/jdk.internal.reflect.NativeMethodAccessorImpl.invoke(NativeMethodAccessorImpl.java:77)
	at java.base/jdk.internal.reflect.DelegatingMethodAccessorImpl.invoke(DelegatingMethodAccessorImpl.java:43)
Caused by: org.openqa.selenium.NoSuchWindowException: no such window
  (Session info: chrome=126.0.6478.114)
Build info: version: '3.141.59', revision: 'unknown', time: 'unknown'
System info: host: 'QKNBK2037', ip: '192.168.0.101', os.name: 'Windows 10', os.arch: 'amd64', os.version: '10.0', java.version: '17.0.7'
Driver info: com.kms.katalon.selenium.driver.CChromeDriver
Capabilities {acceptInsecureCerts: false, browserName: chrome, browserVersion: 126.0.6478.114, chrome: {chromedriverVersion: 125.0.6422.60 (3ac3319bff9f..., userDataDir: C:\Users\ADARSH~1.LOH\AppDa...}, fedcm:accounts: true, goog:chromeOptions: {debuggerAddress: localhost:56359}, javascriptEnabled: true, networkConnectionEnabled: false, pageLoadStrategy: normal, platform: WINDOWS, platformName: WINDOWS, proxy: Proxy(), setWindowRect: true, strictFileInteractability: false, timeouts: {implicit: 0, pageLoad: 300000, script: 30000}, unhandledPromptBehavior: dismiss and notify, webauthn:extension:credBlob: true, webauthn:extension:largeBlob: true, webauthn:extension:minPinLength: true, webauthn:extension:prf: true, webauthn:virtualAuthenticators: true}
Session ID: c7854ef8a4673cf9d371b42b8e40d31e
	at java.base/jdk.internal.reflect.NativeConstructorAccessorImpl.newInstance0(Native Method)
	at java.base/jdk.internal.reflect.NativeConstructorAccessorImpl.newInstance(NativeConstructorAccessorImpl.java:77)
	at java.base/jdk.internal.reflect.DelegatingConstructorAccessorImpl.newInstance(DelegatingConstructorAccessorImpl.java:45)
	at org.openqa.selenium.remote.http.W3CHttpResponseCodec.createException(W3CHttpResponseCodec.java:187)
	at org.openqa.selenium.remote.http.W3CHttpResponseCodec.decode(W3CHttpResponseCodec.java:122)
	at org.openqa.selenium.remote.http.W3CHttpResponseCodec.decode(W3CHttpResponseCodec.java:49)
	at org.openqa.selenium.remote.HttpCommandExecutor.execute(HttpCommandExecutor.java:158)
	at org.openqa.selenium.remote.service.DriverCommandExecutor.execute(DriverCommandExecutor.java:83)
	at org.openqa.selenium.remote.RemoteWebDriver.execute(RemoteWebDriver.java:552)
	at com.kms.katalon.selenium.driver.CChromeDriver.execute(CChromeDriver.java:19)
	at org.openqa.selenium.remote.RemoteWebDriver$RemoteTargetLocator.window(RemoteWebDriver.java:903)
	at com.kms.katalon.core.webui.common.WebUiCommonHelper.switchToWindowUsingTitle(WebUiCommonHelper.java:113)
	at com.kms.katalon.core.webui.keyword.builtin.SwitchToWindowTitleKeyword$_switchToWindowTitle_closure1.doCall(SwitchToWindowTitleKeyword.groovy:78)
	at com.kms.katalon.core.webui.keyword.builtin.SwitchToWindowTitleKeyword$_switchToWindowTitle_closure1.call(SwitchToWindowTitleKeyword.groovy)
	at com.kms.katalon.core.webui.keyword.internal.WebUIKeywordMain.runKeyword(WebUIKeywordMain.groovy:20)
	at com.kms.katalon.core.webui.keyword.builtin.SwitchToWindowTitleKeyword.switchToWindowTitle(SwitchToWindowTitleKeyword.groovy:84)
	at com.kms.katalon.core.webui.keyword.builtin.SwitchToWindowTitleKeyword.execute(SwitchToWindowTitleKeyword.groovy:67)
	at com.kms.katalon.core.keyword.internal.KeywordExecutor.executeKeywordForPlatform(KeywordExecutor.groovy:74)
	at com.kms.katalon.core.webui.keyword.WebUiBuiltInKeywords.switchToWindowTitle(WebUiBuiltInKeywords.groovy:1809)
	at tabSection.Action.submitForAO(Action.groovy:62)
	at java.base/jdk.internal.reflect.NativeMethodAccessorImpl.invoke0(Native Method)
	at java.base/jdk.internal.reflect.NativeMethodAccessorImpl.invoke(NativeMethodAccessorImpl.java:77)
	at java.base/jdk.internal.reflect.DelegatingMethodAccessorImpl.invoke(DelegatingMethodAccessorImpl.java:43)
	at com.kms.katalon.core.main.CustomKeywordDelegatingMetaClass.invokeStaticMethod(CustomKeywordDelegatingMetaClass.java:55)
	at Script1716354231143.run(Script1716354231143.groovy:20)
	... 15 more
)
[[ATTACHMENT|D:\\newRCBCProject\\RCBCLOS_Automation\\Reports\\20240623_102219\\DigitalFlows\\NSTPDigitalWithAccuity\\testSuiteForEncoderNSTP\\20240623_102219\\1719118557677.png]]

23-06-2024T10:25:59 - [MESSAGE][PASSED] - Delayed 2 second(s)

23-06-2024T10:25:59 - [MESSAGE][PASSED] - tabSection.Action.submitForAO is PASSED

23-06-2024T10:26:01 - [TEST_STEP][PASSED] - Video: Video recording for test case 'Test Cases/Digital_NSTP/testCaseForEncoderNSTP/Action' .

23-06-2024T10:26:01 - [MESSAGE][INFO] - Video recording for test case 'Test Cases/Digital_NSTP/testCaseForEncoderNSTP/Action' .]]></system-out>
         <system-err><![CDATA[]]></system-err>
      </testcase>
      <testcase name="Test Cases/LogOut/logout" time="9.509" classname="Test Cases/LogOut/logout" status="PASSED">
         <system-out><![CDATA[23-06-2024T10:26:01 - [TEST_CASE][PASSED] - Test Cases/LogOut/logout: Test Cases/LogOut/logout

23-06-2024T10:26:01 - [TEST_STEP][PASSED] - signOutibps.SignOut.logout(): signOutibps.SignOut.logout is PASSED

23-06-2024T10:26:01 - [MESSAGE][PASSED] - Switched to window with index: '0'

23-06-2024T10:26:02 - [MESSAGE][PASSED] - Delayed 1 second(s)

23-06-2024T10:26:03 - [MESSAGE][PASSED] - All options with index in [2] are selected on object 'Object Repository/ibpsLogOut/selectProcess'

23-06-2024T10:26:04 - [MESSAGE][PASSED] - Delayed 1 second(s)

23-06-2024T10:26:04 - [MESSAGE][PASSED] - Object: 'Object Repository/ibpsLogOut/searchBar' is double clicked on

23-06-2024T10:26:04 - [MESSAGE][PASSED] - Keys 'LOS-3355' sent to object: 'Object Repository/ibpsLogOut/searchBar'

23-06-2024T10:26:04 - [MESSAGE][PASSED] - Keys 'ENTER + ' sent to object: 'Object Repository/ibpsLogOut/searchBar'

23-06-2024T10:26:07 - [MESSAGE][PASSED] - Delayed 2 second(s)

23-06-2024T10:26:07 - [MESSAGE][PASSED] - Object: 'Object Repository/ibpsLogOut/label_QK_CO7' is clicked on

23-06-2024T10:26:09 - [MESSAGE][PASSED] - Delayed 2 second(s)

23-06-2024T10:26:09 - [MESSAGE][PASSED] - Object: 'Object Repository/ibpsLogOut/Logout' is clicked on

23-06-2024T10:26:09 - [MESSAGE][PASSED] - signOutibps.SignOut.logout is PASSED

23-06-2024T10:26:11 - [TEST_STEP][PASSED] - Video: Video recording for test case 'Test Cases/LogOut/logout' .

23-06-2024T10:26:11 - [MESSAGE][INFO] - Video recording for test case 'Test Cases/LogOut/logout' .]]></system-out>
         <system-err><![CDATA[]]></system-err>
      </testcase>
      <system-out><![CDATA[23-06-2024T10:22:25 - [TEST_SUITE][PASSED] - testSuiteForEncoderNSTP: Test Cases/LogOut/logout]]></system-out>
      <system-err><![CDATA[]]></system-err>
   </testsuite>
</testsuites>
