<?xml version="1.0" encoding="UTF-8"?>
<testsuites name="PreAndPost" time="571.66" tests="10" failures="0" errors="0">
   <testsuite name="PreAndPost" tests="10" failures="0" errors="0" time="571.66" skipped="0" timestamp="23-06-2024T13:50:38" hostname="Adarsh.Lohar - QKNBK2037.qkcorp.qualitykiosk.com" id="Test Suites/PaperbaseFlows/PaperbaseWithAndWithout/PreAndPost">
      <properties>
         <property name="deviceName" value=""/>
         <property name="devicePlatform"/>
         <property name="logFolder" value="D:\\newRCBCProject\\RCBCLOS_Automation\\Reports\\20240623_133212\\PaperbaseFlows\\PaperbaseWithAndWithout\\PreAndPost\\20240623_133220"/>
         <property name="logFiles" value="D:\\newRCBCProject\\RCBCLOS_Automation\\Reports\\20240623_133212\\PaperbaseFlows\\PaperbaseWithAndWithout\\PreAndPost\\20240623_133220\\execution0.log"/>
         <property name="attachments" value="D:\\newRCBCProject\\RCBCLOS_Automation\\Reports\\20240623_133212\\PaperbaseFlows\\PaperbaseWithAndWithout\\PreAndPost\\20240623_133220\\Screenshots/Portal23_06_2401_50_58/Regression23_06_24_01_50_59.jpg, D:\\newRCBCProject\\RCBCLOS_Automation\\Reports\\20240623_133212\\PaperbaseFlows\\PaperbaseWithAndWithout\\PreAndPost\\20240623_133220\\Screenshots/Portal23_06_2401_50_58/Regression23_06_24_01_51_14.jpg, D:\\newRCBCProject\\RCBCLOS_Automation\\Reports\\20240623_133212\\PaperbaseFlows\\PaperbaseWithAndWithout\\PreAndPost\\20240623_133220\\Screenshots/PrePost23_06_2401_53_09/Regression23_06_24_01_53_10.jpg, D:\\newRCBCProject\\RCBCLOS_Automation\\Reports\\20240623_133212\\PaperbaseFlows\\PaperbaseWithAndWithout\\PreAndPost\\20240623_133220\\Screenshots/PrePost23_06_2401_53_09/Regression23_06_24_01_53_54.jpg, D:\\newRCBCProject\\RCBCLOS_Automation\\Reports\\20240623_133212\\PaperbaseFlows\\PaperbaseWithAndWithout\\PreAndPost\\20240623_133220\\Screenshots/PrePost23_06_2401_53_09/Regression23_06_24_01_54_19.jpg, D:\\newRCBCProject\\RCBCLOS_Automation\\Reports\\20240623_133212\\PaperbaseFlows\\PaperbaseWithAndWithout\\PreAndPost\\20240623_133220\\Screenshots/PrePost23_06_2401_53_09/Regression23_06_24_01_54_30.jpg, D:\\newRCBCProject\\RCBCLOS_Automation\\Reports\\20240623_133212\\PaperbaseFlows\\PaperbaseWithAndWithout\\PreAndPost\\20240623_133220\\Screenshots/PrePost23_06_2401_53_09/Regression23_06_24_01_55_06.jpg, D:\\newRCBCProject\\RCBCLOS_Automation\\Reports\\20240623_133212\\PaperbaseFlows\\PaperbaseWithAndWithout\\PreAndPost\\20240623_133220\\Screenshots/PrePost23_06_2401_53_09/Regression23_06_24_01_55_12.jpg, D:\\newRCBCProject\\RCBCLOS_Automation\\Reports\\20240623_133212\\PaperbaseFlows\\PaperbaseWithAndWithout\\PreAndPost\\20240623_133220\\Screenshots/PrePost23_06_2401_53_09/Regression23_06_24_01_55_27.jpg, D:\\newRCBCProject\\RCBCLOS_Automation\\Reports\\20240623_133212\\PaperbaseFlows\\PaperbaseWithAndWithout\\PreAndPost\\20240623_133220\\Screenshots/PrePost23_06_2401_53_09/Regression23_06_24_01_55_41.jpg, D:\\newRCBCProject\\RCBCLOS_Automation\\Reports\\20240623_133212\\PaperbaseFlows\\PaperbaseWithAndWithout\\PreAndPost\\20240623_133220\\Screenshots/PrePost23_06_2401_53_09/Regression23_06_24_01_55_57.jpg, D:\\newRCBCProject\\RCBCLOS_Automation\\Reports\\20240623_133212\\PaperbaseFlows\\PaperbaseWithAndWithout\\PreAndPost\\20240623_133220\\Screenshots/PrePost23_06_2401_53_09/Regression23_06_24_01_56_12.jpg, D:\\newRCBCProject\\RCBCLOS_Automation\\Reports\\20240623_133212\\PaperbaseFlows\\PaperbaseWithAndWithout\\PreAndPost\\20240623_133220\\Screenshots/PrePost23_06_2401_53_09/Regression23_06_24_01_56_31.jpg, D:\\newRCBCProject\\RCBCLOS_Automation\\Reports\\20240623_133212\\PaperbaseFlows\\PaperbaseWithAndWithout\\PreAndPost\\20240623_133220\\Screenshots/PrePost23_06_2401_53_09/Regression23_06_24_01_57_10.jpg, D:\\newRCBCProject\\RCBCLOS_Automation\\Reports\\20240623_133212\\PaperbaseFlows\\PaperbaseWithAndWithout\\PreAndPost\\20240623_133220\\Screenshots/PrePost23_06_2401_58_07/Regression23_06_24_01_58_08.jpg, D:\\newRCBCProject\\RCBCLOS_Automation\\Reports\\20240623_133212\\PaperbaseFlows\\PaperbaseWithAndWithout\\PreAndPost\\20240623_133220\\Screenshots/PrePost23_06_2401_58_07/Regression23_06_24_01_58_59.jpg, D:\\newRCBCProject\\RCBCLOS_Automation\\Reports\\20240623_133212\\PaperbaseFlows\\PaperbaseWithAndWithout\\PreAndPost\\20240623_133220\\Screenshots/PrePost23_06_2401_58_07/Regression23_06_24_01_59_05.jpg, D:\\newRCBCProject\\RCBCLOS_Automation\\Reports\\20240623_133212\\PaperbaseFlows\\PaperbaseWithAndWithout\\PreAndPost\\20240623_133220\\Screenshots/PrePost23_06_2401_58_07/Regression23_06_24_01_59_14.jpg, D:\\newRCBCProject\\RCBCLOS_Automation\\Reports\\20240623_133212\\PaperbaseFlows\\PaperbaseWithAndWithout\\PreAndPost\\20240623_133220\\Screenshots/PrePost23_06_2401_58_07/Regression23_06_24_01_59_21.jpg, D:\\newRCBCProject\\RCBCLOS_Automation\\Reports\\20240623_133212\\PaperbaseFlows\\PaperbaseWithAndWithout\\PreAndPost\\20240623_133220\\Screenshots/PrePost23_06_2401_58_07/Regression23_06_24_01_59_27.jpg, D:\\newRCBCProject\\RCBCLOS_Automation\\Reports\\20240623_133212\\PaperbaseFlows\\PaperbaseWithAndWithout\\PreAndPost\\20240623_133220\\Screenshots/PrePost23_06_2401_58_07/Regression23_06_24_01_59_37.jpg, D:\\newRCBCProject\\RCBCLOS_Automation\\Reports\\20240623_133212\\PaperbaseFlows\\PaperbaseWithAndWithout\\PreAndPost\\20240623_133220\\1719131395358.png, D:\\newRCBCProject\\RCBCLOS_Automation\\Reports\\20240623_133212\\PaperbaseFlows\\PaperbaseWithAndWithout\\PreAndPost\\20240623_133220\\Screenshots/PrePost23_06_2401_58_07/Regression23_06_24_01_59_57.jpg"/>
         <property name="hostName" value="Adarsh.Lohar - QKNBK2037.qkcorp.qualitykiosk.com"/>
         <property name="os" value="Windows 10 64bit"/>
         <property name="katalonVersion" value="9.5.0.217"/>
         <property name="browser" value="Chrome 126.0.0.0"/>
         <property name="hostAddress" value="192.168.0.101"/>
         <property name="sessionId" value="c45898210e96e1b5fbf611e49d9cce7e"/>
         <property name="seleniumVersion" value="3.141.59"/>
         <property name="proxyInformation" value="ProxyInformation { proxyOption=NO_PROXY, proxyServerType=HTTP, username=, password=********, proxyServerAddress=, proxyServerPort=0, executionList=&quot;&quot;, isApplyToDesiredCapabilities=true }"/>
         <property name="platform" value="Windows 10"/>
      </properties>
      <testcase name="Test Cases/Paper_STPWithAndWithoutAPI/PreAndPostRelease/LoginPage" time="32.7" classname="Test Cases/Paper_STPWithAndWithoutAPI/PreAndPostRelease/LoginPage" status="PASSED">
         <system-out><![CDATA[23-06-2024T13:50:39 - [TEST_CASE][PASSED] - Test Cases/Paper_STPWithAndWithoutAPI/PreAndPostRelease/LoginPage: Test Cases/Paper_STPWithAndWithoutAPI/PreAndPostRelease/LoginPage

23-06-2024T13:50:40 - [TEST_STEP][PASSED] - loginPage.LoginPage.login_Page(): loginPage.LoginPage.login_Page is PASSED

23-06-2024T13:50:42 - [MESSAGE][INFO] - Starting 'Chrome' driver

23-06-2024T13:50:42 - [MESSAGE][INFO] - User set preference: ['args', '[--incognito]']

23-06-2024T13:50:42 - [MESSAGE][INFO] - Action delay is set to 0 milliseconds

23-06-2024T13:50:49 - [MESSAGE][PASSED] - Browser is opened with url: ''

23-06-2024T13:50:49 - [MESSAGE][PASSED] - Current window maximized

23-06-2024T13:50:51 - [MESSAGE][PASSED] - Navigate to 'https://rcbcuat.nonprodnmc.com/LoanPortal' successfully

23-06-2024T13:50:56 - [MESSAGE][PASSED] - Text 'QK_Dealer7' is set on object 'Object Repository/LoginPage/email'

23-06-2024T13:50:57 - [MESSAGE][PASSED] - Text ****** has been set on object 'Object Repository/LoginPage/password'

23-06-2024T13:50:58 - [MESSAGE][PASSED] - Delayed 1 second(s)

23-06-2024T13:50:59 - [MESSAGE][PASSED] - Delayed 1 second(s)

23-06-2024T13:51:02 - [MESSAGE][PASSED] - Delayed 3 second(s)

23-06-2024T13:51:03 - [MESSAGE][PASSED] - Taking screenshot successfully
[[ATTACHMENT|D:\\newRCBCProject\\RCBCLOS_Automation\\Reports\\20240623_133212\\PaperbaseFlows\\PaperbaseWithAndWithout\\PreAndPost\\20240623_133220\\Screenshots/Portal23_06_2401_50_58/Regression23_06_24_01_50_59.jpg]]

23-06-2024T13:51:06 - [MESSAGE][PASSED] - Object: 'Object Repository/LoginPage/log_in' is clicked on

23-06-2024T13:51:09 - [MESSAGE][PASSED] - Object 'Object Repository/HomePage/Auto_Loan_Portal' is present

23-06-2024T13:51:09 - [MESSAGE][INFO] - We are in Home Page

23-06-2024T13:51:09 - [MESSAGE][PASSED] - loginPage.LoginPage.login_Page is PASSED

23-06-2024T13:51:11 - [TEST_STEP][PASSED] - Video: Video recording for test case 'Test Cases/Paper_STPWithAndWithoutAPI/PreAndPostRelease/LoginPage' .

23-06-2024T13:51:11 - [MESSAGE][INFO] - Video recording for test case 'Test Cases/Paper_STPWithAndWithoutAPI/PreAndPostRelease/LoginPage' .]]></system-out>
         <system-err><![CDATA[]]></system-err>
      </testcase>
      <testcase name="Test Cases/Paper_STPWithAndWithoutAPI/PreAndPostRelease/homepage" time="116.139" classname="Test Cases/Paper_STPWithAndWithoutAPI/PreAndPostRelease/homepage" status="PASSED">
         <system-out><![CDATA[23-06-2024T13:51:11 - [TEST_CASE][PASSED] - Test Cases/Paper_STPWithAndWithoutAPI/PreAndPostRelease/homepage: Test Cases/Paper_STPWithAndWithoutAPI/PreAndPostRelease/homepage

23-06-2024T13:51:11 - [TEST_STEP][PASSED] - autoLoanProtal.SelectManageLoans.selectToManageLoan(): autoLoanProtal.SelectManageLoans.selectToManageLoan is PASSED

23-06-2024T13:51:12 - [MESSAGE][PASSED] - Wait for page load successfully

23-06-2024T13:51:13 - [MESSAGE][PASSED] - Delayed 1 second(s)

23-06-2024T13:51:14 - [MESSAGE][PASSED] - Delayed 1 second(s)

23-06-2024T13:51:17 - [MESSAGE][PASSED] - Delayed 3 second(s)

23-06-2024T13:51:17 - [MESSAGE][PASSED] - Taking screenshot successfully
[[ATTACHMENT|D:\\newRCBCProject\\RCBCLOS_Automation\\Reports\\20240623_133212\\PaperbaseFlows\\PaperbaseWithAndWithout\\PreAndPost\\20240623_133220\\Screenshots/Portal23_06_2401_50_58/Regression23_06_24_01_51_14.jpg]]

23-06-2024T13:53:05 - [MESSAGE][PASSED] - Object: 'Object Repository/HomePage/ManageLoans' is clicked on

23-06-2024T13:53:05 - [MESSAGE][PASSED] - autoLoanProtal.SelectManageLoans.selectToManageLoan is PASSED

23-06-2024T13:53:07 - [TEST_STEP][PASSED] - Video: Video recording for test case 'Test Cases/Paper_STPWithAndWithoutAPI/PreAndPostRelease/homepage' .

23-06-2024T13:53:07 - [MESSAGE][INFO] - Video recording for test case 'Test Cases/Paper_STPWithAndWithoutAPI/PreAndPostRelease/homepage' .]]></system-out>
         <system-err><![CDATA[]]></system-err>
      </testcase>
      <testcase name="Test Cases/Paper_STPWithAndWithoutAPI/PreAndPostRelease/ApplicationPageForPreAndPost" time="40.579" classname="Test Cases/Paper_STPWithAndWithoutAPI/PreAndPostRelease/ApplicationPageForPreAndPost" status="PASSED">
         <system-out><![CDATA[23-06-2024T13:53:07 - [TEST_CASE][PASSED] - Test Cases/Paper_STPWithAndWithoutAPI/PreAndPostRelease/ApplicationPageForPreAndPost: Test Cases/Paper_STPWithAndWithoutAPI/PreAndPostRelease/ApplicationPageForPreAndPost

23-06-2024T13:53:08 - [TEST_STEP][PASSED] - tabSection.ApplicationSection.applicationSectionTab(show, sortBy): tabSection.ApplicationSection.applicationSectionTab is PASSED

23-06-2024T13:53:08 - [MESSAGE][PASSED] - Wait for page load successfully

23-06-2024T13:53:09 - [MESSAGE][PASSED] - Delayed 1 second(s)

23-06-2024T13:53:10 - [MESSAGE][PASSED] - Delayed 1 second(s)

23-06-2024T13:53:13 - [MESSAGE][PASSED] - Delayed 3 second(s)

23-06-2024T13:53:14 - [MESSAGE][PASSED] - Taking screenshot successfully
[[ATTACHMENT|D:\\newRCBCProject\\RCBCLOS_Automation\\Reports\\20240623_133212\\PaperbaseFlows\\PaperbaseWithAndWithout\\PreAndPost\\20240623_133220\\Screenshots/PrePost23_06_2401_53_09/Regression23_06_24_01_53_10.jpg]]

23-06-2024T13:53:15 - [MESSAGE][PASSED] - Object: 'Object Repository/AdditionalInformationWithoutAPI/ApplicationPage/show' is clicked on

23-06-2024T13:53:34 - [MESSAGE][PASSED] - All options with value '2' are selected in object 'Object Repository/AdditionalInformationWithoutAPI/ApplicationPage/show'  using regular expression

23-06-2024T13:53:39 - [MESSAGE][PASSED] - Delayed 5 second(s)

23-06-2024T13:53:39 - [MESSAGE][PASSED] - All options with value '1' are selected in object 'Object Repository/AdditionalInformationWithoutAPI/ApplicationPage/sortBy'  using regular expression

23-06-2024T13:53:40 - [MESSAGE][PASSED] - Object 'Object Repository/AdditionalInformationWithoutAPI/ApplicationPage/searchBy' is clickable

23-06-2024T13:53:40 - [MESSAGE][PASSED] - Object 'Object Repository/AdditionalInformationWithoutAPI/ApplicationPage/autoLoanPortal' is clickable

23-06-2024T13:53:40 - [MESSAGE][PASSED] - Object 'Object Repository/AdditionalInformationWithoutAPI/ApplicationPage/notification' is clickable

23-06-2024T13:53:40 - [MESSAGE][PASSED] - Object 'Object Repository/AdditionalInformationWithoutAPI/ApplicationPage/signOut' is clickable

23-06-2024T13:53:40 - [MESSAGE][PASSED] - Object 'Object Repository/AdditionalInformationWithoutAPI/ApplicationPage/search' is clickable

23-06-2024T13:53:40 - [MESSAGE][PASSED] - Object 'Object Repository/AdditionalInformationWithoutAPI/ApplicationPage/dashboard' is clickable

23-06-2024T13:53:40 - [MESSAGE][PASSED] - Object 'Object Repository/AdditionalInformationWithoutAPI/ApplicationPage/searchIcon' is clickable

23-06-2024T13:53:41 - [MESSAGE][PASSED] - Object: 'Object Repository/AdditionalInformationWithoutAPI/ApplicationPage/View' is clicked on

23-06-2024T13:53:46 - [MESSAGE][PASSED] - Delayed 5 second(s)

23-06-2024T13:53:46 - [MESSAGE][PASSED] - tabSection.ApplicationSection.applicationSectionTab is PASSED

23-06-2024T13:53:48 - [TEST_STEP][PASSED] - Video: Video recording for test case 'Test Cases/Paper_STPWithAndWithoutAPI/PreAndPostRelease/ApplicationPageForPreAndPost' .

23-06-2024T13:53:48 - [MESSAGE][INFO] - Video recording for test case 'Test Cases/Paper_STPWithAndWithoutAPI/PreAndPostRelease/ApplicationPageForPreAndPost' .]]></system-out>
         <system-err><![CDATA[]]></system-err>
      </testcase>
      <testcase name="Test Cases/Paper_STPWithAndWithoutAPI/PreAndPostRelease/CustomerDetailForPreRelease" time="12.503" classname="Test Cases/Paper_STPWithAndWithoutAPI/PreAndPostRelease/CustomerDetailForPreRelease" status="PASSED">
         <system-out><![CDATA[23-06-2024T13:53:48 - [TEST_CASE][PASSED] - Test Cases/Paper_STPWithAndWithoutAPI/PreAndPostRelease/CustomerDetailForPreRelease: Test Cases/Paper_STPWithAndWithoutAPI/PreAndPostRelease/CustomerDetailForPreRelease

23-06-2024T13:53:49 - [TEST_STEP][PASSED] - tabSection.CustomerDetail.clientInformationForPreRelease(): tabSection.CustomerDetail.clientInformationForPreRelease is PASSED

23-06-2024T13:53:52 - [MESSAGE][PASSED] - Wait for page load successfully

23-06-2024T13:53:53 - [MESSAGE][PASSED] - Delayed 1 second(s)

23-06-2024T13:53:53 - [MESSAGE][PASSED] - Current window's index is: 0

23-06-2024T13:53:53 - [MESSAGE][PASSED] - Switched to window with index: '1'

23-06-2024T13:53:53 - [MESSAGE][PASSED] - Text of object 'Object Repository/Action/referenceNumber' is: 'Dealer Pre Release : LOS-3359'

23-06-2024T13:53:53 - [MESSAGE][INFO] - Dealer Pre Release : LOS-3359 Contains LOS-3359

23-06-2024T13:53:53 - [MESSAGE][INFO] - Ready to go....

23-06-2024T13:53:54 - [MESSAGE][PASSED] - Delayed 1 second(s)

23-06-2024T13:53:57 - [MESSAGE][PASSED] - Delayed 3 second(s)

23-06-2024T13:53:57 - [MESSAGE][PASSED] - Taking screenshot successfully
[[ATTACHMENT|D:\\newRCBCProject\\RCBCLOS_Automation\\Reports\\20240623_133212\\PaperbaseFlows\\PaperbaseWithAndWithout\\PreAndPost\\20240623_133220\\Screenshots/PrePost23_06_2401_53_09/Regression23_06_24_01_53_54.jpg]]

23-06-2024T13:53:58 - [MESSAGE][PASSED] - Delayed 1 second(s)

23-06-2024T13:53:58 - [MESSAGE][PASSED] - tabSection.CustomerDetail.clientInformationForPreRelease is PASSED

23-06-2024T13:54:01 - [TEST_STEP][PASSED] - Video: Video recording for test case 'Test Cases/Paper_STPWithAndWithoutAPI/PreAndPostRelease/CustomerDetailForPreRelease' .

23-06-2024T13:54:01 - [MESSAGE][INFO] - Video recording for test case 'Test Cases/Paper_STPWithAndWithoutAPI/PreAndPostRelease/CustomerDetailForPreRelease' .]]></system-out>
         <system-err><![CDATA[]]></system-err>
      </testcase>
      <testcase name="Test Cases/Paper_STPWithAndWithoutAPI/PreAndPostRelease/LoanInformation" time="23.91" classname="Test Cases/Paper_STPWithAndWithoutAPI/PreAndPostRelease/LoanInformation" status="PASSED">
         <system-out><![CDATA[23-06-2024T13:54:01 - [TEST_CASE][PASSED] - Test Cases/Paper_STPWithAndWithoutAPI/PreAndPostRelease/LoanInformation: Test Cases/Paper_STPWithAndWithoutAPI/PreAndPostRelease/LoanInformation

23-06-2024T13:54:01 - [TEST_STEP][PASSED] - tabSection.LoanInformation.loanInfoForPrereleasePaperbasedWithWithout(): tabSection.LoanInformation.loanInfoForPrereleasePaperbasedWithWithout is PASSED

23-06-2024T13:54:02 - [MESSAGE][PASSED] - Delayed 1 second(s)

23-06-2024T13:54:03 - [MESSAGE][PASSED] - Object: 'Object Repository/TabSection/LoanInformation' is clicked on

23-06-2024T13:54:04 - [MESSAGE][PASSED] - Text '0' is set on object 'Object Repository/BackOffice/PreReleasePaperbaseLoanInfo/advancePayment4'

23-06-2024T13:54:05 - [MESSAGE][PASSED] - Text '0' is set on object 'Object Repository/BackOffice/PreReleasePaperbaseLoanInfo/advancePayment5'

23-06-2024T13:54:06 - [MESSAGE][PASSED] - Attribute 'title' of object 'Object Repository/LoanInformationPreRelease/paymentScheme/totalCmf' is: '22,930.92'

23-06-2024T13:54:06 - [MESSAGE][PASSED] - Object: 'Object Repository/BackOffice/PreReleasePaperbaseLoanInfo/cmfPayment4' is double clicked on

23-06-2024T13:54:07 - [MESSAGE][PASSED] - Keys '22,930.92' sent to object: 'Object Repository/LoanInformationPreRelease/billPayment'

23-06-2024T13:54:08 - [MESSAGE][PASSED] - Text '0' is set on object 'Object Repository/BackOffice/PreReleasePaperbaseLoanInfo/cmfPayment5'

23-06-2024T13:54:10 - [MESSAGE][PASSED] - Text '0' is set on object 'Object Repository/BackOffice/PreReleasePaperbaseLoanInfo/excessEMF4'

23-06-2024T13:54:12 - [MESSAGE][PASSED] - Text '0' is set on object 'Object Repository/BackOffice/PreReleasePaperbaseLoanInfo/excessEMF5'

23-06-2024T13:54:13 - [MESSAGE][PASSED] - Text '0' is set on object 'Object Repository/BackOffice/PreReleasePaperbaseLoanInfo/lto4'

23-06-2024T13:54:15 - [MESSAGE][PASSED] - Text '0' is set on object 'Object Repository/BackOffice/PreReleasePaperbaseLoanInfo/lto5'

23-06-2024T13:54:16 - [MESSAGE][PASSED] - Text '0' is set on object 'Object Repository/BackOffice/PreReleasePaperbaseLoanInfo/motorCarInsurance4'

23-06-2024T13:54:17 - [MESSAGE][PASSED] - Text '0' is set on object 'Object Repository/BackOffice/PreReleasePaperbaseLoanInfo/motorCarInsurance5'

23-06-2024T13:54:18 - [MESSAGE][PASSED] - Delayed 1 second(s)

23-06-2024T13:54:19 - [MESSAGE][PASSED] - Delayed 1 second(s)

23-06-2024T13:54:22 - [MESSAGE][PASSED] - Delayed 3 second(s)

23-06-2024T13:54:22 - [MESSAGE][PASSED] - Taking screenshot successfully
[[ATTACHMENT|D:\\newRCBCProject\\RCBCLOS_Automation\\Reports\\20240623_133212\\PaperbaseFlows\\PaperbaseWithAndWithout\\PreAndPost\\20240623_133220\\Screenshots/PrePost23_06_2401_53_09/Regression23_06_24_01_54_19.jpg]]

23-06-2024T13:54:22 - [MESSAGE][PASSED] - tabSection.LoanInformation.loanInfoForPrereleasePaperbasedWithWithout is PASSED

23-06-2024T13:54:25 - [TEST_STEP][PASSED] - Video: Video recording for test case 'Test Cases/Paper_STPWithAndWithoutAPI/PreAndPostRelease/LoanInformation' .

23-06-2024T13:54:25 - [MESSAGE][INFO] - Video recording for test case 'Test Cases/Paper_STPWithAndWithoutAPI/PreAndPostRelease/LoanInformation' .]]></system-out>
         <system-err><![CDATA[]]></system-err>
      </testcase>
      <testcase name="Test Cases/Paper_STPWithAndWithoutAPI/PreAndPostRelease/DocumentChecklist" time="162.497" classname="Test Cases/Paper_STPWithAndWithoutAPI/PreAndPostRelease/DocumentChecklist" status="PASSED">
         <system-out><![CDATA[23-06-2024T13:54:25 - [TEST_CASE][PASSED] - Test Cases/Paper_STPWithAndWithoutAPI/PreAndPostRelease/DocumentChecklist: Test Cases/Paper_STPWithAndWithoutAPI/PreAndPostRelease/DocumentChecklist

23-06-2024T13:54:25 - [TEST_STEP][PASSED] - tabSection.DocumentCheckList.documentCheckListForPreReleasePaperbased(): tabSection.DocumentCheckList.documentCheckListForPreReleasePaperbased is PASSED

23-06-2024T13:54:28 - [MESSAGE][PASSED] - Object: 'Object Repository/TabSection/DocumentCheclist' is clicked on

23-06-2024T13:54:29 - [MESSAGE][PASSED] - Delayed 1 second(s)

23-06-2024T13:54:30 - [MESSAGE][PASSED] - Delayed 1 second(s)

23-06-2024T13:54:33 - [MESSAGE][PASSED] - Delayed 3 second(s)

23-06-2024T13:54:34 - [MESSAGE][PASSED] - Taking screenshot successfully
[[ATTACHMENT|D:\\newRCBCProject\\RCBCLOS_Automation\\Reports\\20240623_133212\\PaperbaseFlows\\PaperbaseWithAndWithout\\PreAndPost\\20240623_133220\\Screenshots/PrePost23_06_2401_53_09/Regression23_06_24_01_54_30.jpg]]

23-06-2024T13:54:35 - [MESSAGE][PASSED] - Delayed 1 second(s)

23-06-2024T13:55:00 - [MESSAGE][PASSED] - Object: 'Object Repository/DocumentCheckListForPreRelease/OutwardDocument/generateAll' is clicked on

23-06-2024T13:55:01 - [MESSAGE][PASSED] - Delayed 1 second(s)

23-06-2024T13:55:01 - [MESSAGE][PASSED] - Switched to window with index: '2'

23-06-2024T13:55:04 - [MESSAGE][PASSED] - Delayed 3 second(s)

23-06-2024T13:55:04 - [MESSAGE][PASSED] - Window with index 2 is closed

23-06-2024T13:55:04 - [MESSAGE][PASSED] - Switched to window with index: '1'

23-06-2024T13:55:05 - [MESSAGE][PASSED] - Delayed 1 second(s)

23-06-2024T13:55:06 - [MESSAGE][PASSED] - Delayed 1 second(s)

23-06-2024T13:55:09 - [MESSAGE][PASSED] - Delayed 3 second(s)

23-06-2024T13:55:09 - [MESSAGE][PASSED] - Taking screenshot successfully
[[ATTACHMENT|D:\\newRCBCProject\\RCBCLOS_Automation\\Reports\\20240623_133212\\PaperbaseFlows\\PaperbaseWithAndWithout\\PreAndPost\\20240623_133220\\Screenshots/PrePost23_06_2401_53_09/Regression23_06_24_01_55_06.jpg]]

23-06-2024T13:55:09 - [MESSAGE][PASSED] - Current window's index is: 1

23-06-2024T13:55:10 - [MESSAGE][PASSED] - Object: 'Object Repository/DocumentCheckListForPreRelease/OutwardDocument/viewBtn1' is clicked on

23-06-2024T13:55:10 - [MESSAGE][PASSED] - Switched to window with index: '2'

23-06-2024T13:55:11 - [MESSAGE][PASSED] - Delayed 1 second(s)

23-06-2024T13:55:12 - [MESSAGE][PASSED] - Delayed 1 second(s)

23-06-2024T13:55:15 - [MESSAGE][PASSED] - Delayed 3 second(s)

23-06-2024T13:55:17 - [MESSAGE][PASSED] - Taking screenshot successfully
[[ATTACHMENT|D:\\newRCBCProject\\RCBCLOS_Automation\\Reports\\20240623_133212\\PaperbaseFlows\\PaperbaseWithAndWithout\\PreAndPost\\20240623_133220\\Screenshots/PrePost23_06_2401_53_09/Regression23_06_24_01_55_12.jpg]]

23-06-2024T13:55:22 - [MESSAGE][PASSED] - Delayed 5 second(s)

23-06-2024T13:55:23 - [MESSAGE][PASSED] - Window with index 2 is closed

23-06-2024T13:55:23 - [MESSAGE][PASSED] - Switched to window with index: '1'

23-06-2024T13:55:23 - [MESSAGE][PASSED] - Current window's index is: 1

23-06-2024T13:55:25 - [MESSAGE][PASSED] - Object: 'Object Repository/DocumentCheckListForPreRelease/OutwardDocument/viewBtn2' is clicked on

23-06-2024T13:55:25 - [MESSAGE][PASSED] - Switched to window with index: '2'

23-06-2024T13:55:26 - [MESSAGE][PASSED] - Delayed 1 second(s)

23-06-2024T13:55:27 - [MESSAGE][PASSED] - Delayed 1 second(s)

23-06-2024T13:55:30 - [MESSAGE][PASSED] - Delayed 3 second(s)

23-06-2024T13:55:30 - [MESSAGE][PASSED] - Taking screenshot successfully
[[ATTACHMENT|D:\\newRCBCProject\\RCBCLOS_Automation\\Reports\\20240623_133212\\PaperbaseFlows\\PaperbaseWithAndWithout\\PreAndPost\\20240623_133220\\Screenshots/PrePost23_06_2401_53_09/Regression23_06_24_01_55_27.jpg]]

23-06-2024T13:55:35 - [MESSAGE][PASSED] - Delayed 5 second(s)

23-06-2024T13:55:36 - [MESSAGE][PASSED] - Window with index 2 is closed

23-06-2024T13:55:36 - [MESSAGE][PASSED] - Switched to window with index: '1'

23-06-2024T13:55:36 - [MESSAGE][PASSED] - Current window's index is: 1

23-06-2024T13:55:39 - [MESSAGE][PASSED] - Object: 'Object Repository/DocumentCheckListForPreRelease/OutwardDocument/viewBtn3' is clicked on

23-06-2024T13:55:39 - [MESSAGE][PASSED] - Switched to window with index: '2'

23-06-2024T13:55:40 - [MESSAGE][PASSED] - Delayed 1 second(s)

23-06-2024T13:55:41 - [MESSAGE][PASSED] - Delayed 1 second(s)

23-06-2024T13:55:44 - [MESSAGE][PASSED] - Delayed 3 second(s)

23-06-2024T13:55:44 - [MESSAGE][PASSED] - Taking screenshot successfully
[[ATTACHMENT|D:\\newRCBCProject\\RCBCLOS_Automation\\Reports\\20240623_133212\\PaperbaseFlows\\PaperbaseWithAndWithout\\PreAndPost\\20240623_133220\\Screenshots/PrePost23_06_2401_53_09/Regression23_06_24_01_55_41.jpg]]

23-06-2024T13:55:49 - [MESSAGE][PASSED] - Delayed 5 second(s)

23-06-2024T13:55:49 - [MESSAGE][PASSED] - Window with index 2 is closed

23-06-2024T13:55:49 - [MESSAGE][PASSED] - Switched to window with index: '1'

23-06-2024T13:55:49 - [MESSAGE][PASSED] - Current window's index is: 1

23-06-2024T13:55:54 - [MESSAGE][PASSED] - Object: 'Object Repository/DocumentCheckListForPreRelease/OutwardDocument/viewBtn4' is clicked on

23-06-2024T13:55:55 - [MESSAGE][PASSED] - Switched to window with index: '2'

23-06-2024T13:55:56 - [MESSAGE][PASSED] - Delayed 1 second(s)

23-06-2024T13:55:57 - [MESSAGE][PASSED] - Delayed 1 second(s)

23-06-2024T13:56:00 - [MESSAGE][PASSED] - Delayed 3 second(s)

23-06-2024T13:56:02 - [MESSAGE][PASSED] - Taking screenshot successfully
[[ATTACHMENT|D:\\newRCBCProject\\RCBCLOS_Automation\\Reports\\20240623_133212\\PaperbaseFlows\\PaperbaseWithAndWithout\\PreAndPost\\20240623_133220\\Screenshots/PrePost23_06_2401_53_09/Regression23_06_24_01_55_57.jpg]]

23-06-2024T13:56:07 - [MESSAGE][PASSED] - Delayed 5 second(s)

23-06-2024T13:56:07 - [MESSAGE][PASSED] - Window with index 2 is closed

23-06-2024T13:56:07 - [MESSAGE][PASSED] - Switched to window with index: '1'

23-06-2024T13:56:07 - [MESSAGE][PASSED] - Current window's index is: 1

23-06-2024T13:56:10 - [MESSAGE][PASSED] - Object: 'Object Repository/DocumentCheckListForPreRelease/OutwardDocument/viewBtn5' is clicked on

23-06-2024T13:56:10 - [MESSAGE][PASSED] - Switched to window with index: '2'

23-06-2024T13:56:11 - [MESSAGE][PASSED] - Delayed 1 second(s)

23-06-2024T13:56:12 - [MESSAGE][PASSED] - Delayed 1 second(s)

23-06-2024T13:56:15 - [MESSAGE][PASSED] - Delayed 3 second(s)

23-06-2024T13:56:15 - [MESSAGE][PASSED] - Taking screenshot successfully
[[ATTACHMENT|D:\\newRCBCProject\\RCBCLOS_Automation\\Reports\\20240623_133212\\PaperbaseFlows\\PaperbaseWithAndWithout\\PreAndPost\\20240623_133220\\Screenshots/PrePost23_06_2401_53_09/Regression23_06_24_01_56_12.jpg]]

23-06-2024T13:56:20 - [MESSAGE][PASSED] - Delayed 5 second(s)

23-06-2024T13:56:20 - [MESSAGE][PASSED] - Window with index 2 is closed

23-06-2024T13:56:20 - [MESSAGE][PASSED] - Switched to window with index: '1'

23-06-2024T13:56:20 - [MESSAGE][PASSED] - Current window's index is: 1

23-06-2024T13:56:26 - [MESSAGE][PASSED] - Object: 'Object Repository/DocumentCheckListForPreRelease/OutwardDocument/viewBtn6' is clicked on

23-06-2024T13:56:29 - [MESSAGE][PASSED] - Switched to window with index: '2'

23-06-2024T13:56:30 - [MESSAGE][PASSED] - Delayed 1 second(s)

23-06-2024T13:56:31 - [MESSAGE][PASSED] - Delayed 1 second(s)

23-06-2024T13:56:34 - [MESSAGE][PASSED] - Delayed 3 second(s)

23-06-2024T13:56:34 - [MESSAGE][PASSED] - Taking screenshot successfully
[[ATTACHMENT|D:\\newRCBCProject\\RCBCLOS_Automation\\Reports\\20240623_133212\\PaperbaseFlows\\PaperbaseWithAndWithout\\PreAndPost\\20240623_133220\\Screenshots/PrePost23_06_2401_53_09/Regression23_06_24_01_56_31.jpg]]

23-06-2024T13:56:39 - [MESSAGE][PASSED] - Delayed 5 second(s)

23-06-2024T13:56:39 - [MESSAGE][PASSED] - Window with index 2 is closed

23-06-2024T13:56:39 - [MESSAGE][PASSED] - Switched to window with index: '1'

23-06-2024T13:56:41 - [MESSAGE][PASSED] - Delayed 2 second(s)

23-06-2024T13:57:03 - [MESSAGE][PASSED] - Object: 'Object Repository/CollateralInformationPreRelease/SaveBtn' is clicked on

23-06-2024T13:57:05 - [MESSAGE][PASSED] - Delayed 2 second(s)

23-06-2024T13:57:05 - [MESSAGE][PASSED] - tabSection.DocumentCheckList.documentCheckListForPreReleasePaperbased is PASSED

23-06-2024T13:57:07 - [TEST_STEP][PASSED] - Video: Video recording for test case 'Test Cases/Paper_STPWithAndWithoutAPI/PreAndPostRelease/DocumentChecklist' .

23-06-2024T13:57:07 - [MESSAGE][INFO] - Video recording for test case 'Test Cases/Paper_STPWithAndWithoutAPI/PreAndPostRelease/DocumentChecklist' .]]></system-out>
         <system-err><![CDATA[]]></system-err>
      </testcase>
      <testcase name="Test Cases/Paper_STPWithAndWithoutAPI/PreAndPostRelease/CollateralInfo" time="8.161" classname="Test Cases/Paper_STPWithAndWithoutAPI/PreAndPostRelease/CollateralInfo" status="PASSED">
         <system-out><![CDATA[23-06-2024T13:57:07 - [TEST_CASE][PASSED] - Test Cases/Paper_STPWithAndWithoutAPI/PreAndPostRelease/CollateralInfo: Test Cases/Paper_STPWithAndWithoutAPI/PreAndPostRelease/CollateralInfo

23-06-2024T13:57:07 - [TEST_STEP][PASSED] - tabSection.CollateralInformation.collateralInformationForPrereleasePaperbased(): tabSection.CollateralInformation.collateralInformationForPrereleasePaperbased is PASSED

23-06-2024T13:57:08 - [MESSAGE][PASSED] - Object: 'Object Repository/TabSection/CollateralInformation' is clicked on

23-06-2024T13:57:09 - [MESSAGE][PASSED] - Delayed 1 second(s)

23-06-2024T13:57:10 - [MESSAGE][PASSED] - Delayed 1 second(s)

23-06-2024T13:57:13 - [MESSAGE][PASSED] - Delayed 3 second(s)

23-06-2024T13:57:13 - [MESSAGE][PASSED] - Taking screenshot successfully
[[ATTACHMENT|D:\\newRCBCProject\\RCBCLOS_Automation\\Reports\\20240623_133212\\PaperbaseFlows\\PaperbaseWithAndWithout\\PreAndPost\\20240623_133220\\Screenshots/PrePost23_06_2401_53_09/Regression23_06_24_01_57_10.jpg]]

23-06-2024T13:57:13 - [MESSAGE][PASSED] - tabSection.CollateralInformation.collateralInformationForPrereleasePaperbased is PASSED

23-06-2024T13:57:15 - [TEST_STEP][PASSED] - Video: Video recording for test case 'Test Cases/Paper_STPWithAndWithoutAPI/PreAndPostRelease/CollateralInfo' .

23-06-2024T13:57:15 - [MESSAGE][INFO] - Video recording for test case 'Test Cases/Paper_STPWithAndWithoutAPI/PreAndPostRelease/CollateralInfo' .]]></system-out>
         <system-err><![CDATA[]]></system-err>
      </testcase>
      <testcase name="Test Cases/Paper_STPWithAndWithoutAPI/PreAndPostRelease/DisbursmentInfoNew" time="50.249" classname="Test Cases/Paper_STPWithAndWithoutAPI/PreAndPostRelease/DisbursmentInfoNew" status="PASSED">
         <system-out><![CDATA[23-06-2024T13:57:15 - [TEST_CASE][PASSED] - Test Cases/Paper_STPWithAndWithoutAPI/PreAndPostRelease/DisbursmentInfoNew: Test Cases/Paper_STPWithAndWithoutAPI/PreAndPostRelease/DisbursmentInfoNew

23-06-2024T13:57:16 - [TEST_STEP][PASSED] - click(findTestObject("Object Repository/DisbursementInfoNew/DisbursementInfoAndSubmit/disbursementInformation")): Object: 'Object Repository/DisbursementInfoNew/DisbursementInfoAndSubmit/disbursementInformation' is clicked on

23-06-2024T13:57:16 - [MESSAGE][PASSED] - Object: 'Object Repository/DisbursementInfoNew/DisbursementInfoAndSubmit/disbursementInformation' is clicked on

23-06-2024T13:57:16 - [TEST_STEP][PASSED] - click(findTestObject("Object Repository/DisbursementInfoNew/DisbursementInfoAndSubmit/plusIcon")): Object: 'Object Repository/DisbursementInfoNew/DisbursementInfoAndSubmit/plusIcon' is clicked on

23-06-2024T13:57:18 - [MESSAGE][PASSED] - Object: 'Object Repository/DisbursementInfoNew/DisbursementInfoAndSubmit/plusIcon' is clicked on

23-06-2024T13:57:18 - [TEST_STEP][PASSED] - selectOptionByIndex(findTestObject("Object Repository/DisbursementInfoNew/DisbursementInfoAndSubmit/payeeName"), 1, STOP_ON_FAILURE): All options with index in [1] are selected on object 'Object Repository/DisbursementInfoNew/DisbursementInfoAndSubmit/payeeName'

23-06-2024T13:57:20 - [MESSAGE][PASSED] - All options with index in [1] are selected on object 'Object Repository/DisbursementInfoNew/DisbursementInfoAndSubmit/payeeName'

23-06-2024T13:57:20 - [TEST_STEP][PASSED] - selectOptionByIndex(findTestObject("Object Repository/DisbursementInfoNew/DisbursementInfoAndSubmit/modeOfDisbursement"), 1, STOP_ON_FAILURE): All options with index in [1] are selected on object 'Object Repository/DisbursementInfoNew/DisbursementInfoAndSubmit/modeOfDisbursement'

23-06-2024T13:57:21 - [MESSAGE][PASSED] - All options with index in [1] are selected on object 'Object Repository/DisbursementInfoNew/DisbursementInfoAndSubmit/modeOfDisbursement'

23-06-2024T13:57:21 - [TEST_STEP][PASSED] - click(findTestObject("Object Repository/DisbursementInfoNew/DisbursementInfoAndSubmit/saveAndClose")): Object: 'Object Repository/DisbursementInfoNew/DisbursementInfoAndSubmit/saveAndClose' is clicked on

23-06-2024T13:57:24 - [MESSAGE][PASSED] - Object: 'Object Repository/DisbursementInfoNew/DisbursementInfoAndSubmit/saveAndClose' is clicked on

23-06-2024T13:57:24 - [TEST_STEP][PASSED] - click(findTestObject("Object Repository/DisbursementInfoNew/DisbursementInfoAndSubmit/actionTab")): Object: 'Object Repository/DisbursementInfoNew/DisbursementInfoAndSubmit/actionTab' is clicked on

23-06-2024T13:57:26 - [MESSAGE][PASSED] - Object: 'Object Repository/DisbursementInfoNew/DisbursementInfoAndSubmit/actionTab' is clicked on

23-06-2024T13:57:26 - [TEST_STEP][PASSED] - selectOptionByIndex(findTestObject("Object Repository/DisbursementInfoNew/DisbursementInfoAndSubmit/selectSubmit"), 1, STOP_ON_FAILURE): All options with index in [1] are selected on object 'Object Repository/DisbursementInfoNew/DisbursementInfoAndSubmit/selectSubmit'

23-06-2024T13:57:29 - [MESSAGE][PASSED] - All options with index in [1] are selected on object 'Object Repository/DisbursementInfoNew/DisbursementInfoAndSubmit/selectSubmit'

23-06-2024T13:57:29 - [TEST_STEP][PASSED] - setText(findTestObject("Object Repository/DisbursementInfoNew/DisbursementInfoAndSubmit/decision"), "ok"): Text 'ok' is set on object 'Object Repository/DisbursementInfoNew/DisbursementInfoAndSubmit/decision'

23-06-2024T13:57:30 - [MESSAGE][PASSED] - Text 'ok' is set on object 'Object Repository/DisbursementInfoNew/DisbursementInfoAndSubmit/decision'

23-06-2024T13:57:30 - [TEST_STEP][PASSED] - click(findTestObject("Object Repository/DisbursementInfoNew/DisbursementInfoAndSubmit/button_Submit")): Object: 'Object Repository/DisbursementInfoNew/DisbursementInfoAndSubmit/button_Submit' is clicked on

23-06-2024T13:57:34 - [MESSAGE][PASSED] - Object: 'Object Repository/DisbursementInfoNew/DisbursementInfoAndSubmit/button_Submit' is clicked on

23-06-2024T13:57:34 - [TEST_STEP][PASSED] - currentWindow = getWindowTitle(): Current window's title is: 'Dealer Pre Release : LOS-3359'

23-06-2024T13:57:34 - [MESSAGE][PASSED] - Current window's title is: 'Dealer Pre Release : LOS-3359'

23-06-2024T13:57:34 - [TEST_STEP][PASSED] - click(findTestObject("Object Repository/Action/confirmYes")): Object: 'Object Repository/Action/confirmYes' is clicked on

23-06-2024T13:58:01 - [MESSAGE][PASSED] - Object: 'Object Repository/Action/confirmYes' is clicked on

23-06-2024T13:58:01 - [TEST_STEP][PASSED] - delay(2): Delayed 2 second(s)

23-06-2024T13:58:03 - [MESSAGE][PASSED] - Delayed 2 second(s)

23-06-2024T13:58:03 - [TEST_STEP][PASSED] - if (!(currentWindow.equalsIgnoreCase("LoanPortal"))): Switched to window with title: 'LoanPortal'

23-06-2024T13:58:03 - [TEST_STEP][PASSED] - switchToWindowTitle("LoanPortal"): Switched to window with title: 'LoanPortal'

23-06-2024T13:58:03 - [MESSAGE][PASSED] - Switched to window with title: 'LoanPortal'

23-06-2024T13:58:05 - [TEST_STEP][PASSED] - Video: Video recording for test case 'Test Cases/Paper_STPWithAndWithoutAPI/PreAndPostRelease/DisbursmentInfoNew' .

23-06-2024T13:58:05 - [MESSAGE][INFO] - Video recording for test case 'Test Cases/Paper_STPWithAndWithoutAPI/PreAndPostRelease/DisbursmentInfoNew' .]]></system-out>
         <system-err><![CDATA[]]></system-err>
      </testcase>
      <testcase name="Test Cases/Paper_STPWithAndWithoutAPI/PreAndPostRelease/ApplicationPageForPreAndPost" time="46.546" classname="Test Cases/Paper_STPWithAndWithoutAPI/PreAndPostRelease/ApplicationPageForPreAndPost" status="PASSED">
         <system-out><![CDATA[23-06-2024T13:58:06 - [TEST_CASE][PASSED] - Test Cases/Paper_STPWithAndWithoutAPI/PreAndPostRelease/ApplicationPageForPreAndPost: Test Cases/Paper_STPWithAndWithoutAPI/PreAndPostRelease/ApplicationPageForPreAndPost

23-06-2024T13:58:06 - [TEST_STEP][PASSED] - tabSection.ApplicationSection.applicationSectionTab(show, sortBy): tabSection.ApplicationSection.applicationSectionTab is PASSED

23-06-2024T13:58:06 - [MESSAGE][PASSED] - Wait for page load successfully

23-06-2024T13:58:07 - [MESSAGE][PASSED] - Delayed 1 second(s)

23-06-2024T13:58:08 - [MESSAGE][PASSED] - Delayed 1 second(s)

23-06-2024T13:58:11 - [MESSAGE][PASSED] - Delayed 3 second(s)

23-06-2024T13:58:11 - [MESSAGE][PASSED] - Taking screenshot successfully
[[ATTACHMENT|D:\\newRCBCProject\\RCBCLOS_Automation\\Reports\\20240623_133212\\PaperbaseFlows\\PaperbaseWithAndWithout\\PreAndPost\\20240623_133220\\Screenshots/PrePost23_06_2401_58_07/Regression23_06_24_01_58_08.jpg]]

23-06-2024T13:58:11 - [MESSAGE][PASSED] - Object: 'Object Repository/AdditionalInformationWithoutAPI/ApplicationPage/show' is clicked on

23-06-2024T13:58:33 - [MESSAGE][PASSED] - All options with value '3' are selected in object 'Object Repository/AdditionalInformationWithoutAPI/ApplicationPage/show'  using regular expression

23-06-2024T13:58:38 - [MESSAGE][PASSED] - Delayed 5 second(s)

23-06-2024T13:58:39 - [MESSAGE][PASSED] - All options with value '1' are selected in object 'Object Repository/AdditionalInformationWithoutAPI/ApplicationPage/sortBy'  using regular expression

23-06-2024T13:58:39 - [MESSAGE][PASSED] - Object 'Object Repository/AdditionalInformationWithoutAPI/ApplicationPage/searchBy' is clickable

23-06-2024T13:58:39 - [MESSAGE][PASSED] - Object 'Object Repository/AdditionalInformationWithoutAPI/ApplicationPage/autoLoanPortal' is clickable

23-06-2024T13:58:39 - [MESSAGE][PASSED] - Object 'Object Repository/AdditionalInformationWithoutAPI/ApplicationPage/notification' is clickable

23-06-2024T13:58:39 - [MESSAGE][PASSED] - Object 'Object Repository/AdditionalInformationWithoutAPI/ApplicationPage/signOut' is clickable

23-06-2024T13:58:39 - [MESSAGE][PASSED] - Object 'Object Repository/AdditionalInformationWithoutAPI/ApplicationPage/search' is clickable

23-06-2024T13:58:39 - [MESSAGE][PASSED] - Object 'Object Repository/AdditionalInformationWithoutAPI/ApplicationPage/dashboard' is clickable

23-06-2024T13:58:40 - [MESSAGE][PASSED] - Object 'Object Repository/AdditionalInformationWithoutAPI/ApplicationPage/searchIcon' is clickable

23-06-2024T13:58:45 - [MESSAGE][PASSED] - Object: 'Object Repository/AdditionalInformationWithoutAPI/ApplicationPage/View' is clicked on

23-06-2024T13:58:50 - [MESSAGE][PASSED] - Delayed 5 second(s)

23-06-2024T13:58:50 - [MESSAGE][PASSED] - tabSection.ApplicationSection.applicationSectionTab is PASSED

23-06-2024T13:58:52 - [TEST_STEP][PASSED] - Video: Video recording for test case 'Test Cases/Paper_STPWithAndWithoutAPI/PreAndPostRelease/ApplicationPageForPreAndPost' .

23-06-2024T13:58:52 - [MESSAGE][INFO] - Video recording for test case 'Test Cases/Paper_STPWithAndWithoutAPI/PreAndPostRelease/ApplicationPageForPreAndPost' .]]></system-out>
         <system-err><![CDATA[]]></system-err>
      </testcase>
      <testcase name="Test Cases/Paper_STPWithAndWithoutAPI/PreAndPostRelease/PostRelease" time="77.509" classname="Test Cases/Paper_STPWithAndWithoutAPI/PreAndPostRelease/PostRelease" status="PASSED">
         <system-out><![CDATA[23-06-2024T13:58:52 - [TEST_CASE][PASSED] - Test Cases/Paper_STPWithAndWithoutAPI/PreAndPostRelease/PostRelease: Test Cases/Paper_STPWithAndWithoutAPI/PreAndPostRelease/PostRelease

23-06-2024T13:58:52 - [TEST_STEP][PASSED] - postRelease.PostReleaseSubmit.submit_post_release(): postRelease.PostReleaseSubmit.submit_post_release is PASSED

23-06-2024T13:58:53 - [MESSAGE][PASSED] - Switched to window with index: '1'

23-06-2024T13:58:57 - [MESSAGE][PASSED] - Delayed 4 second(s)

23-06-2024T13:58:58 - [MESSAGE][PASSED] - Delayed 1 second(s)

23-06-2024T13:58:59 - [MESSAGE][PASSED] - Delayed 1 second(s)

23-06-2024T13:59:02 - [MESSAGE][PASSED] - Delayed 3 second(s)

23-06-2024T13:59:02 - [MESSAGE][PASSED] - Taking screenshot successfully
[[ATTACHMENT|D:\\newRCBCProject\\RCBCLOS_Automation\\Reports\\20240623_133212\\PaperbaseFlows\\PaperbaseWithAndWithout\\PreAndPost\\20240623_133220\\Screenshots/PrePost23_06_2401_58_07/Regression23_06_24_01_58_59.jpg]]

23-06-2024T13:59:03 - [MESSAGE][PASSED] - Object: 'Object Repository/TabSection/LoanInformation' is clicked on

23-06-2024T13:59:04 - [MESSAGE][PASSED] - Delayed 1 second(s)

23-06-2024T13:59:05 - [MESSAGE][PASSED] - Delayed 1 second(s)

23-06-2024T13:59:08 - [MESSAGE][PASSED] - Delayed 3 second(s)

23-06-2024T13:59:08 - [MESSAGE][PASSED] - Taking screenshot successfully
[[ATTACHMENT|D:\\newRCBCProject\\RCBCLOS_Automation\\Reports\\20240623_133212\\PaperbaseFlows\\PaperbaseWithAndWithout\\PreAndPost\\20240623_133220\\Screenshots/PrePost23_06_2401_58_07/Regression23_06_24_01_59_05.jpg]]

23-06-2024T13:59:09 - [MESSAGE][PASSED] - Delayed 1 second(s)

23-06-2024T13:59:12 - [MESSAGE][PASSED] - Object: 'Object Repository/TabSection/DocumentCheclist' is clicked on

23-06-2024T13:59:13 - [MESSAGE][PASSED] - Delayed 1 second(s)

23-06-2024T13:59:14 - [MESSAGE][PASSED] - Delayed 1 second(s)

23-06-2024T13:59:17 - [MESSAGE][PASSED] - Delayed 3 second(s)

23-06-2024T13:59:17 - [MESSAGE][PASSED] - Taking screenshot successfully
[[ATTACHMENT|D:\\newRCBCProject\\RCBCLOS_Automation\\Reports\\20240623_133212\\PaperbaseFlows\\PaperbaseWithAndWithout\\PreAndPost\\20240623_133220\\Screenshots/PrePost23_06_2401_58_07/Regression23_06_24_01_59_14.jpg]]

23-06-2024T13:59:18 - [MESSAGE][PASSED] - Delayed 1 second(s)

23-06-2024T13:59:18 - [MESSAGE][PASSED] - Object: 'Object Repository/TabSection/CollateralInformation' is clicked on

23-06-2024T13:59:20 - [MESSAGE][PASSED] - Delayed 1 second(s)

23-06-2024T13:59:21 - [MESSAGE][PASSED] - Delayed 1 second(s)

23-06-2024T13:59:24 - [MESSAGE][PASSED] - Delayed 3 second(s)

23-06-2024T13:59:24 - [MESSAGE][PASSED] - Taking screenshot successfully
[[ATTACHMENT|D:\\newRCBCProject\\RCBCLOS_Automation\\Reports\\20240623_133212\\PaperbaseFlows\\PaperbaseWithAndWithout\\PreAndPost\\20240623_133220\\Screenshots/PrePost23_06_2401_58_07/Regression23_06_24_01_59_21.jpg]]

23-06-2024T13:59:25 - [MESSAGE][PASSED] - Delayed 1 second(s)

23-06-2024T13:59:25 - [MESSAGE][PASSED] - Object: 'Object Repository/TabSection/DisbursementInformation' is clicked on

23-06-2024T13:59:26 - [MESSAGE][PASSED] - Delayed 1 second(s)

23-06-2024T13:59:27 - [MESSAGE][PASSED] - Delayed 1 second(s)

23-06-2024T13:59:30 - [MESSAGE][PASSED] - Delayed 3 second(s)

23-06-2024T13:59:31 - [MESSAGE][PASSED] - Taking screenshot successfully
[[ATTACHMENT|D:\\newRCBCProject\\RCBCLOS_Automation\\Reports\\20240623_133212\\PaperbaseFlows\\PaperbaseWithAndWithout\\PreAndPost\\20240623_133220\\Screenshots/PrePost23_06_2401_58_07/Regression23_06_24_01_59_27.jpg]]

23-06-2024T13:59:32 - [MESSAGE][PASSED] - Delayed 1 second(s)

23-06-2024T13:59:35 - [MESSAGE][PASSED] - Object: 'Object Repository/TabSection/Action' is clicked on

23-06-2024T13:59:36 - [MESSAGE][PASSED] - Delayed 1 second(s)

23-06-2024T13:59:37 - [MESSAGE][PASSED] - Delayed 1 second(s)

23-06-2024T13:59:40 - [MESSAGE][PASSED] - Delayed 3 second(s)

23-06-2024T13:59:40 - [MESSAGE][PASSED] - Taking screenshot successfully
[[ATTACHMENT|D:\\newRCBCProject\\RCBCLOS_Automation\\Reports\\20240623_133212\\PaperbaseFlows\\PaperbaseWithAndWithout\\PreAndPost\\20240623_133220\\Screenshots/PrePost23_06_2401_58_07/Regression23_06_24_01_59_37.jpg]]

23-06-2024T13:59:42 - [MESSAGE][PASSED] - Delayed 2 second(s)

23-06-2024T13:59:42 - [MESSAGE][PASSED] - Object: 'Object Repository/TabSection/Action' is clicked on

23-06-2024T13:59:43 - [MESSAGE][PASSED] - Object 'Object Repository/Action/Decision' is visible

23-06-2024T13:59:52 - [MESSAGE][PASSED] - All options with value 'Submit' are selected in object 'Object Repository/Action/Decision' 

23-06-2024T13:59:53 - [MESSAGE][PASSED] - Text 'OK' is set on object 'Object Repository/Action/Remarks'

23-06-2024T13:59:53 - [MESSAGE][INFO] - LOS-3359

23-06-2024T13:59:54 - [MESSAGE][PASSED] - Object: 'Object Repository/Action/SubmitButton' is clicked on

23-06-2024T13:59:55 - [MESSAGE][PASSED] - Delayed 1 second(s)

23-06-2024T13:59:55 - [MESSAGE][PASSED] - Taking screenshot successfully
[[ATTACHMENT|D:\\newRCBCProject\\RCBCLOS_Automation\\Reports\\20240623_133212\\PaperbaseFlows\\PaperbaseWithAndWithout\\PreAndPost\\20240623_133220\\1719131395358.png]]

23-06-2024T13:59:56 - [MESSAGE][PASSED] - Delayed 1 second(s)

23-06-2024T13:59:57 - [MESSAGE][PASSED] - Delayed 1 second(s)

23-06-2024T14:00:00 - [MESSAGE][PASSED] - Delayed 3 second(s)

23-06-2024T14:00:00 - [MESSAGE][PASSED] - Taking screenshot successfully
[[ATTACHMENT|D:\\newRCBCProject\\RCBCLOS_Automation\\Reports\\20240623_133212\\PaperbaseFlows\\PaperbaseWithAndWithout\\PreAndPost\\20240623_133220\\Screenshots/PrePost23_06_2401_58_07/Regression23_06_24_01_59_57.jpg]]

23-06-2024T14:00:02 - [MESSAGE][PASSED] - Object: 'Object Repository/Action/confirmYes' is clicked on

23-06-2024T14:00:07 - [MESSAGE][PASSED] - Delayed 5 second(s)

23-06-2024T14:00:07 - [MESSAGE][PASSED] - postRelease.PostReleaseSubmit.submit_post_release is PASSED

23-06-2024T14:00:10 - [TEST_STEP][PASSED] - Video: Video recording for test case 'Test Cases/Paper_STPWithAndWithoutAPI/PreAndPostRelease/PostRelease' .

23-06-2024T14:00:10 - [MESSAGE][INFO] - Video recording for test case 'Test Cases/Paper_STPWithAndWithoutAPI/PreAndPostRelease/PostRelease' .]]></system-out>
         <system-err><![CDATA[]]></system-err>
      </testcase>
      <system-out><![CDATA[23-06-2024T13:50:38 - [TEST_SUITE][PASSED] - PreAndPost: Test Cases/Paper_STPWithAndWithoutAPI/PreAndPostRelease/PostRelease]]></system-out>
      <system-err><![CDATA[]]></system-err>
   </testsuite>
</testsuites>
