<?xml version="1.0" encoding="UTF-8"?>
<testsuites name="PaperbasedWithoutComplete" time="1381.65" tests="61" failures="1" errors="0">
   <testsuite name="PaperBasedPortal" tests="7" failures="0" errors="0" time="154.287" skipped="0" timestamp="24-06-2024T11:50:54" hostname="Adarsh.Lohar - QKNBK2037.qkcorp.qualitykiosk.com" id="Test Suites/PaperbaseFlows/PaperbaseWithAndWithout/PaperBasedPortal">
      <properties>
         <property name="deviceName" value=""/>
         <property name="devicePlatform"/>
         <property name="logFolder" value="D:\\newRCBCProject\\RCBCLOS_Automation\\Reports\\20240624_115032\\PaperbaseFlows\\PaperbaseWithAndWithout\\PaperBasedPortal\\20240624_115034"/>
         <property name="logFiles" value="D:\\newRCBCProject\\RCBCLOS_Automation\\Reports\\20240624_115032\\PaperbaseFlows\\PaperbaseWithAndWithout\\PaperBasedPortal\\20240624_115034\\execution0.log"/>
         <property name="attachments" value="D:\\newRCBCProject\\RCBCLOS_Automation\\Reports\\20240624_115032\\PaperbaseFlows\\PaperbaseWithAndWithout\\PaperBasedPortal\\20240624_115034\\Screenshots/Portal24_06_2411_51_12/Regression24_06_24_11_51_13.jpg, D:\\newRCBCProject\\RCBCLOS_Automation\\Reports\\20240624_115032\\PaperbaseFlows\\PaperbaseWithAndWithout\\PaperBasedPortal\\20240624_115034\\Screenshots/Portal24_06_2411_51_12/Regression24_06_24_11_51_21.jpg, D:\\newRCBCProject\\RCBCLOS_Automation\\Reports\\20240624_115032\\PaperbaseFlows\\PaperbaseWithAndWithout\\PaperBasedPortal\\20240624_115034\\Screenshots/Portal24_06_2411_51_12/Regression24_06_24_11_51_28.jpg, D:\\newRCBCProject\\RCBCLOS_Automation\\Reports\\20240624_115032\\PaperbaseFlows\\PaperbaseWithAndWithout\\PaperBasedPortal\\20240624_115034\\Screenshots/Portal24_06_2411_51_12/Regression24_06_24_11_51_38.jpg, D:\\newRCBCProject\\RCBCLOS_Automation\\Reports\\20240624_115032\\PaperbaseFlows\\PaperbaseWithAndWithout\\PaperBasedPortal\\20240624_115034\\Screenshots/Portal24_06_2411_51_12/Regression24_06_24_11_51_56.jpg, D:\\newRCBCProject\\RCBCLOS_Automation\\Reports\\20240624_115032\\PaperbaseFlows\\PaperbaseWithAndWithout\\PaperBasedPortal\\20240624_115034\\Screenshots/Portal24_06_2411_51_12/Regression24_06_24_11_52_02.jpg, D:\\newRCBCProject\\RCBCLOS_Automation\\Reports\\20240624_115032\\PaperbaseFlows\\PaperbaseWithAndWithout\\PaperBasedPortal\\20240624_115034\\Screenshots/Portal24_06_2411_51_12/Regression24_06_24_11_52_23.jpg, D:\\newRCBCProject\\RCBCLOS_Automation\\Reports\\20240624_115032\\PaperbaseFlows\\PaperbaseWithAndWithout\\PaperBasedPortal\\20240624_115034\\Screenshots/Portal24_06_2411_51_12/Regression24_06_24_11_52_43.jpg, D:\\newRCBCProject\\RCBCLOS_Automation\\Reports\\20240624_115032\\PaperbaseFlows\\PaperbaseWithAndWithout\\PaperBasedPortal\\20240624_115034\\Screenshots/Portal24_06_2411_51_12/Regression24_06_24_11_53_02.jpg, D:\\newRCBCProject\\RCBCLOS_Automation\\Reports\\20240624_115032\\PaperbaseFlows\\PaperbaseWithAndWithout\\PaperBasedPortal\\20240624_115034\\Screenshots/Portal24_06_2411_51_12/Regression24_06_24_11_53_10.jpg, D:\\newRCBCProject\\RCBCLOS_Automation\\Reports\\20240624_115032\\PaperbaseFlows\\PaperbaseWithAndWithout\\PaperBasedPortal\\20240624_115034\\Screenshots/Portal24_06_2411_51_12/Regression24_06_24_11_53_22.jpg"/>
         <property name="hostName" value="Adarsh.Lohar - QKNBK2037.qkcorp.qualitykiosk.com"/>
         <property name="os" value="Windows 10 64bit"/>
         <property name="katalonVersion" value="9.5.0.217"/>
         <property name="browser" value="Chrome 126.0.0.0"/>
         <property name="hostAddress" value="10.0.6.210"/>
         <property name="sessionId" value="ca31fd1e54aed13488c1900fcce5bb68"/>
         <property name="seleniumVersion" value="3.141.59"/>
         <property name="proxyInformation" value="ProxyInformation { proxyOption=NO_PROXY, proxyServerType=HTTP, username=, password=********, proxyServerAddress=, proxyServerPort=0, executionList=&quot;&quot;, isApplyToDesiredCapabilities=true }"/>
         <property name="platform" value="Windows 10"/>
      </properties>
      <testcase name="Test Cases/Paper_STPWithAndWithoutAPI/Portal/LoginPage" time="24.667" classname="Test Cases/Paper_STPWithAndWithoutAPI/Portal/LoginPage" status="PASSED">
         <system-out><![CDATA[24-06-2024T11:50:54 - [TEST_CASE][PASSED] - Test Cases/Paper_STPWithAndWithoutAPI/Portal/LoginPage: Test Cases/Paper_STPWithAndWithoutAPI/Portal/LoginPage

24-06-2024T11:50:55 - [TEST_STEP][PASSED] - loginPage.LoginPage.login_Page(): loginPage.LoginPage.login_Page is PASSED

24-06-2024T11:50:56 - [MESSAGE][INFO] - Starting 'Chrome' driver

24-06-2024T11:50:56 - [MESSAGE][INFO] - User set preference: ['args', '[--incognito]']

24-06-2024T11:50:56 - [MESSAGE][INFO] - Action delay is set to 0 milliseconds

24-06-2024T11:51:04 - [MESSAGE][PASSED] - Browser is opened with url: ''

24-06-2024T11:51:04 - [MESSAGE][PASSED] - Current window maximized

24-06-2024T11:51:05 - [MESSAGE][PASSED] - Navigate to 'https://rcbcuat.nonprodnmc.com/LoanPortal' successfully

24-06-2024T11:51:10 - [MESSAGE][PASSED] - Text 'QK_Dealer7' is set on object 'Object Repository/LoginPage/email'

24-06-2024T11:51:11 - [MESSAGE][PASSED] - Text ****** has been set on object 'Object Repository/LoginPage/password'

24-06-2024T11:51:12 - [MESSAGE][PASSED] - Delayed 1 second(s)

24-06-2024T11:51:13 - [MESSAGE][PASSED] - Delayed 1 second(s)

24-06-2024T11:51:14 - [MESSAGE][PASSED] - Delayed 1 second(s)

24-06-2024T11:51:14 - [MESSAGE][PASSED] - Taking screenshot successfully
[[ATTACHMENT|D:\\newRCBCProject\\RCBCLOS_Automation\\Reports\\20240624_115032\\PaperbaseFlows\\PaperbaseWithAndWithout\\PaperBasedPortal\\20240624_115034\\Screenshots/Portal24_06_2411_51_12/Regression24_06_24_11_51_13.jpg]]

24-06-2024T11:51:15 - [MESSAGE][PASSED] - Object: 'Object Repository/LoginPage/log_in' is clicked on

24-06-2024T11:51:17 - [MESSAGE][PASSED] - Object 'Object Repository/HomePage/Auto_Loan_Portal' is present

24-06-2024T11:51:17 - [MESSAGE][INFO] - We are in Home Page

24-06-2024T11:51:17 - [MESSAGE][PASSED] - loginPage.LoginPage.login_Page is PASSED

24-06-2024T11:51:19 - [TEST_STEP][PASSED] - Video: Video recording for test case 'Test Cases/Paper_STPWithAndWithoutAPI/Portal/LoginPage' .

24-06-2024T11:51:19 - [MESSAGE][INFO] - Video recording for test case 'Test Cases/Paper_STPWithAndWithoutAPI/Portal/LoginPage' .]]></system-out>
         <system-err><![CDATA[]]></system-err>
      </testcase>
      <testcase name="Test Cases/Paper_STPWithAndWithoutAPI/Portal/HomePage" time="6.433" classname="Test Cases/Paper_STPWithAndWithoutAPI/Portal/HomePage" status="PASSED">
         <system-out><![CDATA[24-06-2024T11:51:19 - [TEST_CASE][PASSED] - Test Cases/Paper_STPWithAndWithoutAPI/Portal/HomePage: Test Cases/Paper_STPWithAndWithoutAPI/Portal/HomePage

24-06-2024T11:51:19 - [TEST_STEP][PASSED] - homePage.homePage.homepage(): homePage.homePage.homepage is PASSED

24-06-2024T11:51:20 - [MESSAGE][PASSED] - Wait for page load successfully

24-06-2024T11:51:20 - [MESSAGE][PASSED] - Text 'What system would you like to access?' is present on page 

24-06-2024T11:51:20 - [MESSAGE][PASSED] - Object 'Object Repository/HomePage/ManageLoans' is clickable

24-06-2024T11:51:20 - [MESSAGE][PASSED] - Object 'Object Repository/SignOutButton/exitIcon' is clickable

24-06-2024T11:51:21 - [MESSAGE][PASSED] - Delayed 1 second(s)

24-06-2024T11:51:22 - [MESSAGE][PASSED] - Delayed 1 second(s)

24-06-2024T11:51:23 - [MESSAGE][PASSED] - Taking screenshot successfully
[[ATTACHMENT|D:\\newRCBCProject\\RCBCLOS_Automation\\Reports\\20240624_115032\\PaperbaseFlows\\PaperbaseWithAndWithout\\PaperBasedPortal\\20240624_115034\\Screenshots/Portal24_06_2411_51_12/Regression24_06_24_11_51_21.jpg]]

24-06-2024T11:51:23 - [MESSAGE][PASSED] - Object: 'Object Repository/HomePage/Auto_Loan_Portal' is clicked on

24-06-2024T11:51:23 - [MESSAGE][PASSED] - Object 'Object Repository/ModeOfApplication/digitalApplication' is present

24-06-2024T11:51:23 - [MESSAGE][INFO] - We are getting two options

24-06-2024T11:51:23 - [MESSAGE][PASSED] - homePage.homePage.homepage is PASSED

24-06-2024T11:51:26 - [TEST_STEP][PASSED] - Video: Video recording for test case 'Test Cases/Paper_STPWithAndWithoutAPI/Portal/HomePage' .

24-06-2024T11:51:26 - [MESSAGE][INFO] - Video recording for test case 'Test Cases/Paper_STPWithAndWithoutAPI/Portal/HomePage' .]]></system-out>
         <system-err><![CDATA[]]></system-err>
      </testcase>
      <testcase name="Test Cases/Paper_STPWithAndWithoutAPI/Portal/SelectPaperBased" time="10.487" classname="Test Cases/Paper_STPWithAndWithoutAPI/Portal/SelectPaperBased" status="PASSED">
         <system-out><![CDATA[24-06-2024T11:51:26 - [TEST_CASE][PASSED] - Test Cases/Paper_STPWithAndWithoutAPI/Portal/SelectPaperBased: Test Cases/Paper_STPWithAndWithoutAPI/Portal/SelectPaperBased

24-06-2024T11:51:26 - [TEST_STEP][PASSED] - paperBasedPortal.SelectPaperBased.paperBased(): paperBasedPortal.SelectPaperBased.paperBased is PASSED

24-06-2024T11:51:27 - [MESSAGE][PASSED] - Delayed 1 second(s)

24-06-2024T11:51:28 - [MESSAGE][PASSED] - Delayed 1 second(s)

24-06-2024T11:51:29 - [MESSAGE][PASSED] - Delayed 1 second(s)

24-06-2024T11:51:29 - [MESSAGE][PASSED] - Taking screenshot successfully
[[ATTACHMENT|D:\\newRCBCProject\\RCBCLOS_Automation\\Reports\\20240624_115032\\PaperbaseFlows\\PaperbaseWithAndWithout\\PaperBasedPortal\\20240624_115034\\Screenshots/Portal24_06_2411_51_12/Regression24_06_24_11_51_28.jpg]]

24-06-2024T11:51:34 - [MESSAGE][PASSED] - Object: 'Object Repository/ModeOfApplication/paperBased' is clicked on

24-06-2024T11:51:34 - [MESSAGE][PASSED] - paperBasedPortal.SelectPaperBased.paperBased is PASSED

24-06-2024T11:51:36 - [TEST_STEP][PASSED] - Video: Video recording for test case 'Test Cases/Paper_STPWithAndWithoutAPI/Portal/SelectPaperBased' .

24-06-2024T11:51:36 - [MESSAGE][INFO] - Video recording for test case 'Test Cases/Paper_STPWithAndWithoutAPI/Portal/SelectPaperBased' .]]></system-out>
         <system-err><![CDATA[]]></system-err>
      </testcase>
      <testcase name="Test Cases/Paper_STPWithAndWithoutAPI/Portal/LetsgetStarted" time="13.115" classname="Test Cases/Paper_STPWithAndWithoutAPI/Portal/LetsgetStarted" status="PASSED">
         <system-out><![CDATA[24-06-2024T11:51:36 - [TEST_CASE][PASSED] - Test Cases/Paper_STPWithAndWithoutAPI/Portal/LetsgetStarted: Test Cases/Paper_STPWithAndWithoutAPI/Portal/LetsgetStarted

24-06-2024T11:51:36 - [TEST_STEP][PASSED] - paperBasedPortal.letsGetStarted.letsGetStartedBtnFun(): paperBasedPortal.letsGetStarted.letsGetStartedBtnFun is PASSED

24-06-2024T11:51:37 - [MESSAGE][PASSED] - Delayed 1 second(s)

24-06-2024T11:51:38 - [MESSAGE][PASSED] - Delayed 1 second(s)

24-06-2024T11:51:39 - [MESSAGE][PASSED] - Delayed 1 second(s)

24-06-2024T11:51:40 - [MESSAGE][PASSED] - Taking screenshot successfully
[[ATTACHMENT|D:\\newRCBCProject\\RCBCLOS_Automation\\Reports\\20240624_115032\\PaperbaseFlows\\PaperbaseWithAndWithout\\PaperBasedPortal\\20240624_115034\\Screenshots/Portal24_06_2411_51_12/Regression24_06_24_11_51_38.jpg]]

24-06-2024T11:51:45 - [MESSAGE][PASSED] - Object: 'Object Repository/LetsGetStarted/lets_get_started' is clicked on

24-06-2024T11:51:47 - [MESSAGE][PASSED] - Delayed 2 second(s)

24-06-2024T11:51:47 - [MESSAGE][PASSED] - paperBasedPortal.letsGetStarted.letsGetStartedBtnFun is PASSED

24-06-2024T11:51:49 - [TEST_STEP][PASSED] - Video: Video recording for test case 'Test Cases/Paper_STPWithAndWithoutAPI/Portal/LetsgetStarted' .

24-06-2024T11:51:49 - [MESSAGE][INFO] - Video recording for test case 'Test Cases/Paper_STPWithAndWithoutAPI/Portal/LetsgetStarted' .]]></system-out>
         <system-err><![CDATA[]]></system-err>
      </testcase>
      <testcase name="Test Cases/Paper_STPWithAndWithoutAPI/Portal/BorrowerDetail" time="17.825" classname="Test Cases/Paper_STPWithAndWithoutAPI/Portal/BorrowerDetail" status="PASSED">
         <system-out><![CDATA[24-06-2024T11:51:49 - [TEST_CASE][PASSED] - Test Cases/Paper_STPWithAndWithoutAPI/Portal/BorrowerDetail: Test Cases/Paper_STPWithAndWithoutAPI/Portal/BorrowerDetail

24-06-2024T11:51:50 - [TEST_STEP][PASSED] - paperBasedPortal.Borrower_Detail.borrower_Details(fst_Name, mid_Name, lst_Name, email, mob_Num, date, maritalStatus, suffix, residence): paperBasedPortal.Borrower_Detail.borrower_Details is PASSED

24-06-2024T11:51:50 - [MESSAGE][PASSED] - Wait for page load successfully

24-06-2024T11:51:51 - [MESSAGE][PASSED] - Text 'virattXOI' is set on object 'Object Repository/Borrower_Details/first_Name'

24-06-2024T11:51:52 - [MESSAGE][PASSED] - Text 'sudhakarrXOI' is set on object 'Object Repository/Borrower_Details/middle_Name'

24-06-2024T11:51:52 - [MESSAGE][PASSED] - Text 'kohliiXOI' is set on object 'Object Repository/Borrower_Details/last_Name'

24-06-2024T11:51:53 - [MESSAGE][PASSED] - All options with value 'SF2' are selected in object 'Object Repository/Borrower_Details/suffix'  using regular expression

24-06-2024T11:51:54 - [MESSAGE][PASSED] - All options with value 'M' are selected in object 'Object Repository/Borrower_Details/marital_Status' 

24-06-2024T11:51:55 - [MESSAGE][PASSED] - Delayed 1 second(s)

24-06-2024T11:51:56 - [MESSAGE][PASSED] - Delayed 1 second(s)

24-06-2024T11:51:57 - [MESSAGE][PASSED] - Delayed 1 second(s)

24-06-2024T11:51:57 - [MESSAGE][PASSED] - Taking screenshot successfully
[[ATTACHMENT|D:\\newRCBCProject\\RCBCLOS_Automation\\Reports\\20240624_115032\\PaperbaseFlows\\PaperbaseWithAndWithout\\PaperBasedPortal\\20240624_115034\\Screenshots/Portal24_06_2411_51_12/Regression24_06_24_11_51_56.jpg]]

24-06-2024T11:51:58 - [MESSAGE][PASSED] - Text 'bond@gmail.com' is set on object 'Object Repository/Borrower_Details/email'

24-06-2024T11:51:58 - [MESSAGE][PASSED] - Text '(63) 9356986587' is set on object 'Object Repository/Borrower_Details/mobile_Number'

24-06-2024T11:52:00 - [MESSAGE][PASSED] - Delayed 2 second(s)

24-06-2024T11:52:00 - [MESSAGE][PASSED] - Current window's title is: 'Portal_PB : LOS-3370'

24-06-2024T11:52:00 - [MESSAGE][INFO] - LOS-3370

24-06-2024T11:52:01 - [MESSAGE][PASSED] - Delayed 1 second(s)

24-06-2024T11:52:02 - [MESSAGE][PASSED] - Delayed 1 second(s)

24-06-2024T11:52:03 - [MESSAGE][PASSED] - Delayed 1 second(s)

24-06-2024T11:52:04 - [MESSAGE][PASSED] - Taking screenshot successfully
[[ATTACHMENT|D:\\newRCBCProject\\RCBCLOS_Automation\\Reports\\20240624_115032\\PaperbaseFlows\\PaperbaseWithAndWithout\\PaperBasedPortal\\20240624_115034\\Screenshots/Portal24_06_2411_51_12/Regression24_06_24_11_52_02.jpg]]

24-06-2024T11:52:05 - [MESSAGE][PASSED] - Object: 'Object Repository/Borrower_Details/continue' is clicked on

24-06-2024T11:52:05 - [MESSAGE][PASSED] - paperBasedPortal.Borrower_Detail.borrower_Details is PASSED

24-06-2024T11:52:07 - [TEST_STEP][PASSED] - Video: Video recording for test case 'Test Cases/Paper_STPWithAndWithoutAPI/Portal/BorrowerDetail' .

24-06-2024T11:52:07 - [MESSAGE][INFO] - Video recording for test case 'Test Cases/Paper_STPWithAndWithoutAPI/Portal/BorrowerDetail' .]]></system-out>
         <system-err><![CDATA[]]></system-err>
      </testcase>
      <testcase name="Test Cases/Paper_STPWithAndWithoutAPI/Portal/DocumentUploadPage" time="69.303" classname="Test Cases/Paper_STPWithAndWithoutAPI/Portal/DocumentUploadPage" status="PASSED">
         <system-out><![CDATA[24-06-2024T11:52:07 - [TEST_CASE][PASSED] - Test Cases/Paper_STPWithAndWithoutAPI/Portal/DocumentUploadPage: Test Cases/Paper_STPWithAndWithoutAPI/Portal/DocumentUploadPage

24-06-2024T11:52:07 - [TEST_STEP][PASSED] - paperBasedPortal.UploadYourDocuments.uploadYourDocumentsPage(): paperBasedPortal.UploadYourDocuments.uploadYourDocumentsPage is PASSED

24-06-2024T11:52:10 - [MESSAGE][PASSED] - Current window's index is: 0

24-06-2024T11:52:10 - [MESSAGE][PASSED] - Current window's title is: 'Portal_PB : LOS-3370'

24-06-2024T11:52:11 - [MESSAGE][PASSED] - All options with index in [1] are selected on object 'Object Repository/UploadYourDocuments/validId_selectIdType'

24-06-2024T11:52:12 - [MESSAGE][PASSED] - Object: 'Object Repository/UploadYourDocuments/uploadFile_Btn' is clicked on

24-06-2024T11:52:13 - [MESSAGE][PASSED] - Delayed 1 second(s)

24-06-2024T11:52:13 - [MESSAGE][PASSED] - Switched to window with index: '1'

24-06-2024T11:52:14 - [MESSAGE][PASSED] - Delayed 1 second(s)

24-06-2024T11:52:14 - [MESSAGE][PASSED] - File 'D:\newRCBCProject\RCBCLOS_Automation\Document\Katalon_WebObjects.pdf' sent to object: 'Object Repository/UploadYourDocuments/browseFile'

24-06-2024T11:52:15 - [MESSAGE][PASSED] - Delayed 1 second(s)

24-06-2024T11:52:15 - [MESSAGE][PASSED] - Object: 'Object Repository/UploadYourDocuments/ValidID/documentType' is clicked on

24-06-2024T11:52:16 - [MESSAGE][PASSED] - All options with value 'ID Type Documents' are selected in object 'Object Repository/UploadYourDocuments/ValidID/documentType' 

24-06-2024T11:52:17 - [MESSAGE][PASSED] - Object: 'Object Repository/UploadYourDocuments/ValidID/uploadBtn' is clicked on

24-06-2024T11:52:20 - [MESSAGE][PASSED] - Delayed 3 second(s)

24-06-2024T11:52:20 - [MESSAGE][PASSED] - Window with index 1 is closed

24-06-2024T11:52:21 - [MESSAGE][PASSED] - Object: 'Object Repository/UploadYourDocuments/IdDocViewButton' is clicked on

24-06-2024T11:52:21 - [MESSAGE][PASSED] - Switched to window with index: '1'

24-06-2024T11:52:22 - [MESSAGE][PASSED] - Delayed 1 second(s)

24-06-2024T11:52:23 - [MESSAGE][PASSED] - Delayed 1 second(s)

24-06-2024T11:52:24 - [MESSAGE][PASSED] - Delayed 1 second(s)

24-06-2024T11:52:24 - [MESSAGE][PASSED] - Taking screenshot successfully
[[ATTACHMENT|D:\\newRCBCProject\\RCBCLOS_Automation\\Reports\\20240624_115032\\PaperbaseFlows\\PaperbaseWithAndWithout\\PaperBasedPortal\\20240624_115034\\Screenshots/Portal24_06_2411_51_12/Regression24_06_24_11_52_23.jpg]]

24-06-2024T11:52:29 - [MESSAGE][PASSED] - Delayed 5 second(s)

24-06-2024T11:52:29 - [MESSAGE][PASSED] - Window with index 1 is closed

24-06-2024T11:52:30 - [MESSAGE][PASSED] - All options with index in [1] are selected on object 'Object Repository/UploadYourDocuments/incomeDocument_selectIdType'

24-06-2024T11:52:31 - [MESSAGE][PASSED] - Delayed 1 second(s)

24-06-2024T11:52:32 - [MESSAGE][PASSED] - Object: 'Object Repository/UploadYourDocuments/uploadFile_Btn1' is clicked on

24-06-2024T11:52:33 - [MESSAGE][PASSED] - Delayed 1 second(s)

24-06-2024T11:52:33 - [MESSAGE][PASSED] - Switched to window with index: '1'

24-06-2024T11:52:34 - [MESSAGE][PASSED] - Delayed 1 second(s)

24-06-2024T11:52:34 - [MESSAGE][PASSED] - File 'D:\newRCBCProject\RCBCLOS_Automation\Document\Katalon_WebObjects.pdf' sent to object: 'Object Repository/UploadYourDocuments/browseFile'

24-06-2024T11:52:35 - [MESSAGE][PASSED] - Delayed 1 second(s)

24-06-2024T11:52:35 - [MESSAGE][PASSED] - Object: 'Object Repository/UploadYourDocuments/ValidID/documentType' is clicked on

24-06-2024T11:52:36 - [MESSAGE][PASSED] - All options with value 'Income Documents' are selected in object 'Object Repository/UploadYourDocuments/ValidID/documentType' 

24-06-2024T11:52:36 - [MESSAGE][PASSED] - Object: 'Object Repository/UploadYourDocuments/ValidID/uploadBtn' is clicked on

24-06-2024T11:52:39 - [MESSAGE][PASSED] - Delayed 3 second(s)

24-06-2024T11:52:39 - [MESSAGE][PASSED] - Window with index 1 is closed

24-06-2024T11:52:41 - [MESSAGE][PASSED] - Object: 'Object Repository/UploadYourDocuments/IncomeDocViewBtn' is clicked on

24-06-2024T11:52:41 - [MESSAGE][PASSED] - Switched to window with index: '1'

24-06-2024T11:52:42 - [MESSAGE][PASSED] - Delayed 1 second(s)

24-06-2024T11:52:43 - [MESSAGE][PASSED] - Delayed 1 second(s)

24-06-2024T11:52:44 - [MESSAGE][PASSED] - Delayed 1 second(s)

24-06-2024T11:52:44 - [MESSAGE][PASSED] - Taking screenshot successfully
[[ATTACHMENT|D:\\newRCBCProject\\RCBCLOS_Automation\\Reports\\20240624_115032\\PaperbaseFlows\\PaperbaseWithAndWithout\\PaperBasedPortal\\20240624_115034\\Screenshots/Portal24_06_2411_51_12/Regression24_06_24_11_52_43.jpg]]

24-06-2024T11:52:49 - [MESSAGE][PASSED] - Delayed 5 second(s)

24-06-2024T11:52:49 - [MESSAGE][PASSED] - Window with index 1 is closed

24-06-2024T11:52:49 - [MESSAGE][PASSED] - Scroll to object 'Object Repository/UploadYourDocuments/nextBtn' successfully

24-06-2024T11:52:50 - [MESSAGE][PASSED] - Delayed 1 second(s)

24-06-2024T11:52:52 - [MESSAGE][PASSED] - Object: 'Object Repository/UploadYourDocuments/uploadFile_Btn2' is clicked on

24-06-2024T11:52:53 - [MESSAGE][PASSED] - Delayed 1 second(s)

24-06-2024T11:52:53 - [MESSAGE][PASSED] - Switched to window with index: '1'

24-06-2024T11:52:54 - [MESSAGE][PASSED] - Delayed 1 second(s)

24-06-2024T11:52:54 - [MESSAGE][PASSED] - File 'D:\newRCBCProject\RCBCLOS_Automation\Document\Katalon_WebObjects.pdf' sent to object: 'Object Repository/UploadYourDocuments/browseFile'

24-06-2024T11:52:55 - [MESSAGE][PASSED] - Delayed 1 second(s)

24-06-2024T11:52:55 - [MESSAGE][PASSED] - Object: 'Object Repository/UploadYourDocuments/ValidID/documentType' is clicked on

24-06-2024T11:52:56 - [MESSAGE][PASSED] - All options with value 'Loan Application Documents' are selected in object 'Object Repository/UploadYourDocuments/ValidID/documentType' 

24-06-2024T11:52:56 - [MESSAGE][PASSED] - Object: 'Object Repository/UploadYourDocuments/ValidID/uploadBtn' is clicked on

24-06-2024T11:52:59 - [MESSAGE][PASSED] - Delayed 3 second(s)

24-06-2024T11:52:59 - [MESSAGE][PASSED] - Window with index 1 is closed

24-06-2024T11:53:00 - [MESSAGE][PASSED] - Object: 'Object Repository/UploadYourDocuments/LoanApplicationDocViewBtn' is clicked on

24-06-2024T11:53:00 - [MESSAGE][PASSED] - Switched to window with index: '1'

24-06-2024T11:53:01 - [MESSAGE][PASSED] - Delayed 1 second(s)

24-06-2024T11:53:02 - [MESSAGE][PASSED] - Delayed 1 second(s)

24-06-2024T11:53:03 - [MESSAGE][PASSED] - Delayed 1 second(s)

24-06-2024T11:53:03 - [MESSAGE][PASSED] - Taking screenshot successfully
[[ATTACHMENT|D:\\newRCBCProject\\RCBCLOS_Automation\\Reports\\20240624_115032\\PaperbaseFlows\\PaperbaseWithAndWithout\\PaperBasedPortal\\20240624_115034\\Screenshots/Portal24_06_2411_51_12/Regression24_06_24_11_53_02.jpg]]

24-06-2024T11:53:08 - [MESSAGE][PASSED] - Delayed 5 second(s)

24-06-2024T11:53:08 - [MESSAGE][PASSED] - Window with index 1 is closed

24-06-2024T11:53:09 - [MESSAGE][PASSED] - Delayed 1 second(s)

24-06-2024T11:53:10 - [MESSAGE][PASSED] - Delayed 1 second(s)

24-06-2024T11:53:11 - [MESSAGE][PASSED] - Delayed 1 second(s)

24-06-2024T11:53:12 - [MESSAGE][PASSED] - Taking screenshot successfully
[[ATTACHMENT|D:\\newRCBCProject\\RCBCLOS_Automation\\Reports\\20240624_115032\\PaperbaseFlows\\PaperbaseWithAndWithout\\PaperBasedPortal\\20240624_115034\\Screenshots/Portal24_06_2411_51_12/Regression24_06_24_11_53_10.jpg]]

24-06-2024T11:53:12 - [MESSAGE][PASSED] - Object 'Object Repository/UploadYourDocuments/backBtn' is clickable

24-06-2024T11:53:14 - [MESSAGE][PASSED] - Object: 'Object Repository/UploadYourDocuments/nextBtn' is clicked on

24-06-2024T11:53:14 - [MESSAGE][PASSED] - paperBasedPortal.UploadYourDocuments.uploadYourDocumentsPage is PASSED

24-06-2024T11:53:16 - [TEST_STEP][PASSED] - Video: Video recording for test case 'Test Cases/Paper_STPWithAndWithoutAPI/Portal/DocumentUploadPage' .

24-06-2024T11:53:16 - [MESSAGE][INFO] - Video recording for test case 'Test Cases/Paper_STPWithAndWithoutAPI/Portal/DocumentUploadPage' .]]></system-out>
         <system-err><![CDATA[]]></system-err>
      </testcase>
      <testcase name="Test Cases/Paper_STPWithAndWithoutAPI/Portal/SubmitPageForBackOffice" time="11.922" classname="Test Cases/Paper_STPWithAndWithoutAPI/Portal/SubmitPageForBackOffice" status="PASSED">
         <system-out><![CDATA[24-06-2024T11:53:17 - [TEST_CASE][PASSED] - Test Cases/Paper_STPWithAndWithoutAPI/Portal/SubmitPageForBackOffice: Test Cases/Paper_STPWithAndWithoutAPI/Portal/SubmitPageForBackOffice

24-06-2024T11:53:17 - [TEST_STEP][PASSED] - paperBasedPortal.SubmitPage.proceedToPreReleaseFun(): paperBasedPortal.SubmitPage.proceedToPreReleaseFun is PASSED

24-06-2024T11:53:17 - [MESSAGE][PASSED] - Wait for page load successfully

24-06-2024T11:53:18 - [MESSAGE][PASSED] - Object 'Object Repository/SubmitPage/submitPageNSTP' is present

24-06-2024T11:53:20 - [MESSAGE][PASSED] - Delayed 2 second(s)

24-06-2024T11:53:21 - [MESSAGE][PASSED] - Delayed 1 second(s)

24-06-2024T11:53:22 - [MESSAGE][PASSED] - Delayed 1 second(s)

24-06-2024T11:53:23 - [MESSAGE][PASSED] - Delayed 1 second(s)

24-06-2024T11:53:23 - [MESSAGE][PASSED] - Taking screenshot successfully
[[ATTACHMENT|D:\\newRCBCProject\\RCBCLOS_Automation\\Reports\\20240624_115032\\PaperbaseFlows\\PaperbaseWithAndWithout\\PaperBasedPortal\\20240624_115034\\Screenshots/Portal24_06_2411_51_12/Regression24_06_24_11_53_22.jpg]]

24-06-2024T11:53:25 - [MESSAGE][PASSED] - Delayed 2 second(s)

24-06-2024T11:53:25 - [MESSAGE][PASSED] - Object 'Object Repository/SubmitPage/paperBasedSubmitGoToBackOffice' is clickable

24-06-2024T11:53:25 - [MESSAGE][PASSED] - Object: 'Object Repository/SubmitPage/paperBasedSubmitGoToBackOffice' is clicked on

24-06-2024T11:53:26 - [MESSAGE][PASSED] - Delayed 1 second(s)

24-06-2024T11:53:26 - [MESSAGE][PASSED] - paperBasedPortal.SubmitPage.proceedToPreReleaseFun is PASSED

24-06-2024T11:53:28 - [TEST_STEP][PASSED] - Video: Video recording for test case 'Test Cases/Paper_STPWithAndWithoutAPI/Portal/SubmitPageForBackOffice' .

24-06-2024T11:53:28 - [MESSAGE][INFO] - Video recording for test case 'Test Cases/Paper_STPWithAndWithoutAPI/Portal/SubmitPageForBackOffice' .]]></system-out>
         <system-err><![CDATA[]]></system-err>
      </testcase>
      <system-out><![CDATA[24-06-2024T11:50:54 - [TEST_SUITE][PASSED] - PaperBasedPortal: Test Cases/Paper_STPWithAndWithoutAPI/Portal/SubmitPageForBackOffice]]></system-out>
      <system-err><![CDATA[]]></system-err>
   </testsuite>
   <testsuite name="EncoderForWithout" tests="13" failures="1" errors="0" time="455.899" skipped="0" timestamp="24-06-2024T11:53:38" hostname="Adarsh.Lohar - QKNBK2037.qkcorp.qualitykiosk.com" id="Test Suites/PaperbaseFlows/PaperbaseWithAndWithout/EncoderForWithout">
      <properties>
         <property name="deviceName" value=""/>
         <property name="devicePlatform"/>
         <property name="logFolder" value="D:\\newRCBCProject\\RCBCLOS_Automation\\Reports\\20240624_115032\\PaperbaseFlows\\PaperbaseWithAndWithout\\EncoderForWithout\\20240624_115037"/>
         <property name="logFiles" value="D:\\newRCBCProject\\RCBCLOS_Automation\\Reports\\20240624_115032\\PaperbaseFlows\\PaperbaseWithAndWithout\\EncoderForWithout\\20240624_115037\\execution0.log"/>
         <property name="attachments" value="D:\\newRCBCProject\\RCBCLOS_Automation\\Reports\\20240624_115032\\PaperbaseFlows\\PaperbaseWithAndWithout\\EncoderForWithout\\20240624_115037\\Screenshots/Encoder24_06_2411_53_48/Regression24_06_24_11_53_49.jpg, D:\\newRCBCProject\\RCBCLOS_Automation\\Reports\\20240624_115032\\PaperbaseFlows\\PaperbaseWithAndWithout\\EncoderForWithout\\20240624_115037\\Screenshots/Encoder24_06_2411_53_48/Regression24_06_24_11_54_10.jpg, D:\\newRCBCProject\\RCBCLOS_Automation\\Reports\\20240624_115032\\PaperbaseFlows\\PaperbaseWithAndWithout\\EncoderForWithout\\20240624_115037\\Screenshots/Encoder24_06_2411_53_48/Regression24_06_24_11_54_15.jpg, D:\\newRCBCProject\\RCBCLOS_Automation\\Reports\\20240624_115032\\PaperbaseFlows\\PaperbaseWithAndWithout\\EncoderForWithout\\20240624_115037\\Screenshots/Encoder24_06_2411_53_48/Regression24_06_24_11_54_20.jpg, D:\\newRCBCProject\\RCBCLOS_Automation\\Reports\\20240624_115032\\PaperbaseFlows\\PaperbaseWithAndWithout\\EncoderForWithout\\20240624_115037\\Screenshots/Encoder24_06_2411_53_48/Regression24_06_24_11_54_36.jpg, D:\\newRCBCProject\\RCBCLOS_Automation\\Reports\\20240624_115032\\PaperbaseFlows\\PaperbaseWithAndWithout\\EncoderForWithout\\20240624_115037\\Screenshots/Encoder24_06_2411_53_48/Regression24_06_24_11_54_46.jpg, D:\\newRCBCProject\\RCBCLOS_Automation\\Reports\\20240624_115032\\PaperbaseFlows\\PaperbaseWithAndWithout\\EncoderForWithout\\20240624_115037\\Screenshots/Encoder24_06_2411_53_48/Regression24_06_24_11_54_52.jpg, D:\\newRCBCProject\\RCBCLOS_Automation\\Reports\\20240624_115032\\PaperbaseFlows\\PaperbaseWithAndWithout\\EncoderForWithout\\20240624_115037\\Screenshots/Encoder24_06_2411_53_48/Regression24_06_24_11_54_56.jpg, D:\\newRCBCProject\\RCBCLOS_Automation\\Reports\\20240624_115032\\PaperbaseFlows\\PaperbaseWithAndWithout\\EncoderForWithout\\20240624_115037\\Screenshots/Encoder24_06_2411_53_48/Regression24_06_24_11_55_04.jpg, D:\\newRCBCProject\\RCBCLOS_Automation\\Reports\\20240624_115032\\PaperbaseFlows\\PaperbaseWithAndWithout\\EncoderForWithout\\20240624_115037\\Screenshots/Encoder24_06_2411_53_48/Regression24_06_24_11_55_17.jpg, D:\\newRCBCProject\\RCBCLOS_Automation\\Reports\\20240624_115032\\PaperbaseFlows\\PaperbaseWithAndWithout\\EncoderForWithout\\20240624_115037\\Screenshots/Encoder24_06_2411_53_48/Regression24_06_24_11_55_24.jpg, D:\\newRCBCProject\\RCBCLOS_Automation\\Reports\\20240624_115032\\PaperbaseFlows\\PaperbaseWithAndWithout\\EncoderForWithout\\20240624_115037\\Screenshots/Encoder24_06_2411_53_48/Regression24_06_24_11_55_29.jpg, D:\\newRCBCProject\\RCBCLOS_Automation\\Reports\\20240624_115032\\PaperbaseFlows\\PaperbaseWithAndWithout\\EncoderForWithout\\20240624_115037\\Screenshots/Encoder24_06_2411_53_48/Regression24_06_24_11_55_33.jpg, D:\\newRCBCProject\\RCBCLOS_Automation\\Reports\\20240624_115032\\PaperbaseFlows\\PaperbaseWithAndWithout\\EncoderForWithout\\20240624_115037\\Screenshots/Encoder24_06_2411_53_48/Regression24_06_24_11_55_57.jpg, D:\\newRCBCProject\\RCBCLOS_Automation\\Reports\\20240624_115032\\PaperbaseFlows\\PaperbaseWithAndWithout\\EncoderForWithout\\20240624_115037\\Screenshots/Encoder24_06_2411_53_48/Regression24_06_24_11_56_08.jpg, D:\\newRCBCProject\\RCBCLOS_Automation\\Reports\\20240624_115032\\PaperbaseFlows\\PaperbaseWithAndWithout\\EncoderForWithout\\20240624_115037\\Screenshots/Encoder24_06_2411_53_48/Regression24_06_24_11_56_26.jpg, D:\\newRCBCProject\\RCBCLOS_Automation\\Reports\\20240624_115032\\PaperbaseFlows\\PaperbaseWithAndWithout\\EncoderForWithout\\20240624_115037\\Screenshots/Encoder24_06_2411_53_48/Regression24_06_24_11_56_31.jpg, D:\\newRCBCProject\\RCBCLOS_Automation\\Reports\\20240624_115032\\PaperbaseFlows\\PaperbaseWithAndWithout\\EncoderForWithout\\20240624_115037\\Screenshots/Encoder24_06_2411_53_48/Regression24_06_24_11_56_40.jpg, D:\\newRCBCProject\\RCBCLOS_Automation\\Reports\\20240624_115032\\PaperbaseFlows\\PaperbaseWithAndWithout\\EncoderForWithout\\20240624_115037\\Screenshots/Encoder24_06_2411_53_48/Regression24_06_24_11_56_46.jpg, D:\\newRCBCProject\\RCBCLOS_Automation\\Reports\\20240624_115032\\PaperbaseFlows\\PaperbaseWithAndWithout\\EncoderForWithout\\20240624_115037\\Screenshots/Encoder24_06_2411_53_48/Regression24_06_24_11_56_51.jpg, D:\\newRCBCProject\\RCBCLOS_Automation\\Reports\\20240624_115032\\PaperbaseFlows\\PaperbaseWithAndWithout\\EncoderForWithout\\20240624_115037\\Screenshots/Encoder24_06_2411_53_48/Regression24_06_24_11_56_59.jpg, D:\\newRCBCProject\\RCBCLOS_Automation\\Reports\\20240624_115032\\PaperbaseFlows\\PaperbaseWithAndWithout\\EncoderForWithout\\20240624_115037\\Screenshots/Encoder24_06_2411_53_48/Regression24_06_24_11_57_08.jpg, D:\\newRCBCProject\\RCBCLOS_Automation\\Reports\\20240624_115032\\PaperbaseFlows\\PaperbaseWithAndWithout\\EncoderForWithout\\20240624_115037\\Screenshots/Encoder24_06_2411_53_48/Regression24_06_24_11_57_15.jpg, D:\\newRCBCProject\\RCBCLOS_Automation\\Reports\\20240624_115032\\PaperbaseFlows\\PaperbaseWithAndWithout\\EncoderForWithout\\20240624_115037\\Screenshots/Encoder24_06_2411_53_48/Regression24_06_24_11_57_21.jpg, D:\\newRCBCProject\\RCBCLOS_Automation\\Reports\\20240624_115032\\PaperbaseFlows\\PaperbaseWithAndWithout\\EncoderForWithout\\20240624_115037\\Screenshots/Encoder24_06_2411_53_48/Regression24_06_24_11_57_29.jpg, D:\\newRCBCProject\\RCBCLOS_Automation\\Reports\\20240624_115032\\PaperbaseFlows\\PaperbaseWithAndWithout\\EncoderForWithout\\20240624_115037\\Screenshots/Encoder24_06_2411_53_48/Regression24_06_24_11_57_35.jpg, D:\\newRCBCProject\\RCBCLOS_Automation\\Reports\\20240624_115032\\PaperbaseFlows\\PaperbaseWithAndWithout\\EncoderForWithout\\20240624_115037\\Screenshots/Encoder24_06_2411_53_48/Regression24_06_24_11_57_42.jpg, D:\\newRCBCProject\\RCBCLOS_Automation\\Reports\\20240624_115032\\PaperbaseFlows\\PaperbaseWithAndWithout\\EncoderForWithout\\20240624_115037\\Screenshots/Encoder24_06_2411_53_48/Regression24_06_24_11_57_48.jpg, D:\\newRCBCProject\\RCBCLOS_Automation\\Reports\\20240624_115032\\PaperbaseFlows\\PaperbaseWithAndWithout\\EncoderForWithout\\20240624_115037\\Screenshots/Encoder24_06_2411_53_48/Regression24_06_24_11_57_55.jpg, D:\\newRCBCProject\\RCBCLOS_Automation\\Reports\\20240624_115032\\PaperbaseFlows\\PaperbaseWithAndWithout\\EncoderForWithout\\20240624_115037\\Screenshots/Encoder24_06_2411_53_48/Regression24_06_24_11_58_04.jpg, D:\\newRCBCProject\\RCBCLOS_Automation\\Reports\\20240624_115032\\PaperbaseFlows\\PaperbaseWithAndWithout\\EncoderForWithout\\20240624_115037\\Screenshots/Encoder24_06_2411_53_48/Regression24_06_24_11_58_13.jpg, D:\\newRCBCProject\\RCBCLOS_Automation\\Reports\\20240624_115032\\PaperbaseFlows\\PaperbaseWithAndWithout\\EncoderForWithout\\20240624_115037\\Screenshots/Encoder24_06_2411_53_48/Regression24_06_24_11_58_30.jpg, D:\\newRCBCProject\\RCBCLOS_Automation\\Reports\\20240624_115032\\PaperbaseFlows\\PaperbaseWithAndWithout\\EncoderForWithout\\20240624_115037\\Screenshots/Encoder24_06_2411_53_48/Regression24_06_24_11_58_40.jpg, D:\\newRCBCProject\\RCBCLOS_Automation\\Reports\\20240624_115032\\PaperbaseFlows\\PaperbaseWithAndWithout\\EncoderForWithout\\20240624_115037\\Screenshots/Encoder24_06_2411_53_48/Regression24_06_24_11_58_54.jpg, D:\\newRCBCProject\\RCBCLOS_Automation\\Reports\\20240624_115032\\PaperbaseFlows\\PaperbaseWithAndWithout\\EncoderForWithout\\20240624_115037\\Screenshots/Encoder24_06_2411_53_48/Regression24_06_24_11_59_17.jpg, D:\\newRCBCProject\\RCBCLOS_Automation\\Reports\\20240624_115032\\PaperbaseFlows\\PaperbaseWithAndWithout\\EncoderForWithout\\20240624_115037\\1719210593348.png, D:\\newRCBCProject\\RCBCLOS_Automation\\Reports\\20240624_115032\\PaperbaseFlows\\PaperbaseWithAndWithout\\EncoderForWithout\\20240624_115037\\Screenshots/Encoder24_06_2411_53_48/Regression24_06_24_11_59_57.jpg, D:\\newRCBCProject\\RCBCLOS_Automation\\Reports\\20240624_115032\\PaperbaseFlows\\PaperbaseWithAndWithout\\EncoderForWithout\\20240624_115037\\Screenshots/Encoder24_06_2411_53_48/Regression24_06_24_12_00_03.jpg, D:\\newRCBCProject\\RCBCLOS_Automation\\Reports\\20240624_115032\\PaperbaseFlows\\PaperbaseWithAndWithout\\EncoderForWithout\\20240624_115037\\Screenshots/Encoder24_06_2411_53_48/Regression24_06_24_12_00_10.jpg, D:\\newRCBCProject\\RCBCLOS_Automation\\Reports\\20240624_115032\\PaperbaseFlows\\PaperbaseWithAndWithout\\EncoderForWithout\\20240624_115037\\Screenshots/Encoder24_06_2411_53_48/Regression24_06_24_12_00_19.jpg, D:\\newRCBCProject\\RCBCLOS_Automation\\Reports\\20240624_115032\\PaperbaseFlows\\PaperbaseWithAndWithout\\EncoderForWithout\\20240624_115037\\Screenshots/Encoder24_06_2411_53_48/Regression24_06_24_12_00_25.jpg, D:\\newRCBCProject\\RCBCLOS_Automation\\Reports\\20240624_115032\\PaperbaseFlows\\PaperbaseWithAndWithout\\EncoderForWithout\\20240624_115037\\Screenshots/Encoder24_06_2411_53_48/Regression24_06_24_12_00_31.jpg, D:\\newRCBCProject\\RCBCLOS_Automation\\Reports\\20240624_115032\\PaperbaseFlows\\PaperbaseWithAndWithout\\EncoderForWithout\\20240624_115037\\1719210644641.png, D:\\newRCBCProject\\RCBCLOS_Automation\\Reports\\20240624_115032\\PaperbaseFlows\\PaperbaseWithAndWithout\\EncoderForWithout\\20240624_115037\\Screenshots/Encoder24_06_2411_53_48/Regression24_06_24_12_00_46.jpg, D:\\newRCBCProject\\RCBCLOS_Automation\\Reports\\20240624_115032\\PaperbaseFlows\\PaperbaseWithAndWithout\\EncoderForWithout\\20240624_115037\\Screenshots/Encoder24_06_2411_53_48/Regression24_06_24_12_01_03.jpg, D:\\newRCBCProject\\RCBCLOS_Automation\\Reports\\20240624_115032\\PaperbaseFlows\\PaperbaseWithAndWithout\\EncoderForWithout\\20240624_115037\\Screenshots/Encoder24_06_2411_53_48/Regression24_06_24_12_01_10.jpg"/>
         <property name="hostName" value="Adarsh.Lohar - QKNBK2037.qkcorp.qualitykiosk.com"/>
         <property name="os" value="Windows 10 64bit"/>
         <property name="katalonVersion" value="9.5.0.217"/>
         <property name="browser" value="Chrome 126.0.0.0"/>
         <property name="hostAddress" value="10.0.6.210"/>
         <property name="sessionId" value="974dc72a4d016fbbb20eef4092cd72af"/>
         <property name="seleniumVersion" value="3.141.59"/>
         <property name="proxyInformation" value="ProxyInformation { proxyOption=NO_PROXY, proxyServerType=HTTP, username=, password=********, proxyServerAddress=, proxyServerPort=0, executionList=&quot;&quot;, isApplyToDesiredCapabilities=true }"/>
         <property name="platform" value="Windows 10"/>
      </properties>
      <testcase name="Test Cases/Paper_STPWithAndWithoutAPI/Encoder/LoginPage" time="22.831" classname="Test Cases/Paper_STPWithAndWithoutAPI/Encoder/LoginPage" status="PASSED">
         <system-out><![CDATA[24-06-2024T11:53:38 - [TEST_CASE][PASSED] - Test Cases/Paper_STPWithAndWithoutAPI/Encoder/LoginPage: Test Cases/Paper_STPWithAndWithoutAPI/Encoder/LoginPage

24-06-2024T11:53:39 - [TEST_STEP][PASSED] - encoder.LoginForibpsEncoder.login(): encoder.LoginForibpsEncoder.login is PASSED

24-06-2024T11:53:40 - [MESSAGE][INFO] - Starting 'Chrome' driver

24-06-2024T11:53:40 - [MESSAGE][INFO] - User set preference: ['args', '[--incognito]']

24-06-2024T11:53:40 - [MESSAGE][INFO] - Action delay is set to 0 milliseconds

24-06-2024T11:53:44 - [MESSAGE][PASSED] - Browser is opened with url: ''

24-06-2024T11:53:44 - [MESSAGE][PASSED] - Current window maximized

24-06-2024T11:53:46 - [MESSAGE][PASSED] - Navigate to 'https://rcbcuat.nonprodnmc.com/omniapp' successfully

24-06-2024T11:53:47 - [MESSAGE][PASSED] - Text 'QK_Encoder7' is set on object 'Object Repository/BackOffice/ibpsLogin/userName'

24-06-2024T11:53:47 - [MESSAGE][PASSED] - Text ****** has been set on object 'Object Repository/BackOffice/ibpsLogin/password'

24-06-2024T11:53:48 - [MESSAGE][PASSED] - Delayed 1 second(s)

24-06-2024T11:53:49 - [MESSAGE][PASSED] - Delayed 1 second(s)

24-06-2024T11:53:50 - [MESSAGE][PASSED] - Delayed 1 second(s)

24-06-2024T11:53:51 - [MESSAGE][PASSED] - Taking screenshot successfully
[[ATTACHMENT|D:\\newRCBCProject\\RCBCLOS_Automation\\Reports\\20240624_115032\\PaperbaseFlows\\PaperbaseWithAndWithout\\EncoderForWithout\\20240624_115037\\Screenshots/Encoder24_06_2411_53_48/Regression24_06_24_11_53_49.jpg]]

24-06-2024T11:53:51 - [MESSAGE][PASSED] - Object: 'Object Repository/BackOffice/ibpsLogin/loginButton' is clicked on

24-06-2024T11:53:53 - [MESSAGE][PASSED] - Delayed 2 second(s)

24-06-2024T11:53:56 - [MESSAGE][INFO] - Unable to find the element located by 'By.xpath: //input[@id="oaloginform:contloginbtn"]'. Please recheck the objects properties to make sure the desired element is located. 

24-06-2024T11:53:56 - [MESSAGE][WARNING] - [SELF-HEALING] Failed to find element with id 'Object Repository/BackOffice/ibpsLogin/yesLogin'. Try using Self-healing.

24-06-2024T11:53:57 - [MESSAGE][INFO] - [SELF-HEALING] No working XPath is found.

24-06-2024T11:53:59 - [MESSAGE][WARNING] - [SELF-HEALING] javascript error: {"status":32,"value":"Unable to locate an element with the xpath expression  because of the following error:\nSyntaxError: Failed to execute 'evaluate' on 'Document': The string '' is not a valid XPath expression."}
  (Session info: chrome=126.0.6478.114)
Build info: version: '3.141.59', revision: 'unknown', time: 'unknown'
System info: host: 'QKNBK2037', ip: '10.0.6.210', os.name: 'Windows 10', os.arch: 'amd64', os.version: '10.0', java.version: '17.0.7'
Driver info: com.kms.katalon.selenium.driver.CChromeDriver
Capabilities {acceptInsecureCerts: false, browserName: chrome, browserVersion: 126.0.6478.114, chrome: {chromedriverVersion: 125.0.6422.60 (3ac3319bff9f..., userDataDir: C:\Users\ADARSH~1.LOH\AppDa...}, fedcm:accounts: true, goog:chromeOptions: {debuggerAddress: localhost:60459}, javascriptEnabled: true, networkConnectionEnabled: false, pageLoadStrategy: normal, platform: WINDOWS, platformName: WINDOWS, proxy: Proxy(), setWindowRect: true, strictFileInteractability: false, timeouts: {implicit: 0, pageLoad: 300000, script: 30000}, unhandledPromptBehavior: dismiss and notify, webauthn:extension:credBlob: true, webauthn:extension:largeBlob: true, webauthn:extension:minPinLength: true, webauthn:extension:prf: true, webauthn:virtualAuthenticators: true}
Session ID: 974dc72a4d016fbbb20eef4092cd72af
*** Element info: {Using=xpath, value=}

24-06-2024T11:53:59 - [MESSAGE][WARNING] - [SELF-HEALING] Cannot find elements when the selector is null

24-06-2024T11:53:59 - [MESSAGE][WARNING] - Web element with id: 'Object Repository/BackOffice/ibpsLogin/yesLogin' located by '//input[@id="oaloginform:contloginbtn"]' not found

24-06-2024T11:53:59 - [MESSAGE][PASSED] - encoder.LoginForibpsEncoder.login is PASSED

24-06-2024T11:54:01 - [TEST_STEP][PASSED] - Video: Video recording for test case 'Test Cases/Paper_STPWithAndWithoutAPI/Encoder/LoginPage' .

24-06-2024T11:54:01 - [MESSAGE][INFO] - Video recording for test case 'Test Cases/Paper_STPWithAndWithoutAPI/Encoder/LoginPage' .]]></system-out>
         <system-err><![CDATA[]]></system-err>
      </testcase>
      <testcase name="Test Cases/Paper_STPWithAndWithoutAPI/Encoder/HomePage" time="27.849" classname="Test Cases/Paper_STPWithAndWithoutAPI/Encoder/HomePage" status="PASSED">
         <system-out><![CDATA[24-06-2024T11:54:01 - [TEST_CASE][PASSED] - Test Cases/Paper_STPWithAndWithoutAPI/Encoder/HomePage: Test Cases/Paper_STPWithAndWithoutAPI/Encoder/HomePage

24-06-2024T11:54:01 - [TEST_STEP][PASSED] - encoder.HomePageForibpsEncoder.selectResistration(): encoder.HomePageForibpsEncoder.selectResistration is PASSED

24-06-2024T11:54:01 - [MESSAGE][PASSED] - Wait for page load successfully

24-06-2024T11:54:03 - [MESSAGE][PASSED] - Delayed 2 second(s)

24-06-2024T11:54:06 - [MESSAGE][PASSED] - Delayed 3 second(s)

24-06-2024T11:54:06 - [MESSAGE][INFO] -  ******** LOS-3370

24-06-2024T11:54:08 - [MESSAGE][PASSED] - Delayed 2 second(s)

24-06-2024T11:54:09 - [MESSAGE][PASSED] - Delayed 1 second(s)

24-06-2024T11:54:10 - [MESSAGE][PASSED] - Delayed 1 second(s)

24-06-2024T11:54:11 - [MESSAGE][PASSED] - Delayed 1 second(s)

24-06-2024T11:54:11 - [MESSAGE][PASSED] - Taking screenshot successfully
[[ATTACHMENT|D:\\newRCBCProject\\RCBCLOS_Automation\\Reports\\20240624_115032\\PaperbaseFlows\\PaperbaseWithAndWithout\\EncoderForWithout\\20240624_115037\\Screenshots/Encoder24_06_2411_53_48/Regression24_06_24_11_54_10.jpg]]

24-06-2024T11:54:13 - [MESSAGE][PASSED] - Object: 'Object Repository/BackOffice/EncoderNSTP/ibpsHomePage/encoder' is clicked on

24-06-2024T11:54:14 - [MESSAGE][PASSED] - Delayed 1 second(s)

24-06-2024T11:54:15 - [MESSAGE][PASSED] - Delayed 1 second(s)

24-06-2024T11:54:16 - [MESSAGE][PASSED] - Delayed 1 second(s)

24-06-2024T11:54:16 - [MESSAGE][PASSED] - Taking screenshot successfully
[[ATTACHMENT|D:\\newRCBCProject\\RCBCLOS_Automation\\Reports\\20240624_115032\\PaperbaseFlows\\PaperbaseWithAndWithout\\EncoderForWithout\\20240624_115037\\Screenshots/Encoder24_06_2411_53_48/Regression24_06_24_11_54_15.jpg]]

24-06-2024T11:54:17 - [MESSAGE][PASSED] - Object: 'Object Repository/BackOffice/COMaker/ibpsHomePage/resistrationNo' is clicked on

24-06-2024T11:54:18 - [MESSAGE][PASSED] - Delayed 1 second(s)

24-06-2024T11:54:19 - [MESSAGE][PASSED] - Delayed 1 second(s)

24-06-2024T11:54:20 - [MESSAGE][PASSED] - Delayed 1 second(s)

24-06-2024T11:54:21 - [MESSAGE][PASSED] - Delayed 1 second(s)

24-06-2024T11:54:21 - [MESSAGE][PASSED] - Taking screenshot successfully
[[ATTACHMENT|D:\\newRCBCProject\\RCBCLOS_Automation\\Reports\\20240624_115032\\PaperbaseFlows\\PaperbaseWithAndWithout\\EncoderForWithout\\20240624_115037\\Screenshots/Encoder24_06_2411_53_48/Regression24_06_24_11_54_20.jpg]]

24-06-2024T11:54:24 - [MESSAGE][PASSED] - Delayed 2 second(s)

24-06-2024T11:54:26 - [MESSAGE][PASSED] - Delayed 2 second(s)

24-06-2024T11:54:26 - [MESSAGE][PASSED] - encoder.HomePageForibpsEncoder.selectResistration is PASSED

24-06-2024T11:54:29 - [TEST_STEP][PASSED] - Video: Video recording for test case 'Test Cases/Paper_STPWithAndWithoutAPI/Encoder/HomePage' .

24-06-2024T11:54:29 - [MESSAGE][INFO] - Video recording for test case 'Test Cases/Paper_STPWithAndWithoutAPI/Encoder/HomePage' .]]></system-out>
         <system-err><![CDATA[]]></system-err>
      </testcase>
      <testcase name="Test Cases/Paper_STPWithAndWithoutAPI/Encoder/ClientInformation" time="77.677" classname="Test Cases/Paper_STPWithAndWithoutAPI/Encoder/ClientInformation" status="PASSED">
         <system-out><![CDATA[24-06-2024T11:54:29 - [TEST_CASE][PASSED] - Test Cases/Paper_STPWithAndWithoutAPI/Encoder/ClientInformation: Test Cases/Paper_STPWithAndWithoutAPI/Encoder/ClientInformation

24-06-2024T11:54:29 - [TEST_STEP][PASSED] - tabSection.CustomerDetail.clientInformationForEncoderPaperBased(): tabSection.CustomerDetail.clientInformationForEncoderPaperBased is PASSED

24-06-2024T11:54:30 - [MESSAGE][PASSED] - Delayed 1 second(s)

24-06-2024T11:54:35 - [MESSAGE][PASSED] - Current window's index is: 0

24-06-2024T11:54:35 - [MESSAGE][PASSED] - Switched to window with index: '1'

24-06-2024T11:54:35 - [MESSAGE][PASSED] - Text of object 'Object Repository/Action/referenceNumber' is: 'Encoder : LOS-3370'

24-06-2024T11:54:35 - [MESSAGE][INFO] - Encoder : LOS-3370 Contains LOS-3370

24-06-2024T11:54:35 - [MESSAGE][INFO] - Ready to go....

24-06-2024T11:54:36 - [MESSAGE][PASSED] - Delayed 1 second(s)

24-06-2024T11:54:37 - [MESSAGE][PASSED] - Delayed 1 second(s)

24-06-2024T11:54:37 - [MESSAGE][PASSED] - Taking screenshot successfully
[[ATTACHMENT|D:\\newRCBCProject\\RCBCLOS_Automation\\Reports\\20240624_115032\\PaperbaseFlows\\PaperbaseWithAndWithout\\EncoderForWithout\\20240624_115037\\Screenshots/Encoder24_06_2411_53_48/Regression24_06_24_11_54_36.jpg]]

24-06-2024T11:54:40 - [MESSAGE][PASSED] - Object: 'Object Repository/BackOffice/EncoderNSTP/ClientInformation/PrincipalInformation/principal' is clicked on

24-06-2024T11:54:42 - [MESSAGE][PASSED] - Delayed 2 second(s)

24-06-2024T11:54:42 - [MESSAGE][PASSED] - All options with index in [1] are selected on object 'Object Repository/BackOffice/EncoderNSTP/ClientInformation/PrincipalInformation/borrowerType'

24-06-2024T11:54:43 - [MESSAGE][PASSED] - All options with index in [1] are selected on object 'Object Repository/BackOffice/EncoderNSTP/ClientInformation/PrincipalInformation/applicationType'

24-06-2024T11:54:44 - [MESSAGE][PASSED] - All options with index in [1] are selected on object 'Object Repository/BackOffice/EncoderNSTP/ClientInformation/PrincipalInformation/custemerType'

24-06-2024T11:54:44 - [MESSAGE][PASSED] - Object 'Object Repository/BackOffice/EncoderWithWithout/sex' is clickable

24-06-2024T11:54:45 - [MESSAGE][PASSED] - All options with index in [2] are selected on object 'Object Repository/BackOffice/EncoderWithWithout/sex'

24-06-2024T11:54:45 - [MESSAGE][PASSED] - Object 'Object Repository/BackOffice/EncoderNSTP/ClientInformation/PrincipalInformation/dateOfBirth' is clickable

24-06-2024T11:54:45 - [MESSAGE][PASSED] - Text '15/05/1991' is set on object 'Object Repository/BackOffice/EncoderNSTP/ClientInformation/PrincipalInformation/dateOfBirth'

24-06-2024T11:54:46 - [MESSAGE][PASSED] - Delayed 1 second(s)

24-06-2024T11:54:47 - [MESSAGE][PASSED] - Delayed 1 second(s)

24-06-2024T11:54:48 - [MESSAGE][PASSED] - Taking screenshot successfully
[[ATTACHMENT|D:\\newRCBCProject\\RCBCLOS_Automation\\Reports\\20240624_115032\\PaperbaseFlows\\PaperbaseWithAndWithout\\EncoderForWithout\\20240624_115037\\Screenshots/Encoder24_06_2411_53_48/Regression24_06_24_11_54_46.jpg]]

24-06-2024T11:54:50 - [MESSAGE][PASSED] - All options with index in [1] are selected on object 'Object Repository/BackOffice/EncoderNSTP/ClientInformation/PrincipalInformation/placeOfBirth'

24-06-2024T11:54:50 - [MESSAGE][PASSED] - Object 'Object Repository/BackOffice/EncoderNSTP/ClientInformation/PrincipalInformation/maritalStatus' is clickable

24-06-2024T11:54:50 - [MESSAGE][PASSED] - All options with index in [4] are selected on object 'Object Repository/BackOffice/EncoderNSTP/ClientInformation/PrincipalInformation/maritalStatus'

24-06-2024T11:54:50 - [MESSAGE][PASSED] - Object 'Object Repository/BackOffice/EncoderWithWithout/nationality' is clickable

24-06-2024T11:54:51 - [MESSAGE][PASSED] - All options with index in [1] are selected on object 'Object Repository/BackOffice/EncoderWithWithout/nationality'

24-06-2024T11:54:52 - [MESSAGE][PASSED] - Delayed 1 second(s)

24-06-2024T11:54:53 - [MESSAGE][PASSED] - Delayed 1 second(s)

24-06-2024T11:54:53 - [MESSAGE][PASSED] - Taking screenshot successfully
[[ATTACHMENT|D:\\newRCBCProject\\RCBCLOS_Automation\\Reports\\20240624_115032\\PaperbaseFlows\\PaperbaseWithAndWithout\\EncoderForWithout\\20240624_115037\\Screenshots/Encoder24_06_2411_53_48/Regression24_06_24_11_54_52.jpg]]

24-06-2024T11:54:54 - [MESSAGE][PASSED] - Text '5' is set on object 'Object Repository/BackOffice/EncoderNSTP/ClientInformation/PrincipalInformation/numberOfYearsMarried'

24-06-2024T11:54:55 - [MESSAGE][PASSED] - Text '3' is set on object 'Object Repository/BackOffice/EncoderNSTP/ClientInformation/PrincipalInformation/numberOfDependents'

24-06-2024T11:54:56 - [MESSAGE][PASSED] - Delayed 1 second(s)

24-06-2024T11:54:57 - [MESSAGE][PASSED] - Delayed 1 second(s)

24-06-2024T11:54:58 - [MESSAGE][PASSED] - Taking screenshot successfully
[[ATTACHMENT|D:\\newRCBCProject\\RCBCLOS_Automation\\Reports\\20240624_115032\\PaperbaseFlows\\PaperbaseWithAndWithout\\EncoderForWithout\\20240624_115037\\Screenshots/Encoder24_06_2411_53_48/Regression24_06_24_11_54_56.jpg]]

24-06-2024T11:55:00 - [MESSAGE][WARNING] - Object 'Object Repository/BackOffice/EncoderNSTP/ClientInformation/PrincipalInformation/cifNumber' is not clickable after 2 second(s)

24-06-2024T11:55:00 - [MESSAGE][PASSED] - Object 'Object Repository/BackOffice/EncoderWithWithout/idType' is clickable

24-06-2024T11:55:01 - [MESSAGE][PASSED] - All options with index in [1] are selected on object 'Object Repository/BackOffice/EncoderWithWithout/idType'

24-06-2024T11:55:01 - [MESSAGE][PASSED] - Object 'Object Repository/BackOffice/EncoderWithWithout/idNumber' is clickable

24-06-2024T11:55:02 - [MESSAGE][PASSED] - Text '98357487654' is set on object 'Object Repository/BackOffice/EncoderWithWithout/idNumber'

24-06-2024T11:55:02 - [MESSAGE][PASSED] - Object 'Object Repository/BackOffice/EncoderNSTP/ClientInformation/PrincipalInformation/RCBCCurrentOrSavingAccountNumber' is clickable

24-06-2024T11:55:03 - [MESSAGE][PASSED] - Text '0000000017517519' is set on object 'Object Repository/BackOffice/EncoderNSTP/ClientInformation/PrincipalInformation/RCBCCurrentOrSavingAccountNumber'

24-06-2024T11:55:04 - [MESSAGE][PASSED] - Delayed 1 second(s)

24-06-2024T11:55:05 - [MESSAGE][PASSED] - Delayed 1 second(s)

24-06-2024T11:55:05 - [MESSAGE][PASSED] - Taking screenshot successfully
[[ATTACHMENT|D:\\newRCBCProject\\RCBCLOS_Automation\\Reports\\20240624_115032\\PaperbaseFlows\\PaperbaseWithAndWithout\\EncoderForWithout\\20240624_115037\\Screenshots/Encoder24_06_2411_53_48/Regression24_06_24_11_55_04.jpg]]

24-06-2024T11:55:06 - [MESSAGE][PASSED] - Object: 'Object Repository/BackOffice/EncoderNSTP/ClientInformation/PrincipalInformation/plusButtonForAddressDetail' is clicked on

24-06-2024T11:55:07 - [MESSAGE][PASSED] - Delayed 1 second(s)

24-06-2024T11:55:07 - [MESSAGE][PASSED] - All options with index in [2] are selected on object 'Object Repository/BackOffice/EncoderNSTP/ClientInformation/PrincipalInformation/typeOfAddress'

24-06-2024T11:55:08 - [MESSAGE][PASSED] - All options with index in [2] are selected on object 'Object Repository/BackOffice/EncoderNSTP/ClientInformation/PrincipalInformation/residenceOwnershipType'

24-06-2024T11:55:08 - [MESSAGE][PASSED] - Text '4' is set on object 'Object Repository/BackOffice/EncoderNSTP/ClientInformation/PrincipalInformation/lengthOfStayAtCurrentResidance'

24-06-2024T11:55:10 - [MESSAGE][PASSED] - All options with index in [1] are selected on object 'Object Repository/BackOffice/EncoderNSTP/ClientInformation/PrincipalInformation/country'

24-06-2024T11:55:12 - [MESSAGE][PASSED] - All options with index in [1] are selected on object 'Object Repository/BackOffice/EncoderNSTP/ClientInformation/PrincipalInformation/region'

24-06-2024T11:55:13 - [MESSAGE][PASSED] - All options with index in [1] are selected on object 'Object Repository/BackOffice/EncoderNSTP/ClientInformation/PrincipalInformation/provience'

24-06-2024T11:55:14 - [MESSAGE][PASSED] - All options with index in [1] are selected on object 'Object Repository/BackOffice/EncoderNSTP/ClientInformation/PrincipalInformation/townCityMuncipalities'

24-06-2024T11:55:15 - [MESSAGE][PASSED] - All options with index in [1] are selected on object 'Object Repository/BackOffice/EncoderNSTP/ClientInformation/PrincipalInformation/barangay'

24-06-2024T11:55:15 - [MESSAGE][PASSED] - Text 'Mahape Road' is set on object 'Object Repository/BackOffice/EncoderNSTP/ClientInformation/PrincipalInformation/StreetName'

24-06-2024T11:55:16 - [MESSAGE][PASSED] - Text 'Rupa Solitaire' is set on object 'Object Repository/BackOffice/EncoderNSTP/ClientInformation/PrincipalInformation/unitNumberBuildingName'

24-06-2024T11:55:17 - [MESSAGE][PASSED] - Delayed 1 second(s)

24-06-2024T11:55:18 - [MESSAGE][PASSED] - Delayed 1 second(s)

24-06-2024T11:55:18 - [MESSAGE][PASSED] - Taking screenshot successfully
[[ATTACHMENT|D:\\newRCBCProject\\RCBCLOS_Automation\\Reports\\20240624_115032\\PaperbaseFlows\\PaperbaseWithAndWithout\\EncoderForWithout\\20240624_115037\\Screenshots/Encoder24_06_2411_53_48/Regression24_06_24_11_55_17.jpg]]

24-06-2024T11:55:20 - [MESSAGE][PASSED] - Object: 'Object Repository/BackOffice/EncoderNSTP/ClientInformation/PrincipalInformation/saveAndClose' is clicked on

24-06-2024T11:55:21 - [MESSAGE][PASSED] - All options with index in [1] are selected on object 'Object Repository/BackOffice/EncoderNSTP/ClientInformation/PrincipalInformation/sourceOfWealth'

24-06-2024T11:55:21 - [MESSAGE][PASSED] - All options with index in [1] are selected on object 'Object Repository/BackOffice/EncoderNSTP/ClientInformation/PrincipalInformation/occupation'

24-06-2024T11:55:22 - [MESSAGE][PASSED] - Text 'Mahesh' is set on object 'Object Repository/BackOffice/EncoderNSTP/ClientInformation/PrincipalInformation/companyEmployerName'

24-06-2024T11:55:22 - [MESSAGE][PASSED] - Text 'Test Engineer' is set on object 'Object Repository/BackOffice/EncoderNSTP/ClientInformation/PrincipalInformation/jobTitle'

24-06-2024T11:55:23 - [MESSAGE][PASSED] - Text '3' is set on object 'Object Repository/BackOffice/EncoderNSTP/ClientInformation/PrincipalInformation/numberOfYearsInCurrentCompany'

24-06-2024T11:55:24 - [MESSAGE][PASSED] - Delayed 1 second(s)

24-06-2024T11:55:25 - [MESSAGE][PASSED] - Delayed 1 second(s)

24-06-2024T11:55:26 - [MESSAGE][PASSED] - Taking screenshot successfully
[[ATTACHMENT|D:\\newRCBCProject\\RCBCLOS_Automation\\Reports\\20240624_115032\\PaperbaseFlows\\PaperbaseWithAndWithout\\EncoderForWithout\\20240624_115037\\Screenshots/Encoder24_06_2411_53_48/Regression24_06_24_11_55_24.jpg]]

24-06-2024T11:55:26 - [MESSAGE][PASSED] - Text '6' is set on object 'Object Repository/BackOffice/EncoderNSTP/ClientInformation/PrincipalInformation/totalYearsOfExperince'

24-06-2024T11:55:27 - [MESSAGE][PASSED] - Text '60000' is set on object 'Object Repository/BackOffice/EncoderNSTP/ClientInformation/PrincipalInformation/declareMonthlyIncome'

24-06-2024T11:55:28 - [MESSAGE][PASSED] - Text '(63) 9356986567' is set on object 'Object Repository/BackOffice/EncoderNSTP/ClientInformation/PrincipalInformation/employerContactNumber'

24-06-2024T11:55:29 - [MESSAGE][PASSED] - Delayed 1 second(s)

24-06-2024T11:55:30 - [MESSAGE][PASSED] - Delayed 1 second(s)

24-06-2024T11:55:30 - [MESSAGE][PASSED] - Taking screenshot successfully
[[ATTACHMENT|D:\\newRCBCProject\\RCBCLOS_Automation\\Reports\\20240624_115032\\PaperbaseFlows\\PaperbaseWithAndWithout\\EncoderForWithout\\20240624_115037\\Screenshots/Encoder24_06_2411_53_48/Regression24_06_24_11_55_29.jpg]]

24-06-2024T11:55:31 - [MESSAGE][PASSED] - All options with index in [1] are selected on object 'Object Repository/BackOffice/EncoderNSTP/ClientInformation/PrincipalInformation/Industry'

24-06-2024T11:55:32 - [MESSAGE][PASSED] - All options with index in [1] are selected on object 'Object Repository/BackOffice/EncoderNSTP/ClientInformation/PrincipalInformation/subIndustry'

24-06-2024T11:55:32 - [MESSAGE][PASSED] - All options with index in [1] are selected on object 'Object Repository/BackOffice/EncoderNSTP/ClientInformation/PrincipalInformation/natureOfBusiness'

24-06-2024T11:55:33 - [MESSAGE][PASSED] - Delayed 1 second(s)

24-06-2024T11:55:34 - [MESSAGE][PASSED] - Delayed 1 second(s)

24-06-2024T11:55:35 - [MESSAGE][PASSED] - Taking screenshot successfully
[[ATTACHMENT|D:\\newRCBCProject\\RCBCLOS_Automation\\Reports\\20240624_115032\\PaperbaseFlows\\PaperbaseWithAndWithout\\EncoderForWithout\\20240624_115037\\Screenshots/Encoder24_06_2411_53_48/Regression24_06_24_11_55_33.jpg]]

24-06-2024T11:55:41 - [MESSAGE][PASSED] - Object: 'Object Repository/BackOffice/EncoderNSTP/ClientInformation/PrincipalInformation/saveChanges' is clicked on

24-06-2024T11:55:44 - [MESSAGE][PASSED] - Delayed 2 second(s)

24-06-2024T11:55:44 - [MESSAGE][PASSED] - tabSection.CustomerDetail.clientInformationForEncoderPaperBased is PASSED

24-06-2024T11:55:46 - [TEST_STEP][PASSED] - Video: Video recording for test case 'Test Cases/Paper_STPWithAndWithoutAPI/Encoder/ClientInformation' .

24-06-2024T11:55:46 - [MESSAGE][INFO] - Video recording for test case 'Test Cases/Paper_STPWithAndWithoutAPI/Encoder/ClientInformation' .]]></system-out>
         <system-err><![CDATA[]]></system-err>
      </testcase>
      <testcase name="Test Cases/Paper_STPWithAndWithoutAPI/Encoder/CollateralInformationWithout" time="14.291" classname="Test Cases/Paper_STPWithAndWithoutAPI/Encoder/CollateralInformationWithout" status="PASSED">
         <system-out><![CDATA[24-06-2024T11:55:46 - [TEST_CASE][PASSED] - Test Cases/Paper_STPWithAndWithoutAPI/Encoder/CollateralInformationWithout: Test Cases/Paper_STPWithAndWithoutAPI/Encoder/CollateralInformationWithout

24-06-2024T11:55:46 - [TEST_STEP][PASSED] - tabSection.CollateralInformation.collateralInformationForEncoderPaperBasedWithout(): tabSection.CollateralInformation.collateralInformationForEncoderPaperBasedWithout is PASSED

24-06-2024T11:55:47 - [MESSAGE][PASSED] - Object: 'Object Repository/TabSection/CollateralInformation' is clicked on

24-06-2024T11:55:49 - [MESSAGE][PASSED] - All options with value 'ALFA01' are selected in object 'Object Repository/BackOfficePaperBase/EncoderCollateralInfoPaperbase/vehicleCodeType' 

24-06-2024T11:55:50 - [MESSAGE][PASSED] - All options with index in [1] are selected on object 'Object Repository/BackOfficePaperBase/EncoderCollateralInfoPaperbase/CarCondition'

24-06-2024T11:55:51 - [MESSAGE][PASSED] - All options with index in [1] are selected on object 'Object Repository/BackOfficePaperBase/EncoderCollateralInfoPaperbase/carBrand'

24-06-2024T11:55:53 - [MESSAGE][PASSED] - All options with index in [1] are selected on object 'Object Repository/BackOfficePaperBase/EncoderCollateralInfoPaperbase/carModel'

24-06-2024T11:55:54 - [MESSAGE][PASSED] - All options with index in [1] are selected on object 'Object Repository/BackOfficePaperBase/EncoderCollateralInfoPaperbase/subModel'

24-06-2024T11:55:55 - [MESSAGE][PASSED] - All options with index in [1] are selected on object 'Object Repository/BackOfficePaperBase/EncoderCollateralInfoPaperbase/yearModel'

24-06-2024T11:55:55 - [MESSAGE][PASSED] - All options with index in [1] are selected on object 'Object Repository/BackOfficePaperBase/EncoderCollateralInfoPaperbase/makeType'

24-06-2024T11:55:56 - [MESSAGE][PASSED] - Delayed 1 second(s)

24-06-2024T11:55:57 - [MESSAGE][PASSED] - Delayed 1 second(s)

24-06-2024T11:55:58 - [MESSAGE][PASSED] - Delayed 1 second(s)

24-06-2024T11:55:58 - [MESSAGE][PASSED] - Taking screenshot successfully
[[ATTACHMENT|D:\\newRCBCProject\\RCBCLOS_Automation\\Reports\\20240624_115032\\PaperbaseFlows\\PaperbaseWithAndWithout\\EncoderForWithout\\20240624_115037\\Screenshots/Encoder24_06_2411_53_48/Regression24_06_24_11_55_57.jpg]]

24-06-2024T11:55:58 - [MESSAGE][PASSED] - tabSection.CollateralInformation.collateralInformationForEncoderPaperBasedWithout is PASSED

24-06-2024T11:56:01 - [TEST_STEP][PASSED] - Video: Video recording for test case 'Test Cases/Paper_STPWithAndWithoutAPI/Encoder/CollateralInformationWithout' .

24-06-2024T11:56:01 - [MESSAGE][INFO] - Video recording for test case 'Test Cases/Paper_STPWithAndWithoutAPI/Encoder/CollateralInformationWithout' .]]></system-out>
         <system-err><![CDATA[]]></system-err>
      </testcase>
      <testcase name="Test Cases/Paper_STPWithAndWithoutAPI/Encoder/LoanInformationWithoutAPI" time="54.096" classname="Test Cases/Paper_STPWithAndWithoutAPI/Encoder/LoanInformationWithoutAPI" status="PASSED">
         <system-out><![CDATA[24-06-2024T11:56:01 - [TEST_CASE][PASSED] - Test Cases/Paper_STPWithAndWithoutAPI/Encoder/LoanInformationWithoutAPI: Test Cases/Paper_STPWithAndWithoutAPI/Encoder/LoanInformationWithoutAPI

24-06-2024T11:56:01 - [TEST_STEP][PASSED] - tabSection.LoanInformation.loanInfoForEncoderPaperBased(marketingPromoCode, Downpayment_Amt, Actual_Cashout, loanTerm, insuranceType, loanPurpose, modeOfRelease, Scheduled_Unit_Release_Date, Actual_Unit_Release_Date, Total_CMFCollectedby_Dealer, Payment_Type, PaymentFrequency, Mode_Of_Payment): tabSection.LoanInformation.loanInfoForEncoderPaperBased is PASSED

24-06-2024T11:56:03 - [MESSAGE][PASSED] - Delayed 2 second(s)

24-06-2024T11:56:05 - [MESSAGE][PASSED] - Object: 'Object Repository/TabSection/LoanInformation' is clicked on

24-06-2024T11:56:06 - [MESSAGE][PASSED] - All options with index in [1] are selected on object 'Object Repository/BackOfficePaperBase/EncoderPaperbaseLoanInformation/marketingPromoCode'

24-06-2024T11:56:07 - [MESSAGE][PASSED] - Delayed 1 second(s)

24-06-2024T11:56:08 - [MESSAGE][PASSED] - Delayed 1 second(s)

24-06-2024T11:56:09 - [MESSAGE][PASSED] - Delayed 1 second(s)

24-06-2024T11:56:09 - [MESSAGE][PASSED] - Taking screenshot successfully
[[ATTACHMENT|D:\\newRCBCProject\\RCBCLOS_Automation\\Reports\\20240624_115032\\PaperbaseFlows\\PaperbaseWithAndWithout\\EncoderForWithout\\20240624_115037\\Screenshots/Encoder24_06_2411_53_48/Regression24_06_24_11_56_08.jpg]]

24-06-2024T11:56:09 - [MESSAGE][PASSED] - Text '350000' is set on object 'Object Repository/BackOfficePaperBase/EncoderPaperbaseLoanInformation/Downpayment_Amt'

24-06-2024T11:56:11 - [MESSAGE][PASSED] - Text '340000' is set on object 'Object Repository/BackOfficePaperBase/EncoderPaperbaseLoanInformation/Actual_Cashout'

24-06-2024T11:56:16 - [MESSAGE][PASSED] - All options with index in [5] are selected on object 'Object Repository/BackOfficePaperBase/EncoderPaperbaseLoanInformation/loanTerm'

24-06-2024T11:56:24 - [MESSAGE][PASSED] - All options with index in [5] are selected on object 'Object Repository/BackOfficePaperBase/EncoderPaperbaseLoanInformation/insuranceType'

24-06-2024T11:56:25 - [MESSAGE][PASSED] - Delayed 1 second(s)

24-06-2024T11:56:26 - [MESSAGE][PASSED] - Delayed 1 second(s)

24-06-2024T11:56:27 - [MESSAGE][PASSED] - Delayed 1 second(s)

24-06-2024T11:56:27 - [MESSAGE][PASSED] - Taking screenshot successfully
[[ATTACHMENT|D:\\newRCBCProject\\RCBCLOS_Automation\\Reports\\20240624_115032\\PaperbaseFlows\\PaperbaseWithAndWithout\\EncoderForWithout\\20240624_115037\\Screenshots/Encoder24_06_2411_53_48/Regression24_06_24_11_56_26.jpg]]

24-06-2024T11:56:27 - [MESSAGE][PASSED] - All options with value 'AB' are selected in object 'Object Repository/BackOfficePaperBase/EncoderPaperbaseLoanInformation/loanPurpose' 

24-06-2024T11:56:28 - [MESSAGE][PASSED] - All options with index in [1] are selected on object 'Object Repository/BackOfficePaperBase/EncoderPaperbaseLoanInformation/modeOfRelease'

24-06-2024T11:56:28 - [MESSAGE][PASSED] - Text '19/07/24' is set on object 'Object Repository/BackOfficePaperBase/EncoderPaperbaseLoanInformation/Scheduled_Unit_Release_Date'

24-06-2024T11:56:29 - [MESSAGE][PASSED] - Text '25/07/24' is set on object 'Object Repository/BackOfficePaperBase/EncoderPaperbaseLoanInformation/Actual_Unit_Release_Date'

24-06-2024T11:56:30 - [MESSAGE][PASSED] - Delayed 1 second(s)

24-06-2024T11:56:31 - [MESSAGE][PASSED] - Delayed 1 second(s)

24-06-2024T11:56:32 - [MESSAGE][PASSED] - Delayed 1 second(s)

24-06-2024T11:56:32 - [MESSAGE][PASSED] - Taking screenshot successfully
[[ATTACHMENT|D:\\newRCBCProject\\RCBCLOS_Automation\\Reports\\20240624_115032\\PaperbaseFlows\\PaperbaseWithAndWithout\\EncoderForWithout\\20240624_115037\\Screenshots/Encoder24_06_2411_53_48/Regression24_06_24_11_56_31.jpg]]

24-06-2024T11:56:32 - [MESSAGE][PASSED] - Current window's index is: 1

24-06-2024T11:56:34 - [MESSAGE][PASSED] - Object: 'Object Repository/LoanInformationPreRelease/calculateBtn' is clicked on

24-06-2024T11:56:34 - [MESSAGE][PASSED] - Switched to window with index: '2'

24-06-2024T11:56:39 - [MESSAGE][PASSED] - Delayed 5 second(s)

24-06-2024T11:56:40 - [MESSAGE][PASSED] - Delayed 1 second(s)

24-06-2024T11:56:41 - [MESSAGE][PASSED] - Delayed 1 second(s)

24-06-2024T11:56:42 - [MESSAGE][PASSED] - Taking screenshot successfully
[[ATTACHMENT|D:\\newRCBCProject\\RCBCLOS_Automation\\Reports\\20240624_115032\\PaperbaseFlows\\PaperbaseWithAndWithout\\EncoderForWithout\\20240624_115037\\Screenshots/Encoder24_06_2411_53_48/Regression24_06_24_11_56_40.jpg]]

24-06-2024T11:56:42 - [MESSAGE][PASSED] - Object: 'Object Repository/LoanInformationPreRelease/WebSpredingSaveBtn' is clicked on

24-06-2024T11:56:44 - [MESSAGE][PASSED] - Delayed 2 second(s)

24-06-2024T11:56:44 - [MESSAGE][PASSED] - Window with index 2 is closed

24-06-2024T11:56:44 - [MESSAGE][PASSED] - Switched to window with index: '1'

24-06-2024T11:56:44 - [MESSAGE][PASSED] - Text '4000' is set on object 'Object Repository/BackOfficePaperBase/EncoderPaperbaseLoanInformation/Total_CMFCollectedby_Dealer'

24-06-2024T11:56:45 - [MESSAGE][PASSED] - Delayed 1 second(s)

24-06-2024T11:56:46 - [MESSAGE][PASSED] - Delayed 1 second(s)

24-06-2024T11:56:47 - [MESSAGE][PASSED] - Delayed 1 second(s)

24-06-2024T11:56:47 - [MESSAGE][PASSED] - Taking screenshot successfully
[[ATTACHMENT|D:\\newRCBCProject\\RCBCLOS_Automation\\Reports\\20240624_115032\\PaperbaseFlows\\PaperbaseWithAndWithout\\EncoderForWithout\\20240624_115037\\Screenshots/Encoder24_06_2411_53_48/Regression24_06_24_11_56_46.jpg]]

24-06-2024T11:56:48 - [MESSAGE][PASSED] - All options with index in [1] are selected on object 'Object Repository/BackOfficePaperBase/EncoderPaperbaseLoanInformation/Payment_Type'

24-06-2024T11:56:49 - [MESSAGE][PASSED] - All options with index in [2] are selected on object 'Object Repository/BackOfficePaperBase/EncoderPaperbaseLoanInformation/PaymentFrequency'

24-06-2024T11:56:49 - [MESSAGE][PASSED] - All options with index in [2] are selected on object 'Object Repository/BackOfficePaperBase/EncoderPaperbaseLoanInformation/Mode_Of_Payment'

24-06-2024T11:56:50 - [MESSAGE][PASSED] - Delayed 1 second(s)

24-06-2024T11:56:51 - [MESSAGE][PASSED] - Delayed 1 second(s)

24-06-2024T11:56:53 - [MESSAGE][PASSED] - Delayed 1 second(s)

24-06-2024T11:56:53 - [MESSAGE][PASSED] - Taking screenshot successfully
[[ATTACHMENT|D:\\newRCBCProject\\RCBCLOS_Automation\\Reports\\20240624_115032\\PaperbaseFlows\\PaperbaseWithAndWithout\\EncoderForWithout\\20240624_115037\\Screenshots/Encoder24_06_2411_53_48/Regression24_06_24_11_56_51.jpg]]

24-06-2024T11:56:53 - [MESSAGE][PASSED] - tabSection.LoanInformation.loanInfoForEncoderPaperBased is PASSED

24-06-2024T11:56:55 - [TEST_STEP][PASSED] - Video: Video recording for test case 'Test Cases/Paper_STPWithAndWithoutAPI/Encoder/LoanInformationWithoutAPI' .

24-06-2024T11:56:55 - [MESSAGE][INFO] - Video recording for test case 'Test Cases/Paper_STPWithAndWithoutAPI/Encoder/LoanInformationWithoutAPI' .]]></system-out>
         <system-err><![CDATA[]]></system-err>
      </testcase>
      <testcase name="Test Cases/Paper_STPWithAndWithoutAPI/Encoder/DocumentChecklist" time="7.475" classname="Test Cases/Paper_STPWithAndWithoutAPI/Encoder/DocumentChecklist" status="PASSED">
         <system-out><![CDATA[24-06-2024T11:56:55 - [TEST_CASE][PASSED] - Test Cases/Paper_STPWithAndWithoutAPI/Encoder/DocumentChecklist: Test Cases/Paper_STPWithAndWithoutAPI/Encoder/DocumentChecklist

24-06-2024T11:56:55 - [TEST_STEP][PASSED] - tabSection.DocumentCheckList.documentCheckListForEncoderPaperBased(): tabSection.DocumentCheckList.documentCheckListForEncoderPaperBased is PASSED

24-06-2024T11:56:57 - [MESSAGE][PASSED] - Object: 'Object Repository/TabSection/DocumentCheclist' is clicked on

24-06-2024T11:56:58 - [MESSAGE][PASSED] - Delayed 1 second(s)

24-06-2024T11:56:59 - [MESSAGE][PASSED] - Delayed 1 second(s)

24-06-2024T11:57:00 - [MESSAGE][PASSED] - Delayed 1 second(s)

24-06-2024T11:57:00 - [MESSAGE][PASSED] - Taking screenshot successfully
[[ATTACHMENT|D:\\newRCBCProject\\RCBCLOS_Automation\\Reports\\20240624_115032\\PaperbaseFlows\\PaperbaseWithAndWithout\\EncoderForWithout\\20240624_115037\\Screenshots/Encoder24_06_2411_53_48/Regression24_06_24_11_56_59.jpg]]

24-06-2024T11:57:00 - [MESSAGE][PASSED] - tabSection.DocumentCheckList.documentCheckListForEncoderPaperBased is PASSED

24-06-2024T11:57:02 - [TEST_STEP][PASSED] - Video: Video recording for test case 'Test Cases/Paper_STPWithAndWithoutAPI/Encoder/DocumentChecklist' .

24-06-2024T11:57:02 - [MESSAGE][INFO] - Video recording for test case 'Test Cases/Paper_STPWithAndWithoutAPI/Encoder/DocumentChecklist' .]]></system-out>
         <system-err><![CDATA[]]></system-err>
      </testcase>
      <testcase name="Test Cases/Paper_STPWithAndWithoutAPI/Encoder/CheckEligibility" time="191.11" classname="Test Cases/Paper_STPWithAndWithoutAPI/Encoder/CheckEligibility" status="FAILED">
         <failure type="FAILED" message="Test Cases/Paper_STPWithAndWithoutAPI/Encoder/CheckEligibility FAILED.&#xa;Reason:&#xa;com.kms.katalon.core.exception.StepFailedException: Unable to click on object 'Object Repository/BackOfficePaperBase/EncoderPaperbaseCheckEligibility/crossButtonTemp' (Root cause: com.kms.katalon.core.exception.StepFailedException: Unable to click on object 'Object Repository/BackOfficePaperBase/EncoderPaperbaseCheckEligibility/crossButtonTemp'&#xa;	at com.kms.katalon.core.webui.keyword.internal.WebUIKeywordMain.stepFailed(WebUIKeywordMain.groovy:64)&#xa;	at com.kms.katalon.core.webui.keyword.internal.WebUIKeywordMain.runKeyword(WebUIKeywordMain.groovy:26)&#xa;	at com.kms.katalon.core.webui.keyword.builtin.ClickKeyword.click(ClickKeyword.groovy:74)&#xa;	at com.kms.katalon.core.webui.keyword.builtin.ClickKeyword.execute(ClickKeyword.groovy:40)&#xa;	at com.kms.katalon.core.keyword.internal.KeywordExecutor.executeKeywordForPlatform(KeywordExecutor.groovy:74)&#xa;	at com.kms.katalon.core.webui.keyword.WebUiBuiltInKeywords.click(WebUiBuiltInKeywords.groovy:659)&#xa;	at tabSection.CheckEligibility.checkEligibilityForPaperBased(CheckEligibility.groovy:277)&#xa;	at java.base/jdk.internal.reflect.NativeMethodAccessorImpl.invoke0(Native Method)&#xa;	at java.base/jdk.internal.reflect.NativeMethodAccessorImpl.invoke(NativeMethodAccessorImpl.java:77)&#xa;	at java.base/jdk.internal.reflect.DelegatingMethodAccessorImpl.invoke(DelegatingMethodAccessorImpl.java:43)&#xa;	at tabSection.CheckEligibility.checkEligibilityForEncoderPaperBased(CheckEligibility.groovy:426)&#xa;	at java.base/jdk.internal.reflect.NativeMethodAccessorImpl.invoke0(Native Method)&#xa;	at java.base/jdk.internal.reflect.NativeMethodAccessorImpl.invoke(NativeMethodAccessorImpl.java:77)&#xa;	at java.base/jdk.internal.reflect.DelegatingMethodAccessorImpl.invoke(DelegatingMethodAccessorImpl.java:43)&#xa;	at com.kms.katalon.core.main.CustomKeywordDelegatingMetaClass.invokeStaticMethod(CustomKeywordDelegatingMetaClass.java:55)&#xa;	at CheckEligibility.run(CheckEligibility:20)&#xa;	at com.kms.katalon.core.main.ScriptEngine.run(ScriptEngine.java:194)&#xa;	at com.kms.katalon.core.main.ScriptEngine.runScriptAsRawText(ScriptEngine.java:119)&#xa;	at com.kms.katalon.core.main.TestCaseExecutor.runScript(TestCaseExecutor.java:448)&#xa;	at com.kms.katalon.core.main.TestCaseExecutor.doExecute(TestCaseExecutor.java:439)&#xa;	at com.kms.katalon.core.main.TestCaseExecutor.processExecutionPhase(TestCaseExecutor.java:418)&#xa;	at com.kms.katalon.core.main.TestCaseExecutor.accessMainPhase(TestCaseExecutor.java:410)&#xa;	at com.kms.katalon.core.main.TestCaseExecutor.execute(TestCaseExecutor.java:285)&#xa;	at com.kms.katalon.core.common.CommonExecutor.accessTestCaseMainPhase(CommonExecutor.java:65)&#xa;	at com.kms.katalon.core.main.TestSuiteExecutor.accessTestSuiteMainPhase(TestSuiteExecutor.java:150)&#xa;	at com.kms.katalon.core.main.TestSuiteExecutor.execute(TestSuiteExecutor.java:106)&#xa;	at com.kms.katalon.core.main.TestCaseMain.startTestSuite(TestCaseMain.java:180)&#xa;	at TempTestSuite1719210037926.run(TempTestSuite1719210037926.groovy:35)&#xa;	at java.base/jdk.internal.reflect.NativeMethodAccessorImpl.invoke0(Native Method)&#xa;	at java.base/jdk.internal.reflect.NativeMethodAccessorImpl.invoke(NativeMethodAccessorImpl.java:77)&#xa;	at java.base/jdk.internal.reflect.DelegatingMethodAccessorImpl.invoke(DelegatingMethodAccessorImpl.java:43)&#xa;Caused by: com.kms.katalon.core.webui.exception.WebElementNotFoundException: Web element with id: 'Object Repository/BackOfficePaperBase/EncoderPaperbaseCheckEligibility/crossButtonTemp' located by '//button[text()=&quot;×&quot;]' not found&#xa;	at com.kms.katalon.core.webui.common.WebUiCommonHelper.findWebElement(WebUiCommonHelper.java:1426)&#xa;	at com.kms.katalon.core.webui.keyword.internal.WebUIAbstractKeyword.findWebElement(WebUIAbstractKeyword.groovy:27)&#xa;	at com.kms.katalon.core.webui.keyword.builtin.ClickKeyword$_click_closure1.doCall(ClickKeyword.groovy:65)&#xa;	at com.kms.katalon.core.webui.keyword.builtin.ClickKeyword$_click_closure1.call(ClickKeyword.groovy)&#xa;	at com.kms.katalon.core.webui.keyword.internal.WebUIKeywordMain.runKeyword(WebUIKeywordMain.groovy:20)&#xa;	at com.kms.katalon.core.webui.keyword.builtin.ClickKeyword.click(ClickKeyword.groovy:74)&#xa;	at com.kms.katalon.core.webui.keyword.builtin.ClickKeyword.execute(ClickKeyword.groovy:40)&#xa;	at com.kms.katalon.core.keyword.internal.KeywordExecutor.executeKeywordForPlatform(KeywordExecutor.groovy:74)&#xa;	at com.kms.katalon.core.webui.keyword.WebUiBuiltInKeywords.click(WebUiBuiltInKeywords.groovy:659)&#xa;	at tabSection.CheckEligibility.checkEligibilityForPaperBased(CheckEligibility.groovy:277)&#xa;	at java.base/jdk.internal.reflect.NativeMethodAccessorImpl.invoke0(Native Method)&#xa;	at java.base/jdk.internal.reflect.NativeMethodAccessorImpl.invoke(NativeMethodAccessorImpl.java:77)&#xa;	at java.base/jdk.internal.reflect.DelegatingMethodAccessorImpl.invoke(DelegatingMethodAccessorImpl.java:43)&#xa;	at tabSection.CheckEligibility.checkEligibilityForEncoderPaperBased(CheckEligibility.groovy:426)&#xa;	at java.base/jdk.internal.reflect.NativeMethodAccessorImpl.invoke0(Native Method)&#xa;	at java.base/jdk.internal.reflect.NativeMethodAccessorImpl.invoke(NativeMethodAccessorImpl.java:77)&#xa;	at java.base/jdk.internal.reflect.DelegatingMethodAccessorImpl.invoke(DelegatingMethodAccessorImpl.java:43)&#xa;	at com.kms.katalon.core.main.CustomKeywordDelegatingMetaClass.invokeStaticMethod(CustomKeywordDelegatingMetaClass.java:55)&#xa;	at Script1716354281890.run(Script1716354281890.groovy:20)&#xa;	... 15 more&#xa;)&#xa;	at com.kms.katalon.core.keyword.internal.KeywordMain.stepFailed(KeywordMain.groovy:39)&#xa;	at com.kms.katalon.core.webui.keyword.internal.WebUIKeywordMain.stepFailed(WebUIKeywordMain.groovy:64)&#xa;	at com.kms.katalon.core.webui.keyword.internal.WebUIKeywordMain.runKeyword(WebUIKeywordMain.groovy:26)&#xa;	at com.kms.katalon.core.webui.keyword.builtin.ClickKeyword.click(ClickKeyword.groovy:74)&#xa;	at com.kms.katalon.core.webui.keyword.builtin.ClickKeyword.execute(ClickKeyword.groovy:40)&#xa;	at com.kms.katalon.core.keyword.internal.KeywordExecutor.executeKeywordForPlatform(KeywordExecutor.groovy:74)&#xa;	at com.kms.katalon.core.webui.keyword.WebUiBuiltInKeywords.click(WebUiBuiltInKeywords.groovy:659)&#xa;	at tabSection.CheckEligibility.checkEligibilityForPaperBased(CheckEligibility.groovy:277)&#xa;	at java.base/jdk.internal.reflect.NativeMethodAccessorImpl.invoke0(Native Method)&#xa;	at java.base/jdk.internal.reflect.NativeMethodAccessorImpl.invoke(NativeMethodAccessorImpl.java:77)&#xa;	at java.base/jdk.internal.reflect.DelegatingMethodAccessorImpl.invoke(DelegatingMethodAccessorImpl.java:43)&#xa;	at tabSection.CheckEligibility.checkEligibilityForEncoderPaperBased(CheckEligibility.groovy:426)&#xa;	at java.base/jdk.internal.reflect.NativeMethodAccessorImpl.invoke0(Native Method)&#xa;	at java.base/jdk.internal.reflect.NativeMethodAccessorImpl.invoke(NativeMethodAccessorImpl.java:77)&#xa;	at java.base/jdk.internal.reflect.DelegatingMethodAccessorImpl.invoke(DelegatingMethodAccessorImpl.java:43)&#xa;	at com.kms.katalon.core.main.CustomKeywordDelegatingMetaClass.invokeStaticMethod(CustomKeywordDelegatingMetaClass.java:55)&#xa;	at CheckEligibility.run(CheckEligibility:20)&#xa;	at com.kms.katalon.core.main.ScriptEngine.run(ScriptEngine.java:194)&#xa;	at com.kms.katalon.core.main.ScriptEngine.runScriptAsRawText(ScriptEngine.java:119)&#xa;	at com.kms.katalon.core.main.TestCaseExecutor.runScript(TestCaseExecutor.java:448)&#xa;	at com.kms.katalon.core.main.TestCaseExecutor.doExecute(TestCaseExecutor.java:439)&#xa;	at com.kms.katalon.core.main.TestCaseExecutor.processExecutionPhase(TestCaseExecutor.java:418)&#xa;	at com.kms.katalon.core.main.TestCaseExecutor.accessMainPhase(TestCaseExecutor.java:410)&#xa;	at com.kms.katalon.core.main.TestCaseExecutor.execute(TestCaseExecutor.java:285)&#xa;	at com.kms.katalon.core.common.CommonExecutor.accessTestCaseMainPhase(CommonExecutor.java:65)&#xa;	at com.kms.katalon.core.main.TestSuiteExecutor.accessTestSuiteMainPhase(TestSuiteExecutor.java:150)&#xa;	at com.kms.katalon.core.main.TestSuiteExecutor.execute(TestSuiteExecutor.java:106)&#xa;	at com.kms.katalon.core.main.TestCaseMain.startTestSuite(TestCaseMain.java:180)&#xa;	at TempTestSuite1719210037926.run(TempTestSuite1719210037926.groovy:35)&#xa;	at java.base/jdk.internal.reflect.NativeMethodAccessorImpl.invoke0(Native Method)&#xa;	at java.base/jdk.internal.reflect.NativeMethodAccessorImpl.invoke(NativeMethodAccessorImpl.java:77)&#xa;	at java.base/jdk.internal.reflect.DelegatingMethodAccessorImpl.invoke(DelegatingMethodAccessorImpl.java:43)&#xa;Caused by: com.kms.katalon.core.exception.StepFailedException: Unable to click on object 'Object Repository/BackOfficePaperBase/EncoderPaperbaseCheckEligibility/crossButtonTemp'&#xa;	... 31 more&#xa;Caused by: com.kms.katalon.core.webui.exception.WebElementNotFoundException: Web element with id: 'Object Repository/BackOfficePaperBase/EncoderPaperbaseCheckEligibility/crossButtonTemp' located by '//button[text()=&quot;×&quot;]' not found&#xa;	at com.kms.katalon.core.webui.common.WebUiCommonHelper.findWebElement(WebUiCommonHelper.java:1426)&#xa;	at com.kms.katalon.core.webui.keyword.internal.WebUIAbstractKeyword.findWebElement(WebUIAbstractKeyword.groovy:27)&#xa;	at com.kms.katalon.core.webui.keyword.builtin.ClickKeyword$_click_closure1.doCall(ClickKeyword.groovy:65)&#xa;	at com.kms.katalon.core.webui.keyword.builtin.ClickKeyword$_click_closure1.call(ClickKeyword.groovy)&#xa;	at com.kms.katalon.core.webui.keyword.internal.WebUIKeywordMain.runKeyword(WebUIKeywordMain.groovy:20)&#xa;	... 29 more&#xa;"/>
         <system-out><![CDATA[24-06-2024T11:57:02 - [TEST_CASE][FAILED] - Test Cases/Paper_STPWithAndWithoutAPI/Encoder/CheckEligibility: Test Cases/Paper_STPWithAndWithoutAPI/Encoder/CheckEligibility FAILED.
Reason:
com.kms.katalon.core.exception.StepFailedException: Unable to click on object 'Object Repository/BackOfficePaperBase/EncoderPaperbaseCheckEligibility/crossButtonTemp' (Root cause: com.kms.katalon.core.exception.StepFailedException: Unable to click on object 'Object Repository/BackOfficePaperBase/EncoderPaperbaseCheckEligibility/crossButtonTemp'
	at com.kms.katalon.core.webui.keyword.internal.WebUIKeywordMain.stepFailed(WebUIKeywordMain.groovy:64)
	at com.kms.katalon.core.webui.keyword.internal.WebUIKeywordMain.runKeyword(WebUIKeywordMain.groovy:26)
	at com.kms.katalon.core.webui.keyword.builtin.ClickKeyword.click(ClickKeyword.groovy:74)
	at com.kms.katalon.core.webui.keyword.builtin.ClickKeyword.execute(ClickKeyword.groovy:40)
	at com.kms.katalon.core.keyword.internal.KeywordExecutor.executeKeywordForPlatform(KeywordExecutor.groovy:74)
	at com.kms.katalon.core.webui.keyword.WebUiBuiltInKeywords.click(WebUiBuiltInKeywords.groovy:659)
	at tabSection.CheckEligibility.checkEligibilityForPaperBased(CheckEligibility.groovy:277)
	at java.base/jdk.internal.reflect.NativeMethodAccessorImpl.invoke0(Native Method)
	at java.base/jdk.internal.reflect.NativeMethodAccessorImpl.invoke(NativeMethodAccessorImpl.java:77)
	at java.base/jdk.internal.reflect.DelegatingMethodAccessorImpl.invoke(DelegatingMethodAccessorImpl.java:43)
	at tabSection.CheckEligibility.checkEligibilityForEncoderPaperBased(CheckEligibility.groovy:426)
	at java.base/jdk.internal.reflect.NativeMethodAccessorImpl.invoke0(Native Method)
	at java.base/jdk.internal.reflect.NativeMethodAccessorImpl.invoke(NativeMethodAccessorImpl.java:77)
	at java.base/jdk.internal.reflect.DelegatingMethodAccessorImpl.invoke(DelegatingMethodAccessorImpl.java:43)
	at com.kms.katalon.core.main.CustomKeywordDelegatingMetaClass.invokeStaticMethod(CustomKeywordDelegatingMetaClass.java:55)
	at CheckEligibility.run(CheckEligibility:20)
	at com.kms.katalon.core.main.ScriptEngine.run(ScriptEngine.java:194)
	at com.kms.katalon.core.main.ScriptEngine.runScriptAsRawText(ScriptEngine.java:119)
	at com.kms.katalon.core.main.TestCaseExecutor.runScript(TestCaseExecutor.java:448)
	at com.kms.katalon.core.main.TestCaseExecutor.doExecute(TestCaseExecutor.java:439)
	at com.kms.katalon.core.main.TestCaseExecutor.processExecutionPhase(TestCaseExecutor.java:418)
	at com.kms.katalon.core.main.TestCaseExecutor.accessMainPhase(TestCaseExecutor.java:410)
	at com.kms.katalon.core.main.TestCaseExecutor.execute(TestCaseExecutor.java:285)
	at com.kms.katalon.core.common.CommonExecutor.accessTestCaseMainPhase(CommonExecutor.java:65)
	at com.kms.katalon.core.main.TestSuiteExecutor.accessTestSuiteMainPhase(TestSuiteExecutor.java:150)
	at com.kms.katalon.core.main.TestSuiteExecutor.execute(TestSuiteExecutor.java:106)
	at com.kms.katalon.core.main.TestCaseMain.startTestSuite(TestCaseMain.java:180)
	at TempTestSuite1719210037926.run(TempTestSuite1719210037926.groovy:35)
	at java.base/jdk.internal.reflect.NativeMethodAccessorImpl.invoke0(Native Method)
	at java.base/jdk.internal.reflect.NativeMethodAccessorImpl.invoke(NativeMethodAccessorImpl.java:77)
	at java.base/jdk.internal.reflect.DelegatingMethodAccessorImpl.invoke(DelegatingMethodAccessorImpl.java:43)
Caused by: com.kms.katalon.core.webui.exception.WebElementNotFoundException: Web element with id: 'Object Repository/BackOfficePaperBase/EncoderPaperbaseCheckEligibility/crossButtonTemp' located by '//button[text()="×"]' not found
	at com.kms.katalon.core.webui.common.WebUiCommonHelper.findWebElement(WebUiCommonHelper.java:1426)
	at com.kms.katalon.core.webui.keyword.internal.WebUIAbstractKeyword.findWebElement(WebUIAbstractKeyword.groovy:27)
	at com.kms.katalon.core.webui.keyword.builtin.ClickKeyword$_click_closure1.doCall(ClickKeyword.groovy:65)
	at com.kms.katalon.core.webui.keyword.builtin.ClickKeyword$_click_closure1.call(ClickKeyword.groovy)
	at com.kms.katalon.core.webui.keyword.internal.WebUIKeywordMain.runKeyword(WebUIKeywordMain.groovy:20)
	at com.kms.katalon.core.webui.keyword.builtin.ClickKeyword.click(ClickKeyword.groovy:74)
	at com.kms.katalon.core.webui.keyword.builtin.ClickKeyword.execute(ClickKeyword.groovy:40)
	at com.kms.katalon.core.keyword.internal.KeywordExecutor.executeKeywordForPlatform(KeywordExecutor.groovy:74)
	at com.kms.katalon.core.webui.keyword.WebUiBuiltInKeywords.click(WebUiBuiltInKeywords.groovy:659)
	at tabSection.CheckEligibility.checkEligibilityForPaperBased(CheckEligibility.groovy:277)
	at java.base/jdk.internal.reflect.NativeMethodAccessorImpl.invoke0(Native Method)
	at java.base/jdk.internal.reflect.NativeMethodAccessorImpl.invoke(NativeMethodAccessorImpl.java:77)
	at java.base/jdk.internal.reflect.DelegatingMethodAccessorImpl.invoke(DelegatingMethodAccessorImpl.java:43)
	at tabSection.CheckEligibility.checkEligibilityForEncoderPaperBased(CheckEligibility.groovy:426)
	at java.base/jdk.internal.reflect.NativeMethodAccessorImpl.invoke0(Native Method)
	at java.base/jdk.internal.reflect.NativeMethodAccessorImpl.invoke(NativeMethodAccessorImpl.java:77)
	at java.base/jdk.internal.reflect.DelegatingMethodAccessorImpl.invoke(DelegatingMethodAccessorImpl.java:43)
	at com.kms.katalon.core.main.CustomKeywordDelegatingMetaClass.invokeStaticMethod(CustomKeywordDelegatingMetaClass.java:55)
	at Script1716354281890.run(Script1716354281890.groovy:20)
	... 15 more
)
	at com.kms.katalon.core.keyword.internal.KeywordMain.stepFailed(KeywordMain.groovy:39)
	at com.kms.katalon.core.webui.keyword.internal.WebUIKeywordMain.stepFailed(WebUIKeywordMain.groovy:64)
	at com.kms.katalon.core.webui.keyword.internal.WebUIKeywordMain.runKeyword(WebUIKeywordMain.groovy:26)
	at com.kms.katalon.core.webui.keyword.builtin.ClickKeyword.click(ClickKeyword.groovy:74)
	at com.kms.katalon.core.webui.keyword.builtin.ClickKeyword.execute(ClickKeyword.groovy:40)
	at com.kms.katalon.core.keyword.internal.KeywordExecutor.executeKeywordForPlatform(KeywordExecutor.groovy:74)
	at com.kms.katalon.core.webui.keyword.WebUiBuiltInKeywords.click(WebUiBuiltInKeywords.groovy:659)
	at tabSection.CheckEligibility.checkEligibilityForPaperBased(CheckEligibility.groovy:277)
	at java.base/jdk.internal.reflect.NativeMethodAccessorImpl.invoke0(Native Method)
	at java.base/jdk.internal.reflect.NativeMethodAccessorImpl.invoke(NativeMethodAccessorImpl.java:77)
	at java.base/jdk.internal.reflect.DelegatingMethodAccessorImpl.invoke(DelegatingMethodAccessorImpl.java:43)
	at tabSection.CheckEligibility.checkEligibilityForEncoderPaperBased(CheckEligibility.groovy:426)
	at java.base/jdk.internal.reflect.NativeMethodAccessorImpl.invoke0(Native Method)
	at java.base/jdk.internal.reflect.NativeMethodAccessorImpl.invoke(NativeMethodAccessorImpl.java:77)
	at java.base/jdk.internal.reflect.DelegatingMethodAccessorImpl.invoke(DelegatingMethodAccessorImpl.java:43)
	at com.kms.katalon.core.main.CustomKeywordDelegatingMetaClass.invokeStaticMethod(CustomKeywordDelegatingMetaClass.java:55)
	at CheckEligibility.run(CheckEligibility:20)
	at com.kms.katalon.core.main.ScriptEngine.run(ScriptEngine.java:194)
	at com.kms.katalon.core.main.ScriptEngine.runScriptAsRawText(ScriptEngine.java:119)
	at com.kms.katalon.core.main.TestCaseExecutor.runScript(TestCaseExecutor.java:448)
	at com.kms.katalon.core.main.TestCaseExecutor.doExecute(TestCaseExecutor.java:439)
	at com.kms.katalon.core.main.TestCaseExecutor.processExecutionPhase(TestCaseExecutor.java:418)
	at com.kms.katalon.core.main.TestCaseExecutor.accessMainPhase(TestCaseExecutor.java:410)
	at com.kms.katalon.core.main.TestCaseExecutor.execute(TestCaseExecutor.java:285)
	at com.kms.katalon.core.common.CommonExecutor.accessTestCaseMainPhase(CommonExecutor.java:65)
	at com.kms.katalon.core.main.TestSuiteExecutor.accessTestSuiteMainPhase(TestSuiteExecutor.java:150)
	at com.kms.katalon.core.main.TestSuiteExecutor.execute(TestSuiteExecutor.java:106)
	at com.kms.katalon.core.main.TestCaseMain.startTestSuite(TestCaseMain.java:180)
	at TempTestSuite1719210037926.run(TempTestSuite1719210037926.groovy:35)
	at java.base/jdk.internal.reflect.NativeMethodAccessorImpl.invoke0(Native Method)
	at java.base/jdk.internal.reflect.NativeMethodAccessorImpl.invoke(NativeMethodAccessorImpl.java:77)
	at java.base/jdk.internal.reflect.DelegatingMethodAccessorImpl.invoke(DelegatingMethodAccessorImpl.java:43)
Caused by: com.kms.katalon.core.exception.StepFailedException: Unable to click on object 'Object Repository/BackOfficePaperBase/EncoderPaperbaseCheckEligibility/crossButtonTemp'
	... 31 more
Caused by: com.kms.katalon.core.webui.exception.WebElementNotFoundException: Web element with id: 'Object Repository/BackOfficePaperBase/EncoderPaperbaseCheckEligibility/crossButtonTemp' located by '//button[text()="×"]' not found
	at com.kms.katalon.core.webui.common.WebUiCommonHelper.findWebElement(WebUiCommonHelper.java:1426)
	at com.kms.katalon.core.webui.keyword.internal.WebUIAbstractKeyword.findWebElement(WebUIAbstractKeyword.groovy:27)
	at com.kms.katalon.core.webui.keyword.builtin.ClickKeyword$_click_closure1.doCall(ClickKeyword.groovy:65)
	at com.kms.katalon.core.webui.keyword.builtin.ClickKeyword$_click_closure1.call(ClickKeyword.groovy)
	at com.kms.katalon.core.webui.keyword.internal.WebUIKeywordMain.runKeyword(WebUIKeywordMain.groovy:20)
	... 29 more


24-06-2024T11:57:02 - [TEST_STEP][FAILED] - tabSection.CheckEligibility.checkEligibilityForEncoderPaperBased(): com.kms.katalon.core.exception.StepFailedException: Unable to click on object 'Object Repository/BackOfficePaperBase/EncoderPaperbaseCheckEligibility/crossButtonTemp' (Root cause: com.kms.katalon.core.exception.StepFailedException: Unable to click on object 'Object Repository/BackOfficePaperBase/EncoderPaperbaseCheckEligibility/crossButtonTemp'
	at com.kms.katalon.core.webui.keyword.internal.WebUIKeywordMain.stepFailed(WebUIKeywordMain.groovy:64)
	at com.kms.katalon.core.webui.keyword.internal.WebUIKeywordMain.runKeyword(WebUIKeywordMain.groovy:26)
	at com.kms.katalon.core.webui.keyword.builtin.ClickKeyword.click(ClickKeyword.groovy:74)
	at com.kms.katalon.core.webui.keyword.builtin.ClickKeyword.execute(ClickKeyword.groovy:40)
	at com.kms.katalon.core.keyword.internal.KeywordExecutor.executeKeywordForPlatform(KeywordExecutor.groovy:74)
	at com.kms.katalon.core.webui.keyword.WebUiBuiltInKeywords.click(WebUiBuiltInKeywords.groovy:659)
	at tabSection.CheckEligibility.checkEligibilityForPaperBased(CheckEligibility.groovy:277)
	at java.base/jdk.internal.reflect.NativeMethodAccessorImpl.invoke0(Native Method)
	at java.base/jdk.internal.reflect.NativeMethodAccessorImpl.invoke(NativeMethodAccessorImpl.java:77)
	at java.base/jdk.internal.reflect.DelegatingMethodAccessorImpl.invoke(DelegatingMethodAccessorImpl.java:43)
	at tabSection.CheckEligibility.checkEligibilityForEncoderPaperBased(CheckEligibility.groovy:426)
	at java.base/jdk.internal.reflect.NativeMethodAccessorImpl.invoke0(Native Method)
	at java.base/jdk.internal.reflect.NativeMethodAccessorImpl.invoke(NativeMethodAccessorImpl.java:77)
	at java.base/jdk.internal.reflect.DelegatingMethodAccessorImpl.invoke(DelegatingMethodAccessorImpl.java:43)
	at com.kms.katalon.core.main.CustomKeywordDelegatingMetaClass.invokeStaticMethod(CustomKeywordDelegatingMetaClass.java:55)
	at CheckEligibility.run(CheckEligibility:20)
	at com.kms.katalon.core.main.ScriptEngine.run(ScriptEngine.java:194)
	at com.kms.katalon.core.main.ScriptEngine.runScriptAsRawText(ScriptEngine.java:119)
	at com.kms.katalon.core.main.TestCaseExecutor.runScript(TestCaseExecutor.java:448)
	at com.kms.katalon.core.main.TestCaseExecutor.doExecute(TestCaseExecutor.java:439)
	at com.kms.katalon.core.main.TestCaseExecutor.processExecutionPhase(TestCaseExecutor.java:418)
	at com.kms.katalon.core.main.TestCaseExecutor.accessMainPhase(TestCaseExecutor.java:410)
	at com.kms.katalon.core.main.TestCaseExecutor.execute(TestCaseExecutor.java:285)
	at com.kms.katalon.core.common.CommonExecutor.accessTestCaseMainPhase(CommonExecutor.java:65)
	at com.kms.katalon.core.main.TestSuiteExecutor.accessTestSuiteMainPhase(TestSuiteExecutor.java:150)
	at com.kms.katalon.core.main.TestSuiteExecutor.execute(TestSuiteExecutor.java:106)
	at com.kms.katalon.core.main.TestCaseMain.startTestSuite(TestCaseMain.java:180)
	at TempTestSuite1719210037926.run(TempTestSuite1719210037926.groovy:35)
	at java.base/jdk.internal.reflect.NativeMethodAccessorImpl.invoke0(Native Method)
	at java.base/jdk.internal.reflect.NativeMethodAccessorImpl.invoke(NativeMethodAccessorImpl.java:77)
	at java.base/jdk.internal.reflect.DelegatingMethodAccessorImpl.invoke(DelegatingMethodAccessorImpl.java:43)
Caused by: com.kms.katalon.core.webui.exception.WebElementNotFoundException: Web element with id: 'Object Repository/BackOfficePaperBase/EncoderPaperbaseCheckEligibility/crossButtonTemp' located by '//button[text()="×"]' not found
	at com.kms.katalon.core.webui.common.WebUiCommonHelper.findWebElement(WebUiCommonHelper.java:1426)
	at com.kms.katalon.core.webui.keyword.internal.WebUIAbstractKeyword.findWebElement(WebUIAbstractKeyword.groovy:27)
	at com.kms.katalon.core.webui.keyword.builtin.ClickKeyword$_click_closure1.doCall(ClickKeyword.groovy:65)
	at com.kms.katalon.core.webui.keyword.builtin.ClickKeyword$_click_closure1.call(ClickKeyword.groovy)
	at com.kms.katalon.core.webui.keyword.internal.WebUIKeywordMain.runKeyword(WebUIKeywordMain.groovy:20)
	at com.kms.katalon.core.webui.keyword.builtin.ClickKeyword.click(ClickKeyword.groovy:74)
	at com.kms.katalon.core.webui.keyword.builtin.ClickKeyword.execute(ClickKeyword.groovy:40)
	at com.kms.katalon.core.keyword.internal.KeywordExecutor.executeKeywordForPlatform(KeywordExecutor.groovy:74)
	at com.kms.katalon.core.webui.keyword.WebUiBuiltInKeywords.click(WebUiBuiltInKeywords.groovy:659)
	at tabSection.CheckEligibility.checkEligibilityForPaperBased(CheckEligibility.groovy:277)
	at java.base/jdk.internal.reflect.NativeMethodAccessorImpl.invoke0(Native Method)
	at java.base/jdk.internal.reflect.NativeMethodAccessorImpl.invoke(NativeMethodAccessorImpl.java:77)
	at java.base/jdk.internal.reflect.DelegatingMethodAccessorImpl.invoke(DelegatingMethodAccessorImpl.java:43)
	at tabSection.CheckEligibility.checkEligibilityForEncoderPaperBased(CheckEligibility.groovy:426)
	at java.base/jdk.internal.reflect.NativeMethodAccessorImpl.invoke0(Native Method)
	at java.base/jdk.internal.reflect.NativeMethodAccessorImpl.invoke(NativeMethodAccessorImpl.java:77)
	at java.base/jdk.internal.reflect.DelegatingMethodAccessorImpl.invoke(DelegatingMethodAccessorImpl.java:43)
	at com.kms.katalon.core.main.CustomKeywordDelegatingMetaClass.invokeStaticMethod(CustomKeywordDelegatingMetaClass.java:55)
	at Script1716354281890.run(Script1716354281890.groovy:20)
	... 15 more
)

24-06-2024T11:57:03 - [MESSAGE][PASSED] - Object: 'Object Repository/TabSection/checkEligibility' is clicked on

24-06-2024T11:57:04 - [MESSAGE][PASSED] - Object: 'Object Repository/BackOfficePaperBase/EncoderPaperbaseCheckEligibility/DuplicateApplicationPrincipal' is clicked on

24-06-2024T11:57:05 - [MESSAGE][PASSED] - Delayed 1 second(s)

24-06-2024T11:57:06 - [MESSAGE][PASSED] - Object: 'Object Repository/BackOfficePaperBase/EncoderPaperbaseCheckEligibility/DuplicateApplicationCheckEligibility' is clicked on

24-06-2024T11:57:07 - [MESSAGE][PASSED] - Delayed 1 second(s)

24-06-2024T11:57:08 - [MESSAGE][PASSED] - Delayed 1 second(s)

24-06-2024T11:57:09 - [MESSAGE][PASSED] - Delayed 1 second(s)

24-06-2024T11:57:09 - [MESSAGE][PASSED] - Taking screenshot successfully
[[ATTACHMENT|D:\\newRCBCProject\\RCBCLOS_Automation\\Reports\\20240624_115032\\PaperbaseFlows\\PaperbaseWithAndWithout\\EncoderForWithout\\20240624_115037\\Screenshots/Encoder24_06_2411_53_48/Regression24_06_24_11_57_08.jpg]]

24-06-2024T11:57:10 - [MESSAGE][PASSED] - Delayed 1 second(s)

24-06-2024T11:57:10 - [MESSAGE][PASSED] - Object: 'Object Repository/BackOfficePaperBase/EncoderPaperbaseCheckEligibility/DuplicateApplicationOK' is clicked on

24-06-2024T11:57:11 - [MESSAGE][PASSED] - Delayed 1 second(s)

24-06-2024T11:57:13 - [MESSAGE][PASSED] - Object: 'Object Repository/BackOfficePaperBase/EncoderPaperbaseCheckEligibility/DuplicateApplicationSaveChanges' is clicked on

24-06-2024T11:57:14 - [MESSAGE][PASSED] - Delayed 1 second(s)

24-06-2024T11:57:15 - [MESSAGE][PASSED] - Delayed 1 second(s)

24-06-2024T11:57:16 - [MESSAGE][PASSED] - Delayed 1 second(s)

24-06-2024T11:57:16 - [MESSAGE][PASSED] - Taking screenshot successfully
[[ATTACHMENT|D:\\newRCBCProject\\RCBCLOS_Automation\\Reports\\20240624_115032\\PaperbaseFlows\\PaperbaseWithAndWithout\\EncoderForWithout\\20240624_115037\\Screenshots/Encoder24_06_2411_53_48/Regression24_06_24_11_57_15.jpg]]

24-06-2024T11:57:17 - [MESSAGE][PASSED] - Object: 'Object Repository/BackOfficePaperBase/EncoderPaperbaseCheckEligibility/RPTCheckPrincipal' is clicked on

24-06-2024T11:57:18 - [MESSAGE][PASSED] - Delayed 1 second(s)

24-06-2024T11:57:19 - [MESSAGE][PASSED] - Object: 'Object Repository/BackOfficePaperBase/EncoderPaperbaseCheckEligibility/RPTCheckCheckEligibility' is clicked on

24-06-2024T11:57:20 - [MESSAGE][PASSED] - Delayed 1 second(s)

24-06-2024T11:57:21 - [MESSAGE][PASSED] - Delayed 1 second(s)

24-06-2024T11:57:22 - [MESSAGE][PASSED] - Delayed 1 second(s)

24-06-2024T11:57:22 - [MESSAGE][PASSED] - Taking screenshot successfully
[[ATTACHMENT|D:\\newRCBCProject\\RCBCLOS_Automation\\Reports\\20240624_115032\\PaperbaseFlows\\PaperbaseWithAndWithout\\EncoderForWithout\\20240624_115037\\Screenshots/Encoder24_06_2411_53_48/Regression24_06_24_11_57_21.jpg]]

24-06-2024T11:57:23 - [MESSAGE][PASSED] - Delayed 1 second(s)

24-06-2024T11:57:24 - [MESSAGE][PASSED] - Object: 'Object Repository/BackOfficePaperBase/EncoderPaperbaseCheckEligibility/RPTCheckOK' is clicked on

24-06-2024T11:57:25 - [MESSAGE][PASSED] - Delayed 1 second(s)

24-06-2024T11:57:27 - [MESSAGE][PASSED] - Object: 'Object Repository/BackOfficePaperBase/EncoderPaperbaseCheckEligibility/RPTSaveChanges' is clicked on

24-06-2024T11:57:28 - [MESSAGE][PASSED] - Delayed 1 second(s)

24-06-2024T11:57:29 - [MESSAGE][PASSED] - Delayed 1 second(s)

24-06-2024T11:57:30 - [MESSAGE][PASSED] - Delayed 1 second(s)

24-06-2024T11:57:30 - [MESSAGE][PASSED] - Taking screenshot successfully
[[ATTACHMENT|D:\\newRCBCProject\\RCBCLOS_Automation\\Reports\\20240624_115032\\PaperbaseFlows\\PaperbaseWithAndWithout\\EncoderForWithout\\20240624_115037\\Screenshots/Encoder24_06_2411_53_48/Regression24_06_24_11_57_29.jpg]]

24-06-2024T11:57:31 - [MESSAGE][PASSED] - Object: 'Object Repository/BackOfficePaperBase/EncoderPaperbaseCheckEligibility/DOSRICheckPrincipal' is clicked on

24-06-2024T11:57:32 - [MESSAGE][PASSED] - Delayed 1 second(s)

24-06-2024T11:57:33 - [MESSAGE][PASSED] - Object: 'Object Repository/BackOfficePaperBase/EncoderPaperbaseCheckEligibility/DOSRICheckCheckEligibility' is clicked on

24-06-2024T11:57:34 - [MESSAGE][PASSED] - Delayed 1 second(s)

24-06-2024T11:57:35 - [MESSAGE][PASSED] - Delayed 1 second(s)

24-06-2024T11:57:36 - [MESSAGE][PASSED] - Delayed 1 second(s)

24-06-2024T11:57:36 - [MESSAGE][PASSED] - Taking screenshot successfully
[[ATTACHMENT|D:\\newRCBCProject\\RCBCLOS_Automation\\Reports\\20240624_115032\\PaperbaseFlows\\PaperbaseWithAndWithout\\EncoderForWithout\\20240624_115037\\Screenshots/Encoder24_06_2411_53_48/Regression24_06_24_11_57_35.jpg]]

24-06-2024T11:57:37 - [MESSAGE][PASSED] - Delayed 1 second(s)

24-06-2024T11:57:37 - [MESSAGE][PASSED] - Object: 'Object Repository/BackOfficePaperBase/EncoderPaperbaseCheckEligibility/DOSRICheckOK' is clicked on

24-06-2024T11:57:38 - [MESSAGE][PASSED] - Delayed 1 second(s)

24-06-2024T11:57:40 - [MESSAGE][PASSED] - Object: 'Object Repository/BackOfficePaperBase/EncoderPaperbaseCheckEligibility/DOSRICheckSaveChanges' is clicked on

24-06-2024T11:57:41 - [MESSAGE][PASSED] - Delayed 1 second(s)

24-06-2024T11:57:42 - [MESSAGE][PASSED] - Delayed 1 second(s)

24-06-2024T11:57:43 - [MESSAGE][PASSED] - Delayed 1 second(s)

24-06-2024T11:57:43 - [MESSAGE][PASSED] - Taking screenshot successfully
[[ATTACHMENT|D:\\newRCBCProject\\RCBCLOS_Automation\\Reports\\20240624_115032\\PaperbaseFlows\\PaperbaseWithAndWithout\\EncoderForWithout\\20240624_115037\\Screenshots/Encoder24_06_2411_53_48/Regression24_06_24_11_57_42.jpg]]

24-06-2024T11:57:43 - [MESSAGE][PASSED] - Object: 'Object Repository/BackOfficePaperBase/EncoderPaperbaseCheckEligibility/NegativeFileCheckPrincipal' is clicked on

24-06-2024T11:57:44 - [MESSAGE][PASSED] - Delayed 1 second(s)

24-06-2024T11:57:46 - [MESSAGE][PASSED] - Object: 'Object Repository/BackOfficePaperBase/EncoderPaperbaseCheckEligibility/NegativeFileCheckCheckEligibility' is clicked on

24-06-2024T11:57:47 - [MESSAGE][PASSED] - Delayed 1 second(s)

24-06-2024T11:57:48 - [MESSAGE][PASSED] - Delayed 1 second(s)

24-06-2024T11:57:49 - [MESSAGE][PASSED] - Delayed 1 second(s)

24-06-2024T11:57:49 - [MESSAGE][PASSED] - Taking screenshot successfully
[[ATTACHMENT|D:\\newRCBCProject\\RCBCLOS_Automation\\Reports\\20240624_115032\\PaperbaseFlows\\PaperbaseWithAndWithout\\EncoderForWithout\\20240624_115037\\Screenshots/Encoder24_06_2411_53_48/Regression24_06_24_11_57_48.jpg]]

24-06-2024T11:57:50 - [MESSAGE][PASSED] - Delayed 1 second(s)

24-06-2024T11:57:50 - [MESSAGE][PASSED] - Object: 'Object Repository/BackOfficePaperBase/EncoderPaperbaseCheckEligibility/NegativeFileCheckOK' is clicked on

24-06-2024T11:57:51 - [MESSAGE][PASSED] - Delayed 1 second(s)

24-06-2024T11:57:53 - [MESSAGE][PASSED] - Object: 'Object Repository/BackOfficePaperBase/EncoderPaperbaseCheckEligibility/NegativeFileCheckSaveChanges' is clicked on

24-06-2024T11:57:54 - [MESSAGE][PASSED] - Delayed 1 second(s)

24-06-2024T11:57:55 - [MESSAGE][PASSED] - Delayed 1 second(s)

24-06-2024T11:57:56 - [MESSAGE][PASSED] - Delayed 1 second(s)

24-06-2024T11:57:56 - [MESSAGE][PASSED] - Taking screenshot successfully
[[ATTACHMENT|D:\\newRCBCProject\\RCBCLOS_Automation\\Reports\\20240624_115032\\PaperbaseFlows\\PaperbaseWithAndWithout\\EncoderForWithout\\20240624_115037\\Screenshots/Encoder24_06_2411_53_48/Regression24_06_24_11_57_55.jpg]]

24-06-2024T11:57:57 - [MESSAGE][PASSED] - Delayed 1 second(s)

24-06-2024T11:57:58 - [MESSAGE][PASSED] - Object: 'Object Repository/BackOfficePaperBase/EncoderPaperbaseCheckEligibility/NTBOrETBCheckPrincipal' is clicked on

24-06-2024T11:57:59 - [MESSAGE][PASSED] - Delayed 1 second(s)

24-06-2024T11:58:02 - [MESSAGE][PASSED] - Object: 'Object Repository/BackOfficePaperBase/EncoderPaperbaseCheckEligibility/NTBOrETBCheckCheckEligibility' is clicked on

24-06-2024T11:58:03 - [MESSAGE][PASSED] - Delayed 1 second(s)

24-06-2024T11:58:04 - [MESSAGE][PASSED] - Delayed 1 second(s)

24-06-2024T11:58:05 - [MESSAGE][PASSED] - Delayed 1 second(s)

24-06-2024T11:58:07 - [MESSAGE][PASSED] - Taking screenshot successfully
[[ATTACHMENT|D:\\newRCBCProject\\RCBCLOS_Automation\\Reports\\20240624_115032\\PaperbaseFlows\\PaperbaseWithAndWithout\\EncoderForWithout\\20240624_115037\\Screenshots/Encoder24_06_2411_53_48/Regression24_06_24_11_58_04.jpg]]

24-06-2024T11:58:08 - [MESSAGE][PASSED] - Delayed 1 second(s)

24-06-2024T11:58:09 - [MESSAGE][PASSED] - Object: 'Object Repository/BackOfficePaperBase/EncoderPaperbaseCheckEligibility/NTBOrETBCheckOK' is clicked on

24-06-2024T11:58:10 - [MESSAGE][PASSED] - Delayed 1 second(s)

24-06-2024T11:58:11 - [MESSAGE][PASSED] - Object: 'Object Repository/BackOfficePaperBase/EncoderPaperbaseCheckEligibility/NTBOrETBCheckSaveChanges' is clicked on

24-06-2024T11:58:12 - [MESSAGE][PASSED] - Delayed 1 second(s)

24-06-2024T11:58:13 - [MESSAGE][PASSED] - Delayed 1 second(s)

24-06-2024T11:58:14 - [MESSAGE][PASSED] - Delayed 1 second(s)

24-06-2024T11:58:14 - [MESSAGE][PASSED] - Taking screenshot successfully
[[ATTACHMENT|D:\\newRCBCProject\\RCBCLOS_Automation\\Reports\\20240624_115032\\PaperbaseFlows\\PaperbaseWithAndWithout\\EncoderForWithout\\20240624_115037\\Screenshots/Encoder24_06_2411_53_48/Regression24_06_24_11_58_13.jpg]]

24-06-2024T11:58:15 - [MESSAGE][PASSED] - Delayed 1 second(s)

24-06-2024T11:58:17 - [MESSAGE][PASSED] - Object: 'Object Repository/BackOfficePaperBase/EncoderPaperbaseCheckEligibility/TransunionPrincipal' is clicked on

24-06-2024T11:58:18 - [MESSAGE][PASSED] - Delayed 1 second(s)

24-06-2024T11:58:18 - [MESSAGE][PASSED] - Text 'Ok' is set on object 'Object Repository/BackOfficePaperBase/EncoderPaperbaseCheckEligibility/transunionRemark'

24-06-2024T11:58:19 - [MESSAGE][PASSED] - Delayed 1 second(s)

24-06-2024T11:58:28 - [MESSAGE][PASSED] - Object: 'Object Repository/BackOfficePaperBase/EncoderPaperbaseCheckEligibility/TransunionCheckEligibility' is clicked on

24-06-2024T11:58:29 - [MESSAGE][PASSED] - Delayed 1 second(s)

24-06-2024T11:58:30 - [MESSAGE][PASSED] - Delayed 1 second(s)

24-06-2024T11:58:31 - [MESSAGE][PASSED] - Delayed 1 second(s)

24-06-2024T11:58:31 - [MESSAGE][PASSED] - Taking screenshot successfully
[[ATTACHMENT|D:\\newRCBCProject\\RCBCLOS_Automation\\Reports\\20240624_115032\\PaperbaseFlows\\PaperbaseWithAndWithout\\EncoderForWithout\\20240624_115037\\Screenshots/Encoder24_06_2411_53_48/Regression24_06_24_11_58_30.jpg]]

24-06-2024T11:58:34 - [MESSAGE][PASSED] - Delayed 3 second(s)

24-06-2024T11:58:35 - [MESSAGE][PASSED] - Object: 'Object Repository/BackOfficePaperBase/EncoderPaperbaseCheckEligibility/transUnionOkButton' is clicked on

24-06-2024T11:58:37 - [MESSAGE][PASSED] - Delayed 2 second(s)

24-06-2024T11:58:38 - [MESSAGE][PASSED] - Object: 'Object Repository/BackOfficePaperBase/EncoderPaperbaseCheckEligibility/TransuinionReport' is clicked on

24-06-2024T11:58:39 - [MESSAGE][PASSED] - Delayed 1 second(s)

24-06-2024T11:58:40 - [MESSAGE][PASSED] - Delayed 1 second(s)

24-06-2024T11:58:41 - [MESSAGE][PASSED] - Delayed 1 second(s)

24-06-2024T11:58:41 - [MESSAGE][PASSED] - Taking screenshot successfully
[[ATTACHMENT|D:\\newRCBCProject\\RCBCLOS_Automation\\Reports\\20240624_115032\\PaperbaseFlows\\PaperbaseWithAndWithout\\EncoderForWithout\\20240624_115037\\Screenshots/Encoder24_06_2411_53_48/Regression24_06_24_11_58_40.jpg]]

24-06-2024T11:58:43 - [MESSAGE][PASSED] - Delayed 2 second(s)

24-06-2024T11:58:47 - [MESSAGE][INFO] - Unable to find the element located by 'By.xpath: (//button[text()="OK"])[2]'. Please recheck the objects properties to make sure the desired element is located. 

24-06-2024T11:58:47 - [MESSAGE][WARNING] - [SELF-HEALING] Failed to find element with id 'Object Repository/BackOfficePaperBase/EncoderPaperbaseCheckEligibility/transUnionOkButton'. Try using Self-healing.

24-06-2024T11:58:48 - [MESSAGE][INFO] - [SELF-HEALING] No working XPath is found.

24-06-2024T11:58:49 - [MESSAGE][WARNING] - [SELF-HEALING] javascript error: {"status":32,"value":"Unable to locate an element with the xpath expression  because of the following error:\nSyntaxError: Failed to execute 'evaluate' on 'Document': The string '' is not a valid XPath expression."}
  (Session info: chrome=126.0.6478.114)
Build info: version: '3.141.59', revision: 'unknown', time: 'unknown'
System info: host: 'QKNBK2037', ip: '10.0.6.210', os.name: 'Windows 10', os.arch: 'amd64', os.version: '10.0', java.version: '17.0.7'
Driver info: com.kms.katalon.selenium.driver.CChromeDriver
Capabilities {acceptInsecureCerts: false, browserName: chrome, browserVersion: 126.0.6478.114, chrome: {chromedriverVersion: 125.0.6422.60 (3ac3319bff9f..., userDataDir: C:\Users\ADARSH~1.LOH\AppDa...}, fedcm:accounts: true, goog:chromeOptions: {debuggerAddress: localhost:60459}, javascriptEnabled: true, networkConnectionEnabled: false, pageLoadStrategy: normal, platform: WINDOWS, platformName: WINDOWS, proxy: Proxy(), setWindowRect: true, strictFileInteractability: false, timeouts: {implicit: 0, pageLoad: 300000, script: 30000}, unhandledPromptBehavior: dismiss and notify, webauthn:extension:credBlob: true, webauthn:extension:largeBlob: true, webauthn:extension:minPinLength: true, webauthn:extension:prf: true, webauthn:virtualAuthenticators: true}
Session ID: 974dc72a4d016fbbb20eef4092cd72af
*** Element info: {Using=xpath, value=}

24-06-2024T11:58:49 - [MESSAGE][WARNING] - [SELF-HEALING] Cannot find elements when the selector is null

24-06-2024T11:58:49 - [MESSAGE][WARNING] - Object 'Object Repository/BackOfficePaperBase/EncoderPaperbaseCheckEligibility/transUnionOkButton' is not present after 2 second(s)

24-06-2024T11:58:50 - [MESSAGE][PASSED] - Delayed 1 second(s)

24-06-2024T11:58:52 - [MESSAGE][PASSED] - Object: 'Object Repository/BackOfficePaperBase/EncoderPaperbaseCheckEligibility/TransunionSaveChanges' is clicked on

24-06-2024T11:58:53 - [MESSAGE][PASSED] - Delayed 1 second(s)

24-06-2024T11:58:54 - [MESSAGE][PASSED] - Delayed 1 second(s)

24-06-2024T11:58:55 - [MESSAGE][PASSED] - Delayed 1 second(s)

24-06-2024T11:58:55 - [MESSAGE][PASSED] - Taking screenshot successfully
[[ATTACHMENT|D:\\newRCBCProject\\RCBCLOS_Automation\\Reports\\20240624_115032\\PaperbaseFlows\\PaperbaseWithAndWithout\\EncoderForWithout\\20240624_115037\\Screenshots/Encoder24_06_2411_53_48/Regression24_06_24_11_58_54.jpg]]

24-06-2024T11:58:56 - [MESSAGE][PASSED] - Delayed 1 second(s)

24-06-2024T11:58:57 - [MESSAGE][PASSED] - Object: 'Object Repository/BackOfficePaperBase/EncoderPaperbaseCheckEligibility/AccutyPrincipal' is clicked on

24-06-2024T11:58:58 - [MESSAGE][PASSED] - Delayed 1 second(s)

24-06-2024T11:59:14 - [MESSAGE][PASSED] - Object: 'Object Repository/BackOfficePaperBase/EncoderPaperbaseCheckEligibility/AccutyCheckEligibility' is clicked on

24-06-2024T11:59:16 - [MESSAGE][PASSED] - Delayed 1 second(s)

24-06-2024T11:59:17 - [MESSAGE][PASSED] - Delayed 1 second(s)

24-06-2024T11:59:18 - [MESSAGE][PASSED] - Delayed 1 second(s)

24-06-2024T11:59:18 - [MESSAGE][PASSED] - Taking screenshot successfully
[[ATTACHMENT|D:\\newRCBCProject\\RCBCLOS_Automation\\Reports\\20240624_115032\\PaperbaseFlows\\PaperbaseWithAndWithout\\EncoderForWithout\\20240624_115037\\Screenshots/Encoder24_06_2411_53_48/Regression24_06_24_11_59_17.jpg]]

24-06-2024T11:59:19 - [MESSAGE][PASSED] - Delayed 1 second(s)

24-06-2024T11:59:19 - [MESSAGE][PASSED] - Object: 'Object Repository/BackOfficePaperBase/EncoderPaperbaseCheckEligibility/DOSRICheckOK' is clicked on

24-06-2024T11:59:20 - [MESSAGE][PASSED] - Object 'Object Repository/BackOfficePaperBase/EncoderPaperbaseCheckEligibility/crossButtonTemp' is clickable

24-06-2024T11:59:51 - [MESSAGE][INFO] - Unable to find the element located by 'By.xpath: //button[text()="×"]'. Please recheck the objects properties to make sure the desired element is located. 

24-06-2024T11:59:51 - [MESSAGE][WARNING] - [SELF-HEALING] Failed to find element with id 'Object Repository/BackOfficePaperBase/EncoderPaperbaseCheckEligibility/crossButtonTemp'. Try using Self-healing.

24-06-2024T11:59:52 - [MESSAGE][INFO] - [SELF-HEALING] No working XPath is found.

24-06-2024T11:59:53 - [MESSAGE][WARNING] - [SELF-HEALING] javascript error: {"status":32,"value":"Unable to locate an element with the xpath expression  because of the following error:\nSyntaxError: Failed to execute 'evaluate' on 'Document': The string '' is not a valid XPath expression."}
  (Session info: chrome=126.0.6478.114)
Build info: version: '3.141.59', revision: 'unknown', time: 'unknown'
System info: host: 'QKNBK2037', ip: '10.0.6.210', os.name: 'Windows 10', os.arch: 'amd64', os.version: '10.0', java.version: '17.0.7'
Driver info: com.kms.katalon.selenium.driver.CChromeDriver
Capabilities {acceptInsecureCerts: false, browserName: chrome, browserVersion: 126.0.6478.114, chrome: {chromedriverVersion: 125.0.6422.60 (3ac3319bff9f..., userDataDir: C:\Users\ADARSH~1.LOH\AppDa...}, fedcm:accounts: true, goog:chromeOptions: {debuggerAddress: localhost:60459}, javascriptEnabled: true, networkConnectionEnabled: false, pageLoadStrategy: normal, platform: WINDOWS, platformName: WINDOWS, proxy: Proxy(), setWindowRect: true, strictFileInteractability: false, timeouts: {implicit: 0, pageLoad: 300000, script: 30000}, unhandledPromptBehavior: dismiss and notify, webauthn:extension:credBlob: true, webauthn:extension:largeBlob: true, webauthn:extension:minPinLength: true, webauthn:extension:prf: true, webauthn:virtualAuthenticators: true}
Session ID: 974dc72a4d016fbbb20eef4092cd72af
*** Element info: {Using=xpath, value=}

24-06-2024T11:59:53 - [MESSAGE][WARNING] - [SELF-HEALING] Cannot find elements when the selector is null

24-06-2024T11:59:53 - [MESSAGE][FAILED] - Unable to click on object 'Object Repository/BackOfficePaperBase/EncoderPaperbaseCheckEligibility/crossButtonTemp' (Root cause: com.kms.katalon.core.exception.StepFailedException: Unable to click on object 'Object Repository/BackOfficePaperBase/EncoderPaperbaseCheckEligibility/crossButtonTemp'
	at com.kms.katalon.core.webui.keyword.internal.WebUIKeywordMain.stepFailed(WebUIKeywordMain.groovy:64)
	at com.kms.katalon.core.webui.keyword.internal.WebUIKeywordMain.runKeyword(WebUIKeywordMain.groovy:26)
	at com.kms.katalon.core.webui.keyword.builtin.ClickKeyword.click(ClickKeyword.groovy:74)
	at com.kms.katalon.core.webui.keyword.builtin.ClickKeyword.execute(ClickKeyword.groovy:40)
	at com.kms.katalon.core.keyword.internal.KeywordExecutor.executeKeywordForPlatform(KeywordExecutor.groovy:74)
	at com.kms.katalon.core.webui.keyword.WebUiBuiltInKeywords.click(WebUiBuiltInKeywords.groovy:659)
	at tabSection.CheckEligibility.checkEligibilityForPaperBased(CheckEligibility.groovy:277)
	at java.base/jdk.internal.reflect.NativeMethodAccessorImpl.invoke0(Native Method)
	at java.base/jdk.internal.reflect.NativeMethodAccessorImpl.invoke(NativeMethodAccessorImpl.java:77)
	at java.base/jdk.internal.reflect.DelegatingMethodAccessorImpl.invoke(DelegatingMethodAccessorImpl.java:43)
	at tabSection.CheckEligibility.checkEligibilityForEncoderPaperBased(CheckEligibility.groovy:426)
	at java.base/jdk.internal.reflect.NativeMethodAccessorImpl.invoke0(Native Method)
	at java.base/jdk.internal.reflect.NativeMethodAccessorImpl.invoke(NativeMethodAccessorImpl.java:77)
	at java.base/jdk.internal.reflect.DelegatingMethodAccessorImpl.invoke(DelegatingMethodAccessorImpl.java:43)
	at com.kms.katalon.core.main.CustomKeywordDelegatingMetaClass.invokeStaticMethod(CustomKeywordDelegatingMetaClass.java:55)
	at CheckEligibility.run(CheckEligibility:20)
	at com.kms.katalon.core.main.ScriptEngine.run(ScriptEngine.java:194)
	at com.kms.katalon.core.main.ScriptEngine.runScriptAsRawText(ScriptEngine.java:119)
	at com.kms.katalon.core.main.TestCaseExecutor.runScript(TestCaseExecutor.java:448)
	at com.kms.katalon.core.main.TestCaseExecutor.doExecute(TestCaseExecutor.java:439)
	at com.kms.katalon.core.main.TestCaseExecutor.processExecutionPhase(TestCaseExecutor.java:418)
	at com.kms.katalon.core.main.TestCaseExecutor.accessMainPhase(TestCaseExecutor.java:410)
	at com.kms.katalon.core.main.TestCaseExecutor.execute(TestCaseExecutor.java:285)
	at com.kms.katalon.core.common.CommonExecutor.accessTestCaseMainPhase(CommonExecutor.java:65)
	at com.kms.katalon.core.main.TestSuiteExecutor.accessTestSuiteMainPhase(TestSuiteExecutor.java:150)
	at com.kms.katalon.core.main.TestSuiteExecutor.execute(TestSuiteExecutor.java:106)
	at com.kms.katalon.core.main.TestCaseMain.startTestSuite(TestCaseMain.java:180)
	at TempTestSuite1719210037926.run(TempTestSuite1719210037926.groovy:35)
	at java.base/jdk.internal.reflect.NativeMethodAccessorImpl.invoke0(Native Method)
	at java.base/jdk.internal.reflect.NativeMethodAccessorImpl.invoke(NativeMethodAccessorImpl.java:77)
	at java.base/jdk.internal.reflect.DelegatingMethodAccessorImpl.invoke(DelegatingMethodAccessorImpl.java:43)
Caused by: com.kms.katalon.core.webui.exception.WebElementNotFoundException: Web element with id: 'Object Repository/BackOfficePaperBase/EncoderPaperbaseCheckEligibility/crossButtonTemp' located by '//button[text()="×"]' not found
	at com.kms.katalon.core.webui.common.WebUiCommonHelper.findWebElement(WebUiCommonHelper.java:1426)
	at com.kms.katalon.core.webui.keyword.internal.WebUIAbstractKeyword.findWebElement(WebUIAbstractKeyword.groovy:27)
	at com.kms.katalon.core.webui.keyword.builtin.ClickKeyword$_click_closure1.doCall(ClickKeyword.groovy:65)
	at com.kms.katalon.core.webui.keyword.builtin.ClickKeyword$_click_closure1.call(ClickKeyword.groovy)
	at com.kms.katalon.core.webui.keyword.internal.WebUIKeywordMain.runKeyword(WebUIKeywordMain.groovy:20)
	at com.kms.katalon.core.webui.keyword.builtin.ClickKeyword.click(ClickKeyword.groovy:74)
	at com.kms.katalon.core.webui.keyword.builtin.ClickKeyword.execute(ClickKeyword.groovy:40)
	at com.kms.katalon.core.keyword.internal.KeywordExecutor.executeKeywordForPlatform(KeywordExecutor.groovy:74)
	at com.kms.katalon.core.webui.keyword.WebUiBuiltInKeywords.click(WebUiBuiltInKeywords.groovy:659)
	at tabSection.CheckEligibility.checkEligibilityForPaperBased(CheckEligibility.groovy:277)
	at java.base/jdk.internal.reflect.NativeMethodAccessorImpl.invoke0(Native Method)
	at java.base/jdk.internal.reflect.NativeMethodAccessorImpl.invoke(NativeMethodAccessorImpl.java:77)
	at java.base/jdk.internal.reflect.DelegatingMethodAccessorImpl.invoke(DelegatingMethodAccessorImpl.java:43)
	at tabSection.CheckEligibility.checkEligibilityForEncoderPaperBased(CheckEligibility.groovy:426)
	at java.base/jdk.internal.reflect.NativeMethodAccessorImpl.invoke0(Native Method)
	at java.base/jdk.internal.reflect.NativeMethodAccessorImpl.invoke(NativeMethodAccessorImpl.java:77)
	at java.base/jdk.internal.reflect.DelegatingMethodAccessorImpl.invoke(DelegatingMethodAccessorImpl.java:43)
	at com.kms.katalon.core.main.CustomKeywordDelegatingMetaClass.invokeStaticMethod(CustomKeywordDelegatingMetaClass.java:55)
	at Script1716354281890.run(Script1716354281890.groovy:20)
	... 15 more
)
[[ATTACHMENT|D:\\newRCBCProject\\RCBCLOS_Automation\\Reports\\20240624_115032\\PaperbaseFlows\\PaperbaseWithAndWithout\\EncoderForWithout\\20240624_115037\\1719210593348.png]]

24-06-2024T11:59:54 - [MESSAGE][PASSED] - Delayed 1 second(s)

24-06-2024T11:59:55 - [MESSAGE][PASSED] - All options with index in [1] are selected on object 'Object Repository/BackOfficePaperBase/EncoderPaperbaseCheckEligibility/AccutyResult'

24-06-2024T11:59:56 - [MESSAGE][PASSED] - Delayed 1 second(s)

24-06-2024T11:59:57 - [MESSAGE][PASSED] - Delayed 1 second(s)

24-06-2024T11:59:58 - [MESSAGE][PASSED] - Delayed 1 second(s)

24-06-2024T11:59:58 - [MESSAGE][PASSED] - Taking screenshot successfully
[[ATTACHMENT|D:\\newRCBCProject\\RCBCLOS_Automation\\Reports\\20240624_115032\\PaperbaseFlows\\PaperbaseWithAndWithout\\EncoderForWithout\\20240624_115037\\Screenshots/Encoder24_06_2411_53_48/Regression24_06_24_11_59_57.jpg]]

24-06-2024T11:59:59 - [MESSAGE][PASSED] - Delayed 1 second(s)

24-06-2024T12:00:01 - [MESSAGE][PASSED] - Object: 'Object Repository/BackOfficePaperBase/EncoderPaperbaseCheckEligibility/AccutySaveChanges' is clicked on

24-06-2024T12:00:02 - [MESSAGE][PASSED] - Delayed 1 second(s)

24-06-2024T12:00:03 - [MESSAGE][PASSED] - Delayed 1 second(s)

24-06-2024T12:00:04 - [MESSAGE][PASSED] - Delayed 1 second(s)

24-06-2024T12:00:04 - [MESSAGE][PASSED] - Taking screenshot successfully
[[ATTACHMENT|D:\\newRCBCProject\\RCBCLOS_Automation\\Reports\\20240624_115032\\PaperbaseFlows\\PaperbaseWithAndWithout\\EncoderForWithout\\20240624_115037\\Screenshots/Encoder24_06_2411_53_48/Regression24_06_24_12_00_03.jpg]]

24-06-2024T12:00:05 - [MESSAGE][PASSED] - Delayed 1 second(s)

24-06-2024T12:00:05 - [MESSAGE][PASSED] - Text '2000' is set on object 'Object Repository/BackOffice/EncoderNSTP/checkEligibility/quickCheckNumericalScore'

24-06-2024T12:00:07 - [MESSAGE][PASSED] - All options with index in [6] are selected on object 'Object Repository/BackOffice/EncoderNSTP/checkEligibility/quickCheckRiskLevel'

24-06-2024T12:00:07 - [MESSAGE][PASSED] - Text '3000' is set on object 'Object Repository/BackOffice/EncoderNSTP/checkEligibility/compreCheckNumricalScore'

24-06-2024T12:00:08 - [MESSAGE][PASSED] - All options with index in [6] are selected on object 'Object Repository/BackOffice/EncoderNSTP/checkEligibility/compreCheckRiskLevel'

24-06-2024T12:00:09 - [MESSAGE][PASSED] - Delayed 1 second(s)

24-06-2024T12:00:10 - [MESSAGE][PASSED] - Delayed 1 second(s)

24-06-2024T12:00:11 - [MESSAGE][PASSED] - Delayed 1 second(s)

24-06-2024T12:00:11 - [MESSAGE][PASSED] - Taking screenshot successfully
[[ATTACHMENT|D:\\newRCBCProject\\RCBCLOS_Automation\\Reports\\20240624_115032\\PaperbaseFlows\\PaperbaseWithAndWithout\\EncoderForWithout\\20240624_115037\\Screenshots/Encoder24_06_2411_53_48/Regression24_06_24_12_00_10.jpg]]

24-06-2024T12:00:11 - [MESSAGE][FAILED] - com.kms.katalon.core.exception.StepFailedException: Unable to click on object 'Object Repository/BackOfficePaperBase/EncoderPaperbaseCheckEligibility/crossButtonTemp' (Root cause: com.kms.katalon.core.exception.StepFailedException: Unable to click on object 'Object Repository/BackOfficePaperBase/EncoderPaperbaseCheckEligibility/crossButtonTemp'
	at com.kms.katalon.core.webui.keyword.internal.WebUIKeywordMain.stepFailed(WebUIKeywordMain.groovy:64)
	at com.kms.katalon.core.webui.keyword.internal.WebUIKeywordMain.runKeyword(WebUIKeywordMain.groovy:26)
	at com.kms.katalon.core.webui.keyword.builtin.ClickKeyword.click(ClickKeyword.groovy:74)
	at com.kms.katalon.core.webui.keyword.builtin.ClickKeyword.execute(ClickKeyword.groovy:40)
	at com.kms.katalon.core.keyword.internal.KeywordExecutor.executeKeywordForPlatform(KeywordExecutor.groovy:74)
	at com.kms.katalon.core.webui.keyword.WebUiBuiltInKeywords.click(WebUiBuiltInKeywords.groovy:659)
	at tabSection.CheckEligibility.checkEligibilityForPaperBased(CheckEligibility.groovy:277)
	at java.base/jdk.internal.reflect.NativeMethodAccessorImpl.invoke0(Native Method)
	at java.base/jdk.internal.reflect.NativeMethodAccessorImpl.invoke(NativeMethodAccessorImpl.java:77)
	at java.base/jdk.internal.reflect.DelegatingMethodAccessorImpl.invoke(DelegatingMethodAccessorImpl.java:43)
	at tabSection.CheckEligibility.checkEligibilityForEncoderPaperBased(CheckEligibility.groovy:426)
	at java.base/jdk.internal.reflect.NativeMethodAccessorImpl.invoke0(Native Method)
	at java.base/jdk.internal.reflect.NativeMethodAccessorImpl.invoke(NativeMethodAccessorImpl.java:77)
	at java.base/jdk.internal.reflect.DelegatingMethodAccessorImpl.invoke(DelegatingMethodAccessorImpl.java:43)
	at com.kms.katalon.core.main.CustomKeywordDelegatingMetaClass.invokeStaticMethod(CustomKeywordDelegatingMetaClass.java:55)
	at CheckEligibility.run(CheckEligibility:20)
	at com.kms.katalon.core.main.ScriptEngine.run(ScriptEngine.java:194)
	at com.kms.katalon.core.main.ScriptEngine.runScriptAsRawText(ScriptEngine.java:119)
	at com.kms.katalon.core.main.TestCaseExecutor.runScript(TestCaseExecutor.java:448)
	at com.kms.katalon.core.main.TestCaseExecutor.doExecute(TestCaseExecutor.java:439)
	at com.kms.katalon.core.main.TestCaseExecutor.processExecutionPhase(TestCaseExecutor.java:418)
	at com.kms.katalon.core.main.TestCaseExecutor.accessMainPhase(TestCaseExecutor.java:410)
	at com.kms.katalon.core.main.TestCaseExecutor.execute(TestCaseExecutor.java:285)
	at com.kms.katalon.core.common.CommonExecutor.accessTestCaseMainPhase(CommonExecutor.java:65)
	at com.kms.katalon.core.main.TestSuiteExecutor.accessTestSuiteMainPhase(TestSuiteExecutor.java:150)
	at com.kms.katalon.core.main.TestSuiteExecutor.execute(TestSuiteExecutor.java:106)
	at com.kms.katalon.core.main.TestCaseMain.startTestSuite(TestCaseMain.java:180)
	at TempTestSuite1719210037926.run(TempTestSuite1719210037926.groovy:35)
	at java.base/jdk.internal.reflect.NativeMethodAccessorImpl.invoke0(Native Method)
	at java.base/jdk.internal.reflect.NativeMethodAccessorImpl.invoke(NativeMethodAccessorImpl.java:77)
	at java.base/jdk.internal.reflect.DelegatingMethodAccessorImpl.invoke(DelegatingMethodAccessorImpl.java:43)
Caused by: com.kms.katalon.core.webui.exception.WebElementNotFoundException: Web element with id: 'Object Repository/BackOfficePaperBase/EncoderPaperbaseCheckEligibility/crossButtonTemp' located by '//button[text()="×"]' not found
	at com.kms.katalon.core.webui.common.WebUiCommonHelper.findWebElement(WebUiCommonHelper.java:1426)
	at com.kms.katalon.core.webui.keyword.internal.WebUIAbstractKeyword.findWebElement(WebUIAbstractKeyword.groovy:27)
	at com.kms.katalon.core.webui.keyword.builtin.ClickKeyword$_click_closure1.doCall(ClickKeyword.groovy:65)
	at com.kms.katalon.core.webui.keyword.builtin.ClickKeyword$_click_closure1.call(ClickKeyword.groovy)
	at com.kms.katalon.core.webui.keyword.internal.WebUIKeywordMain.runKeyword(WebUIKeywordMain.groovy:20)
	at com.kms.katalon.core.webui.keyword.builtin.ClickKeyword.click(ClickKeyword.groovy:74)
	at com.kms.katalon.core.webui.keyword.builtin.ClickKeyword.execute(ClickKeyword.groovy:40)
	at com.kms.katalon.core.keyword.internal.KeywordExecutor.executeKeywordForPlatform(KeywordExecutor.groovy:74)
	at com.kms.katalon.core.webui.keyword.WebUiBuiltInKeywords.click(WebUiBuiltInKeywords.groovy:659)
	at tabSection.CheckEligibility.checkEligibilityForPaperBased(CheckEligibility.groovy:277)
	at java.base/jdk.internal.reflect.NativeMethodAccessorImpl.invoke0(Native Method)
	at java.base/jdk.internal.reflect.NativeMethodAccessorImpl.invoke(NativeMethodAccessorImpl.java:77)
	at java.base/jdk.internal.reflect.DelegatingMethodAccessorImpl.invoke(DelegatingMethodAccessorImpl.java:43)
	at tabSection.CheckEligibility.checkEligibilityForEncoderPaperBased(CheckEligibility.groovy:426)
	at java.base/jdk.internal.reflect.NativeMethodAccessorImpl.invoke0(Native Method)
	at java.base/jdk.internal.reflect.NativeMethodAccessorImpl.invoke(NativeMethodAccessorImpl.java:77)
	at java.base/jdk.internal.reflect.DelegatingMethodAccessorImpl.invoke(DelegatingMethodAccessorImpl.java:43)
	at com.kms.katalon.core.main.CustomKeywordDelegatingMetaClass.invokeStaticMethod(CustomKeywordDelegatingMetaClass.java:55)
	at Script1716354281890.run(Script1716354281890.groovy:20)
	... 15 more
)

24-06-2024T12:00:13 - [TEST_STEP][PASSED] - Video: Video recording for test case 'Test Cases/Paper_STPWithAndWithoutAPI/Encoder/CheckEligibility' .

24-06-2024T12:00:13 - [MESSAGE][INFO] - Video recording for test case 'Test Cases/Paper_STPWithAndWithoutAPI/Encoder/CheckEligibility' .]]></system-out>
         <system-err><![CDATA[24-06-2024T11:57:02 - [TEST_CASE][FAILED] - Test Cases/Paper_STPWithAndWithoutAPI/Encoder/CheckEligibility: Test Cases/Paper_STPWithAndWithoutAPI/Encoder/CheckEligibility FAILED.
Reason:
com.kms.katalon.core.exception.StepFailedException: Unable to click on object 'Object Repository/BackOfficePaperBase/EncoderPaperbaseCheckEligibility/crossButtonTemp' (Root cause: com.kms.katalon.core.exception.StepFailedException: Unable to click on object 'Object Repository/BackOfficePaperBase/EncoderPaperbaseCheckEligibility/crossButtonTemp'
	at com.kms.katalon.core.webui.keyword.internal.WebUIKeywordMain.stepFailed(WebUIKeywordMain.groovy:64)
	at com.kms.katalon.core.webui.keyword.internal.WebUIKeywordMain.runKeyword(WebUIKeywordMain.groovy:26)
	at com.kms.katalon.core.webui.keyword.builtin.ClickKeyword.click(ClickKeyword.groovy:74)
	at com.kms.katalon.core.webui.keyword.builtin.ClickKeyword.execute(ClickKeyword.groovy:40)
	at com.kms.katalon.core.keyword.internal.KeywordExecutor.executeKeywordForPlatform(KeywordExecutor.groovy:74)
	at com.kms.katalon.core.webui.keyword.WebUiBuiltInKeywords.click(WebUiBuiltInKeywords.groovy:659)
	at tabSection.CheckEligibility.checkEligibilityForPaperBased(CheckEligibility.groovy:277)
	at java.base/jdk.internal.reflect.NativeMethodAccessorImpl.invoke0(Native Method)
	at java.base/jdk.internal.reflect.NativeMethodAccessorImpl.invoke(NativeMethodAccessorImpl.java:77)
	at java.base/jdk.internal.reflect.DelegatingMethodAccessorImpl.invoke(DelegatingMethodAccessorImpl.java:43)
	at tabSection.CheckEligibility.checkEligibilityForEncoderPaperBased(CheckEligibility.groovy:426)
	at java.base/jdk.internal.reflect.NativeMethodAccessorImpl.invoke0(Native Method)
	at java.base/jdk.internal.reflect.NativeMethodAccessorImpl.invoke(NativeMethodAccessorImpl.java:77)
	at java.base/jdk.internal.reflect.DelegatingMethodAccessorImpl.invoke(DelegatingMethodAccessorImpl.java:43)
	at com.kms.katalon.core.main.CustomKeywordDelegatingMetaClass.invokeStaticMethod(CustomKeywordDelegatingMetaClass.java:55)
	at CheckEligibility.run(CheckEligibility:20)
	at com.kms.katalon.core.main.ScriptEngine.run(ScriptEngine.java:194)
	at com.kms.katalon.core.main.ScriptEngine.runScriptAsRawText(ScriptEngine.java:119)
	at com.kms.katalon.core.main.TestCaseExecutor.runScript(TestCaseExecutor.java:448)
	at com.kms.katalon.core.main.TestCaseExecutor.doExecute(TestCaseExecutor.java:439)
	at com.kms.katalon.core.main.TestCaseExecutor.processExecutionPhase(TestCaseExecutor.java:418)
	at com.kms.katalon.core.main.TestCaseExecutor.accessMainPhase(TestCaseExecutor.java:410)
	at com.kms.katalon.core.main.TestCaseExecutor.execute(TestCaseExecutor.java:285)
	at com.kms.katalon.core.common.CommonExecutor.accessTestCaseMainPhase(CommonExecutor.java:65)
	at com.kms.katalon.core.main.TestSuiteExecutor.accessTestSuiteMainPhase(TestSuiteExecutor.java:150)
	at com.kms.katalon.core.main.TestSuiteExecutor.execute(TestSuiteExecutor.java:106)
	at com.kms.katalon.core.main.TestCaseMain.startTestSuite(TestCaseMain.java:180)
	at TempTestSuite1719210037926.run(TempTestSuite1719210037926.groovy:35)
	at java.base/jdk.internal.reflect.NativeMethodAccessorImpl.invoke0(Native Method)
	at java.base/jdk.internal.reflect.NativeMethodAccessorImpl.invoke(NativeMethodAccessorImpl.java:77)
	at java.base/jdk.internal.reflect.DelegatingMethodAccessorImpl.invoke(DelegatingMethodAccessorImpl.java:43)
Caused by: com.kms.katalon.core.webui.exception.WebElementNotFoundException: Web element with id: 'Object Repository/BackOfficePaperBase/EncoderPaperbaseCheckEligibility/crossButtonTemp' located by '//button[text()="×"]' not found
	at com.kms.katalon.core.webui.common.WebUiCommonHelper.findWebElement(WebUiCommonHelper.java:1426)
	at com.kms.katalon.core.webui.keyword.internal.WebUIAbstractKeyword.findWebElement(WebUIAbstractKeyword.groovy:27)
	at com.kms.katalon.core.webui.keyword.builtin.ClickKeyword$_click_closure1.doCall(ClickKeyword.groovy:65)
	at com.kms.katalon.core.webui.keyword.builtin.ClickKeyword$_click_closure1.call(ClickKeyword.groovy)
	at com.kms.katalon.core.webui.keyword.internal.WebUIKeywordMain.runKeyword(WebUIKeywordMain.groovy:20)
	at com.kms.katalon.core.webui.keyword.builtin.ClickKeyword.click(ClickKeyword.groovy:74)
	at com.kms.katalon.core.webui.keyword.builtin.ClickKeyword.execute(ClickKeyword.groovy:40)
	at com.kms.katalon.core.keyword.internal.KeywordExecutor.executeKeywordForPlatform(KeywordExecutor.groovy:74)
	at com.kms.katalon.core.webui.keyword.WebUiBuiltInKeywords.click(WebUiBuiltInKeywords.groovy:659)
	at tabSection.CheckEligibility.checkEligibilityForPaperBased(CheckEligibility.groovy:277)
	at java.base/jdk.internal.reflect.NativeMethodAccessorImpl.invoke0(Native Method)
	at java.base/jdk.internal.reflect.NativeMethodAccessorImpl.invoke(NativeMethodAccessorImpl.java:77)
	at java.base/jdk.internal.reflect.DelegatingMethodAccessorImpl.invoke(DelegatingMethodAccessorImpl.java:43)
	at tabSection.CheckEligibility.checkEligibilityForEncoderPaperBased(CheckEligibility.groovy:426)
	at java.base/jdk.internal.reflect.NativeMethodAccessorImpl.invoke0(Native Method)
	at java.base/jdk.internal.reflect.NativeMethodAccessorImpl.invoke(NativeMethodAccessorImpl.java:77)
	at java.base/jdk.internal.reflect.DelegatingMethodAccessorImpl.invoke(DelegatingMethodAccessorImpl.java:43)
	at com.kms.katalon.core.main.CustomKeywordDelegatingMetaClass.invokeStaticMethod(CustomKeywordDelegatingMetaClass.java:55)
	at Script1716354281890.run(Script1716354281890.groovy:20)
	... 15 more
)
	at com.kms.katalon.core.keyword.internal.KeywordMain.stepFailed(KeywordMain.groovy:39)
	at com.kms.katalon.core.webui.keyword.internal.WebUIKeywordMain.stepFailed(WebUIKeywordMain.groovy:64)
	at com.kms.katalon.core.webui.keyword.internal.WebUIKeywordMain.runKeyword(WebUIKeywordMain.groovy:26)
	at com.kms.katalon.core.webui.keyword.builtin.ClickKeyword.click(ClickKeyword.groovy:74)
	at com.kms.katalon.core.webui.keyword.builtin.ClickKeyword.execute(ClickKeyword.groovy:40)
	at com.kms.katalon.core.keyword.internal.KeywordExecutor.executeKeywordForPlatform(KeywordExecutor.groovy:74)
	at com.kms.katalon.core.webui.keyword.WebUiBuiltInKeywords.click(WebUiBuiltInKeywords.groovy:659)
	at tabSection.CheckEligibility.checkEligibilityForPaperBased(CheckEligibility.groovy:277)
	at java.base/jdk.internal.reflect.NativeMethodAccessorImpl.invoke0(Native Method)
	at java.base/jdk.internal.reflect.NativeMethodAccessorImpl.invoke(NativeMethodAccessorImpl.java:77)
	at java.base/jdk.internal.reflect.DelegatingMethodAccessorImpl.invoke(DelegatingMethodAccessorImpl.java:43)
	at tabSection.CheckEligibility.checkEligibilityForEncoderPaperBased(CheckEligibility.groovy:426)
	at java.base/jdk.internal.reflect.NativeMethodAccessorImpl.invoke0(Native Method)
	at java.base/jdk.internal.reflect.NativeMethodAccessorImpl.invoke(NativeMethodAccessorImpl.java:77)
	at java.base/jdk.internal.reflect.DelegatingMethodAccessorImpl.invoke(DelegatingMethodAccessorImpl.java:43)
	at com.kms.katalon.core.main.CustomKeywordDelegatingMetaClass.invokeStaticMethod(CustomKeywordDelegatingMetaClass.java:55)
	at CheckEligibility.run(CheckEligibility:20)
	at com.kms.katalon.core.main.ScriptEngine.run(ScriptEngine.java:194)
	at com.kms.katalon.core.main.ScriptEngine.runScriptAsRawText(ScriptEngine.java:119)
	at com.kms.katalon.core.main.TestCaseExecutor.runScript(TestCaseExecutor.java:448)
	at com.kms.katalon.core.main.TestCaseExecutor.doExecute(TestCaseExecutor.java:439)
	at com.kms.katalon.core.main.TestCaseExecutor.processExecutionPhase(TestCaseExecutor.java:418)
	at com.kms.katalon.core.main.TestCaseExecutor.accessMainPhase(TestCaseExecutor.java:410)
	at com.kms.katalon.core.main.TestCaseExecutor.execute(TestCaseExecutor.java:285)
	at com.kms.katalon.core.common.CommonExecutor.accessTestCaseMainPhase(CommonExecutor.java:65)
	at com.kms.katalon.core.main.TestSuiteExecutor.accessTestSuiteMainPhase(TestSuiteExecutor.java:150)
	at com.kms.katalon.core.main.TestSuiteExecutor.execute(TestSuiteExecutor.java:106)
	at com.kms.katalon.core.main.TestCaseMain.startTestSuite(TestCaseMain.java:180)
	at TempTestSuite1719210037926.run(TempTestSuite1719210037926.groovy:35)
	at java.base/jdk.internal.reflect.NativeMethodAccessorImpl.invoke0(Native Method)
	at java.base/jdk.internal.reflect.NativeMethodAccessorImpl.invoke(NativeMethodAccessorImpl.java:77)
	at java.base/jdk.internal.reflect.DelegatingMethodAccessorImpl.invoke(DelegatingMethodAccessorImpl.java:43)
Caused by: com.kms.katalon.core.exception.StepFailedException: Unable to click on object 'Object Repository/BackOfficePaperBase/EncoderPaperbaseCheckEligibility/crossButtonTemp'
	... 31 more
Caused by: com.kms.katalon.core.webui.exception.WebElementNotFoundException: Web element with id: 'Object Repository/BackOfficePaperBase/EncoderPaperbaseCheckEligibility/crossButtonTemp' located by '//button[text()="×"]' not found
	at com.kms.katalon.core.webui.common.WebUiCommonHelper.findWebElement(WebUiCommonHelper.java:1426)
	at com.kms.katalon.core.webui.keyword.internal.WebUIAbstractKeyword.findWebElement(WebUIAbstractKeyword.groovy:27)
	at com.kms.katalon.core.webui.keyword.builtin.ClickKeyword$_click_closure1.doCall(ClickKeyword.groovy:65)
	at com.kms.katalon.core.webui.keyword.builtin.ClickKeyword$_click_closure1.call(ClickKeyword.groovy)
	at com.kms.katalon.core.webui.keyword.internal.WebUIKeywordMain.runKeyword(WebUIKeywordMain.groovy:20)
	... 29 more]]></system-err>
      </testcase>
      <testcase name="Test Cases/Paper_STPWithAndWithoutAPI/Encoder/CreditEvaluation" time="2.715" classname="Test Cases/Paper_STPWithAndWithoutAPI/Encoder/CreditEvaluation" status="PASSED">
         <system-out><![CDATA[24-06-2024T12:00:13 - [TEST_CASE][PASSED] - Test Cases/Paper_STPWithAndWithoutAPI/Encoder/CreditEvaluation: Test Cases/Paper_STPWithAndWithoutAPI/Encoder/CreditEvaluation

24-06-2024T12:00:13 - [TEST_STEP][PASSED] - tabSection.CreditEvaluation.creditEvaluationForEncoderPaperBased(): tabSection.CreditEvaluation.creditEvaluationForEncoderPaperBased is PASSED

24-06-2024T12:00:14 - [MESSAGE][PASSED] - Object: 'Object Repository/TabSection/creditEvaluation' is clicked on

24-06-2024T12:00:14 - [MESSAGE][PASSED] - tabSection.CreditEvaluation.creditEvaluationForEncoderPaperBased is PASSED

24-06-2024T12:00:16 - [TEST_STEP][PASSED] - Video: Video recording for test case 'Test Cases/Paper_STPWithAndWithoutAPI/Encoder/CreditEvaluation' .

24-06-2024T12:00:16 - [MESSAGE][INFO] - Video recording for test case 'Test Cases/Paper_STPWithAndWithoutAPI/Encoder/CreditEvaluation' .]]></system-out>
         <system-err><![CDATA[]]></system-err>
      </testcase>
      <testcase name="Test Cases/Paper_STPWithAndWithoutAPI/Encoder/CreditInvestigation" time="6.084" classname="Test Cases/Paper_STPWithAndWithoutAPI/Encoder/CreditInvestigation" status="PASSED">
         <system-out><![CDATA[24-06-2024T12:00:16 - [TEST_CASE][PASSED] - Test Cases/Paper_STPWithAndWithoutAPI/Encoder/CreditInvestigation: Test Cases/Paper_STPWithAndWithoutAPI/Encoder/CreditInvestigation

24-06-2024T12:00:16 - [TEST_STEP][PASSED] - tabSection.CreditInvestigation.creditInvestigationForEncoderPaperbased(): tabSection.CreditInvestigation.creditInvestigationForEncoderPaperbased is PASSED

24-06-2024T12:00:17 - [MESSAGE][PASSED] - Object: 'Object Repository/TabSection/creditInvestigation' is clicked on

24-06-2024T12:00:18 - [MESSAGE][PASSED] - Delayed 1 second(s)

24-06-2024T12:00:19 - [MESSAGE][PASSED] - Delayed 1 second(s)

24-06-2024T12:00:20 - [MESSAGE][PASSED] - Delayed 1 second(s)

24-06-2024T12:00:20 - [MESSAGE][PASSED] - Taking screenshot successfully
[[ATTACHMENT|D:\\newRCBCProject\\RCBCLOS_Automation\\Reports\\20240624_115032\\PaperbaseFlows\\PaperbaseWithAndWithout\\EncoderForWithout\\20240624_115037\\Screenshots/Encoder24_06_2411_53_48/Regression24_06_24_12_00_19.jpg]]

24-06-2024T12:00:20 - [MESSAGE][PASSED] - Object: 'Object Repository/TabSection/nextArrowButton' is clicked on

24-06-2024T12:00:20 - [MESSAGE][PASSED] - tabSection.CreditInvestigation.creditInvestigationForEncoderPaperbased is PASSED

24-06-2024T12:00:22 - [TEST_STEP][PASSED] - Video: Video recording for test case 'Test Cases/Paper_STPWithAndWithoutAPI/Encoder/CreditInvestigation' .

24-06-2024T12:00:22 - [MESSAGE][INFO] - Video recording for test case 'Test Cases/Paper_STPWithAndWithoutAPI/Encoder/CreditInvestigation' .]]></system-out>
         <system-err><![CDATA[]]></system-err>
      </testcase>
      <testcase name="Test Cases/Paper_STPWithAndWithoutAPI/Encoder/InsuranceInformation" time="6.1" classname="Test Cases/Paper_STPWithAndWithoutAPI/Encoder/InsuranceInformation" status="PASSED">
         <system-out><![CDATA[24-06-2024T12:00:22 - [TEST_CASE][PASSED] - Test Cases/Paper_STPWithAndWithoutAPI/Encoder/InsuranceInformation: Test Cases/Paper_STPWithAndWithoutAPI/Encoder/InsuranceInformation

24-06-2024T12:00:22 - [TEST_STEP][PASSED] - tabSection.InsuranceInformation.insuranceInformationForEncoderPaperBased(): tabSection.InsuranceInformation.insuranceInformationForEncoderPaperBased is PASSED

24-06-2024T12:00:23 - [MESSAGE][PASSED] - Object: 'Object Repository/TabSection/InsuranceInformation' is clicked on

24-06-2024T12:00:24 - [MESSAGE][PASSED] - Delayed 1 second(s)

24-06-2024T12:00:25 - [MESSAGE][PASSED] - Delayed 1 second(s)

24-06-2024T12:00:26 - [MESSAGE][PASSED] - Delayed 1 second(s)

24-06-2024T12:00:26 - [MESSAGE][PASSED] - Taking screenshot successfully
[[ATTACHMENT|D:\\newRCBCProject\\RCBCLOS_Automation\\Reports\\20240624_115032\\PaperbaseFlows\\PaperbaseWithAndWithout\\EncoderForWithout\\20240624_115037\\Screenshots/Encoder24_06_2411_53_48/Regression24_06_24_12_00_25.jpg]]

24-06-2024T12:00:26 - [MESSAGE][PASSED] - Object: 'Object Repository/TabSection/nextArrowButton' is clicked on

24-06-2024T12:00:26 - [MESSAGE][PASSED] - tabSection.InsuranceInformation.insuranceInformationForEncoderPaperBased is PASSED

24-06-2024T12:00:28 - [TEST_STEP][PASSED] - Video: Video recording for test case 'Test Cases/Paper_STPWithAndWithoutAPI/Encoder/InsuranceInformation' .

24-06-2024T12:00:28 - [MESSAGE][INFO] - Video recording for test case 'Test Cases/Paper_STPWithAndWithoutAPI/Encoder/InsuranceInformation' .]]></system-out>
         <system-err><![CDATA[]]></system-err>
      </testcase>
      <testcase name="Test Cases/Paper_STPWithAndWithoutAPI/Encoder/DisbursementInformation" time="6.072" classname="Test Cases/Paper_STPWithAndWithoutAPI/Encoder/DisbursementInformation" status="PASSED">
         <system-out><![CDATA[24-06-2024T12:00:28 - [TEST_CASE][PASSED] - Test Cases/Paper_STPWithAndWithoutAPI/Encoder/DisbursementInformation: Test Cases/Paper_STPWithAndWithoutAPI/Encoder/DisbursementInformation

24-06-2024T12:00:28 - [TEST_STEP][PASSED] - tabSection.DisbursementInfo.disbursementInformationForEncoderPaperbased(): tabSection.DisbursementInfo.disbursementInformationForEncoderPaperbased is PASSED

24-06-2024T12:00:29 - [MESSAGE][PASSED] - Object: 'Object Repository/TabSection/DisbursementInformation' is clicked on

24-06-2024T12:00:30 - [MESSAGE][PASSED] - Delayed 1 second(s)

24-06-2024T12:00:31 - [MESSAGE][PASSED] - Delayed 1 second(s)

24-06-2024T12:00:32 - [MESSAGE][PASSED] - Delayed 1 second(s)

24-06-2024T12:00:32 - [MESSAGE][PASSED] - Taking screenshot successfully
[[ATTACHMENT|D:\\newRCBCProject\\RCBCLOS_Automation\\Reports\\20240624_115032\\PaperbaseFlows\\PaperbaseWithAndWithout\\EncoderForWithout\\20240624_115037\\Screenshots/Encoder24_06_2411_53_48/Regression24_06_24_12_00_31.jpg]]

24-06-2024T12:00:32 - [MESSAGE][PASSED] - Object: 'Object Repository/TabSection/nextArrowButton' is clicked on

24-06-2024T12:00:32 - [MESSAGE][PASSED] - tabSection.DisbursementInfo.disbursementInformationForEncoderPaperbased is PASSED

24-06-2024T12:00:34 - [TEST_STEP][PASSED] - Video: Video recording for test case 'Test Cases/Paper_STPWithAndWithoutAPI/Encoder/DisbursementInformation' .

24-06-2024T12:00:34 - [MESSAGE][INFO] - Video recording for test case 'Test Cases/Paper_STPWithAndWithoutAPI/Encoder/DisbursementInformation' .]]></system-out>
         <system-err><![CDATA[]]></system-err>
      </testcase>
      <testcase name="Test Cases/Paper_STPWithAndWithoutAPI/Encoder/Action" time="22.932" classname="Test Cases/Paper_STPWithAndWithoutAPI/Encoder/Action" status="PASSED">
         <system-out><![CDATA[24-06-2024T12:00:34 - [TEST_CASE][PASSED] - Test Cases/Paper_STPWithAndWithoutAPI/Encoder/Action: Test Cases/Paper_STPWithAndWithoutAPI/Encoder/Action

24-06-2024T12:00:34 - [TEST_STEP][PASSED] - tabSection.Action.submitForAO(): tabSection.Action.submitForAO is PASSED

24-06-2024T12:00:37 - [MESSAGE][PASSED] - Object: 'Object Repository/TabSection/Action' is clicked on

24-06-2024T12:00:37 - [MESSAGE][PASSED] - Object 'Object Repository/Action/Decision' is visible

24-06-2024T12:00:38 - [MESSAGE][PASSED] - All options with index in [1] are selected on object 'Object Repository/Action/Decision'

24-06-2024T12:00:38 - [MESSAGE][PASSED] - Text 'OK' is set on object 'Object Repository/Action/Remarks'

24-06-2024T12:00:38 - [MESSAGE][PASSED] - Current window's title is: 'Encoder : LOS-3370'

24-06-2024T12:00:38 - [MESSAGE][PASSED] - Text of object 'Object Repository/Action/referenceNumber' is: 'Encoder : LOS-3370'

24-06-2024T12:00:38 - [MESSAGE][INFO] - LOS-3370

24-06-2024T12:00:44 - [MESSAGE][PASSED] - Object: 'Object Repository/Action/SubmitButton' is clicked on

24-06-2024T12:00:44 - [MESSAGE][PASSED] - Taking screenshot successfully
[[ATTACHMENT|D:\\newRCBCProject\\RCBCLOS_Automation\\Reports\\20240624_115032\\PaperbaseFlows\\PaperbaseWithAndWithout\\EncoderForWithout\\20240624_115037\\1719210644641.png]]

24-06-2024T12:00:45 - [MESSAGE][PASSED] - Delayed 1 second(s)

24-06-2024T12:00:46 - [MESSAGE][PASSED] - Delayed 1 second(s)

24-06-2024T12:00:47 - [MESSAGE][PASSED] - Delayed 1 second(s)

24-06-2024T12:00:48 - [MESSAGE][PASSED] - Taking screenshot successfully
[[ATTACHMENT|D:\\newRCBCProject\\RCBCLOS_Automation\\Reports\\20240624_115032\\PaperbaseFlows\\PaperbaseWithAndWithout\\EncoderForWithout\\20240624_115037\\Screenshots/Encoder24_06_2411_53_48/Regression24_06_24_12_00_46.jpg]]

24-06-2024T12:00:53 - [MESSAGE][PASSED] - Object: 'Object Repository/Action/confirmYes' is clicked on

24-06-2024T12:00:53 - [MESSAGE][WARNING] - Cannot take screenshot

24-06-2024T12:00:53 - [MESSAGE][WARNING] - Unable to switch to window with title: 'LoanPortal' (Root cause: com.kms.katalon.core.exception.StepFailedException: Unable to switch to window with title: 'LoanPortal'
	at com.kms.katalon.core.webui.keyword.internal.WebUIKeywordMain.stepFailed(WebUIKeywordMain.groovy:64)
	at com.kms.katalon.core.webui.keyword.internal.WebUIKeywordMain.runKeyword(WebUIKeywordMain.groovy:26)
	at com.kms.katalon.core.webui.keyword.builtin.SwitchToWindowTitleKeyword.switchToWindowTitle(SwitchToWindowTitleKeyword.groovy:84)
	at com.kms.katalon.core.webui.keyword.builtin.SwitchToWindowTitleKeyword.execute(SwitchToWindowTitleKeyword.groovy:67)
	at com.kms.katalon.core.keyword.internal.KeywordExecutor.executeKeywordForPlatform(KeywordExecutor.groovy:74)
	at com.kms.katalon.core.webui.keyword.WebUiBuiltInKeywords.switchToWindowTitle(WebUiBuiltInKeywords.groovy:1809)
	at tabSection.Action.submitForAO(Action.groovy:64)
	at java.base/jdk.internal.reflect.NativeMethodAccessorImpl.invoke0(Native Method)
	at java.base/jdk.internal.reflect.NativeMethodAccessorImpl.invoke(NativeMethodAccessorImpl.java:77)
	at java.base/jdk.internal.reflect.DelegatingMethodAccessorImpl.invoke(DelegatingMethodAccessorImpl.java:43)
	at com.kms.katalon.core.main.CustomKeywordDelegatingMetaClass.invokeStaticMethod(CustomKeywordDelegatingMetaClass.java:55)
	at Action.run(Action:20)
	at com.kms.katalon.core.main.ScriptEngine.run(ScriptEngine.java:194)
	at com.kms.katalon.core.main.ScriptEngine.runScriptAsRawText(ScriptEngine.java:119)
	at com.kms.katalon.core.main.TestCaseExecutor.runScript(TestCaseExecutor.java:448)
	at com.kms.katalon.core.main.TestCaseExecutor.doExecute(TestCaseExecutor.java:439)
	at com.kms.katalon.core.main.TestCaseExecutor.processExecutionPhase(TestCaseExecutor.java:418)
	at com.kms.katalon.core.main.TestCaseExecutor.accessMainPhase(TestCaseExecutor.java:410)
	at com.kms.katalon.core.main.TestCaseExecutor.execute(TestCaseExecutor.java:285)
	at com.kms.katalon.core.common.CommonExecutor.accessTestCaseMainPhase(CommonExecutor.java:65)
	at com.kms.katalon.core.main.TestSuiteExecutor.accessTestSuiteMainPhase(TestSuiteExecutor.java:150)
	at com.kms.katalon.core.main.TestSuiteExecutor.execute(TestSuiteExecutor.java:106)
	at com.kms.katalon.core.main.TestCaseMain.startTestSuite(TestCaseMain.java:180)
	at TempTestSuite1719210037926.run(TempTestSuite1719210037926.groovy:35)
	at java.base/jdk.internal.reflect.NativeMethodAccessorImpl.invoke0(Native Method)
	at java.base/jdk.internal.reflect.NativeMethodAccessorImpl.invoke(NativeMethodAccessorImpl.java:77)
	at java.base/jdk.internal.reflect.DelegatingMethodAccessorImpl.invoke(DelegatingMethodAccessorImpl.java:43)
Caused by: org.openqa.selenium.NoSuchWindowException: no such window: target window already closed
from unknown error: web view not found
  (Session info: chrome=126.0.6478.114)
Build info: version: '3.141.59', revision: 'unknown', time: 'unknown'
System info: host: 'QKNBK2037', ip: '10.0.6.210', os.name: 'Windows 10', os.arch: 'amd64', os.version: '10.0', java.version: '17.0.7'
Driver info: com.kms.katalon.selenium.driver.CChromeDriver
Capabilities {acceptInsecureCerts: false, browserName: chrome, browserVersion: 126.0.6478.114, chrome: {chromedriverVersion: 125.0.6422.60 (3ac3319bff9f..., userDataDir: C:\Users\ADARSH~1.LOH\AppDa...}, fedcm:accounts: true, goog:chromeOptions: {debuggerAddress: localhost:60459}, javascriptEnabled: true, networkConnectionEnabled: false, pageLoadStrategy: normal, platform: WINDOWS, platformName: WINDOWS, proxy: Proxy(), setWindowRect: true, strictFileInteractability: false, timeouts: {implicit: 0, pageLoad: 300000, script: 30000}, unhandledPromptBehavior: dismiss and notify, webauthn:extension:credBlob: true, webauthn:extension:largeBlob: true, webauthn:extension:minPinLength: true, webauthn:extension:prf: true, webauthn:virtualAuthenticators: true}
Session ID: 974dc72a4d016fbbb20eef4092cd72af
	at java.base/jdk.internal.reflect.NativeConstructorAccessorImpl.newInstance0(Native Method)
	at java.base/jdk.internal.reflect.NativeConstructorAccessorImpl.newInstance(NativeConstructorAccessorImpl.java:77)
	at java.base/jdk.internal.reflect.DelegatingConstructorAccessorImpl.newInstance(DelegatingConstructorAccessorImpl.java:45)
	at org.openqa.selenium.remote.http.W3CHttpResponseCodec.createException(W3CHttpResponseCodec.java:187)
	at org.openqa.selenium.remote.http.W3CHttpResponseCodec.decode(W3CHttpResponseCodec.java:122)
	at org.openqa.selenium.remote.http.W3CHttpResponseCodec.decode(W3CHttpResponseCodec.java:49)
	at org.openqa.selenium.remote.HttpCommandExecutor.execute(HttpCommandExecutor.java:158)
	at org.openqa.selenium.remote.service.DriverCommandExecutor.execute(DriverCommandExecutor.java:83)
	at org.openqa.selenium.remote.RemoteWebDriver.execute(RemoteWebDriver.java:552)
	at com.kms.katalon.selenium.driver.CChromeDriver.execute(CChromeDriver.java:19)
	at org.openqa.selenium.remote.RemoteWebDriver.execute(RemoteWebDriver.java:609)
	at org.openqa.selenium.remote.RemoteWebDriver.getWindowHandle(RemoteWebDriver.java:472)
	at org.openqa.selenium.remote.RemoteWebDriver$RemoteTargetLocator.window(RemoteWebDriver.java:907)
	at com.kms.katalon.core.webui.common.WebUiCommonHelper.switchToWindowUsingTitle(WebUiCommonHelper.java:113)
	at com.kms.katalon.core.webui.keyword.builtin.SwitchToWindowTitleKeyword$_switchToWindowTitle_closure1.doCall(SwitchToWindowTitleKeyword.groovy:78)
	at com.kms.katalon.core.webui.keyword.builtin.SwitchToWindowTitleKeyword$_switchToWindowTitle_closure1.call(SwitchToWindowTitleKeyword.groovy)
	at com.kms.katalon.core.webui.keyword.internal.WebUIKeywordMain.runKeyword(WebUIKeywordMain.groovy:20)
	at com.kms.katalon.core.webui.keyword.builtin.SwitchToWindowTitleKeyword.switchToWindowTitle(SwitchToWindowTitleKeyword.groovy:84)
	at com.kms.katalon.core.webui.keyword.builtin.SwitchToWindowTitleKeyword.execute(SwitchToWindowTitleKeyword.groovy:67)
	at com.kms.katalon.core.keyword.internal.KeywordExecutor.executeKeywordForPlatform(KeywordExecutor.groovy:74)
	at com.kms.katalon.core.webui.keyword.WebUiBuiltInKeywords.switchToWindowTitle(WebUiBuiltInKeywords.groovy:1809)
	at tabSection.Action.submitForAO(Action.groovy:64)
	at java.base/jdk.internal.reflect.NativeMethodAccessorImpl.invoke0(Native Method)
	at java.base/jdk.internal.reflect.NativeMethodAccessorImpl.invoke(NativeMethodAccessorImpl.java:77)
	at java.base/jdk.internal.reflect.DelegatingMethodAccessorImpl.invoke(DelegatingMethodAccessorImpl.java:43)
	at com.kms.katalon.core.main.CustomKeywordDelegatingMetaClass.invokeStaticMethod(CustomKeywordDelegatingMetaClass.java:55)
	at Script1716354281867.run(Script1716354281867.groovy:20)
	... 15 more
)

24-06-2024T12:00:55 - [MESSAGE][PASSED] - Delayed 2 second(s)

24-06-2024T12:00:55 - [MESSAGE][PASSED] - tabSection.Action.submitForAO is PASSED

24-06-2024T12:00:57 - [TEST_STEP][PASSED] - Video: Video recording for test case 'Test Cases/Paper_STPWithAndWithoutAPI/Encoder/Action' .

24-06-2024T12:00:57 - [MESSAGE][INFO] - Video recording for test case 'Test Cases/Paper_STPWithAndWithoutAPI/Encoder/Action' .]]></system-out>
         <system-err><![CDATA[]]></system-err>
      </testcase>
      <testcase name="Test Cases/LogOut/logout" time="16.146" classname="Test Cases/LogOut/logout" status="PASSED">
         <system-out><![CDATA[24-06-2024T12:00:57 - [TEST_CASE][PASSED] - Test Cases/LogOut/logout: Test Cases/LogOut/logout

24-06-2024T12:00:57 - [TEST_STEP][PASSED] - signOutibps.SignOut.logout(): signOutibps.SignOut.logout is PASSED

24-06-2024T12:00:58 - [MESSAGE][PASSED] - Switched to window with index: '0'

24-06-2024T12:00:59 - [MESSAGE][PASSED] - Delayed 1 second(s)

24-06-2024T12:00:59 - [MESSAGE][PASSED] - All options with index in [2] are selected on object 'Object Repository/ibpsLogOut/selectProcess'

24-06-2024T12:01:00 - [MESSAGE][PASSED] - Delayed 1 second(s)

24-06-2024T12:01:00 - [MESSAGE][PASSED] - Object: 'Object Repository/ibpsLogOut/searchBar' is double clicked on

24-06-2024T12:01:01 - [MESSAGE][PASSED] - Keys 'LOS-3370' sent to object: 'Object Repository/ibpsLogOut/searchBar'

24-06-2024T12:01:01 - [MESSAGE][PASSED] - Keys 'ENTER + ' sent to object: 'Object Repository/ibpsLogOut/searchBar'

24-06-2024T12:01:02 - [MESSAGE][PASSED] - Delayed 1 second(s)

24-06-2024T12:01:03 - [MESSAGE][PASSED] - Delayed 1 second(s)

24-06-2024T12:01:04 - [MESSAGE][PASSED] - Delayed 1 second(s)

24-06-2024T12:01:04 - [MESSAGE][PASSED] - Taking screenshot successfully
[[ATTACHMENT|D:\\newRCBCProject\\RCBCLOS_Automation\\Reports\\20240624_115032\\PaperbaseFlows\\PaperbaseWithAndWithout\\EncoderForWithout\\20240624_115037\\Screenshots/Encoder24_06_2411_53_48/Regression24_06_24_12_01_03.jpg]]

24-06-2024T12:01:06 - [MESSAGE][PASSED] - Delayed 2 second(s)

24-06-2024T12:01:06 - [MESSAGE][PASSED] - Object: 'Object Repository/ibpsLogOut/label_QK_CO7' is clicked on

24-06-2024T12:01:08 - [MESSAGE][PASSED] - Delayed 2 second(s)

24-06-2024T12:01:08 - [MESSAGE][PASSED] - Object: 'Object Repository/ibpsLogOut/Logout' is clicked on

24-06-2024T12:01:09 - [MESSAGE][PASSED] - Delayed 1 second(s)

24-06-2024T12:01:10 - [MESSAGE][PASSED] - Delayed 1 second(s)

24-06-2024T12:01:11 - [MESSAGE][PASSED] - Delayed 1 second(s)

24-06-2024T12:01:11 - [MESSAGE][PASSED] - Taking screenshot successfully
[[ATTACHMENT|D:\\newRCBCProject\\RCBCLOS_Automation\\Reports\\20240624_115032\\PaperbaseFlows\\PaperbaseWithAndWithout\\EncoderForWithout\\20240624_115037\\Screenshots/Encoder24_06_2411_53_48/Regression24_06_24_12_01_10.jpg]]

24-06-2024T12:01:11 - [MESSAGE][PASSED] - signOutibps.SignOut.logout is PASSED

24-06-2024T12:01:13 - [TEST_STEP][PASSED] - Video: Video recording for test case 'Test Cases/LogOut/logout' .

24-06-2024T12:01:13 - [MESSAGE][INFO] - Video recording for test case 'Test Cases/LogOut/logout' .]]></system-out>
         <system-err><![CDATA[]]></system-err>
      </testcase>
      <system-out><![CDATA[24-06-2024T11:53:38 - [TEST_SUITE][FAILED] - EncoderForWithout: Test Cases/Paper_STPWithAndWithoutAPI/Encoder/CheckEligibility FAILED.
Reason:
com.kms.katalon.core.exception.StepFailedException: Unable to click on object 'Object Repository/BackOfficePaperBase/EncoderPaperbaseCheckEligibility/crossButtonTemp' (Root cause: com.kms.katalon.core.exception.StepFailedException: Unable to click on object 'Object Repository/BackOfficePaperBase/EncoderPaperbaseCheckEligibility/crossButtonTemp'
	at com.kms.katalon.core.webui.keyword.internal.WebUIKeywordMain.stepFailed(WebUIKeywordMain.groovy:64)
	at com.kms.katalon.core.webui.keyword.internal.WebUIKeywordMain.runKeyword(WebUIKeywordMain.groovy:26)
	at com.kms.katalon.core.webui.keyword.builtin.ClickKeyword.click(ClickKeyword.groovy:74)
	at com.kms.katalon.core.webui.keyword.builtin.ClickKeyword.execute(ClickKeyword.groovy:40)
	at com.kms.katalon.core.keyword.internal.KeywordExecutor.executeKeywordForPlatform(KeywordExecutor.groovy:74)
	at com.kms.katalon.core.webui.keyword.WebUiBuiltInKeywords.click(WebUiBuiltInKeywords.groovy:659)
	at tabSection.CheckEligibility.checkEligibilityForPaperBased(CheckEligibility.groovy:277)
	at java.base/jdk.internal.reflect.NativeMethodAccessorImpl.invoke0(Native Method)
	at java.base/jdk.internal.reflect.NativeMethodAccessorImpl.invoke(NativeMethodAccessorImpl.java:77)
	at java.base/jdk.internal.reflect.DelegatingMethodAccessorImpl.invoke(DelegatingMethodAccessorImpl.java:43)
	at tabSection.CheckEligibility.checkEligibilityForEncoderPaperBased(CheckEligibility.groovy:426)
	at java.base/jdk.internal.reflect.NativeMethodAccessorImpl.invoke0(Native Method)
	at java.base/jdk.internal.reflect.NativeMethodAccessorImpl.invoke(NativeMethodAccessorImpl.java:77)
	at java.base/jdk.internal.reflect.DelegatingMethodAccessorImpl.invoke(DelegatingMethodAccessorImpl.java:43)
	at com.kms.katalon.core.main.CustomKeywordDelegatingMetaClass.invokeStaticMethod(CustomKeywordDelegatingMetaClass.java:55)
	at CheckEligibility.run(CheckEligibility:20)
	at com.kms.katalon.core.main.ScriptEngine.run(ScriptEngine.java:194)
	at com.kms.katalon.core.main.ScriptEngine.runScriptAsRawText(ScriptEngine.java:119)
	at com.kms.katalon.core.main.TestCaseExecutor.runScript(TestCaseExecutor.java:448)
	at com.kms.katalon.core.main.TestCaseExecutor.doExecute(TestCaseExecutor.java:439)
	at com.kms.katalon.core.main.TestCaseExecutor.processExecutionPhase(TestCaseExecutor.java:418)
	at com.kms.katalon.core.main.TestCaseExecutor.accessMainPhase(TestCaseExecutor.java:410)
	at com.kms.katalon.core.main.TestCaseExecutor.execute(TestCaseExecutor.java:285)
	at com.kms.katalon.core.common.CommonExecutor.accessTestCaseMainPhase(CommonExecutor.java:65)
	at com.kms.katalon.core.main.TestSuiteExecutor.accessTestSuiteMainPhase(TestSuiteExecutor.java:150)
	at com.kms.katalon.core.main.TestSuiteExecutor.execute(TestSuiteExecutor.java:106)
	at com.kms.katalon.core.main.TestCaseMain.startTestSuite(TestCaseMain.java:180)
	at TempTestSuite1719210037926.run(TempTestSuite1719210037926.groovy:35)
	at java.base/jdk.internal.reflect.NativeMethodAccessorImpl.invoke0(Native Method)
	at java.base/jdk.internal.reflect.NativeMethodAccessorImpl.invoke(NativeMethodAccessorImpl.java:77)
	at java.base/jdk.internal.reflect.DelegatingMethodAccessorImpl.invoke(DelegatingMethodAccessorImpl.java:43)
Caused by: com.kms.katalon.core.webui.exception.WebElementNotFoundException: Web element with id: 'Object Repository/BackOfficePaperBase/EncoderPaperbaseCheckEligibility/crossButtonTemp' located by '//button[text()="×"]' not found
	at com.kms.katalon.core.webui.common.WebUiCommonHelper.findWebElement(WebUiCommonHelper.java:1426)
	at com.kms.katalon.core.webui.keyword.internal.WebUIAbstractKeyword.findWebElement(WebUIAbstractKeyword.groovy:27)
	at com.kms.katalon.core.webui.keyword.builtin.ClickKeyword$_click_closure1.doCall(ClickKeyword.groovy:65)
	at com.kms.katalon.core.webui.keyword.builtin.ClickKeyword$_click_closure1.call(ClickKeyword.groovy)
	at com.kms.katalon.core.webui.keyword.internal.WebUIKeywordMain.runKeyword(WebUIKeywordMain.groovy:20)
	at com.kms.katalon.core.webui.keyword.builtin.ClickKeyword.click(ClickKeyword.groovy:74)
	at com.kms.katalon.core.webui.keyword.builtin.ClickKeyword.execute(ClickKeyword.groovy:40)
	at com.kms.katalon.core.keyword.internal.KeywordExecutor.executeKeywordForPlatform(KeywordExecutor.groovy:74)
	at com.kms.katalon.core.webui.keyword.WebUiBuiltInKeywords.click(WebUiBuiltInKeywords.groovy:659)
	at tabSection.CheckEligibility.checkEligibilityForPaperBased(CheckEligibility.groovy:277)
	at java.base/jdk.internal.reflect.NativeMethodAccessorImpl.invoke0(Native Method)
	at java.base/jdk.internal.reflect.NativeMethodAccessorImpl.invoke(NativeMethodAccessorImpl.java:77)
	at java.base/jdk.internal.reflect.DelegatingMethodAccessorImpl.invoke(DelegatingMethodAccessorImpl.java:43)
	at tabSection.CheckEligibility.checkEligibilityForEncoderPaperBased(CheckEligibility.groovy:426)
	at java.base/jdk.internal.reflect.NativeMethodAccessorImpl.invoke0(Native Method)
	at java.base/jdk.internal.reflect.NativeMethodAccessorImpl.invoke(NativeMethodAccessorImpl.java:77)
	at java.base/jdk.internal.reflect.DelegatingMethodAccessorImpl.invoke(DelegatingMethodAccessorImpl.java:43)
	at com.kms.katalon.core.main.CustomKeywordDelegatingMetaClass.invokeStaticMethod(CustomKeywordDelegatingMetaClass.java:55)
	at Script1716354281890.run(Script1716354281890.groovy:20)
	... 15 more
)
	at com.kms.katalon.core.keyword.internal.KeywordMain.stepFailed(KeywordMain.groovy:39)
	at com.kms.katalon.core.webui.keyword.internal.WebUIKeywordMain.stepFailed(WebUIKeywordMain.groovy:64)
	at com.kms.katalon.core.webui.keyword.internal.WebUIKeywordMain.runKeyword(WebUIKeywordMain.groovy:26)
	at com.kms.katalon.core.webui.keyword.builtin.ClickKeyword.click(ClickKeyword.groovy:74)
	at com.kms.katalon.core.webui.keyword.builtin.ClickKeyword.execute(ClickKeyword.groovy:40)
	at com.kms.katalon.core.keyword.internal.KeywordExecutor.executeKeywordForPlatform(KeywordExecutor.groovy:74)
	at com.kms.katalon.core.webui.keyword.WebUiBuiltInKeywords.click(WebUiBuiltInKeywords.groovy:659)
	at tabSection.CheckEligibility.checkEligibilityForPaperBased(CheckEligibility.groovy:277)
	at java.base/jdk.internal.reflect.NativeMethodAccessorImpl.invoke0(Native Method)
	at java.base/jdk.internal.reflect.NativeMethodAccessorImpl.invoke(NativeMethodAccessorImpl.java:77)
	at java.base/jdk.internal.reflect.DelegatingMethodAccessorImpl.invoke(DelegatingMethodAccessorImpl.java:43)
	at tabSection.CheckEligibility.checkEligibilityForEncoderPaperBased(CheckEligibility.groovy:426)
	at java.base/jdk.internal.reflect.NativeMethodAccessorImpl.invoke0(Native Method)
	at java.base/jdk.internal.reflect.NativeMethodAccessorImpl.invoke(NativeMethodAccessorImpl.java:77)
	at java.base/jdk.internal.reflect.DelegatingMethodAccessorImpl.invoke(DelegatingMethodAccessorImpl.java:43)
	at com.kms.katalon.core.main.CustomKeywordDelegatingMetaClass.invokeStaticMethod(CustomKeywordDelegatingMetaClass.java:55)
	at CheckEligibility.run(CheckEligibility:20)
	at com.kms.katalon.core.main.ScriptEngine.run(ScriptEngine.java:194)
	at com.kms.katalon.core.main.ScriptEngine.runScriptAsRawText(ScriptEngine.java:119)
	at com.kms.katalon.core.main.TestCaseExecutor.runScript(TestCaseExecutor.java:448)
	at com.kms.katalon.core.main.TestCaseExecutor.doExecute(TestCaseExecutor.java:439)
	at com.kms.katalon.core.main.TestCaseExecutor.processExecutionPhase(TestCaseExecutor.java:418)
	at com.kms.katalon.core.main.TestCaseExecutor.accessMainPhase(TestCaseExecutor.java:410)
	at com.kms.katalon.core.main.TestCaseExecutor.execute(TestCaseExecutor.java:285)
	at com.kms.katalon.core.common.CommonExecutor.accessTestCaseMainPhase(CommonExecutor.java:65)
	at com.kms.katalon.core.main.TestSuiteExecutor.accessTestSuiteMainPhase(TestSuiteExecutor.java:150)
	at com.kms.katalon.core.main.TestSuiteExecutor.execute(TestSuiteExecutor.java:106)
	at com.kms.katalon.core.main.TestCaseMain.startTestSuite(TestCaseMain.java:180)
	at TempTestSuite1719210037926.run(TempTestSuite1719210037926.groovy:35)
	at java.base/jdk.internal.reflect.NativeMethodAccessorImpl.invoke0(Native Method)
	at java.base/jdk.internal.reflect.NativeMethodAccessorImpl.invoke(NativeMethodAccessorImpl.java:77)
	at java.base/jdk.internal.reflect.DelegatingMethodAccessorImpl.invoke(DelegatingMethodAccessorImpl.java:43)
Caused by: com.kms.katalon.core.exception.StepFailedException: Unable to click on object 'Object Repository/BackOfficePaperBase/EncoderPaperbaseCheckEligibility/crossButtonTemp'
	... 31 more
Caused by: com.kms.katalon.core.webui.exception.WebElementNotFoundException: Web element with id: 'Object Repository/BackOfficePaperBase/EncoderPaperbaseCheckEligibility/crossButtonTemp' located by '//button[text()="×"]' not found
	at com.kms.katalon.core.webui.common.WebUiCommonHelper.findWebElement(WebUiCommonHelper.java:1426)
	at com.kms.katalon.core.webui.keyword.internal.WebUIAbstractKeyword.findWebElement(WebUIAbstractKeyword.groovy:27)
	at com.kms.katalon.core.webui.keyword.builtin.ClickKeyword$_click_closure1.doCall(ClickKeyword.groovy:65)
	at com.kms.katalon.core.webui.keyword.builtin.ClickKeyword$_click_closure1.call(ClickKeyword.groovy)
	at com.kms.katalon.core.webui.keyword.internal.WebUIKeywordMain.runKeyword(WebUIKeywordMain.groovy:20)
	... 29 more]]></system-out>
      <system-err><![CDATA[24-06-2024T11:53:38 - [TEST_SUITE][FAILED] - EncoderForWithout: Test Cases/Paper_STPWithAndWithoutAPI/Encoder/CheckEligibility FAILED.
Reason:
com.kms.katalon.core.exception.StepFailedException: Unable to click on object 'Object Repository/BackOfficePaperBase/EncoderPaperbaseCheckEligibility/crossButtonTemp' (Root cause: com.kms.katalon.core.exception.StepFailedException: Unable to click on object 'Object Repository/BackOfficePaperBase/EncoderPaperbaseCheckEligibility/crossButtonTemp'
	at com.kms.katalon.core.webui.keyword.internal.WebUIKeywordMain.stepFailed(WebUIKeywordMain.groovy:64)
	at com.kms.katalon.core.webui.keyword.internal.WebUIKeywordMain.runKeyword(WebUIKeywordMain.groovy:26)
	at com.kms.katalon.core.webui.keyword.builtin.ClickKeyword.click(ClickKeyword.groovy:74)
	at com.kms.katalon.core.webui.keyword.builtin.ClickKeyword.execute(ClickKeyword.groovy:40)
	at com.kms.katalon.core.keyword.internal.KeywordExecutor.executeKeywordForPlatform(KeywordExecutor.groovy:74)
	at com.kms.katalon.core.webui.keyword.WebUiBuiltInKeywords.click(WebUiBuiltInKeywords.groovy:659)
	at tabSection.CheckEligibility.checkEligibilityForPaperBased(CheckEligibility.groovy:277)
	at java.base/jdk.internal.reflect.NativeMethodAccessorImpl.invoke0(Native Method)
	at java.base/jdk.internal.reflect.NativeMethodAccessorImpl.invoke(NativeMethodAccessorImpl.java:77)
	at java.base/jdk.internal.reflect.DelegatingMethodAccessorImpl.invoke(DelegatingMethodAccessorImpl.java:43)
	at tabSection.CheckEligibility.checkEligibilityForEncoderPaperBased(CheckEligibility.groovy:426)
	at java.base/jdk.internal.reflect.NativeMethodAccessorImpl.invoke0(Native Method)
	at java.base/jdk.internal.reflect.NativeMethodAccessorImpl.invoke(NativeMethodAccessorImpl.java:77)
	at java.base/jdk.internal.reflect.DelegatingMethodAccessorImpl.invoke(DelegatingMethodAccessorImpl.java:43)
	at com.kms.katalon.core.main.CustomKeywordDelegatingMetaClass.invokeStaticMethod(CustomKeywordDelegatingMetaClass.java:55)
	at CheckEligibility.run(CheckEligibility:20)
	at com.kms.katalon.core.main.ScriptEngine.run(ScriptEngine.java:194)
	at com.kms.katalon.core.main.ScriptEngine.runScriptAsRawText(ScriptEngine.java:119)
	at com.kms.katalon.core.main.TestCaseExecutor.runScript(TestCaseExecutor.java:448)
	at com.kms.katalon.core.main.TestCaseExecutor.doExecute(TestCaseExecutor.java:439)
	at com.kms.katalon.core.main.TestCaseExecutor.processExecutionPhase(TestCaseExecutor.java:418)
	at com.kms.katalon.core.main.TestCaseExecutor.accessMainPhase(TestCaseExecutor.java:410)
	at com.kms.katalon.core.main.TestCaseExecutor.execute(TestCaseExecutor.java:285)
	at com.kms.katalon.core.common.CommonExecutor.accessTestCaseMainPhase(CommonExecutor.java:65)
	at com.kms.katalon.core.main.TestSuiteExecutor.accessTestSuiteMainPhase(TestSuiteExecutor.java:150)
	at com.kms.katalon.core.main.TestSuiteExecutor.execute(TestSuiteExecutor.java:106)
	at com.kms.katalon.core.main.TestCaseMain.startTestSuite(TestCaseMain.java:180)
	at TempTestSuite1719210037926.run(TempTestSuite1719210037926.groovy:35)
	at java.base/jdk.internal.reflect.NativeMethodAccessorImpl.invoke0(Native Method)
	at java.base/jdk.internal.reflect.NativeMethodAccessorImpl.invoke(NativeMethodAccessorImpl.java:77)
	at java.base/jdk.internal.reflect.DelegatingMethodAccessorImpl.invoke(DelegatingMethodAccessorImpl.java:43)
Caused by: com.kms.katalon.core.webui.exception.WebElementNotFoundException: Web element with id: 'Object Repository/BackOfficePaperBase/EncoderPaperbaseCheckEligibility/crossButtonTemp' located by '//button[text()="×"]' not found
	at com.kms.katalon.core.webui.common.WebUiCommonHelper.findWebElement(WebUiCommonHelper.java:1426)
	at com.kms.katalon.core.webui.keyword.internal.WebUIAbstractKeyword.findWebElement(WebUIAbstractKeyword.groovy:27)
	at com.kms.katalon.core.webui.keyword.builtin.ClickKeyword$_click_closure1.doCall(ClickKeyword.groovy:65)
	at com.kms.katalon.core.webui.keyword.builtin.ClickKeyword$_click_closure1.call(ClickKeyword.groovy)
	at com.kms.katalon.core.webui.keyword.internal.WebUIKeywordMain.runKeyword(WebUIKeywordMain.groovy:20)
	at com.kms.katalon.core.webui.keyword.builtin.ClickKeyword.click(ClickKeyword.groovy:74)
	at com.kms.katalon.core.webui.keyword.builtin.ClickKeyword.execute(ClickKeyword.groovy:40)
	at com.kms.katalon.core.keyword.internal.KeywordExecutor.executeKeywordForPlatform(KeywordExecutor.groovy:74)
	at com.kms.katalon.core.webui.keyword.WebUiBuiltInKeywords.click(WebUiBuiltInKeywords.groovy:659)
	at tabSection.CheckEligibility.checkEligibilityForPaperBased(CheckEligibility.groovy:277)
	at java.base/jdk.internal.reflect.NativeMethodAccessorImpl.invoke0(Native Method)
	at java.base/jdk.internal.reflect.NativeMethodAccessorImpl.invoke(NativeMethodAccessorImpl.java:77)
	at java.base/jdk.internal.reflect.DelegatingMethodAccessorImpl.invoke(DelegatingMethodAccessorImpl.java:43)
	at tabSection.CheckEligibility.checkEligibilityForEncoderPaperBased(CheckEligibility.groovy:426)
	at java.base/jdk.internal.reflect.NativeMethodAccessorImpl.invoke0(Native Method)
	at java.base/jdk.internal.reflect.NativeMethodAccessorImpl.invoke(NativeMethodAccessorImpl.java:77)
	at java.base/jdk.internal.reflect.DelegatingMethodAccessorImpl.invoke(DelegatingMethodAccessorImpl.java:43)
	at com.kms.katalon.core.main.CustomKeywordDelegatingMetaClass.invokeStaticMethod(CustomKeywordDelegatingMetaClass.java:55)
	at Script1716354281890.run(Script1716354281890.groovy:20)
	... 15 more
)
	at com.kms.katalon.core.keyword.internal.KeywordMain.stepFailed(KeywordMain.groovy:39)
	at com.kms.katalon.core.webui.keyword.internal.WebUIKeywordMain.stepFailed(WebUIKeywordMain.groovy:64)
	at com.kms.katalon.core.webui.keyword.internal.WebUIKeywordMain.runKeyword(WebUIKeywordMain.groovy:26)
	at com.kms.katalon.core.webui.keyword.builtin.ClickKeyword.click(ClickKeyword.groovy:74)
	at com.kms.katalon.core.webui.keyword.builtin.ClickKeyword.execute(ClickKeyword.groovy:40)
	at com.kms.katalon.core.keyword.internal.KeywordExecutor.executeKeywordForPlatform(KeywordExecutor.groovy:74)
	at com.kms.katalon.core.webui.keyword.WebUiBuiltInKeywords.click(WebUiBuiltInKeywords.groovy:659)
	at tabSection.CheckEligibility.checkEligibilityForPaperBased(CheckEligibility.groovy:277)
	at java.base/jdk.internal.reflect.NativeMethodAccessorImpl.invoke0(Native Method)
	at java.base/jdk.internal.reflect.NativeMethodAccessorImpl.invoke(NativeMethodAccessorImpl.java:77)
	at java.base/jdk.internal.reflect.DelegatingMethodAccessorImpl.invoke(DelegatingMethodAccessorImpl.java:43)
	at tabSection.CheckEligibility.checkEligibilityForEncoderPaperBased(CheckEligibility.groovy:426)
	at java.base/jdk.internal.reflect.NativeMethodAccessorImpl.invoke0(Native Method)
	at java.base/jdk.internal.reflect.NativeMethodAccessorImpl.invoke(NativeMethodAccessorImpl.java:77)
	at java.base/jdk.internal.reflect.DelegatingMethodAccessorImpl.invoke(DelegatingMethodAccessorImpl.java:43)
	at com.kms.katalon.core.main.CustomKeywordDelegatingMetaClass.invokeStaticMethod(CustomKeywordDelegatingMetaClass.java:55)
	at CheckEligibility.run(CheckEligibility:20)
	at com.kms.katalon.core.main.ScriptEngine.run(ScriptEngine.java:194)
	at com.kms.katalon.core.main.ScriptEngine.runScriptAsRawText(ScriptEngine.java:119)
	at com.kms.katalon.core.main.TestCaseExecutor.runScript(TestCaseExecutor.java:448)
	at com.kms.katalon.core.main.TestCaseExecutor.doExecute(TestCaseExecutor.java:439)
	at com.kms.katalon.core.main.TestCaseExecutor.processExecutionPhase(TestCaseExecutor.java:418)
	at com.kms.katalon.core.main.TestCaseExecutor.accessMainPhase(TestCaseExecutor.java:410)
	at com.kms.katalon.core.main.TestCaseExecutor.execute(TestCaseExecutor.java:285)
	at com.kms.katalon.core.common.CommonExecutor.accessTestCaseMainPhase(CommonExecutor.java:65)
	at com.kms.katalon.core.main.TestSuiteExecutor.accessTestSuiteMainPhase(TestSuiteExecutor.java:150)
	at com.kms.katalon.core.main.TestSuiteExecutor.execute(TestSuiteExecutor.java:106)
	at com.kms.katalon.core.main.TestCaseMain.startTestSuite(TestCaseMain.java:180)
	at TempTestSuite1719210037926.run(TempTestSuite1719210037926.groovy:35)
	at java.base/jdk.internal.reflect.NativeMethodAccessorImpl.invoke0(Native Method)
	at java.base/jdk.internal.reflect.NativeMethodAccessorImpl.invoke(NativeMethodAccessorImpl.java:77)
	at java.base/jdk.internal.reflect.DelegatingMethodAccessorImpl.invoke(DelegatingMethodAccessorImpl.java:43)
Caused by: com.kms.katalon.core.exception.StepFailedException: Unable to click on object 'Object Repository/BackOfficePaperBase/EncoderPaperbaseCheckEligibility/crossButtonTemp'
	... 31 more
Caused by: com.kms.katalon.core.webui.exception.WebElementNotFoundException: Web element with id: 'Object Repository/BackOfficePaperBase/EncoderPaperbaseCheckEligibility/crossButtonTemp' located by '//button[text()="×"]' not found
	at com.kms.katalon.core.webui.common.WebUiCommonHelper.findWebElement(WebUiCommonHelper.java:1426)
	at com.kms.katalon.core.webui.keyword.internal.WebUIAbstractKeyword.findWebElement(WebUIAbstractKeyword.groovy:27)
	at com.kms.katalon.core.webui.keyword.builtin.ClickKeyword$_click_closure1.doCall(ClickKeyword.groovy:65)
	at com.kms.katalon.core.webui.keyword.builtin.ClickKeyword$_click_closure1.call(ClickKeyword.groovy)
	at com.kms.katalon.core.webui.keyword.internal.WebUIKeywordMain.runKeyword(WebUIKeywordMain.groovy:20)
	... 29 more]]></system-err>
   </testsuite>
   <testsuite name="PreAndPost" tests="10" failures="0" errors="0" time="347.317" skipped="0" timestamp="24-06-2024T12:01:23" hostname="Adarsh.Lohar - QKNBK2037.qkcorp.qualitykiosk.com" id="Test Suites/PaperbaseFlows/PaperbaseWithAndWithout/PreAndPost">
      <properties>
         <property name="deviceName" value=""/>
         <property name="devicePlatform"/>
         <property name="logFolder" value="D:\\newRCBCProject\\RCBCLOS_Automation\\Reports\\20240624_115032\\PaperbaseFlows\\PaperbaseWithAndWithout\\PreAndPost\\20240624_115040"/>
         <property name="logFiles" value="D:\\newRCBCProject\\RCBCLOS_Automation\\Reports\\20240624_115032\\PaperbaseFlows\\PaperbaseWithAndWithout\\PreAndPost\\20240624_115040\\execution0.log"/>
         <property name="attachments" value="D:\\newRCBCProject\\RCBCLOS_Automation\\Reports\\20240624_115032\\PaperbaseFlows\\PaperbaseWithAndWithout\\PreAndPost\\20240624_115040\\Screenshots/Portal24_06_2412_01_36/Regression24_06_24_12_01_37.jpg, D:\\newRCBCProject\\RCBCLOS_Automation\\Reports\\20240624_115032\\PaperbaseFlows\\PaperbaseWithAndWithout\\PreAndPost\\20240624_115040\\Screenshots/Portal24_06_2412_01_36/Regression24_06_24_12_01_46.jpg, D:\\newRCBCProject\\RCBCLOS_Automation\\Reports\\20240624_115032\\PaperbaseFlows\\PaperbaseWithAndWithout\\PreAndPost\\20240624_115040\\Screenshots/PrePost24_06_2412_02_36/Regression24_06_24_12_02_37.jpg, D:\\newRCBCProject\\RCBCLOS_Automation\\Reports\\20240624_115032\\PaperbaseFlows\\PaperbaseWithAndWithout\\PreAndPost\\20240624_115040\\Screenshots/PrePost24_06_2412_02_36/Regression24_06_24_12_03_18.jpg, D:\\newRCBCProject\\RCBCLOS_Automation\\Reports\\20240624_115032\\PaperbaseFlows\\PaperbaseWithAndWithout\\PreAndPost\\20240624_115040\\Screenshots/PrePost24_06_2412_02_36/Regression24_06_24_12_03_40.jpg, D:\\newRCBCProject\\RCBCLOS_Automation\\Reports\\20240624_115032\\PaperbaseFlows\\PaperbaseWithAndWithout\\PreAndPost\\20240624_115040\\Screenshots/PrePost24_06_2412_02_36/Regression24_06_24_12_03_49.jpg, D:\\newRCBCProject\\RCBCLOS_Automation\\Reports\\20240624_115032\\PaperbaseFlows\\PaperbaseWithAndWithout\\PreAndPost\\20240624_115040\\Screenshots/PrePost24_06_2412_02_36/Regression24_06_24_12_04_28.jpg, D:\\newRCBCProject\\RCBCLOS_Automation\\Reports\\20240624_115032\\PaperbaseFlows\\PaperbaseWithAndWithout\\PreAndPost\\20240624_115040\\Screenshots/PrePost24_06_2412_02_36/Regression24_06_24_12_04_32.jpg, D:\\newRCBCProject\\RCBCLOS_Automation\\Reports\\20240624_115032\\PaperbaseFlows\\PaperbaseWithAndWithout\\PreAndPost\\20240624_115040\\Screenshots/PrePost24_06_2412_02_36/Regression24_06_24_12_04_41.jpg, D:\\newRCBCProject\\RCBCLOS_Automation\\Reports\\20240624_115032\\PaperbaseFlows\\PaperbaseWithAndWithout\\PreAndPost\\20240624_115040\\Screenshots/PrePost24_06_2412_02_36/Regression24_06_24_12_04_50.jpg, D:\\newRCBCProject\\RCBCLOS_Automation\\Reports\\20240624_115032\\PaperbaseFlows\\PaperbaseWithAndWithout\\PreAndPost\\20240624_115040\\Screenshots/PrePost24_06_2412_02_36/Regression24_06_24_12_04_59.jpg, D:\\newRCBCProject\\RCBCLOS_Automation\\Reports\\20240624_115032\\PaperbaseFlows\\PaperbaseWithAndWithout\\PreAndPost\\20240624_115040\\Screenshots/PrePost24_06_2412_02_36/Regression24_06_24_12_05_09.jpg, D:\\newRCBCProject\\RCBCLOS_Automation\\Reports\\20240624_115032\\PaperbaseFlows\\PaperbaseWithAndWithout\\PreAndPost\\20240624_115040\\Screenshots/PrePost24_06_2412_02_36/Regression24_06_24_12_05_18.jpg, D:\\newRCBCProject\\RCBCLOS_Automation\\Reports\\20240624_115032\\PaperbaseFlows\\PaperbaseWithAndWithout\\PreAndPost\\20240624_115040\\Screenshots/PrePost24_06_2412_02_36/Regression24_06_24_12_05_35.jpg, D:\\newRCBCProject\\RCBCLOS_Automation\\Reports\\20240624_115032\\PaperbaseFlows\\PaperbaseWithAndWithout\\PreAndPost\\20240624_115040\\Screenshots/PrePost24_06_2412_05_58/Regression24_06_24_12_05_59.jpg, D:\\newRCBCProject\\RCBCLOS_Automation\\Reports\\20240624_115032\\PaperbaseFlows\\PaperbaseWithAndWithout\\PreAndPost\\20240624_115040\\Screenshots/PrePost24_06_2412_05_58/Regression24_06_24_12_06_26.jpg, D:\\newRCBCProject\\RCBCLOS_Automation\\Reports\\20240624_115032\\PaperbaseFlows\\PaperbaseWithAndWithout\\PreAndPost\\20240624_115040\\Screenshots/PrePost24_06_2412_05_58/Regression24_06_24_12_06_30.jpg, D:\\newRCBCProject\\RCBCLOS_Automation\\Reports\\20240624_115032\\PaperbaseFlows\\PaperbaseWithAndWithout\\PreAndPost\\20240624_115040\\Screenshots/PrePost24_06_2412_05_58/Regression24_06_24_12_06_36.jpg, D:\\newRCBCProject\\RCBCLOS_Automation\\Reports\\20240624_115032\\PaperbaseFlows\\PaperbaseWithAndWithout\\PreAndPost\\20240624_115040\\Screenshots/PrePost24_06_2412_05_58/Regression24_06_24_12_06_40.jpg, D:\\newRCBCProject\\RCBCLOS_Automation\\Reports\\20240624_115032\\PaperbaseFlows\\PaperbaseWithAndWithout\\PreAndPost\\20240624_115040\\Screenshots/PrePost24_06_2412_05_58/Regression24_06_24_12_06_45.jpg, D:\\newRCBCProject\\RCBCLOS_Automation\\Reports\\20240624_115032\\PaperbaseFlows\\PaperbaseWithAndWithout\\PreAndPost\\20240624_115040\\Screenshots/PrePost24_06_2412_05_58/Regression24_06_24_12_06_51.jpg, D:\\newRCBCProject\\RCBCLOS_Automation\\Reports\\20240624_115032\\PaperbaseFlows\\PaperbaseWithAndWithout\\PreAndPost\\20240624_115040\\1719211017775.png, D:\\newRCBCProject\\RCBCLOS_Automation\\Reports\\20240624_115032\\PaperbaseFlows\\PaperbaseWithAndWithout\\PreAndPost\\20240624_115040\\Screenshots/PrePost24_06_2412_05_58/Regression24_06_24_12_06_59.jpg"/>
         <property name="hostName" value="Adarsh.Lohar - QKNBK2037.qkcorp.qualitykiosk.com"/>
         <property name="os" value="Windows 10 64bit"/>
         <property name="katalonVersion" value="9.5.0.217"/>
         <property name="browser" value="Chrome 126.0.0.0"/>
         <property name="hostAddress" value="10.0.6.210"/>
         <property name="sessionId" value="3034ea2973f39993dd089a5579bb448b"/>
         <property name="seleniumVersion" value="3.141.59"/>
         <property name="proxyInformation" value="ProxyInformation { proxyOption=NO_PROXY, proxyServerType=HTTP, username=, password=********, proxyServerAddress=, proxyServerPort=0, executionList=&quot;&quot;, isApplyToDesiredCapabilities=true }"/>
         <property name="platform" value="Windows 10"/>
      </properties>
      <testcase name="Test Cases/Paper_STPWithAndWithoutAPI/PreAndPostRelease/LoginPage" time="19.943" classname="Test Cases/Paper_STPWithAndWithoutAPI/PreAndPostRelease/LoginPage" status="PASSED">
         <system-out><![CDATA[24-06-2024T12:01:23 - [TEST_CASE][PASSED] - Test Cases/Paper_STPWithAndWithoutAPI/PreAndPostRelease/LoginPage: Test Cases/Paper_STPWithAndWithoutAPI/PreAndPostRelease/LoginPage

24-06-2024T12:01:24 - [TEST_STEP][PASSED] - loginPage.LoginPage.login_Page(): loginPage.LoginPage.login_Page is PASSED

24-06-2024T12:01:25 - [MESSAGE][INFO] - Starting 'Chrome' driver

24-06-2024T12:01:25 - [MESSAGE][INFO] - User set preference: ['args', '[--incognito]']

24-06-2024T12:01:25 - [MESSAGE][INFO] - Action delay is set to 0 milliseconds

24-06-2024T12:01:29 - [MESSAGE][PASSED] - Browser is opened with url: ''

24-06-2024T12:01:29 - [MESSAGE][PASSED] - Current window maximized

24-06-2024T12:01:30 - [MESSAGE][PASSED] - Navigate to 'https://rcbcuat.nonprodnmc.com/LoanPortal' successfully

24-06-2024T12:01:35 - [MESSAGE][PASSED] - Text 'QK_Dealer7' is set on object 'Object Repository/LoginPage/email'

24-06-2024T12:01:35 - [MESSAGE][PASSED] - Text ****** has been set on object 'Object Repository/LoginPage/password'

24-06-2024T12:01:36 - [MESSAGE][PASSED] - Delayed 1 second(s)

24-06-2024T12:01:37 - [MESSAGE][PASSED] - Delayed 1 second(s)

24-06-2024T12:01:38 - [MESSAGE][PASSED] - Delayed 1 second(s)

24-06-2024T12:01:39 - [MESSAGE][PASSED] - Taking screenshot successfully
[[ATTACHMENT|D:\\newRCBCProject\\RCBCLOS_Automation\\Reports\\20240624_115032\\PaperbaseFlows\\PaperbaseWithAndWithout\\PreAndPost\\20240624_115040\\Screenshots/Portal24_06_2412_01_36/Regression24_06_24_12_01_37.jpg]]

24-06-2024T12:01:39 - [MESSAGE][PASSED] - Object: 'Object Repository/LoginPage/log_in' is clicked on

24-06-2024T12:01:41 - [MESSAGE][PASSED] - Object 'Object Repository/HomePage/Auto_Loan_Portal' is present

24-06-2024T12:01:41 - [MESSAGE][INFO] - We are in Home Page

24-06-2024T12:01:41 - [MESSAGE][PASSED] - loginPage.LoginPage.login_Page is PASSED

24-06-2024T12:01:43 - [TEST_STEP][PASSED] - Video: Video recording for test case 'Test Cases/Paper_STPWithAndWithoutAPI/PreAndPostRelease/LoginPage' .

24-06-2024T12:01:43 - [MESSAGE][INFO] - Video recording for test case 'Test Cases/Paper_STPWithAndWithoutAPI/PreAndPostRelease/LoginPage' .]]></system-out>
         <system-err><![CDATA[]]></system-err>
      </testcase>
      <testcase name="Test Cases/Paper_STPWithAndWithoutAPI/PreAndPostRelease/homepage" time="51.785" classname="Test Cases/Paper_STPWithAndWithoutAPI/PreAndPostRelease/homepage" status="PASSED">
         <system-out><![CDATA[24-06-2024T12:01:43 - [TEST_CASE][PASSED] - Test Cases/Paper_STPWithAndWithoutAPI/PreAndPostRelease/homepage: Test Cases/Paper_STPWithAndWithoutAPI/PreAndPostRelease/homepage

24-06-2024T12:01:43 - [TEST_STEP][PASSED] - autoLoanProtal.SelectManageLoans.selectToManageLoan(): autoLoanProtal.SelectManageLoans.selectToManageLoan is PASSED

24-06-2024T12:01:44 - [MESSAGE][PASSED] - Wait for page load successfully

24-06-2024T12:01:45 - [MESSAGE][PASSED] - Delayed 1 second(s)

24-06-2024T12:01:46 - [MESSAGE][PASSED] - Delayed 1 second(s)

24-06-2024T12:01:47 - [MESSAGE][PASSED] - Delayed 1 second(s)

24-06-2024T12:01:47 - [MESSAGE][PASSED] - Taking screenshot successfully
[[ATTACHMENT|D:\\newRCBCProject\\RCBCLOS_Automation\\Reports\\20240624_115032\\PaperbaseFlows\\PaperbaseWithAndWithout\\PreAndPost\\20240624_115040\\Screenshots/Portal24_06_2412_01_36/Regression24_06_24_12_01_46.jpg]]

24-06-2024T12:02:33 - [MESSAGE][PASSED] - Object: 'Object Repository/HomePage/ManageLoans' is clicked on

24-06-2024T12:02:33 - [MESSAGE][PASSED] - autoLoanProtal.SelectManageLoans.selectToManageLoan is PASSED

24-06-2024T12:02:35 - [TEST_STEP][PASSED] - Video: Video recording for test case 'Test Cases/Paper_STPWithAndWithoutAPI/PreAndPostRelease/homepage' .

24-06-2024T12:02:35 - [MESSAGE][INFO] - Video recording for test case 'Test Cases/Paper_STPWithAndWithoutAPI/PreAndPostRelease/homepage' .]]></system-out>
         <system-err><![CDATA[]]></system-err>
      </testcase>
      <testcase name="Test Cases/Paper_STPWithAndWithoutAPI/PreAndPostRelease/ApplicationPageForPreAndPost" time="40.127" classname="Test Cases/Paper_STPWithAndWithoutAPI/PreAndPostRelease/ApplicationPageForPreAndPost" status="PASSED">
         <system-out><![CDATA[24-06-2024T12:02:35 - [TEST_CASE][PASSED] - Test Cases/Paper_STPWithAndWithoutAPI/PreAndPostRelease/ApplicationPageForPreAndPost: Test Cases/Paper_STPWithAndWithoutAPI/PreAndPostRelease/ApplicationPageForPreAndPost

24-06-2024T12:02:35 - [TEST_STEP][PASSED] - tabSection.ApplicationSection.applicationSectionTab(show, sortBy): tabSection.ApplicationSection.applicationSectionTab is PASSED

24-06-2024T12:02:35 - [MESSAGE][PASSED] - Wait for page load successfully

24-06-2024T12:02:36 - [MESSAGE][PASSED] - Delayed 1 second(s)

24-06-2024T12:02:37 - [MESSAGE][PASSED] - Delayed 1 second(s)

24-06-2024T12:02:38 - [MESSAGE][PASSED] - Delayed 1 second(s)

24-06-2024T12:02:39 - [MESSAGE][PASSED] - Taking screenshot successfully
[[ATTACHMENT|D:\\newRCBCProject\\RCBCLOS_Automation\\Reports\\20240624_115032\\PaperbaseFlows\\PaperbaseWithAndWithout\\PreAndPost\\20240624_115040\\Screenshots/PrePost24_06_2412_02_36/Regression24_06_24_12_02_37.jpg]]

24-06-2024T12:02:39 - [MESSAGE][PASSED] - Object: 'Object Repository/AdditionalInformationWithoutAPI/ApplicationPage/show' is clicked on

24-06-2024T12:03:02 - [MESSAGE][PASSED] - All options with value '2' are selected in object 'Object Repository/AdditionalInformationWithoutAPI/ApplicationPage/show'  using regular expression

24-06-2024T12:03:07 - [MESSAGE][PASSED] - Delayed 5 second(s)

24-06-2024T12:03:07 - [MESSAGE][PASSED] - All options with value '1' are selected in object 'Object Repository/AdditionalInformationWithoutAPI/ApplicationPage/sortBy'  using regular expression

24-06-2024T12:03:07 - [MESSAGE][PASSED] - Object 'Object Repository/AdditionalInformationWithoutAPI/ApplicationPage/searchBy' is clickable

24-06-2024T12:03:07 - [MESSAGE][PASSED] - Object 'Object Repository/AdditionalInformationWithoutAPI/ApplicationPage/autoLoanPortal' is clickable

24-06-2024T12:03:08 - [MESSAGE][PASSED] - Object 'Object Repository/AdditionalInformationWithoutAPI/ApplicationPage/notification' is clickable

24-06-2024T12:03:08 - [MESSAGE][PASSED] - Object 'Object Repository/AdditionalInformationWithoutAPI/ApplicationPage/signOut' is clickable

24-06-2024T12:03:08 - [MESSAGE][PASSED] - Object 'Object Repository/AdditionalInformationWithoutAPI/ApplicationPage/search' is clickable

24-06-2024T12:03:08 - [MESSAGE][PASSED] - Object 'Object Repository/AdditionalInformationWithoutAPI/ApplicationPage/dashboard' is clickable

24-06-2024T12:03:08 - [MESSAGE][PASSED] - Object 'Object Repository/AdditionalInformationWithoutAPI/ApplicationPage/searchIcon' is clickable

24-06-2024T12:03:08 - [MESSAGE][PASSED] - Object: 'Object Repository/AdditionalInformationWithoutAPI/ApplicationPage/View' is clicked on

24-06-2024T12:03:13 - [MESSAGE][PASSED] - Delayed 5 second(s)

24-06-2024T12:03:13 - [MESSAGE][PASSED] - tabSection.ApplicationSection.applicationSectionTab is PASSED

24-06-2024T12:03:15 - [TEST_STEP][PASSED] - Video: Video recording for test case 'Test Cases/Paper_STPWithAndWithoutAPI/PreAndPostRelease/ApplicationPageForPreAndPost' .

24-06-2024T12:03:15 - [MESSAGE][INFO] - Video recording for test case 'Test Cases/Paper_STPWithAndWithoutAPI/PreAndPostRelease/ApplicationPageForPreAndPost' .]]></system-out>
         <system-err><![CDATA[]]></system-err>
      </testcase>
      <testcase name="Test Cases/Paper_STPWithAndWithoutAPI/PreAndPostRelease/CustomerDetailForPreRelease" time="9.654" classname="Test Cases/Paper_STPWithAndWithoutAPI/PreAndPostRelease/CustomerDetailForPreRelease" status="PASSED">
         <system-out><![CDATA[24-06-2024T12:03:15 - [TEST_CASE][PASSED] - Test Cases/Paper_STPWithAndWithoutAPI/PreAndPostRelease/CustomerDetailForPreRelease: Test Cases/Paper_STPWithAndWithoutAPI/PreAndPostRelease/CustomerDetailForPreRelease

24-06-2024T12:03:15 - [TEST_STEP][PASSED] - tabSection.CustomerDetail.clientInformationForPreRelease(): tabSection.CustomerDetail.clientInformationForPreRelease is PASSED

24-06-2024T12:03:15 - [MESSAGE][PASSED] - Wait for page load successfully

24-06-2024T12:03:16 - [MESSAGE][PASSED] - Delayed 1 second(s)

24-06-2024T12:03:16 - [MESSAGE][PASSED] - Current window's index is: 0

24-06-2024T12:03:16 - [MESSAGE][PASSED] - Switched to window with index: '1'

24-06-2024T12:03:17 - [MESSAGE][PASSED] - Text of object 'Object Repository/Action/referenceNumber' is: 'Dealer Pre Release : LOS-3370'

24-06-2024T12:03:17 - [MESSAGE][INFO] - Dealer Pre Release : LOS-3370 Contains LOS-3370

24-06-2024T12:03:17 - [MESSAGE][INFO] - Ready to go....

24-06-2024T12:03:18 - [MESSAGE][PASSED] - Delayed 1 second(s)

24-06-2024T12:03:19 - [MESSAGE][PASSED] - Delayed 1 second(s)

24-06-2024T12:03:22 - [MESSAGE][PASSED] - Taking screenshot successfully
[[ATTACHMENT|D:\\newRCBCProject\\RCBCLOS_Automation\\Reports\\20240624_115032\\PaperbaseFlows\\PaperbaseWithAndWithout\\PreAndPost\\20240624_115040\\Screenshots/PrePost24_06_2412_02_36/Regression24_06_24_12_03_18.jpg]]

24-06-2024T12:03:23 - [MESSAGE][PASSED] - Delayed 1 second(s)

24-06-2024T12:03:23 - [MESSAGE][PASSED] - tabSection.CustomerDetail.clientInformationForPreRelease is PASSED

24-06-2024T12:03:25 - [TEST_STEP][PASSED] - Video: Video recording for test case 'Test Cases/Paper_STPWithAndWithoutAPI/PreAndPostRelease/CustomerDetailForPreRelease' .

24-06-2024T12:03:25 - [MESSAGE][INFO] - Video recording for test case 'Test Cases/Paper_STPWithAndWithoutAPI/PreAndPostRelease/CustomerDetailForPreRelease' .]]></system-out>
         <system-err><![CDATA[]]></system-err>
      </testcase>
      <testcase name="Test Cases/Paper_STPWithAndWithoutAPI/PreAndPostRelease/LoanInformation" time="18.056" classname="Test Cases/Paper_STPWithAndWithoutAPI/PreAndPostRelease/LoanInformation" status="PASSED">
         <system-out><![CDATA[24-06-2024T12:03:25 - [TEST_CASE][PASSED] - Test Cases/Paper_STPWithAndWithoutAPI/PreAndPostRelease/LoanInformation: Test Cases/Paper_STPWithAndWithoutAPI/PreAndPostRelease/LoanInformation

24-06-2024T12:03:25 - [TEST_STEP][PASSED] - tabSection.LoanInformation.loanInfoForPrereleasePaperbasedWithWithout(): tabSection.LoanInformation.loanInfoForPrereleasePaperbasedWithWithout is PASSED

24-06-2024T12:03:26 - [MESSAGE][PASSED] - Delayed 1 second(s)

24-06-2024T12:03:27 - [MESSAGE][PASSED] - Object: 'Object Repository/TabSection/LoanInformation' is clicked on

24-06-2024T12:03:28 - [MESSAGE][PASSED] - Text '0' is set on object 'Object Repository/BackOffice/PreReleasePaperbaseLoanInfo/advancePayment4'

24-06-2024T12:03:29 - [MESSAGE][PASSED] - Text '0' is set on object 'Object Repository/BackOffice/PreReleasePaperbaseLoanInfo/advancePayment5'

24-06-2024T12:03:29 - [MESSAGE][PASSED] - Attribute 'title' of object 'Object Repository/LoanInformationPreRelease/paymentScheme/totalCmf' is: '12,049.92'

24-06-2024T12:03:30 - [MESSAGE][PASSED] - Object: 'Object Repository/BackOffice/PreReleasePaperbaseLoanInfo/cmfPayment4' is double clicked on

24-06-2024T12:03:30 - [MESSAGE][PASSED] - Keys '12,049.92' sent to object: 'Object Repository/LoanInformationPreRelease/billPayment'

24-06-2024T12:03:31 - [MESSAGE][PASSED] - Text '0' is set on object 'Object Repository/BackOffice/PreReleasePaperbaseLoanInfo/cmfPayment5'

24-06-2024T12:03:32 - [MESSAGE][PASSED] - Text '0' is set on object 'Object Repository/BackOffice/PreReleasePaperbaseLoanInfo/excessEMF4'

24-06-2024T12:03:33 - [MESSAGE][PASSED] - Text '0' is set on object 'Object Repository/BackOffice/PreReleasePaperbaseLoanInfo/excessEMF5'

24-06-2024T12:03:35 - [MESSAGE][PASSED] - Text '0' is set on object 'Object Repository/BackOffice/PreReleasePaperbaseLoanInfo/lto4'

24-06-2024T12:03:36 - [MESSAGE][PASSED] - Text '0' is set on object 'Object Repository/BackOffice/PreReleasePaperbaseLoanInfo/lto5'

24-06-2024T12:03:37 - [MESSAGE][PASSED] - Text '0' is set on object 'Object Repository/BackOffice/PreReleasePaperbaseLoanInfo/motorCarInsurance4'

24-06-2024T12:03:38 - [MESSAGE][PASSED] - Text '0' is set on object 'Object Repository/BackOffice/PreReleasePaperbaseLoanInfo/motorCarInsurance5'

24-06-2024T12:03:39 - [MESSAGE][PASSED] - Delayed 1 second(s)

24-06-2024T12:03:40 - [MESSAGE][PASSED] - Delayed 1 second(s)

24-06-2024T12:03:41 - [MESSAGE][PASSED] - Delayed 1 second(s)

24-06-2024T12:03:41 - [MESSAGE][PASSED] - Taking screenshot successfully
[[ATTACHMENT|D:\\newRCBCProject\\RCBCLOS_Automation\\Reports\\20240624_115032\\PaperbaseFlows\\PaperbaseWithAndWithout\\PreAndPost\\20240624_115040\\Screenshots/PrePost24_06_2412_02_36/Regression24_06_24_12_03_40.jpg]]

24-06-2024T12:03:41 - [MESSAGE][PASSED] - tabSection.LoanInformation.loanInfoForPrereleasePaperbasedWithWithout is PASSED

24-06-2024T12:03:43 - [TEST_STEP][PASSED] - Video: Video recording for test case 'Test Cases/Paper_STPWithAndWithoutAPI/PreAndPostRelease/LoanInformation' .

24-06-2024T12:03:43 - [MESSAGE][INFO] - Video recording for test case 'Test Cases/Paper_STPWithAndWithoutAPI/PreAndPostRelease/LoanInformation' .]]></system-out>
         <system-err><![CDATA[]]></system-err>
      </testcase>
      <testcase name="Test Cases/Paper_STPWithAndWithoutAPI/PreAndPostRelease/DocumentChecklist" time="109.488" classname="Test Cases/Paper_STPWithAndWithoutAPI/PreAndPostRelease/DocumentChecklist" status="PASSED">
         <system-out><![CDATA[24-06-2024T12:03:43 - [TEST_CASE][PASSED] - Test Cases/Paper_STPWithAndWithoutAPI/PreAndPostRelease/DocumentChecklist: Test Cases/Paper_STPWithAndWithoutAPI/PreAndPostRelease/DocumentChecklist

24-06-2024T12:03:43 - [TEST_STEP][PASSED] - tabSection.DocumentCheckList.documentCheckListForPreReleasePaperbased(): tabSection.DocumentCheckList.documentCheckListForPreReleasePaperbased is PASSED

24-06-2024T12:03:47 - [MESSAGE][PASSED] - Object: 'Object Repository/TabSection/DocumentCheclist' is clicked on

24-06-2024T12:03:48 - [MESSAGE][PASSED] - Delayed 1 second(s)

24-06-2024T12:03:49 - [MESSAGE][PASSED] - Delayed 1 second(s)

24-06-2024T12:03:50 - [MESSAGE][PASSED] - Delayed 1 second(s)

24-06-2024T12:03:50 - [MESSAGE][PASSED] - Taking screenshot successfully
[[ATTACHMENT|D:\\newRCBCProject\\RCBCLOS_Automation\\Reports\\20240624_115032\\PaperbaseFlows\\PaperbaseWithAndWithout\\PreAndPost\\20240624_115040\\Screenshots/PrePost24_06_2412_02_36/Regression24_06_24_12_03_49.jpg]]

24-06-2024T12:03:51 - [MESSAGE][PASSED] - Delayed 1 second(s)

24-06-2024T12:04:22 - [MESSAGE][PASSED] - Object: 'Object Repository/DocumentCheckListForPreRelease/OutwardDocument/generateAll' is clicked on

24-06-2024T12:04:23 - [MESSAGE][PASSED] - Delayed 1 second(s)

24-06-2024T12:04:23 - [MESSAGE][PASSED] - Switched to window with index: '2'

24-06-2024T12:04:26 - [MESSAGE][PASSED] - Delayed 3 second(s)

24-06-2024T12:04:26 - [MESSAGE][PASSED] - Window with index 2 is closed

24-06-2024T12:04:26 - [MESSAGE][PASSED] - Switched to window with index: '1'

24-06-2024T12:04:27 - [MESSAGE][PASSED] - Delayed 1 second(s)

24-06-2024T12:04:28 - [MESSAGE][PASSED] - Delayed 1 second(s)

24-06-2024T12:04:29 - [MESSAGE][PASSED] - Delayed 1 second(s)

24-06-2024T12:04:29 - [MESSAGE][PASSED] - Taking screenshot successfully
[[ATTACHMENT|D:\\newRCBCProject\\RCBCLOS_Automation\\Reports\\20240624_115032\\PaperbaseFlows\\PaperbaseWithAndWithout\\PreAndPost\\20240624_115040\\Screenshots/PrePost24_06_2412_02_36/Regression24_06_24_12_04_28.jpg]]

24-06-2024T12:04:29 - [MESSAGE][PASSED] - Current window's index is: 1

24-06-2024T12:04:30 - [MESSAGE][PASSED] - Object: 'Object Repository/DocumentCheckListForPreRelease/OutwardDocument/viewBtn1' is clicked on

24-06-2024T12:04:30 - [MESSAGE][PASSED] - Switched to window with index: '2'

24-06-2024T12:04:31 - [MESSAGE][PASSED] - Delayed 1 second(s)

24-06-2024T12:04:32 - [MESSAGE][PASSED] - Delayed 1 second(s)

24-06-2024T12:04:33 - [MESSAGE][PASSED] - Delayed 1 second(s)

24-06-2024T12:04:33 - [MESSAGE][PASSED] - Taking screenshot successfully
[[ATTACHMENT|D:\\newRCBCProject\\RCBCLOS_Automation\\Reports\\20240624_115032\\PaperbaseFlows\\PaperbaseWithAndWithout\\PreAndPost\\20240624_115040\\Screenshots/PrePost24_06_2412_02_36/Regression24_06_24_12_04_32.jpg]]

24-06-2024T12:04:38 - [MESSAGE][PASSED] - Delayed 5 second(s)

24-06-2024T12:04:38 - [MESSAGE][PASSED] - Window with index 2 is closed

24-06-2024T12:04:38 - [MESSAGE][PASSED] - Switched to window with index: '1'

24-06-2024T12:04:38 - [MESSAGE][PASSED] - Current window's index is: 1

24-06-2024T12:04:39 - [MESSAGE][PASSED] - Object: 'Object Repository/DocumentCheckListForPreRelease/OutwardDocument/viewBtn2' is clicked on

24-06-2024T12:04:39 - [MESSAGE][PASSED] - Switched to window with index: '2'

24-06-2024T12:04:40 - [MESSAGE][PASSED] - Delayed 1 second(s)

24-06-2024T12:04:41 - [MESSAGE][PASSED] - Delayed 1 second(s)

24-06-2024T12:04:42 - [MESSAGE][PASSED] - Delayed 1 second(s)

24-06-2024T12:04:42 - [MESSAGE][PASSED] - Taking screenshot successfully
[[ATTACHMENT|D:\\newRCBCProject\\RCBCLOS_Automation\\Reports\\20240624_115032\\PaperbaseFlows\\PaperbaseWithAndWithout\\PreAndPost\\20240624_115040\\Screenshots/PrePost24_06_2412_02_36/Regression24_06_24_12_04_41.jpg]]

24-06-2024T12:04:47 - [MESSAGE][PASSED] - Delayed 5 second(s)

24-06-2024T12:04:47 - [MESSAGE][PASSED] - Window with index 2 is closed

24-06-2024T12:04:47 - [MESSAGE][PASSED] - Switched to window with index: '1'

24-06-2024T12:04:47 - [MESSAGE][PASSED] - Current window's index is: 1

24-06-2024T12:04:48 - [MESSAGE][PASSED] - Object: 'Object Repository/DocumentCheckListForPreRelease/OutwardDocument/viewBtn3' is clicked on

24-06-2024T12:04:48 - [MESSAGE][PASSED] - Switched to window with index: '2'

24-06-2024T12:04:49 - [MESSAGE][PASSED] - Delayed 1 second(s)

24-06-2024T12:04:50 - [MESSAGE][PASSED] - Delayed 1 second(s)

24-06-2024T12:04:51 - [MESSAGE][PASSED] - Delayed 1 second(s)

24-06-2024T12:04:51 - [MESSAGE][PASSED] - Taking screenshot successfully
[[ATTACHMENT|D:\\newRCBCProject\\RCBCLOS_Automation\\Reports\\20240624_115032\\PaperbaseFlows\\PaperbaseWithAndWithout\\PreAndPost\\20240624_115040\\Screenshots/PrePost24_06_2412_02_36/Regression24_06_24_12_04_50.jpg]]

24-06-2024T12:04:56 - [MESSAGE][PASSED] - Delayed 5 second(s)

24-06-2024T12:04:56 - [MESSAGE][PASSED] - Window with index 2 is closed

24-06-2024T12:04:56 - [MESSAGE][PASSED] - Switched to window with index: '1'

24-06-2024T12:04:56 - [MESSAGE][PASSED] - Current window's index is: 1

24-06-2024T12:04:57 - [MESSAGE][PASSED] - Object: 'Object Repository/DocumentCheckListForPreRelease/OutwardDocument/viewBtn4' is clicked on

24-06-2024T12:04:57 - [MESSAGE][PASSED] - Switched to window with index: '2'

24-06-2024T12:04:58 - [MESSAGE][PASSED] - Delayed 1 second(s)

24-06-2024T12:04:59 - [MESSAGE][PASSED] - Delayed 1 second(s)

24-06-2024T12:05:00 - [MESSAGE][PASSED] - Delayed 1 second(s)

24-06-2024T12:05:01 - [MESSAGE][PASSED] - Taking screenshot successfully
[[ATTACHMENT|D:\\newRCBCProject\\RCBCLOS_Automation\\Reports\\20240624_115032\\PaperbaseFlows\\PaperbaseWithAndWithout\\PreAndPost\\20240624_115040\\Screenshots/PrePost24_06_2412_02_36/Regression24_06_24_12_04_59.jpg]]

24-06-2024T12:05:06 - [MESSAGE][PASSED] - Delayed 5 second(s)

24-06-2024T12:05:06 - [MESSAGE][PASSED] - Window with index 2 is closed

24-06-2024T12:05:06 - [MESSAGE][PASSED] - Switched to window with index: '1'

24-06-2024T12:05:06 - [MESSAGE][PASSED] - Current window's index is: 1

24-06-2024T12:05:07 - [MESSAGE][PASSED] - Object: 'Object Repository/DocumentCheckListForPreRelease/OutwardDocument/viewBtn5' is clicked on

24-06-2024T12:05:07 - [MESSAGE][PASSED] - Switched to window with index: '2'

24-06-2024T12:05:08 - [MESSAGE][PASSED] - Delayed 1 second(s)

24-06-2024T12:05:09 - [MESSAGE][PASSED] - Delayed 1 second(s)

24-06-2024T12:05:10 - [MESSAGE][PASSED] - Delayed 1 second(s)

24-06-2024T12:05:10 - [MESSAGE][PASSED] - Taking screenshot successfully
[[ATTACHMENT|D:\\newRCBCProject\\RCBCLOS_Automation\\Reports\\20240624_115032\\PaperbaseFlows\\PaperbaseWithAndWithout\\PreAndPost\\20240624_115040\\Screenshots/PrePost24_06_2412_02_36/Regression24_06_24_12_05_09.jpg]]

24-06-2024T12:05:15 - [MESSAGE][PASSED] - Delayed 5 second(s)

24-06-2024T12:05:15 - [MESSAGE][PASSED] - Window with index 2 is closed

24-06-2024T12:05:15 - [MESSAGE][PASSED] - Switched to window with index: '1'

24-06-2024T12:05:15 - [MESSAGE][PASSED] - Current window's index is: 1

24-06-2024T12:05:16 - [MESSAGE][PASSED] - Object: 'Object Repository/DocumentCheckListForPreRelease/OutwardDocument/viewBtn6' is clicked on

24-06-2024T12:05:16 - [MESSAGE][PASSED] - Switched to window with index: '2'

24-06-2024T12:05:17 - [MESSAGE][PASSED] - Delayed 1 second(s)

24-06-2024T12:05:18 - [MESSAGE][PASSED] - Delayed 1 second(s)

24-06-2024T12:05:19 - [MESSAGE][PASSED] - Delayed 1 second(s)

24-06-2024T12:05:19 - [MESSAGE][PASSED] - Taking screenshot successfully
[[ATTACHMENT|D:\\newRCBCProject\\RCBCLOS_Automation\\Reports\\20240624_115032\\PaperbaseFlows\\PaperbaseWithAndWithout\\PreAndPost\\20240624_115040\\Screenshots/PrePost24_06_2412_02_36/Regression24_06_24_12_05_18.jpg]]

24-06-2024T12:05:24 - [MESSAGE][PASSED] - Delayed 5 second(s)

24-06-2024T12:05:24 - [MESSAGE][PASSED] - Window with index 2 is closed

24-06-2024T12:05:24 - [MESSAGE][PASSED] - Switched to window with index: '1'

24-06-2024T12:05:26 - [MESSAGE][PASSED] - Delayed 2 second(s)

24-06-2024T12:05:28 - [MESSAGE][PASSED] - Object: 'Object Repository/CollateralInformationPreRelease/SaveBtn' is clicked on

24-06-2024T12:05:30 - [MESSAGE][PASSED] - Delayed 2 second(s)

24-06-2024T12:05:30 - [MESSAGE][PASSED] - tabSection.DocumentCheckList.documentCheckListForPreReleasePaperbased is PASSED

24-06-2024T12:05:32 - [TEST_STEP][PASSED] - Video: Video recording for test case 'Test Cases/Paper_STPWithAndWithoutAPI/PreAndPostRelease/DocumentChecklist' .

24-06-2024T12:05:32 - [MESSAGE][INFO] - Video recording for test case 'Test Cases/Paper_STPWithAndWithoutAPI/PreAndPostRelease/DocumentChecklist' .]]></system-out>
         <system-err><![CDATA[]]></system-err>
      </testcase>
      <testcase name="Test Cases/Paper_STPWithAndWithoutAPI/PreAndPostRelease/CollateralInfo" time="5.88" classname="Test Cases/Paper_STPWithAndWithoutAPI/PreAndPostRelease/CollateralInfo" status="PASSED">
         <system-out><![CDATA[24-06-2024T12:05:32 - [TEST_CASE][PASSED] - Test Cases/Paper_STPWithAndWithoutAPI/PreAndPostRelease/CollateralInfo: Test Cases/Paper_STPWithAndWithoutAPI/PreAndPostRelease/CollateralInfo

24-06-2024T12:05:33 - [TEST_STEP][PASSED] - tabSection.CollateralInformation.collateralInformationForPrereleasePaperbased(): tabSection.CollateralInformation.collateralInformationForPrereleasePaperbased is PASSED

24-06-2024T12:05:33 - [MESSAGE][PASSED] - Object: 'Object Repository/TabSection/CollateralInformation' is clicked on

24-06-2024T12:05:34 - [MESSAGE][PASSED] - Delayed 1 second(s)

24-06-2024T12:05:35 - [MESSAGE][PASSED] - Delayed 1 second(s)

24-06-2024T12:05:36 - [MESSAGE][PASSED] - Delayed 1 second(s)

24-06-2024T12:05:36 - [MESSAGE][PASSED] - Taking screenshot successfully
[[ATTACHMENT|D:\\newRCBCProject\\RCBCLOS_Automation\\Reports\\20240624_115032\\PaperbaseFlows\\PaperbaseWithAndWithout\\PreAndPost\\20240624_115040\\Screenshots/PrePost24_06_2412_02_36/Regression24_06_24_12_05_35.jpg]]

24-06-2024T12:05:36 - [MESSAGE][PASSED] - tabSection.CollateralInformation.collateralInformationForPrereleasePaperbased is PASSED

24-06-2024T12:05:38 - [TEST_STEP][PASSED] - Video: Video recording for test case 'Test Cases/Paper_STPWithAndWithoutAPI/PreAndPostRelease/CollateralInfo' .

24-06-2024T12:05:38 - [MESSAGE][INFO] - Video recording for test case 'Test Cases/Paper_STPWithAndWithoutAPI/PreAndPostRelease/CollateralInfo' .]]></system-out>
         <system-err><![CDATA[]]></system-err>
      </testcase>
      <testcase name="Test Cases/Paper_STPWithAndWithoutAPI/PreAndPostRelease/DisbursmentInfoNew" time="18.958" classname="Test Cases/Paper_STPWithAndWithoutAPI/PreAndPostRelease/DisbursmentInfoNew" status="PASSED">
         <system-out><![CDATA[24-06-2024T12:05:38 - [TEST_CASE][PASSED] - Test Cases/Paper_STPWithAndWithoutAPI/PreAndPostRelease/DisbursmentInfoNew: Test Cases/Paper_STPWithAndWithoutAPI/PreAndPostRelease/DisbursmentInfoNew

24-06-2024T12:05:39 - [TEST_STEP][PASSED] - click(findTestObject("Object Repository/DisbursementInfoNew/DisbursementInfoAndSubmit/disbursementInformation")): Object: 'Object Repository/DisbursementInfoNew/DisbursementInfoAndSubmit/disbursementInformation' is clicked on

24-06-2024T12:05:39 - [MESSAGE][PASSED] - Object: 'Object Repository/DisbursementInfoNew/DisbursementInfoAndSubmit/disbursementInformation' is clicked on

24-06-2024T12:05:39 - [TEST_STEP][PASSED] - click(findTestObject("Object Repository/DisbursementInfoNew/DisbursementInfoAndSubmit/plusIcon")): Object: 'Object Repository/DisbursementInfoNew/DisbursementInfoAndSubmit/plusIcon' is clicked on

24-06-2024T12:05:40 - [MESSAGE][PASSED] - Object: 'Object Repository/DisbursementInfoNew/DisbursementInfoAndSubmit/plusIcon' is clicked on

24-06-2024T12:05:40 - [TEST_STEP][PASSED] - selectOptionByIndex(findTestObject("Object Repository/DisbursementInfoNew/DisbursementInfoAndSubmit/payeeName"), 1, STOP_ON_FAILURE): All options with index in [1] are selected on object 'Object Repository/DisbursementInfoNew/DisbursementInfoAndSubmit/payeeName'

24-06-2024T12:05:42 - [MESSAGE][PASSED] - All options with index in [1] are selected on object 'Object Repository/DisbursementInfoNew/DisbursementInfoAndSubmit/payeeName'

24-06-2024T12:05:42 - [TEST_STEP][PASSED] - selectOptionByIndex(findTestObject("Object Repository/DisbursementInfoNew/DisbursementInfoAndSubmit/modeOfDisbursement"), 1, STOP_ON_FAILURE): All options with index in [1] are selected on object 'Object Repository/DisbursementInfoNew/DisbursementInfoAndSubmit/modeOfDisbursement'

24-06-2024T12:05:43 - [MESSAGE][PASSED] - All options with index in [1] are selected on object 'Object Repository/DisbursementInfoNew/DisbursementInfoAndSubmit/modeOfDisbursement'

24-06-2024T12:05:43 - [TEST_STEP][PASSED] - click(findTestObject("Object Repository/DisbursementInfoNew/DisbursementInfoAndSubmit/saveAndClose")): Object: 'Object Repository/DisbursementInfoNew/DisbursementInfoAndSubmit/saveAndClose' is clicked on

24-06-2024T12:05:44 - [MESSAGE][PASSED] - Object: 'Object Repository/DisbursementInfoNew/DisbursementInfoAndSubmit/saveAndClose' is clicked on

24-06-2024T12:05:44 - [TEST_STEP][PASSED] - click(findTestObject("Object Repository/DisbursementInfoNew/DisbursementInfoAndSubmit/actionTab")): Object: 'Object Repository/DisbursementInfoNew/DisbursementInfoAndSubmit/actionTab' is clicked on

24-06-2024T12:05:46 - [MESSAGE][PASSED] - Object: 'Object Repository/DisbursementInfoNew/DisbursementInfoAndSubmit/actionTab' is clicked on

24-06-2024T12:05:46 - [TEST_STEP][PASSED] - selectOptionByIndex(findTestObject("Object Repository/DisbursementInfoNew/DisbursementInfoAndSubmit/selectSubmit"), 1, STOP_ON_FAILURE): All options with index in [1] are selected on object 'Object Repository/DisbursementInfoNew/DisbursementInfoAndSubmit/selectSubmit'

24-06-2024T12:05:47 - [MESSAGE][PASSED] - All options with index in [1] are selected on object 'Object Repository/DisbursementInfoNew/DisbursementInfoAndSubmit/selectSubmit'

24-06-2024T12:05:47 - [TEST_STEP][PASSED] - setText(findTestObject("Object Repository/DisbursementInfoNew/DisbursementInfoAndSubmit/decision"), "ok"): Text 'ok' is set on object 'Object Repository/DisbursementInfoNew/DisbursementInfoAndSubmit/decision'

24-06-2024T12:05:47 - [MESSAGE][PASSED] - Text 'ok' is set on object 'Object Repository/DisbursementInfoNew/DisbursementInfoAndSubmit/decision'

24-06-2024T12:05:47 - [TEST_STEP][PASSED] - click(findTestObject("Object Repository/DisbursementInfoNew/DisbursementInfoAndSubmit/button_Submit")): Object: 'Object Repository/DisbursementInfoNew/DisbursementInfoAndSubmit/button_Submit' is clicked on

24-06-2024T12:05:49 - [MESSAGE][PASSED] - Object: 'Object Repository/DisbursementInfoNew/DisbursementInfoAndSubmit/button_Submit' is clicked on

24-06-2024T12:05:49 - [TEST_STEP][PASSED] - currentWindow = getWindowTitle(): Current window's title is: 'Dealer Pre Release : LOS-3370'

24-06-2024T12:05:49 - [MESSAGE][PASSED] - Current window's title is: 'Dealer Pre Release : LOS-3370'

24-06-2024T12:05:49 - [TEST_STEP][PASSED] - click(findTestObject("Object Repository/Action/confirmYes")): Object: 'Object Repository/Action/confirmYes' is clicked on

24-06-2024T12:05:53 - [MESSAGE][PASSED] - Object: 'Object Repository/Action/confirmYes' is clicked on

24-06-2024T12:05:53 - [TEST_STEP][PASSED] - delay(2): Delayed 2 second(s)

24-06-2024T12:05:55 - [MESSAGE][PASSED] - Delayed 2 second(s)

24-06-2024T12:05:55 - [TEST_STEP][PASSED] - if (!(currentWindow.equalsIgnoreCase("LoanPortal"))): Switched to window with title: 'LoanPortal'

24-06-2024T12:05:55 - [TEST_STEP][PASSED] - switchToWindowTitle("LoanPortal"): Switched to window with title: 'LoanPortal'

24-06-2024T12:05:55 - [MESSAGE][PASSED] - Switched to window with title: 'LoanPortal'

24-06-2024T12:05:57 - [TEST_STEP][PASSED] - Video: Video recording for test case 'Test Cases/Paper_STPWithAndWithoutAPI/PreAndPostRelease/DisbursmentInfoNew' .

24-06-2024T12:05:57 - [MESSAGE][INFO] - Video recording for test case 'Test Cases/Paper_STPWithAndWithoutAPI/PreAndPostRelease/DisbursmentInfoNew' .]]></system-out>
         <system-err><![CDATA[]]></system-err>
      </testcase>
      <testcase name="Test Cases/Paper_STPWithAndWithoutAPI/PreAndPostRelease/ApplicationPageForPreAndPost" time="21.947" classname="Test Cases/Paper_STPWithAndWithoutAPI/PreAndPostRelease/ApplicationPageForPreAndPost" status="PASSED">
         <system-out><![CDATA[24-06-2024T12:05:57 - [TEST_CASE][PASSED] - Test Cases/Paper_STPWithAndWithoutAPI/PreAndPostRelease/ApplicationPageForPreAndPost: Test Cases/Paper_STPWithAndWithoutAPI/PreAndPostRelease/ApplicationPageForPreAndPost

24-06-2024T12:05:57 - [TEST_STEP][PASSED] - tabSection.ApplicationSection.applicationSectionTab(show, sortBy): tabSection.ApplicationSection.applicationSectionTab is PASSED

24-06-2024T12:05:57 - [MESSAGE][PASSED] - Wait for page load successfully

24-06-2024T12:05:58 - [MESSAGE][PASSED] - Delayed 1 second(s)

24-06-2024T12:05:59 - [MESSAGE][PASSED] - Delayed 1 second(s)

24-06-2024T12:06:00 - [MESSAGE][PASSED] - Delayed 1 second(s)

24-06-2024T12:06:01 - [MESSAGE][PASSED] - Taking screenshot successfully
[[ATTACHMENT|D:\\newRCBCProject\\RCBCLOS_Automation\\Reports\\20240624_115032\\PaperbaseFlows\\PaperbaseWithAndWithout\\PreAndPost\\20240624_115040\\Screenshots/PrePost24_06_2412_05_58/Regression24_06_24_12_05_59.jpg]]

24-06-2024T12:06:01 - [MESSAGE][PASSED] - Object: 'Object Repository/AdditionalInformationWithoutAPI/ApplicationPage/show' is clicked on

24-06-2024T12:06:06 - [MESSAGE][PASSED] - All options with value '3' are selected in object 'Object Repository/AdditionalInformationWithoutAPI/ApplicationPage/show'  using regular expression

24-06-2024T12:06:11 - [MESSAGE][PASSED] - Delayed 5 second(s)

24-06-2024T12:06:11 - [MESSAGE][PASSED] - All options with value '1' are selected in object 'Object Repository/AdditionalInformationWithoutAPI/ApplicationPage/sortBy'  using regular expression

24-06-2024T12:06:11 - [MESSAGE][PASSED] - Object 'Object Repository/AdditionalInformationWithoutAPI/ApplicationPage/searchBy' is clickable

24-06-2024T12:06:11 - [MESSAGE][PASSED] - Object 'Object Repository/AdditionalInformationWithoutAPI/ApplicationPage/autoLoanPortal' is clickable

24-06-2024T12:06:11 - [MESSAGE][PASSED] - Object 'Object Repository/AdditionalInformationWithoutAPI/ApplicationPage/notification' is clickable

24-06-2024T12:06:11 - [MESSAGE][PASSED] - Object 'Object Repository/AdditionalInformationWithoutAPI/ApplicationPage/signOut' is clickable

24-06-2024T12:06:11 - [MESSAGE][PASSED] - Object 'Object Repository/AdditionalInformationWithoutAPI/ApplicationPage/search' is clickable

24-06-2024T12:06:11 - [MESSAGE][PASSED] - Object 'Object Repository/AdditionalInformationWithoutAPI/ApplicationPage/dashboard' is clickable

24-06-2024T12:06:11 - [MESSAGE][PASSED] - Object 'Object Repository/AdditionalInformationWithoutAPI/ApplicationPage/searchIcon' is clickable

24-06-2024T12:06:12 - [MESSAGE][PASSED] - Object: 'Object Repository/AdditionalInformationWithoutAPI/ApplicationPage/View' is clicked on

24-06-2024T12:06:17 - [MESSAGE][PASSED] - Delayed 5 second(s)

24-06-2024T12:06:17 - [MESSAGE][PASSED] - tabSection.ApplicationSection.applicationSectionTab is PASSED

24-06-2024T12:06:19 - [TEST_STEP][PASSED] - Video: Video recording for test case 'Test Cases/Paper_STPWithAndWithoutAPI/PreAndPostRelease/ApplicationPageForPreAndPost' .

24-06-2024T12:06:19 - [MESSAGE][INFO] - Video recording for test case 'Test Cases/Paper_STPWithAndWithoutAPI/PreAndPostRelease/ApplicationPageForPreAndPost' .]]></system-out>
         <system-err><![CDATA[]]></system-err>
      </testcase>
      <testcase name="Test Cases/Paper_STPWithAndWithoutAPI/PreAndPostRelease/PostRelease" time="51.096" classname="Test Cases/Paper_STPWithAndWithoutAPI/PreAndPostRelease/PostRelease" status="PASSED">
         <system-out><![CDATA[24-06-2024T12:06:19 - [TEST_CASE][PASSED] - Test Cases/Paper_STPWithAndWithoutAPI/PreAndPostRelease/PostRelease: Test Cases/Paper_STPWithAndWithoutAPI/PreAndPostRelease/PostRelease

24-06-2024T12:06:19 - [TEST_STEP][PASSED] - postRelease.PostReleaseSubmit.submit_post_release(): postRelease.PostReleaseSubmit.submit_post_release is PASSED

24-06-2024T12:06:20 - [MESSAGE][PASSED] - Switched to window with index: '1'

24-06-2024T12:06:24 - [MESSAGE][PASSED] - Delayed 4 second(s)

24-06-2024T12:06:25 - [MESSAGE][PASSED] - Delayed 1 second(s)

24-06-2024T12:06:26 - [MESSAGE][PASSED] - Delayed 1 second(s)

24-06-2024T12:06:27 - [MESSAGE][PASSED] - Delayed 1 second(s)

24-06-2024T12:06:27 - [MESSAGE][PASSED] - Taking screenshot successfully
[[ATTACHMENT|D:\\newRCBCProject\\RCBCLOS_Automation\\Reports\\20240624_115032\\PaperbaseFlows\\PaperbaseWithAndWithout\\PreAndPost\\20240624_115040\\Screenshots/PrePost24_06_2412_05_58/Regression24_06_24_12_06_26.jpg]]

24-06-2024T12:06:28 - [MESSAGE][PASSED] - Object: 'Object Repository/TabSection/LoanInformation' is clicked on

24-06-2024T12:06:29 - [MESSAGE][PASSED] - Delayed 1 second(s)

24-06-2024T12:06:30 - [MESSAGE][PASSED] - Delayed 1 second(s)

24-06-2024T12:06:31 - [MESSAGE][PASSED] - Delayed 1 second(s)

24-06-2024T12:06:31 - [MESSAGE][PASSED] - Taking screenshot successfully
[[ATTACHMENT|D:\\newRCBCProject\\RCBCLOS_Automation\\Reports\\20240624_115032\\PaperbaseFlows\\PaperbaseWithAndWithout\\PreAndPost\\20240624_115040\\Screenshots/PrePost24_06_2412_05_58/Regression24_06_24_12_06_30.jpg]]

24-06-2024T12:06:32 - [MESSAGE][PASSED] - Delayed 1 second(s)

24-06-2024T12:06:34 - [MESSAGE][PASSED] - Object: 'Object Repository/TabSection/DocumentCheclist' is clicked on

24-06-2024T12:06:35 - [MESSAGE][PASSED] - Delayed 1 second(s)

24-06-2024T12:06:36 - [MESSAGE][PASSED] - Delayed 1 second(s)

24-06-2024T12:06:37 - [MESSAGE][PASSED] - Delayed 1 second(s)

24-06-2024T12:06:37 - [MESSAGE][PASSED] - Taking screenshot successfully
[[ATTACHMENT|D:\\newRCBCProject\\RCBCLOS_Automation\\Reports\\20240624_115032\\PaperbaseFlows\\PaperbaseWithAndWithout\\PreAndPost\\20240624_115040\\Screenshots/PrePost24_06_2412_05_58/Regression24_06_24_12_06_36.jpg]]

24-06-2024T12:06:38 - [MESSAGE][PASSED] - Delayed 1 second(s)

24-06-2024T12:06:38 - [MESSAGE][PASSED] - Object: 'Object Repository/TabSection/CollateralInformation' is clicked on

24-06-2024T12:06:39 - [MESSAGE][PASSED] - Delayed 1 second(s)

24-06-2024T12:06:40 - [MESSAGE][PASSED] - Delayed 1 second(s)

24-06-2024T12:06:42 - [MESSAGE][PASSED] - Delayed 1 second(s)

24-06-2024T12:06:42 - [MESSAGE][PASSED] - Taking screenshot successfully
[[ATTACHMENT|D:\\newRCBCProject\\RCBCLOS_Automation\\Reports\\20240624_115032\\PaperbaseFlows\\PaperbaseWithAndWithout\\PreAndPost\\20240624_115040\\Screenshots/PrePost24_06_2412_05_58/Regression24_06_24_12_06_40.jpg]]

24-06-2024T12:06:43 - [MESSAGE][PASSED] - Delayed 1 second(s)

24-06-2024T12:06:43 - [MESSAGE][PASSED] - Object: 'Object Repository/TabSection/DisbursementInformation' is clicked on

24-06-2024T12:06:44 - [MESSAGE][PASSED] - Delayed 1 second(s)

24-06-2024T12:06:45 - [MESSAGE][PASSED] - Delayed 1 second(s)

24-06-2024T12:06:46 - [MESSAGE][PASSED] - Delayed 1 second(s)

24-06-2024T12:06:46 - [MESSAGE][PASSED] - Taking screenshot successfully
[[ATTACHMENT|D:\\newRCBCProject\\RCBCLOS_Automation\\Reports\\20240624_115032\\PaperbaseFlows\\PaperbaseWithAndWithout\\PreAndPost\\20240624_115040\\Screenshots/PrePost24_06_2412_05_58/Regression24_06_24_12_06_45.jpg]]

24-06-2024T12:06:47 - [MESSAGE][PASSED] - Delayed 1 second(s)

24-06-2024T12:06:49 - [MESSAGE][PASSED] - Object: 'Object Repository/TabSection/Action' is clicked on

24-06-2024T12:06:50 - [MESSAGE][PASSED] - Delayed 1 second(s)

24-06-2024T12:06:51 - [MESSAGE][PASSED] - Delayed 1 second(s)

24-06-2024T12:06:52 - [MESSAGE][PASSED] - Delayed 1 second(s)

24-06-2024T12:06:52 - [MESSAGE][PASSED] - Taking screenshot successfully
[[ATTACHMENT|D:\\newRCBCProject\\RCBCLOS_Automation\\Reports\\20240624_115032\\PaperbaseFlows\\PaperbaseWithAndWithout\\PreAndPost\\20240624_115040\\Screenshots/PrePost24_06_2412_05_58/Regression24_06_24_12_06_51.jpg]]

24-06-2024T12:06:54 - [MESSAGE][PASSED] - Delayed 2 second(s)

24-06-2024T12:06:54 - [MESSAGE][PASSED] - Object: 'Object Repository/TabSection/Action' is clicked on

24-06-2024T12:06:54 - [MESSAGE][PASSED] - Object 'Object Repository/Action/Decision' is visible

24-06-2024T12:06:55 - [MESSAGE][PASSED] - All options with value 'Submit' are selected in object 'Object Repository/Action/Decision' 

24-06-2024T12:06:56 - [MESSAGE][PASSED] - Text 'OK' is set on object 'Object Repository/Action/Remarks'

24-06-2024T12:06:56 - [MESSAGE][INFO] - LOS-3370

24-06-2024T12:06:56 - [MESSAGE][PASSED] - Object: 'Object Repository/Action/SubmitButton' is clicked on

24-06-2024T12:06:57 - [MESSAGE][PASSED] - Delayed 1 second(s)

24-06-2024T12:06:57 - [MESSAGE][PASSED] - Taking screenshot successfully
[[ATTACHMENT|D:\\newRCBCProject\\RCBCLOS_Automation\\Reports\\20240624_115032\\PaperbaseFlows\\PaperbaseWithAndWithout\\PreAndPost\\20240624_115040\\1719211017775.png]]

24-06-2024T12:06:58 - [MESSAGE][PASSED] - Delayed 1 second(s)

24-06-2024T12:06:59 - [MESSAGE][PASSED] - Delayed 1 second(s)

24-06-2024T12:07:00 - [MESSAGE][PASSED] - Delayed 1 second(s)

24-06-2024T12:07:01 - [MESSAGE][PASSED] - Taking screenshot successfully
[[ATTACHMENT|D:\\newRCBCProject\\RCBCLOS_Automation\\Reports\\20240624_115032\\PaperbaseFlows\\PaperbaseWithAndWithout\\PreAndPost\\20240624_115040\\Screenshots/PrePost24_06_2412_05_58/Regression24_06_24_12_06_59.jpg]]

24-06-2024T12:07:03 - [MESSAGE][PASSED] - Object: 'Object Repository/Action/confirmYes' is clicked on

24-06-2024T12:07:08 - [MESSAGE][PASSED] - Delayed 5 second(s)

24-06-2024T12:07:08 - [MESSAGE][PASSED] - postRelease.PostReleaseSubmit.submit_post_release is PASSED

24-06-2024T12:07:10 - [TEST_STEP][PASSED] - Video: Video recording for test case 'Test Cases/Paper_STPWithAndWithoutAPI/PreAndPostRelease/PostRelease' .

24-06-2024T12:07:10 - [MESSAGE][INFO] - Video recording for test case 'Test Cases/Paper_STPWithAndWithoutAPI/PreAndPostRelease/PostRelease' .]]></system-out>
         <system-err><![CDATA[]]></system-err>
      </testcase>
      <system-out><![CDATA[24-06-2024T12:01:23 - [TEST_SUITE][PASSED] - PreAndPost: Test Cases/Paper_STPWithAndWithoutAPI/PreAndPostRelease/PostRelease]]></system-out>
      <system-err><![CDATA[]]></system-err>
   </testsuite>
   <testsuite name="AO" tests="15" failures="0" errors="0" time="182.048" skipped="0" timestamp="24-06-2024T12:07:22" hostname="Adarsh.Lohar - QKNBK2037.qkcorp.qualitykiosk.com" id="Test Suites/PaperbaseFlows/PaperbaseWithAndWithout/AO">
      <properties>
         <property name="deviceName" value=""/>
         <property name="devicePlatform"/>
         <property name="logFolder" value="D:\\newRCBCProject\\RCBCLOS_Automation\\Reports\\20240624_115032\\PaperbaseFlows\\PaperbaseWithAndWithout\\AO\\20240624_115042"/>
         <property name="logFiles" value="D:\\newRCBCProject\\RCBCLOS_Automation\\Reports\\20240624_115032\\PaperbaseFlows\\PaperbaseWithAndWithout\\AO\\20240624_115042\\execution0.log"/>
         <property name="attachments" value="D:\\newRCBCProject\\RCBCLOS_Automation\\Reports\\20240624_115032\\PaperbaseFlows\\PaperbaseWithAndWithout\\AO\\20240624_115042\\Screenshots/AccountOfficer24_06_2412_07_32/Regression24_06_24_12_07_33.jpg, D:\\newRCBCProject\\RCBCLOS_Automation\\Reports\\20240624_115032\\PaperbaseFlows\\PaperbaseWithAndWithout\\AO\\20240624_115042\\Screenshots/AccountOfficer24_06_2412_07_32/Regression24_06_24_12_07_48.jpg, D:\\newRCBCProject\\RCBCLOS_Automation\\Reports\\20240624_115032\\PaperbaseFlows\\PaperbaseWithAndWithout\\AO\\20240624_115042\\Screenshots/AccountOfficer24_06_2412_07_32/Regression24_06_24_12_08_01.jpg, D:\\newRCBCProject\\RCBCLOS_Automation\\Reports\\20240624_115032\\PaperbaseFlows\\PaperbaseWithAndWithout\\AO\\20240624_115042\\Screenshots/AccountOfficer24_06_2412_07_32/Regression24_06_24_12_08_10.jpg, D:\\newRCBCProject\\RCBCLOS_Automation\\Reports\\20240624_115032\\PaperbaseFlows\\PaperbaseWithAndWithout\\AO\\20240624_115042\\Screenshots/AccountOfficer24_06_2412_07_32/Regression24_06_24_12_08_17.jpg, D:\\newRCBCProject\\RCBCLOS_Automation\\Reports\\20240624_115032\\PaperbaseFlows\\PaperbaseWithAndWithout\\AO\\20240624_115042\\Screenshots/AccountOfficer24_06_2412_07_32/Regression24_06_24_12_08_23.jpg, D:\\newRCBCProject\\RCBCLOS_Automation\\Reports\\20240624_115032\\PaperbaseFlows\\PaperbaseWithAndWithout\\AO\\20240624_115042\\Screenshots/AccountOfficer24_06_2412_07_32/Regression24_06_24_12_08_29.jpg, D:\\newRCBCProject\\RCBCLOS_Automation\\Reports\\20240624_115032\\PaperbaseFlows\\PaperbaseWithAndWithout\\AO\\20240624_115042\\Screenshots/AccountOfficer24_06_2412_07_32/Regression24_06_24_12_08_34.jpg, D:\\newRCBCProject\\RCBCLOS_Automation\\Reports\\20240624_115032\\PaperbaseFlows\\PaperbaseWithAndWithout\\AO\\20240624_115042\\Screenshots/AccountOfficer24_06_2412_07_32/Regression24_06_24_12_08_40.jpg, D:\\newRCBCProject\\RCBCLOS_Automation\\Reports\\20240624_115032\\PaperbaseFlows\\PaperbaseWithAndWithout\\AO\\20240624_115042\\Screenshots/AccountOfficer24_06_2412_07_32/Regression24_06_24_12_08_46.jpg, D:\\newRCBCProject\\RCBCLOS_Automation\\Reports\\20240624_115032\\PaperbaseFlows\\PaperbaseWithAndWithout\\AO\\20240624_115042\\Screenshots/AccountOfficer24_06_2412_07_32/Regression24_06_24_12_08_52.jpg, D:\\newRCBCProject\\RCBCLOS_Automation\\Reports\\20240624_115032\\PaperbaseFlows\\PaperbaseWithAndWithout\\AO\\20240624_115042\\Screenshots/AccountOfficer24_06_2412_07_32/Regression24_06_24_12_08_59.jpg, D:\\newRCBCProject\\RCBCLOS_Automation\\Reports\\20240624_115032\\PaperbaseFlows\\PaperbaseWithAndWithout\\AO\\20240624_115042\\Screenshots/AccountOfficer24_06_2412_07_32/Regression24_06_24_12_09_03.jpg, D:\\newRCBCProject\\RCBCLOS_Automation\\Reports\\20240624_115032\\PaperbaseFlows\\PaperbaseWithAndWithout\\AO\\20240624_115042\\Screenshots/AccountOfficer24_06_2412_07_32/Regression24_06_24_12_09_08.jpg, D:\\newRCBCProject\\RCBCLOS_Automation\\Reports\\20240624_115032\\PaperbaseFlows\\PaperbaseWithAndWithout\\AO\\20240624_115042\\Screenshots/AccountOfficer24_06_2412_07_32/Regression24_06_24_12_09_14.jpg, D:\\newRCBCProject\\RCBCLOS_Automation\\Reports\\20240624_115032\\PaperbaseFlows\\PaperbaseWithAndWithout\\AO\\20240624_115042\\1719211163445.png, D:\\newRCBCProject\\RCBCLOS_Automation\\Reports\\20240624_115032\\PaperbaseFlows\\PaperbaseWithAndWithout\\AO\\20240624_115042\\Screenshots/AccountOfficer24_06_2412_07_32/Regression24_06_24_12_09_25.jpg, D:\\newRCBCProject\\RCBCLOS_Automation\\Reports\\20240624_115032\\PaperbaseFlows\\PaperbaseWithAndWithout\\AO\\20240624_115042\\1719211203885.png, D:\\newRCBCProject\\RCBCLOS_Automation\\Reports\\20240624_115032\\PaperbaseFlows\\PaperbaseWithAndWithout\\AO\\20240624_115042\\Screenshots/AccountOfficer24_06_2412_07_32/Regression24_06_24_12_10_13.jpg, D:\\newRCBCProject\\RCBCLOS_Automation\\Reports\\20240624_115032\\PaperbaseFlows\\PaperbaseWithAndWithout\\AO\\20240624_115042\\Screenshots/AccountOfficer24_06_2412_07_32/Regression24_06_24_12_10_20.jpg"/>
         <property name="hostName" value="Adarsh.Lohar - QKNBK2037.qkcorp.qualitykiosk.com"/>
         <property name="os" value="Windows 10 64bit"/>
         <property name="katalonVersion" value="9.5.0.217"/>
         <property name="browser" value="Chrome 126.0.0.0"/>
         <property name="hostAddress" value="10.0.6.210"/>
         <property name="sessionId" value="73ef30db2b94503f73eca89116ec8d1d"/>
         <property name="seleniumVersion" value="3.141.59"/>
         <property name="proxyInformation" value="ProxyInformation { proxyOption=NO_PROXY, proxyServerType=HTTP, username=, password=********, proxyServerAddress=, proxyServerPort=0, executionList=&quot;&quot;, isApplyToDesiredCapabilities=true }"/>
         <property name="platform" value="Windows 10"/>
      </properties>
      <testcase name="Test Cases/Paper_STPWithAndWithoutAPI/AO/LoginPageForAO" time="19.453" classname="Test Cases/Paper_STPWithAndWithoutAPI/AO/LoginPageForAO" status="PASSED">
         <system-out><![CDATA[24-06-2024T12:07:22 - [TEST_CASE][PASSED] - Test Cases/Paper_STPWithAndWithoutAPI/AO/LoginPageForAO: Test Cases/Paper_STPWithAndWithoutAPI/AO/LoginPageForAO

24-06-2024T12:07:23 - [TEST_STEP][PASSED] - accountOfficer.LoginForibpsAO.login(): accountOfficer.LoginForibpsAO.login is PASSED

24-06-2024T12:07:23 - [MESSAGE][INFO] - Starting 'Chrome' driver

24-06-2024T12:07:24 - [MESSAGE][INFO] - User set preference: ['args', '[--incognito]']

24-06-2024T12:07:24 - [MESSAGE][INFO] - Action delay is set to 0 milliseconds

24-06-2024T12:07:27 - [MESSAGE][PASSED] - Browser is opened with url: ''

24-06-2024T12:07:27 - [MESSAGE][PASSED] - Current window maximized

24-06-2024T12:07:30 - [MESSAGE][PASSED] - Navigate to 'https://rcbcuat.nonprodnmc.com/omniapp' successfully

24-06-2024T12:07:30 - [MESSAGE][PASSED] - Text 'QK_AO7' is set on object 'Object Repository/BackOffice/ibpsLogin/userName'

24-06-2024T12:07:31 - [MESSAGE][PASSED] - Text ****** has been set on object 'Object Repository/BackOffice/ibpsLogin/password'

24-06-2024T12:07:32 - [MESSAGE][PASSED] - Delayed 1 second(s)

24-06-2024T12:07:33 - [MESSAGE][PASSED] - Delayed 1 second(s)

24-06-2024T12:07:34 - [MESSAGE][PASSED] - Delayed 1 second(s)

24-06-2024T12:07:34 - [MESSAGE][PASSED] - Taking screenshot successfully
[[ATTACHMENT|D:\\newRCBCProject\\RCBCLOS_Automation\\Reports\\20240624_115032\\PaperbaseFlows\\PaperbaseWithAndWithout\\AO\\20240624_115042\\Screenshots/AccountOfficer24_06_2412_07_32/Regression24_06_24_12_07_33.jpg]]

24-06-2024T12:07:34 - [MESSAGE][PASSED] - Object: 'Object Repository/BackOffice/ibpsLogin/loginButton' is clicked on

24-06-2024T12:07:36 - [MESSAGE][PASSED] - Delayed 2 second(s)

24-06-2024T12:07:39 - [MESSAGE][WARNING] - Object 'Object Repository/BackOffice/ibpsLogin/text' is not visible after 2 second(s)

24-06-2024T12:07:39 - [MESSAGE][PASSED] - accountOfficer.LoginForibpsAO.login is PASSED

24-06-2024T12:07:41 - [TEST_STEP][PASSED] - Video: Video recording for test case 'Test Cases/Paper_STPWithAndWithoutAPI/AO/LoginPageForAO' .

24-06-2024T12:07:41 - [MESSAGE][INFO] - Video recording for test case 'Test Cases/Paper_STPWithAndWithoutAPI/AO/LoginPageForAO' .]]></system-out>
         <system-err><![CDATA[]]></system-err>
      </testcase>
      <testcase name="Test Cases/Paper_STPWithAndWithoutAPI/AO/HomePageForAO" time="13.314" classname="Test Cases/Paper_STPWithAndWithoutAPI/AO/HomePageForAO" status="PASSED">
         <system-out><![CDATA[24-06-2024T12:07:41 - [TEST_CASE][PASSED] - Test Cases/Paper_STPWithAndWithoutAPI/AO/HomePageForAO: Test Cases/Paper_STPWithAndWithoutAPI/AO/HomePageForAO

24-06-2024T12:07:41 - [TEST_STEP][PASSED] - accountOfficerForPaper.HomePageForibpsAO.selectResistration(): accountOfficerForPaper.HomePageForibpsAO.selectResistration is PASSED

24-06-2024T12:07:42 - [MESSAGE][PASSED] - Wait for page load successfully

24-06-2024T12:07:42 - [MESSAGE][PASSED] - Object 'Object Repository/BackOffice/AO/ibpsHomePage/accountOfficer' is clickable

24-06-2024T12:07:45 - [MESSAGE][PASSED] - Delayed 3 second(s)

24-06-2024T12:07:45 - [MESSAGE][INFO] -  ******** LOS-3370

24-06-2024T12:07:47 - [MESSAGE][PASSED] - Delayed 2 second(s)

24-06-2024T12:07:48 - [MESSAGE][PASSED] - Delayed 1 second(s)

24-06-2024T12:07:49 - [MESSAGE][PASSED] - Delayed 1 second(s)

24-06-2024T12:07:49 - [MESSAGE][PASSED] - Taking screenshot successfully
[[ATTACHMENT|D:\\newRCBCProject\\RCBCLOS_Automation\\Reports\\20240624_115032\\PaperbaseFlows\\PaperbaseWithAndWithout\\AO\\20240624_115042\\Screenshots/AccountOfficer24_06_2412_07_32/Regression24_06_24_12_07_48.jpg]]

24-06-2024T12:07:52 - [MESSAGE][PASSED] - Delayed 2 second(s)

24-06-2024T12:07:52 - [MESSAGE][PASSED] - accountOfficerForPaper.HomePageForibpsAO.selectResistration is PASSED

24-06-2024T12:07:55 - [TEST_STEP][PASSED] - Video: Video recording for test case 'Test Cases/Paper_STPWithAndWithoutAPI/AO/HomePageForAO' .

24-06-2024T12:07:55 - [MESSAGE][INFO] - Video recording for test case 'Test Cases/Paper_STPWithAndWithoutAPI/AO/HomePageForAO' .]]></system-out>
         <system-err><![CDATA[]]></system-err>
      </testcase>
      <testcase name="Test Cases/Paper_STPWithAndWithoutAPI/AO/CustomerDetailForAO" time="10.056" classname="Test Cases/Paper_STPWithAndWithoutAPI/AO/CustomerDetailForAO" status="PASSED">
         <system-out><![CDATA[24-06-2024T12:07:55 - [TEST_CASE][PASSED] - Test Cases/Paper_STPWithAndWithoutAPI/AO/CustomerDetailForAO: Test Cases/Paper_STPWithAndWithoutAPI/AO/CustomerDetailForAO

24-06-2024T12:07:55 - [TEST_STEP][PASSED] - tabSection.CustomerDetail.clientInformationForAOPaperbase(): tabSection.CustomerDetail.clientInformationForAOPaperbase is PASSED

24-06-2024T12:07:57 - [MESSAGE][PASSED] - Delayed 2 second(s)

24-06-2024T12:07:57 - [MESSAGE][PASSED] - Current window's index is: 0

24-06-2024T12:07:57 - [MESSAGE][PASSED] - Switched to window with index: '1'

24-06-2024T12:07:59 - [MESSAGE][PASSED] - Delayed 2 second(s)

24-06-2024T12:08:00 - [MESSAGE][PASSED] - Text of object 'Object Repository/Action/referenceNumber' is: 'AO SI DI : LOS-3370'

24-06-2024T12:08:00 - [MESSAGE][INFO] - AO SI DI : LOS-3370 Contains LOS-3370

24-06-2024T12:08:00 - [MESSAGE][INFO] - Ready to go....

24-06-2024T12:08:01 - [MESSAGE][PASSED] - Delayed 1 second(s)

24-06-2024T12:08:02 - [MESSAGE][PASSED] - Delayed 1 second(s)

24-06-2024T12:08:03 - [MESSAGE][PASSED] - Taking screenshot successfully
[[ATTACHMENT|D:\\newRCBCProject\\RCBCLOS_Automation\\Reports\\20240624_115032\\PaperbaseFlows\\PaperbaseWithAndWithout\\AO\\20240624_115042\\Screenshots/AccountOfficer24_06_2412_07_32/Regression24_06_24_12_08_01.jpg]]

24-06-2024T12:08:03 - [MESSAGE][PASSED] - tabSection.CustomerDetail.clientInformationForAOPaperbase is PASSED

24-06-2024T12:08:05 - [TEST_STEP][PASSED] - Video: Video recording for test case 'Test Cases/Paper_STPWithAndWithoutAPI/AO/CustomerDetailForAO' .

24-06-2024T12:08:05 - [MESSAGE][INFO] - Video recording for test case 'Test Cases/Paper_STPWithAndWithoutAPI/AO/CustomerDetailForAO' .]]></system-out>
         <system-err><![CDATA[]]></system-err>
      </testcase>
      <testcase name="Test Cases/Paper_STPWithAndWithoutAPI/AO/Loan InformationForAO" time="8.682" classname="Test Cases/Paper_STPWithAndWithoutAPI/AO/Loan InformationForAO" status="PASSED">
         <system-out><![CDATA[24-06-2024T12:08:05 - [TEST_CASE][PASSED] - Test Cases/Paper_STPWithAndWithoutAPI/AO/Loan InformationForAO: Test Cases/Paper_STPWithAndWithoutAPI/AO/Loan InformationForAO

24-06-2024T12:08:05 - [TEST_STEP][PASSED] - tabSection.LoanInformation.loanInfoForAOWithoutPaperbase(): tabSection.LoanInformation.loanInfoForAOWithoutPaperbase is PASSED

24-06-2024T12:08:06 - [MESSAGE][PASSED] - Delayed 1 second(s)

24-06-2024T12:08:07 - [MESSAGE][PASSED] - Object: 'Object Repository/TabSection/LoanInformation' is clicked on

24-06-2024T12:08:07 - [MESSAGE][PASSED] - Scroll to object 'Object Repository/BackOffice/AO/LoanInfo/SIRate' successfully

24-06-2024T12:08:08 - [MESSAGE][PASSED] - Delayed 1 second(s)

24-06-2024T12:08:09 - [MESSAGE][PASSED] - Delayed 1 second(s)

24-06-2024T12:08:10 - [MESSAGE][PASSED] - Delayed 1 second(s)

24-06-2024T12:08:11 - [MESSAGE][PASSED] - Delayed 1 second(s)

24-06-2024T12:08:11 - [MESSAGE][PASSED] - Taking screenshot successfully
[[ATTACHMENT|D:\\newRCBCProject\\RCBCLOS_Automation\\Reports\\20240624_115032\\PaperbaseFlows\\PaperbaseWithAndWithout\\AO\\20240624_115042\\Screenshots/AccountOfficer24_06_2412_07_32/Regression24_06_24_12_08_10.jpg]]

24-06-2024T12:08:11 - [MESSAGE][PASSED] - tabSection.LoanInformation.loanInfoForAOWithoutPaperbase is PASSED

24-06-2024T12:08:13 - [TEST_STEP][PASSED] - Video: Video recording for test case 'Test Cases/Paper_STPWithAndWithoutAPI/AO/Loan InformationForAO' .

24-06-2024T12:08:13 - [MESSAGE][INFO] - Video recording for test case 'Test Cases/Paper_STPWithAndWithoutAPI/AO/Loan InformationForAO' .]]></system-out>
         <system-err><![CDATA[]]></system-err>
      </testcase>
      <testcase name="Test Cases/Paper_STPWithAndWithoutAPI/AO/DocumentChecklistForAO" time="7.069" classname="Test Cases/Paper_STPWithAndWithoutAPI/AO/DocumentChecklistForAO" status="PASSED">
         <system-out><![CDATA[24-06-2024T12:08:13 - [TEST_CASE][PASSED] - Test Cases/Paper_STPWithAndWithoutAPI/AO/DocumentChecklistForAO: Test Cases/Paper_STPWithAndWithoutAPI/AO/DocumentChecklistForAO

24-06-2024T12:08:13 - [TEST_STEP][PASSED] - tabSection.DocumentCheckList.documentCheckListForAOpaperbase(): tabSection.DocumentCheckList.documentCheckListForAOpaperbase is PASSED

24-06-2024T12:08:15 - [MESSAGE][PASSED] - Object: 'Object Repository/TabSection/DocumentCheclist' is clicked on

24-06-2024T12:08:16 - [MESSAGE][PASSED] - Delayed 1 second(s)

24-06-2024T12:08:17 - [MESSAGE][PASSED] - Delayed 1 second(s)

24-06-2024T12:08:18 - [MESSAGE][PASSED] - Delayed 1 second(s)

24-06-2024T12:08:18 - [MESSAGE][PASSED] - Taking screenshot successfully
[[ATTACHMENT|D:\\newRCBCProject\\RCBCLOS_Automation\\Reports\\20240624_115032\\PaperbaseFlows\\PaperbaseWithAndWithout\\AO\\20240624_115042\\Screenshots/AccountOfficer24_06_2412_07_32/Regression24_06_24_12_08_17.jpg]]

24-06-2024T12:08:18 - [MESSAGE][PASSED] - tabSection.DocumentCheckList.documentCheckListForAOpaperbase is PASSED

24-06-2024T12:08:20 - [TEST_STEP][PASSED] - Video: Video recording for test case 'Test Cases/Paper_STPWithAndWithoutAPI/AO/DocumentChecklistForAO' .

24-06-2024T12:08:20 - [MESSAGE][INFO] - Video recording for test case 'Test Cases/Paper_STPWithAndWithoutAPI/AO/DocumentChecklistForAO' .]]></system-out>
         <system-err><![CDATA[]]></system-err>
      </testcase>
      <testcase name="Test Cases/Paper_STPWithAndWithoutAPI/AO/CollateralInformationForAO" time="5.675" classname="Test Cases/Paper_STPWithAndWithoutAPI/AO/CollateralInformationForAO" status="PASSED">
         <system-out><![CDATA[24-06-2024T12:08:20 - [TEST_CASE][PASSED] - Test Cases/Paper_STPWithAndWithoutAPI/AO/CollateralInformationForAO: Test Cases/Paper_STPWithAndWithoutAPI/AO/CollateralInformationForAO

24-06-2024T12:08:20 - [TEST_STEP][PASSED] - tabSection.CollateralInformation.collateralInformationForAOPaperbase(): tabSection.CollateralInformation.collateralInformationForAOPaperbase is PASSED

24-06-2024T12:08:21 - [MESSAGE][PASSED] - Object: 'Object Repository/TabSection/CollateralInformation' is clicked on

24-06-2024T12:08:22 - [MESSAGE][PASSED] - Delayed 1 second(s)

24-06-2024T12:08:23 - [MESSAGE][PASSED] - Delayed 1 second(s)

24-06-2024T12:08:24 - [MESSAGE][PASSED] - Delayed 1 second(s)

24-06-2024T12:08:24 - [MESSAGE][PASSED] - Taking screenshot successfully
[[ATTACHMENT|D:\\newRCBCProject\\RCBCLOS_Automation\\Reports\\20240624_115032\\PaperbaseFlows\\PaperbaseWithAndWithout\\AO\\20240624_115042\\Screenshots/AccountOfficer24_06_2412_07_32/Regression24_06_24_12_08_23.jpg]]

24-06-2024T12:08:24 - [MESSAGE][PASSED] - tabSection.CollateralInformation.collateralInformationForAOPaperbase is PASSED

24-06-2024T12:08:26 - [TEST_STEP][PASSED] - Video: Video recording for test case 'Test Cases/Paper_STPWithAndWithoutAPI/AO/CollateralInformationForAO' .

24-06-2024T12:08:26 - [MESSAGE][INFO] - Video recording for test case 'Test Cases/Paper_STPWithAndWithoutAPI/AO/CollateralInformationForAO' .]]></system-out>
         <system-err><![CDATA[]]></system-err>
      </testcase>
      <testcase name="Test Cases/Paper_STPWithAndWithoutAPI/AO/CheckEligibilityForAO" time="5.767" classname="Test Cases/Paper_STPWithAndWithoutAPI/AO/CheckEligibilityForAO" status="PASSED">
         <system-out><![CDATA[24-06-2024T12:08:26 - [TEST_CASE][PASSED] - Test Cases/Paper_STPWithAndWithoutAPI/AO/CheckEligibilityForAO: Test Cases/Paper_STPWithAndWithoutAPI/AO/CheckEligibilityForAO

24-06-2024T12:08:26 - [TEST_STEP][PASSED] - tabSection.CheckEligibility.checkEligibilityForAOPaperbase(): tabSection.CheckEligibility.checkEligibilityForAOPaperbase is PASSED

24-06-2024T12:08:27 - [MESSAGE][PASSED] - Object: 'Object Repository/TabSection/checkEligibility' is clicked on

24-06-2024T12:08:28 - [MESSAGE][PASSED] - Delayed 1 second(s)

24-06-2024T12:08:29 - [MESSAGE][PASSED] - Delayed 1 second(s)

24-06-2024T12:08:30 - [MESSAGE][PASSED] - Delayed 1 second(s)

24-06-2024T12:08:30 - [MESSAGE][PASSED] - Taking screenshot successfully
[[ATTACHMENT|D:\\newRCBCProject\\RCBCLOS_Automation\\Reports\\20240624_115032\\PaperbaseFlows\\PaperbaseWithAndWithout\\AO\\20240624_115042\\Screenshots/AccountOfficer24_06_2412_07_32/Regression24_06_24_12_08_29.jpg]]

24-06-2024T12:08:30 - [MESSAGE][PASSED] - tabSection.CheckEligibility.checkEligibilityForAOPaperbase is PASSED

24-06-2024T12:08:32 - [TEST_STEP][PASSED] - Video: Video recording for test case 'Test Cases/Paper_STPWithAndWithoutAPI/AO/CheckEligibilityForAO' .

24-06-2024T12:08:32 - [MESSAGE][INFO] - Video recording for test case 'Test Cases/Paper_STPWithAndWithoutAPI/AO/CheckEligibilityForAO' .]]></system-out>
         <system-err><![CDATA[]]></system-err>
      </testcase>
      <testcase name="Test Cases/Paper_STPWithAndWithoutAPI/AO/CreditEvaluationForAO" time="5.686" classname="Test Cases/Paper_STPWithAndWithoutAPI/AO/CreditEvaluationForAO" status="PASSED">
         <system-out><![CDATA[24-06-2024T12:08:32 - [TEST_CASE][PASSED] - Test Cases/Paper_STPWithAndWithoutAPI/AO/CreditEvaluationForAO: Test Cases/Paper_STPWithAndWithoutAPI/AO/CreditEvaluationForAO

24-06-2024T12:08:32 - [TEST_STEP][PASSED] - tabSection.CreditEvaluation.creditEvaluationForAOPaperbase(): tabSection.CreditEvaluation.creditEvaluationForAOPaperbase is PASSED

24-06-2024T12:08:32 - [MESSAGE][PASSED] - Object: 'Object Repository/TabSection/creditEvaluation' is clicked on

24-06-2024T12:08:33 - [MESSAGE][PASSED] - Delayed 1 second(s)

24-06-2024T12:08:34 - [MESSAGE][PASSED] - Delayed 1 second(s)

24-06-2024T12:08:35 - [MESSAGE][PASSED] - Delayed 1 second(s)

24-06-2024T12:08:36 - [MESSAGE][PASSED] - Taking screenshot successfully
[[ATTACHMENT|D:\\newRCBCProject\\RCBCLOS_Automation\\Reports\\20240624_115032\\PaperbaseFlows\\PaperbaseWithAndWithout\\AO\\20240624_115042\\Screenshots/AccountOfficer24_06_2412_07_32/Regression24_06_24_12_08_34.jpg]]

24-06-2024T12:08:36 - [MESSAGE][PASSED] - tabSection.CreditEvaluation.creditEvaluationForAOPaperbase is PASSED

24-06-2024T12:08:38 - [TEST_STEP][PASSED] - Video: Video recording for test case 'Test Cases/Paper_STPWithAndWithoutAPI/AO/CreditEvaluationForAO' .

24-06-2024T12:08:38 - [MESSAGE][INFO] - Video recording for test case 'Test Cases/Paper_STPWithAndWithoutAPI/AO/CreditEvaluationForAO' .]]></system-out>
         <system-err><![CDATA[]]></system-err>
      </testcase>
      <testcase name="Test Cases/Paper_STPWithAndWithoutAPI/AO/DevlationsForAO" time="5.679" classname="Test Cases/Paper_STPWithAndWithoutAPI/AO/DevlationsForAO" status="PASSED">
         <system-out><![CDATA[24-06-2024T12:08:38 - [TEST_CASE][PASSED] - Test Cases/Paper_STPWithAndWithoutAPI/AO/DevlationsForAO: Test Cases/Paper_STPWithAndWithoutAPI/AO/DevlationsForAO

24-06-2024T12:08:38 - [TEST_STEP][PASSED] - tabSection.Deviation.deviationForAOPaperbase(): tabSection.Deviation.deviationForAOPaperbase is PASSED

24-06-2024T12:08:38 - [MESSAGE][PASSED] - Object: 'Object Repository/TabSection/Devlations' is clicked on

24-06-2024T12:08:39 - [MESSAGE][PASSED] - Delayed 1 second(s)

24-06-2024T12:08:40 - [MESSAGE][PASSED] - Delayed 1 second(s)

24-06-2024T12:08:41 - [MESSAGE][PASSED] - Delayed 1 second(s)

24-06-2024T12:08:41 - [MESSAGE][PASSED] - Taking screenshot successfully
[[ATTACHMENT|D:\\newRCBCProject\\RCBCLOS_Automation\\Reports\\20240624_115032\\PaperbaseFlows\\PaperbaseWithAndWithout\\AO\\20240624_115042\\Screenshots/AccountOfficer24_06_2412_07_32/Regression24_06_24_12_08_40.jpg]]

24-06-2024T12:08:41 - [MESSAGE][PASSED] - tabSection.Deviation.deviationForAOPaperbase is PASSED

24-06-2024T12:08:43 - [TEST_STEP][PASSED] - Video: Video recording for test case 'Test Cases/Paper_STPWithAndWithoutAPI/AO/DevlationsForAO' .

24-06-2024T12:08:43 - [MESSAGE][INFO] - Video recording for test case 'Test Cases/Paper_STPWithAndWithoutAPI/AO/DevlationsForAO' .]]></system-out>
         <system-err><![CDATA[]]></system-err>
      </testcase>
      <testcase name="Test Cases/Paper_STPWithAndWithoutAPI/AO/CreditInvestigationForAO" time="6.037" classname="Test Cases/Paper_STPWithAndWithoutAPI/AO/CreditInvestigationForAO" status="PASSED">
         <system-out><![CDATA[24-06-2024T12:08:43 - [TEST_CASE][PASSED] - Test Cases/Paper_STPWithAndWithoutAPI/AO/CreditInvestigationForAO: Test Cases/Paper_STPWithAndWithoutAPI/AO/CreditInvestigationForAO

24-06-2024T12:08:43 - [TEST_STEP][PASSED] - tabSection.CreditInvestigation.creditInvestigationForAOPaperbase(): tabSection.CreditInvestigation.creditInvestigationForAOPaperbase is PASSED

24-06-2024T12:08:44 - [MESSAGE][PASSED] - Object: 'Object Repository/TabSection/creditInvestigation' is clicked on

24-06-2024T12:08:45 - [MESSAGE][PASSED] - Delayed 1 second(s)

24-06-2024T12:08:46 - [MESSAGE][PASSED] - Delayed 1 second(s)

24-06-2024T12:08:47 - [MESSAGE][PASSED] - Delayed 1 second(s)

24-06-2024T12:08:47 - [MESSAGE][PASSED] - Taking screenshot successfully
[[ATTACHMENT|D:\\newRCBCProject\\RCBCLOS_Automation\\Reports\\20240624_115032\\PaperbaseFlows\\PaperbaseWithAndWithout\\AO\\20240624_115042\\Screenshots/AccountOfficer24_06_2412_07_32/Regression24_06_24_12_08_46.jpg]]

24-06-2024T12:08:47 - [MESSAGE][PASSED] - Object: 'Object Repository/TabSection/nextArrowButton' is clicked on

24-06-2024T12:08:47 - [MESSAGE][PASSED] - tabSection.CreditInvestigation.creditInvestigationForAOPaperbase is PASSED

24-06-2024T12:08:49 - [TEST_STEP][PASSED] - Video: Video recording for test case 'Test Cases/Paper_STPWithAndWithoutAPI/AO/CreditInvestigationForAO' .

24-06-2024T12:08:49 - [MESSAGE][INFO] - Video recording for test case 'Test Cases/Paper_STPWithAndWithoutAPI/AO/CreditInvestigationForAO' .]]></system-out>
         <system-err><![CDATA[]]></system-err>
      </testcase>
      <testcase name="Test Cases/Paper_STPWithAndWithoutAPI/AO/InsuranceInformationForAO" time="6.013" classname="Test Cases/Paper_STPWithAndWithoutAPI/AO/InsuranceInformationForAO" status="PASSED">
         <system-out><![CDATA[24-06-2024T12:08:49 - [TEST_CASE][PASSED] - Test Cases/Paper_STPWithAndWithoutAPI/AO/InsuranceInformationForAO: Test Cases/Paper_STPWithAndWithoutAPI/AO/InsuranceInformationForAO

24-06-2024T12:08:49 - [TEST_STEP][PASSED] - tabSection.InsuranceInformation.insuranceInformationForAOPaperbase(): tabSection.InsuranceInformation.insuranceInformationForAOPaperbase is PASSED

24-06-2024T12:08:50 - [MESSAGE][PASSED] - Object: 'Object Repository/TabSection/InsuranceInformation' is clicked on

24-06-2024T12:08:51 - [MESSAGE][PASSED] - Delayed 1 second(s)

24-06-2024T12:08:52 - [MESSAGE][PASSED] - Delayed 1 second(s)

24-06-2024T12:08:53 - [MESSAGE][PASSED] - Delayed 1 second(s)

24-06-2024T12:08:53 - [MESSAGE][PASSED] - Taking screenshot successfully
[[ATTACHMENT|D:\\newRCBCProject\\RCBCLOS_Automation\\Reports\\20240624_115032\\PaperbaseFlows\\PaperbaseWithAndWithout\\AO\\20240624_115042\\Screenshots/AccountOfficer24_06_2412_07_32/Regression24_06_24_12_08_52.jpg]]

24-06-2024T12:08:53 - [MESSAGE][PASSED] - Object: 'Object Repository/TabSection/nextArrowButton' is clicked on

24-06-2024T12:08:53 - [MESSAGE][PASSED] - tabSection.InsuranceInformation.insuranceInformationForAOPaperbase is PASSED

24-06-2024T12:08:55 - [TEST_STEP][PASSED] - Video: Video recording for test case 'Test Cases/Paper_STPWithAndWithoutAPI/AO/InsuranceInformationForAO' .

24-06-2024T12:08:55 - [MESSAGE][INFO] - Video recording for test case 'Test Cases/Paper_STPWithAndWithoutAPI/AO/InsuranceInformationForAO' .]]></system-out>
         <system-err><![CDATA[]]></system-err>
      </testcase>
      <testcase name="Test Cases/Paper_STPWithAndWithoutAPI/AO/DisbursmentInformationForAO" time="16.399" classname="Test Cases/Paper_STPWithAndWithoutAPI/AO/DisbursmentInformationForAO" status="PASSED">
         <system-out><![CDATA[24-06-2024T12:08:55 - [TEST_CASE][PASSED] - Test Cases/Paper_STPWithAndWithoutAPI/AO/DisbursmentInformationForAO: Test Cases/Paper_STPWithAndWithoutAPI/AO/DisbursmentInformationForAO

24-06-2024T12:08:55 - [TEST_STEP][PASSED] - tabSection.DisbursementInfo.disbursementInformationForAOPaperbase(): tabSection.DisbursementInfo.disbursementInformationForAOPaperbase is PASSED

24-06-2024T12:08:56 - [MESSAGE][PASSED] - Object: 'Object Repository/TabSection/DisbursementInformation' is clicked on

24-06-2024T12:08:57 - [MESSAGE][PASSED] - All options with index in [1] are selected on object 'Object Repository/BackOfficePaperBase/Fullfillment/DisbursementInfo/modeOfDisbursement'

24-06-2024T12:08:58 - [MESSAGE][PASSED] - Delayed 1 second(s)

24-06-2024T12:08:59 - [MESSAGE][PASSED] - Delayed 1 second(s)

24-06-2024T12:09:00 - [MESSAGE][PASSED] - Delayed 1 second(s)

24-06-2024T12:09:00 - [MESSAGE][PASSED] - Taking screenshot successfully
[[ATTACHMENT|D:\\newRCBCProject\\RCBCLOS_Automation\\Reports\\20240624_115032\\PaperbaseFlows\\PaperbaseWithAndWithout\\AO\\20240624_115042\\Screenshots/AccountOfficer24_06_2412_07_32/Regression24_06_24_12_08_59.jpg]]

24-06-2024T12:09:01 - [MESSAGE][PASSED] - Text '465657575' is set on object 'Object Repository/BackOfficePaperBase/Fullfillment/DisbursementInfo/accountNumber'

24-06-2024T12:09:01 - [MESSAGE][PASSED] - Text 'Axis' is set on object 'Object Repository/BackOfficePaperBase/Fullfillment/DisbursementInfo/bankName'

24-06-2024T12:09:02 - [MESSAGE][PASSED] - Delayed 1 second(s)

24-06-2024T12:09:03 - [MESSAGE][PASSED] - Delayed 1 second(s)

24-06-2024T12:09:04 - [MESSAGE][PASSED] - Delayed 1 second(s)

24-06-2024T12:09:04 - [MESSAGE][PASSED] - Taking screenshot successfully
[[ATTACHMENT|D:\\newRCBCProject\\RCBCLOS_Automation\\Reports\\20240624_115032\\PaperbaseFlows\\PaperbaseWithAndWithout\\AO\\20240624_115042\\Screenshots/AccountOfficer24_06_2412_07_32/Regression24_06_24_12_09_03.jpg]]

24-06-2024T12:09:05 - [MESSAGE][PASSED] - Text '50000' is set on object 'Object Repository/BackOfficePaperBase/AO/DisbursementInfo/GrossAmount'

24-06-2024T12:09:06 - [MESSAGE][PASSED] - Text 'done' is set on object 'Object Repository/BackOfficePaperBase/AO/DisbursementInfo/AORemark'

24-06-2024T12:09:07 - [MESSAGE][PASSED] - Delayed 1 second(s)

24-06-2024T12:09:08 - [MESSAGE][PASSED] - Delayed 1 second(s)

24-06-2024T12:09:09 - [MESSAGE][PASSED] - Delayed 1 second(s)

24-06-2024T12:09:09 - [MESSAGE][PASSED] - Taking screenshot successfully
[[ATTACHMENT|D:\\newRCBCProject\\RCBCLOS_Automation\\Reports\\20240624_115032\\PaperbaseFlows\\PaperbaseWithAndWithout\\AO\\20240624_115042\\Screenshots/AccountOfficer24_06_2412_07_32/Regression24_06_24_12_09_08.jpg]]

24-06-2024T12:09:10 - [MESSAGE][PASSED] - Object: 'Object Repository/TabSection/nextArrowButton' is clicked on

24-06-2024T12:09:10 - [MESSAGE][PASSED] - tabSection.DisbursementInfo.disbursementInformationForAOPaperbase is PASSED

24-06-2024T12:09:12 - [TEST_STEP][PASSED] - Video: Video recording for test case 'Test Cases/Paper_STPWithAndWithoutAPI/AO/DisbursmentInformationForAO' .

24-06-2024T12:09:12 - [MESSAGE][INFO] - Video recording for test case 'Test Cases/Paper_STPWithAndWithoutAPI/AO/DisbursmentInformationForAO' .]]></system-out>
         <system-err><![CDATA[]]></system-err>
      </testcase>
      <testcase name="Test Cases/Paper_STPWithAndWithoutAPI/AO/AlertSummaryForAO" time="6.136" classname="Test Cases/Paper_STPWithAndWithoutAPI/AO/AlertSummaryForAO" status="PASSED">
         <system-out><![CDATA[24-06-2024T12:09:12 - [TEST_CASE][PASSED] - Test Cases/Paper_STPWithAndWithoutAPI/AO/AlertSummaryForAO: Test Cases/Paper_STPWithAndWithoutAPI/AO/AlertSummaryForAO

24-06-2024T12:09:12 - [TEST_STEP][PASSED] - tabSection.AlertsSummary.alertsSummaryForAOPaperbase(): tabSection.AlertsSummary.alertsSummaryForAOPaperbase is PASSED

24-06-2024T12:09:12 - [MESSAGE][PASSED] - Object: 'Object Repository/TabSection/AlertSummary' is clicked on

24-06-2024T12:09:13 - [MESSAGE][PASSED] - Delayed 1 second(s)

24-06-2024T12:09:14 - [MESSAGE][PASSED] - Delayed 1 second(s)

24-06-2024T12:09:15 - [MESSAGE][PASSED] - Delayed 1 second(s)

24-06-2024T12:09:15 - [MESSAGE][PASSED] - Taking screenshot successfully
[[ATTACHMENT|D:\\newRCBCProject\\RCBCLOS_Automation\\Reports\\20240624_115032\\PaperbaseFlows\\PaperbaseWithAndWithout\\AO\\20240624_115042\\Screenshots/AccountOfficer24_06_2412_07_32/Regression24_06_24_12_09_14.jpg]]

24-06-2024T12:09:16 - [MESSAGE][PASSED] - Object: 'Object Repository/TabSection/nextArrowButton' is clicked on

24-06-2024T12:09:16 - [MESSAGE][PASSED] - tabSection.AlertsSummary.alertsSummaryForAOPaperbase is PASSED

24-06-2024T12:09:18 - [TEST_STEP][PASSED] - Video: Video recording for test case 'Test Cases/Paper_STPWithAndWithoutAPI/AO/AlertSummaryForAO' .

24-06-2024T12:09:18 - [MESSAGE][INFO] - Video recording for test case 'Test Cases/Paper_STPWithAndWithoutAPI/AO/AlertSummaryForAO' .]]></system-out>
         <system-err><![CDATA[]]></system-err>
      </testcase>
      <testcase name="Test Cases/Paper_STPWithAndWithoutAPI/AO/Action" time="49.747" classname="Test Cases/Paper_STPWithAndWithoutAPI/AO/Action" status="PASSED">
         <system-out><![CDATA[24-06-2024T12:09:18 - [TEST_CASE][PASSED] - Test Cases/Paper_STPWithAndWithoutAPI/AO/Action: Test Cases/Paper_STPWithAndWithoutAPI/AO/Action

24-06-2024T12:09:18 - [TEST_STEP][PASSED] - tabSection.Action.submitForAO(): tabSection.Action.submitForAO is PASSED

24-06-2024T12:09:20 - [MESSAGE][PASSED] - Object: 'Object Repository/TabSection/Action' is clicked on

24-06-2024T12:09:20 - [MESSAGE][PASSED] - Object 'Object Repository/Action/Decision' is visible

24-06-2024T12:09:22 - [MESSAGE][PASSED] - All options with index in [1] are selected on object 'Object Repository/Action/Decision'

24-06-2024T12:09:22 - [MESSAGE][PASSED] - Text 'OK' is set on object 'Object Repository/Action/Remarks'

24-06-2024T12:09:22 - [MESSAGE][PASSED] - Current window's title is: 'AO SI DI : LOS-3370'

24-06-2024T12:09:22 - [MESSAGE][PASSED] - Text of object 'Object Repository/Action/referenceNumber' is: 'AO SI DI : LOS-3370'

24-06-2024T12:09:22 - [MESSAGE][INFO] - LOS-3370

24-06-2024T12:09:23 - [MESSAGE][PASSED] - Object: 'Object Repository/Action/SubmitButton' is clicked on

24-06-2024T12:09:23 - [MESSAGE][PASSED] - Taking screenshot successfully
[[ATTACHMENT|D:\\newRCBCProject\\RCBCLOS_Automation\\Reports\\20240624_115032\\PaperbaseFlows\\PaperbaseWithAndWithout\\AO\\20240624_115042\\1719211163445.png]]

24-06-2024T12:09:24 - [MESSAGE][PASSED] - Delayed 1 second(s)

24-06-2024T12:09:25 - [MESSAGE][PASSED] - Delayed 1 second(s)

24-06-2024T12:09:26 - [MESSAGE][PASSED] - Delayed 1 second(s)

24-06-2024T12:09:27 - [MESSAGE][PASSED] - Taking screenshot successfully
[[ATTACHMENT|D:\\newRCBCProject\\RCBCLOS_Automation\\Reports\\20240624_115032\\PaperbaseFlows\\PaperbaseWithAndWithout\\AO\\20240624_115042\\Screenshots/AccountOfficer24_06_2412_07_32/Regression24_06_24_12_09_25.jpg]]

24-06-2024T12:09:30 - [MESSAGE][PASSED] - Object: 'Object Repository/Action/confirmYes' is clicked on

24-06-2024T12:10:04 - [MESSAGE][WARNING] - Cannot find window with title: 'LoanPortal' (Root cause: com.kms.katalon.core.exception.StepFailedException: Cannot find window with title: 'LoanPortal'
	at com.kms.katalon.core.webui.keyword.internal.WebUIKeywordMain.stepFailed(WebUIKeywordMain.groovy:64)
	at com.kms.katalon.core.webui.keyword.builtin.SwitchToWindowTitleKeyword$_switchToWindowTitle_closure1.doCall(SwitchToWindowTitleKeyword.groovy:82)
	at com.kms.katalon.core.webui.keyword.builtin.SwitchToWindowTitleKeyword$_switchToWindowTitle_closure1.call(SwitchToWindowTitleKeyword.groovy)
	at com.kms.katalon.core.webui.keyword.internal.WebUIKeywordMain.runKeyword(WebUIKeywordMain.groovy:20)
	at com.kms.katalon.core.webui.keyword.builtin.SwitchToWindowTitleKeyword.switchToWindowTitle(SwitchToWindowTitleKeyword.groovy:84)
	at com.kms.katalon.core.webui.keyword.builtin.SwitchToWindowTitleKeyword.execute(SwitchToWindowTitleKeyword.groovy:67)
	at com.kms.katalon.core.keyword.internal.KeywordExecutor.executeKeywordForPlatform(KeywordExecutor.groovy:74)
	at com.kms.katalon.core.webui.keyword.WebUiBuiltInKeywords.switchToWindowTitle(WebUiBuiltInKeywords.groovy:1809)
	at tabSection.Action.submitForAO(Action.groovy:64)
	at java.base/jdk.internal.reflect.NativeMethodAccessorImpl.invoke0(Native Method)
	at java.base/jdk.internal.reflect.NativeMethodAccessorImpl.invoke(NativeMethodAccessorImpl.java:77)
	at java.base/jdk.internal.reflect.DelegatingMethodAccessorImpl.invoke(DelegatingMethodAccessorImpl.java:43)
	at com.kms.katalon.core.main.CustomKeywordDelegatingMetaClass.invokeStaticMethod(CustomKeywordDelegatingMetaClass.java:55)
	at Action.run(Action:20)
	at com.kms.katalon.core.main.ScriptEngine.run(ScriptEngine.java:194)
	at com.kms.katalon.core.main.ScriptEngine.runScriptAsRawText(ScriptEngine.java:119)
	at com.kms.katalon.core.main.TestCaseExecutor.runScript(TestCaseExecutor.java:448)
	at com.kms.katalon.core.main.TestCaseExecutor.doExecute(TestCaseExecutor.java:439)
	at com.kms.katalon.core.main.TestCaseExecutor.processExecutionPhase(TestCaseExecutor.java:418)
	at com.kms.katalon.core.main.TestCaseExecutor.accessMainPhase(TestCaseExecutor.java:410)
	at com.kms.katalon.core.main.TestCaseExecutor.execute(TestCaseExecutor.java:285)
	at com.kms.katalon.core.common.CommonExecutor.accessTestCaseMainPhase(CommonExecutor.java:65)
	at com.kms.katalon.core.main.TestSuiteExecutor.accessTestSuiteMainPhase(TestSuiteExecutor.java:150)
	at com.kms.katalon.core.main.TestSuiteExecutor.execute(TestSuiteExecutor.java:106)
	at com.kms.katalon.core.main.TestCaseMain.startTestSuite(TestCaseMain.java:180)
	at TempTestSuite1719210042880.run(TempTestSuite1719210042880.groovy:35)
	at java.base/jdk.internal.reflect.NativeMethodAccessorImpl.invoke0(Native Method)
	at java.base/jdk.internal.reflect.NativeMethodAccessorImpl.invoke(NativeMethodAccessorImpl.java:77)
	at java.base/jdk.internal.reflect.DelegatingMethodAccessorImpl.invoke(DelegatingMethodAccessorImpl.java:43)
)
[[ATTACHMENT|D:\\newRCBCProject\\RCBCLOS_Automation\\Reports\\20240624_115032\\PaperbaseFlows\\PaperbaseWithAndWithout\\AO\\20240624_115042\\1719211203885.png]]

24-06-2024T12:10:06 - [MESSAGE][PASSED] - Delayed 2 second(s)

24-06-2024T12:10:06 - [MESSAGE][PASSED] - tabSection.Action.submitForAO is PASSED

24-06-2024T12:10:08 - [TEST_STEP][PASSED] - Video: Video recording for test case 'Test Cases/Paper_STPWithAndWithoutAPI/AO/Action' .

24-06-2024T12:10:08 - [MESSAGE][INFO] - Video recording for test case 'Test Cases/Paper_STPWithAndWithoutAPI/AO/Action' .]]></system-out>
         <system-err><![CDATA[]]></system-err>
      </testcase>
      <testcase name="Test Cases/LogOut/logout" time="15.982" classname="Test Cases/LogOut/logout" status="PASSED">
         <system-out><![CDATA[24-06-2024T12:10:08 - [TEST_CASE][PASSED] - Test Cases/LogOut/logout: Test Cases/LogOut/logout

24-06-2024T12:10:08 - [TEST_STEP][PASSED] - signOutibps.SignOut.logout(): signOutibps.SignOut.logout is PASSED

24-06-2024T12:10:08 - [MESSAGE][PASSED] - Switched to window with index: '0'

24-06-2024T12:10:09 - [MESSAGE][PASSED] - Delayed 1 second(s)

24-06-2024T12:10:09 - [MESSAGE][PASSED] - All options with index in [2] are selected on object 'Object Repository/ibpsLogOut/selectProcess'

24-06-2024T12:10:10 - [MESSAGE][PASSED] - Delayed 1 second(s)

24-06-2024T12:10:10 - [MESSAGE][PASSED] - Object: 'Object Repository/ibpsLogOut/searchBar' is double clicked on

24-06-2024T12:10:11 - [MESSAGE][PASSED] - Keys 'LOS-3370' sent to object: 'Object Repository/ibpsLogOut/searchBar'

24-06-2024T12:10:11 - [MESSAGE][PASSED] - Keys 'ENTER + ' sent to object: 'Object Repository/ibpsLogOut/searchBar'

24-06-2024T12:10:12 - [MESSAGE][PASSED] - Delayed 1 second(s)

24-06-2024T12:10:13 - [MESSAGE][PASSED] - Delayed 1 second(s)

24-06-2024T12:10:14 - [MESSAGE][PASSED] - Delayed 1 second(s)

24-06-2024T12:10:14 - [MESSAGE][PASSED] - Taking screenshot successfully
[[ATTACHMENT|D:\\newRCBCProject\\RCBCLOS_Automation\\Reports\\20240624_115032\\PaperbaseFlows\\PaperbaseWithAndWithout\\AO\\20240624_115042\\Screenshots/AccountOfficer24_06_2412_07_32/Regression24_06_24_12_10_13.jpg]]

24-06-2024T12:10:16 - [MESSAGE][PASSED] - Delayed 2 second(s)

24-06-2024T12:10:16 - [MESSAGE][PASSED] - Object: 'Object Repository/ibpsLogOut/label_QK_CO7' is clicked on

24-06-2024T12:10:18 - [MESSAGE][PASSED] - Delayed 2 second(s)

24-06-2024T12:10:18 - [MESSAGE][PASSED] - Object: 'Object Repository/ibpsLogOut/Logout' is clicked on

24-06-2024T12:10:19 - [MESSAGE][PASSED] - Delayed 1 second(s)

24-06-2024T12:10:20 - [MESSAGE][PASSED] - Delayed 1 second(s)

24-06-2024T12:10:21 - [MESSAGE][PASSED] - Delayed 1 second(s)

24-06-2024T12:10:22 - [MESSAGE][PASSED] - Taking screenshot successfully
[[ATTACHMENT|D:\\newRCBCProject\\RCBCLOS_Automation\\Reports\\20240624_115032\\PaperbaseFlows\\PaperbaseWithAndWithout\\AO\\20240624_115042\\Screenshots/AccountOfficer24_06_2412_07_32/Regression24_06_24_12_10_20.jpg]]

24-06-2024T12:10:22 - [MESSAGE][PASSED] - signOutibps.SignOut.logout is PASSED

24-06-2024T12:10:24 - [TEST_STEP][PASSED] - Video: Video recording for test case 'Test Cases/LogOut/logout' .

24-06-2024T12:10:24 - [MESSAGE][INFO] - Video recording for test case 'Test Cases/LogOut/logout' .]]></system-out>
         <system-err><![CDATA[]]></system-err>
      </testcase>
      <system-out><![CDATA[24-06-2024T12:07:22 - [TEST_SUITE][PASSED] - AO: Test Cases/LogOut/logout]]></system-out>
      <system-err><![CDATA[]]></system-err>
   </testsuite>
   <testsuite name="Fulfillment" tests="16" failures="0" errors="0" time="194.55" skipped="0" timestamp="24-06-2024T12:10:32" hostname="Adarsh.Lohar - QKNBK2037.qkcorp.qualitykiosk.com" id="Test Suites/PaperbaseFlows/PaperbaseWithAndWithout/Fulfillment">
      <properties>
         <property name="deviceName" value=""/>
         <property name="devicePlatform"/>
         <property name="logFolder" value="D:\\newRCBCProject\\RCBCLOS_Automation\\Reports\\20240624_115032\\PaperbaseFlows\\PaperbaseWithAndWithout\\Fulfillment\\20240624_115044"/>
         <property name="logFiles" value="D:\\newRCBCProject\\RCBCLOS_Automation\\Reports\\20240624_115032\\PaperbaseFlows\\PaperbaseWithAndWithout\\Fulfillment\\20240624_115044\\execution0.log"/>
         <property name="attachments" value="D:\\newRCBCProject\\RCBCLOS_Automation\\Reports\\20240624_115032\\PaperbaseFlows\\PaperbaseWithAndWithout\\Fulfillment\\20240624_115044\\Screenshots/Fulfillment24_06_2412_10_44/Regression24_06_24_12_10_45.jpg, D:\\newRCBCProject\\RCBCLOS_Automation\\Reports\\20240624_115032\\PaperbaseFlows\\PaperbaseWithAndWithout\\Fulfillment\\20240624_115044\\Screenshots/Fulfillment24_06_2412_10_44/Regression24_06_24_12_11_00.jpg, D:\\newRCBCProject\\RCBCLOS_Automation\\Reports\\20240624_115032\\PaperbaseFlows\\PaperbaseWithAndWithout\\Fulfillment\\20240624_115044\\Screenshots/Fulfillment24_06_2412_10_44/Regression24_06_24_12_11_13.jpg, D:\\newRCBCProject\\RCBCLOS_Automation\\Reports\\20240624_115032\\PaperbaseFlows\\PaperbaseWithAndWithout\\Fulfillment\\20240624_115044\\Screenshots/Fulfillment24_06_2412_10_44/Regression24_06_24_12_11_28.jpg, D:\\newRCBCProject\\RCBCLOS_Automation\\Reports\\20240624_115032\\PaperbaseFlows\\PaperbaseWithAndWithout\\Fulfillment\\20240624_115044\\Screenshots/Fulfillment24_06_2412_10_44/Regression24_06_24_12_11_36.jpg, D:\\newRCBCProject\\RCBCLOS_Automation\\Reports\\20240624_115032\\PaperbaseFlows\\PaperbaseWithAndWithout\\Fulfillment\\20240624_115044\\Screenshots/Fulfillment24_06_2412_10_44/Regression24_06_24_12_11_42.jpg, D:\\newRCBCProject\\RCBCLOS_Automation\\Reports\\20240624_115032\\PaperbaseFlows\\PaperbaseWithAndWithout\\Fulfillment\\20240624_115044\\Screenshots/Fulfillment24_06_2412_10_44/Regression24_06_24_12_11_47.jpg, D:\\newRCBCProject\\RCBCLOS_Automation\\Reports\\20240624_115032\\PaperbaseFlows\\PaperbaseWithAndWithout\\Fulfillment\\20240624_115044\\Screenshots/Fulfillment24_06_2412_10_44/Regression24_06_24_12_11_53.jpg, D:\\newRCBCProject\\RCBCLOS_Automation\\Reports\\20240624_115032\\PaperbaseFlows\\PaperbaseWithAndWithout\\Fulfillment\\20240624_115044\\Screenshots/Fulfillment24_06_2412_10_44/Regression24_06_24_12_11_59.jpg, D:\\newRCBCProject\\RCBCLOS_Automation\\Reports\\20240624_115032\\PaperbaseFlows\\PaperbaseWithAndWithout\\Fulfillment\\20240624_115044\\Screenshots/Fulfillment24_06_2412_10_44/Regression24_06_24_12_12_05.jpg, D:\\newRCBCProject\\RCBCLOS_Automation\\Reports\\20240624_115032\\PaperbaseFlows\\PaperbaseWithAndWithout\\Fulfillment\\20240624_115044\\Screenshots/Fulfillment24_06_2412_10_44/Regression24_06_24_12_12_12.jpg, D:\\newRCBCProject\\RCBCLOS_Automation\\Reports\\20240624_115032\\PaperbaseFlows\\PaperbaseWithAndWithout\\Fulfillment\\20240624_115044\\Screenshots/Fulfillment24_06_2412_10_44/Regression24_06_24_12_12_16.jpg, D:\\newRCBCProject\\RCBCLOS_Automation\\Reports\\20240624_115032\\PaperbaseFlows\\PaperbaseWithAndWithout\\Fulfillment\\20240624_115044\\Screenshots/Fulfillment24_06_2412_10_44/Regression24_06_24_12_12_25.jpg, D:\\newRCBCProject\\RCBCLOS_Automation\\Reports\\20240624_115032\\PaperbaseFlows\\PaperbaseWithAndWithout\\Fulfillment\\20240624_115044\\Screenshots/Fulfillment24_06_2412_10_44/Regression24_06_24_12_12_31.jpg, D:\\newRCBCProject\\RCBCLOS_Automation\\Reports\\20240624_115032\\PaperbaseFlows\\PaperbaseWithAndWithout\\Fulfillment\\20240624_115044\\Screenshots/Fulfillment24_06_2412_10_44/Regression24_06_24_12_12_37.jpg, D:\\newRCBCProject\\RCBCLOS_Automation\\Reports\\20240624_115032\\PaperbaseFlows\\PaperbaseWithAndWithout\\Fulfillment\\20240624_115044\\1719211365087.png, D:\\newRCBCProject\\RCBCLOS_Automation\\Reports\\20240624_115032\\PaperbaseFlows\\PaperbaseWithAndWithout\\Fulfillment\\20240624_115044\\Screenshots/Fulfillment24_06_2412_10_44/Regression24_06_24_12_12_47.jpg, D:\\newRCBCProject\\RCBCLOS_Automation\\Reports\\20240624_115032\\PaperbaseFlows\\PaperbaseWithAndWithout\\Fulfillment\\20240624_115044\\1719211407080.png, D:\\newRCBCProject\\RCBCLOS_Automation\\Reports\\20240624_115032\\PaperbaseFlows\\PaperbaseWithAndWithout\\Fulfillment\\20240624_115044\\Screenshots/Fulfillment24_06_2412_10_44/Regression24_06_24_12_13_36.jpg, D:\\newRCBCProject\\RCBCLOS_Automation\\Reports\\20240624_115032\\PaperbaseFlows\\PaperbaseWithAndWithout\\Fulfillment\\20240624_115044\\Screenshots/Fulfillment24_06_2412_10_44/Regression24_06_24_12_13_43.jpg"/>
         <property name="hostName" value="Adarsh.Lohar - QKNBK2037.qkcorp.qualitykiosk.com"/>
         <property name="os" value="Windows 10 64bit"/>
         <property name="katalonVersion" value="9.5.0.217"/>
         <property name="browser" value="Chrome 126.0.0.0"/>
         <property name="hostAddress" value="10.0.6.210"/>
         <property name="sessionId" value="8b86aa5d5b850e76ad9e9f1c3d514898"/>
         <property name="seleniumVersion" value="3.141.59"/>
         <property name="proxyInformation" value="ProxyInformation { proxyOption=NO_PROXY, proxyServerType=HTTP, username=, password=********, proxyServerAddress=, proxyServerPort=0, executionList=&quot;&quot;, isApplyToDesiredCapabilities=true }"/>
         <property name="platform" value="Windows 10"/>
      </properties>
      <testcase name="Test Cases/Paper_STPWithAndWithoutAPI/Fullfillment/LoginPage" time="24.135" classname="Test Cases/Paper_STPWithAndWithoutAPI/Fullfillment/LoginPage" status="PASSED">
         <system-out><![CDATA[24-06-2024T12:10:33 - [TEST_CASE][PASSED] - Test Cases/Paper_STPWithAndWithoutAPI/Fullfillment/LoginPage: Test Cases/Paper_STPWithAndWithoutAPI/Fullfillment/LoginPage

24-06-2024T12:10:34 - [TEST_STEP][PASSED] - fulfillment.LoginForibpsFullFillment.login(): fulfillment.LoginForibpsFullFillment.login is PASSED

24-06-2024T12:10:34 - [MESSAGE][INFO] - Starting 'Chrome' driver

24-06-2024T12:10:34 - [MESSAGE][INFO] - User set preference: ['args', '[--incognito]']

24-06-2024T12:10:34 - [MESSAGE][INFO] - Action delay is set to 0 milliseconds

24-06-2024T12:10:38 - [MESSAGE][PASSED] - Browser is opened with url: ''

24-06-2024T12:10:38 - [MESSAGE][PASSED] - Current window maximized

24-06-2024T12:10:41 - [MESSAGE][PASSED] - Navigate to 'https://rcbcuat.nonprodnmc.com/omniapp' successfully

24-06-2024T12:10:42 - [MESSAGE][PASSED] - Text 'QK_Fulfillment7' is set on object 'Object Repository/BackOffice/ibpsLogin/userName'

24-06-2024T12:10:43 - [MESSAGE][PASSED] - Text ****** has been set on object 'Object Repository/BackOffice/ibpsLogin/password'

24-06-2024T12:10:44 - [MESSAGE][PASSED] - Delayed 1 second(s)

24-06-2024T12:10:45 - [MESSAGE][PASSED] - Delayed 1 second(s)

24-06-2024T12:10:46 - [MESSAGE][PASSED] - Delayed 1 second(s)

24-06-2024T12:10:46 - [MESSAGE][PASSED] - Taking screenshot successfully
[[ATTACHMENT|D:\\newRCBCProject\\RCBCLOS_Automation\\Reports\\20240624_115032\\PaperbaseFlows\\PaperbaseWithAndWithout\\Fulfillment\\20240624_115044\\Screenshots/Fulfillment24_06_2412_10_44/Regression24_06_24_12_10_45.jpg]]

24-06-2024T12:10:46 - [MESSAGE][PASSED] - Object: 'Object Repository/BackOffice/ibpsLogin/loginButton' is clicked on

24-06-2024T12:10:48 - [MESSAGE][PASSED] - Delayed 2 second(s)

24-06-2024T12:10:52 - [MESSAGE][INFO] - Unable to find the element located by 'By.xpath: //input[@id="oaloginform:contloginbtn"]'. Please recheck the objects properties to make sure the desired element is located. 

24-06-2024T12:10:52 - [MESSAGE][WARNING] - [SELF-HEALING] Failed to find element with id 'Object Repository/BackOffice/ibpsLogin/yesLogin'. Try using Self-healing.

24-06-2024T12:10:53 - [MESSAGE][INFO] - [SELF-HEALING] No working XPath is found.

24-06-2024T12:10:55 - [MESSAGE][WARNING] - [SELF-HEALING] javascript error: {"status":32,"value":"Unable to locate an element with the xpath expression  because of the following error:\nSyntaxError: Failed to execute 'evaluate' on 'Document': The string '' is not a valid XPath expression."}
  (Session info: chrome=126.0.6478.114)
Build info: version: '3.141.59', revision: 'unknown', time: 'unknown'
System info: host: 'QKNBK2037', ip: '10.0.6.210', os.name: 'Windows 10', os.arch: 'amd64', os.version: '10.0', java.version: '17.0.7'
Driver info: com.kms.katalon.selenium.driver.CChromeDriver
Capabilities {acceptInsecureCerts: false, browserName: chrome, browserVersion: 126.0.6478.114, chrome: {chromedriverVersion: 125.0.6422.60 (3ac3319bff9f..., userDataDir: C:\Users\ADARSH~1.LOH\AppDa...}, fedcm:accounts: true, goog:chromeOptions: {debuggerAddress: localhost:61680}, javascriptEnabled: true, networkConnectionEnabled: false, pageLoadStrategy: normal, platform: WINDOWS, platformName: WINDOWS, proxy: Proxy(), setWindowRect: true, strictFileInteractability: false, timeouts: {implicit: 0, pageLoad: 300000, script: 30000}, unhandledPromptBehavior: dismiss and notify, webauthn:extension:credBlob: true, webauthn:extension:largeBlob: true, webauthn:extension:minPinLength: true, webauthn:extension:prf: true, webauthn:virtualAuthenticators: true}
Session ID: 8b86aa5d5b850e76ad9e9f1c3d514898
*** Element info: {Using=xpath, value=}

24-06-2024T12:10:55 - [MESSAGE][WARNING] - [SELF-HEALING] Cannot find elements when the selector is null

24-06-2024T12:10:55 - [MESSAGE][WARNING] - Web element with id: 'Object Repository/BackOffice/ibpsLogin/yesLogin' located by '//input[@id="oaloginform:contloginbtn"]' not found

24-06-2024T12:10:55 - [MESSAGE][PASSED] - fulfillment.LoginForibpsFullFillment.login is PASSED

24-06-2024T12:10:57 - [TEST_STEP][PASSED] - Video: Video recording for test case 'Test Cases/Paper_STPWithAndWithoutAPI/Fullfillment/LoginPage' .

24-06-2024T12:10:57 - [MESSAGE][INFO] - Video recording for test case 'Test Cases/Paper_STPWithAndWithoutAPI/Fullfillment/LoginPage' .]]></system-out>
         <system-err><![CDATA[]]></system-err>
      </testcase>
      <testcase name="Test Cases/Paper_STPWithAndWithoutAPI/Fullfillment/HomePage" time="14.223" classname="Test Cases/Paper_STPWithAndWithoutAPI/Fullfillment/HomePage" status="PASSED">
         <system-out><![CDATA[24-06-2024T12:10:57 - [TEST_CASE][PASSED] - Test Cases/Paper_STPWithAndWithoutAPI/Fullfillment/HomePage: Test Cases/Paper_STPWithAndWithoutAPI/Fullfillment/HomePage

24-06-2024T12:10:57 - [TEST_STEP][PASSED] - fulfillment.HomePageForibpsFullFillment.selectResistration(): fulfillment.HomePageForibpsFullFillment.selectResistration is PASSED

24-06-2024T12:10:57 - [MESSAGE][PASSED] - Wait for page load successfully

24-06-2024T12:10:58 - [MESSAGE][PASSED] - Delayed 1 second(s)

24-06-2024T12:10:58 - [MESSAGE][PASSED] - Object 'Object Repository/BackOffice/Fulfillment/ibpsHomePage/fullfillment' is clickable

24-06-2024T12:10:59 - [MESSAGE][PASSED] - Delayed 1 second(s)

24-06-2024T12:10:59 - [MESSAGE][INFO] -  ******** LOS-3370

24-06-2024T12:11:00 - [MESSAGE][PASSED] - Delayed 1 second(s)

24-06-2024T12:11:01 - [MESSAGE][PASSED] - Delayed 1 second(s)

24-06-2024T12:11:02 - [MESSAGE][PASSED] - Taking screenshot successfully
[[ATTACHMENT|D:\\newRCBCProject\\RCBCLOS_Automation\\Reports\\20240624_115032\\PaperbaseFlows\\PaperbaseWithAndWithout\\Fulfillment\\20240624_115044\\Screenshots/Fulfillment24_06_2412_10_44/Regression24_06_24_12_11_00.jpg]]

24-06-2024T12:11:04 - [MESSAGE][PASSED] - Object: 'Object Repository/BackOffice/Fulfillment/ibpsHomePage/fullfillment' is clicked on

24-06-2024T12:11:04 - [MESSAGE][PASSED] - Object: 'Object Repository/BackOffice/COMaker/ibpsHomePage/resistrationNo' is clicked on

24-06-2024T12:11:05 - [MESSAGE][PASSED] - Delayed 1 second(s)

24-06-2024T12:11:09 - [MESSAGE][PASSED] - Delayed 2 second(s)

24-06-2024T12:11:09 - [MESSAGE][PASSED] - fulfillment.HomePageForibpsFullFillment.selectResistration is PASSED

24-06-2024T12:11:11 - [TEST_STEP][PASSED] - Video: Video recording for test case 'Test Cases/Paper_STPWithAndWithoutAPI/Fullfillment/HomePage' .

24-06-2024T12:11:11 - [MESSAGE][INFO] - Video recording for test case 'Test Cases/Paper_STPWithAndWithoutAPI/Fullfillment/HomePage' .]]></system-out>
         <system-err><![CDATA[]]></system-err>
      </testcase>
      <testcase name="Test Cases/Paper_STPWithAndWithoutAPI/Fullfillment/ClientInformation" time="5.635" classname="Test Cases/Paper_STPWithAndWithoutAPI/Fullfillment/ClientInformation" status="PASSED">
         <system-out><![CDATA[24-06-2024T12:11:11 - [TEST_CASE][PASSED] - Test Cases/Paper_STPWithAndWithoutAPI/Fullfillment/ClientInformation: Test Cases/Paper_STPWithAndWithoutAPI/Fullfillment/ClientInformation

24-06-2024T12:11:11 - [TEST_STEP][PASSED] - tabSection.CustomerDetail.clientInformationForFullfillmentPaperbase(): tabSection.CustomerDetail.clientInformationForFullfillmentPaperbase is PASSED

24-06-2024T12:11:11 - [MESSAGE][PASSED] - Wait for page load successfully

24-06-2024T12:11:12 - [MESSAGE][PASSED] - Delayed 1 second(s)

24-06-2024T12:11:12 - [MESSAGE][PASSED] - Current window's index is: 0

24-06-2024T12:11:12 - [MESSAGE][PASSED] - Switched to window with index: '1'

24-06-2024T12:11:12 - [MESSAGE][PASSED] - Text of object 'Object Repository/Action/referenceNumber' is: 'Fullfillment : LOS-3370'

24-06-2024T12:11:12 - [MESSAGE][INFO] - Fullfillment : LOS-3370 Contains LOS-3370

24-06-2024T12:11:12 - [MESSAGE][INFO] - Ready to go....

24-06-2024T12:11:13 - [MESSAGE][PASSED] - Delayed 1 second(s)

24-06-2024T12:11:14 - [MESSAGE][PASSED] - Delayed 1 second(s)

24-06-2024T12:11:15 - [MESSAGE][PASSED] - Taking screenshot successfully
[[ATTACHMENT|D:\\newRCBCProject\\RCBCLOS_Automation\\Reports\\20240624_115032\\PaperbaseFlows\\PaperbaseWithAndWithout\\Fulfillment\\20240624_115044\\Screenshots/Fulfillment24_06_2412_10_44/Regression24_06_24_12_11_13.jpg]]

24-06-2024T12:11:15 - [MESSAGE][PASSED] - tabSection.CustomerDetail.clientInformationForFullfillmentPaperbase is PASSED

24-06-2024T12:11:17 - [TEST_STEP][PASSED] - Video: Video recording for test case 'Test Cases/Paper_STPWithAndWithoutAPI/Fullfillment/ClientInformation' .

24-06-2024T12:11:17 - [MESSAGE][INFO] - Video recording for test case 'Test Cases/Paper_STPWithAndWithoutAPI/Fullfillment/ClientInformation' .]]></system-out>
         <system-err><![CDATA[]]></system-err>
      </testcase>
      <testcase name="Test Cases/Paper_STPWithAndWithoutAPI/Fullfillment/LoanInformation" time="14.752" classname="Test Cases/Paper_STPWithAndWithoutAPI/Fullfillment/LoanInformation" status="PASSED">
         <system-out><![CDATA[24-06-2024T12:11:17 - [TEST_CASE][PASSED] - Test Cases/Paper_STPWithAndWithoutAPI/Fullfillment/LoanInformation: Test Cases/Paper_STPWithAndWithoutAPI/Fullfillment/LoanInformation

24-06-2024T12:11:17 - [TEST_STEP][PASSED] - tabSection.LoanInformation.loanInfoForFullFillmentPaperbase(): tabSection.LoanInformation.loanInfoForFullFillmentPaperbase is PASSED

24-06-2024T12:11:18 - [MESSAGE][PASSED] - Delayed 1 second(s)

24-06-2024T12:11:20 - [MESSAGE][PASSED] - Object: 'Object Repository/TabSection/LoanInformation' is clicked on

24-06-2024T12:11:21 - [MESSAGE][PASSED] - Text '40000' is set on object 'Object Repository/BackOffice/Fulfillment/LoanInformationWithoutAPI/FundTransferPricing'

24-06-2024T12:11:22 - [MESSAGE][PASSED] - Text '0' is set on object 'Object Repository/BackOffice/PreReleasePaperbaseLoanInfo/advancePayment6'

24-06-2024T12:11:23 - [MESSAGE][PASSED] - Text '0' is set on object 'Object Repository/BackOffice/PreReleasePaperbaseLoanInfo/cmfPayment6'

24-06-2024T12:11:24 - [MESSAGE][PASSED] - Text '0' is set on object 'Object Repository/BackOffice/PreReleasePaperbaseLoanInfo/excessEMF6'

24-06-2024T12:11:25 - [MESSAGE][PASSED] - Text '0' is set on object 'Object Repository/BackOffice/PreReleasePaperbaseLoanInfo/lto6'

24-06-2024T12:11:26 - [MESSAGE][PASSED] - Text '0' is set on object 'Object Repository/BackOffice/PreReleasePaperbaseLoanInfo/motorCarInsurance6'

24-06-2024T12:11:27 - [MESSAGE][PASSED] - Delayed 1 second(s)

24-06-2024T12:11:28 - [MESSAGE][PASSED] - Delayed 1 second(s)

24-06-2024T12:11:29 - [MESSAGE][PASSED] - Delayed 1 second(s)

24-06-2024T12:11:29 - [MESSAGE][PASSED] - Taking screenshot successfully
[[ATTACHMENT|D:\\newRCBCProject\\RCBCLOS_Automation\\Reports\\20240624_115032\\PaperbaseFlows\\PaperbaseWithAndWithout\\Fulfillment\\20240624_115044\\Screenshots/Fulfillment24_06_2412_10_44/Regression24_06_24_12_11_28.jpg]]

24-06-2024T12:11:29 - [MESSAGE][PASSED] - tabSection.LoanInformation.loanInfoForFullFillmentPaperbase is PASSED

24-06-2024T12:11:31 - [TEST_STEP][PASSED] - Video: Video recording for test case 'Test Cases/Paper_STPWithAndWithoutAPI/Fullfillment/LoanInformation' .

24-06-2024T12:11:31 - [MESSAGE][INFO] - Video recording for test case 'Test Cases/Paper_STPWithAndWithoutAPI/Fullfillment/LoanInformation' .]]></system-out>
         <system-err><![CDATA[]]></system-err>
      </testcase>
      <testcase name="Test Cases/Paper_STPWithAndWithoutAPI/Fullfillment/DocumentChecklist" time="7.803" classname="Test Cases/Paper_STPWithAndWithoutAPI/Fullfillment/DocumentChecklist" status="PASSED">
         <system-out><![CDATA[24-06-2024T12:11:31 - [TEST_CASE][PASSED] - Test Cases/Paper_STPWithAndWithoutAPI/Fullfillment/DocumentChecklist: Test Cases/Paper_STPWithAndWithoutAPI/Fullfillment/DocumentChecklist

24-06-2024T12:11:31 - [TEST_STEP][PASSED] - tabSection.DocumentCheckList.documentCheckListForFullfillmentPaperbase(): tabSection.DocumentCheckList.documentCheckListForFullfillmentPaperbase is PASSED

24-06-2024T12:11:34 - [MESSAGE][PASSED] - Object: 'Object Repository/TabSection/DocumentCheclist' is clicked on

24-06-2024T12:11:35 - [MESSAGE][PASSED] - Delayed 1 second(s)

24-06-2024T12:11:36 - [MESSAGE][PASSED] - Delayed 1 second(s)

24-06-2024T12:11:37 - [MESSAGE][PASSED] - Delayed 1 second(s)

24-06-2024T12:11:37 - [MESSAGE][PASSED] - Taking screenshot successfully
[[ATTACHMENT|D:\\newRCBCProject\\RCBCLOS_Automation\\Reports\\20240624_115032\\PaperbaseFlows\\PaperbaseWithAndWithout\\Fulfillment\\20240624_115044\\Screenshots/Fulfillment24_06_2412_10_44/Regression24_06_24_12_11_36.jpg]]

24-06-2024T12:11:37 - [MESSAGE][PASSED] - tabSection.DocumentCheckList.documentCheckListForFullfillmentPaperbase is PASSED

24-06-2024T12:11:39 - [TEST_STEP][PASSED] - Video: Video recording for test case 'Test Cases/Paper_STPWithAndWithoutAPI/Fullfillment/DocumentChecklist' .

24-06-2024T12:11:39 - [MESSAGE][INFO] - Video recording for test case 'Test Cases/Paper_STPWithAndWithoutAPI/Fullfillment/DocumentChecklist' .]]></system-out>
         <system-err><![CDATA[]]></system-err>
      </testcase>
      <testcase name="Test Cases/Paper_STPWithAndWithoutAPI/Fullfillment/CollateralInformation" time="5.759" classname="Test Cases/Paper_STPWithAndWithoutAPI/Fullfillment/CollateralInformation" status="PASSED">
         <system-out><![CDATA[24-06-2024T12:11:39 - [TEST_CASE][PASSED] - Test Cases/Paper_STPWithAndWithoutAPI/Fullfillment/CollateralInformation: Test Cases/Paper_STPWithAndWithoutAPI/Fullfillment/CollateralInformation

24-06-2024T12:11:39 - [TEST_STEP][PASSED] - tabSection.CollateralInformation.collateralInformationForFullfillmentPaperbased(): tabSection.CollateralInformation.collateralInformationForFullfillmentPaperbased is PASSED

24-06-2024T12:11:40 - [MESSAGE][PASSED] - Object: 'Object Repository/TabSection/CollateralInformation' is clicked on

24-06-2024T12:11:41 - [MESSAGE][PASSED] - Delayed 1 second(s)

24-06-2024T12:11:42 - [MESSAGE][PASSED] - Delayed 1 second(s)

24-06-2024T12:11:43 - [MESSAGE][PASSED] - Delayed 1 second(s)

24-06-2024T12:11:43 - [MESSAGE][PASSED] - Taking screenshot successfully
[[ATTACHMENT|D:\\newRCBCProject\\RCBCLOS_Automation\\Reports\\20240624_115032\\PaperbaseFlows\\PaperbaseWithAndWithout\\Fulfillment\\20240624_115044\\Screenshots/Fulfillment24_06_2412_10_44/Regression24_06_24_12_11_42.jpg]]

24-06-2024T12:11:43 - [MESSAGE][PASSED] - tabSection.CollateralInformation.collateralInformationForFullfillmentPaperbased is PASSED

24-06-2024T12:11:45 - [TEST_STEP][PASSED] - Video: Video recording for test case 'Test Cases/Paper_STPWithAndWithoutAPI/Fullfillment/CollateralInformation' .

24-06-2024T12:11:45 - [MESSAGE][INFO] - Video recording for test case 'Test Cases/Paper_STPWithAndWithoutAPI/Fullfillment/CollateralInformation' .]]></system-out>
         <system-err><![CDATA[]]></system-err>
      </testcase>
      <testcase name="Test Cases/Paper_STPWithAndWithoutAPI/Fullfillment/CheckEligibility" time="5.762" classname="Test Cases/Paper_STPWithAndWithoutAPI/Fullfillment/CheckEligibility" status="PASSED">
         <system-out><![CDATA[24-06-2024T12:11:45 - [TEST_CASE][PASSED] - Test Cases/Paper_STPWithAndWithoutAPI/Fullfillment/CheckEligibility: Test Cases/Paper_STPWithAndWithoutAPI/Fullfillment/CheckEligibility

24-06-2024T12:11:45 - [TEST_STEP][PASSED] - tabSection.CheckEligibility.checkEligibilityForFullfillmentPaperbase(): tabSection.CheckEligibility.checkEligibilityForFullfillmentPaperbase is PASSED

24-06-2024T12:11:45 - [MESSAGE][PASSED] - Object: 'Object Repository/TabSection/checkEligibility' is clicked on

24-06-2024T12:11:46 - [MESSAGE][PASSED] - Delayed 1 second(s)

24-06-2024T12:11:47 - [MESSAGE][PASSED] - Delayed 1 second(s)

24-06-2024T12:11:48 - [MESSAGE][PASSED] - Delayed 1 second(s)

24-06-2024T12:11:49 - [MESSAGE][PASSED] - Taking screenshot successfully
[[ATTACHMENT|D:\\newRCBCProject\\RCBCLOS_Automation\\Reports\\20240624_115032\\PaperbaseFlows\\PaperbaseWithAndWithout\\Fulfillment\\20240624_115044\\Screenshots/Fulfillment24_06_2412_10_44/Regression24_06_24_12_11_47.jpg]]

24-06-2024T12:11:49 - [MESSAGE][PASSED] - tabSection.CheckEligibility.checkEligibilityForFullfillmentPaperbase is PASSED

24-06-2024T12:11:51 - [TEST_STEP][PASSED] - Video: Video recording for test case 'Test Cases/Paper_STPWithAndWithoutAPI/Fullfillment/CheckEligibility' .

24-06-2024T12:11:51 - [MESSAGE][INFO] - Video recording for test case 'Test Cases/Paper_STPWithAndWithoutAPI/Fullfillment/CheckEligibility' .]]></system-out>
         <system-err><![CDATA[]]></system-err>
      </testcase>
      <testcase name="Test Cases/Paper_STPWithAndWithoutAPI/Fullfillment/CreditEvaluation" time="5.742" classname="Test Cases/Paper_STPWithAndWithoutAPI/Fullfillment/CreditEvaluation" status="PASSED">
         <system-out><![CDATA[24-06-2024T12:11:51 - [TEST_CASE][PASSED] - Test Cases/Paper_STPWithAndWithoutAPI/Fullfillment/CreditEvaluation: Test Cases/Paper_STPWithAndWithoutAPI/Fullfillment/CreditEvaluation

24-06-2024T12:11:51 - [TEST_STEP][PASSED] - tabSection.CreditEvaluation.creditEvaluationForFullfillmentPaperbased(): tabSection.CreditEvaluation.creditEvaluationForFullfillmentPaperbased is PASSED

24-06-2024T12:11:51 - [MESSAGE][PASSED] - Object: 'Object Repository/TabSection/creditEvaluation' is clicked on

24-06-2024T12:11:52 - [MESSAGE][PASSED] - Delayed 1 second(s)

24-06-2024T12:11:53 - [MESSAGE][PASSED] - Delayed 1 second(s)

24-06-2024T12:11:54 - [MESSAGE][PASSED] - Delayed 1 second(s)

24-06-2024T12:11:54 - [MESSAGE][PASSED] - Taking screenshot successfully
[[ATTACHMENT|D:\\newRCBCProject\\RCBCLOS_Automation\\Reports\\20240624_115032\\PaperbaseFlows\\PaperbaseWithAndWithout\\Fulfillment\\20240624_115044\\Screenshots/Fulfillment24_06_2412_10_44/Regression24_06_24_12_11_53.jpg]]

24-06-2024T12:11:54 - [MESSAGE][PASSED] - tabSection.CreditEvaluation.creditEvaluationForFullfillmentPaperbased is PASSED

24-06-2024T12:11:56 - [TEST_STEP][PASSED] - Video: Video recording for test case 'Test Cases/Paper_STPWithAndWithoutAPI/Fullfillment/CreditEvaluation' .

24-06-2024T12:11:56 - [MESSAGE][INFO] - Video recording for test case 'Test Cases/Paper_STPWithAndWithoutAPI/Fullfillment/CreditEvaluation' .]]></system-out>
         <system-err><![CDATA[]]></system-err>
      </testcase>
      <testcase name="Test Cases/Paper_STPWithAndWithoutAPI/Fullfillment/Deviations" time="5.829" classname="Test Cases/Paper_STPWithAndWithoutAPI/Fullfillment/Deviations" status="PASSED">
         <system-out><![CDATA[24-06-2024T12:11:56 - [TEST_CASE][PASSED] - Test Cases/Paper_STPWithAndWithoutAPI/Fullfillment/Deviations: Test Cases/Paper_STPWithAndWithoutAPI/Fullfillment/Deviations

24-06-2024T12:11:57 - [TEST_STEP][PASSED] - tabSection.Deviation.deviationForFullfillmentPaperbased(): tabSection.Deviation.deviationForFullfillmentPaperbased is PASSED

24-06-2024T12:11:57 - [MESSAGE][PASSED] - Object: 'Object Repository/TabSection/Devlations' is clicked on

24-06-2024T12:11:58 - [MESSAGE][PASSED] - Delayed 1 second(s)

24-06-2024T12:11:59 - [MESSAGE][PASSED] - Delayed 1 second(s)

24-06-2024T12:12:00 - [MESSAGE][PASSED] - Delayed 1 second(s)

24-06-2024T12:12:00 - [MESSAGE][PASSED] - Taking screenshot successfully
[[ATTACHMENT|D:\\newRCBCProject\\RCBCLOS_Automation\\Reports\\20240624_115032\\PaperbaseFlows\\PaperbaseWithAndWithout\\Fulfillment\\20240624_115044\\Screenshots/Fulfillment24_06_2412_10_44/Regression24_06_24_12_11_59.jpg]]

24-06-2024T12:12:00 - [MESSAGE][PASSED] - tabSection.Deviation.deviationForFullfillmentPaperbased is PASSED

24-06-2024T12:12:02 - [TEST_STEP][PASSED] - Video: Video recording for test case 'Test Cases/Paper_STPWithAndWithoutAPI/Fullfillment/Deviations' .

24-06-2024T12:12:02 - [MESSAGE][INFO] - Video recording for test case 'Test Cases/Paper_STPWithAndWithoutAPI/Fullfillment/Deviations' .]]></system-out>
         <system-err><![CDATA[]]></system-err>
      </testcase>
      <testcase name="Test Cases/Paper_STPWithAndWithoutAPI/Fullfillment/CreditInvestigation" time="6.163" classname="Test Cases/Paper_STPWithAndWithoutAPI/Fullfillment/CreditInvestigation" status="PASSED">
         <system-out><![CDATA[24-06-2024T12:12:02 - [TEST_CASE][PASSED] - Test Cases/Paper_STPWithAndWithoutAPI/Fullfillment/CreditInvestigation: Test Cases/Paper_STPWithAndWithoutAPI/Fullfillment/CreditInvestigation

24-06-2024T12:12:02 - [TEST_STEP][PASSED] - tabSection.CreditInvestigation.creditInvestigationForFullfillmentPaperbased(): tabSection.CreditInvestigation.creditInvestigationForFullfillmentPaperbased is PASSED

24-06-2024T12:12:03 - [MESSAGE][PASSED] - Object: 'Object Repository/TabSection/creditInvestigation' is clicked on

24-06-2024T12:12:04 - [MESSAGE][PASSED] - Delayed 1 second(s)

24-06-2024T12:12:05 - [MESSAGE][PASSED] - Delayed 1 second(s)

24-06-2024T12:12:06 - [MESSAGE][PASSED] - Delayed 1 second(s)

24-06-2024T12:12:06 - [MESSAGE][PASSED] - Taking screenshot successfully
[[ATTACHMENT|D:\\newRCBCProject\\RCBCLOS_Automation\\Reports\\20240624_115032\\PaperbaseFlows\\PaperbaseWithAndWithout\\Fulfillment\\20240624_115044\\Screenshots/Fulfillment24_06_2412_10_44/Regression24_06_24_12_12_05.jpg]]

24-06-2024T12:12:06 - [MESSAGE][PASSED] - Object: 'Object Repository/TabSection/nextArrowButton' is clicked on

24-06-2024T12:12:06 - [MESSAGE][PASSED] - tabSection.CreditInvestigation.creditInvestigationForFullfillmentPaperbased is PASSED

24-06-2024T12:12:08 - [TEST_STEP][PASSED] - Video: Video recording for test case 'Test Cases/Paper_STPWithAndWithoutAPI/Fullfillment/CreditInvestigation' .

24-06-2024T12:12:08 - [MESSAGE][INFO] - Video recording for test case 'Test Cases/Paper_STPWithAndWithoutAPI/Fullfillment/CreditInvestigation' .]]></system-out>
         <system-err><![CDATA[]]></system-err>
      </testcase>
      <testcase name="Test Cases/Paper_STPWithAndWithoutAPI/Fullfillment/InsuranceInformation" time="11.426" classname="Test Cases/Paper_STPWithAndWithoutAPI/Fullfillment/InsuranceInformation" status="PASSED">
         <system-out><![CDATA[24-06-2024T12:12:08 - [TEST_CASE][PASSED] - Test Cases/Paper_STPWithAndWithoutAPI/Fullfillment/InsuranceInformation: Test Cases/Paper_STPWithAndWithoutAPI/Fullfillment/InsuranceInformation

24-06-2024T12:12:09 - [TEST_STEP][PASSED] - tabSection.InsuranceInformation.insuranceInformationForFullfillmentPaperbase(): tabSection.InsuranceInformation.insuranceInformationForFullfillmentPaperbase is PASSED

24-06-2024T12:12:09 - [MESSAGE][PASSED] - Object: 'Object Repository/TabSection/InsuranceInformation' is clicked on

24-06-2024T12:12:10 - [MESSAGE][PASSED] - All options with index in [1] are selected on object 'Object Repository/BackOffice/Fulfillment/InsuranceInformationWithoutAPI/detailCode'

24-06-2024T12:12:11 - [MESSAGE][PASSED] - Delayed 1 second(s)

24-06-2024T12:12:12 - [MESSAGE][PASSED] - Delayed 1 second(s)

24-06-2024T12:12:13 - [MESSAGE][PASSED] - Delayed 1 second(s)

24-06-2024T12:12:13 - [MESSAGE][PASSED] - Taking screenshot successfully
[[ATTACHMENT|D:\\newRCBCProject\\RCBCLOS_Automation\\Reports\\20240624_115032\\PaperbaseFlows\\PaperbaseWithAndWithout\\Fulfillment\\20240624_115044\\Screenshots/Fulfillment24_06_2412_10_44/Regression24_06_24_12_12_12.jpg]]

24-06-2024T12:12:14 - [MESSAGE][PASSED] - All options with index in [2] are selected on object 'Object Repository/BackOffice/Fulfillment/InsuranceInformationWithoutAPI/modeOfPayment'

24-06-2024T12:12:14 - [MESSAGE][PASSED] - All options with index in [1] are selected on object 'Object Repository/BackOffice/Fulfillment/InsuranceInformationWithoutAPI/paymentFrequency'

24-06-2024T12:12:15 - [MESSAGE][PASSED] - Delayed 1 second(s)

24-06-2024T12:12:16 - [MESSAGE][PASSED] - Delayed 1 second(s)

24-06-2024T12:12:17 - [MESSAGE][PASSED] - Delayed 1 second(s)

24-06-2024T12:12:17 - [MESSAGE][PASSED] - Taking screenshot successfully
[[ATTACHMENT|D:\\newRCBCProject\\RCBCLOS_Automation\\Reports\\20240624_115032\\PaperbaseFlows\\PaperbaseWithAndWithout\\Fulfillment\\20240624_115044\\Screenshots/Fulfillment24_06_2412_10_44/Regression24_06_24_12_12_16.jpg]]

24-06-2024T12:12:18 - [MESSAGE][PASSED] - Object: 'Object Repository/TabSection/nextArrowButton' is clicked on

24-06-2024T12:12:18 - [MESSAGE][PASSED] - tabSection.InsuranceInformation.insuranceInformationForFullfillmentPaperbase is PASSED

24-06-2024T12:12:20 - [TEST_STEP][PASSED] - Video: Video recording for test case 'Test Cases/Paper_STPWithAndWithoutAPI/Fullfillment/InsuranceInformation' .

24-06-2024T12:12:20 - [MESSAGE][INFO] - Video recording for test case 'Test Cases/Paper_STPWithAndWithoutAPI/Fullfillment/InsuranceInformation' .]]></system-out>
         <system-err><![CDATA[]]></system-err>
      </testcase>
      <testcase name="Test Cases/Paper_STPWithAndWithoutAPI/Fullfillment/DisbursementInformation" time="8.419" classname="Test Cases/Paper_STPWithAndWithoutAPI/Fullfillment/DisbursementInformation" status="PASSED">
         <system-out><![CDATA[24-06-2024T12:12:20 - [TEST_CASE][PASSED] - Test Cases/Paper_STPWithAndWithoutAPI/Fullfillment/DisbursementInformation: Test Cases/Paper_STPWithAndWithoutAPI/Fullfillment/DisbursementInformation

24-06-2024T12:12:20 - [TEST_STEP][PASSED] - tabSection.DisbursementInfo.disbursementInformationForFullfillmentPaperbase(): tabSection.DisbursementInfo.disbursementInformationForFullfillmentPaperbase is PASSED

24-06-2024T12:12:21 - [MESSAGE][PASSED] - Object: 'Object Repository/TabSection/DisbursementInformation' is clicked on

24-06-2024T12:12:21 - [MESSAGE][PASSED] - Text '05/06/2024' is set on object 'Object Repository/BackOfficePaperBase/Fullfillment/DisbursementInfo/preferredDueDate'

24-06-2024T12:12:23 - [MESSAGE][PASSED] - Text 'OK' is set on object 'Object Repository/BackOfficePaperBase/Fullfillment/DisbursementInfo/instructionToLOD'

24-06-2024T12:12:24 - [MESSAGE][PASSED] - Delayed 1 second(s)

24-06-2024T12:12:25 - [MESSAGE][PASSED] - Delayed 1 second(s)

24-06-2024T12:12:26 - [MESSAGE][PASSED] - Delayed 1 second(s)

24-06-2024T12:12:26 - [MESSAGE][PASSED] - Taking screenshot successfully
[[ATTACHMENT|D:\\newRCBCProject\\RCBCLOS_Automation\\Reports\\20240624_115032\\PaperbaseFlows\\PaperbaseWithAndWithout\\Fulfillment\\20240624_115044\\Screenshots/Fulfillment24_06_2412_10_44/Regression24_06_24_12_12_25.jpg]]

24-06-2024T12:12:26 - [MESSAGE][PASSED] - Object: 'Object Repository/TabSection/nextArrowButton' is clicked on

24-06-2024T12:12:26 - [MESSAGE][PASSED] - tabSection.DisbursementInfo.disbursementInformationForFullfillmentPaperbase is PASSED

24-06-2024T12:12:28 - [TEST_STEP][PASSED] - Video: Video recording for test case 'Test Cases/Paper_STPWithAndWithoutAPI/Fullfillment/DisbursementInformation' .

24-06-2024T12:12:28 - [MESSAGE][INFO] - Video recording for test case 'Test Cases/Paper_STPWithAndWithoutAPI/Fullfillment/DisbursementInformation' .]]></system-out>
         <system-err><![CDATA[]]></system-err>
      </testcase>
      <testcase name="Test Cases/Paper_STPWithAndWithoutAPI/Fullfillment/SystemInterfaceStatus" time="6.076" classname="Test Cases/Paper_STPWithAndWithoutAPI/Fullfillment/SystemInterfaceStatus" status="PASSED">
         <system-out><![CDATA[24-06-2024T12:12:28 - [TEST_CASE][PASSED] - Test Cases/Paper_STPWithAndWithoutAPI/Fullfillment/SystemInterfaceStatus: Test Cases/Paper_STPWithAndWithoutAPI/Fullfillment/SystemInterfaceStatus

24-06-2024T12:12:28 - [TEST_STEP][PASSED] - tabSection.SystemInterfaceStatus.systemInterfaceStatusForFullfillmentPaperbased(): tabSection.SystemInterfaceStatus.systemInterfaceStatusForFullfillmentPaperbased is PASSED

24-06-2024T12:12:29 - [MESSAGE][PASSED] - Object: 'Object Repository/TabSection/SystemInterfaceStatus' is clicked on

24-06-2024T12:12:30 - [MESSAGE][PASSED] - Delayed 1 second(s)

24-06-2024T12:12:31 - [MESSAGE][PASSED] - Delayed 1 second(s)

24-06-2024T12:12:32 - [MESSAGE][PASSED] - Delayed 1 second(s)

24-06-2024T12:12:32 - [MESSAGE][PASSED] - Taking screenshot successfully
[[ATTACHMENT|D:\\newRCBCProject\\RCBCLOS_Automation\\Reports\\20240624_115032\\PaperbaseFlows\\PaperbaseWithAndWithout\\Fulfillment\\20240624_115044\\Screenshots/Fulfillment24_06_2412_10_44/Regression24_06_24_12_12_31.jpg]]

24-06-2024T12:12:32 - [MESSAGE][PASSED] - Object: 'Object Repository/TabSection/nextArrowButton' is clicked on

24-06-2024T12:12:32 - [MESSAGE][PASSED] - tabSection.SystemInterfaceStatus.systemInterfaceStatusForFullfillmentPaperbased is PASSED

24-06-2024T12:12:34 - [TEST_STEP][PASSED] - Video: Video recording for test case 'Test Cases/Paper_STPWithAndWithoutAPI/Fullfillment/SystemInterfaceStatus' .

24-06-2024T12:12:34 - [MESSAGE][INFO] - Video recording for test case 'Test Cases/Paper_STPWithAndWithoutAPI/Fullfillment/SystemInterfaceStatus' .]]></system-out>
         <system-err><![CDATA[]]></system-err>
      </testcase>
      <testcase name="Test Cases/Paper_STPWithAndWithoutAPI/Fullfillment/AlertSummary" time="6.017" classname="Test Cases/Paper_STPWithAndWithoutAPI/Fullfillment/AlertSummary" status="PASSED">
         <system-out><![CDATA[24-06-2024T12:12:34 - [TEST_CASE][PASSED] - Test Cases/Paper_STPWithAndWithoutAPI/Fullfillment/AlertSummary: Test Cases/Paper_STPWithAndWithoutAPI/Fullfillment/AlertSummary

24-06-2024T12:12:34 - [TEST_STEP][PASSED] - tabSection.AlertsSummary.alertsSummaryForFullfillmentPaperbase(): tabSection.AlertsSummary.alertsSummaryForFullfillmentPaperbase is PASSED

24-06-2024T12:12:35 - [MESSAGE][PASSED] - Object: 'Object Repository/TabSection/AlertSummary' is clicked on

24-06-2024T12:12:36 - [MESSAGE][PASSED] - Delayed 1 second(s)

24-06-2024T12:12:37 - [MESSAGE][PASSED] - Delayed 1 second(s)

24-06-2024T12:12:38 - [MESSAGE][PASSED] - Delayed 1 second(s)

24-06-2024T12:12:38 - [MESSAGE][PASSED] - Taking screenshot successfully
[[ATTACHMENT|D:\\newRCBCProject\\RCBCLOS_Automation\\Reports\\20240624_115032\\PaperbaseFlows\\PaperbaseWithAndWithout\\Fulfillment\\20240624_115044\\Screenshots/Fulfillment24_06_2412_10_44/Regression24_06_24_12_12_37.jpg]]

24-06-2024T12:12:38 - [MESSAGE][PASSED] - Object: 'Object Repository/TabSection/nextArrowButton' is clicked on

24-06-2024T12:12:38 - [MESSAGE][PASSED] - tabSection.AlertsSummary.alertsSummaryForFullfillmentPaperbase is PASSED

24-06-2024T12:12:40 - [TEST_STEP][PASSED] - Video: Video recording for test case 'Test Cases/Paper_STPWithAndWithoutAPI/Fullfillment/AlertSummary' .

24-06-2024T12:12:40 - [MESSAGE][INFO] - Video recording for test case 'Test Cases/Paper_STPWithAndWithoutAPI/Fullfillment/AlertSummary' .]]></system-out>
         <system-err><![CDATA[]]></system-err>
      </testcase>
      <testcase name="Test Cases/Paper_STPWithAndWithoutAPI/Fullfillment/Action" time="50.409" classname="Test Cases/Paper_STPWithAndWithoutAPI/Fullfillment/Action" status="PASSED">
         <system-out><![CDATA[24-06-2024T12:12:40 - [TEST_CASE][PASSED] - Test Cases/Paper_STPWithAndWithoutAPI/Fullfillment/Action: Test Cases/Paper_STPWithAndWithoutAPI/Fullfillment/Action

24-06-2024T12:12:40 - [TEST_STEP][PASSED] - tabSection.Action.submitForAO(): tabSection.Action.submitForAO is PASSED

24-06-2024T12:12:42 - [MESSAGE][PASSED] - Object: 'Object Repository/TabSection/Action' is clicked on

24-06-2024T12:12:43 - [MESSAGE][PASSED] - Object 'Object Repository/Action/Decision' is visible

24-06-2024T12:12:43 - [MESSAGE][PASSED] - All options with index in [1] are selected on object 'Object Repository/Action/Decision'

24-06-2024T12:12:44 - [MESSAGE][PASSED] - Text 'OK' is set on object 'Object Repository/Action/Remarks'

24-06-2024T12:12:44 - [MESSAGE][PASSED] - Current window's title is: 'Fullfillment : LOS-3370'

24-06-2024T12:12:44 - [MESSAGE][PASSED] - Text of object 'Object Repository/Action/referenceNumber' is: 'Fullfillment : LOS-3370'

24-06-2024T12:12:44 - [MESSAGE][INFO] - LOS-3370

24-06-2024T12:12:45 - [MESSAGE][PASSED] - Object: 'Object Repository/Action/SubmitButton' is clicked on

24-06-2024T12:12:45 - [MESSAGE][PASSED] - Taking screenshot successfully
[[ATTACHMENT|D:\\newRCBCProject\\RCBCLOS_Automation\\Reports\\20240624_115032\\PaperbaseFlows\\PaperbaseWithAndWithout\\Fulfillment\\20240624_115044\\1719211365087.png]]

24-06-2024T12:12:46 - [MESSAGE][PASSED] - Delayed 1 second(s)

24-06-2024T12:12:47 - [MESSAGE][PASSED] - Delayed 1 second(s)

24-06-2024T12:12:48 - [MESSAGE][PASSED] - Delayed 1 second(s)

24-06-2024T12:12:48 - [MESSAGE][PASSED] - Taking screenshot successfully
[[ATTACHMENT|D:\\newRCBCProject\\RCBCLOS_Automation\\Reports\\20240624_115032\\PaperbaseFlows\\PaperbaseWithAndWithout\\Fulfillment\\20240624_115044\\Screenshots/Fulfillment24_06_2412_10_44/Regression24_06_24_12_12_47.jpg]]

24-06-2024T12:12:53 - [MESSAGE][PASSED] - Object: 'Object Repository/Action/confirmYes' is clicked on

24-06-2024T12:13:27 - [MESSAGE][WARNING] - Cannot find window with title: 'LoanPortal' (Root cause: com.kms.katalon.core.exception.StepFailedException: Cannot find window with title: 'LoanPortal'
	at com.kms.katalon.core.webui.keyword.internal.WebUIKeywordMain.stepFailed(WebUIKeywordMain.groovy:64)
	at com.kms.katalon.core.webui.keyword.builtin.SwitchToWindowTitleKeyword$_switchToWindowTitle_closure1.doCall(SwitchToWindowTitleKeyword.groovy:82)
	at com.kms.katalon.core.webui.keyword.builtin.SwitchToWindowTitleKeyword$_switchToWindowTitle_closure1.call(SwitchToWindowTitleKeyword.groovy)
	at com.kms.katalon.core.webui.keyword.internal.WebUIKeywordMain.runKeyword(WebUIKeywordMain.groovy:20)
	at com.kms.katalon.core.webui.keyword.builtin.SwitchToWindowTitleKeyword.switchToWindowTitle(SwitchToWindowTitleKeyword.groovy:84)
	at com.kms.katalon.core.webui.keyword.builtin.SwitchToWindowTitleKeyword.execute(SwitchToWindowTitleKeyword.groovy:67)
	at com.kms.katalon.core.keyword.internal.KeywordExecutor.executeKeywordForPlatform(KeywordExecutor.groovy:74)
	at com.kms.katalon.core.webui.keyword.WebUiBuiltInKeywords.switchToWindowTitle(WebUiBuiltInKeywords.groovy:1809)
	at tabSection.Action.submitForAO(Action.groovy:64)
	at java.base/jdk.internal.reflect.NativeMethodAccessorImpl.invoke0(Native Method)
	at java.base/jdk.internal.reflect.NativeMethodAccessorImpl.invoke(NativeMethodAccessorImpl.java:77)
	at java.base/jdk.internal.reflect.DelegatingMethodAccessorImpl.invoke(DelegatingMethodAccessorImpl.java:43)
	at com.kms.katalon.core.main.CustomKeywordDelegatingMetaClass.invokeStaticMethod(CustomKeywordDelegatingMetaClass.java:55)
	at Action.run(Action:20)
	at com.kms.katalon.core.main.ScriptEngine.run(ScriptEngine.java:194)
	at com.kms.katalon.core.main.ScriptEngine.runScriptAsRawText(ScriptEngine.java:119)
	at com.kms.katalon.core.main.TestCaseExecutor.runScript(TestCaseExecutor.java:448)
	at com.kms.katalon.core.main.TestCaseExecutor.doExecute(TestCaseExecutor.java:439)
	at com.kms.katalon.core.main.TestCaseExecutor.processExecutionPhase(TestCaseExecutor.java:418)
	at com.kms.katalon.core.main.TestCaseExecutor.accessMainPhase(TestCaseExecutor.java:410)
	at com.kms.katalon.core.main.TestCaseExecutor.execute(TestCaseExecutor.java:285)
	at com.kms.katalon.core.common.CommonExecutor.accessTestCaseMainPhase(CommonExecutor.java:65)
	at com.kms.katalon.core.main.TestSuiteExecutor.accessTestSuiteMainPhase(TestSuiteExecutor.java:150)
	at com.kms.katalon.core.main.TestSuiteExecutor.execute(TestSuiteExecutor.java:106)
	at com.kms.katalon.core.main.TestCaseMain.startTestSuite(TestCaseMain.java:180)
	at TempTestSuite1719210044593.run(TempTestSuite1719210044593.groovy:35)
	at java.base/jdk.internal.reflect.NativeMethodAccessorImpl.invoke0(Native Method)
	at java.base/jdk.internal.reflect.NativeMethodAccessorImpl.invoke(NativeMethodAccessorImpl.java:77)
	at java.base/jdk.internal.reflect.DelegatingMethodAccessorImpl.invoke(DelegatingMethodAccessorImpl.java:43)
)
[[ATTACHMENT|D:\\newRCBCProject\\RCBCLOS_Automation\\Reports\\20240624_115032\\PaperbaseFlows\\PaperbaseWithAndWithout\\Fulfillment\\20240624_115044\\1719211407080.png]]

24-06-2024T12:13:29 - [MESSAGE][PASSED] - Delayed 2 second(s)

24-06-2024T12:13:29 - [MESSAGE][PASSED] - tabSection.Action.submitForAO is PASSED

24-06-2024T12:13:31 - [TEST_STEP][PASSED] - Video: Video recording for test case 'Test Cases/Paper_STPWithAndWithoutAPI/Fullfillment/Action' .

24-06-2024T12:13:31 - [MESSAGE][INFO] - Video recording for test case 'Test Cases/Paper_STPWithAndWithoutAPI/Fullfillment/Action' .]]></system-out>
         <system-err><![CDATA[]]></system-err>
      </testcase>
      <testcase name="Test Cases/LogOut/logout" time="15.873" classname="Test Cases/LogOut/logout" status="PASSED">
         <system-out><![CDATA[24-06-2024T12:13:31 - [TEST_CASE][PASSED] - Test Cases/LogOut/logout: Test Cases/LogOut/logout

24-06-2024T12:13:31 - [TEST_STEP][PASSED] - signOutibps.SignOut.logout(): signOutibps.SignOut.logout is PASSED

24-06-2024T12:13:31 - [MESSAGE][PASSED] - Switched to window with index: '0'

24-06-2024T12:13:32 - [MESSAGE][PASSED] - Delayed 1 second(s)

24-06-2024T12:13:32 - [MESSAGE][PASSED] - All options with index in [2] are selected on object 'Object Repository/ibpsLogOut/selectProcess'

24-06-2024T12:13:33 - [MESSAGE][PASSED] - Delayed 1 second(s)

24-06-2024T12:13:34 - [MESSAGE][PASSED] - Object: 'Object Repository/ibpsLogOut/searchBar' is double clicked on

24-06-2024T12:13:34 - [MESSAGE][PASSED] - Keys 'LOS-3370' sent to object: 'Object Repository/ibpsLogOut/searchBar'

24-06-2024T12:13:34 - [MESSAGE][PASSED] - Keys 'ENTER + ' sent to object: 'Object Repository/ibpsLogOut/searchBar'

24-06-2024T12:13:35 - [MESSAGE][PASSED] - Delayed 1 second(s)

24-06-2024T12:13:36 - [MESSAGE][PASSED] - Delayed 1 second(s)

24-06-2024T12:13:37 - [MESSAGE][PASSED] - Delayed 1 second(s)

24-06-2024T12:13:37 - [MESSAGE][PASSED] - Taking screenshot successfully
[[ATTACHMENT|D:\\newRCBCProject\\RCBCLOS_Automation\\Reports\\20240624_115032\\PaperbaseFlows\\PaperbaseWithAndWithout\\Fulfillment\\20240624_115044\\Screenshots/Fulfillment24_06_2412_10_44/Regression24_06_24_12_13_36.jpg]]

24-06-2024T12:13:39 - [MESSAGE][PASSED] - Delayed 2 second(s)

24-06-2024T12:13:39 - [MESSAGE][PASSED] - Object: 'Object Repository/ibpsLogOut/label_QK_CO7' is clicked on

24-06-2024T12:13:41 - [MESSAGE][PASSED] - Delayed 2 second(s)

24-06-2024T12:13:41 - [MESSAGE][PASSED] - Object: 'Object Repository/ibpsLogOut/Logout' is clicked on

24-06-2024T12:13:42 - [MESSAGE][PASSED] - Delayed 1 second(s)

24-06-2024T12:13:43 - [MESSAGE][PASSED] - Delayed 1 second(s)

24-06-2024T12:13:44 - [MESSAGE][PASSED] - Delayed 1 second(s)

24-06-2024T12:13:45 - [MESSAGE][PASSED] - Taking screenshot successfully
[[ATTACHMENT|D:\\newRCBCProject\\RCBCLOS_Automation\\Reports\\20240624_115032\\PaperbaseFlows\\PaperbaseWithAndWithout\\Fulfillment\\20240624_115044\\Screenshots/Fulfillment24_06_2412_10_44/Regression24_06_24_12_13_43.jpg]]

24-06-2024T12:13:45 - [MESSAGE][PASSED] - signOutibps.SignOut.logout is PASSED

24-06-2024T12:13:47 - [TEST_STEP][PASSED] - Video: Video recording for test case 'Test Cases/LogOut/logout' .

24-06-2024T12:13:47 - [MESSAGE][INFO] - Video recording for test case 'Test Cases/LogOut/logout' .]]></system-out>
         <system-err><![CDATA[]]></system-err>
      </testcase>
      <system-out><![CDATA[24-06-2024T12:10:32 - [TEST_SUITE][PASSED] - Fulfillment: Test Cases/LogOut/logout]]></system-out>
      <system-err><![CDATA[]]></system-err>
   </testsuite>
</testsuites>
